2022-02-08 09:59:16 -0500  (tag: rel/1.10.2)
2020-12-17 17:06:50 -0500  (tag: rel/1.10.1)
2020-08-27 11:56:15 -0400  (tag: rel/1.10.0)
2020-12-21 13:29:47 -0500  (tag: rel/2.0.1)
2019-07-29 15:51:48 -0400  (tag: rel/2.0.0)
2019-04-10 19:16:56 -0400 
2019-04-05 21:50:14 -0400  (tag: rel/1.9.3)
2019-01-17 19:58:50 -0500  (tag: rel/2.0.0-alpha-2)
2018-10-11 19:04:13 -0400  (tag: rel/2.0.0-alpha-1)
2018-07-15 23:21:22 -0400  (tag: rel/1.9.2)
2018-05-09 21:27:25 -0400  (tag: rel/1.9.1)
2018-04-12 18:09:48 -0400  (tag: rel/1.9.0)
2018-03-23 18:37:35 -0400 
2018-03-19 15:35:40 -0400  (tag: rel/1.7.4)
2017-03-26 21:09:25 -0400 
2017-03-10 06:48:55 -0500  (tag: rel/1.7.3)
2017-02-10 17:36:49 +0000  (tag: rel/1.8.1)
2016-09-18 20:45:18 -0400 
2016-09-18 20:44:58 -0400 
2016-09-15 16:23:31 -0400  (tag: rel/1.6.6)
2016-09-02 16:48:57 +0000  (tag: rel/1.8.0)
2016-06-17 22:41:06 -0500  (tag: rel/1.7.2)
2016-02-22 16:22:34 -0500  (tag: rel/1.7.1)
2016-02-17 15:56:17 -0500 
2016-02-12 18:01:50 -0500  (tag: rel/1.6.5)
2015-10-03 21:58:20 +0000 
2015-09-28 23:25:05 +0000  (tag: 1.6.4)
2015-09-29 14:48:50 -0400 
2015-09-26 21:30:08 +0000 
2015-09-14 22:19:28 +0000  (tag: 1.5.4)
2015-07-07 22:39:41 -0400 
2015-06-29 14:49:22 -0400  (tag: 1.6.3)
2015-06-25 11:51:59 -0400 
2015-06-25 11:50:43 -0400 
2015-06-17 14:04:37 -0400  (tag: 1.5.3)
2015-05-12 14:34:29 -0400  (tag: 1.7.0)
2015-02-11 01:22:46 -0500  (tag: 1.6.2)
2014-09-19 22:11:24 -0400  (tag: 1.6.1)
2014-09-19 14:07:21 -0400 
2014-09-15 11:45:17 -0400  (tag: 1.5.2)
2014-05-02 18:18:34 -0400 
2014-04-30 09:17:47 -0400 
2014-04-29 12:27:43 -0400  (tag: 1.4-development-closed)
2014-04-29 17:21:29 -0400  (tag: 1.6.0)
2014-04-04 11:31:00 -0700 
2014-03-31 12:16:43 -0700  (tag: 1.4.5)
2014-02-24 13:13:25 -0500  (tag: 1.5.1)
2013-08-15 12:10:08 -0400  (tag: 1.4.4)
2013-05-25 00:25:00 +0000  (tag: 1.5.0)
2013-03-18 19:55:37 +0000  (tag: 1.4.3)
2012-11-15 14:03:31 +0000  (tag: 1.4.2)
2012-07-09 19:16:17 +0000  (tag: 1.3.6)
2012-07-03 12:45:35 +0000  (tag: 1.4.1)
2012-03-30 15:21:54 +0000  (tag: 1.4.0)
2011-10-04 00:46:07 +0000 
2012-03-26 15:36:21 +0000  (tag: 1.3.5)
2011-10-04 00:46:07 +0000 