2022-08-25 09:22:27 +0200  (tag: activemq-5.17.2)
2022-04-25 14:23:33 +0200  (tag: activemq-5.17.1)
2022-03-09 21:47:47 +0100  (tag: activemq-5.17.0)
2022-04-29 08:21:20 +0200  (tag: activemq-5.16.5)
2022-02-11 17:18:49 +0100  (tag: activemq-5.16.4)
2021-08-10 07:47:23 +0200  (tag: activemq-5.16.3)
2021-04-21 07:38:47 +0200  (tag: activemq-5.16.2)
2021-01-14 14:00:24 +0100  (tag: activemq-5.16.1)
2020-06-25 07:26:13 +0200  (tag: activemq-5.16.0)
2021-04-20 07:48:05 +0200  (tag: activemq-5.15.15)
2020-12-02 20:28:47 +0100  (tag: activemq-5.15.14)
2020-05-25 07:58:56 +0200  (tag: activemq-5.15.13)
2020-03-12 21:08:49 +0100  (tag: activemq-5.15.12)
2019-11-20 17:00:05 +0100  (tag: activemq-5.15.11)
2019-08-28 08:44:45 +0200  (tag: activemq-5.15.10)
2019-03-15 07:55:55 -0400  (tag: activemq-5.15.9)
2018-11-14 12:33:08 -0500  (tag: activemq-5.15.8)
2018-10-24 10:19:40 -0400  (tag: activemq-5.15.7)
2018-09-04 07:43:25 -0400  (tag: activemq-5.15.6)
2018-08-06 08:06:32 -0400  (tag: activemq-5.15.5)
2018-05-17 13:57:43 -0400  (tag: activemq-5.15.4)
2018-01-29 08:42:12 -0500  (tag: activemq-5.15.3)
2017-10-17 10:09:04 -0400  (tag: activemq-5.15.2)
2017-09-28 10:28:20 -0400  (tag: activemq-5.15.1)
2017-06-27 13:41:01 -0400  (tag: activemq-5.15.0)
2017-04-11 17:32:24 +0200  (tag: activemq-5.14.5)
2017-02-27 08:45:01 -0500  (tag: activemq-5.14.4)
2016-12-19 10:32:45 -0500  (tag: activemq-5.14.3)
2016-12-05 09:33:48 -0500  (tag: activemq-5.14.2)
2016-09-27 13:06:12 -0400  (tag: activemq-5.14.1)
2016-08-02 09:02:54 -0400  (tag: activemq-5.14.0)
2016-12-16 13:10:24 -0500  (tag: activemq-5.13.5)
2016-07-14 11:09:17 -0400  (tag: activemq-5.13.4)
2016-04-28 12:27:29 +0000  (tag: activemq-5.13.3)
2016-03-01 16:39:02 +0000  (tag: activemq-5.13.2)
2016-02-02 17:11:03 +0000  (tag: activemq-5.13.1)
2015-11-30 13:48:11 +0000  (tag: activemq-5.13.0)
2016-02-03 14:18:09 -0500  (tag: activemq-5.11.4)
2015-10-29 09:56:47 -0400  (tag: activemq-5.11.3)
2015-08-06 09:36:56 -0400  (tag: activemq-5.11.2)
2015-02-13 10:50:34 -0700  (tag: activemq-5.11.1)
2016-02-03 13:33:25 -0500  (tag: activemq-5.12.3)
2016-01-05 15:44:06 +0000  (tag: activemq-5.12.2)
2015-10-12 17:20:52 +0000  (tag: activemq-5.12.1)
2015-08-10 11:04:17 -0400  (tag: activemq-5.12.0)
2015-01-30 12:46:08 +0000  (tag: activemq-5.11.0)
2015-02-13 11:49:58 -0700  (tag: activemq-5.10.2)
2015-01-14 09:53:10 -0700  (tag: activemq-5.10.1)
2014-06-05 11:59:17 +0200  (tag: activemq-5.10.0)
2014-03-31 19:03:25 -0400  (tag: activemq-5.9.1)
2013-10-14 23:38:22 +0100  (tag: activemq-5.9.0)
2013-02-06 15:44:02 +0000  (tag: activemq-5.8.0)
2012-10-02 15:37:11 +0000  (tag: activemq-5.7.0)
2012-05-02 10:35:51 +0000  (tag: activemq-5.6.0)
2011-10-12 13:56:41 +0000  (tag: activemq-5.4.3)
2010-11-26 10:01:40 +0000  (tag: activemq-5.4.2)
2011-10-11 21:19:36 +0000  (tag: activemq-5.5.1)
2011-10-11 21:09:16 +0000  (tag: activemq-parent-5.5.1)
2011-03-28 18:12:57 +0000  (tag: activemq-5.5.0)
2010-09-18 02:24:31 +0000  (tag: activemq-5.4.1)
2010-08-13 22:13:58 +0000  (tag: activemq-5.4.0)
2010-04-26 21:55:12 +0000  (tag: activemq-parent-5.3.2)
2010-03-18 14:22:51 +0000  (tag: activemq-5.3.1)
2009-10-23 11:44:06 +0000  (tag: activemq-5.3.0)
2009-06-30 17:53:51 +0000  (tag: activemq-5.2.0)
2008-09-08 13:58:18 +0000  (tag: activemq-parent-5.2)
2008-05-01 18:28:21 +0000  (tag: activemq-5.1.0)
2008-04-10 22:03:51 +0000  (tag: activemq-4.1.2)
2007-12-07 16:05:27 +0000  (tag: activemq-5.0.0)
2007-03-26 13:03:40 +0000  (tag: activemq-4.1.1)
2007-02-01 00:03:05 +0000  (tag: activemq-4.0)
2007-02-01 00:03:05 +0000  (tag: activemq-4.0-M4)
2007-02-01 00:03:05 +0000  (tag: activemq-4.0-RC1)
2007-02-01 00:03:05 +0000  (tag: activemq-4.0-RC2)
2007-02-01 00:03:05 +0000  (tag: activemq-4.0-RC3)
2007-02-01 00:03:05 +0000  (tag: activemq-4.0.1)
2007-02-01 00:03:05 +0000  (tag: activemq-4.0.2)
2007-02-01 00:03:05 +0000  (tag: activemq-4.1.0)
2005-12-12 17:53:59 +0000 