2020-09-05 04:58:30 -0400  (tag: airavata-0.19)
2020-09-02 15:59:38 -0400  (origin/0.19-maintenance)
2020-06-26 09:23:42 -0400  (origin/AIRAVATA-3326-improved-database-migration-script-creation)
2020-04-17 11:01:40 -0400  (origin/AIRAVATA-3126--Implement-compute-resource-reservation-addition)
2020-01-06 16:10:05 -0500  (origin/airavata-3287)
2019-11-11 15:47:00 -0500  (origin/staging)
2019-10-15 19:06:50 -0400  (origin/0.18-maintenance)
2019-04-18 13:44:51 -0400 
2019-01-10 11:40:02 -0500  (origin/master-staging-merge)
2018-11-30 15:36:56 +0530  (origin/archive)
2018-07-19 10:03:25 -0400  (origin/nextcloud)
2019-03-21 00:24:51 -0400  (tag: airavata-0.17)
2016-11-01 23:30:00 -0400  (origin/auroraMesosIntegration)
2016-10-16 18:23:19 -0400  (origin/airavata-gov-registry)
2016-10-05 15:16:30 -0400 
2016-10-05 15:15:00 -0400  (origin/airavata-docker)
2016-09-23 21:58:00 -0400 
2016-07-28 12:05:48 -0400 
2016-09-23 21:49:08 -0400 
2016-08-29 16:25:14 -0400 
2016-07-28 13:38:58 -0400 
2016-07-16 11:51:19 -0400  (origin/grouper-integration)
2016-07-13 14:56:08 -0400  (tag: airavata-0.16)
2015-11-02 15:32:22 -0500  (origin/orchestratorTaskBreakdown)
2015-12-04 05:37:42 -0500  (tag: airavata-0.15)
2015-05-02 15:02:02 -0400  (origin/deprecated-gfac-modules)
2015-03-25 16:25:01 -0400  (origin/new-workflow-design)
2014-12-29 12:32:22 -0500  (tag: airavata-0.14)
2014-08-05 12:30:25 +0530  (origin/data-model-pre-1.0-discussion)
2014-07-22 22:23:42 -0400  (origin/workflow-support)
2014-08-01 22:10:11 -0400  (tag: airavata-0.13)
2014-06-30 18:54:40 -0400 
2014-03-14 06:12:36 -0700 
2014-06-24 11:58:47 -0400  (tag: airavata-0.12)
2013-12-26 18:28:50 +0000  (tag: airavata-0.11)
2013-10-30 15:49:37 +0000  (tag: 0.10)
2013-09-19 19:36:34 +0000  (tag: airavata-0.9)
2013-07-12 14:03:54 +0000  (tag: airavata-0.8)
2013-04-09 21:30:33 +0000  (tag: airavata-0.7)
2013-01-26 02:02:21 +0000  (tag: airavata-0.6)
2012-11-02 14:17:35 +0000  (tag: airavata-0.5)
2012-09-20 08:26:28 +0000  (tag: airavata-0.1-incubating)
2012-09-20 08:26:28 +0000  (tag: airavata-0.2-incubating)
2012-09-20 08:26:28 +0000  (tag: airavata-0.3-incubating)
2012-09-20 08:26:28 +0000  (tag: airavata-0.4-incubating)
2011-07-09 19:21:43 +0000 