2021-11-11 14:07:58 +0200  (tag: release-2.7.6-rc1, tag: release-2.7.6)
2021-11-08 15:41:46 +0200  (tag: release-2.7.6-rc0)
2019-12-13 12:08:08 +0200  (tag: release-2.7.5-rc0, tag: release-2.7.5)
2019-09-09 18:45:45 +0300  (tag: release-2.7.4-rc0, tag: release-2.7.4)
2018-11-13 13:10:01 +0100  (tag: release-2.7.3-rc2, tag: release-2.7.3)
2018-11-07 15:49:25 -0800  (tag: release-2.7.3-rc1)
2018-10-26 22:09:09 +0200  (tag: release-2.7.3-rc0)
2018-10-19 15:14:10 +0300  (origin/release-2.7)
2018-08-21 19:50:31 +0200  (tag: release-2.7.1-rc0, tag: release-2.7.1)
2018-07-09 18:58:34 -0700  (tag: release-2.7.0-rc0, tag: release-2.7.0)
2018-06-20 12:46:55 +0200  (origin/2.6.2-maint)
2018-02-16 11:04:20 +0200  (origin/branch-3.0-perf)
2017-08-14 15:25:11 -0400  (origin/feature-improved-rack-awareness-handling)
2017-05-23 11:52:00 +0200  (origin/ambari-rest-api-explorer)
2018-04-26 12:43:54 -0700  (tag: release-2.6.2-rc0, tag: release-2.6.2)
2017-12-12 17:56:13 +0200  (tag: release-2.6.1-rc1, tag: release-2.6.1, origin/2.5.2)
2017-12-08 19:44:19 -0800  (tag: release-2.6.1-rc0)
2017-10-23 12:41:44 -0700  (tag: release-2.6.0-rc0, tag: release-2.6.0)
2017-08-24 09:39:47 -0700  (tag: release-2.5.2-rc1, tag: release-2.5.2)
2017-08-22 14:03:59 -0400  (tag: release-2.5.2-rc0)
2017-05-22 11:13:48 -0700  (tag: release-2.5.1-rc0, tag: release-2.5.1)
2017-05-03 10:39:57 -0700  (origin/1.x-branch)
2017-03-27 12:44:34 -0700  (tag: release-2.5.0-rc2, tag: release-2.5.0)
2017-03-23 19:46:05 +0200  (tag: release-2.5.0-rc1)
2017-03-22 10:50:16 -0700  (tag: release-2.5.0-rc0)
2017-05-05 14:27:03 -0700  (tag: release-2.4.3-rc0, tag: release-2.4.3)
2016-11-18 12:12:03 +0100  (tag: release-2.4.2-rc1, tag: release-2.4.2)
2016-11-18 00:07:38 -0800  (tag: release-2.4.2-rc0)
2016-09-09 15:07:34 -0400  (tag: release-2.4.1-rc1, tag: release-2.4.1)
2016-09-08 11:02:21 -0700  (tag: release-2.4.1-rc0)
2016-08-24 15:43:09 +0200  (origin/branch-2.4.0)
2016-08-30 08:58:10 -0700  (tag: AMBARI-2.4.0.1-tag)
2016-08-26 13:45:54 -0700  (tag: AMBARI-2.4.0.0-tag)
2016-08-22 11:18:19 -0700  (tag: release-2.4.0-rc0, tag: release-2.4.0)
2016-04-27 14:54:54 -0700  (tag: release-2.2.2, origin/branch-2.2.2)
2016-04-25 15:06:43 -0400  (tag: release-2.2.2-rc1)
2016-04-21 19:39:53 -0700  (tag: release-2.2.2-rc0)
2016-01-29 14:05:51 -0800  (tag: release-2.2.1-rc2, tag: release-2.2.1)
2016-01-27 11:45:43 -0800  (tag: release-2.2.1-rc1)
2016-01-25 12:54:29 -0800  (tag: release-2.2.1-rc0)
2015-12-15 18:46:41 -0800  (tag: release-2.2.0-rc1, tag: release-2.2.0)
2015-12-15 21:22:27 +0200  (tag: release-2.2.0-rc0)
2015-12-03 20:07:01 +0200  (tag: 2.1.3_to_2.2.0_rename)
2015-09-28 11:11:15 -0700  (tag: release-2.1.2-rc3, tag: release-2.1.2)
2015-09-26 00:08:52 +0300  (tag: release-2.1.2-rc2)
2015-09-24 17:44:39 -0700  (tag: release-2.1.2-rc1)
2015-09-23 14:40:37 -0700  (tag: release-2.1.2-rc0)
2015-08-24 19:18:55 -0400  (tag: release-2.1.1-rc0, tag: release-2.1.1)
2015-07-19 20:30:20 -0700  (tag: Ambari-2.1.0-tag)
2015-07-09 13:42:06 +0300  (tag: release-2.1.0-rc1, tag: release-2.1.0)
2015-07-08 12:18:36 +0300  (tag: release-2.1.0-rc0)
2015-08-03 11:12:53 -0700  (tag: release-2.0.2-rc2, tag: release-2.0.2)
2015-07-31 20:14:29 -0400  (tag: release-2.0.2-rc1)
2015-07-27 11:07:56 -0700  (tag: release-2.0.2-rc0)
2015-05-19 23:29:37 +0300  (tag: release-2.0.1-rc0)
2015-04-02 14:50:26 -0700  (tag: release-2.0.0-rc4, tag: release-2.0.0)
2015-03-31 14:58:51 -0700  (tag: release-2.0.0-rc3)
2015-03-23 16:54:24 -0400  (tag: release-2.0.0-rc2)
2015-03-20 22:12:54 +0200  (tag: release-2.0.0-rc1)
2015-03-19 16:16:28 -0700  (tag: release-2.0.0-rc0)
2014-11-24 22:29:14 +0200  (tag: Ambari-1.7.0)
2014-11-19 11:35:14 -0800  (tag: release-1.7.0-rc0, tag: release-1.7.0)
2014-07-14 11:13:33 -0700  (tag: release-1.6.1-rc2, tag: release-1.6.1, origin/branch-1.6.1)
2014-07-09 23:05:13 +0300  (tag: release-1.6.1-rc1)
2014-07-08 20:19:19 -0600  (tag: release-1.6.1-rc0)
2014-05-20 08:59:17 -0400  (tag: release-1.6.0-rc0, tag: release-1.6.0)
2014-04-14 12:30:18 -0700  (tag: release-1.5.1-rc0, tag: release-1.5.1, origin/branch-1.5.1)
2014-04-01 15:53:37 -0700  (tag: release-1.5.0-rc0, tag: release-1.5.0, origin/branch-1.5.0)
2014-03-29 14:35:34 -0700  (tag: ambari-1.5.0)
2014-02-11 16:58:38 -0800  (tag: release-1.4.4-rc0, tag: release-1.4.4, origin/branch-1.4.4)
2014-01-15 10:04:43 -0800  (tag: release-1.4.3-rc0, tag: release-1.4.3, origin/branch-1.4.3)
2013-12-19 14:37:46 -0800  (tag: release-1.4.2-rc0, origin/branch-1.4.2)
2013-10-17 11:07:10 -0700  (tag: release-1.4.1-rc0, tag: release-1.4.1, tag: bigwheel-GA-1.4.1.25)
2013-08-22 15:18:40 -0700  (tag: release-1.2.5-rc0, tag: release-1.2.5)
2013-07-09 18:48:13 -0700  (tag: release-1.2.4-rc0, tag: release-1.2.4, origin/branch-1.2.4)
2013-05-29 19:37:37 +0000  (tag: release-1.2.3-rc1, tag: apache/release-1.2.3-rc1)
2013-05-13 22:40:07 +0000  (tag: release-1.2.3-rc0, tag: apache/release-1.2.3-rc0)
2013-05-11 17:12:21 +0000 
2013-05-11 04:49:26 +0000 
2013-04-15 05:30:36 +0000  (tag: release-1.2.2, tag: apache/release-1.2.2)
2013-04-05 16:37:37 +0000  (tag: release-1.2.2-rc1, tag: apache/release-1.2.2-rc1)
2013-04-05 16:25:08 +0000  (origin/branch-1.2)
2013-03-31 22:19:48 +0000  (tag: release-1.2.1, tag: apache/release-1.2.1)
2013-03-14 05:37:09 +0000  (tag: release-1.2.1-rc1, tag: apache/release-1.2.1-rc1)
2013-03-22 05:00:45 +0000  (tag: release-1.2.2-rc0, tag: apache/release-1.2.2-rc0)
2013-02-11 03:14:11 +0000  (tag: release-1.2.1-rc0, tag: apache/release-1.2.1-rc0)
2013-02-04 02:37:37 +0000  (tag: release-1.2.0, tag: apache/release-1.2.0)
2013-01-15 03:11:07 +0000  (tag: release-1.2.0-rc0, tag: apache/release-1.2.0-rc0)
2012-09-07 18:17:51 +0000  (tag: release-0.9.0-rc3, tag: apache/release-0.9.0-rc3)
2012-05-08 20:34:08 +0000 