2019-10-20 10:40:52 +0530  (tag: rel/2.5.0, tag: 2.5.0_Vote_RC1)
2018-04-12 00:52:19 +0200  (tag: 2.5.0-rc1)
2017-05-25 15:04:39 +0200  (origin/xooki2asciidoc)
2014-12-13 16:58:22 +0100  (tag: 2.4.0, origin/2.4.x)
2014-03-15 22:14:23 +0000  (tag: 2.4.0-rc1)
2014-03-15 22:13:04 +0000  (tag: 2.4.0-rc1_OLD)
2013-01-21 20:12:28 +0000  (tag: 2.3.0)
2013-01-01 21:15:59 +0000  (origin/2.3.x)
2012-11-05 22:34:14 +0000  (tag: 2.3.0-rc2)
2012-04-15 23:01:20 +0000  (tag: 2.3.0-rc1)
2010-09-23 21:53:29 +0000  (tag: 2.2.0)
2010-06-30 20:29:28 +0000  (tag: 2.2.0-rc1)
2009-09-25 22:18:07 +0000  (tag: 2.1.0)
2009-07-05 21:45:32 +0000  (tag: 2.1.0-rc2)
2009-03-30 22:26:59 +0000  (tag: 2.1.0-rc1)
2009-01-18 22:08:59 +0000  (tag: 2.0.0)
2008-11-04 20:52:16 +0000  (tag: 2.0.0-rc2)
2008-09-26 07:20:47 +0000  (tag: 2.0.0-rc1)
2008-03-03 13:09:24 +0000  (tag: 2.0.0-beta2)
2007-12-09 13:53:21 +0000  (tag: 2.0.0-beta1)
2007-12-02 03:16:09 +0000  (tag: 1.4.1)
2007-12-02 03:16:09 +0000  (tag: 2.0.0-alpha2)
2005-06-16 11:18:39 +0000 