2021-10-13 10:16:29 +0530  (tag: rel/1.10.12, tag: ANT_1.10.12_RC2)
2021-09-29 09:10:29 +0530  (tag: ANT_1.10.12_RC1)
2021-07-13 07:58:42 +0200 
2021-07-10 20:38:10 +0200  (tag: rel/1.10.11, tag: ANT_1.10.11_RC1)
2021-07-13 07:54:40 +0200 
2021-07-10 19:20:11 +0200  (tag: rel/1.9.16, tag: ANT_1.9.16_RC1)
2021-04-12 08:58:57 +0530  (tag: rel/1.10.10, tag: ANT_1.10.10_RC1)
2020-09-27 11:59:27 +0200  (tag: rel/1.10.9, tag: ANT_1.10.9_RC1)
2020-05-13 18:18:11 +0200 
2020-05-10 16:34:38 +0200  (tag: rel/1.10.8, tag: ANT_1.10.8_RC1)
2020-05-13 18:13:18 +0200 
2020-05-10 15:38:23 +0200  (tag: rel/1.9.15, tag: ANT_1.9.15_RC1)
2019-09-01 11:49:34 +0530  (tag: rel/1.10.7, tag: ANT_1.10.7_RC1)
2019-05-02 18:42:29 +0530  (tag: rel/1.10.6, tag: ANT_1.10.6_RC2)
2019-03-19 13:17:19 +0530  (tag: ANT_1.10.6_RC1)
2019-03-17 19:32:44 +0530 
2019-03-12 14:33:11 +0530  (tag: rel/1.9.14, tag: ANT_1914_RC1)
2018-07-10 06:48:55 +0200  (tag: rel/1.10.5, tag: ANT_1.10.5_RC1)
2018-06-22 12:09:37 +0200 
2018-06-19 08:44:01 +0200  (tag: rel/1.10.4, tag: ANT_1.10.4_RC1)
2018-06-22 12:07:12 +0200 
2018-03-27 21:09:04 +0200 
2018-03-24 13:24:15 +0100  (tag: rel/1.10.3, tag: ANT_1.10.3_RC2)
2018-03-27 21:05:43 +0200 
2018-07-10 06:33:54 +0200  (tag: rel/1.9.13, tag: ANT_1.9.13_RC1)
2018-06-19 06:02:46 +0200  (tag: rel/1.9.12, tag: ANT_1_9_12_RC1)
2018-03-23 18:09:41 +0100  (tag: rel/1.9.11, tag: ANT_1_9_11_RC1)
2018-03-23 20:25:41 +0100  (tag: ANT_1_10_3_RC1)
2018-02-06 19:07:10 +0100 
2018-02-03 17:46:05 +0100  (tag: rel/1.10.2, tag: ANT_1.10.2_RC1)
2018-02-06 19:04:09 +0100 
2018-02-03 17:08:35 +0100  (tag: rel/1.9.10, tag: ANT_1_9_10_RC1)
2017-04-13 10:15:22 -0500  (origin/java8)
2017-02-06 15:27:34 +0100 
2017-02-02 20:01:49 +0100  (tag: rel/1.10.1, tag: ANT_1.10.1_RC1)
2017-02-06 15:24:40 +0100 
2017-02-02 18:56:34 +0100  (tag: rel/1.9.9, tag: ANT_199_RC1)
2016-12-31 11:11:48 +0100 
2016-12-27 07:43:25 +0100  (tag: rel/1.10.0, tag: ANT_1.10.0_RC1)
2016-12-25 18:45:20 +0100  (tag: rel/1.9.8, tag: ANT_198_RC1)
2016-04-09 08:35:34 +0200  (tag: rel/1.9.7, tag: ANT_197_RC1)
2015-06-29 06:28:45 +0200  (tag: rel/1.9.6, tag: ANT_196_RC1, tag: ANT_196)
2015-05-31 15:25:02 +0200  (tag: rel/1.9.5, tag: ANT_195_RC1, tag: ANT_195)
2014-04-30 03:03:47 +0000  (tag: rel/1.9.4, tag: ANT_194)
2013-12-23 14:56:20 +0000  (tag: rel/1.9.3, tag: ANT_193)
2013-07-08 16:49:23 +0000  (tag: rel/1.9.2, tag: ANT_192)
2013-05-16 02:44:40 +0000  (tag: rel/1.9.1, tag: ANT_191)
2013-03-06 04:20:43 +0000  (tag: rel/1.9.0, tag: ANT_190)
2012-05-22 04:16:50 +0000  (tag: rel/1.8.4, tag: ANT_184)
2012-05-22 04:13:29 +0000  (origin/ANT_184_BRANCH)
2012-02-25 19:19:07 +0000  (tag: rel/1.8.3, tag: ANT_183)
2010-12-20 18:59:29 +0000  (tag: rel/1.8.2, tag: ANT_182)
2010-05-01 03:41:05 +0000  (tag: rel/1.8.1, tag: ANT_181)
2010-02-02 00:49:23 +0000  (tag: rel/1.8.0, tag: ANT_180)
2010-01-05 21:44:08 +0000  (tag: ANT_180_RC1)
2009-01-15 11:20:14 +0000  (tag: rel/1.7.1, tag: ANT_171)
2008-03-18 02:44:37 +0000  (tag: ANT_170_B1)
2008-03-13 03:15:16 +0000  (tag: ANT_171_B1)
2007-10-29 17:30:35 +0000  (tag: rel/1.7.0, tag: ANT_170)
2006-11-05 22:04:58 +0000  (tag: ANT_170_RC1)
2006-10-15 23:32:12 +0000  (tag: ANT_170_B3)
2006-09-17 13:32:48 +0000  (tag: ANT_170_B2)
2005-06-02 13:03:52 +0000  (tag: rel/1.6.5, tag: ANT_165)
2005-06-02 13:03:52 +0000  (origin/ANT_16_BRANCH)
2005-05-19 12:29:28 +0000  (tag: rel/1.6.4, tag: ANT_164)
2005-04-28 13:12:32 +0000  (tag: rel/1.6.3, tag: ANT_163)
2005-03-31 12:24:51 +0000  (tag: ANT_163_B1)
2004-07-16 07:37:11 +0000  (tag: rel/1.6.2, tag: ANT_162)
2004-07-02 09:35:45 +0000  (tag: ANT_162_B1)
2004-02-12 12:39:00 +0000  (tag: rel/1.6.1, tag: ANT_161)
2004-01-29 20:21:15 +0000  (tag: ANT_161_B1)
2003-12-18 12:46:41 +0000  (tag: rel/1.6.0, tag: ANT_160)
2003-12-04 22:38:16 +0000  (tag: ANT_16_B3)
2003-10-16 21:46:31 +0000  (tag: ANT_16_B2)
2003-09-30 09:38:53 +0000  (tag: ANT_16_B1)
2003-08-11 06:09:51 +0000  (tag: rel/1.5.4, tag: ANT_154)
2003-04-08 14:17:04 +0000  (tag: rel/1.5.3, tag: ANT_153)
2003-02-28 15:19:59 +0000  (tag: rel/1.5.2, tag: ANT_152_FINAL)
2003-02-21 15:54:20 +0000  (tag: ANT_152_B1)
2002-10-02 14:48:48 +0000  (tag: rel/1.5.1, tag: ANT_151_FINAL)
2002-08-19 15:17:00 +0000  (tag: ANT_151_B1)
2002-07-09 21:08:30 +0000  (tag: ANT_MAIN_15FINAL)
2002-07-09 15:05:30 +0000  (tag: rel/1.5, tag: ANT_15_FINAL)
2002-07-07 20:52:02 +0000  (tag: ANT_15_RC1)
2002-06-22 23:46:50 +0000  (tag: ANT_MAIN_15B3)
2002-06-22 19:45:44 +0000  (tag: ANT_15_B3)
2002-06-01 12:26:43 +0000  (tag: ANT_MAIN_15B2)
2002-05-31 23:01:29 +0000  (tag: ANT_15_B2)
2002-05-07 11:08:33 +0000  (tag: temp)
2002-04-30 23:24:24 +0000  (tag: ANT_15_B1)
2002-03-05 07:54:00 +0000  (tag: MYRMIDON_PRE_CONF_MUNGE)
2001-10-11 13:05:27 +0000  (tag: ANT_141)
2001-10-01 08:17:40 +0000  (tag: ANT_141_B1)
2001-09-03 09:40:05 +0000  (tag: rel/1.4, tag: ANT_14)
2001-08-30 13:29:20 +0000  (tag: ANT_MAIN_14)
2001-08-21 13:37:09 +0000  (tag: ANT_DOCS_PRE_14)
2001-08-19 15:17:25 +0000  (tag: ANT_14_B2)
2001-08-19 05:52:00 +0000  (tag: ANT_MAIN_14B2)
2001-08-09 11:54:06 +0000  (tag: ANT_14_B1)
2001-03-01 11:53:58 +0000  (tag: rel/1.3, tag: ANT_13)
2001-02-21 13:21:28 +0000  (tag: ANT_13_B3)
2001-02-18 13:44:44 +0000  (tag: ANT_MAIN_13_MERGE4)
2001-02-18 13:28:03 +0000  (tag: ANT_13_MAIN_MERGE4)
2001-02-15 11:26:16 +0000  (tag: ANT_13_B2)
2001-02-10 15:13:09 +0000  (tag: ANT_MAIN_13_MERGE1)
2001-02-05 13:54:05 +0000  (tag: ANT_13_B1)
2000-10-24 08:45:24 +0000  (tag: rel/1.2, tag: ANT_12)
2000-07-18 07:50:21 +0000  (tag: rel/1.1, tag: ANT_11)
2000-04-12 16:20:53 +0000  (tag: TOMCAT_31_FINAL)
2000-04-12 16:20:53 +0000  (tag: TOMCAT_31_RC1)
2000-03-05 19:43:47 +0000  (tag: TOMCAT_31_BETA1)
2000-01-21 04:44:50 +0000  (tag: TOMCAT_31_M1)
2000-01-14 13:50:24 +0000  (tag: TOMCAT_31_M1_RC1)