2022-02-21 10:34:06 -0800  (tag: any23-2.7)
2022-01-03 21:06:17 -0800  (tag: any23-2.6)
2021-08-27 08:45:47 -0700  (tag: any23-2.5)
2020-09-20 19:42:10 -0700  (tag: any23-2.4)
2020-09-20 19:18:35 -0700  (origin/2.4)
2019-09-27 17:50:35 -0700  (origin/ANY23-448)
2019-02-11 10:04:55 -0800  (tag: any23-2.3)
2019-02-11 06:57:54 -0800  (origin/2.3)
2018-03-01 14:58:37 -0800  (tag: any23-2.2)
2018-01-25 10:43:56 -0800  (origin/2.2)
2017-09-15 00:14:01 -0700  (tag: any23-2.1)
2017-09-14 23:19:13 -0700  (origin/2.1.0)
2017-02-09 22:33:36 -0800  (tag: any23-2.0)
2014-10-16 16:17:27 -0700  (tag: any23-1.1)
2014-05-13 10:29:09 -0700  (tag: any23-1.0)
2013-10-28 21:26:11 +0000  (tag: any23-0.9.0)
2013-06-19 17:44:51 -0700  (tag: apache-any23-0.8.0RC2)
2013-05-01 17:56:46 -0700  (tag: apache-any23-0.8.0)
2012-09-11 13:54:50 +0000  (tag: any23-0.1-snapshot)
2012-09-11 13:54:50 +0000  (tag: any23-0.2)
2012-09-11 13:54:50 +0000  (tag: any23-0.2.1)
2012-09-11 13:54:50 +0000  (tag: any23-0.2.2)
2012-09-11 13:54:50 +0000  (tag: any23-0.3.0)
2012-09-11 13:54:50 +0000  (tag: any23-0.4.0)
2012-09-11 13:54:50 +0000  (tag: any23-0.4.1)
2012-09-11 13:54:50 +0000  (tag: any23-0.5.0)
2012-09-11 13:54:50 +0000  (tag: any23-0.6.0)
2012-09-11 13:54:50 +0000  (tag: any23-0.6.0-M1)
2012-09-11 13:54:50 +0000  (tag: any23-0.6.0-M2)
2012-09-11 13:54:50 +0000  (tag: any23-0.6.1)
2012-09-11 13:54:50 +0000  (tag: any23-0.7.0-incubating)