2018-04-14 07:51:33 -0700  (tag: v3.7.0-RC1, tag: v3.7.0)
2017-05-01 13:22:56 +0530  (tag: v3.6.0-RC1, tag: v3.6.0)
2016-12-06 21:44:02 -0800  (tag: v3.5.0-RC1, tag: v3.5.0)
2016-05-05 20:51:57 -0700  (tag: v3.4.0-RC1, tag: v3.4.0)
2016-04-12 09:24:23 -0700  (tag: v3.2.1-incubating-RC1, tag: v3.2.1-incubating)
2016-01-31 15:25:49 -0800  (tag: v3.3.0-incubating-RC2, tag: v3.3.0-incubating)
2016-01-29 00:39:54 -0800  (tag: v3.3.0-incubating-RC1)
2015-10-23 15:37:46 -0700  (tag: v3.2.0-incubating-RC2, tag: v3.2.0-incubating)
2015-10-21 22:23:55 -0700  (tag: v3.2.0-incubating-RC1)
2015-10-08 15:30:07 +0530  (tag: v3.1.1)
2015-09-16 21:09:13 -0700  (tag: v3.1.1-RC2)
2015-09-01 05:55:17 -0700  (tag: v3.1.0)
2015-08-25 11:49:16 +0530  (tag: v3.1.0-RC1)
2015-08-01 14:58:39 +0530  (tag: v3.0.0)
2015-07-31 15:52:01 +0530  (tag: v3.0.0-RC7)
2015-07-30 15:47:28 +0530  (tag: v3.0.0-RC6)
2015-07-29 12:05:47 +0530  (tag: v3.0.0-RC5)
2015-07-23 18:03:57 -0700  (tag: v3.0.0-RC4)
2015-07-19 13:25:04 +0530  (tag: v3.0.0-RC3)
2015-07-14 17:54:32 +0530  (tag: v3.0.0-RC2)
2015-07-10 17:50:24 +0530  (tag: v3.0.0-RC1)
2015-06-19 01:50:59 -0700 
2013-03-06 18:18:43 -0800 
2015-06-19 01:47:00 -0700 
2014-12-02 11:19:36 -0800 
2015-06-19 00:19:14 -0700 
2013-08-01 12:03:54 -0700 
2013-06-10 15:21:40 -0700 
2012-08-28 23:51:55 -0700 
2013-10-22 12:51:19 -0700 
2013-10-22 12:51:19 -0700 
2013-08-27 12:25:11 -0700 
2013-08-27 11:03:48 -0700 
2013-07-24 11:24:08 -0700 
2013-08-01 12:03:54 -0700 
2012-08-20 16:32:32 -0700 
2013-07-11 17:04:14 -0700 
2013-07-11 16:49:54 -0700 
2012-06-28 14:52:59 -0700 
2012-06-12 10:31:39 -0700 
2012-06-06 19:42:55 -0700 