2022-05-20 12:50:20 +1000  (tag: archiva-2.2.8)
2021-12-19 12:01:27 +0100  (tag: archiva-2.2.7)
2021-12-14 00:16:39 +0100  (tag: archiva-2.2.6)
2020-06-14 21:39:36 +0200  (tag: archiva-2.2.5)
2019-04-23 20:49:32 +0200  (tag: archiva-2.2.4)
2017-05-12 21:36:09 +0200  (tag: archiva-2.2.3)
2017-04-21 22:56:47 +0200  (tag: archiva-2.2.2)
2017-02-12 18:46:37 +0100  (origin/feature/header_check)
2016-12-30 15:35:19 +0100  (tag: without_jdo, origin/jpa)
2016-10-04 20:52:25 +0200  (origin/validauth)
2016-05-23 10:38:19 +1000  (tag: archiva-2.2.1)
2015-02-24 21:55:45 +1100  (tag: archiva-2.2.0)
2014-09-01 15:14:47 +1000  (tag: archiva-2.1.1)
2014-07-16 10:51:21 +1000  (tag: archiva-2.1.0)
2014-06-25 16:49:01 +1000  (tag: archiva-1.3.9)
2014-04-11 22:55:20 +1000  (tag: archiva-1.3.8)
2014-03-30 01:18:16 +0000  (tag: archiva-1.3.7)
2014-03-26 02:42:41 +0000  (tag: archiva-2.0.1)
2014-03-12 02:31:32 +0000  (tag: archiva-parent-12)
2014-02-06 22:58:29 +0000  (tag: archiva-2.0.0)
2014-02-03 04:10:04 +0000  (tag: archiva-2.0.0-RC3)
2014-02-02 22:22:26 +0000  (tag: archiva-2.0.0-RC2)
2014-01-17 05:31:23 +0000  (tag: archiva-2.0.0-RC1)
2013-06-01 15:14:50 +0000  (origin/archiva-MRM-1756)
2014-01-16 03:25:23 +0000  (tag: redback-2.2)
2014-01-16 01:05:42 +0000  (tag: archiva-parent-11)
2013-05-27 10:30:20 +0000  (tag: archiva-1.4-M4)
2013-05-06 02:31:15 +0000  (tag: redback-2.1)
2013-05-04 13:26:20 +0000  (tag: archiva-parent-10)
2013-01-07 12:34:46 +0000  (tag: archiva-1.3.6)
2012-10-03 14:23:25 +0000  (tag: archiva-1.4-M3)
2012-09-26 14:06:09 +0000  (tag: redback-2.0)
2012-09-21 10:53:57 +0000  (tag: archiva-parent-9)
2011-12-16 20:36:55 +0000  (tag: archiva-1.4-M2)
2011-12-14 20:31:38 +0000  (tag: archiva-parent-8)
2011-10-26 11:48:35 +0000  (tag: archiva-1.4-M1)
2010-02-18 16:56:49 +0000  (origin/MRM-1025)
2011-10-18 12:12:34 +0000  (tag: archiva-parent-7)
2011-05-17 05:38:35 +0000  (tag: archiva-1.3.5)
2011-02-08 14:33:08 +0000  (tag: archiva-1.3.4)
2010-12-15 04:27:42 +0000  (tag: archiva-1.3.3)
2010-11-30 03:41:31 +0000  (tag: archiva-1.3.2)
2010-06-11 19:07:37 +0000  (tag: archiva-1.3.1)
2010-06-08 09:34:57 +0000  (tag: archiva-parent-6)
2010-01-13 03:57:51 +0000  (tag: archiva-1.3)
2010-01-12 09:04:02 +0000  (tag: archiva-parent-5)
2010-01-12 08:18:30 +0000  (tag: archiva-parent-4)
2009-08-27 09:32:16 +0000  (tag: archiva-1.2.2)
2009-05-24 14:48:31 +0000  (tag: archiva-1.2.1)
2009-04-16 08:46:33 +0000  (tag: archiva-1.1.4)
2009-03-22 03:17:48 +0000  (tag: archiva-1.2)
2008-11-07 15:28:53 +0000  (tag: archiva-1.2-M1)
2008-08-19 12:05:38 +0000  (origin/MRM-541)
2008-10-07 10:31:18 +0000  (tag: archiva-1.1.3)
2008-09-12 08:39:07 +0000  (tag: archiva-1.1.2)
2008-08-07 03:12:23 +0000  (tag: archiva-1.1.1)
2008-07-16 09:42:37 +0000  (tag: archiva-1.1)
2008-07-13 06:39:28 +0000  (tag: archiva-r676265)
2008-05-12 01:46:34 +0000  (tag: archiva-parent-3)
2008-05-11 07:10:51 +0000  (tag: archiva-parent-2)
2007-11-11 04:29:25 +0000 
2008-04-03 16:47:37 +0000  (tag: archiva-1.0.2)
2008-03-28 23:24:46 +0000  (tag: 1.0-beta-1)
2008-03-28 23:24:46 +0000  (tag: archiva-0.9-alpha-1)
2008-03-28 23:24:46 +0000  (tag: archiva-0.9-alpha-2)
2008-03-28 23:24:46 +0000  (tag: archiva-1.0)
2008-03-28 23:24:46 +0000  (tag: archiva-1.0-alpha-1)
2008-03-28 23:24:46 +0000  (tag: archiva-1.0-alpha-2)
2008-03-28 23:24:46 +0000  (tag: archiva-1.0-beta-1)
2008-03-28 23:24:46 +0000  (tag: archiva-1.0-beta-2)
2008-03-28 23:24:46 +0000  (tag: archiva-1.0-beta-3)
2008-03-28 23:24:46 +0000  (tag: archiva-1.0-beta-4)
2008-03-28 23:24:46 +0000  (tag: archiva-1.0.1)
2008-03-28 23:24:46 +0000  (tag: archiva-parent-1.0-alpha-2)