2022-04-26 20:52:45 +0200  (tag: org.apache.aries.transaction.blueprint-2.3.1)
2022-04-10 21:31:45 -0400  (tag: spifly-1.3.5)
2022-01-02 07:51:18 +0100  (tag: org.apache.aries.proxy-1.1.12)
2021-07-26 15:57:18 +0200  (tag: org.apache.aries.transaction.blueprint-2.3.0)
2021-07-26 15:13:22 +0200  (tag: org.apache.aries.proxy-1.1.11)
2021-06-26 10:46:54 -0400  (tag: spifly-1.3.4)
2021-04-20 08:19:45 +0200  (tag: blueprint-parser-1.6.1)
2021-04-14 10:07:28 +0200  (tag: org.apache.aries.proxy-1.1.10)
2021-04-06 17:34:54 -0400  (tag: spifly-1.3.3)
2021-02-15 16:07:29 +0100  (tag: org.apache.aries.blueprint.cm-1.3.2)
2021-02-15 13:32:48 +0100  (tag: org.apache.aries.blueprint.core-1.10.3)
2021-02-15 13:14:06 +0100  (tag: org.apache.aries.proxy-1.1.9)
2020-10-15 17:41:35 -0400  (tag: spifly-1.3.2)
2020-10-12 08:51:31 -0400  (tag: spifly-1.3.1)
2020-08-28 18:17:30 +0200  (tag: org.apache.aries.proxy-1.1.8)
2020-05-25 11:20:50 -0400  (tag: spifly-1.3.0)
2020-05-24 17:13:09 -0400  (origin/ARIES-1933)
2020-05-20 11:36:40 +0200  (tag: org.apache.aries.proxy-1.1.7)
2020-05-20 11:29:39 +0200  (tag: org.apache.aries.proxy.api-1.1.1)
2020-04-09 11:04:13 -0400  (tag: spifly-1.2.4)
2019-09-16 15:24:25 +0200  (tag: org.apache.aries.proxy-1.1.6)
2019-03-07 20:36:22 +0000  (tag: org.apache.aries.cdi-1.0.1)
2019-03-07 20:08:45 +0000  (tag: spifly-1.2.1)
2019-02-07 03:50:19 +0000  (tag: org.apache.aries.cdi-1.0.0)
2017-01-24 23:47:30 +0000 
2019-01-14 09:53:33 +0000  (tag: org.apache.aries.proxy-1.1.4)
2018-12-08 14:43:51 +0000  (tag: org.apache.aries.proxy-1.1.3)
2018-12-04 11:33:04 +0000  (tag: org.apache.aries.blueprint.cm-1.3.1)
2018-12-04 11:30:10 +0000  (tag: org.apache.aries.blueprint.core-1.10.1)
2018-11-20 03:46:43 +0000  (tag: spifly-1.2)
2018-10-31 00:12:41 +0000  (tag: spifly-1.1)
2018-09-21 17:01:16 +0000  (tag: org.apache.aries.component-dsl.parent-1.2.1)
2018-08-20 19:55:44 +0000  (tag: org.apache.aries.spifly.static.bundle-1.0.14)
2018-08-20 19:53:38 +0000  (tag: org.apache.aries.spifly.static.tool-1.0.14)
2018-08-20 19:51:33 +0000  (tag: org.apache.aries.spifly.dynamic.framework.extension-1.0.14)
2018-07-16 20:03:27 +0000 
2018-08-20 19:49:40 +0000  (tag: org.apache.aries.spifly.dynamic.bundle-1.0.14)
2018-08-20 19:47:29 +0000  (tag: org.apache.aries.spifly.weaver-internal-1.0.14)
2018-08-20 19:45:11 +0000  (tag: org.apache.aries.spifly.core-internal-1.0.14)
2018-07-14 07:38:58 +0000  (tag: parent-2.1.0)
2018-06-22 10:32:25 +0000  (tag: org.apache.aries.component-dsl.parent-1.2.0)
2018-06-07 08:49:08 +0000  (tag: org.apache.aries.proxy-1.1.2)
2018-06-04 16:26:31 +0000  (tag: org.apache.aries.transaction.jdbc-2.1.3)
2018-06-04 14:03:59 +0000  (tag: org.apache.aries.blueprint.noosgi-1.2.0)
2018-06-04 13:24:32 +0000  (tag: org.apache.aries.blueprint.jexl.evaluator-1.1.0)
2018-06-04 13:18:17 +0000  (tag: org.apache.aries.blueprint.cm-1.3.0)
2018-06-04 13:12:46 +0000  (tag: org.apache.aries.blueprint.core-1.10.0)
2018-06-04 13:01:07 +0000  (tag: blueprint-parser-1.6.0)
2018-06-04 12:32:33 +0000  (tag: blueprint-parent-1.0.0)
2018-06-04 12:25:23 +0000 
2018-06-01 12:34:57 +0000  (tag: spifly-1.0.12)
2018-06-01 10:05:43 +0000  (tag: org.apache.aries.component-dsl.parent-1.1.0)
2018-05-15 10:45:40 +0000  (tag: org.apache.aries.transaction.blueprint-2.2.0)
2018-05-10 19:21:05 +0000  (tag: blueprint-maven-plugin-1.10.0)
2018-04-30 18:26:51 +0000  (tag: org.apache.aries.component-dsl.parent-1.0.0)
2018-04-30 17:20:44 +0000  (tag: org.apache.aries.component-dsl.parent-0.0.1)
2016-11-24 16:35:48 +0000 
2018-02-05 15:43:12 +0000  (tag: org.apache.aries.blueprint.spring.extender-0.4.0)
2018-02-05 15:42:00 +0000  (tag: org.apache.aries.blueprint.spring-0.6.0)
2018-02-05 15:40:18 +0000  (tag: org.apache.aries.blueprint.cm-1.2.0)
2018-02-05 15:39:02 +0000  (tag: org.apache.aries.blueprint.core-1.9.0)
2018-02-05 15:37:51 +0000  (tag: blueprint-parser-1.5.0)
2018-01-02 13:06:17 +0000  (tag: org.apache.aries.jmx.whiteboard-1.2.0)
2018-01-02 13:05:01 +0000  (tag: org.apache.aries.jmx.blueprint.core-1.2.0)
2018-01-02 13:03:59 +0000  (tag: org.apache.aries.jmx.blueprint.api-1.2.0)
2018-01-02 13:00:44 +0000  (tag: org.apache.aries.jmx.core.whiteboard-1.1.6)
2018-01-02 12:57:33 +0000  (tag: org.apache.aries.jmx.core-1.1.8)
2017-12-29 22:24:09 +0000  (tag: org.apache.aries.jmx.whiteboard-1.2)
2017-12-29 22:04:40 +0000  (tag: org.apache.aries.jmx.blueprint.core-1.2)
2017-12-29 21:54:47 +0000  (tag: org.apache.aries.jmx.blueprint.api-1.2)
2017-11-22 10:37:58 +0000  (tag: spifly-1.0.10)
2017-10-16 07:24:51 +0000  (tag: org.apache.aries.blueprint.core-1.8.3)
2017-10-07 06:58:32 +0000  (tag: blueprint-maven-plugin-1.9.0)
2017-10-07 06:53:18 +0000  (tag: blueprint-maven-plugin-pax-cdi-handlers-1.0.0)
2017-09-27 18:54:37 +0000 
2017-10-07 06:51:24 +0000  (tag: blueprint-maven-plugin-annotation-1.3.0)
2017-09-28 07:05:44 +0000  (tag: org.apache.aries.blueprint.spring-0.5.0)
2017-08-14 18:59:01 +0000  (tag: blueprint-maven-plugin-1.8.0)
2017-08-14 18:55:04 +0000  (tag: blueprint-maven-plugin-annotation-1.2.0)
2017-08-14 18:53:37 +0000  (tag: blueprint-maven-plugin-spi-1.1.0)
2017-08-02 08:12:37 +0000  (tag: org.apache.aries.subsystem-2.0.10)
2017-08-02 08:08:33 +0000  (tag: org.apache.aries.subsystem.core-2.0.10)
2017-08-02 08:04:01 +0000  (tag: org.apache.aries.subsystem.api-2.0.10)
2017-06-29 07:24:42 +0000  (tag: org.apache.aries.blueprint.spring-0.4.0)
2017-06-29 07:21:16 +0000  (tag: org.apache.aries.blueprint.core-1.8.2)
2017-06-23 10:54:28 +0000  (tag: tx-control-0.0.3)
2017-05-09 12:53:30 +0000  (tag: org.apache.aries.proxy-1.1.1)
2017-05-09 12:47:02 +0000  (tag: org.apache.aries.transaction.manager-1.3.3)
2017-05-09 12:42:27 +0000  (tag: org.apache.aries.blueprint.core-1.8.1)
2017-05-08 17:49:34 +0000  (tag: blueprint-maven-plugin-1.7.0)
2017-05-08 17:42:02 +0000  (tag: blueprint-maven-plugin-spring-handlers-1.0.0)
2017-04-26 15:55:00 +0000 
2017-03-28 09:57:20 +0000  (tag: org.apache.aries.jpa-2.6.1)
2017-03-20 15:51:25 +0000  (tag: org.apache.aries.blueprint.core-1.8.0)
2017-03-20 12:35:49 +0000  (tag: org.apache.aries.blueprint.cm-1.1.0)
2017-03-20 12:05:36 +0000  (tag: org.apache.aries.proxy-1.1.0)
2017-03-20 10:54:13 +0000  (tag: org.apache.aries.proxy.api-1.1.0)
2017-03-06 17:23:12 +0000  (tag: esa-maven-plugin-1.0.2)
2017-02-24 17:12:41 +0000  (tag: org.apache.aries.jpa-2.6.0)
2017-02-19 11:43:24 +0000  (tag: blueprint-maven-plugin-1.6.0)
2017-02-19 11:38:28 +0000  (tag: blueprint-maven-plugin-annotation-1.1.0)
2017-02-01 12:02:23 +0000  (tag: org.apache.aries.blueprint.spring-0.3.0)
2017-01-20 17:02:35 +0000  (tag: org.apache.aries.blueprint.spring.extender-0.3.0)
2016-12-19 09:29:24 +0000  (tag: org.apache.aries.proxy.impl-1.0.6)
2016-12-19 08:56:59 +0000  (tag: org.apache.aries.transaction.manager-1.3.2)
2016-11-30 13:27:08 +0000  (tag: blueprint-maven-plugin-1.5.0)
2016-10-21 12:35:42 +0000 
2016-11-30 13:16:22 +0000  (tag: blueprint-maven-plugin-annotation-1.0.0)
2016-10-21 12:35:42 +0000 
2016-11-30 13:07:10 +0000  (tag: blueprint-maven-plugin-spi-1.0.0)
2016-10-21 12:35:42 +0000 
2016-09-22 06:08:38 +0000 
2016-10-28 07:21:09 +0000  (tag: org.apache.aries.jpa-2.5.0)
2016-10-17 15:04:45 +0000  (tag: tx-control-0.0.2)
2016-10-13 13:20:32 +0000  (tag: org.apache.aries.jmx.core-1.1.7)
2016-10-13 08:13:43 +0000  (tag: org.apache.aries.util-1.1.3)
2016-10-12 20:22:11 +0000  (tag: org.apache.aries.util-1.1.2)
2016-10-07 15:23:46 +0000  (tag: org.apache.aries.blueprint.core-1.7.1)
2016-09-27 19:19:30 +0000  (tag: org.apache.aries.transaction.manager-1.3.1)
2016-09-12 12:39:00 +0000  (tag: org.apache.aries.blueprint.cm-1.0.9)
2016-09-12 12:22:32 +0000  (tag: org.apache.aries.blueprint.core-1.7.0)
2016-06-16 10:14:55 +0000  (tag: tx-control-0.0.1)
2016-02-15 18:29:30 +0000 
2016-06-10 10:35:26 +0000  (tag: org.apache.aries.jpa-2.4.0)
2016-05-23 15:56:41 +0000  (tag: org.apache.aries.transaction.jdbc-2.1.2)
2016-05-02 09:57:58 +0000  (tag: blueprint-maven-plugin-1.4.0)
2016-04-29 16:29:02 +0000  (tag: org.apache.aries.blueprint.core-1.6.2)
2016-04-15 12:05:32 +0000  (tag: org.apache.aries.blueprint.core-1.6.1)
2016-03-18 16:59:16 +0000  (tag: org.apache.aries.blueprint.cm-1.0.8)
2016-03-15 16:11:59 +0000  (tag: org.apache.aries.blueprint.noosgi-1.1.2)
2016-03-15 16:10:16 +0000  (tag: org.apache.aries.blueprint.spring.extender-0.2.0)
2016-03-15 16:08:08 +0000  (tag: org.apache.aries.blueprint.spring-0.2.0)
2016-03-15 16:05:31 +0000  (tag: org.apache.aries.blueprint.core-1.6.0)
2016-03-15 16:04:17 +0000  (tag: org.apache.aries.jmx.core-1.1.6)
2016-03-15 15:04:02 +0000  (tag: org.apache.aries.proxy.impl-1.0.5)
2016-03-01 10:25:33 +0000  (tag: org.apache.aries.jpa.container-1.0.4)
2015-12-16 10:55:42 +0000  (tag: org.apache.aries.jpa.container-1.0.3)
2015-12-14 15:16:20 +0000  (tag: org.apache.aries.blueprint.spring.extender-0.1.0)
2015-11-27 11:08:40 +0000 
2015-12-14 15:09:40 +0000  (tag: org.apache.aries.blueprint.spring-0.1.0)
2015-11-20 16:45:33 +0000 
2015-12-14 14:19:49 +0000  (tag: org.apache.aries.blueprint.core-1.5.0)
2015-12-14 14:14:58 +0000  (tag: blueprint-parser-1.4.0)
2015-12-13 10:53:34 +0000  (tag: blueprint-maven-plugin-1.3.0)
2015-12-12 16:07:07 +0000  (tag: org.apache.aries.jpa-2.3.0)
2015-12-12 15:08:46 +0000  (tag: org.apache.aries.transaction.blueprint-2.1.0)
2015-12-09 09:37:03 +0000  (tag: spifly-1.0.8)
2015-11-23 14:03:12 +0000  (tag: org.apache.aries.subsystem-2.0.8)
2015-11-23 13:57:22 +0000  (tag: org.apache.aries.subsystem.core-2.0.8)
2015-11-23 13:50:19 +0000  (tag: org.apache.aries.subsystem.api-2.0.8)
2015-11-04 21:40:13 +0000  (tag: spifly-1.0.6)
2015-10-28 17:11:22 +0000  (tag: org.apache.aries.subsystem-2.0.6)
2015-10-28 17:07:20 +0000  (tag: org.apache.aries.subsystem.core-2.0.6)
2015-10-28 17:02:33 +0000  (tag: org.apache.aries.subsystem.api-2.0.6)
2015-10-21 14:04:44 +0000  (tag: org.apache.aries.blueprint.core-1.4.5)
2015-10-21 13:59:15 +0000  (tag: blueprint-parser-1.3.2)
2015-10-16 13:17:37 +0000  (tag: spifly-1.0.4)
2010-01-18 15:21:55 +0000 
2015-10-02 13:00:09 +0000  (tag: org.apache.aries.subsystem.obr-1.0.4)
2015-10-02 12:55:33 +0000  (tag: org.apache.aries.subsystem-2.0.4)
2015-10-02 12:46:37 +0000  (tag: org.apache.aries.subsystem.core-2.0.4)
2015-10-02 12:13:39 +0000  (tag: org.apache.aries.subsystem.api-2.0.4)
2015-10-01 08:47:03 +0000  (tag: org.apache.aries.subsystem.gogo-command-1.0.0)
2015-03-30 10:08:43 +0000 
2015-09-23 09:01:39 +0000  (tag: org.apache.aries.jpa-2.2.0)
2015-09-22 10:02:46 +0000  (tag: blueprint-maven-plugin-1.2.0)
2015-09-22 09:48:30 +0000  (tag: org.apache.aries.transaction.blueprint-2.0.0)
2015-08-26 11:08:23 +0000  (tag: jmx-1.1.5)
2015-08-08 18:17:08 +0000  (tag: org.apache.aries.transaction.blueprint-1.1.1)
2015-08-06 11:50:29 +0000  (tag: org.apache.aries.util-1.1.1)
2015-08-06 11:39:50 +0000  (tag: async-1.0.1)
2015-08-05 16:22:45 +0000  (tag: org.apache.aries.jpa-2.1.0)
2015-08-05 10:01:40 +0000  (tag: org.apache.aries.transaction.blueprint-1.1.0)
2015-08-05 09:49:49 +0000  (tag: org.apache.aries.transaction.manager-1.3.0)
2015-07-13 20:10:20 +0000  (tag: aries)
2015-06-16 12:36:11 +0000 
2015-07-13 09:23:17 +0000  (tag: org.apache.aries.blueprint.cm-1.0.7)
2015-07-13 09:20:12 +0000  (tag: org.apache.aries.blueprint.core-1.4.4)
2015-07-13 09:11:50 +0000  (tag: org.apache.aries.versioning.plugin-0.3.1)
2015-07-13 09:09:37 +0000  (tag: org.apache.aries.versioning.checker-0.3.1)
2015-07-03 10:00:35 +0000  (tag: org.apache.aries.async-1.0.0)
2015-05-07 15:00:53 +0000 
2015-07-03 07:44:06 +0000  (tag: org.apache.aries.transaction.manager-1.2.1)
2015-06-30 07:18:05 +0000  (tag: org.apache.aries.subsystem-2.0.2)
2015-06-30 07:11:37 +0000  (tag: org.apache.aries.subsystem.core-2.0.2)
2015-06-30 07:07:30 +0000  (tag: org.apache.aries.subsystem.api-2.0.2)
2015-06-29 14:29:15 +0000  (tag: org.apache.aries.blueprint.web-1.1.1)
2015-06-29 14:21:47 +0000  (tag: org.apache.aries.blueprint.noosgi-1.1.1)
2015-06-29 11:20:21 +0000  (tag: blueprint-parser-1.3.1)
2015-06-24 11:05:22 +0000  (tag: org.apache.aries.subsystem-2.0.1)
2015-06-24 11:00:47 +0000  (tag: org.apache.aries.subsystem.core-2.0.1)
2015-06-24 10:55:43 +0000  (tag: org.apache.aries.subsystem.api-2.0.1)
2015-06-18 10:06:26 +0000  (tag: org.apache.aries.subsystem-2.0.0)
2015-06-18 10:01:03 +0000  (tag: org.apache.aries.subsystem.core-2.0.0)
2015-06-18 09:55:31 +0000  (tag: org.apache.aries.subsystem.api-2.0.0)
2015-06-16 12:46:55 +0000  (tag: org.apache.aries.jpa-2.0.0)
2015-06-04 09:59:48 +0000  (tag: parent-2.0.1)
2015-04-28 08:37:47 +0000  (tag: org.apache.aries.transaction.manager-1.2.0)
2015-03-20 16:47:34 +0000  (tag: org.apache.aries.spifly.static.tool-1.0.2)
2015-03-20 16:43:00 +0000  (tag: org.apache.aries.spifly.static.bundle-1.0.2)
2015-03-20 16:38:13 +0000  (tag: org.apache.aries.spifly.dynamic.bundle-1.0.2)
2015-03-20 16:32:38 +0000  (tag: org.apache.aries.spifly.core-internal-1.0.2)
2015-03-20 15:41:09 +0000  (tag: org.apache.aries.subsystem-1.2.0)
2015-03-20 15:34:36 +0000  (tag: org.apache.aries.subsystem.obr-1.0.1)
2015-03-20 15:29:52 +0000  (tag: org.apache.aries.subsystem.core-1.2.0)
2015-03-20 15:20:56 +0000  (tag: org.apache.aries.subsystem.api-1.1.0)
2015-03-04 07:25:41 +0000  (tag: org.apache.aries.jmx.core-1.1.3)
2015-03-03 12:14:26 +0000  (tag: org.apache.aries.transaction.jdbc-2.1.1)
2015-02-24 20:30:22 +0000  (tag: org.apache.aries.blueprint.web-1.1.0)
2015-02-24 20:28:31 +0000  (tag: blueprint-maven-plugin-1.1.0)
2015-02-24 20:27:25 +0000  (tag: org.apache.aries.blueprint.noosgi-1.1.0)
2015-02-24 20:25:29 +0000  (tag: blueprint-maven-plugin-1.1.0-SNAPSHOT)
2015-02-19 16:49:17 +0000  (tag: blueprint-maven-plugin-1.0.1)
2015-02-19 16:45:39 +0000  (tag: org.apache.aries.blueprint.core-1.4.3)
2015-02-19 16:43:17 +0000  (tag: org.apache.aries.blueprint.cm-1.0.6)
2014-11-10 16:17:10 +0000  (tag: blueprint-maven-plugin-1.0.0)
2014-11-03 11:35:40 +0000 
2014-11-10 16:06:53 +0000  (tag: org.apache.aries.blueprint.authz-1.0.0)
2014-07-15 13:41:44 +0000 
2014-10-31 08:59:33 +0000  (tag: org.apache.aries.jpa.blueprint.aries-1.0.4)
2014-10-31 08:56:06 +0000  (tag: org.apache.aries.jpa.container.context-1.0.4)
2014-10-31 08:49:51 +0000  (tag: org.apache.aries.jpa.container-1.0.2)
2014-10-15 15:33:33 +0000  (tag: org.apache.aries.transaction.jdbc-2.1.0)
2014-10-15 15:30:10 +0000  (tag: org.apache.aries.transaction.jms-2.0.0)
2014-10-15 15:26:08 +0000  (tag: org.apache.aries.transaction.blueprint-1.0.2)
2014-10-15 14:53:14 +0000  (tag: org.apache.aries.transaction.manager-1.1.1)
2014-10-15 14:49:43 +0000  (tag: org.apache.aries.jndi.url-1.1.0)
2014-10-15 14:47:00 +0000  (tag: org.apache.aries.jndi.core-1.0.2)
2014-10-15 14:34:16 +0000  (tag: esa-maven-plugin-1.0.0)
2012-07-20 08:46:02 +0000 
2014-10-07 14:39:07 +0000  (tag: org.apache.aries.blueprint.cm-1.0.5)
2014-09-26 14:50:33 +0000  (tag: org.apache.aries.subsystem.core-1.1.0)
2014-09-26 14:08:47 +0000  (tag: org.apache.aries.subsystem.core-1.0.2)
2014-09-15 15:48:05 +0000  (tag: org.apache.aries.proxy.impl-1.0.4)
2014-09-15 15:18:03 +0000  (tag: org.apache.aries.proxy.impl-1.0.4-SNAPSHOT)
2014-09-15 15:47:24 +0000  (tag: org.apache.aries.blueprint.core-1.4.2)
2014-09-15 15:12:41 +0000  (tag: org.apache.aries.blueprint.core-1.4.2-SNAPSHOT)
2014-09-15 15:46:38 +0000  (tag: blueprint-parser-1.3.0)
2014-09-15 15:07:38 +0000  (tag: blueprint-parser-1.3.0-SNAPSHOT)
2014-09-15 15:39:58 +0000  (tag: org.apache.aries.jndi.core-1.0.1)
2014-09-15 15:37:15 +0000  (tag: org.apache.aries.jndi.api-1.1.0)
2014-09-15 15:34:46 +0000  (tag: org.apache.aries.jpa.blueprint.aries-1.0.3)
2014-09-15 15:32:08 +0000  (tag: org.apache.aries.jpa.container.context-1.0.3)
2014-09-15 15:30:01 +0000  (tag: org.apache.aries.jpa.api-1.0.2)
2014-07-16 17:00:57 +0000  (tag: org.apache.aries.jpa.blueprint.aries-1.0.2)
2014-07-16 16:55:55 +0000  (tag: org.apache.aries.jpa.container.context-1.0.2)
2014-07-16 16:52:21 +0000  (tag: org.apache.aries.jpa.container-1.0.1)
2014-07-16 16:49:25 +0000  (tag: org.apache.aries.jpa.api-1.0.1)
2014-07-09 07:54:55 +0000  (tag: org.apache.aries.spifly.dynamic.bundle-1.0.1)
2014-07-09 07:47:53 +0000  (tag: org.apache.aries.spifly.static.bundle-1.0.1)
2014-07-09 07:41:13 +0000  (tag: org.apache.aries.spifly.static.tool-1.0.1)
2014-07-09 07:31:00 +0000  (tag: org.apache.aries.spifly.weaver-internal-1.0.1)
2014-07-09 07:26:00 +0000  (tag: org.apache.aries.spifly.core-internal-1.0.1)
2014-06-30 16:25:49 +0000  (tag: org.apache.aries.jmx.core-1.1.2)
2014-06-30 16:18:56 +0000  (tag: org.apache.aries.jmx.api-1.1.1)
2014-06-30 16:10:12 +0000  (tag: org.apache.aries.blueprint.annotation.impl-1.0.1)
2014-06-30 16:01:23 +0000  (tag: org.apache.aries.blueprint.cm-1.0.4)
2014-06-30 15:56:46 +0000  (tag: org.apache.aries.blueprint.core-1.4.1)
2014-06-30 15:53:04 +0000  (tag: org.apache.aries.blueprint.annotation.api-1.0.1)
2014-06-30 15:45:45 +0000  (tag: blueprint-parser-1.2.1)
2014-06-30 15:32:39 +0000  (tag: org.apache.aries.blueprint.api-1.0.1)
2014-06-30 15:19:28 +0000  (tag: org.apache.aries.proxy.impl-1.0.3)
2014-06-30 15:15:51 +0000  (tag: org.apache.aries.proxy.api-1.0.1)
2014-06-30 14:58:56 +0000  (tag: parent-2.0.0)
2014-06-11 16:55:10 +0000  (tag: org.apache.aries.versioning.plugin-0.3.0)
2014-06-11 16:52:44 +0000  (tag: org.apache.aries.versioning.checker-0.3.0)
2014-05-19 17:03:43 +0000  (tag: org.apache.aries.versioning-0.2.0)
2011-10-06 15:47:50 +0000 
2009-09-30 09:25:53 +0000 
2013-12-17 21:20:30 +0000  (tag: org.apache.aries.transaction.jdbc-2.0.0)
2013-12-17 21:17:24 +0000  (tag: org.apache.aries.transaction.manager-1.1.0)
2013-12-17 20:51:15 +0000  (tag: org.apache.aries.blueprint.core-1.4.0)
2013-12-17 20:49:03 +0000  (tag: blueprint-parser-1.2.0)
2013-11-05 10:48:55 +0000  (tag: org.apache.aries.blueprint.webosgi-1.0.1)
2013-10-22 16:11:15 +0000  (tag: org.apache.aries.blueprint.webosgi-1.0.0)
2013-10-22 10:44:42 +0000 
2013-10-22 16:08:09 +0000  (tag: org.apache.aries.blueprint.cm-1.0.3)
2013-10-22 15:56:45 +0000  (tag: org.apache.aries.blueprint.core-1.3.0)
2013-10-22 15:54:22 +0000  (tag: org.apache.aries.proxy.impl-1.0.2)
2013-10-09 18:25:32 +0000  (tag: org.apache.aries.blueprint.cm-1.0.2)
2013-10-02 16:29:23 +0000  (tag: org.apache.aries.blueprint.core-1.2.0)
2013-10-02 16:24:40 +0000  (tag: blueprint-parser-1.1.0)
2013-05-08 16:46:06 +0000  (tag: default-parent-1.1.0)
2009-09-30 09:25:53 +0000 
2013-05-08 16:18:34 +0000  (tag: org.apache.aries.util-parent-1.1.0)
2013-05-03 13:58:09 +0000  (tag: parent-1.1.0)
2013-05-02 07:30:44 +0000  (tag: org.apache.aries.util-parent-1.1.1)
2013-04-25 19:36:57 +0000  (tag: org.apache.aries.subsystem-1.0.0)
2012-10-31 13:24:12 +0000 
2013-04-25 17:53:04 +0000  (tag: org.apache.aries.subsystem.core-1.0.0)
2010-04-02 09:42:59 +0000 
2013-04-02 08:37:34 +0000  (tag: org.apache.aries.blueprint.sample.war-1.0.0)
2013-03-25 15:05:56 +0000 
2013-04-02 08:35:02 +0000  (tag: org.apache.aries.blueprint.web-1.0.0)
2013-03-25 15:05:56 +0000 
2013-04-02 08:32:21 +0000  (tag: org.apache.aries.blueprint.noosgi-1.0.0)
2013-01-09 08:39:40 +0000 
2013-03-27 19:59:45 +0000  (tag: org.apache.aries.subsystem.obr-1.0.0)
2010-04-15 12:26:57 +0000 
2013-03-27 19:03:50 +0000  (tag: org.apache.aries.subsystem.api-1.0.0)
2010-03-26 14:23:50 +0000 
2013-02-08 17:06:39 +0000  (tag: spi-fly-examples-1.0.0)
2011-04-21 15:43:14 +0000 
2013-02-08 16:50:51 +0000  (tag: org.apache.aries.spifly.static.bundle-1.0.0)
2011-03-23 14:39:56 +0000 
2013-02-08 16:49:22 +0000  (tag: org.apache.aries.spifly.static.tool-1.0.0)
2011-03-23 14:39:56 +0000 
2013-02-08 16:47:19 +0000  (tag: org.apache.aries.spifly.dynamic.bundle-1.0.0)
2011-03-23 14:39:56 +0000 
2013-02-08 16:45:43 +0000  (tag: org.apache.aries.spifly.weaver-internal-1.0.0)
2011-03-23 22:49:25 +0000 
2013-02-08 16:44:00 +0000  (tag: org.apache.aries.spifly.core-internal-1.0.0)
2010-07-16 07:10:33 +0000 
2013-02-08 16:31:07 +0000  (tag: org.apache.aries.jmx-1.1.1)
2013-02-08 16:29:38 +0000  (tag: org.apache.aries.jmx.blueprint-1.1.1)
2013-02-08 16:26:35 +0000  (tag: org.apache.aries.jmx.core.whiteboard-1.1.1)
2013-02-08 16:23:11 +0000  (tag: org.apache.aries.jmx.core-1.1.1)
2013-01-23 20:19:32 +0000  (tag: org.apache.aries.jmx.blueprint-1.1.0)
2013-01-23 20:17:13 +0000  (tag: org.apache.aries.jmx-1.1.0)
2013-01-23 20:10:29 +0000  (tag: org.apache.aries.jmx.blueprint.core-1.1.0)
2013-01-23 20:09:20 +0000  (tag: org.apache.aries.jmx.blueprint.api-1.1.0)
2013-01-23 20:03:51 +0000  (tag: org.apache.aries.jmx.core.whiteboard-1.1.0)
2013-01-23 20:00:42 +0000  (tag: org.apache.aries.jmx.core-1.1.0)
2013-01-23 19:58:29 +0000  (tag: org.apache.aries.jmx.api-1.1.0)
2013-01-23 16:07:59 +0000  (tag: org.apache.aries.jpa.blueprint.aries-1.0.1)
2013-01-23 16:03:31 +0000  (tag: org.apache.aries.blueprint.itests-1.0.1)
2013-01-23 15:59:59 +0000  (tag: org.apache.aries.blueprint.testbundleb-1.0.1)
2013-01-23 15:59:21 +0000  (tag: org.apache.aries.transaction.blueprint-1.0.1)
2013-01-23 15:44:55 +0000  (tag: org.apache.aries.blueprint-1.1.0)
2013-01-23 15:41:46 +0000  (tag: org.apache.aries.blueprint.cm-1.0.1)
2013-01-23 15:39:42 +0000  (tag: org.apache.aries.blueprint.core-1.1.0)
2013-01-23 15:36:57 +0000  (tag: org.apache.aries.proxy-1.0.1)
2013-01-23 15:30:04 +0000  (tag: org.apache.aries.proxy.impl-1.0.1)
2013-01-16 18:14:08 +0000  (tag: org.apache.aries.versioning.plugin-0.1.0)
2012-01-24 00:53:59 +0000 
2013-01-16 18:09:13 +0000  (tag: org.apache.aries.versioning.checker-0.1.0)
2011-10-06 15:47:50 +0000 
2012-09-25 15:41:13 +0000  (tag: org.apache.aries.transaction.jms-1.0.0)
2012-07-31 17:08:04 +0000 
2012-09-25 15:38:23 +0000  (tag: org.apache.aries.transaction.jdbc-1.0.0)
2012-07-31 17:09:02 +0000 
2012-09-25 15:30:13 +0000  (tag: org.apache.aries.jpa.container.context-1.0.1)
2012-09-25 15:27:58 +0000  (tag: org.apache.aries.transaction.manager-1.0.1)
2012-09-25 15:25:22 +0000  (tag: org.apache.aries.jmx.core-1.0.1)
2012-09-25 15:22:30 +0000  (tag: org.apache.aries.blueprint.core-1.0.1)
2012-09-14 10:07:49 +0000  (tag: org.apache.aries.ejb.modeller.itest-1.0.0)
2012-09-14 09:59:52 +0000  (tag: org.apache.aries.ejb.openejb.extender.itest-1.0.0)
2012-09-06 08:39:05 +0000 
2011-08-25 17:26:19 +0000 
2011-08-08 08:40:19 +0000 
2012-09-05 20:31:42 +0000  (tag: samples-1.0.0)
2012-09-05 09:50:19 +0000  (tag: org.apache.aries.web.itests-1.0.0)
2010-01-17 12:40:17 +0000 
2012-09-05 09:45:11 +0000  (tag: org.apache.aries.transaction.itests-1.0.0)
2010-03-04 13:16:19 +0000 
2012-09-05 09:36:51 +0000  (tag: org.apache.aries.proxy.itests-1.0.0)
2012-09-05 09:32:34 +0000  (tag: org.apache.aries.quiesce.manager.itest-1.0.0)
2012-09-05 09:26:07 +0000  (tag: org.apache.aries.jndi.url.itest-1.0.0)
2012-09-05 09:18:37 +0000  (tag: org.apache.aries.jpa.container.itest-1.0.0)
2010-01-22 14:32:42 +0000 
2012-09-05 09:00:52 +0000  (tag: org.apache.aries.jmx.itests-1.0.0)
2009-12-03 09:18:57 +0000 
2012-09-05 08:52:30 +0000  (tag: org.apache.aries.blueprint.itests-1.0.0)
2012-09-05 08:47:16 +0000  (tag: org.apache.aries.blueprint.annotation.itests-1.0.0)
2012-09-05 08:43:15 +0000  (tag: org.apache.aries.application.resolve.transform.cm.itests-1.0.0)
2011-11-07 10:48:11 +0000 
2012-09-05 08:32:19 +0000  (tag: application-modeller-common-test-1.0.0)
2011-06-15 14:04:47 +0000 
2012-09-05 08:19:13 +0000  (tag: org.apache.aries.application.runtime.isolated.itests-1.0.0)
2012-08-21 20:50:55 +0000  (tag: org.apache.aries.jmx.blueprint-1.0.0)
2009-12-24 06:52:39 +0000 
2012-08-21 20:39:37 +0000  (tag: org.apache.aries.application.tooling.repository.generator-1.0.0)
2011-04-07 20:19:24 +0000 
2012-08-21 20:26:50 +0000  (tag: application-modeller-standalone-1.0.0)
2012-08-15 10:25:44 +0000  (tag: org.apache.aries.blueprint.compatibility-1.0.0)
2012-08-15 10:20:29 +0000  (tag: org.apache.aries.blueprint.testbundleb-1.0.0)
2012-08-15 09:40:00 +0000  (tag: org.apache.aries.application-1.0.0)
2010-03-10 21:22:27 +0000 
2012-08-15 09:11:27 +0000  (tag: org.apache.aries.application.management-1.0.0)
2012-08-01 11:52:47 +0000  (tag: org.apache.aries.proxy-1.0.0)
2012-07-29 20:23:34 +0000  (tag: org.apache.aries.ejb.modeller-1.0.0)
2011-08-01 11:08:00 +0000 
2012-07-29 19:47:37 +0000  (tag: org.apache.aries.jndi-1.0.0)
2012-07-29 19:41:06 +0000  (tag: org.apache.aries.transaction.blueprint-1.0.0)
2010-02-19 22:46:48 +0000 
2012-07-29 19:30:30 +0000  (tag: org.apache.aries.blueprint-1.0.0)
2012-07-29 19:21:08 +0000  (tag: org.apache.aries.jmx.blueprint.core-1.0.1)
2012-07-29 19:17:17 +0000  (tag: org.apache.aries.application.deployment.management-1.0.0)
2012-07-25 22:10:08 +0000  (tag: org.apache.aries.jpa.blueprint.aries-1.0.0)
2012-07-25 22:06:48 +0000  (tag: org.apache.aries.jndi.url-1.0.0)
2012-07-25 22:03:59 +0000  (tag: org.apache.aries.jmx-1.0.0)
2012-07-25 21:52:42 +0000  (tag: org.apache.aries.ejb.openejb.extender-1.0.0)
2011-08-25 17:26:19 +0000 
2012-07-25 21:42:54 +0000  (tag: org.apache.aries.blueprint.testquiescebundle-1.0.0)
2012-07-25 21:40:08 +0000  (tag: org.apache.aries.blueprint.testbundlea-1.0.0)
2012-07-25 21:35:02 +0000  (tag: org.apache.aries.blueprint.sample-1.0.0)
2012-07-25 21:29:36 +0000  (tag: org.apache.aries.blueprint.sample-fragment-1.0.0)
2012-07-25 21:27:15 +0000  (tag: org.apache.aries.blueprint.sample-annotation-1.0.0)
2012-07-25 21:24:21 +0000  (tag: org.apache.aries.blueprint.jexl.evaluator-1.0.0)
2012-07-25 21:21:54 +0000  (tag: org.apache.aries.blueprint.core.compatibility-1.0.0)
2011-11-28 17:30:55 +0000 
2012-07-25 21:18:32 +0000  (tag: org.apache.aries.blueprint.cm-1.0.0)
2012-07-25 21:14:50 +0000  (tag: org.apache.aries.blueprint.annotation.impl-1.0.0)
2012-07-25 21:09:19 +0000  (tag: org.apache.aries.transaction.wrappers-1.0.0)
2010-03-11 14:22:44 +0000 
2012-07-25 19:58:27 +0000  (tag: org.apache.aries.application.runtime.framework.management-1.0.0)
2012-07-25 19:46:41 +0000  (tag: org.apache.aries.application.modeller-1.0.0)
2012-07-20 23:03:52 +0000  (tag: org.apache.aries.blueprint.core-1.0.0)
2012-07-20 22:57:38 +0000  (tag: org.apache.aries.application.runtime-1.0.0)
2012-07-20 22:39:22 +0000  (tag: org.apache.aries.application.runtime.repository-1.0.0)
2012-07-20 22:35:55 +0000  (tag: org.apache.aries.application.runtime.isolated-1.0.0)
2012-07-20 22:32:44 +0000  (tag: org.apache.aries.application.runtime.framework-1.0.0)
2012-07-20 22:29:50 +0000  (tag: org.apache.aries.application.resolve.transform.cm-1.0.0)
2011-11-07 10:48:11 +0000 
2012-07-20 22:26:34 +0000  (tag: org.apache.aries.application.runtime.itest.interfaces-1.0.0)
2012-07-20 22:22:34 +0000  (tag: org.apache.aries.application.install-1.0.0)
2010-02-15 17:21:29 +0000 
2012-07-20 22:19:47 +0000  (tag: org.apache.aries.application.converters-1.0.0)
2010-01-12 07:17:28 +0000 
2012-07-20 22:16:42 +0000  (tag: org.apache.aries.application.resolver.obr-1.0.0)
2010-02-16 19:38:51 +0000 
2012-07-20 22:04:14 +0000  (tag: org.apache.aries.application.default.local.platform-1.0.0)
2012-07-20 11:18:56 +0000  (tag: org.apache.aries.jpa.container.itest.bundle-1.0.0)
2010-01-22 14:32:42 +0000 
2012-07-20 11:10:12 +0000  (tag: org.apache.aries.jpa.container.context-1.0.0)
2010-01-15 13:08:41 +0000 
2012-07-20 11:06:39 +0000  (tag: org.apache.aries.jpa.container.advanced.itest.bundle-1.0.0)
2011-04-19 13:16:06 +0000 
2012-07-20 11:03:54 +0000  (tag: org.apache.aries.jpa.container-1.0.0)
2012-07-20 10:58:45 +0000  (tag: org.apache.aries.jpa.container-1.0.0-SNAPSHOT)
2009-12-30 15:26:07 +0000 
2012-07-20 10:50:14 +0000  (tag: org.apache.aries.jpa.blueprint.itest.bundle-1.0.0)
2010-02-26 09:41:07 +0000 
2012-07-18 10:59:00 +0000  (tag: org.apache.aries.jmx.whiteboard-1.0.0)
2010-09-29 08:51:27 +0000 
2012-07-18 10:54:33 +0000  (tag: org.apache.aries.jmx.core.whiteboard-1.0.0)
2011-07-07 18:12:14 +0000 
2012-07-18 10:31:01 +0000  (tag: org.apache.aries.jmx.blueprint.core-1.0.0)
2009-12-23 23:16:00 +0000 
2012-07-17 23:02:14 +0000  (tag: org.apache.aries.application.resolver.noop-1.0.0)
2012-07-17 22:54:09 +0000  (tag: org.apache.aries.application.resolver.noop-1.0.0-SNAPSHOT)
2010-09-22 12:47:47 +0000 
2012-07-17 22:51:19 +0000  (tag: org.apache.aries.application.utils-1.0.0)
2009-10-23 15:34:42 +0000 
2012-07-17 22:43:53 +0000  (tag: org.apache.aries.proxy.impl-1.0.0)
2012-07-15 20:26:55 +0000  (tag: blueprint-parser-1.0.0)
2012-07-15 20:23:52 +0000  (tag: eba-maven-plugin-1.0.0)
2012-07-13 15:21:50 +0000  (tag: org.apache.aries.web.urlhandler-1.0.0)
2010-01-13 10:19:25 +0000 
2012-07-13 15:04:58 +0000  (tag: org.apache.aries.quiesce.manager-1.0.0)
2012-07-13 14:57:43 +0000  (tag: org.apache.aries.transaction.testds-1.0.0)
2010-03-04 13:16:19 +0000 
2012-07-13 14:54:11 +0000  (tag: org.apache.aries.transaction.testbundle-1.0.0)
2010-03-04 13:16:19 +0000 
2012-07-13 14:37:01 +0000  (tag: org.apache.aries.transaction.manager-1.0.0)
2012-07-13 14:13:25 +0000  (tag: org.apache.aries.jndi.url.itest.web-1.0.0)
2012-07-13 11:00:09 +0000  (tag: org.apache.aries.jndi.url.itest.biz-1.0.0)
2012-07-13 10:56:39 +0000  (tag: org.apache.aries.jndi.rmi-1.0.0)
2012-07-13 10:52:11 +0000  (tag: org.apache.aries.jndi.legacy.support-1.0.0)
2012-07-13 10:04:35 +0000  (tag: org.apache.aries.jndi.core-1.0.0)
2012-07-13 08:47:39 +0000  (tag: org.apache.aries.jmx.blueprint.api-1.0.0)
2009-12-23 23:16:00 +0000 
2012-07-13 08:41:16 +0000  (tag: org.apache.aries.jmx.core-1.0.0)
2012-07-13 08:35:16 +0000  (tag: org.apache.aries.application.api-1.0.0)
2012-07-13 08:31:24 +0000  (tag: org.apache.aries.proxy.api-1.0.0)
2012-07-13 08:11:22 +0000  (tag: org.apache.aries.blueprint.annotation.api-1.0.0)
2012-07-05 21:14:55 +0000  (tag: org.apache.aries.blueprint.api-1.0.0)
2012-07-05 21:06:24 +0000  (tag: org.apache.aries.util-parent-1.0.0)
2012-05-07 20:12:26 +0000  (origin/1.0-prototype)
2012-06-23 20:36:22 +0000  (tag: org.apache.aries.jndi.api-1.0.0)
2010-05-12 21:08:55 +0000 
2012-06-23 20:25:36 +0000  (tag: org.apache.aries.jmx.api-1.0.0)
2009-11-19 11:43:42 +0000 
2012-06-23 20:18:41 +0000  (tag: org.apache.aries.jpa.api-1.0.0)
2010-03-01 11:56:06 +0000 
2012-06-23 16:43:09 +0000  (tag: org.apache.aries.quiesce.api-1.0.0)
2010-07-30 10:32:04 +0000 
2012-06-22 02:01:48 +0000  (tag: org.apache.aries.proxy-0.4.1)
2011-10-26 13:37:51 +0000  (tag: org.apache.aries.proxy-0.4)
2012-06-22 01:58:42 +0000  (tag: org.apache.aries.proxy.impl-0.4.1)
2011-10-11 10:30:59 +0000  (tag: org.apache.aries.proxy.impl-0.4)
2012-06-22 01:43:40 +0000  (tag: org.apache.aries.proxy-0.3.1)
2010-10-26 13:01:00 +0000 
2012-06-22 01:40:36 +0000  (tag: org.apache.aries.proxy.impl-0.3.1)
2012-06-20 21:32:52 +0000  (tag: org.apache.aries.testsupport.unit-1.0.0)
2012-05-30 18:41:58 +0000  (tag: org.apache.aries.transaction.manager-0.3.1)
2010-02-19 22:46:48 +0000 
2012-05-30 18:27:07 +0000  (tag: org.apache.aries.blueprint-0.3.2)
2012-05-30 18:25:28 +0000  (tag: org.apache.aries.blueprint.core-0.3.2)
2012-05-24 19:32:23 +0000  (tag: org.apache.aries.jmx-0.3.1)
2009-11-19 11:43:42 +0000 
2012-05-24 19:30:49 +0000  (tag: org.apache.aries.jmx.core-0.3.1)
2009-11-19 11:43:42 +0000 
2012-05-24 19:29:17 +0000  (tag: org.apache.aries.jndi.core-0.3.1)
2009-10-06 20:23:31 +0000 
2012-05-24 19:06:40 +0000  (tag: org.apache.aries.util-0.3.1)
2011-02-28 08:36:58 +0000  (tag: org.apache.aries.util-0.3)
2012-05-12 22:01:35 +0000  (tag: parent-1.0.0)
2011-12-22 16:14:05 +0000  (tag: org.apache.aries.jndi-0.3.1)
2009-10-06 20:23:31 +0000 
2011-12-22 16:06:03 +0000  (tag: org.apache.aries.jndi.url-0.3.1)
2009-10-06 20:23:31 +0000 
2011-12-05 10:00:24 +0000  (tag: org.apache.aries.jndi.url.itest-0.3.1)
2011-12-05 09:49:05 +0000  (tag: org.apache.aries.jndi.url.itest.web-0.3.1)
2011-12-05 09:35:27 +0000  (tag: org.apache.aries.jndi.url.itest.biz-0.3.1)
2011-12-05 09:16:48 +0000  (tag: org.apache.aries.jndi.legacy.support-0.3.1)
2010-09-30 09:25:13 +0000 
2011-12-02 21:53:12 +0000  (tag: org.apache.aries.jndi.rmi-0.3.1)
2010-11-30 17:02:46 +0000 
2011-10-28 21:11:35 +0000  (tag: org.apache.aries.blueprint-0.4)
2009-04-18 08:00:00 +0000 
2011-10-28 21:05:51 +0000  (tag: org.apache.aries.blueprint.cm-0.3.2)
2009-04-26 17:53:47 +0000 
2011-10-28 20:55:13 +0000  (tag: org.apache.aries.blueprint.core-0.4)
2009-04-13 18:49:20 +0000 
2011-10-26 12:13:09 +0000  (tag: org.apache.aries.blueprint.annotation.itests-0.3.2)
2010-04-28 21:11:16 +0000 
2011-10-26 10:22:33 +0000  (tag: org.apache.aries.blueprint.itests-0.4)
2009-04-13 18:49:20 +0000 
2011-10-21 16:05:10 +0000  (tag: org.apache.aries.blueprint.testquiescebundle-0.3.2)
2010-09-10 14:08:34 +0000 
2011-10-21 15:59:58 +0000  (tag: org.apache.aries.blueprint.testbundleb-0.3.2)
2011-10-21 15:52:35 +0000  (tag: org.apache.aries.blueprint.testbundlea-0.3.2)
2011-10-21 15:37:24 +0000  (tag: org.apache.aries.blueprint.sample-fragment-0.3.2)
2011-05-18 10:11:41 +0000 
2011-10-21 14:40:10 +0000  (tag: org.apache.aries.blueprint.sample-annotation-0.3.2)
2010-04-28 21:11:16 +0000 
2011-10-21 10:08:46 +0000  (tag: org.apache.aries.blueprint.sample-0.4)
2009-04-08 17:06:57 +0000 
2011-10-21 09:34:41 +0000  (tag: org.apache.aries.blueprint.jexl.evaluator-0.1.0)
2011-10-05 12:55:23 +0000 
2011-10-17 10:11:39 +0000  (tag: blueprint-parser-0.4)
2011-06-14 15:01:01 +0000 
2011-10-14 10:32:57 +0000  (tag: org.apache.aries.blueprint.annotation.impl-0.3.2)
2010-04-28 21:11:16 +0000 
2011-10-13 16:37:06 +0000  (tag: org.apache.aries.blueprint.annotation.api-0.3.2)
2010-04-28 21:11:16 +0000 
2011-10-13 16:14:15 +0000  (tag: org.apache.aries.blueprint.api-0.3.2)
2009-04-08 19:28:54 +0000 
2011-10-12 15:45:55 +0000  (tag: org.apache.aries.quiesce.manager.itest-0.3.1)
2010-08-12 15:06:30 +0000 
2011-10-11 14:14:52 +0000  (tag: org.apache.aries.quiesce.manager-0.3.1)
2010-08-12 15:06:30 +0000 
2011-10-11 11:05:22 +0000  (tag: org.apache.aries.proxy.itests-0.4)
2010-12-22 15:40:39 +0000 
2011-10-11 10:17:14 +0000  (tag: org.apache.aries.proxy.api-0.4)
2010-10-26 13:01:00 +0000 
2011-10-10 16:25:09 +0000  (tag: org.apache.aries.util-0.4)
2011-10-10 15:47:50 +0000  (tag: org.apache.aries.testsupport.unit-0.4)
2009-10-07 02:37:21 +0000 
2011-10-10 14:21:14 +0000  (tag: parent-0.5)
2011-09-20 16:47:16 +0000  (tag: application-0.2.2)
2011-09-15 00:54:53 +0000  (tag: org.apache.aries.util-0.2.1)
2011-03-14 11:14:49 +0000  (tag: parent-0.4)
2011-03-14 10:49:28 +0000  (tag: 0.4)
2011-02-28 10:48:31 +0000  (tag: org.apache.aries.proxy-distro-0.8)
2011-02-26 14:51:18 +0000 
2011-02-25 12:03:23 +0000 
2011-02-28 08:36:58 +0000  (tag: application-0.1-incubating)
2011-02-28 08:36:58 +0000  (tag: application-0.2-incubating)
2011-02-28 08:36:58 +0000  (tag: application-0.2.1)
2011-02-28 08:36:58 +0000  (tag: application-0.3)
2009-10-23 15:34:42 +0000 
2011-02-28 08:36:58 +0000  (tag: blueprint-0.1-incubating)
2011-02-28 08:36:58 +0000  (tag: blueprint-0.2-incubating)
2011-02-28 08:36:58 +0000  (tag: blueprint-0.2.1)
2011-02-28 08:36:58 +0000  (tag: blueprint-0.3)
2011-02-28 08:36:58 +0000  (tag: blueprint-0.3.1)
2009-04-10 13:23:41 +0000 
2011-02-28 08:36:58 +0000  (tag: eba-maven-plugin-0.1-incubating)
2011-02-28 08:36:58 +0000  (tag: eba-maven-plugin-0.2-incubating)
2011-02-28 08:36:58 +0000  (tag: eba-maven-plugin-0.3)
2005-08-14 13:19:12 +0000 
2011-02-28 08:36:58 +0000  (tag: jmx-0.1-incubating)
2011-02-28 08:36:58 +0000  (tag: jmx-0.2-incubating)
2011-02-28 08:36:58 +0000  (tag: jmx-0.3)
2009-11-19 11:43:42 +0000 
2011-02-28 08:36:58 +0000  (tag: jndi-0.1-incubating)
2011-02-28 08:36:58 +0000  (tag: jndi-0.2-incubating)
2011-02-28 08:36:58 +0000  (tag: jndi-0.3)
2009-10-06 20:23:31 +0000 
2011-02-28 08:36:58 +0000  (tag: jpa-0.1-incubating)
2011-02-28 08:36:58 +0000  (tag: jpa-0.2-incubating)
2011-02-28 08:36:58 +0000  (tag: jpa-0.3)
2009-12-30 15:26:07 +0000 
2011-02-28 08:36:58 +0000  (tag: org.apache.aries.proxy.impl-0.5)
2010-10-26 13:01:00 +0000 
2011-02-28 08:36:58 +0000  (tag: org.apache.aries.util-0.1-incubating)
2011-02-28 08:36:58 +0000  (tag: org.apache.aries.util-0.2-incubating)
2009-12-01 15:20:34 +0000 
2011-02-28 08:36:58 +0000  (tag: parent-0.1-incubating)
2011-02-28 08:36:58 +0000  (tag: parent-0.2-incubating)
2011-02-28 08:36:58 +0000  (tag: parent-0.3)
2011-01-21 16:15:22 +0000 
2009-09-30 09:25:53 +0000 
2009-09-29 12:10:45 +0000 
2011-02-28 08:36:58 +0000  (tag: proxy-0.3)
2010-10-26 13:01:00 +0000 
2011-02-28 08:36:58 +0000  (tag: quiesce-0.2-incubating)
2011-02-28 08:36:58 +0000  (tag: quiesce-0.3)
2010-07-30 10:32:04 +0000 
2011-02-28 08:36:58 +0000  (tag: samples-0.1-incubating)
2011-02-28 08:36:58 +0000  (tag: samples-0.2-incubating)
2011-02-28 08:36:58 +0000  (tag: samples-0.3)
2011-02-28 08:36:58 +0000  (tag: testsupport-0.1-incubating)
2011-02-28 08:36:58 +0000  (tag: testsupport-0.2-incubating)
2011-02-28 08:36:58 +0000  (tag: testsupport-0.3)
2009-10-07 02:37:21 +0000 
2011-02-28 08:36:58 +0000  (tag: transaction-0.1-incubating)
2011-02-28 08:36:58 +0000  (tag: transaction-0.2-incubating)
2011-02-28 08:36:58 +0000  (tag: transaction-0.3)
2007-10-14 19:26:01 +0000 
2011-02-28 08:36:58 +0000  (tag: web-0.1-incubating)
2011-02-28 08:36:58 +0000  (tag: web-0.2-incubating)
2011-02-28 08:36:58 +0000  (tag: web-0.3)
2010-01-13 10:19:25 +0000 