2022-07-26 21:26:24 +0200  (tag: release-1.11.1-rc1, tag: release-1.11.1)
2021-10-20 13:19:17 +0200  (tag: release-1.11.0-rc2, tag: release-1.11.0)
2021-10-06 17:52:54 +0200  (tag: release-1.11.0-rc1)
2017-12-05 09:02:02 +0000 
2021-03-09 18:02:26 +0100  (tag: release-1.10.2-rc2, tag: release-1.10.2)
2021-03-05 16:37:43 +0100  (tag: release-1.10.2-rc1)
2020-11-18 10:49:39 +0100  (tag: release-1.10.1-rc1, tag: release-1.10.1)
2020-06-22 15:28:48 +0200  (tag: release-1.10.0-rc2, tag: release-1.10.0)
2020-06-09 14:37:52 +0200  (tag: release-1.10.0-rc1)
2020-02-07 09:21:56 +0100  (tag: release-1.9.2-rc2, tag: release-1.9.2)
2020-02-05 11:48:59 +0100  (tag: release-1.9.2-rc1)
2019-08-28 11:09:02 +0200  (tag: release-1.9.1-rc3, tag: release-1.9.1)
2019-08-26 20:39:23 +0200  (tag: release-1.9.1-rc2)
2019-08-20 15:51:40 +0200  (tag: release-1.9.1-rc1)
2019-05-07 20:25:47 +0200  (tag: release-1.9.0-rc4, tag: release-1.9.0)
2019-04-30 12:27:18 +0200  (tag: release-1.9.0-rc3)
2019-04-29 09:21:35 +0200  (tag: release-1.9.0-rc2)
2019-04-25 10:33:50 +0200  (tag: release-1.9.0-rc1)
2017-04-17 18:56:17 -0500  (tag: release-1.8.2-rc4, tag: release-1.8.2)
2017-04-07 16:14:48 -0500  (tag: release-1.8.2-rc3)
2017-04-04 17:39:36 -0500  (tag: release-1.8.2-rc2)
2016-11-06 13:00:52 -0800  (tag: release-1.8.2-rc1)
2016-05-14 17:38:52 -0700  (tag: release-1.8.1)
2016-05-14 16:53:18 -0700  (tag: release-1.8.1-rc0)
2016-05-14 17:51:29 -0700  (tag: release-1.8.1-rc1)
2016-01-29 11:35:00 +0000  (tag: release-1.8.0)
2016-01-22 16:45:22 +0000  (tag: release-1.8.0-rc3)
2016-01-06 12:20:03 +0000  (tag: release-1.8.0-rc2)
2015-12-16 17:46:00 +0000  (tag: release-1.8.0-rc1)
2015-08-11 10:11:48 +0000  (tag: release-1.8.0-rc0)
2014-07-24 18:49:05 +0000  (tag: release-1.7.7)
2014-07-18 19:13:46 +0000  (tag: release-1.7.7-rc0)
2014-01-23 21:26:15 +0000  (tag: release-1.7.6)
2014-01-10 20:59:28 +0000  (tag: release-1.7.6-rc0)
2013-08-19 18:05:45 +0000  (tag: release-1.7.5)
2013-08-07 23:33:49 +0000  (tag: release-1.7.5-rc0)
2013-02-26 18:35:12 +0000  (tag: release-1.7.4)
2013-02-21 21:13:58 +0000  (tag: release-1.7.4-rc2)
2013-02-21 18:02:33 +0000  (tag: release-1.7.4-rc1)
2013-02-21 17:30:51 +0000  (tag: release-1.7.4-rc0)
2012-12-07 19:20:59 +0000  (tag: release-1.7.3)
2012-12-03 17:38:30 +0000  (tag: release-1.7.3-rc2)
2012-11-30 18:33:32 +0000  (tag: release-1.7.3-rc1)
2012-11-30 00:43:46 +0000  (tag: release-1.7.3-rc0)
2012-09-25 17:21:46 +0000  (tag: release-1.7.2)
2012-09-18 00:33:37 +0000  (tag: release-1.7.2-rc0)
2012-07-18 21:55:40 +0000  (tag: release-1.7.1)
2012-07-12 19:24:54 +0000  (tag: release-1.7.1-rc0)
2012-06-11 19:41:35 +0000  (tag: release-1.7.0)
2012-06-07 20:48:20 +0000  (tag: release-1.7.0-rc1)
2012-05-23 21:03:44 +0000  (tag: release-1.7.0-rc0)
2012-03-19 16:12:14 +0000  (tag: release-1.6.3)
2012-03-02 22:24:32 +0000  (tag: release-1.6.3-rc0)
2012-02-15 00:27:51 +0000  (tag: release-1.6.2)
2012-02-09 23:38:50 +0000  (tag: release-1.6.2-rc1)
2012-02-09 22:37:57 +0000  (tag: release-1.6.2-rc0)
2011-11-15 00:19:17 +0000  (tag: release-1.6.1)
2011-11-04 21:51:30 +0000  (tag: release-1.6.1-rc0)
2011-11-01 18:10:51 +0000  (tag: release-1.6.0)
2011-10-28 22:44:45 +0000  (tag: release-1.6.0-rc1)
2011-10-25 00:21:48 +0000  (tag: release-1.6.0-rc0)
2011-09-11 20:52:07 +0000  (tag: release-1.5.4)
2011-09-07 21:45:41 +0000  (tag: release-1.5.4-rc0)
2011-09-07 21:40:23 +0000  (origin/branch-1.5)
2011-08-30 05:43:42 +0000  (tag: release-1.5.3)
2011-08-12 19:42:08 +0000  (tag: release-1.5.2)
2011-07-28 20:02:17 +0000  (tag: release-1.5.2-rc1)
2011-07-01 20:42:23 +0000  (tag: release-1.5.2-rc0)
2011-05-06 18:20:39 +0000  (tag: release-1.5.1)
2011-03-12 00:18:38 +0000  (tag: release-1.5.0)
2011-03-08 01:16:10 +0000  (tag: release-1.5.0-rc3)
2011-03-01 17:47:35 +0000  (tag: release-1.5.0-rc2)
2011-02-26 01:05:12 +0000  (tag: release-1.5.0-rc1)
2011-02-26 01:02:03 +0000  (tag: release-1.5.0-rc0)
2010-10-14 18:33:26 +0000  (tag: release-1.4.1)
2010-10-08 21:44:40 +0000  (tag: release-1.4.1-rc0)
2010-09-08 18:29:00 +0000  (tag: release-1.4.0)
2010-09-01 03:30:58 +0000  (tag: release-1.4.0-rc3)
2010-08-30 18:00:10 +0000  (tag: release-1.4.0-rc1)
2010-06-09 22:00:14 +0000  (tag: release-1.3.3)
2010-06-07 02:23:58 +0000  (tag: release-1.3.3-rc0)
2010-06-06 02:05:29 +0000  (tag: release-1.3.3-rc1)
2010-05-10 21:58:52 +0000  (tag: release-1.0.0)
2010-05-10 21:58:52 +0000  (tag: release-1.1.0)
2010-05-10 21:58:52 +0000  (tag: release-1.2.0)
2010-05-10 21:58:52 +0000  (tag: release-1.3.0)
2010-05-10 21:58:52 +0000  (tag: release-1.3.1)
2010-05-10 21:58:52 +0000  (tag: release-1.3.2)