2022-07-13 18:08:53 -0400  (tag: v1.8.2)
2022-07-01 13:16:11 -0400  (tag: v1.8.1)
2021-08-01 07:16:29 -1000  (tag: v1.8.0)
2018-01-05 20:14:05 +0000  (origin/schema-validation)
2017-05-01 18:00:11 +0000  (origin/AXIS2-5785)
2018-11-15 23:59:06 +0000  (tag: v1.7.9)
2018-05-19 15:50:39 +0000  (tag: v1.7.8)
2017-11-20 23:33:08 +0000  (tag: v1.7.7)
2017-07-30 19:51:41 +0000  (tag: v1.7.6)
2017-05-06 14:21:48 +0000  (tag: v1.7.5)
2016-10-21 21:38:30 +0000  (tag: v1.7.4)
2016-05-30 14:56:56 +0000  (tag: v1.7.3)
2016-05-02 16:11:24 +0000  (tag: v1.7.2)
2016-02-20 21:51:45 +0000  (tag: v1.7.1)
2016-01-18 21:31:45 +0000  (tag: v1.7.0)
2012-05-09 20:30:06 +0000  (origin/AXIOM-420)
2015-12-28 21:55:21 +0000  (tag: v1.6.4)
2015-06-27 22:06:38 +0000  (tag: v1.6.3)
2012-04-17 11:22:20 +0000  (tag: v1.6.2)
2011-08-30 22:15:05 +0000  (tag: v1.6.1)
2011-08-30 19:53:37 +0000  (tag: v1.5.6)
2011-05-28 18:22:27 +0000  (tag: v1.5.5)
2011-05-17 08:54:10 +0000  (tag: v1.6.0)
2010-12-19 19:10:14 +0000  (tag: v1.5.4)
2010-11-12 01:09:23 +0000  (tag: v1.5.3)
2010-11-04 19:45:38 +0000  (tag: v2-M2)
2010-11-04 19:44:08 +0000  (tag: v2-M1)
2010-11-04 19:40:09 +0000  (tag: v0.9)
2010-11-04 19:39:26 +0000  (tag: v0.91)
2010-11-04 19:38:36 +0000  (tag: v0.92)
2010-11-04 19:37:01 +0000  (tag: v0.93)
2010-09-06 19:30:14 +0000  (tag: v1.5.2)
2010-08-18 19:34:02 +0000  (tag: java)
2010-08-18 19:34:02 +0000  (tag: v1.5beta2)
2010-08-18 19:32:46 +0000  (tag: v1.5beta1)
2010-08-18 19:31:29 +0000  (tag: v1.5RC)
2010-08-18 19:30:14 +0000  (tag: v1.5.1RC3)
2010-08-18 19:28:59 +0000  (tag: v1.5.1RC2)
2010-08-18 19:27:44 +0000  (tag: v1.5.1RC)
2010-08-18 19:26:28 +0000  (tag: v1.5.1)
2010-08-18 19:25:13 +0000  (tag: v1.5)
2010-08-18 19:23:58 +0000  (tag: v1.4.1)
2010-08-18 19:22:44 +0000  (tag: v1.4)
2010-08-18 19:21:29 +0000  (tag: v1.3)
2010-08-18 19:20:14 +0000  (tag: v1.2)
2010-08-18 19:19:00 +0000  (tag: v1.1.1)
2010-08-18 19:17:42 +0000  (tag: v1.1)
2010-08-18 19:15:08 +0000  (tag: v1.0)
2010-08-18 19:12:37 +0000  (tag: v0.95)
2010-08-18 19:10:52 +0000  (tag: v0.94)
2004-09-02 16:01:47 +0000 