2022-08-09 16:26:10 +0000  (tag: v2.41.0-RC1, tag: sdks/v2.41.0-RC1)
2022-06-22 17:27:32 -0700  (tag: v2.40.0-RC2, tag: v2.40.0, tag: sdks/v2.40.0-RC2, tag: sdks/v2.40.0)
2022-06-22 16:58:01 -0700  (origin/release-2.40.0)
2022-06-19 15:14:39 -0700  (tag: v2.40.0-RC1, tag: sdks/v2.40.0-RC1)
2022-05-19 18:53:55 +0000  (tag: v2.39.0-RC2, tag: v2.39.0, tag: sdks/v2.39.0-RC2, tag: sdks/v2.39.0)
2022-05-19 11:29:25 -0700  (origin/release-2.39.0)
2022-05-13 20:39:44 +0000  (tag: v2.39.0-RC1, tag: sdks/v2.39.0-RC1)
2022-04-12 14:23:44 -0700  (tag: v2.38.0-RC1, tag: v2.38.0, tag: sdks/v2.38.0-RC1, tag: sdks/v2.38.0)
2022-04-12 10:46:59 -0700  (origin/release-2.38.0)
2022-03-21 10:20:13 -0700  (origin/revert-17100-cyang/rfbq-interactive-fix)
2022-03-08 18:59:27 -0800  (origin/revert-16998-import-beam-plugins)
2022-02-28 13:20:00 -0800  (tag: v2.37.0-RC3, tag: v2.37.0, tag: sdks/v2.37.0-RC3, tag: sdks/v2.37.0)
2022-02-28 13:06:37 -0800  (origin/release-2.37.0)
2022-02-18 12:29:24 -0800  (tag: v2.37.0-RC2, tag: sdks/v2.37.0-RC2)
2022-02-16 12:51:07 -0800  (tag: v2.37.0-RC1, tag: sdks/v2.37.0-RC1)
2022-01-26 18:33:37 -0800  (origin/playground-staging)
2022-02-04 03:13:25 +0000  (tag: v2.36.0-RC3, tag: v2.36.0, tag: sdks/v2.36.0-RC3, tag: sdks/v2.36.0)
2022-02-03 17:52:47 +0000  (tag: v2.36.0-RC2, tag: sdks/v2.36.0-RC2)
2022-02-02 13:00:06 -0800  (origin/release-2.36.0)
2022-01-26 18:54:17 +0000  (tag: v2.36.0-RC1, tag: sdks/v2.36.0-RC1)
2021-12-23 23:10:51 -0800  (tag: v2.35.0-RC8, tag: v2.35.0, tag: sdks/v2.35.0-RC8, tag: sdks/v2.35.0)
2021-12-23 23:02:18 -0800  (origin/release-2.35.0)
2021-12-21 17:16:26 -0800  (tag: v2.35.0-RC7, tag: sdks/v2.35.0-RC7)
2021-12-17 14:36:41 -0800  (tag: v2.35.0-RC6, tag: sdks/v2.35.0-RC6)
2021-12-14 19:01:52 -0800  (tag: v2.35.0-RC5, tag: sdks/v2.35.0-RC5)
2021-12-13 16:05:39 -0800  (tag: v2.35.0-RC4, tag: sdks/v2.35.0-RC4)
2021-12-08 07:47:19 -0800  (tag: v2.35.0-RC3, tag: sdks/v2.35.0-RC3)
2021-12-01 15:45:46 -0800  (tag: v2.35.0-RC2, tag: sdks/v2.35.0-RC2)
2021-11-29 17:38:36 -0800  (tag: v2.35.0-RC1, tag: sdks/v2.35.0-RC1)
2021-10-13 17:55:32 -0700  (tag: jupyterlab-sidepanel-v2.0.0)
2021-11-04 14:45:56 -0700  (tag: v2.34.0-RC2, tag: v2.34.0, tag: sdks/v2.34.0-RC2, tag: sdks/v2.34.0)
2021-11-04 14:17:49 -0700  (origin/release-2.34.0)
2021-10-26 16:26:20 -0700  (tag: v2.34.0-RC1, tag: sdks/v2.34.0-RC1)
2021-10-01 13:46:57 -0700  (tag: v2.33.0-RC2, tag: v2.33.0, tag: sdks/v2.33.0)
2021-10-01 11:33:47 -0700  (origin/release-2.33.0)
2021-09-14 14:15:13 -0700  (tag: v2.33.0-RC1)
2021-08-09 22:11:11 -0700  (tag: v2.32.0-RC1, tag: v2.32.0)
2021-08-04 18:07:49 -0700  (origin/release-2.32.0)
2021-06-21 12:56:23 -0700  (tag: v2.31.0-RC1, tag: v2.31.0)
2021-06-18 13:27:06 -0700  (origin/release-2.31.0)
2021-05-27 22:35:13 -0700  (tag: v2.30.0-RC1, tag: v2.30.0)
2021-05-27 22:22:00 -0700  (origin/release-2.30.0)
2021-04-15 13:20:49 -0700  (tag: v2.29.0-RC1)
2021-04-15 13:18:00 -0700  (origin/release-2.29.0)
2021-04-12 11:18:47 -0700  (tag: v2.29.0)
2021-03-15 07:56:48 -0700  (tag: testing)
2021-02-13 10:40:51 -0800  (tag: v2.28.0-RC1, tag: v2.28.0)
2021-01-05 19:50:30 -0800  (tag: v2.27.0-RC4, tag: v2.27.0)
2021-01-02 14:27:54 -0800  (tag: v2.27.0-RC3)
2020-12-22 13:47:28 -0800  (tag: v2.27.0-RC1)
2020-12-07 16:33:26 -0800  (tag: v2.26.0-RC1, tag: v2.26.0)
2020-12-02 15:14:32 -0800  (tag: v2.26.0-RC00)
2020-10-05 18:04:12 -0700  (tag: jupyterlab-sidepanel-v1.0.0)
2020-10-20 10:18:01 -0700  (tag: v2.25.0-RC2, tag: v2.25.0, origin/release-2.25.0)
2020-10-13 11:34:26 -0700  (tag: v2.25.0-RC1)
2020-09-03 21:55:33 -0700  (tag: v2.24.0-RC3, tag: v2.24.0)
2020-09-02 16:06:09 -0700  (tag: v2.24.0-RC2)
2020-08-23 22:08:53 -0700  (tag: v2.24.0-RC1)
2020-07-22 11:46:48 -0700  (tag: v2.23.0-RC2, tag: v2.23.0)
2020-07-08 21:23:17 -0700  (tag: v2.23.0-RC1)
2020-06-03 12:09:33 -0700  (tag: v2.22.0-RC1, tag: v2.22.0)
2020-05-14 15:39:54 -0700  (tag: website-to-hugo)
2020-04-10 17:27:19 -0700  (tag: dataflow_runner_v2)
2020-05-14 12:14:03 -0400  (tag: v2.21.0-RC1, tag: v2.21.0)
2020-04-08 14:38:47 -0700  (tag: v2.20.0-RC2, tag: v2.20.0)
2020-04-07 10:41:39 -0700  (origin/release-2.20.0)
2020-04-01 13:07:56 -0700  (tag: v2.20.0-RC1)
2020-01-27 17:04:49 -0800  (tag: v2.19.0-RC1, tag: v2.19.0)
2020-01-10 12:59:10 -0800  (tag: v2.18.0-RC1, tag: v2.18.0)
2019-12-16 19:18:54 -0800  (tag: v2.17.0-RC2, tag: v2.17.0, origin/release-2.17.0)
2019-09-30 14:27:37 -0700  (tag: v2.16.0-RC1, tag: v2.16.0)
2019-08-14 14:33:41 -0700  (tag: v2.15.0, origin/release-2.15.0)
2019-08-12 15:50:25 -0700  (tag: v2.15.0-RC1)
2019-07-24 13:59:09 -0700  (tag: v2.14.0-RC1, tag: v2.14.0)
2019-05-20 15:14:34 -0700  (tag: java-ulr-removal)
2019-05-29 18:26:21 -0700  (tag: v2.13.0-RC2, tag: v2.13.0)
2019-05-22 15:53:46 -0700  (tag: v2.13.0-RC1)
2019-04-15 14:21:44 -0700  (tag: v2.12.0-RC4, tag: v2.12.0)
2019-04-09 15:16:15 -0700  (tag: v2.12.0-RC3)
2019-04-08 15:03:46 -0700  (tag: v2.12.0-RC2)
2019-04-03 10:15:39 -0700  (tag: v2.12.0-RC1)
2019-02-25 23:48:08 -0800  (tag: v2.11.0-RC2, tag: v2.11.0)
2019-02-22 00:16:16 -0800  (tag: v2.11.0-RC1)
2019-02-06 11:25:11 -0800  (tag: v2.10.0-RC3, tag: v2.10.0)
2019-02-05 13:45:15 -0800  (tag: v2.10.0-RC2)
2019-01-25 16:47:45 -0800  (tag: v2.10.0-RC1)
2018-12-05 22:37:40 -0800  (tag: v2.9.0-RC1, tag: v2.9.0)
2018-10-18 09:58:49 -0700  (tag: v2.8.0-RC1, tag: v2.8.0)
2018-10-05 19:11:22 -0400  (origin/beam-site)
2018-09-26 02:48:34 +0000  (tag: v2.7.0-RC3, tag: v2.7.0)
2018-09-24 19:22:46 -0700  (tag: v2.7.0-RC2)
2018-09-06 15:05:04 -0700  (tag: v2.7.0-RC1)
2018-08-03 15:38:34 -0700  (tag: v2.6.0-RC2, tag: v2.6.0)
2018-07-31 10:57:38 -0700  (tag: v2.6.0-RC1)
2018-06-15 13:56:00 -0700 
2016-02-23 21:46:08 -0800 
2018-06-16 11:29:35 +0200  (tag: v2.5.0-RC2, tag: v2.5.0)
2018-06-15 16:36:57 +0200  (origin/release-2.5.0)
2018-06-06 07:44:26 +0200  (tag: v2.5.0-RC1)
2017-11-16 18:59:08 +0800  (origin/release-2.2.0)
2017-11-16 18:58:47 +0800  (tag: v2.2.0-RC4, tag: v2.2.0)
2017-11-05 01:02:16 -0800  (tag: v2.2.0-RC3)
2017-10-31 17:49:33 -0700  (tag: v2.2.0-RC2)
2017-10-26 17:32:28 -0700  (tag: v2.2.0-RC1)
2017-10-26 12:50:46 -0700  (tag: v-RC1-DupdateWorkingCopyVersions=false)
2018-03-17 00:11:04 -0700  (tag: v2.4.0-RC3, tag: v2.4.0)
2018-03-07 16:59:02 -0800  (tag: v2.4.0-RC2)
2018-03-06 22:28:54 -0800  (tag: v2.4.0-RC1)
2018-02-10 21:49:44 +0100  (tag: v2.3.0-RC3, tag: v2.3.0)
2018-02-07 21:08:03 +0100  (tag: v2.3.0-RC2)
2018-01-29 22:15:40 +0100  (tag: v2.3.0-RC1)
2017-09-20 15:40:40 -0700  (tag: v2.1.1, origin/release-2.1.1)
2017-08-08 20:45:27 +0200  (origin/release-2.1.0)
2017-08-08 20:45:07 +0200  (tag: v2.1.0-RC3, tag: v2.1.0)
2017-07-18 16:52:02 +0200  (tag: v2.1.0-RC2)
2017-07-11 06:40:20 +0200  (tag: v2.1.0-RC1)
2017-08-18 16:52:57 -0700  (tag: v1.9.1)
2017-01-09 10:58:45 -0800  (tag: v1.9.0)
2017-05-12 16:50:12 -0700  (tag: v2.0.0-RC4, tag: v2.0.0)
2017-05-11 23:34:49 -0700  (tag: v2.0.0-RC3)
2017-05-10 18:36:40 -0700  (tag: v2.0.0-RC2)
2017-05-05 18:46:31 -0700  (tag: v2.0.0-RC1)
2017-03-31 13:31:18 -0700  (tag: release-0.6.0-p1)
2017-03-10 18:10:06 -0800  (origin/release-0.6.0)
2017-03-10 18:09:10 -0800  (tag: v0.6.0-RC2, tag: v0.6.0)
2017-03-08 16:32:54 -0800  (tag: v0.6.0-RC1)
2017-03-17 16:42:54 -0700  (tag: v2.0.0-beta3)
2017-03-17 16:42:46 -0700  (tag: v2.0.0-beta3-RC1)
2017-02-02 15:57:25 -0800  (tag: v2.0.0-beta2-RC1, tag: v2.0.0-beta2)
2017-02-02 11:45:43 -0800  (tag: v0.5.0-RC2, tag: v0.5.0)
2017-01-27 18:54:47 +0100  (tag: v0.5.0-RC1)
2016-12-13 22:37:55 -0800  (tag: list)
2016-12-13 16:37:52 -0800  (tag: MOE)
2017-01-06 19:28:25 -0800  (tag: v2.0.0-beta1-RC3, tag: v2.0.0-beta1)
2017-01-06 18:39:55 -0800  (tag: v2.0.0-beta1-RC2)
2017-01-06 18:13:32 -0800  (tag: v2.0.0-beta1-RC1)
2016-12-29 07:31:03 +0100  (tag: v0.4.0-RC1, tag: v0.4.0)
2016-12-15 17:01:29 -0800  (tag: v0.4.0-incubating-RC3)
2016-12-15 13:16:49 -0800  (tag: v0.4.0-incubating-RC2)
2016-12-14 18:58:57 -0800  (tag: v0.4.0-incubating-RC1)
2016-12-10 09:06:31 +0800  (tag: v1.8.1)
2016-09-30 16:44:59 -0700  (tag: v1.8.0)
2016-09-09 13:40:29 -0700  (tag: v1.7.0)
2016-10-24 21:45:04 +0200  (tag: v0.3.0-incubating)
2016-10-24 18:53:59 +0200  (tag: v0.3.0-incubating-RC1)
2016-08-03 17:54:53 -0700  (tag: OldDoFn)
2016-08-08 13:49:42 -0700  (tag: v1.6.1)
2016-06-12 12:05:57 -0700  (tag: v1.6.0)
2016-07-28 01:02:44 -0700  (tag: v0.2.0-incubating-RC2, tag: v0.2.0-incubating)
2016-07-27 15:29:00 -0700  (tag: v0.2.0-incubating-RC1)
2016-06-08 13:04:25 -0700  (tag: v0.1.0-incubating-RC3, tag: v0.1.0-incubating)
2016-06-07 11:12:20 -0700  (tag: v0.1.0-incubating-RC2)
2016-06-01 15:47:47 -0700  (tag: v0.1.0-incubating-RC1)
2016-05-31 19:48:38 -0700  (tag: 0.1.0-incubating-1)
2016-02-26 12:10:43 -0800 
2016-02-08 08:43:44 +0100 
2016-04-15 14:01:15 -0700  (tag: v1.5.1)
2016-03-11 13:49:28 -0800  (tag: v1.5.0)
2016-02-25 23:58:29 -0800  (tag: apache-dataflow-ancestor)
2016-01-21 17:49:37 -0800  (tag: v1.4.0)
2015-12-03 11:43:25 -0800  (tag: v1.3.0)
2015-10-21 12:45:07 -0700  (tag: v1.2.1)
2015-10-05 14:19:03 -0700  (tag: v1.2.0)
2015-09-15 12:02:23 -0700  (tag: v1.1.0)
2015-08-12 06:50:51 -0700  (tag: v1.0.0)
2015-07-27 13:19:22 -0700  (tag: v0.4.20150727)
2015-06-26 11:19:50 -0700  (tag: v0.4.20150710)
2015-06-01 11:54:06 -0700  (tag: v0.4.20150602)
2015-04-16 05:02:16 -0700  (tag: v0.4.20150414)
2015-03-25 21:15:02 -0700  (tag: v0.3.20150326)
2015-02-27 14:22:55 -0800  (tag: v0.3.20150227)
2015-02-11 15:19:19 -0800  (tag: v0.3.20150211)
2015-02-10 16:13:32 -0800  (tag: v0.3.20150210)
2015-01-09 14:07:53 -0800  (tag: v0.3.20150109)
2014-12-16 10:41:21 -0800  (tag: v0.3.20141216)
2014-12-13 10:56:14 -0800 