2022-07-23 15:30:34 +0900  (tag: release-3.1.1, tag: rel/3.1.1, origin/branch-3.1)
2022-05-17 12:59:57 +0900  (tag: release-3.1.0, tag: rel/3.1.0)
2022-04-04 09:49:19 +0900  (tag: release-3.0.1, tag: rel/3.0.1, origin/branch-3.0)
2021-10-15 08:48:20 +0900  (tag: release-3.0.0, tag: rel/3.0.0)
2020-12-07 00:12:07 +0900  (tag: release-1.5.0, tag: rel/1.5.0)
2019-06-16 12:30:07 +0800  (tag: release-1.4.0)
2019-05-18 22:26:49 +0800  (tag: release-1.4.0-RC1)
2019-05-05 14:39:53 +0800  (tag: release-1.4.0-RC0)
2018-11-27 18:10:03 +0800  (tag: release-1.3.0, origin/branch-1.3)
2018-10-05 01:26:45 +0000  (tag: release-1.3.0-RC2, tag: rel/1.3.0)
2018-09-23 23:25:08 +0000  (tag: release-1.3.0-RC1)
2018-05-31 11:49:26 +0200  (origin/BIGTOP-3036)
2018-01-01 19:18:07 +0100  (origin/BIGTOP-2979)
2017-11-12 23:39:02 +0800  (tag: release-1.2.1, origin/branch-1.2)
2017-10-24 22:16:41 +0800  (tag: release-1.2.1-RC2)
2017-10-11 00:53:34 +0800  (tag: release-1.2.1-RC1)
2017-07-01 13:14:47 +0000  (tag: release-1.2.1-RC0)
2017-03-29 18:34:35 -0700  (tag: rel/1.2.0-RC1, tag: rel/1.2.0)
2017-03-29 11:14:27 -0700  (tag: rel/release-1.2.0-RC1)
2016-08-09 20:26:21 +0200  (origin/BIGTOP-2253)
2016-01-30 19:28:03 -0800  (tag: release-1.1.0, tag: rel/1.1.0, origin/branch-1.1)
2015-08-07 13:41:18 -0700  (tag: release-1.0.0, origin/branch-1.0)
2014-10-05 20:17:01 -0700  (origin/branch-0.8)
2014-09-27 18:54:24 -0700  (tag: release-0.8.0)
2013-10-29 22:32:27 -0700  (tag: release-0.7.0-RC1, tag: release-0.7.0, origin/branch-0.7)
2013-10-18 21:07:12 -0700  (tag: release-0.7.0-RC0)
2013-06-10 11:39:48 -0700  (tag: release-0.6.0-RC1, tag: release-0.6.0, origin/branch-0.6)
2012-12-10 14:50:27 -0800  (tag: release-0.5.0-RC0)
2012-08-10 16:53:03 +0000  (tag: release-0.4.0-incubating-RC2)
2012-08-09 20:35:16 +0000  (origin/branch-0.4)
2012-06-30 01:05:31 +0000  (tag: release-0.4.0-incubating-RC1)
2012-06-26 01:56:17 +0000  (tag: release-0.4.0-incubating-RC0)
2012-04-02 15:28:19 +0000  (tag: release-0.3.0-incubating)
2012-03-20 17:23:43 +0000  (tag: release-0.3.0-incubating-RC1)
2012-04-02 15:27:42 +0000  (tag: release-0.2.0-incubating)
2012-03-10 23:22:06 +0000  (tag: release-0.3.0-incubating-RC0)
2011-11-04 20:47:37 +0000  (tag: release-0.2.0-incubating-RC2)
2011-11-03 00:39:22 +0000  (tag: release-0.2.0-incubating-RC1)
2011-11-01 04:54:11 +0000  (tag: release-0.2.0-incubating-RC0)
2011-08-22 15:25:24 +0000  (tag: release-0.1.0-incubating-RC2)
2011-08-22 00:56:06 +0000  (tag: release-0.1.0-incubating)
2011-08-21 23:43:24 +0000  (origin/branch-0.1)
2011-07-19 19:44:48 +0000 