2022-08-24 01:44:19 +0000  (tag: v4.15.1-rc3)
2022-08-22 10:57:11 +0000  (tag: v4.15.1-rc2)
2022-08-20 10:40:49 +0000  (tag: v4.15.1-rc1)
2022-08-04 07:36:43 +0000  (tag: v4.15.1-rc0)
2022-04-29 19:42:01 +0000  (tag: release-4.15.0)
2022-02-08 14:17:10 +0100  (origin/release-master)
2022-04-12 07:25:04 +0000  (tag: release-4.14.5)
2021-12-22 16:49:23 +0000  (tag: release-4.14.4-docker, tag: release-4.14.4)
2021-11-02 08:11:00 +0000  (tag: release-4.14.3)
2021-08-18 02:25:53 +0000  (tag: release-4.14.2)
2021-05-29 04:43:37 +0000  (tag: release-4.14.1)
2021-05-10 04:29:20 +0000  (tag: release-4.14.0)
2021-02-18 08:47:12 +0100  (tag: release-4.12.1-docker)
2020-12-28 11:18:42 +0000  (tag: release-4.12.1)
2020-11-11 10:14:33 +0000  (tag: release-4.12.0)
2021-02-18 00:31:50 +0000  (tag: release-4.13.0)
2020-10-28 11:51:06 +0100  (tag: release-4.11.1-docker)
2020-10-06 12:33:41 +0000  (tag: release-4.11.1)
2020-06-28 02:54:44 +0000  (tag: release-4.11.0-docker, tag: release-4.11.0)
2019-10-31 10:59:46 +0000  (tag: release-4.10.0-docker, tag: release-4.10.0)
2019-05-07 22:54:01 +0000  (tag: release-4.9.2-docker, tag: release-4.9.2)
2019-03-21 21:59:01 +0000  (tag: release-4.9.1-docker, tag: release-4.9.1)
2019-04-01 14:29:23 +0200  (tag: release-4.8.2-docker)
2019-03-08 14:35:28 +0000  (tag: release-4.8.2)
2019-02-02 07:40:28 +0800  (tag: release-4.9.0)
2018-12-05 11:51:23 -0800  (tag: release-4.7.3)
2018-12-05 08:37:54 +0100  (tag: release-4.8.1)
2018-09-20 10:34:15 +0000  (tag: release-4.8.0)
2018-09-10 13:24:02 -0700  (tag: release-4.7.2)
2018-06-19 11:10:59 -0700  (tag: release-4.7.1)
2018-04-17 12:00:07 -0700  (tag: release-4.7.0)
2018-02-26 16:35:41 -0800 
2018-01-07 19:55:21 -0800 
2018-01-26 11:42:50 -0800 
2017-10-30 12:17:01 +0800 
2018-01-26 11:39:06 -0800 
2016-05-09 12:06:08 -0700 
2018-01-26 11:35:24 -0800 
2016-05-09 12:06:08 -0700 
2017-06-21 10:20:15 -0700 
2018-04-03 13:21:21 +0200  (tag: release-4.6.2)
2018-01-30 08:57:22 +0100  (tag: release-4.6.1)
2017-12-26 09:11:05 +0800  (tag: release-4.6.0)
2017-12-01 22:16:04 -0700  (tag: release-4.5.1)
2017-08-13 23:52:29 -0700  (tag: release-4.5.0)
2016-05-05 09:23:02 -0700  (tag: release-4.4.0, origin/branch-4.4)
2015-11-17 11:30:45 -0800  (tag: release-4.3.2)
2015-05-19 21:28:26 -0700  (tag: release-4.3.1)
2014-12-19 20:07:54 +0100  (tag: release-4.2.4, origin/branch-4.2)
2014-10-08 09:35:37 +0000  (tag: release-4.3.0)
2014-06-23 15:40:42 +0000  (tag: release-4.2.3)
2013-10-02 13:37:05 +0000  (tag: release-4.2.2)
2013-02-19 18:41:29 +0000  (tag: release-4.2.1)
2013-01-14 17:29:50 +0000  (tag: release-4.2.0)
2012-06-07 15:24:59 +0000  (tag: release-4.1.0)
2011-12-02 20:02:11 +0000  (tag: release-4.0.0)
2011-12-02 19:57:10 +0000  (origin/branch-4.0)