commit 7c04efa3cb1c61cfc2af77f98c9e4def7499658f
Merge: 80904c1 68d657a
Author: Iuliana Cosmina <iuliana@cloudsoft.io>
Date:   2022-02-21 15:23:41 +0000

    Merge pull request #56 from algairim/build/Jenkinsfile
    
    Use double quotes to resolve DOCKER_TAG

commit 68d657aa90ad0b46b4e558f96c43ecf55c768f67
Author: Mykola Mandra <mykola.mandra@cloudsoft.io>
Date:   2022-02-21 15:22:43 +0000

    Use double quotes to resolve DOCKER_TAG
    
    Signed-off-by: Mykola Mandra <mykola.mandra@cloudsoft.io>

2	1	Jenkinsfile

commit 80904c1cb24f331fa6d80a0dfcde24bcabb0cb34
Merge: 7fdccd2 8bf0604
Author: Duncan Grant <duncangrant@gmail.com>
Date:   2021-10-07 10:35:05 -0400

    Merge pull request #55 from duncangrant/update-licenses
    
    Update to include new licenses - Reviewed by @ahgittin

commit 8bf0604c9f32961b5aa53bcfb0e566290919e1bd
Author: Duncan Grant <duncan.grant@cloudsoft.io>
Date:   2021-10-07 15:28:16 +0100

    Update to include new licenses

240	171	DEPENDENCIES
1	1	brooklyn-client
1	1	brooklyn-dist
1	1	brooklyn-docs
1	1	brooklyn-library
1	1	brooklyn-server
1	1	brooklyn-ui

commit 7fdccd260164293e0ebfe51a4d428aca1c717e2d
Merge: 09a51f4 8d71f00
Author: Alex Heneveld <alex.heneveld@cloudsoftcorp.com>
Date:   2021-09-15 15:24:45 +0100

    Merge remote-tracking branch 'apache-git/master'

commit 09a51f48a0fd66d92547f33a1a095f4c57f5ae2a
Author: Alex Heneveld <alex.heneveld@cloudsoftcorp.com>
Date:   2021-09-15 15:22:53 +0100

    do a docker logout as part of jenkins build
    
        suggested this fixes problems with unauthorization

1	0	Jenkinsfile

commit 8d71f00ad98a70c7791fcb4cb82e4c187e4cb000
Author: iuliana <iuliana@cloudsoft.io>
Date:   2021-06-30 14:05:06 +0100

    Added default goal

1	1	brooklyn-client
1	1	brooklyn-dist
1	1	brooklyn-docs
1	1	brooklyn-server
1	1	brooklyn-ui
1	0	pom.xml

commit f96aef5b1f11783d8e9a77d5bb0d75a71b37c428
Merge: 69fc1f7 37ffd62
Author: Andrew Donald Kennedy <andrew.kennedy@cloudsoftcorp.com>
Date:   2021-05-17 13:14:41 +0100

    Merge pull request #53 from apache/revert-52-fix/brooklyn-client-memory
    
    Revert "Fix brooklyn-client build issue"

commit 37ffd62d24a0d2c2b397b40f5a8fb4153c0a5bce
Author: Andrew Donald Kennedy <andrew.international@gmail.com>
Date:   2021-05-17 13:14:25 +0100

    Revert "Fix brooklyn-client build issue"

2	2	Jenkinsfile

commit 69fc1f756a761b9ba4ddf406460a6a65b7c5ae2a
Merge: 793ceff 4ae75f0
Author: Iuliana Cosmina <iuliana@cloudsoft.io>
Date:   2021-05-17 12:03:54 +0100

    Merge pull request #52 from grkvlt/fix/brooklyn-client-memory
    
    Fix brooklyn-client build issue

commit 4ae75f0123a5bc07fc0b4c02fc583ebe820ff967
Author: Andrew Donald Kennedy <andrew.international@gmail.com>
Date:   2021-05-11 15:42:47 +0100

    Add client profile to Maven build and set memory to 12Gb

2	2	Jenkinsfile

commit 793cefff8902dad7f2460049c4d2eefbfa5848f7
Merge: bf7cc33 5f307a4
Author: Iuliana Cosmina <iuliana@cloudsoft.io>
Date:   2021-05-13 10:54:32 +0100

    Merge pull request #51 from apache/revert-50-fix/brooklyn-client-build
    
    Revert "Fix brooklyn-client build issue"

commit 5f307a47904c18824a5c5178e86a9dd1f91b9303
Author: Iuliana Cosmina <iuliana.cosmina@gmail.com>
Date:   2021-05-13 10:53:48 +0100

    Revert "Fix brooklyn-client build issue"

2	2	Jenkinsfile
1	1	brooklyn-ui

commit bf7cc33c6e393f18b927b2fd519946ab96a17419
Merge: 5858d3c 4feec3c
Author: Iuliana Cosmina <iuliana@cloudsoft.io>
Date:   2021-05-13 09:14:25 +0100

    Merge pull request #50 from grkvlt/fix/brooklyn-client-build
    
    Fix brooklyn-client build issue

commit 4feec3c48c0cd20d090f110a115f83ece0f2137b
Author: Andrew Donald Kennedy <andrew.international@gmail.com>
Date:   2021-05-11 15:42:47 +0100

    Add client profile to Maven build commands and set memory to 8Gb

2	2	Jenkinsfile

commit 82a189f66133925301693605e93868ff839fdd54
Author: Andrew Donald Kennedy <andrew.international@gmail.com>
Date:   2021-05-11 15:35:39 +0100

    Updated brooklyn-ui commit reference

1	1	brooklyn-ui

commit 5858d3c161808bfb134efd45aeb66d76a1a9a06d
Author: Duncan Grant <duncan.grant@cloudsoft.io>
Date:   2021-04-13 17:11:29 +0100

    Disable client build

2	2	Jenkinsfile
1	1	brooklyn-server
1	1	pom.xml

commit 7188f83be5c24eb9d36cb21d84bcc414ff298603
Author: Duncan Grant <duncan.grant@cloudsoft.io>
Date:   2021-04-13 15:32:26 +0100

    UseConcMarkSweepGC

1	1	Jenkinsfile
1	1	brooklyn-client
1	1	brooklyn-dist
1	1	brooklyn-docs
1	1	brooklyn-library
1	1	brooklyn-server
1	1	brooklyn-ui
1	1	pom.xml

commit 630724af1792097ee2001022041f06412f66830d
Author: Duncan Grant <duncan.grant@cloudsoft.io>
Date:   2021-04-13 13:17:17 +0100

    Re-enable unit tests

1	1	Jenkinsfile

commit 7132ee77654b55ebd87c4fc0e97897c297f2470b
Author: Duncan Grant <duncan.grant@cloudsoft.io>
Date:   2021-04-13 12:52:24 +0100

    XX:+CMSClassUnloadingEnabled -XX:+UseConcMarkSweepGC for testing

1	1	Jenkinsfile

commit b851e5679ee0c46748161603e25a1bf2ea702959
Author: Duncan Grant <duncan.grant@cloudsoft.io>
Date:   2021-04-13 12:21:53 +0100

    XX:+CMSClassUnloadingEnabled -XX:+UseConcMarkSweepGC for testing

1	1	Jenkinsfile

commit e66c271a4c6d4dd04a6942ef094790d0d860a738
Author: Duncan Grant <duncan.grant@cloudsoft.io>
Date:   2021-04-13 11:55:21 +0100

    XX:+CMSClassUnloadingEnabled -XX:+UseConcMarkSweepGC for testing

1	1	Jenkinsfile

commit 055dd72fd1c3ee4a7ea3b2871838d4a7cb1a77c8
Author: Duncan Grant <duncan.grant@cloudsoft.io>
Date:   2021-04-13 11:03:54 +0100

    Increase heap for deploy step

2	2	Jenkinsfile

commit c893f3627adbb9aa2058a8b175914bded10221c8
Author: Duncan Grant <duncan.grant@cloudsoft.io>
Date:   2021-04-13 10:09:59 +0100

    Temp disable unit tests

1	1	Jenkinsfile

commit c06ca9f759b3c31dfa2b47109335973bc57b56bd
Author: Duncan Grant <duncan.grant@cloudsoft.io>
Date:   2021-04-13 09:07:02 +0100

    Try 8g mem

1	1	Jenkinsfile

commit 5acb4d22d07e12656de8e799d7abea75eb65f9ed
Author: Duncan Grant <duncan.grant@cloudsoft.io>
Date:   2021-04-12 20:59:37 +0100

    Up available memory

1	1	Jenkinsfile

commit 11a023bde822166ec8b36de97be08fac69c952d8
Merge: 8786592 b6def2d
Author: Juan Cabrerizo <juan@cloudsoft.io>
Date:   2021-03-09 12:00:26 +0000

    Merge pull request #48 from apache/extend-go-version

commit b6def2d33709203c6c32c04e2160b07647c9566b
Author: Duncan Grant <duncan.grant@cloudsoft.io>
Date:   2021-03-09 09:34:54 +0000

    Revert change to maven container version

1	1	Dockerfile

commit 1abf5c7ce1f074c02594835283288ab99b4a2feb
Author: Duncan Grant <duncan.grant@cloudsoft.io>
Date:   2021-03-08 11:33:00 +0000

    Updates go version
    
    Duplicates https://github.com/apache/brooklyn-client/pull/86

11	2	Dockerfile

commit 8786592c0dcc7d1b2e2915cd732156a65ce3ee21
Author: Alex Heneveld <alex.heneveld@cloudsoftcorp.com>
Date:   2020-07-22 13:18:48 +0100

    bump sub-projects to latest commits

1	1	brooklyn-client
1	1	brooklyn-dist
1	1	brooklyn-library
1	1	brooklyn-server
1	1	brooklyn-ui

commit bb51cd17fa3da0d6063c4dd49f74861b3f6a3859
Merge: 0f77fa1 3c29bf2
Author: Alex Heneveld <alex.heneveld@cloudsoftcorp.com>
Date:   2020-07-22 13:17:54 +0100

    This closes #47

commit 3c29bf249726106df949088e18d149165bb8341a
Author: Alex Heneveld <alex.heneveld@cloudsoftcorp.com>
Date:   2020-06-02 10:07:40 +0100

    bump submodules to latest versions

1	1	brooklyn-client
1	1	brooklyn-dist
1	1	brooklyn-library
1	1	brooklyn-server
1	1	brooklyn-ui

commit d5e10b2423b4018f8dd35be8cd04883359e576ea
Merge: 2e8af80 0f77fa1
Author: Alex Heneveld <alex.heneveld@cloudsoftcorp.com>
Date:   2020-06-02 09:56:05 +0100

    Merge branch 'master' into license-update-2020

commit 2e8af80eb1f9431693e732ebd22b601f36f7327b
Author: Alex Heneveld <alex.heneveld@cloudsoftcorp.com>
Date:   2020-06-02 09:52:45 +0100

    fully updated LICENSE, NOTICE, DEPENDENCIES
    
    DEPENDENCIES as per previous but with all licenses added

1268	0	DEPENDENCIES
1	678	LICENSE
15	1321	NOTICE

commit fa0ed65c1c287d3e0683e63468d94e501455887e
Author: Alex Heneveld <alex.heneveld@cloudsoftcorp.com>
Date:   2020-06-02 09:51:45 +0100

    DEPENDENCIES file containing latest info, but in same format as old NOTICE
    
    to enable easy comparison of changes this introduces

367	157	DEPENDENCIES

commit 5540b29e372fa2d9b7e7f0afd4d81cdd8a601bf5
Author: Alex Heneveld <alex.heneveld@cloudsoftcorp.com>
Date:   2020-06-02 09:50:42 +0100

    add old NOTICE file as DEPENDENCIES - for subsequent comparison

1384	0	DEPENDENCIES

commit 0f77fa1606b22f2a5e2dec7a5157257126684119
Merge: b38fcc2 dcd3b6e
Author: Duncan Grant <duncangrant@gmail.com>
Date:   2020-03-25 10:39:14 +0000

    Merge pull request #45 from jcabrerizo/feature/add-cli-jenkins
    
    add client profile to jenkins build

commit dcd3b6ebdeef6b82db27247a418d47cb07892a16
Author: Juan Cabrerizo <juan@cloudsoft.io>
Date:   2020-03-25 10:36:49 +0000

    add client profile to jenkins build

1	1	Jenkinsfile

commit b38fcc24fdad30a81c90478bee7f5c602652acdc
Author: Richard Downer <richard@apache.org>
Date:   2020-03-02 17:16:24 +0000

    Update submodule pointers

1	1	brooklyn-client
1	1	brooklyn-dist
1	1	brooklyn-docs
1	1	brooklyn-library
1	1	brooklyn-server
1	1	brooklyn-ui

commit c1e9f406468e49ab8df19e7844e59606921220b8
Author: Richard Downer <richard@apache.org>
Date:   2020-03-02 17:16:05 +0000

    Set version to 1.1.0-SNAPSHOT

2	2	README.md
1	1	pom.xml

commit 50de637e69a16a1f8331f142e4d286291b70e3a0
Merge: bd1da8d 8603ab4
Author: Geoff Macartney <geomacy@users.noreply.github.com>
Date:   2020-02-25 13:49:41 +0000

    Merge pull request #44 from kemitix/docker-openjdk-8-already-installed
    
    Don't install openjdk

commit 8603ab4b2c2041dbc69155a462934950fcb5d9e7
Author: Paul Campbell <pcampbell@kemitix.net>
Date:   2020-02-19 10:54:22 +0000

    Don't install openjdk
    
    The source image already includes a version of openjdk-8. Removing this command as it fails due to the package not being available from the software repos.

0	3	Dockerfile

commit bd1da8df641a6b4908df369ae64c0b037efa0f8b
Merge: 0586a63 667083e
Author: Thomas Bouron <thomas.bouron@cloudsoftcorp.com>
Date:   2020-02-11 13:53:35 +0000

    Merge pull request #43 from tbouron/fix/dockerfile-2
    
    Fix docker build by reverting to docker image maven:3.5.4-jdk-8

commit 667083e648d52c0aba7f4da600ff17e5510d9b1b
Author: Thomas Bouron <thomas.bouron@cloudsoftcorp.com>
Date:   2020-02-11 11:13:12 +0000

    Fix docker build by reverting to docker image maven:3.5.4-jdk-8

1	1	Dockerfile

commit 0586a6367c570146f18391613e853f0051842ddc
Merge: 7071bdc 38950e1
Author: Richard Downer <richard@apache.org>
Date:   2020-01-28 11:05:59 +0000

    Merge pull request #40 from nakomis/dockerfile-update
    
    Adds dependencies to Dockerfile for creating release artifacts

commit 38950e10235656080a5030bc4db677e319652a73
Author: Martin Harris <martin.harris@cloudsoftcorp.com>
Date:   2020-01-28 10:57:53 +0000

    Adds dependencies to Dockerfile for creating release artifacts

8	1	Dockerfile

commit 7071bdced72c479e6f2d4b926310c79cee24641f
Merge: fefab67 5ad540b
Author: Thomas Bouron <thomas.bouron@cloudsoftcorp.com>
Date:   2020-01-20 15:08:00 +0000

    Merge pull request #36 from nakomis/fix/README
    
    Fixes instructions for building Brooklyn

commit 5ad540b36d59744df0a505ec43d8ae403dea1a10
Author: Martin Harris <martin.harris@cloudsoftcorp.com>
Date:   2020-01-20 15:06:25 +0000

    Fixes instructions for building Brooklyn

4	4	README.md

commit fefab67779e8313c1ee1693a91dbc13781db6de9
Merge: 47c1246 47fb370
Author: Alex Heneveld <alex.heneveld@cloudsoftcorp.com>
Date:   2020-01-20 13:28:25 +0000

    This closes #37

commit 47fb37041bbce8be2375193a65fbea2bcf7cea7a
Author: Martin Harris <martin.harris@cloudsoftcorp.com>
Date:   2020-01-20 13:12:49 +0000

    Bumps maven version in Dockerfile

1	1	Dockerfile

commit 47c12464d80d28fed113c85ab8596038ce72b0be
Merge: f7ef3e7 bd16f4d
Author: Thomas Bouron <tbouron@gmail.com>
Date:   2019-12-06 09:56:16 +0000

    Merge pull request #31 from nakomis/ignore-java-version
    
    Ignores .java-version (jenv config file)

commit f7ef3e793091536eeba5c2dd77dcf1f5dcb32952
Merge: 4a83d86 7e815e4
Author: Thomas Bouron <tbouron@gmail.com>
Date:   2019-12-06 09:55:35 +0000

    Merge pull request #32 from infrastation/master
    
    fixup README.md

commit 4a83d865e379888a6d4ba80cec0a82b547fa8262
Merge: 30f3d27 ae872cd
Author: Thomas Bouron <tbouron@gmail.com>
Date:   2019-12-05 12:27:36 +0000

    Merge pull request #33 from tbouron/master
    
    Add jenkinsfile for multibranch job on Jenkins

commit ae872cda08b0a5ed5662597162cd17032df9b075
Author: Thomas Bouron <thomas.bouron@cloudsoftcorp.com>
Date:   2019-12-03 11:33:28 +0000

    Add jenkinsfile for multibranch job on Jenkins

10	1	Dockerfile
19	4	Jenkinsfile

commit 7e815e4adbe11ccf09d23a19be87a10084f5e9c5
Author: Denis Ovsienko <denis@ovsienko.info>
Date:   2019-11-28 12:33:22 +0000

    fixup README.md
    
    Switch some URLs to HTTPS and put some fencing right.

5	5	README.md

commit bd16f4d3e1d1b5d5afc24f528bf1ad112d6ec6ad
Author: Martin Harris <martin.harris@cloudsoftcorp.com>
Date:   2019-11-27 16:04:05 +0000

    Ignores .java-version (jenv config file)

2	0	.gitignore

commit 30f3d2754a98670d57d142193ba51af3038555af
Merge: 2e38d75 0cdd12d
Author: Geoff Macartney <geomacy@users.noreply.github.com>
Date:   2019-03-07 20:20:06 +0000

    Merge pull request #30 from tbouron/feature/optional-build
    
    Make the go cli optional by default

commit 0cdd12d4fe1a320457716e9b552deb8de0015774
Author: Thomas Bouron <thomas.bouron@cloudsoftcorp.com>
Date:   2019-03-07 16:38:37 +0000

    Make the build of rpm, deb, docker and go cli optional by default

3	3	pom.xml

commit 2e38d758937b9c72a987273996ee505f23b4d609
Author: Alex Heneveld <alex.heneveld@cloudsoftcorp.com>
Date:   2019-01-31 12:09:13 +0000

    updated license / dependencies

132	1238	LICENSE
811	270	NOTICE

commit 4bf4f4c821cad74bbdbf82951717e43a96956f32
Author: Alex Heneveld <alex.heneveld@cloudsoftcorp.com>
Date:   2019-01-31 12:08:33 +0000

    add eclipse excludes for non-supported maven goals

44	0	pom.xml

commit 2bfd3c01e38bd16313ca9c3dcc44b9140296e10b
Merge: 7eec5c7 103f445
Author: Alex Heneveld <alex.heneveld@cloudsoftcorp.com>
Date:   2019-01-31 12:08:26 +0000

    Merge branch 'build-number-instruction'

commit 7eec5c7bee07d94d37f79aadbdfe2a4466df7827
Merge: 7f421bb e09ef2b
Author: Duncan Grant <duncan.grant@cloudsoft.io>
Date:   2018-11-12 09:27:55 +0000

    Closes #24
    
    Update docker instructions to mount the docker socket
    
    This is because https://github.com/apache/brooklyn-dist/pull/118 now build docker, therefore the container needs to be able to access the docker engine on the host

commit e09ef2bf43416bb91339573c52aa9876c2c8962a
Author: Thomas Bouron <thomas.bouron@cloudsoftcorp.com>
Date:   2018-11-04 09:50:45 +0000

    Update docker instructions to mount the docker socket
    
    This is because https://github.com/apache/brooklyn-dist/pull/118 now build docker, therefore the container needs to be able to access the docker engine on the host

3	1	README.md

commit 7f421bb10bffe1ba966d3a16bf1f172f85d84022
Merge: a915db7 18d07ee
Author: Aled Sage <aled.sage@gmail.com>
Date:   2018-10-01 09:19:35 +0100

    This closes #23

commit 18d07ee82b10c5fc9415accd200701e1e4ca8642
Author: Aled Sage <aled.sage@gmail.com>
Date:   2018-10-01 09:14:58 +0100

    jenkins: fix npm build, removing docker -u
    
    npm writes to ~/.npm, and reads ~/.npmrc. But user 910 does
    not exist in container, so has no home directory. Therefore
    npm fails. Reverting `-u` for now.

2	2	Jenkinsfile

commit a915db73123703bf5fd2bffb9841d2cc313fc299
Merge: bd0f52c 48bb7ac
Author: Aled Sage <aled.sage@gmail.com>
Date:   2018-10-01 09:03:09 +0100

    This closes #19

commit bd0f52c3bf790f3e3cc9d01b2fb7fa7facb15c99
Merge: 2610f68 5122c6d
Author: Aled Sage <aled.sage@gmail.com>
Date:   2018-09-27 10:43:43 +0100

    This closes #22

commit 5122c6d558465a6254c81fa7c1bcc6b959f6710d
Author: Aled Sage <aled.sage@gmail.com>
Date:   2018-09-27 10:41:07 +0100

    README: fix path to built karaf artifact

4	2	README.md

commit c2a3f37518278c8a03c738f8ef1d4378fe628d3b
Author: Aled Sage <aled.sage@gmail.com>
Date:   2018-09-27 10:40:47 +0100

    jenkins: fix user.name in docker
    
    User 910 is unknown in the docker container, so
    `${id -un 910}` does not return a name. We don¡¯t
    care what user.name it has, as long as there is one.

2	2	Jenkinsfile

commit 2610f689804974f93cfbc2c63ca0d9a98be5ca66
Author: Aled Sage <aled.sage@gmail.com>
Date:   2018-09-25 15:41:27 +0100

    jenkins: add submodule-init

1	0	Jenkinsfile

commit 4b9d577cf4b12ef82ee04ba681c7f4a1409d50c9
Merge: 3af021d d1280c8
Author: Aled Sage <aled.sage@gmail.com>
Date:   2018-09-25 15:24:18 +0100

    This closes #21

commit d1280c84bb88ccb9b99ccaf3faa0ce0583b36a61
Author: Aled Sage <aled.sage@gmail.com>
Date:   2018-09-25 15:21:49 +0100

    Jenkins: use pipeline, and don¡¯t bind-mount .m2

5	1	Dockerfile
81	0	Jenkinsfile
14	3	README.md

commit 103f4452c9a27a61d3ce48e3d17ac51d660a0e7c
Author: Alex Heneveld <alex.heneveld@cloudsoftcorp.com>
Date:   2018-09-11 15:42:26 +0100

    include instructions for building outwith source control

12	0	README.md

commit 48bb7ac45953c97859ed72cec76362d8585d3fa8
Author: Sylwester Lachiewicz <slachiewicz@gmail.com>
Date:   2018-09-08 14:55:03 +0200

    Update Docker image to use Maven 3.5.4

1	1	Dockerfile

commit 3af021d73c579d8dd5ee901dc5a6b2e8ba6791b7
Author: Richard Downer <richard@apache.org>
Date:   2018-09-07 10:28:27 +0000

    Update submodule pointers ready for 1.0.0-M1-RC1 release

1	1	brooklyn-client
1	1	brooklyn-dist
1	1	brooklyn-docs
1	1	brooklyn-library
1	1	brooklyn-server
1	1	brooklyn-ui

commit ddcb46c24f60be807542d5034becf82a5997f9c1
Merge: 1e39ed8 c2c0b53
Author: Alex Heneveld <alex.heneveld@cloudsoftcorp.com>
Date:   2018-07-27 15:54:54 +0100

    This closes #18

commit c2c0b5385834c4d11223f97cebe21d39163d66b1
Author: Thomas Bouron <thomas.bouron@cloudsoftcorp.com>
Date:   2018-07-27 15:20:15 +0100

    Add required dependencies for the new Brooklyn UI

11	2	Dockerfile

commit 1e39ed81db662771ee0452cccc17d1dfb310378f
Merge: 655cedb 6f9d19a
Author: Thomas Bouron <thomas.bouron@cloudsoftcorp.com>
Date:   2018-07-27 11:01:08 +0100

    This closes #17

commit 6f9d19aed4f0d7bd7c4271fd3cbd25427852f8c2
Author: Alex Heneveld <alex.heneveld@cloudsoftcorp.com>
Date:   2018-07-27 10:58:03 +0100

    switch order of build, so server before ui
    
    needed because ui modularity server depends on brooklyn server java;
    fortunately ui is no longer needed for brooklyn server so this is safe.

1	1	pom.xml

commit 655cedbcabe55f424b1ef91824f6195e890238bf
Merge: 9b36dfa bd67644
Author: Geoff Macartney <geoff.macartney@cloudsoftcorp.com>
Date:   2018-07-18 16:18:39 +0100

    Closes #16
    
    updated LICENSE and NOTICE, using new procedure
    
    Supporting changes for https://github.com/apache/brooklyn-dist/pull/123

commit bd676446424b71dd876e17533da8849623ca468b
Author: Alex Heneveld <alex.heneveld@cloudsoftcorp.com>
Date:   2018-06-26 13:44:28 +0100

    updated LICENSE and NOTICE, using new procedure

2327	514	LICENSE
842	4	NOTICE

commit 9b36dfac2095983ccc167c11168409792fe7fee3
Merge: d136ae3 6ca934a
Author: Geoff Macartney <geoff.macartney@cloudsoftcorp.com>
Date:   2018-06-22 09:28:24 +0100

    Closes #15
    
    edit Brooklyn license info so that GitHub recognizes it
    
    Hello! 
    
    (CCing @dankohn who has requested this work so that the license will appear correctly in https://landscape.cncf.io/selected=apache-brooklyn)
    
    GitHub uses a library called Licensee to identify a project's license
    type. It shows this information in the status bar and via the API if it
    can unambiguously identify the license.
    
    This commit updates the LICENSE file so that it begins with the full
    text of the Apache license (including the Appendix). The text that
    preceded the beginning of the license text has been transferred to a
    new "License" section in the README.
    
    Collectively, these changes allow Licensee to successfully identify the
    license type of Brooklyn as Apache 2.0.
    
    REFS: [BROOKLYN-593](https://issues.apache.org/jira/browse/BROOKLYN-593)

commit 6ca934ad1dacbfd9f49c5191b6fd40fe0cdb8073
Author: Andrea Kao <eirinikos@gmail.com>
Date:   2018-06-18 19:17:06 -0700

    edit Brooklyn license info so that GitHub recognizes it
    
    GitHub uses a library called Licensee to identify a project's license
    type. It shows this information in the status bar and via the API if it
    can unambiguously identify the license.
    
    This commit updates the LICENSE file so that it begins with the full
    text of the Apache license (including the Appendix). The text that
    preceded the beginning of the license text has been transferred to a
    new "License" section in the README.
    
    Collectively, these changes allow Licensee to successfully identify the
    license type of Brooklyn as Apache 2.0.
    
    REFS: BROOKLYN-593
    Signed-off-by: Andrea Kao <eirinikos@gmail.com>

26	18	LICENSE
3	0	README.md

commit d136ae3a3cc022a4da7d62f10e3e886c4e3e26ae
Merge: 48dbcc3 d7f0049
Author: Richard Downer <richard@apache.org>
Date:   2018-04-30 13:11:55 +0100

    Merge and close #14

commit d7f0049c46a0aa2b8be65e5f3c4bdae898b0d3e1
Author: Richard Downer <richard@apache.org>
Date:   2018-04-30 13:07:33 +0100

    Fix issue in doap_Brooklyn.rdf
    
    As requested, update the DOAP file to correct an error. See [this post on the mailing list](https://lists.apache.org/thread.html/3a7f99b538c7109caef91bcf54733ab9c419a3507d5c9a96c4aec484@%3Cdev.brooklyn.apache.org%3E).

1	1	doap_Brooklyn.rdf

commit 48dbcc3c42ac3e216db94c30edbfe98519a79d1d
Merge: 1ce6bc2 09106a0
Author: Duncan Godwin <drigodwin@googlemail.com>
Date:   2017-11-21 11:45:14 +0000

    This closes #13

commit 09106a0fbe4eef46da91ed2005ce9abacd770fa3
Author: Duncan Godwin <duncan.godwin@cloudsoftcorp.com>
Date:   2017-10-06 13:22:02 +0000

    Add dockerfile for CI build

31	0	Dockerfile
11	3	README.md
1	1	pom.xml

commit 1ce6bc2682cdf1e151f06409a462c69020141944
Author: Duncan Godwin <duncan.godwin@cloudsoftcorp.com>
Date:   2017-10-06 13:22:02 +0000

    Change version to 1.0.0-SNAPSHOT

2	2	README.md
1	1	pom.xml

commit 5f50bc6d15d50adc30316f618fc8bbf07a6f8311
Author: Duncan Godwin <duncan.godwin@cloudsoftcorp.com>
Date:   2017-10-06 13:21:56 +0000

    Update submodules to 1.0.0-SNAPSHOT

1	1	brooklyn-client
1	1	brooklyn-dist
1	1	brooklyn-docs
1	1	brooklyn-library
1	1	brooklyn-server
1	1	brooklyn-ui

commit 3185d2ad1f71add402198fb1fa9fa5bcccc86f74
Author: Duncan Godwin <duncan.godwin@cloudsoftcorp.com>
Date:   2017-09-18 15:13:28 +0000

    Change version to 0.13.0-SNAPSHOT

2	2	README.md
1	1	pom.xml

commit fed4d826459cf90cd4d57161c7c1dd1fc3c23cf9
Author: Duncan Godwin <duncan.godwin@cloudsoftcorp.com>
Date:   2017-09-18 15:13:19 +0000

    Update submodules to 0.13.0-SNAPSHOT

1	1	brooklyn-client
1	1	brooklyn-dist
1	1	brooklyn-docs
1	1	brooklyn-library
1	1	brooklyn-server
1	1	brooklyn-ui

commit 3f6609ad257b1d8828ece793dae5dd84806ad995
Merge: 7cdaa69 067e043
Author: Duncan Godwin <drigodwin@googlemail.com>
Date:   2017-06-15 12:32:29 +0100

    This closes #12

commit 067e0436d9236ba20cf2ef2c1b88d96d7273e72f
Author: Richard Downer <richard@apache.org>
Date:   2017-05-31 16:02:26 +0100

    Update the DOAP ("Description Of A Project") file

38	68	doap_Brooklyn.rdf

commit 7cdaa69a1c6bdf1dbd93f20a240998130acfd99f
Merge: 164dcff d8cca3e
Author: Duncan Godwin <drigodwin@googlemail.com>
Date:   2017-05-19 14:03:01 +0100

    This closes #11

commit d8cca3e05c6bac24fc2ac9cd9313d692ef79d597
Author: Svetoslav Neykov <svetoslav.neykov@cloudsoftcorp.com>
Date:   2017-05-19 15:37:00 +0300

    Move to Java 8, remove MaxPermSize options

1	1	.mvn/jvm.config

commit 164dcff75720c60592fa04a5942236246f7a1a62
Merge: 6263e7c cc6e8cf
Author: Duncan Godwin <drigodwin@googlemail.com>
Date:   2017-05-04 11:35:07 +0100

    This closes #10

commit cc6e8cfc13e98f0cbab05a806588b506b20a6d8c
Author: Richard Downer <richard@apache.org>
Date:   2017-04-11 21:10:27 +0100

    LICENSE updates

6	0	LICENSE

commit 6263e7cb0f16a6d30b3a203babaccb62d3b0e67b
Author: Richard Downer <richard@apache.org>
Date:   2017-04-11 15:14:37 +0000

    Bump submodule pointers

1	1	brooklyn-client
1	1	brooklyn-dist
1	1	brooklyn-docs
1	1	brooklyn-library
1	1	brooklyn-server
1	1	brooklyn-ui

commit d57402880ca7e62b203460492973aebb7d5b71e6
Author: Richard Downer <richard@apache.org>
Date:   2017-04-11 15:14:22 +0000

    Bump version to 0.12.0-SNAPSHOT

2	2	README.md
1	1	pom.xml

commit 406d5b580ba1b98b0e1a09356499f97e6f64341e
Merge: 0bcd9ac de985a0
Author: Aled Sage <aled.sage@gmail.com>
Date:   2017-02-03 20:44:54 +0000

    This closes #8

commit 0bcd9ac733a0b83edef98214ba37d61be32c4a11
Merge: 64d4ba9 acb9155
Author: Geoff Macartney <geoff.macartney@cloudsoftcorp.com>
Date:   2016-12-15 13:51:49 +0000

    This closes #9 Update LICENSE dependencies to current project state

commit 64d4ba92d4ecef3273852a32da0582772d65249a
Author: Svetoslav Neykov <svetoslav.neykov@cloudsoftcorp.com>
Date:   2016-12-04 16:38:47 +0000

    Change version to 0.11.0-SNAPSHOT

2	2	README.md
1	1	pom.xml

commit c08a6df6f6dd63000f8bd4a34cec40e8e60643ac
Author: Svetoslav Neykov <svetoslav.neykov@cloudsoftcorp.com>
Date:   2016-12-04 16:38:43 +0000

    Update submodules to 0.11.0-SNAPSHOT

1	1	brooklyn-client
1	1	brooklyn-dist
1	1	brooklyn-docs
1	1	brooklyn-library
1	1	brooklyn-server
1	1	brooklyn-ui

commit acb915547f272cd89bda6f0c218ff87ed2e5707f
Author: Svetoslav Neykov <svetoslav.neykov@cloudsoftcorp.com>
Date:   2016-11-25 18:00:11 +0200

    Update LICENSE dependencies to current project state

17	4	LICENSE

commit de985a0f3b0c8e0e7119925a882d22e49f8bf79a
Author: Svetoslav Neykov <svetoslav.neykov@cloudsoftcorp.com>
Date:   2016-11-15 09:16:28 +0200

    Set default JVM memory settings for the build

1	0	.mvn/jvm.config

commit e9ea4570b82ae6d41a9197d45ba576a173c1d275
Author: Alex Heneveld <alex.heneveld@cloudsoftcorp.com>
Date:   2016-05-09 20:18:44 +0200

    simplify quick-start build instructions

6	4	README.md

commit b853ac581c2371c355f409e2fc9eec441c37c600
Merge: 17ff7ac a45e667
Author: Svetoslav Neykov <svetoslav.neykov@cloudsoftcorp.com>
Date:   2016-04-25 19:30:32 +0300

    Closes #7
    
    Corrected results location

commit a45e66732457f563144347450323b8941f054de9
Author: drigodwin <drigodwin@googlemail.com>
Date:   2016-04-05 15:47:10 +0100

    Corrected results location

2	2	README.md

commit 17ff7ac40cbd8054a93d21179a99e3271ab67d73
Author: Alex Heneveld <alex.heneveld@cloudsoftcorp.com>
Date:   2016-03-30 10:59:48 +0100

    Change version to 0.10.0-SNAPSHOT

2	2	README.md
1	1	pom.xml

commit a2a80e54016106c37f64850762e6c40fafd7f4c3
Author: Alex Heneveld <alex.heneveld@cloudsoftcorp.com>
Date:   2016-03-30 10:59:41 +0100

    Update submodules to 0.10.0-SNAPSHOT

1	1	brooklyn-client
1	1	brooklyn-dist
1	1	brooklyn-docs
1	1	brooklyn-library
1	1	brooklyn-server
1	1	brooklyn-ui

commit f74dae097e71ac47c40bcd532d4934922cdfdf3e
Author: Alex Heneveld <alex.heneveld@cloudsoftcorp.com>
Date:   2016-03-18 14:35:42 +0000

    bump to tips of branches

1	1	brooklyn-client
1	1	brooklyn-dist
1	1	brooklyn-docs
1	1	brooklyn-library
1	1	brooklyn-server
1	1	brooklyn-ui

commit b1e89c40b4811eaa7549e87529cf01c90c4296da
Author: Alex Heneveld <alex.heneveld@cloudsoftcorp.com>
Date:   2016-03-18 14:35:26 +0000

    update license

6	0	LICENSE

commit 1fa9a8b5ea3baa1f614dfb4f65712f3c4588acce
Author: Alex Heneveld <alex.heneveld@cloudsoftcorp.com>
Date:   2016-03-10 12:45:55 +0000

    regenerate license

203	0	LICENSE

commit d828ea37c429babdfb7b7adf4380c805da422000
Merge: 2ad8bfe 0e9da8a
Author: Alex Heneveld <alex.heneveld@cloudsoftcorp.com>
Date:   2016-03-10 12:41:41 +0000

    This closes #6

commit 0e9da8a768e847a0e819de30b332a977c9bf7611
Author: Alex Heneveld <alex.heneveld@cloudsoftcorp.com>
Date:   2016-03-10 12:27:51 +0000

    exclude the client (go) project based on whether a property is set

1	1	README.md
28	2	pom.xml

commit 9537f2310ea59bb31b6f112bb56f3cb548e2cd13
Merge: 2ad8bfe c102bbc
Author: Alex Heneveld <alex.heneveld@cloudsoftcorp.com>
Date:   2016-03-10 10:20:45 +0000

    This closes #5

commit c102bbc8f48bee1ab3ba667deed32ae609f87aa9
Author: Geoff Macartney <geoff.macartney@cloudsoftcorp.com>
Date:   2016-02-24 09:15:18 +0000

    Add brooklyn-client (the client CLI) to the build.

1	0	pom.xml

commit 2ad8bfed9356389d2cc4f567d5154cefbbb6f1ac
Merge: 0dbfb07 9ac8cfe
Author: Richard Downer <richard@apache.org>
Date:   2016-02-24 13:03:28 +0000

    Merge and close PR #4

commit 9ac8cfef3ca6a42b9d2ce520dfe8784f761e8a93
Author: John McCabe <john@johnmccabe.net>
Date:   2016-02-24 11:27:56 +0000

    add additional maintainers, update desc

64	15	doap_Brooklyn.rdf

commit 36a0478eaeb43f6fa1102f25a1e5f2046d49b5ce
Author: John McCabe <john@johnmccabe.net>
Date:   2016-02-23 22:13:09 +0000

    add ASF DOAP file (Description of a Project)
    - https://projects.apache.org/project.html?brooklyn
    - https://projects-old.apache.org/doap.html

77	0	doap_Brooklyn.rdf

commit 0dbfb071a09c18cb826b52b8b50bc4ec09907ec4
Author: Alex Heneveld <alex.heneveld@cloudsoftcorp.com>
Date:   2016-02-10 16:03:46 +0000

    minor tweaks to README
    
    grammar, remove index.html and unhelpful sentences, and link to other versions

7	8	README.md

commit b4ec51195cd2178f731512f789bb267b7ca68e43
Merge: c8996ef 9d25902
Author: Alex Heneveld <alex.heneveld@cloudsoftcorp.com>
Date:   2016-02-10 15:52:07 +0000

    This closes #3

commit 9d259025cc40f3378e67e8e0e6fe51458cdbef9e
Author: Richard Downer <richard@apache.org>
Date:   2016-02-10 15:47:45 +0000

    Fix README links after website changes
    
    Fix README links after some website pages were refactored

3	9	README.md

commit c8996efd5f577d90b4251e229ba2c9419c90213a
Merge: 29e2322 693f6d4
Author: Richard Downer <richard@apache.org>
Date:   2016-02-09 15:48:59 +0000

    Merge and close #2

commit 693f6d45b2c4fc08d71d90d0ad3af8cbcfba3ef3
Author: Aled Sage <aled.sage@gmail.com>
Date:   2016-02-09 13:21:38 +0000

    Update copyright to 2016

1	1	NOTICE

commit 29e2322e113d152b1ac35fa9474db61bde03641f
Author: Alex Heneveld <alex.heneveld@cloudsoftcorp.com>
Date:   2016-02-08 11:12:24 +0000

    update license file

18	11	LICENSE

commit fa95695ecfd0a547efa6fe41b998a114b3b2aeee
Author: Alex Heneveld <alex.heneveld@cloudsoftcorp.com>
Date:   2016-02-01 22:33:38 +0000

    change README to point at this version docs for code

20	5	README.md

commit 1402dfa38cebcc402beff0e3ea4c5192f53714b0
Author: Alex Heneveld <alex.heneveld@cloudsoftcorp.com>
Date:   2016-02-01 22:33:28 +0000

    update pom to build submodules in subdirs not sibling dirs

4	4	pom.xml

commit 1f6a9a0267b7f366696549f1b439a8135f909ac6
Merge: b32a0b3 ddabaed
Author: Alex Heneveld <alex.heneveld@cloudsoftcorp.com>
Date:   2016-02-01 21:30:08 +0000

    This closes #1

commit ddabaed9bdcf06ebfa15e025cd5df17b1e88fad1
Author: Alex Heneveld <alex.heneveld@cloudsoftcorp.com>
Date:   2016-02-01 21:07:19 +0000

    add docs for using submodules

29	7	README.md

commit acbb9f7d0e80aea123dc27bc405e1bb5a44d1d6b
Author: Alex Heneveld <alex.heneveld@cloudsoftcorp.com>
Date:   2016-02-01 20:57:28 +0000

    add submodules for brooklyn projects

24	0	.gitmodules
1	0	brooklyn-client
1	0	brooklyn-dist
1	0	brooklyn-docs
1	0	brooklyn-library
1	0	brooklyn-server
1	0	brooklyn-ui

commit b32a0b374ed6f5d34828117437c529c39ccd3067
Author: Alex Heneveld <alex.heneveld@cloudsoftcorp.com>
Date:   2016-01-30 15:42:41 +0000

    move subdir from incubator up a level as it is promoted to its own repo (first non-incubator commit!)

10	10	LICENSE
10	27	README.md
0	6	brooklyn/.gitattributes
0	32	brooklyn/.gitignore
0	455	brooklyn/LICENSE
0	5	brooklyn/NOTICE
0	22	brooklyn/README.md
0	0	brooklyn/pom.xml => pom.xml

commit 7a79eb2674da9239e63a31256ddd812943164a78
Author: Alex Heneveld <alex.heneveld@cloudsoftcorp.com>
Date:   2016-01-30 11:57:59 +0000

    Apache Brooklyn has moved to http://github.com/apache/brooklyn
    
    This commit updates historic notices for clarity.
    Almost all visitors will now want either:
    
    * **The Active Codebase**: at [http://github.com/apache/brooklyn/](http://github.com/apache/brooklyn/)
    * **The Apache Brooklyn Homepage**: at [http://brooklyn.apache.org/](http://brooklyn.apache.org/)

26	9	README.md

commit 74a877214ba125e5207a97cffffda6cb232ecc89
Author: Alex Heneveld <alex.heneveld@cloudsoftcorp.com>
Date:   2016-01-30 03:33:08 +0000

    update LICENSE files throughout

6	12	LICENSE

commit 9dc964a81484f8c92bcedc42d31c20910c2afb51
Merge: ee2cd44 be2fd94
Author: Alex Heneveld <alex.heneveld@cloudsoftcorp.com>
Date:   2016-01-30 02:55:20 +0000

    This closes #1144

commit be2fd94d188db167fedc2090bf5804cf90a68ed3
Author: Duncan Godwin <duncan.godwin@cloudsoftcorp.com>
Date:   2016-01-25 13:52:47 +0000

    Updated license for Glossarizer MIT statement

7	0	LICENSE

commit ee2cd441fe7a2f759db3bad6cad637aa666a19bc
Author: Alex Heneveld <alex.heneveld@cloudsoftcorp.com>
Date:   2016-01-15 15:07:50 +0000

    update licenses with latest metadata and dependencies

11	12	LICENSE

commit 5b281fd631bb1eb55c116170019641745660a822
Author: Alex Heneveld <alex.heneveld@cloudsoftcorp.com>
Date:   2015-12-22 12:38:38 +0000

    [ALL] comment about relativePath in pom
    
    and prevent root from misbehaving if their is a pom in its parent dir

1	0	brooklyn/pom.xml

commit e95cec3427c9d171c8535488802960152bbf8fdc
Author: Alex Heneveld <alex.heneveld@cloudsoftcorp.com>
Date:   2015-12-21 12:25:50 +0000

    [SPLITPREP] revert version to 0.9.0-SNAPSHOT

1	1	brooklyn/pom.xml

commit 9b542badd67ca690bd8633a7df6803cc23115458
Author: Alex Heneveld <alex.heneveld@cloudsoftcorp.com>
Date:   2015-12-18 22:57:12 +0000

    [ALL]  update README file in each repo to be appropriate to that repo, with building instructions

7	6	README.md

commit 796e2ecc919773375f124d47cbf93db121c6e10e
Author: Alex Heneveld <alex.heneveld@cloudsoftcorp.com>
Date:   2015-12-18 22:37:01 +0000

    [UBER]  add pom in brooklyn uber project subdir to build everything
    
    it's the same as the pom in the root, but referring to ../ for submodules

3	2	brooklyn/README.md
81	0	brooklyn/pom.xml

commit ee70c9a51366dff962c1753ad66cb906c0f07c01
Merge: 1f71963 2f8cc89
Author: John McCabe <john@johnmccabe.net>
Date:   2015-12-16 11:25:27 +0000

    [SPLITPREP] rearranged to have structure of new repositories

commit 1f71963a0b4d6f79dec24c191f508de5defac58e
Author: Richard Downer <richard@apache.org>
Date:   2015-11-23 21:54:27 +0000

    brooklyn.apache.org updates: README.md

3	3	README.md

commit 2f8cc894dea069b5a76d121f011ca63cacceb5f1
Author: Richard Downer <richard@apache.org>
Date:   2015-11-23 21:54:27 +0000

    brooklyn.apache.org updates: README.md

3	3	README.md

commit dc9afe96996b68cf9fe2dc7ed8af402dde889410
Author: Mark McKenna <m4rkmckenna@gmail.com>
Date:   2015-11-17 14:54:30 +0000

    Added static Swagger UI due to js dependency issue

48	6	usage/jsgui/src/main/license/files/LICENSE

commit 0990938ce427d2d5b91def2904d48d90502dd03f
Author: Alex Heneveld <alex.heneveld@cloudsoftcorp.com>
Date:   2015-10-28 12:11:13 +0000

    updated LICENSE files w latest versions

16	8	LICENSE
8	8	usage/jsgui/src/main/license/files/LICENSE

commit abc822cf43f61ff52a731610cf67e6aecb707219
Author: Alex Heneveld <alex.heneveld@cloudsoftcorp.com>
Date:   2015-09-29 14:23:44 +0100

    report versions used in LICENSE files

19	0	LICENSE
18	0	usage/jsgui/src/main/license/files/LICENSE

commit 80701440a9a45293423ec16ce9a19a0bcc1f772f
Author: Alex Heneveld <alex.heneveld@cloudsoftcorp.com>
Date:   2015-09-27 03:07:14 +0100

    update our LICENSE files with better info

87	25	LICENSE
87	25	usage/jsgui/src/main/license/files/LICENSE

commit 4e7a12e1ec9c338e5581358f3ab5d226f1bb80ee
Author: Geoff Macartney <geoff.macartney@gmail.com>
Date:   2015-09-06 21:14:37 +0100

    Fix broken link in top level README

1	1	README.md

commit e69ea20a475eddcb368253ba6322c29c10895736
Author: Alex Heneveld <alex@cloudsoft.io>
Date:   2015-09-03 22:56:39 +0100

    remove the sandbox/ and release/ dirs from the build
    
    and update the README in the root
    
    and delete the old brooklyn-install.sh in the root.
    (it is not maintained; it doesn't even refer to the apache downloads.)
    
    basically make the source build look nice when it's unpacked

11	77	README.md

commit 75413b0e1429fb330b7adea93e7d1c59fa50df8f
Author: Alex Heneveld <alex@cloudsoft.io>
Date:   2015-09-02 13:34:44 +0100

    license files updated for r.js inclusion

6	0	LICENSE
6	0	usage/jsgui/src/main/license/files/LICENSE

commit 476d9421e0563e03f039f58470f2d469e06cb1cd
Author: Alex Heneveld <alex@Alexs-MacBook-Pro.local>
Date:   2015-09-02 13:29:12 +0100

    remove old brooklyncentral github project references in root README

3	3	README.md

commit dd7ec04fd897fe368677ed832e871e6bdab6b9b0
Author: Graeme-Miller <graememiller@Graemes-MacBook-Pro.local>
Date:   2015-09-02 10:01:44 +0100

    README.MD quick start description update
    
    README.md previously directed users to run the app by using
    ¡°bin/brooklyn launch¡±, however this should be ¡°./brooklyn/bin/brooklyn
    launch¡±

2	4	README.md

commit 69017032ef7bc52e76b2edba74ca06fc99685fcc
Author: Alex Heneveld <alex.heneveld@cloudsoftcorp.com>
Date:   2015-08-17 16:03:06 +0100

    new LICENSE files

0	1574	LICENSE
163	101	usage/jsgui/src/main/license/files/LICENSE

commit 4fe332913ac9b9942f7a1ae0cd9692ed46d1e9ec
Author: Alex Heneveld <alex.heneveld@cloudsoftcorp.com>
Date:   2015-08-17 15:33:15 +0100

    scripts for auto-generating the various LICENSE files we need

0	0	usage/jsgui/src/main/license/{ => files}/LICENSE

commit 44d3aebe9e63f47f0a1e57aeb53cf0aae9c3a02f
Author: Alex Heneveld <alex.heneveld@cloudsoftcorp.com>
Date:   2015-08-13 18:25:18 +0100

    new and improved LICENSE doc, autogenerated as per instructions in usage/dist/licensing

1730	93	LICENSE

commit d316f1c7befcead47e1017d6925a48f4fdde2768
Author: Alex Heneveld <alex.heneveld@cloudsoftcorp.com>
Date:   2015-08-17 17:37:28 +0100

    Revert "new and improved LICENSE doc, autogenerated as per instructions in usage/dist/licensing"
    
    This reverts commit 32b9579d67fcdc8e469ccfce10a4c9c2296239cc.

93	1730	LICENSE

commit 3cf1dc2460b77326683f9396959be7337a415cf2
Author: Alex Heneveld <alex.heneveld@cloudsoftcorp.com>
Date:   2015-08-13 18:25:18 +0100

    new and improved LICENSE doc, autogenerated as per instructions in usage/dist/licensing

1730	93	LICENSE

commit bb9c8004b359334a10457461fe9844f0e0bd049e
Author: Martin Harris <github@nakomis.com>
Date:   2015-05-21 13:07:32 +0100

    Adds MSSQL (YAML-based) blueprint

1	1	.gitattributes

commit e697d1127b41bdeb8c1ab748e95bc843e998f2b6
Author: Richard Downer <richard@apache.org>
Date:   2015-04-16 14:24:41 +0100

    Different LICENSE/NOTICE for usage/jsgui

292	0	usage/jsgui/src/main/license/LICENSE
5	0	usage/jsgui/src/test/license/NOTICE

commit b6f8e72a220e4e469c9d1c7f931d494ff7c2f351
Author: Alex Heneveld <alex.heneveld@cloudsoftcorp.com>
Date:   2015-04-06 11:49:58 +0100

    address code review comments
    
    * add js-yaml to license
    * ensure None location works (see below)
    * fix iconUr mis-spelling
    
    with the None location it was odd but the old pruneLocation / set("location", []) caused the same yaml parse errors Undefined. however unsetting it works fine.

8	3	LICENSE

commit bab58f848d201565aa04ad83b3c6c7747381e19b
Author: Ciprian Ciubotariu <cheepeero@gmx.net>
Date:   2014-11-28 15:22:25 +0200

    Ignore netbeans files

3	0	.gitignore

commit 963f9faa84720e04e13e2808f05e63ca4e5c95dd
Author: jadelus <john@jadelus.com>
Date:   2015-02-20 09:31:53 -0800

    Changed the 'how-to-contrib' URL to point to apache.org

1	1	README.md

commit 3d62a19a7c35382c56e4bbe0d52f79da45d8d8ff
Author: jadelus <john@jadelus.com>
Date:   2015-02-19 21:35:34 -0800

    Changed the open new issue URL from Brooklyn Central GitHub to Apache Jira

1	2	README.md

commit 36d037556e83a4bba7ae29ce09ef02b4b8ba6bfd
Author: jadelus <john@jadelus.com>
Date:   2015-02-19 20:29:42 -0800

    fixed the getting started URL

1	1	README.md

commit 8bb6b2d0b3d9e799614a47b64081c1dcac51f7b8
Author: Valentin Aitken <bostko@gmail.com>
Date:   2015-02-10 17:37:29 +0200

    Update the build instructions to include the launch command

2	1	README.md

commit f9aaa4d2975e19ece90b3c7492db4801df4f6428
Merge: 2f5cf1e b4ee6b3
Author: Sam Corbett <sam.corbett@cloudsoftcorp.com>
Date:   2015-01-06 14:32:23 +0000

    This closes #433

commit b4ee6b34d994820520b6b36d3e749df05d908b4f
Author: Duncan Grant <duncan.grant@cloudsoftcorp.com>
Date:   2015-01-06 11:37:20 +0000

    Add cd to path to build instructions

1	1	README.md

commit d139785a26a030efcc170deac33aa561e6263677
Author: Duncan Grant <duncan.grant@cloudsoftcorp.com>
Date:   2015-01-06 11:15:00 +0000

    Minor Documentation fixes

2	2	README.md

commit 2f5cf1e3b3e198442ad1a8adfb87e4d7e2a7e6fc
Author: Richard Downer <richard@apache.org>
Date:   2015-01-05 13:05:57 +0000

    Update copyright date for 2015 in NOTICE

1	1	NOTICE

commit a01f3168e700f1e979d6d7be57e1b738c99026f8
Author: Sam Corbett <sam.corbett@cloudsoftcorp.com>
Date:   2014-12-23 10:56:39 +0000

    Fix Brooklyn logo link in README

1	1	README.md

commit 1b1ad459ed680f2e24a5ea6182f21d8c8374238f
Author: Richard Downer <richard@apache.org>
Date:   2014-12-19 11:09:22 +0000

    Formatting tweak to LICENSE
    
    Hadrian Zbarcea noticed that the first lines of LICENSE are incorrectly
    formatted - most likely due to copy-and-paste from the HTML page rather
    than the text document.
    
    No change to content.

3	4	LICENSE

commit b6ec4c7d0fb5be214742fd8b38deb607e3712c9b
Author: Richard Downer <richard@apache.org>
Date:   2014-12-12 14:45:39 +0000

    Revise LICENSE and NOTICE following mentor feedback
    
    See:
    https://mail-archives.apache.org/mod_mbox/incubator-brooklyn-dev/201412.mbox/%3C20141211165910.GG36553%40Chips-MacBook-Air.local%3E
    
    MIT/BSD licensed subcomponents now credited in LICENSE instead of
    NOTICE. Reviewed ASL2 credits in NOTICE; determined that they do not
    have their own NOTICE file, and therefore there is no need to mention
    them, per https://www.apache.org/dev/licensing-howto.html#alv2-dep.
    This meant that there were no credits remaining in NOTICE; replaced
    NOTICE with boilerplate recommended by
    https://www.apache.org/dev/licensing-howto.html#simple.

62	10	LICENSE
2	79	NOTICE

commit 506082ebc89a26fe1eace3106e7554e02f9fe7c4
Author: Aled Sage <aled.sage@gmail.com>
Date:   2014-11-13 09:44:42 +0000

    Remove unnecessary config files from NOTICE
    
    These config files are just starting points supplied by the
    various projects in docs + blogs + default installs. The files
    in Brooklyn are templated versions of the common install
    configurations. These are files "without any degree of creativity".
    
    e.g. see https://developer.jboss.org/message/909912 for an example
    response from the community on licensing config files.

0	60	NOTICE

commit 99f10c4e1ba8bcf756dadf41406e142fedc15718
Merge: 7d464a7 b928326
Author: Aled Sage <aled.sage@gmail.com>
Date:   2014-11-11 22:44:33 +0000

    Remove from NOTICE MariaDB/JBoss config files
    
    - These are based on the defaults shipped with the given projects,
      but just match snippets from the docs, and examples that are readily
      available on a myriad of blogs. Our template config files are similar
      to the default files, but unsurprisingly the defaults match docs and
      thus match what one would write for a basic deployment.

commit 7d464a72d98ae326e385099fce9bc9a0ee6a192a
Author: Alex Heneveld <alex.heneveld@cloudsoftcorp.com>
Date:   2014-11-11 12:29:52 +0000

    fix mis-attribution in notice, and other tidies there (punctuation mainly)

20	19	NOTICE

commit b92832663abaed38cae3a2f5acfe37cc6d0dfaf5
Author: Alex Heneveld <alex.heneveld@cloudsoftcorp.com>
Date:   2014-11-11 12:29:52 +0000

    fix mis-attribution in notice, and other tidies there (punctuation mainly)

20	19	NOTICE

commit 48ab9d9f34fc9339eaa3eaf7fe56031c759d4e51
Author: Svetoslav Neykov <svetoslav@neykov.name>
Date:   2014-10-15 21:31:50 +0300

    Preserve CRLF line endings for Windows batch files

3	0	.gitattributes

commit bd20c232b7b20f925ba10f1d94597572a5c14168
Merge: eca5e8a 1354449
Author: Aled Sage <aled.sage@gmail.com>
Date:   2014-10-15 12:41:12 +0100

    This closes #222

commit 1354449d10d53e59c6a2fa8269b9567273e4669c
Author: Svetoslav Neykov <svetoslav.neykov@cloudsoftcorp.com>
Date:   2014-10-06 21:46:39 +0300

    Instruct git to do eol normalization on text files (in case core.autocrlf is not set in git config)

1	0	.gitattributes

commit eca5e8a4657857979f01ec1134cd03d25293d788
Author: Aled Sage <aled.sage@gmail.com>
Date:   2014-10-03 15:29:27 +0100

    For ¡°install config files¡±, add to NOTICE
    
    - for config files we¡¯ve copied from other projects, add a reference
      to each in NOTICE

68	0	NOTICE

commit 9d371439f1752cd48b8798da6997a0a8a39a54bf
Author: Sam Corbett <sam.corbett@cloudsoftcorp.com>
Date:   2014-09-16 10:46:58 +0100

    Filter by blueprint type in catalogue list documentation page

3	0	NOTICE

commit e59bdf28708f323e9622429effbb2ea32026afc9
Author: Alex Heneveld <alex.heneveld@cloudsoftcorp.com>
Date:   2014-09-19 10:42:55 +0100

    expand NOTICE for all included software and include license text in LICENSE

65	0	LICENSE
75	2	NOTICE

commit 50559efb0b7bf9110ac298278c37009d307e7a9b
Author: Alex Heneveld <alex.heneveld@cloudsoftcorp.com>
Date:   2014-09-17 10:55:15 +0100

    include NOTICE file as per BROOKLYN-19 and DISCLAIMER as per BROOKLYN-22,
    both in root of source and included in binary distributable artifacts.
    Minor tweaks to README to increase visisbility of apache and podling status,
    and removal of old (out-of-date) COPYRIGHT.

176	0	LICENSE
7	0	NOTICE
20	18	README.md

commit 00bae1777a6bc35a60823594f8ceddd105fd7274
Author: Svetoslav Neykov <svetoslav.neykov@cloudsoftcorp.com>
Date:   2014-08-28 21:10:58 +0300

    Force UNIX style line endings for shell scripts.
    
    Shell scripts must have UNIX style endings even on Windows so that when the projects is built, packaged and run on Linux they work without errors.

2	0	.gitattributes

commit 6733d5944f8fc64d3a8be9638925ad70ec592247
Author: Andrew Kennedy <grkvlt@apache.org>
Date:   2014-07-09 14:58:06 +0100

    Revert "Revert "Merge and close PR #43""
    
    This reverts commit b03200dbfc9acb5030633d7cd4326a50f2c3918a.
    
    Re-open #43

17	13	README.md

commit 78b0196ca005c53f1876dedfbc557f01e8674b8d
Author: Richard Downer <richard@apache.org>
Date:   2014-07-09 14:30:38 +0100

    Revert "Merge and close PR #43"
    
    This reverts commit f6b5e90f09ec6eee622e62dc8a97ef94eda19fd7, reversing
    changes made to 35dce9b92bc92d3221c2142f73b6ab8d04132e5e.

13	17	README.md

commit d0b28fc1be64efc8bd442be3edfc5413e5479a35
Author: Martin Harris <github@nakomis.com>
Date:   2014-07-04 13:17:45 +0100

    Updated various files following PR comments

17	13	README.md

commit 4e2e24b80c618ac166fd93146e56911fe75cb159
Author: Aled Sage <aled.sage@gmail.com>
Date:   2014-02-06 08:16:35 +0000

    Add brooklyn-persisted-state to .gitignore

2	0	.gitignore

commit af839590455fdb1b450227408a7f7be3b8d66201
Author: David Toy <d@vidtoy.co.uk>
Date:   2013-12-09 12:25:34 +0000

    Tweaks to Licence, Copyright and Readme for clarity.

7	3	README.md

commit 99cce005d05779c41c18ce69b47114cfa2af071a
Author: David Toy <d@vidtoy.co.uk>
Date:   2013-04-18 19:52:26 +0100

    Typo: "logic groupings" -> "logical groupings"

1	1	README.md

commit b9ef19f99f779d63501d3f18359cf09b2d4c069d
Author: David Toy <d@vidtoy.co.uk>
Date:   2013-04-18 17:05:07 +0100

    Updates to wording of Deployment section.

3	4	README.md

commit d7b9c8d4eda2961c3ac847118abc0cf7761e60f1
Author: David Toy <d@vidtoy.co.uk>
Date:   2013-04-18 14:35:14 +0100

    Added What:Brooklyn, removed Versioning, simplified licence, & other small tweaks.

42	30	README.md

commit 5f6375c85f2a960f4f4dcb08119ee11d7ce91ee4
Author: David Toy <d@vidtoy.co.uk>
Date:   2013-04-12 16:31:53 +0100

    Will add better 'What' section later.

3	8	README.md

commit 218b834fceba2f7bfd240c303402f886360a352f
Author: David Toy <d@vidtoy.co.uk>
Date:   2013-04-12 14:22:06 +0100

    Removed Brooklyn version, as is rendered on github.com.

1	3	README.md

commit 8d1a04235553d9f07ade1600139c6a3d873932d4
Author: David Toy <d@vidtoy.co.uk>
Date:   2013-04-12 14:20:11 +0100

    Significant upgrade to Brooklyn's Readme.

75	0	README.md

commit df0a31989fa800b0afb7b02a0d5553036de05ba4
Author: Peter Veentjer <alarmnummer@gmail.com>
Date:   2012-07-03 19:35:26 +0300

    Fixed 'install' methods of driver when calling scripthelper with bad append methods

1	1	.gitignore

commit 621d29c5a858ebfb21bfba075b3885d2a51c0948
Author: Peter Veentjer <alarmnummer@gmail.com>
Date:   2012-07-03 12:50:44 +0300

    Updated .gitignore

1	0	.gitignore

commit ad3ff100e649fbb77985c1bf2fb7dceac29377b5
Author: Cosmin Dumitrache <cosmin.dumitrache@cloudsoftcorp.com>
Date:   2012-05-23 17:28:51 +0100

    Remove bin/ from .gitignore so that it does not clash with <some example>/src/main/example/bin

0	1	.gitignore

commit 02a747dcf334a0765f9665f54fed1fd90d4742c5
Author: Cosmin Dumitrache <cosmin.dumitrache@cloudsoftcorp.com>
Date:   2012-04-12 14:03:18 +0100

    improved sed recommendation for eclipse (my version made a different
    pattern of includes/excludes)

1	0	.gitignore

commit 36e84e84f3a1fc0cbc1ab036714ac0ec00dc71aa
Author: Alex Heneveld <alex.heneveld@cloudsoftcorp.com>
Date:   2012-03-30 21:07:58 +0100

    delete and gitignore brooklyn*.log.* files

1	0	.gitignore

commit 67f8ba2e8878c2e95bd82b22612222b052f18a31
Author: Alex Heneveld <alex.heneveld@cloudsoftcorp.com>
Date:   2012-03-23 00:18:30 +0000

    tided up logging - messages, categories, and properties files

1	3	.gitignore

commit 41fd5ba66f35c959b1f307815648104649ce34c9
Author: Alex Heneveld <alex.heneveld@cloudsoftcorp.com>
Date:   2012-03-15 13:53:01 +0000

    simplified gitignores and corrected cleaned files list

9	11	.gitignore

commit e5c5ac218063a652b8882a61e62be84175cca703
Author: Alex Heneveld <alex.heneveld@cloudsoftcorp.com>
Date:   2012-03-14 23:02:34 +0000

    major project reorg; packages and classes are mostly untouched, but split into a more granular (and sensible) project structure.
    moved examples to separate projects, reduced number of shaded jars (now it's just 'all'), added sandbox and moved WIP there.
    also, added osgi (karaf) container as entity.

0	1	.gitignore

commit f4ce280e0f56e5fbbe6111a44be12303bb4f4cdd
Author: Alex Heneveld <alex.heneveld@cloudsoftcorp.com>
Date:   2011-10-30 23:21:27 +0000

    new sensor API, moved old sensor API, everything use log4j consistently but marked optional so not transitive

2	0	.gitignore

commit f5de9d8875be6c18987b844fab65ba0f4ab3e998
Merge: 19f4f27 fc59fd9
Author: danikov <dan.lobianco@cloudsoftcorp.com>
Date:   2011-10-28 14:24:22 +0100

    Merge branch 'refs/heads/ENGR-1668-GemfireEntities-Strike2' into ENGR-2103-Gemfire-Effectors
    
    Conflicts:
            .gitignore
            extra/src/main/java/brooklyn/entity/nosql/gemfire/GemfireServer.groovy
            extra/src/main/java/brooklyn/entity/nosql/gemfire/GemfireSetup.groovy
            extra/src/test/java/brooklyn/entity/nosql/gemfire/GemfireServerIntegrationTest.groovy
            extra/src/test/resources/brooklyn/entity/nosql/gemfire/eu/cache.xml
            gemfire/pom.xml
            gemfire/src/brooklyn/gemfire/demo/GatewayRequestHandler.java
            gemfire/src/main/java/brooklyn/gemfire/demo/GatewayRequestHandler.java
            gemfire/src/main/java/brooklyn/gemfire/demo/GeneralRequestHandler.java
            gemfire/src/main/java/brooklyn/gemfire/demo/HubManager.java
            gemfire/start.sh

commit 19f4f2740cb0c4e98a163e4102c1a977dea4c9d5
Author: danikov <dan.lobianco@cloudsoftcorp.com>
Date:   2011-10-25 11:39:26 +0100

    ignore log directory

1	0	.gitignore

commit 85032ae009000a686f41f08a80baa262a8a87e2d
Author: sjcorbett <sam.corbett@cloudsoftcorp.com>
Date:   2011-10-21 14:03:33 +0100

    Append gemfire .gitignore to brooklyn-wide .gitignore and delete former.

3	0	.gitignore

commit f933ee7b37e146488d27babef0da62112b3c2746
Author: sjcorbett <sam.corbett@cloudsoftcorp.com>
Date:   2011-10-20 15:03:41 +0100

    Add swap files to gitignore

2	0	.gitignore

commit fc59fd9b239feaaee38dec40013539dbc49ca223
Author: sjcorbett <sam.corbett@cloudsoftcorp.com>
Date:   2011-10-21 14:03:33 +0100

    Append gemfire .gitignore to brooklyn-wide .gitignore and delete former.

3	0	.gitignore

commit f90ad061a3d9797074cab7b46fac672adc5f35d4
Author: sjcorbett <sam.corbett@cloudsoftcorp.com>
Date:   2011-10-20 15:03:41 +0100

    Add swap files to gitignore

2	0	.gitignore

commit 942a5978c3e36ea954c29a0df7e985c085dba002
Author: Alex Heneveld <alex.heneveld@cloudsoftcorp.com>
Date:   2011-10-11 13:12:42 +0100

    ignore things called ignored

2	0	.gitignore

commit de956a6ef9e92a0c16bc1a84da8a96f8cda6413d
Author: Aled Sage <aled@Aled-Sages-MacBook-Pro.local>
Date:   2011-08-31 09:08:12 +0100

    Added .metadata/ to .gitignore

2	1	.gitignore

commit b964b36f4d17e97cf9e47cd785bc91fadddc9ae1
Author: danikov <dan.lobianco@cloudsoftcorp.com>
Date:   2011-08-05 17:23:53 +0100

    ignore .bk of the instances

2	1	.gitignore

commit b3ceb978150858973d0fc6a3331e2bffff904b98
Author: danikov <dan.lobianco@cloudsoftcorp.com>
Date:   2011-08-05 13:47:53 +0100

    add log output directory to ignore

2	1	.gitignore

commit 9add90d9ac6cdc3e2027ff5218dcf46f2461ce84
Author: danikov <dan.lobianco@cloudsoftcorp.com>
Date:   2011-08-05 11:38:02 +0100

    ignore generated instances.txt

2	0	.gitignore

commit 08ff6e34b73676e36c1a60081c7a777aabce1f5b
Author: Don Tran <don.tran@cloudsoftcorp.com>
Date:   2011-07-08 13:10:42 +0100

    gitignore prodDd files that get created in selenium tests

2	0	.gitignore

commit 88eb7e64b177c418be3e66b970eb964db16f2142
Author: Alistair MacLeod <alistair@biscuitsfruit.org.uk>
Date:   2011-06-23 16:08:24 +0100

    Added stacktrace.log to gitignore.

1	0	.gitignore

commit abe98410220514430f83d2c09f96aa728429a605
Author: Richard Downer <richard.downer@cloudsoftcorp.com>
Date:   2011-06-17 10:05:50 +0100

    Remove IntelliJ metadata files from source control as they can vary between machines

2	1	.gitignore

commit ef06853609993093a05c15daa364c2503463db2c
Author: danikov <dan.lobianco@cloudsoftcorp.com>
Date:   2011-06-16 16:48:53 +0100

    Ignored .idea and added .iml file to support IntelliJ

2	0	.gitignore

commit 1088058baedb65be52bf9af5b9377faa34a49332
Author: Andrew Donald Kennedy <grkvlt@apache.org>
Date:   2011-06-16 00:06:59 +0100

    Added .gitignore for Brooklyn

5	4	.gitignore

commit f7bd6d61916087b4e6dd3811726bfbb2190a1f7f
Author: Alistair MacLeod <alistair@biscuitsfruit.org.uk>
Date:   2011-06-14 17:32:28 +0100

    Added .gitignore.

8	0	.gitignore

commit a2935985154fd1fc8e8a48adae1dd988d8389632
Author: Alistair MacLeod <alistair.macleod@cloudsoftcorp.com>
Date:   2011-06-10 13:55:13 +0100

    Initial commit of overpaas svn version 11177.
