2022-07-29 12:52:12 +0200  (tag: calcite-1.31.0-rc3, tag: calcite-1.31.0)
2022-07-28 17:13:32 +0200  (tag: calcite-1.31.0-rc2, tag: calcite-1.31.0-rc1)
2022-07-21 21:42:09 -0400  (tag: calcite-1.31.0-rc0)
2022-03-16 11:09:56 +0800  (tag: calcite-1.30.0-rc3, tag: calcite-1.30.0)
2022-03-11 20:41:57 +0800  (tag: calcite-1.30.0-rc2)
2022-03-07 13:46:43 +0800  (tag: calcite-1.30.0-rc1, tag: calcite-1.30.0-rc0, origin/master)
2021-12-20 16:23:15 -0800  (tag: calcite-1.29.0-rc0, tag: calcite-1.29.0)
2021-10-15 10:31:02 -0700  (tag: calcite-1.28.0-rc0, tag: calcite-1.28.0)
2021-05-31 15:00:41 +0200  (tag: calcite-1.27.0-rc0, tag: calcite-1.27.0)
2020-10-03 09:57:19 +0100  (tag: calcite-1.26.0-rc0, tag: calcite-1.26.0)
2020-08-08 22:47:29 -0400  (tag: calcite-1.25.0-rc0, tag: calcite-1.25.0)
2020-07-25 13:09:16 +0800  (origin/branch-1.24)
2020-07-20 16:52:23 +0800  (tag: calcite-1.24.0-rc0, tag: calcite-1.24.0)
2020-05-23 22:25:32 -0500  (origin/branch-1.23)
2020-05-15 22:43:20 -0500  (tag: calcite-1.23.0-rc1, tag: calcite-1.23.0)
2020-05-11 22:16:19 -0500  (tag: calcite-1.23.0-rc0)
2020-03-05 06:33:10 -0600  (tag: v1.23.0-rc1)
2020-03-02 19:34:16 +0800  (tag: calcite-1.22.0)
2019-09-11 03:31:18 +0200  (origin/branch-1.21)
2019-09-06 14:41:49 +0200  (tag: calcite-1.21.0)
2019-06-24 11:15:15 -0400  (origin/branch-1.20)
2019-06-19 14:06:47 -0400  (tag: calcite-1.20.0)
2019-06-08 01:12:20 +0200  (origin/review)
2019-03-20 13:36:33 -0400  (origin/branch-1.19)
2019-03-20 13:36:11 -0400  (tag: calcite-1.19.0)
2018-12-18 11:34:00 -0800  (origin/branch-1.18)
2018-12-18 11:33:17 -0800  (tag: calcite-1.18.0)
2018-07-16 11:55:07 +0300  (origin/branch-1.17)
2018-07-16 11:54:21 +0300  (tag: calcite-1.17.0)
2018-03-14 00:46:01 -0700  (origin/branch-1.16)
2018-03-14 00:45:45 -0700  (tag: calcite-1.16.0)
2017-12-05 22:51:18 -0800  (origin/branch-1.15)
2017-12-05 22:49:15 -0800  (tag: calcite-1.15.0)
2017-09-27 15:33:20 -0400  (origin/branch-1.14)
2017-09-27 15:33:02 -0400  (tag: calcite-1.14.0)
2017-06-22 17:58:26 +0100  (origin/branch-1.13)
2017-06-22 17:58:07 +0100  (tag: calcite-1.13.0)
2018-11-28 23:00:23 +0000  (tag: rel/avatica-1.13.0, tag: avatica-1.13.0-rc0)
2018-06-21 11:27:13 +0000  (tag: rel/avatica-1.12.0, tag: avatica-1.12.0-rc0)
2018-03-05 19:44:34 -0800  (tag: rel/avatica-1.11.0, tag: avatica-1.11.0-rc0)
2017-05-23 13:32:21 -0700  (tag: rel/avatica-1.10.0, tag: avatica-1.10.0-rc0)
2017-03-20 19:02:35 -0700  (origin/branch-1.12)
2017-03-20 18:54:36 -0700  (tag: calcite-1.12.0)
2017-01-03 01:38:34 -0800  (origin/branch-1.11)
2017-01-03 01:36:54 -0800  (tag: calcite-1.11.0)
2016-10-26 17:12:00 -0700  (origin/branch-avatica-1.9)
2016-10-26 17:11:26 -0700  (tag: rel/calcite-avatica-1.9.0, tag: calcite-avatica-1.9.0-rc1, tag: calcite-avatica-1.9.0)
2016-10-24 16:39:01 -0700  (tag: calcite-avatica-1.9.0-rc0)
2016-10-07 23:21:34 +0100  (origin/branch-1.10)
2016-10-07 23:21:13 +0100  (tag: calcite-1.10.0)
2016-09-17 10:10:50 +0200  (origin/branch-1.9)
2016-09-17 10:10:31 +0200  (tag: calcite-1.9.0)
2016-06-08 19:38:10 -0700  (origin/branch-1.8)
2016-06-08 19:35:18 -0700  (tag: calcite-1.8.0)
2016-05-31 19:38:14 -0400  (origin/branch-avatica-1.8)
2016-05-31 19:37:40 -0400  (tag: rel/calcite-avatica-1.8.0, tag: calcite-avatica-1.8.0)
2016-03-17 16:26:07 -0700  (origin/branch-1.7)
2016-03-17 16:21:52 -0700  (tag: calcite-1.7.0)
2016-03-15 11:53:48 -0400  (tag: rel/calcite-avatica-1.7.1, tag: calcite-avatica-1.7.1)
2016-03-09 20:54:00 -0500  (tag: rel/calcite-avatica-1.7.0, tag: calcite-avatica-1.7.0)
2016-01-18 12:40:50 -0800  (tag: rel/calcite-1.6.0, tag: calcite-1.6.0, origin/branch-release, origin/branch-1.6)
2016-01-14 15:24:49 -0800  (tag: calcite-1.6.0-rc0)
2015-11-06 14:35:15 +0100  (origin/branch-1.5)
2015-11-06 14:35:05 +0100  (tag: rel/calcite-1.5.0, tag: calcite-1.5.0)
2015-08-23 21:52:35 -0700  (origin/branch-1.4)
2015-08-23 21:52:20 -0700  (tag: rel/calcite-1.4.0-incubating, tag: calcite-1.4.0-incubating)
2015-05-21 13:32:32 -0700  (origin/branch-1.3)
2015-05-21 13:24:26 -0700  (tag: rel/calcite-1.3.0-incubating, tag: calcite-1.3.0-incubating)
2015-04-07 13:58:18 -0700  (origin/branch-1.2)
2015-04-07 13:57:32 -0700  (tag: rel/calcite-1.2.0-incubating, tag: calcite-1.2.0-incubating)
2015-03-13 13:17:24 -0700  (origin/branch-1.1)
2015-03-13 13:16:39 -0700  (tag: rel/calcite-1.1.0-incubating, tag: calcite-1.1.0-incubating)
2015-01-31 17:12:10 -0800  (origin/branch-1.0)
2015-01-31 17:11:43 -0800  (tag: rel/calcite-1.0.0-incubating, tag: calcite-1.0.0-incubating)
2014-11-13 15:13:58 -0800 
2013-05-23 11:53:36 -0700 
2014-11-13 15:11:04 -0800 
2012-04-19 20:40:33 -0700 
2014-11-05 16:41:50 -0800  (tag: rel/calcite-0.9.2-incubating, tag: calcite-0.9.2-incubating)
2014-10-02 14:31:31 -0700  (tag: rel/calcite-0.9.1-incubating, tag: calcite-0.9.1-incubating)
2014-08-18 20:47:43 -0700  (tag: optiq-0.9.0-incubating)
2014-06-27 20:11:46 -0700  (tag: optiq-parent-0.8)
2014-05-13 12:11:23 -0700  (tag: optiq-parent-0.7)
2014-04-11 12:14:19 -0700  (tag: optiq-parent-0.6)
2014-03-14 00:10:27 -0700  (tag: optiq-parent-0.5)
2014-03-21 10:27:12 -0700  (tag: optiq-parent-0.4.12.4)
2014-02-19 13:10:37 -0800  (tag: optiq-parent-0.4.12.3)
2013-11-13 10:53:59 -0800  (tag: optiq-parent-0.4.12.2)
2013-11-11 11:34:57 -0800  (tag: optiq-parent-0.4.12.1)
2014-02-20 12:26:57 -0800  (tag: optiq-parent-0.4.18.1)
2014-02-14 23:51:09 -0800  (tag: optiq-parent-0.4.18)
2014-01-13 16:57:32 -0800  (tag: optiq-parent-0.4.17)
2013-11-24 16:11:56 -0800  (tag: optiq-parent-0.4.16)
2013-10-14 17:06:40 -0700  (tag: optiq-parent-0.4.15)
2013-10-09 15:31:54 -0700  (tag: optiq-parent-0.4.14)
2013-10-09 14:06:31 -0700  (tag: optiq-parent-0.4.13)
2013-09-17 17:07:56 -0700  (tag: optiq-parent-0.4.12)
2013-08-23 13:14:03 -0700  (tag: optiq-0.4.11)
2013-08-13 18:27:02 -0700  (tag: optiq-0.4.10)
2013-07-31 13:28:46 -0700  (tag: optiq-0.4.9)
2013-07-31 11:29:14 -0700  (tag: optiq-0.4.8)
2013-07-22 14:35:46 -0700  (tag: optiq-0.4.7)
2013-07-17 14:23:59 -0700  (tag: v0.4.6)
2012-08-06 15:09:31 -0700 
2012-08-06 14:43:17 -0700 
2012-05-07 11:44:46 -0700 