2022-08-16 17:43:27 +0000  (tag: camel-3.14.5)
2022-06-25 10:24:26 +0000  (tag: camel-3.14.4)
2022-04-30 10:10:37 +0000  (tag: camel-3.14.3)
2022-03-03 15:34:54 +0000  (tag: camel-3.14.2)
2022-01-23 12:01:51 +0000  (tag: camel-3.14.1)
2021-12-12 12:41:13 +0000  (tag: camel-3.14.0)
2022-08-05 10:58:51 +0000  (tag: camel-3.18.1)
2022-07-02 10:49:21 +0000  (tag: camel-3.18.0)
2022-05-15 08:29:03 +0000  (tag: camel-3.17.0)
2022-05-01 12:19:28 +0000  (tag: camel-3.11.7)
2022-03-09 11:30:36 +0000  (tag: camel-3.11.6)
2021-12-23 21:07:53 +0000  (tag: camel-3.11.5)
2021-11-17 13:59:44 +0000  (tag: camel-3.11.4)
2021-10-07 09:18:34 +0000  (tag: camel-3.11.3)
2021-09-09 12:05:53 +0000  (tag: camel-3.11.2)
2021-08-01 17:19:10 +0000  (tag: camel-3.11.1)
2021-06-23 10:33:54 +0000  (tag: camel-3.11.0)
2022-03-22 11:54:24 +0000  (tag: camel-3.16.0)
2022-01-31 13:09:42 +0000  (tag: camel-3.15.0)
2021-12-17 19:45:13 +0000  (tag: camel-3.7.7)
2021-09-29 10:02:10 +0000  (tag: camel-3.7.6)
2021-07-06 10:07:20 +0000  (tag: camel-3.7.5)
2021-04-28 11:09:42 +0000  (tag: camel-3.7.4)
2021-03-05 12:52:35 +0000  (tag: camel-3.7.3)
2021-02-04 12:38:55 +0000  (tag: camel-3.7.2)
2021-01-17 12:16:52 +0000  (tag: camel-3.7.1)
2020-12-11 12:10:57 +0000  (tag: camel-3.7.0)
2021-11-08 13:40:56 +0000  (tag: camel-3.13.0)
2021-09-28 14:45:32 +0000  (tag: camel-3.12.0)
2021-06-17 12:49:47 +0000  (tag: camel-3.4.6)
2020-12-18 18:47:28 +0000  (tag: camel-3.4.5)
2020-09-22 11:30:28 +0000  (tag: camel-3.4.4)
2020-08-10 19:29:43 +0000  (tag: camel-3.4.3)
2020-07-18 21:54:47 +0000  (tag: camel-3.4.2)
2020-07-12 18:54:53 +0000  (tag: camel-3.4.1)
2020-06-14 06:52:37 -0700  (tag: camel-3.4.0)
2021-05-24 15:24:22 +0000  (tag: camel-2.25.4)
2020-12-20 13:17:31 +0000  (tag: camel-2.25.3)
2020-07-18 06:08:46 -0700  (tag: camel-2.25.2)
2020-04-12 07:12:29 -0700  (tag: camel-2.25.1)
2020-01-19 05:14:39 -0800  (tag: camel-2.25.0)
2021-05-15 21:24:13 +0000  (tag: camel-3.10.0)
2021-03-22 18:38:32 +0000  (tag: camel-3.9.0)
2021-02-09 15:42:34 +0000  (tag: camel-3.8.0)
2020-10-15 21:16:44 +0000  (tag: camel-3.6.0)
2020-08-31 05:21:58 -0700  (tag: camel-3.5.0)
2020-05-10 11:40:29 -0700  (tag: camel-3.3.0)
2020-04-01 13:14:59 -0700  (tag: camel-3.2.0)
2020-02-20 11:09:01 -0800  (tag: camel-3.1.0)
2019-11-24 09:46:02 -0800  (tag: camel-3.0.0)
2020-01-11 05:15:44 -0800  (tag: camel-3.0.1)
2019-12-19 04:50:34 -0800  (tag: camel-2.24.3)
2019-09-07 08:59:36 -0700  (tag: camel-2.24.2)
2019-06-20 05:41:01 -0700  (tag: camel-2.24.1)
2019-05-04 11:10:40 -0700  (tag: camel-2.24.0)
2019-10-20 07:57:12 -0700  (tag: camel-3.0.0-RC3)
2019-10-01 13:18:32 -0700  (tag: camel-3.0.0-RC2)
2019-09-15 08:14:49 -0700  (tag: camel-2.23.4)
2019-06-08 21:30:38 -0700  (tag: camel-2.23.3)
2019-04-06 05:02:57 -0700  (tag: camel-2.23.2)
2019-01-12 11:16:08 +0000  (tag: camel-2.23.1)
2018-11-24 09:32:24 +0000  (tag: camel-2.23.0)
2019-08-26 14:02:06 -0700  (tag: camel-3.0.0-RC1)
2019-07-06 02:19:41 -0700  (tag: camel-3.0.0-M4)
2019-06-07 11:31:37 -0700  (tag: camel-2.22.5)
2019-04-07 01:30:26 -0700  (tag: camel-2.22.4)
2019-01-19 12:47:11 +0000  (tag: camel-2.22.3)
2018-11-01 19:15:17 +0000  (tag: camel-2.22.2)
2018-09-01 23:38:30 +0000  (tag: camel-2.22.1)
2018-06-29 18:08:49 +0000  (tag: camel-2.22.0)
2019-06-03 15:28:00 -0700  (tag: camel-3.0.0-M3)
2019-03-24 06:35:07 -0700  (tag: camel-3.0.0-M2)
2019-02-17 12:59:23 -0800  (tag: camel-3.0.0-M1)
2019-02-02 01:56:58 -0800  (tag: camel-2.21.5)
2019-01-06 16:02:13 +0000  (tag: camel-2.21.4)
2018-10-21 09:08:54 +0000  (tag: camel-2.21.3)
2018-07-16 13:42:29 +0000  (tag: camel-2.21.2)
2018-04-28 22:38:10 +0000  (tag: camel-2.21.1)
2018-03-11 11:32:10 +0000  (tag: camel-2.21.0)
2018-07-21 08:33:32 +0000  (tag: camel-2.20.4)
2018-03-25 15:26:54 +0000  (tag: camel-2.20.3)
2018-03-24 15:31:38 +0000  (tag: camel-2.19.5)
2017-11-01 17:17:46 +0000  (tag: camel-2.19.4)
2017-09-10 15:18:47 +0000  (tag: camel-2.19.3)
2017-07-27 21:33:54 +0000  (tag: camel-2.19.2)
2017-06-11 10:16:41 +0000  (tag: camel-2.19.1)
2017-04-29 20:44:54 +0000  (tag: camel-2.19.0)
2018-01-22 22:28:15 +0000  (tag: camel-2.20.2)
2017-11-10 12:48:37 +0000  (tag: camel-2.20.1)
2017-10-07 16:51:27 +0000  (tag: camel-2.20.0)
2017-09-21 08:16:45 +0000  (tag: camel-2.18.5)
2017-05-20 18:23:05 +0000  (tag: camel-2.18.4)
2017-03-08 19:04:48 +0000  (tag: camel-2.18.3)
2017-01-22 15:58:48 +0000  (tag: camel-2.18.2)
2016-11-27 15:46:20 +0000  (tag: camel-2.18.1)
2016-10-04 22:28:22 +0000  (tag: camel-2.18.0)
2017-05-13 22:05:18 +0000  (tag: camel-2.17.7)
2017-03-05 10:24:36 +0000  (tag: camel-2.17.6)
2017-01-17 21:49:36 +0000  (tag: camel-2.17.5)
2016-11-23 19:23:10 +0000  (tag: camel-2.17.4)
2016-08-04 13:56:51 -0400  (tag: camel-2.17.3)
2016-06-26 19:33:31 +0000  (tag: camel-2.17.2)
2016-05-01 19:38:03 +0000  (tag: camel-2.17.1)
2016-03-21 23:42:40 +0000  (tag: camel-2.17.0)
2016-03-01 14:39:22 -0500 
2014-10-15 18:10:00 +0200 
2016-12-16 10:57:37 -0500  (tag: camel-2.16.5)
2016-09-18 18:03:47 +0000  (tag: camel-2.16.4)
2016-04-03 13:02:58 +0000  (tag: camel-2.16.3)
2016-01-22 18:06:32 +0000  (tag: camel-2.16.2)
2015-11-17 20:13:05 +0000  (tag: camel-2.16.1)
2015-10-05 11:39:03 -0400  (tag: camel-2.16.0)
2016-03-27 19:46:25 +0000  (tag: camel-2.15.6)
2015-11-23 07:34:31 +0000  (tag: camel-2.15.5)
2015-10-23 20:50:32 +0000  (tag: camel-2.15.4)
2015-08-15 15:44:03 -0400  (tag: camel-2.15.3)
2015-04-29 04:48:44 +0000  (tag: camel-2.15.2)
2015-03-28 03:32:05 +0000  (tag: camel-2.15.1)
2015-03-07 03:03:50 +0000  (tag: camel-2.15.0)
2015-11-06 16:46:44 +0000  (tag: camel-2.14.4)
2015-05-29 02:19:47 +0000  (tag: camel-2.14.3)
2015-03-03 10:53:13 +0000  (tag: camel-2.14.2)
2014-12-10 13:59:08 +0000  (tag: camel-2.14.1)
2014-09-15 08:47:18 +0000  (tag: camel-2.14.0)
2014-07-24 22:59:29 +1000 
2014-07-01 23:41:27 +1000 
2014-05-06 20:44:21 +1000 
2014-04-26 14:24:36 -0400 
2014-04-26 11:08:35 -0700 
2015-03-05 15:32:17 +0000  (tag: camel-2.13.4)
2014-10-28 07:40:58 +0100  (tag: camel-2.13.3)
2014-07-01 02:23:21 +0000  (tag: camel-2.13.2)
2014-05-07 08:14:03 +0000  (tag: camel-2.13.1)
2014-03-17 13:54:28 +0000  (tag: camel-2.13.0)
2014-10-21 20:00:14 +0200  (tag: camel-2.12.5)
2014-07-01 11:25:26 +0000  (tag: camel-2.12.4)
2014-02-21 09:29:20 +0000  (tag: camel-2.12.3)
2013-11-22 21:15:25 -0500  (tag: camel-2.12.2)
2013-09-18 21:33:43 +0200  (tag: camel-2.12.1)
2013-09-04 14:56:48 +0800  (tag: camel-2.12.0)
2014-02-15 14:01:49 -0500  (tag: camel-2.11.4)
2014-01-07 16:33:00 -0500  (tag: camel-2.11.3)
2013-09-19 08:00:07 +0200  (tag: camel-2.11.2)
2013-07-09 20:47:43 -0400  (tag: camel-2.11.1)
2013-04-17 06:45:52 +0000  (tag: camel-2.11.0)
2013-09-17 13:42:39 +0200  (tag: camel-2.9.8)
2013-09-15 20:28:25 +0200  (tag: camel-2.10.7)
2013-07-02 22:39:58 +0200  (tag: camel-2.10.6)
2013-06-22 16:45:00 +0200  (tag: camel-2.10.5)
2013-04-24 18:20:30 +0000  (tag: camel-2.9.7)
2013-03-05 02:55:59 +0000  (tag: camel-2.9.6)
2013-02-20 10:54:03 +0000  (tag: camel-2.10.4)
2012-12-03 00:59:22 +0000  (tag: camel-2.10.3)
2012-11-29 17:21:58 +0000  (tag: camel-2.9.5)
2012-10-11 16:21:36 +0000  (tag: camel-2.10.2)
2012-10-10 22:18:26 +0000  (tag: camel-2.9.4)
2012-08-24 15:51:49 +0000  (tag: camel-2.10.1)
2012-08-24 14:29:09 +0000  (tag: camel-2.9.3)
2012-07-05 07:53:06 +0000  (tag: camel-2.8.6)
2012-06-27 22:34:05 +0000  (tag: camel-2.10.0)
2012-04-23 18:06:12 +0000  (tag: camel-2.8.5)
2012-04-12 06:03:39 +0000  (tag: camel-2.9.2)
2012-03-01 16:06:54 +0000  (tag: camel-2.9.1)
2012-01-25 06:15:18 +0000  (tag: camel-2.8.4)
2012-01-11 09:44:04 +0000  (tag: camel-2.7.5)
2011-12-27 23:46:05 +0000  (tag: camel-2.9.0)
2011-11-17 08:44:19 +0000  (tag: camel-2.8.3)
2011-11-02 00:19:46 +0000  (tag: camel-2.9.0-RC1)
2011-10-19 01:36:43 +0000  (tag: camel-2.8.2)
2011-10-13 17:52:33 +0000  (tag: camel-2.7.4)
2011-09-06 15:56:05 +0000  (tag: camel-2.8.1)
2011-07-18 23:13:58 +0000  (tag: camel-2.8.0)
2011-07-13 16:48:33 +0000  (tag: camel-2.7.3)
2011-05-31 03:28:58 +0000  (tag: camel-2.7.2)
2011-04-08 17:48:50 +0000  (tag: camel-2.7.1)
2011-03-17 23:44:28 +0000  (tag: camel-2.7.0)
2011-01-24 21:49:08 +0000  (tag: camel-2.6.0)
2010-12-12 20:33:23 +0000  (tag: camel-1.6.4)
2010-10-25 18:09:32 +0000  (tag: camel-2.5.0)
2010-07-12 05:15:09 +0000  (tag: camel-2.4.0)
2010-05-31 15:23:33 +0000  (tag: camel-1.6.3)
2010-05-22 19:22:49 +0000  (tag: camel-2.3.0)
2010-02-07 00:17:18 +0000  (tag: camel-2.2.0)
2009-12-01 05:06:21 +0000  (tag: camel-2.1.0)
2009-11-18 03:57:30 +0000  (tag: camel-1.6.2)
2009-08-24 13:38:52 +0000  (tag: camel-2.0.0)
2009-08-18 14:06:53 +0000  (tag: camel-2.0-RC1)
2009-07-20 00:28:39 +0000  (tag: camel-2.0-M3)
2009-06-12 06:33:11 +0000  (tag: camel-2.0-M2)
2009-05-14 02:41:53 +0000  (tag: camel-1.6.1)
2009-03-12 19:25:56 +0000  (tag: camel-2.0-M1)
2009-02-18 01:44:28 +0000  (tag: camel-1.6.0)
2009-02-12 05:09:22 +0000  (tag: camel-1.6.0-RC1)
2009-01-19 21:04:24 +0000  (tag: camel-1.0.0)
2009-01-19 21:04:24 +0000  (tag: camel-1.1.0)
2009-01-19 21:04:24 +0000  (tag: camel-1.2.0)
2009-01-19 21:04:24 +0000  (tag: camel-1.3.0)
2009-01-19 21:04:24 +0000  (tag: camel-1.3.0-RC1)
2009-01-19 21:04:24 +0000  (tag: camel-1.3.0-RC2)
2009-01-19 21:04:24 +0000  (tag: camel-1.3.0-RC4)
2009-01-19 21:04:24 +0000  (tag: camel-1.3.0-RC5)
2009-01-19 21:04:24 +0000  (tag: camel-1.4.0)
2009-01-19 21:04:24 +0000  (tag: camel-1.4.0-RC2)
2009-01-19 21:04:24 +0000  (tag: camel-1.4.0-RC3)
2009-01-19 21:04:24 +0000  (tag: camel-1.4.0-RC4)
2009-01-19 21:04:24 +0000  (tag: camel-1.4.0-RC5)
2009-01-19 21:04:24 +0000  (tag: camel-1.5.0)
2009-01-19 21:04:24 +0000  (tag: camel-1.5.0-RC1)
2009-01-19 21:04:24 +0000  (tag: camel-1.5.0-RC2)
2007-03-19 10:54:57 +0000 