2022-01-19 16:48:56 +0530  (tag: apache-carbondata-2.3.0-rc2)
2022-01-18 11:13:31 +0530  (tag: apache-carbondata-1.1.0-rc3)
2021-12-22 19:57:35 +0530  (origin/carbon3.0)
2021-12-20 17:59:41 +0530  (tag: apache-carbondata-2.3.0-rc1)
2021-08-02 11:01:33 +0530  (tag: apache-carbondata-2.2.0-rc2)
2021-07-30 21:03:56 +0530  (origin/summer-2021)
2021-07-06 09:20:45 +0530  (tag: apache-carbondata-2.2.0-rc1)
2021-03-26 13:05:52 +0530  (tag: apache-carbondata-2.1.1-rc2)
2021-03-16 19:09:49 +0530  (tag: apache-carbondata-2.1.1-rc1)
2020-11-03 22:44:54 +0530  (tag: apache-carbondata-2.1.0-rc2)
2020-10-04 19:42:19 +0530  (tag: apache-carbondata-2.1.0-rc1)
2020-06-01 16:11:50 +0530  (tag: apache-carbondata-2.0.1-rc1)
2020-05-17 13:27:38 +0530  (tag: apache-carbondata-2.0.0-rc3)
2020-04-30 22:09:13 +0530  (tag: apache-carbondata-2.0.0-rc2)
2020-04-01 18:21:21 +0530  (tag: apache-carbondata-2.0.0-rc1)
2019-10-07 10:21:59 +0530  (tag: apache-CarbonData-1.6.1-rc1)
2019-08-13 11:41:44 +0530  (tag: apache-CarbonData-1.6.0-rc3)
2019-08-02 14:43:40 +0530  (tag: apache-CarbonData-1.6.0-rc2)
2019-07-15 18:14:51 +0530  (tag: apache-carbondata-1.6.0-rc1)
2019-05-17 14:26:17 +0530  (tag: apache-carbondata-1.5.4)
2019-04-02 18:37:51 +0530  (tag: apache-carbondata-1.5.3)
2019-01-30 17:35:55 +0530  (tag: apache-carbondata-1.5.2)
2019-01-21 19:53:03 +0530  (tag: apache-carbondata-1.5.2-rc1)
2018-11-30 23:40:17 +0530  (tag: apache-carbondata-1.5.1)
2018-11-22 01:27:33 +0530  (tag: apache-carbondata-1.5.1-rc1)
2018-10-09 22:42:22 +0530  (tag: apache-carbondata-1.5.0)
2018-09-26 09:15:06 +0530  (tag: apache-carbondata-1.5.0-rc1)
2018-06-05 19:21:07 +0530  (origin/spark-2.3)
2018-08-10 01:26:12 +0530  (tag: apache-carbondata-1.4.1)
2018-07-31 01:45:14 +0530  (tag: apache-carbondata-1.4.1.rc1)
2018-05-22 23:21:49 +0530  (tag: apache-carbondata-1.4.0)
2018-04-27 09:52:09 +0530  (tag: apache-carbondata-1.4.0-rc1)
2018-03-04 18:10:28 +0530  (tag: apache-carbondata-1.3.1)
2018-02-04 02:01:00 +0530  (tag: apache-carbondata-1.3.0)
2018-01-09 12:15:33 +0530  (tag: apache-carbondata-1.3.0-rc1)
2017-09-22 16:46:43 +0530  (tag: apache-carbondata-1.2.0)
2017-07-06 22:49:13 +0800  (tag: apache-carbondata-1.1.1)
2017-05-11 20:25:56 +0530  (tag: apache-carbondata-1.1.0)
2017-01-21 06:20:29 +0800  (tag: apache-carbondata-1.0.0-incubating)
2016-11-09 19:57:13 +0800  (tag: apache-carbondata-0.2.0-incubating)
2016-09-26 10:26:36 +0200  (tag: apache-carbondata-0.1.1-incubating)
2016-08-19 15:18:08 +0200  (tag: apache-carbondata-0.1.0-incubating)
2016-03-02 15:47:31 +0800 