2022-08-18 20:31:54 +0200  (tag: cassandra-4.0.6)
2022-07-12 12:16:55 +0200  (tag: cassandra-4.0.5)
2022-06-19 16:40:36 +0200 
2022-06-19 16:39:32 +0200 
2022-06-19 16:38:43 +0200 
2022-06-19 16:34:43 +0200  (origin/cassandra-2.2)
2022-05-20 22:03:07 +0200  (tag: cassandra-4.1-alpha1)
2022-05-06 18:38:54 +0200  (tag: cassandra-4.0.4)
2022-02-13 22:38:04 +0100  (tag: cassandra-4.0.3)
2022-02-07 15:08:45 +0100 
2022-02-07 14:42:53 +0100  (tag: cassandra-4.0.2)
2021-08-30 11:28:33 +0100  (tag: cassandra-4.0.1)
2021-07-28 13:35:35 -0500 
2022-05-06 17:05:13 +0200  (tag: cassandra-3.11.13)
2022-02-07 15:08:15 +0100 
2022-02-07 13:56:41 +0100  (tag: cassandra-3.11.12)
2021-07-28 13:31:08 -0500 
2021-07-25 12:39:42 -0500  (tag: cassandra-3.11.11)
2022-05-06 16:20:25 +0200  (tag: cassandra-3.0.27)
2022-02-07 13:14:30 +0100  (tag: cassandra-3.0.26)
2021-07-25 11:44:51 -0500  (tag: cassandra-3.0.25)
2021-07-22 13:04:36 -0500  (tag: cassandra-4.0.0)
2021-06-27 16:37:09 +0200  (tag: cassandra-4.0-rc2)
2021-04-21 19:32:21 +0200  (tag: cassandra-4.0-rc1)
2021-01-29 13:47:39 +0100 
2021-01-29 13:27:54 +0100  (tag: cassandra-3.11.10)
2021-01-29 12:59:09 +0100 
2021-01-29 12:21:13 +0100  (tag: cassandra-3.0.24)
2020-12-18 18:33:39 +0100  (tag: cassandra-4.0-beta4)
2020-10-29 13:00:34 +0100  (tag: cassandra-4.0-beta3)
2020-10-29 12:54:51 +0100 
2020-10-29 12:33:00 +0100  (tag: cassandra-3.11.9)
2020-10-29 12:29:00 +0100 
2020-10-29 12:28:50 +0100 
2020-10-29 12:04:50 +0100  (tag: cassandra-3.0.23)
2020-10-29 11:58:57 +0100 
2020-10-29 11:58:25 +0100 
2020-10-29 11:58:15 +0100 
2020-10-29 11:36:14 +0100  (tag: cassandra-2.2.19)
2020-08-31 21:02:14 +0200 
2020-08-31 21:00:57 +0200 
2020-08-31 20:59:29 +0200 
2020-08-31 20:57:58 +0200 
2020-08-31 20:55:39 +0200  (origin/cassandra-2.1)
2020-08-28 15:54:49 +0200  (tag: cassandra-4.0-beta2)
2020-08-28 15:37:23 +0200 
2020-08-28 15:13:27 +0200  (tag: cassandra-3.11.8)
2020-08-28 15:09:27 +0200 
2020-08-28 15:09:18 +0200 
2020-08-28 14:49:52 +0200  (tag: cassandra-3.0.22)
2020-08-28 14:45:25 +0200 
2020-08-28 14:45:16 +0200 
2020-08-28 14:45:00 +0200 
2020-08-28 14:25:39 +0200  (tag: cassandra-2.2.18)
2020-08-28 14:18:26 +0200 
2020-08-28 14:18:08 +0200 
2020-08-28 14:17:49 +0200 
2020-08-28 14:17:20 +0200 
2020-08-28 13:16:01 +0200  (tag: cassandra-2.1.22)
2020-07-17 23:22:38 +0200  (tag: cassandra-4.0-beta1)
2020-07-14 23:33:43 +0200 
2020-07-14 22:59:02 +0200  (tag: cassandra-3.11.7)
2020-07-14 22:53:22 +0200 
2020-07-14 22:52:53 +0200 
2020-07-14 22:15:26 +0200  (tag: cassandra-3.0.21)
2020-07-14 22:07:01 +0200 
2020-07-14 22:06:42 +0200 
2020-07-14 22:06:20 +0200 
2020-07-14 21:31:28 +0200  (tag: cassandra-2.2.17)
2020-04-11 00:28:22 +0200  (tag: cassandra-4.0-alpha4)
2020-02-11 00:19:58 +0100 
2020-02-10 23:54:06 +0100  (tag: cassandra-3.11.6)
2020-02-10 23:51:39 +0100 
2020-02-10 23:51:21 +0100 
2020-02-10 22:53:37 +0100  (tag: cassandra-3.0.20)
2020-02-10 21:26:22 +0100 
2020-02-10 21:24:14 +0100 
2020-02-10 21:23:24 +0100 
2020-02-10 10:55:15 +0100  (tag: cassandra-2.2.16)
2020-01-30 09:24:41 +0100  (tag: cassandra-4.0-alpha3)
2019-10-24 11:22:15 -0500  (tag: cassandra-4.0-alpha2)
2019-10-24 11:21:29 -0500  (tag: cassandra-3.11.5)
2019-10-24 11:21:09 -0500  (tag: cassandra-3.0.19)
2019-10-24 09:50:08 -0500 
2019-10-24 09:49:54 -0500 
2019-10-24 09:49:32 -0500 
2019-10-24 09:49:13 -0500  (tag: cassandra-2.2.15)
2019-09-05 15:07:01 -0700  (tag: cassandra-4.0-alpha1)
2019-02-01 12:40:38 -0600  (tag: cassandra-3.11.4)
2019-02-01 12:38:46 -0600 
2019-02-01 12:38:25 -0600  (tag: cassandra-3.0.18)
2019-02-01 12:36:34 -0600 
2019-02-01 12:36:13 -0600  (tag: cassandra-2.2.14)
2019-02-01 12:33:35 -0600 
2019-02-01 12:33:15 -0600  (tag: cassandra-2.1.21)
2018-07-16 17:46:37 +0100  (tag: cassandra-3.11.3)
2018-07-16 17:40:09 +0100  (tag: cassandra-3.0.17)
2018-07-11 10:16:52 +1000 
2018-07-11 10:16:23 +1000 
2018-07-11 10:16:06 +1000  (tag: cassandra-2.2.13)
2018-02-14 05:19:48 -0800  (tag: cassandra-3.11.2)
2018-02-13 15:07:48 -0800 
2018-02-13 15:00:57 -0800  (tag: cassandra-3.0.16)
2018-02-10 14:59:28 -0200 
2018-02-10 14:57:53 -0200 
2018-02-10 14:54:56 -0200  (tag: cassandra-2.2.12)
2018-02-10 14:33:50 -0200  (tag: cassandra-2.1.20)
2017-10-02 09:34:49 +0200  (tag: cassandra-3.11.1)
2017-10-02 09:29:22 +0200  (tag: cassandra-3.0.15)
2017-09-25 09:31:10 +0200 
2017-09-25 09:15:17 +0200 
2017-09-25 09:14:54 +0200  (tag: cassandra-2.2.11)
2017-09-20 07:06:02 -0700 
2017-09-20 07:05:37 -0700 
2017-09-20 07:05:13 -0700 
2017-09-20 06:57:35 -0700  (tag: cassandra-2.1.19)
2017-06-21 14:09:38 -0500 
2017-06-21 14:09:15 -0500 
2017-06-21 14:08:38 -0500  (tag: cassandra-2.2.10)
2017-06-21 14:04:21 -0500  (tag: cassandra-2.1.18)
2017-06-19 17:42:53 -0500  (tag: cassandra-3.11.0)
2017-06-18 17:45:48 -0700 
2017-06-18 17:44:33 -0700  (tag: cassandra-3.0.14)
2017-04-11 12:54:15 -0500 
2017-04-11 12:54:01 -0500  (tag: cassandra-3.0.13)
2017-03-07 09:30:34 -0600 
2017-03-07 09:30:12 -0600  (tag: cassandra-3.0.12)
2017-02-15 18:16:37 -0600 
2017-02-15 18:15:54 -0600  (tag: cassandra-3.0.11)
2017-02-15 18:14:15 -0600 
2017-02-15 18:13:56 -0600  (tag: cassandra-2.2.9)
2017-02-15 18:11:17 -0600 
2017-02-15 18:10:51 -0600  (tag: cassandra-2.1.17)
2017-01-30 10:27:05 +0100  (tag: cassandra-3.10)
2016-11-11 14:26:35 -0500 
2016-11-11 14:26:07 -0500  (tag: cassandra-3.0.10)
2016-10-05 17:22:19 -0500 
2016-10-05 17:21:11 -0500 
2016-10-05 17:20:44 -0500 
2016-10-05 17:18:52 -0500  (tag: cassandra-2.1.16)
2016-09-26 09:08:59 -0500 
2016-09-26 09:02:27 -0500  (tag: cassandra-3.9)
2016-09-26 08:53:44 -0500  (tag: cassandra-3.8)
2016-09-23 16:44:23 -0500 
2016-09-23 16:43:29 -0500 
2016-09-23 16:42:46 -0500  (tag: cassandra-2.2.8)
2016-09-20 14:21:42 +1200 
2016-09-20 14:17:50 +1200 
2016-09-12 16:58:08 +0800 
2016-09-12 16:56:30 +0800  (tag: cassandra-3.0.9)
2016-06-28 20:15:47 -0400 
2016-06-06 14:30:44 -0400  (tag: cassandra-3.7)
2016-06-06 14:29:05 -0400 
2016-05-30 17:43:03 +0200  (tag: cassandra-3.6)
2016-05-03 09:36:19 -0400 
2016-04-19 15:49:08 +0200 
2016-04-15 10:46:29 -0400 
2016-04-08 21:22:00 -0700  (tag: cassandra-3.5)
2016-04-02 07:58:45 -0400 
2016-02-29 18:21:05 +0000  (tag: cassandra-3.4)
2016-02-29 17:20:13 +0000 
2016-02-03 09:44:01 -0500  (tag: cassandra-3.3)
2016-01-26 09:18:05 -0500 
2016-07-01 11:09:35 -0400  (tag: cassandra-3.0.8)
2016-06-28 20:11:14 -0400 
2016-06-06 14:28:41 -0400  (tag: cassandra-3.0.7)
2016-05-03 09:35:56 -0400  (tag: cassandra-3.0.6)
2016-04-19 15:48:59 +0200 
2016-04-15 10:35:11 -0400 
2016-04-02 07:58:13 -0400  (tag: cassandra-3.0.5)
2016-02-29 17:19:19 +0000  (tag: cassandra-3.0.4)
2016-02-03 09:42:18 -0500  (tag: cassandra-3.0.3)
2016-01-26 09:17:35 -0500 
2016-07-01 10:32:50 -0400  (tag: cassandra-2.2.7)
2016-06-28 20:07:36 -0400 
2016-06-28 20:06:55 -0400  (tag: cassandra-2.1.15)
2016-04-19 15:48:52 +0200 
2016-04-19 15:42:36 +0200  (tag: cassandra-2.1.14)
2016-04-15 10:34:48 -0400  (tag: cassandra-2.2.6)
2016-01-26 09:16:43 -0500  (tag: cassandra-2.2.5)
2016-01-26 09:13:37 -0500 
2016-01-26 09:12:48 -0500  (tag: cassandra-2.1.13)
2016-01-14 10:19:07 -0500  (tag: cassandra-3.2.1)
2016-01-07 15:16:26 -0600  (tag: cassandra-3.2)
2015-12-15 12:53:06 -0500  (tag: cassandra-3.0.2)
2015-12-14 12:29:25 -0500  (tag: cassandra-3.1.1)
2015-12-04 16:00:43 -0500  (tag: cassandra-3.1)
2015-12-04 15:56:51 -0500  (tag: cassandra-3.0.1)
2015-12-02 10:53:38 -0500 
2015-12-02 10:53:01 -0500  (tag: cassandra-2.2.4)
2015-12-02 10:51:15 -0500 
2015-12-02 10:50:22 -0500  (tag: cassandra-2.1.12)
2015-11-06 14:38:34 -0500  (tag: cassandra-3.0.0)
2015-10-16 16:03:16 -0400  (tag: cassandra-3.0.0-rc2)
2015-10-13 11:25:10 -0500 
2015-10-13 11:21:31 -0500  (tag: cassandra-2.2.3)
2015-10-13 11:18:55 -0500  (tag: cassandra-2.1.11)
2015-10-01 09:40:12 -0400 
2015-10-01 09:38:36 -0400  (tag: cassandra-2.2.2)
2015-10-01 09:37:06 -0400 
2015-10-01 09:36:24 -0400  (tag: cassandra-2.1.10)
2015-09-19 16:03:29 -0400  (tag: cassandra-3.0.0-rc1)
2015-09-18 12:43:16 +0100 
2015-09-18 12:42:51 +0100 
2015-09-18 12:40:25 +0100 
2015-09-18 12:33:51 +0100  (tag: cassandra-2.0.17, origin/cassandra-2.0)
2015-09-04 19:11:39 -0400  (tag: cassandra-3.0.0-beta2)
2015-08-28 09:44:25 -0400 
2015-08-28 09:43:34 -0400  (tag: cassandra-2.2.1)
2015-08-25 10:03:22 -0500 
2015-08-25 09:40:30 -0400 
2015-08-25 09:39:15 -0400  (tag: cassandra-2.1.9)
2015-08-21 22:55:18 -0400  (tag: cassandra-3.0.0-beta1)
2015-07-30 10:16:24 -0400  (tag: cassandra-3.0.0-alpha1)
2015-07-17 13:46:23 -0400  (tag: cassandra-2.2.0)
2015-07-06 13:38:30 -0400  (tag: cassandra-2.2.0-rc2)
2015-07-06 12:26:01 -0400 
2015-07-06 12:22:04 -0400  (tag: cassandra-2.1.8)
2015-06-22 16:50:20 +0200 
2015-06-18 14:53:07 -0400  (tag: cassandra-2.1.7)
2015-06-18 14:47:47 -0400 
2015-06-18 14:32:10 -0400 
2015-06-18 14:02:45 -0400  (tag: cassandra-2.0.16)
2015-06-08 14:00:07 -0400 
2015-06-05 10:47:35 -0400  (tag: cassandra-2.1.6)
2015-06-05 11:13:54 -0400  (tag: cassandra-2.2.0-rc1)
2015-05-17 22:21:49 -0400  (tag: cassandra-2.2.0-beta1)
2015-05-13 11:43:18 -0400 
2015-05-13 11:42:48 -0400  (tag: cassandra-2.0.15)
2015-04-27 10:25:52 -0400  (tag: cassandra-2.1.5)
2015-04-01 10:56:05 -0400 
2015-03-30 09:38:50 -0400  (tag: cassandra-2.1.4)
2015-04-01 10:49:53 -0400 
2015-03-30 09:40:38 -0400  (tag: cassandra-2.0.14)
2015-03-12 21:01:11 -0400  (tag: cassandra-2.0.13)
2015-02-11 15:19:22 +0300  (tag: cassandra-2.1.3)
2015-01-17 04:07:15 +0300 
2015-01-17 04:06:21 +0300  (tag: cassandra-2.0.12)
2014-11-05 15:49:59 -0800  (tag: cassandra-2.1.2)
2014-10-23 11:57:00 -0500 
2014-10-21 16:23:52 +0200  (tag: cassandra-2.0.11)
2014-10-21 17:57:32 +0200  (tag: cassandra-2.1.1)
2014-09-07 21:23:52 +0700 
2014-09-02 12:48:30 -0500 
2014-08-22 21:56:25 +0300 
2014-08-22 21:55:31 +0300 
2014-09-18 11:45:20 -0400  (tag: cassandra-2.1.0-deb)
2014-09-07 15:25:31 +0200  (tag: cassandra-2.1.0)
2014-09-02 10:41:48 +0200  (tag: cassandra-2.1.0-rc7)
2014-08-22 21:55:56 +0300 
2014-08-22 17:07:25 +0200  (tag: cassandra-2.0.10)
2014-08-15 14:55:25 -0700  (tag: cassandra-2.1.0-rc6)
2014-08-02 13:48:00 +0200  (tag: cassandra-2.1.0-rc5)
2014-07-18 13:42:11 -0500  (tag: cassandra-2.1.0-rc4)
2014-07-10 16:24:03 -0500 
2014-07-10 16:17:39 -0500 
2014-07-08 14:07:17 +0200  (tag: cassandra-2.1.0-rc3)
2014-06-26 18:01:35 +0200 
2014-06-26 10:49:22 +0200  (tag: cassandra-2.0.9)
2014-06-23 19:00:07 +0200  (tag: cassandra-2.1.0-rc2)
2014-05-30 17:27:53 +0200  (tag: cassandra-2.1.0-rc1)
2014-05-21 17:49:40 +0200 
2014-05-21 11:48:21 +0200  (tag: cassandra-2.0.8)
2014-05-01 16:40:15 +0200  (tag: cassandra-2.1.0-beta2)
2014-04-18 03:14:47 +0300 
2014-04-14 16:43:46 +0200  (tag: cassandra-2.0.7)
2014-04-01 04:25:40 +0300 
2014-04-01 04:22:39 +0300 
2014-03-08 22:22:31 -0500 
2014-03-07 13:20:03 +0100  (tag: cassandra-2.0.6)
2014-02-17 17:30:13 +0100  (tag: cassandra-2.1.0-beta1)
2014-02-05 16:38:18 +0100 
2014-02-05 16:36:50 +0100 
2014-02-05 09:22:13 +0100  (tag: cassandra-2.0.5)
2014-01-31 05:46:23 -0800 
2014-01-31 13:25:45 +0100 
2013-12-27 16:58:36 -0600 
2013-12-27 12:42:15 -0600  (tag: cassandra-2.0.4)
2013-12-17 11:06:01 -0800 
2013-12-17 11:04:03 -0800 
2013-11-22 09:56:33 +0100 
2013-11-22 08:45:22 +0100  (tag: cassandra-2.0.3)
2013-11-20 11:58:43 -0600 
2013-11-20 11:54:57 -0600 
2013-10-24 09:57:12 -0500 
2013-10-24 09:15:58 +0200  (tag: cassandra-2.0.2)
2013-10-20 21:59:05 -0400 
2013-10-20 02:08:52 +0100 
2013-10-20 02:09:18 +0100 
2013-10-18 21:54:16 -0400 
2013-10-20 00:21:48 +0100 
2013-09-20 12:19:34 +0200  (tag: cassandra-2.0.1)
2013-09-19 12:28:04 +0200 
2013-09-03 16:28:57 +0200 
2013-08-28 13:37:31 +0200  (tag: cassandra-2.0.0)
2013-08-26 18:01:43 -0500 
2013-08-19 17:01:20 +0200  (tag: cassandra-2.0.0-rc2)
2013-08-05 10:17:47 -0500  (tag: cassandra-2.0.0-rc1)
2013-07-29 15:54:03 -0500 
2013-07-24 11:07:31 -0500 
2013-07-22 16:58:14 +0200  (tag: cassandra-2.0.0-beta2)
2013-07-09 10:31:31 +0200  (tag: cassandra-2.0.0-beta1)
2014-09-12 12:45:52 -0400  (tag: cassandra-1.2.19, origin/cassandra-1.2)
2014-07-02 11:41:06 +0200  (tag: cassandra-1.2.18)
2014-06-25 18:25:30 +0200  (tag: cassandra-1.2.17)
2014-03-24 17:16:15 +0100  (tag: cassandra-1.2.16)
2014-02-05 08:47:20 +0100  (tag: cassandra-1.2.15)
2014-01-31 10:45:03 +0100  (tag: cassandra-1.2.14)
2013-12-17 11:02:42 -0800  (tag: cassandra-1.2.13)
2013-11-20 09:43:28 +0100  (tag: cassandra-1.2.12)
2013-10-18 18:06:27 +0200  (tag: cassandra-1.2.11)
2013-09-19 11:59:58 +0200  (tag: cassandra-1.2.10)
2013-08-26 19:33:02 +0200  (tag: cassandra-1.2.9)
2013-07-27 19:38:15 -0400  (tag: cassandra-1.2.8)
2013-07-24 17:46:52 +0200  (tag: cassandra-1.2.7)
2013-06-25 09:58:10 +0200  (tag: cassandra-1.2.6)
2013-05-26 13:17:15 +0200 
2013-05-22 11:19:05 -0500  (tag: cassandra-1.1.12)
2013-05-15 15:21:14 +0200  (tag: cassandra-1.2.5)
2013-05-02 10:23:08 -0400 
2013-05-02 10:12:19 -0400 
2013-05-02 10:08:44 -0400  (origin/cassandra-1.0)
2013-04-19 06:07:32 -0700 
2013-04-16 19:08:40 -0500  (tag: cassandra-1.1.11)
2013-04-08 18:55:06 +0200  (tag: cassandra-1.2.4)
2013-03-14 10:19:05 +0100  (tag: cassandra-1.2.3)
2013-02-20 23:57:45 +0100  (tag: cassandra-1.2.2)
2013-02-12 14:01:30 +0100 
2013-02-12 08:37:43 +0100  (tag: cassandra-1.1.10)
2013-01-25 08:08:29 +0100  (tag: cassandra-1.2.1)
2013-01-15 18:27:24 +0100 
2013-01-14 18:32:05 +0100  (tag: cassandra-1.1.9)
2012-12-29 13:08:23 +0100  (tag: cassandra-1.2.0)
2012-12-20 10:08:02 +0100  (tag: cassandra-1.2.0-rc2)
2012-12-14 21:36:40 +0300 
2012-12-14 16:52:29 +0100  (tag: cassandra-1.1.8)
2012-12-11 09:10:45 +0100  (tag: cassandra-1.2.0-rc1)
2012-12-03 18:36:28 +0100  (tag: cassandra-1.2.0-beta3)
2012-11-28 00:03:18 +0900 
2012-11-27 09:34:48 +0100  (tag: cassandra-1.1.7)
2012-11-05 18:41:48 +0100  (tag: cassandra-1.2.0-beta2)
2012-11-01 14:32:45 -0500 
2012-11-01 14:32:35 -0500 
2012-09-24 21:42:47 +0200  (tag: cassandra-1.0.12)
2012-10-15 12:32:11 -0500 
2012-10-11 22:03:27 -0500  (tag: cassandra-1.1.6)
2012-09-18 18:01:22 +0200  (tag: cassandra-1.2.0-beta1)
2012-09-07 11:58:03 -0500  (tag: cassandra-1.1.5)
2012-08-14 16:06:09 -0500  (tag: cassandra-1.1.4)
2012-08-14 16:01:17 -0500 
2012-07-27 17:14:32 +0200  (tag: cassandra-1.0.11)
2012-08-01 16:36:04 -0500  (tag: cassandra-1.1.3)
2012-06-29 17:25:58 +0200  (tag: cassandra-1.1.2)
2012-06-01 19:51:37 +0200  (tag: cassandra-1.1.1)
2012-05-04 18:06:40 -0500 
2012-05-04 17:53:39 +0200  (tag: cassandra-1.0.10)
2012-04-20 11:35:34 -0500  (tag: cassandra-1.1.0)
2012-04-12 10:01:18 +0200  (tag: cassandra-1.1.0-rc1)
2012-04-03 18:07:25 +0200 
2012-04-03 16:32:58 +0200  (tag: cassandra-1.0.9)
2012-04-02 12:18:51 -0500 
2012-04-02 12:14:25 -0500 
2012-02-08 16:39:43 +0100  (tag: cassandra-0.8.10)
2012-03-23 10:37:50 +0100  (tag: cassandra-1.1.0-beta2)
2012-02-24 12:32:00 +0100 
2012-02-22 15:10:56 +0100  (tag: cassandra-1.0.8)
2012-02-16 09:40:13 +0100  (tag: cassandra-1.1.0-beta1)
2012-01-13 08:49:21 +0100  (tag: cassandra-1.0.7)
2011-12-14 19:07:00 +0000  (tag: cassandra-0.8.9)
2011-12-14 01:17:43 +0000  (tag: cassandra-1.0.6)
2011-12-02 19:03:06 +0000  (tag: cassandra-0.8.8)
2011-11-30 18:06:04 +0000  (tag: cassandra-1.0.5)
2011-11-29 08:21:06 +0000  (tag: cassandra-1.0.4)
2011-11-18 15:30:26 +0000  (tag: cassandra-1.0.3)
2011-11-07 15:03:24 +0000  (tag: cassandra-1.0.2)
2011-10-31 17:41:53 +0000  (tag: cassandra-0.7.10)
2011-10-31 10:55:50 +0000  (tag: cassandra-1.0.1)
2011-10-18 11:24:49 +0000  (tag: cassandra-1.0.0)
2011-10-10 07:14:25 +0000  (tag: cassandra-0.8.7)
2011-10-04 07:02:59 +0000  (tag: cassandra-1.0.0-rc2)
2011-09-27 15:55:54 +0000  (tag: cassandra-1.0.0-rc1)
2011-09-20 09:35:34 +0000  (tag: cassandra-0.8.6)
2011-09-15 17:23:22 +0000  (tag: cassandra-1.0.0-beta1)
2011-09-08 11:19:13 +0000  (tag: cassandra-0.8.5)
2011-09-05 16:45:29 +0000  (tag: cassandra-0.7.9)
2011-08-11 17:23:22 +0000  (tag: cassandra-0.8.4)
2011-08-08 19:26:47 +0000  (tag: cassandra-0.8.3)
2011-07-26 09:16:18 +0000  (tag: cassandra-0.8.2)
2011-07-22 17:26:34 +0000  (tag: cassandra-0.7.8)
2011-07-16 14:07:06 +0000  (tag: cassandra-0.7.7)
2011-06-28 16:09:30 +0000  (tag: cassandra-0.8.1)
2011-06-02 22:03:47 +0000  (tag: cassandra-0.8.0)
2011-05-17 21:40:35 +0000  (tag: cassandra-0.8.0-rc1)
2011-05-20 08:21:47 +0000  (tag: cassandra-0.7.6-2)
2011-05-18 13:32:14 +0000  (tag: cassandra-0.7.6)
2011-05-06 00:19:35 +0000  (tag: cassandra-0.8.0-beta2)
2011-04-28 13:06:09 +0000  (tag: cassandra-0.7.5)
2011-04-22 20:06:58 +0000  (tag: cassandra-0.8.0-beta1)
2011-04-18 14:21:08 +0000  (tag: cassandra-0.6.13)
2011-03-15 14:47:40 +0000  (tag: cassandra-0.7.4)
2011-03-04 20:04:27 +0000  (tag: cassandra-0.7.3)
2011-02-21 16:53:36 +0000  (tag: cassandra-0.6.12)
2011-02-16 23:53:16 +0000  (tag: cassandra-0.7.2)
2011-02-14 19:33:44 +0000  (tag: cassandra-0.7.1)
2011-01-28 21:52:04 +0000  (tag: cassandra-0.6.11)
2011-01-24 01:00:12 +0000  (tag: cassandra-0.6.10)
2011-01-10 00:38:51 +0000  (tag: cassandra-0.7.0)
2011-01-10 00:36:43 +0000  (tag: cassandra-0.6.9)
2011-01-01 17:46:15 +0000  (tag: cassandra-0.7.0-rc4)
2010-12-25 00:40:08 +0000  (tag: cassandra-0.7.0-rc3)
2010-12-10 01:11:10 +0000  (tag: cassandra-0.7.0-rc2)
2010-11-24 17:25:47 +0000  (tag: cassandra-0.7.0-rc1)
2010-11-13 02:51:26 +0000  (tag: cassandra-0.6.8)
2010-11-10 15:18:01 +0000  (tag: cassandra-0.6.7)
2010-11-01 13:04:45 +0000  (tag: cassandra-0.7.0-beta3)
2010-10-15 17:38:00 +0000  (tag: cassandra-0.6.6)
2010-10-01 22:20:47 +0000  (tag: cassandra-0.7.0-beta2)
2010-08-27 19:51:19 +0000  (tag: cassandra-0.6.5)
2010-08-10 16:48:12 +0000  (tag: cassandra-0.7.0-beta1)
2010-07-27 21:48:02 +0000  (tag: cassandra-0.6.4)
2010-06-25 22:30:23 +0000  (tag: cassandra-0.6.3)
2010-05-24 20:40:27 +0000  (tag: cassandra-0.6.2)
2010-04-15 13:48:48 +0000  (tag: cassandra-0.6.1)
2010-04-12 01:37:17 +0000  (tag: cassandra-0.6.0)
2010-03-28 15:38:12 +0000  (tag: cassandra-0.6.0-rc1)
2010-03-17 18:34:04 +0000  (tag: cassandra-0.6.0-beta3)
2010-03-13 23:17:20 +0000  (tag: cassandra-0.3.0-final)
2010-03-13 23:17:20 +0000  (tag: cassandra-0.3.0-rc1)
2010-03-13 23:17:20 +0000  (tag: cassandra-0.3.0-rc2)
2010-03-13 23:17:20 +0000  (tag: cassandra-0.3.0-rc3)
2010-03-13 23:17:20 +0000  (tag: cassandra-0.4.0-beta1)
2010-03-13 23:17:20 +0000  (tag: cassandra-0.4.0-final)
2010-03-13 23:17:20 +0000  (tag: cassandra-0.4.0-rc1)
2010-03-13 23:17:20 +0000  (tag: cassandra-0.4.0-rc2)
2010-03-13 23:17:20 +0000  (tag: cassandra-0.4.1)
2010-03-13 23:17:20 +0000  (tag: cassandra-0.4.2)
2010-03-13 23:17:20 +0000  (tag: cassandra-0.5.0)
2010-03-13 23:17:20 +0000  (tag: cassandra-0.5.0-beta1)
2010-03-13 23:17:20 +0000  (tag: cassandra-0.5.0-beta2)
2010-03-13 23:17:20 +0000  (tag: cassandra-0.5.0-rc1)
2010-03-13 23:17:20 +0000  (tag: cassandra-0.5.0-rc2)
2010-03-13 23:17:20 +0000  (tag: cassandra-0.5.0-rc3)
2010-03-13 23:17:20 +0000  (tag: cassandra-0.5.1)
2010-03-13 23:17:20 +0000  (tag: cassandra-0.6.0-beta1)
2010-03-13 23:17:20 +0000  (tag: cassandra-0.6.0-beta2)
2009-03-02 07:57:22 +0000 