2022-06-03 13:07:34 +0300  (tag: 4.2.RC1)
2021-12-01 14:26:23 +0300  (tag: 4.2.B1)
2021-03-13 17:07:08 +0300  (tag: 4.2.M3)
2020-10-06 17:24:26 +0300  (tag: 4.2.M2)
2020-04-15 12:09:21 +0300  (tag: 4.2.M1)
2020-02-17 10:07:32 -0600  (origin/genpkbatch)
2021-12-20 18:57:32 +0300  (tag: 4.1.1)
2020-07-14 13:17:37 +0300  (tag: 4.1)
2019-10-25 10:46:35 +0300  (tag: 4.1.RC2)
2019-10-03 14:54:36 +0300  (tag: 4.1.RC1)
2019-05-04 12:26:16 +0300  (tag: 4.1.B2)
2019-03-07 14:57:03 +0300  (tag: 4.1.B1)
2018-07-11 17:30:13 +0300  (tag: 4.1.M2)
2017-10-06 12:07:31 +0300  (tag: 4.1.M1)
2019-10-09 16:42:56 +0300  (tag: 4.0.2)
2018-12-20 13:59:00 +0300  (tag: 4.0.1)
2018-08-06 15:05:56 +0300  (tag: 4.0)
2018-04-18 16:04:22 +0300  (tag: 4.0.RC1)
2017-09-26 12:51:57 +0300  (tag: 4.0.B2)
2017-06-02 18:08:18 +0300  (tag: 4.0.B1)
2017-02-24 10:45:33 +0300  (tag: 4.0.M5)
2016-12-06 17:03:08 +0300  (tag: 4.0.M4)
2018-07-11 12:46:09 +0300  (tag: 3.1.3)
2017-11-13 10:42:55 +0300  (tag: 3.1.2)
2016-04-29 15:14:35 +0300  (tag: cayenne-parent-3.1.1)
2014-09-20 17:03:15 +0300  (tag: cayenne-parent-3.1)
2016-02-08 19:33:28 +0300  (tag: 4.0.M3)
2015-02-26 11:14:59 +0300  (tag: 4.0.M2)
2014-02-08 23:19:57 +0000  (tag: cayenne-parent-3.1RC1)
2013-07-07 16:13:34 +0000  (tag: cayenne-parent-3.2M1)
2013-02-05 20:15:23 +0000  (tag: 3.1B2)
2013-02-05 18:35:31 +0000  (tag: cayenne-parent-3.1B2)
2012-05-28 17:32:48 +0000  (tag: 3.1B1)
2011-09-26 07:00:59 +0000  (tag: 3.1M3)
2011-06-11 08:41:04 +0000  (tag: 3.0.2)
2011-02-21 08:55:55 +0000  (tag: 3.1M2)
2010-11-14 07:17:15 +0000  (tag: 3.1M1)
2010-08-25 18:29:23 +0000  (tag: 3.0.1)
2010-04-26 09:34:15 +0000  (tag: 3.0-final)
2010-03-29 07:46:16 +0000  (tag: 3.0RC3)
2010-03-29 07:18:18 +0000  (tag: 3.0RC2)
2009-12-27 11:37:56 +0000  (tag: 3.0RC1)
2009-11-03 18:59:35 +0000  (tag: 3.0B1)
2009-05-17 21:28:38 +0000  (tag: 3.0M6)
2007-01-21 11:11:02 +0000 
2008-12-07 16:20:38 +0000  (tag: 3.0M5)
2008-05-17 18:36:04 +0000  (tag: 3.0M4)
2008-01-26 00:47:38 +0000  (tag: 3.0M3)
2007-10-28 20:42:08 +0000  (tag: 3.0M2)
2007-07-27 22:03:54 +0000  (tag: 3.0M1)