2006-03-02 02:56:59 +0000  (tag: release_20060302)
2006-02-08 21:44:18 +0000  (tag: release_20060209)
2006-02-02 07:16:21 +0000  (tag: release_20060202)
2005-02-21 23:32:13 +0000  (tag: TAG_CHAINSAW2_MOVE)
2005-01-19 18:56:48 +0000  (tag: v1_3alpha_6)
2004-12-28 08:14:34 +0000  (tag: PRE_UGLI_MOVE)
2004-11-24 08:17:02 +0000  (tag: v1_3alpha_1)
2004-11-01 16:11:54 +0000  (tag: v1_2_9)
2004-11-01 16:11:54 +0000  (origin/v1_2-branch)
2004-05-12 17:00:09 +0000  (tag: PREALPHA_1_3_AS_OF_2004_05_12)
2003-09-03 00:44:55 +0000  (tag: PRE_CHAINSAW_MODEL_CONVERSION)
2003-05-05 21:02:22 +0000  (tag: CHAINSAW_2_SANDBOX_MERGE)
2002-07-31 09:25:13 +0000  (tag: v1_2_6)
2002-07-31 09:25:13 +0000  (tag: v1_2_7)
2002-05-29 11:54:24 +0000  (tag: v1_2_4)
2002-05-09 15:43:43 +0000  (tag: v1_2_1)
2002-05-09 15:43:43 +0000  (tag: v1_2_2)
2002-05-09 15:43:43 +0000  (tag: v1_2_3)
2002-05-09 15:43:43 +0000  (tag: v1_2final)
2001-04-14 06:57:21 +0000  (tag: v1_2_alpha0)
2001-04-14 06:57:21 +0000  (tag: v1_2_alpha7)
2001-04-14 06:57:21 +0000  (tag: v1_2beta1)
2001-04-14 06:57:21 +0000  (tag: v_1_1)
2001-04-14 06:57:21 +0000  (tag: v_1_1_1)
2001-04-14 06:57:21 +0000  (tag: v_1_1_2)
2001-04-14 06:57:21 +0000  (tag: v_1_1_3)
2001-04-14 06:57:21 +0000  (tag: v_1_1b2)
2001-04-14 06:57:21 +0000  (tag: v_1_1b3)
2001-04-14 06:57:21 +0000  (tag: v_1_1b5)
2001-04-14 06:57:21 +0000  (tag: v_1_1b6)
2001-04-14 06:57:21 +0000  (tag: v_1_1b7)
2001-04-14 06:57:21 +0000  (tag: v_1_2beta3)
2000-12-14 21:07:15 +0000  (tag: v_1_0)
2000-12-14 21:07:15 +0000  (tag: v_1_0_1)
2000-12-14 21:07:15 +0000  (tag: v_1_0_4)
2000-12-14 21:07:15 +0000  (tag: v_1_1_b1)