2017-04-05 13:23:20 +0000  (tag: chemistry-opencmis-1.1.0)
2017-03-31 13:24:03 +0000  (tag: chemistry-opencmis-1.1.0-RC1)
2016-09-08 12:21:31 +0000  (tag: chemistry-opencmis-1.0.0)
2016-09-02 10:33:46 +0000  (tag: chemistry-opencmis-1.0.0-RC1)
2016-05-24 00:08:49 +0000  (tag: chemistry-opencmis-0.14.0)
2016-04-26 20:49:13 +0000  (tag: chemistry-opencmis-0.14.0-RC1)
2015-04-06 15:00:59 +0000  (tag: chemistry-opencmis-0.13.0)
2015-03-30 16:02:07 +0000  (tag: chemistry-opencmis-0.13.0-RC1)
2014-08-22 04:08:53 +0000  (tag: chemistry-opencmis-0.12.0)
2014-08-12 19:39:39 +0000  (tag: chemistry-opencmis-0.12.0-RC1)
2014-04-14 22:58:46 +0000  (tag: chemistry-opencmis-0.11.0)
2014-04-05 00:37:50 +0000  (tag: chemistry-opencmis-0.11.0-RC1)
2013-08-19 15:12:03 +0000  (tag: chemistry-opencmis-0.10.0)
2013-08-13 15:21:12 +0000  (tag: chemistry-opencmis-0.10.0-RC1)
2013-07-10 09:13:56 +0000  (tag: chemistry-opencmis-0.9.1-RC1)
2013-06-05 07:38:10 +0000  (tag: chemistry-opencmis-0.9.0)
2013-05-26 15:02:04 +0000  (tag: chemistry-opencmis-0.9.0-RC1)
2013-01-23 16:19:45 +0000  (tag: chemistry-opencmis-0.9.0-beta-1-RC1)
2012-10-20 12:11:15 +0000  (tag: chemistry-opencmis-0.8.0)
2012-10-15 17:28:19 +0000  (tag: chemistry-opencmis-0.8.0-RC2)
2012-10-10 19:04:43 +0000  (tag: chemistry-opencmis-0.8.0-RC1)
2012-04-26 00:29:02 +0000  (tag: chemistry-opencmis-0.7.0)
2012-04-15 13:37:08 +0000  (tag: chemistry-opencmis-0.7.0-RC2)
2012-04-02 16:24:13 +0000  (tag: chemistry-opencmis-0.7.0-RC1)
2011-12-12 15:13:05 +0000  (tag: chemistry-opencmis-0.6.0)
2011-12-06 08:26:28 +0000  (tag: chemistry-opencmis-0.6.0-RC1)
2011-09-23 10:36:48 +0000  (tag: chemistry-opencmis-0.4.0)
2011-06-27 07:56:33 +0000  (tag: chemistry-opencmis-0.4.0-RC2)
2011-09-23 10:35:59 +0000  (tag: chemistry-opencmis-0.5.0)
2011-09-17 14:34:30 +0000  (tag: chemistry-opencmis-0.5.0-RC2)
2011-09-16 16:54:56 +0000  (tag: chemistry-opencmis-0.5.0-RC1)
2011-06-24 08:50:25 +0000  (tag: chemistry-opencmis-0.4.0-RC1)
2011-04-02 00:19:56 +0000  (tag: chemistry-opencmis-0.3.0)
2011-03-22 22:32:48 +0000  (tag: chemistry-opencmis-0.3.0-RC1)
2011-02-17 16:24:22 +0000  (tag: chemistry-opencmis-0.1.0-incubating)
2011-02-17 16:24:22 +0000  (tag: chemistry-opencmis-0.1.0-incubating-RC1)
2011-02-17 16:24:22 +0000  (tag: chemistry-opencmis-0.2.0-incubating)
2010-02-16 16:03:38 +0000 