2016-06-20 23:24:14 -0700  (tag: chukwa-0.8.0-rc2, tag: chukwa-0.8.0, origin/chukwa-0.8)
2016-05-29 19:50:09 -0700  (tag: chukwa-0.8.0-rc1)
2016-05-22 08:53:32 -0700  (tag: chukwa-0.8.0-rc0)
2015-12-21 10:03:47 -0800  (tag: chukwa-0.7.0)
2015-12-05 16:58:06 -0800  (tag: chukwa-0.7.0-rc0)
2015-01-20 03:33:36 +0000  (tag: chukwa-0.2.0)
2013-11-02 01:02:49 +0000  (tag: chukwa-0.2-rc1)
2015-01-20 03:32:14 +0000  (tag: chukwa-0.1.2)
2013-11-02 01:02:49 +0000  (tag: release-0.1.2)
2014-11-22 23:47:57 +0000  (tag: chukwa-0.6.0)
2014-11-05 20:27:16 +0000  (tag: chukwa-0.6.0-rc4)
2014-10-13 01:27:53 +0000  (origin/chukwa-0.6)
2014-10-05 17:17:39 +0000  (tag: chukwa-0.6.0-rc3)
2014-09-21 21:31:03 +0000  (tag: chukwa-0.6.0-rc2)
2014-08-23 21:43:23 +0000  (tag: chukwa-0.6.0-rc1)
2014-08-16 18:20:05 +0000  (tag: chukwa-0.6.0-rc0)
2013-11-02 01:02:49 +0000  (tag: chukwa-0.1.2-rc2)
2013-11-02 01:02:49 +0000  (tag: chukwa-0.1.2rc3)
2013-11-02 01:02:49 +0000  (tag: chukwa-0.4.0)
2013-11-02 01:02:49 +0000  (tag: chukwa-0.5.0)
2013-11-02 01:02:49 +0000  (tag: chukwa-0.5.0-rc0)
2013-11-02 01:02:49 +0000  (tag: chukwa-0.5.0-rc1)
2013-11-02 01:02:49 +0000  (tag: chukwa-0.5.0-rc2)
2013-11-02 01:02:49 +0000  (tag: chukwa-0.5.0-rc3)
2013-11-02 01:02:49 +0000  (tag: release-0.1.2-rc1)
2013-11-02 01:02:49 +0000  (tag: release-0.1.2-rc4)
2008-08-12 22:35:16 +0000 