2020-10-02 09:00:57 +0200  (tag: jaxrs.rdf.providers-2.0.0)
2020-05-17 23:11:24 +0200  (tag: api.utils-2.0.0)
2020-05-01 22:37:45 +0200  (tag: dataset-2.0.0)
2020-02-21 00:25:36 +0100  (tag: partial-release-20200220-3)
2020-02-03 01:17:12 +0100  (tag: partial-release-20200202-2)
2020-01-27 01:28:00 +0100  (tag: clerezza-api-2.0.0)
2019-11-04 09:57:22 +0100  (tag: clerezza-parent-8)
2018-11-20 10:23:52 +0300  (origin/previous-master)
2016-05-18 08:37:17 +0200  (origin/legacy)
2016-04-23 11:45:13 +0200  (tag: 201604)
2015-11-18 14:23:02 +0100  (tag: 201508-1)
2015-05-26 10:47:33 +0200  (tag: rdf.rdfjson-1.0.0)
2015-05-20 12:41:44 +0200  (tag: 201505-1.0.0)
2015-03-21 11:37:03 +0100  (tag: clerezza-parent-6)
2014-09-22 22:05:53 +0200  (tag: typehandlerspace-0.2)
2014-08-01 19:16:42 +0200  (origin/release-201407)
2014-07-01 15:07:15 +0200  (tag: version-201407)
2013-07-11 21:00:56 +0000  (tag: release20130710-reactor-0.3)
2009-12-10 19:12:21 +0000 
2013-05-01 11:36:48 +0000  (origin/726-UpgradeJena)
2013-04-10 21:21:26 +0000  (tag: jaxrs.utils-0.7)
2009-12-10 19:12:21 +0000 
2013-04-01 18:25:01 +0000  (tag: clerezza-0.3)
2013-03-03 21:20:09 +0000  (tag: clerezza-0.2-incubating)
2013-03-03 21:20:09 +0000  (tag: clerezza-0.3-incubating)
2013-03-03 21:20:09 +0000  (tag: clerezza-201107)
2009-12-10 19:12:21 +0000 