2011-03-29 05:59:07 +0000  (tag: clickide-2.3.0.0)
2011-03-27 10:28:04 +0000  (tag: click-2.3.0)
2011-01-29 13:31:04 +0000  (tag: click-2.3.0-RC1)
2010-11-22 23:50:18 +0000  (tag: click-2.3.0-M1)
2010-05-21 11:54:00 +0000  (tag: click-2.2.0)
2010-05-08 04:20:22 +0000  (tag: click-2.2.0-RC1)
2010-02-12 03:21:03 +0000  (tag: clickide-2.1.0.0)
2010-02-10 12:06:21 +0000  (tag: click-2.1.0)
2010-02-03 03:23:16 +0000  (tag: click-0-10)
2010-02-03 03:23:16 +0000  (tag: click-0-11)
2010-02-03 03:23:16 +0000  (tag: click-0-12)
2010-02-03 03:23:16 +0000  (tag: click-0-13)
2010-02-03 03:23:16 +0000  (tag: click-0-14)
2010-02-03 03:23:16 +0000  (tag: click-0-15)
2010-02-03 03:23:16 +0000  (tag: click-0-16)
2010-02-03 03:23:16 +0000  (tag: click-0-17)
2010-02-03 03:23:16 +0000  (tag: click-0-18)
2010-02-03 03:23:16 +0000  (tag: click-0-19)
2010-02-03 03:23:16 +0000  (tag: click-0-20)
2010-02-03 03:23:16 +0000  (tag: click-0-7)
2010-02-03 03:23:16 +0000  (tag: click-0-8)
2010-02-03 03:23:16 +0000  (tag: click-0-9)
2010-02-03 03:23:16 +0000  (tag: click-1-RC2)
2010-02-03 03:23:16 +0000  (tag: click-1.0)
2010-02-03 03:23:16 +0000  (tag: click-1.1)
2010-02-03 03:23:16 +0000  (tag: click-1.3-RC1)
2010-02-03 03:23:16 +0000  (tag: click-1.3.1)
2010-02-03 03:23:16 +0000  (tag: click-1.4)
2010-02-03 03:23:16 +0000  (tag: click-1.4-RC2)
2010-02-03 03:23:16 +0000  (tag: click-1.4-RC3)
2010-02-03 03:23:16 +0000  (tag: click-1.4.1)
2010-02-03 03:23:16 +0000  (tag: click-1.4.2)
2010-02-03 03:23:16 +0000  (tag: click-1.5)
2010-02-03 03:23:16 +0000  (tag: click-1.5-M1)
2010-02-03 03:23:16 +0000  (tag: click-1.5-M2)
2010-02-03 03:23:16 +0000  (tag: click-1.5-M3)
2010-02-03 03:23:16 +0000  (tag: click-1.5-RC1)
2010-02-03 03:23:16 +0000  (tag: click-1.5-RC2)
2010-02-03 03:23:16 +0000  (tag: click-1.5-RC3)
2010-02-03 03:23:16 +0000  (tag: click-2.0.1)
2010-02-03 03:23:16 +0000  (tag: click-2.1.0-RC1)
2010-02-03 03:23:16 +0000  (tag: click-2.1.0-RC1-take1)
2004-12-29 07:11:23 +0000 
2010-02-03 03:23:16 +0000  (tag: clickide-1-0-1)
2010-02-03 03:23:16 +0000  (tag: clickide-1-1-0)
2010-02-03 03:23:16 +0000  (tag: clickide-1-2-0)
2006-02-20 12:32:36 +0000 
2010-02-03 03:23:16 +0000  (tag: clickide-1-3-0)
2010-02-03 03:23:16 +0000  (tag: clickide-1-4-0)
2010-02-03 03:23:16 +0000  (tag: clickide-1-4-1)
2010-02-03 03:23:16 +0000  (tag: clickide-1-5-0)
2010-02-03 03:23:16 +0000  (tag: clickide-1-5-1)
2010-02-03 03:23:16 +0000  (tag: clickide-1-6-0)
2010-02-03 03:23:16 +0000  (tag: clickide-1-7-0)
2010-02-03 03:23:16 +0000  (tag: clickide-2.0.0)
2010-02-03 03:23:16 +0000  (tag: clickide-2.1.0)
2006-02-19 10:27:07 +0000 