2022-07-15 18:18:40 +0530  (tag: 4.17.0.1)
2022-05-31 14:33:47 -0300  (tag: 4.17.0.0)
2022-07-14 17:28:08 +0530  (tag: 4.16.1.1)
2022-02-25 19:01:16 +0530  (tag: 4.16.1.0)
2021-11-04 14:14:57 -0300  (tag: 4.16.0.0)
2021-10-17 06:54:41 +0530  (origin/4.15)
2021-09-10 21:19:58 +0530  (tag: 4.15.2.0)
2021-06-28 15:27:27 +0530  (tag: 4.15.1.0)
2021-05-31 15:54:56 +0530 
2021-05-31 15:52:26 +0530  (origin/4.14)
2021-03-04 15:02:24 +0530 
2021-03-04 15:00:51 +0530 
2021-03-04 14:49:24 +0530  (origin/4.13)
2021-03-02 12:32:54 +0530 
2021-02-08 16:24:09 +0530  (tag: 4.14.1.0)
2021-01-20 09:00:54 +0530  (origin/primate-repo-merge)
2021-01-05 15:51:02 +0000  (tag: 4.15.0.0, origin/4.15.0.0-RC20210105T1551)
2020-05-23 10:14:29 +0100 
2020-05-11 15:03:14 +0100  (tag: 4.14.0.0)
2020-05-19 14:14:04 +0200  (origin/4.11.3)
2020-04-23 19:17:09 +0100  (tag: 4.13.1.0)
2019-08-28 19:58:14 +0100  (tag: 4.13.0.0)
2019-07-04 15:32:01 +0530  (origin/4.12)
2019-07-04 15:30:18 +0530  (origin/4.11)
2019-07-04 13:56:24 +0530 
2019-06-25 20:45:12 +0100  (tag: 4.11.3.0)
2019-03-14 10:11:46 -0300  (tag: 4.12.0.0)
2018-11-21 13:10:20 +0530 
2018-11-13 09:24:27 +0000  (tag: 4.11.2.0, origin/4.11.2.0)
2018-08-31 17:28:46 +0530  (origin/release)
2018-06-21 15:52:43 +0100  (tag: 4.11.1.0, tag: 4.11.1)
2018-05-02 13:17:59 +0530 
2018-05-02 13:16:46 +0530  (origin/4.10)
2018-05-02 13:15:48 +0530  (origin/4.9)
2018-03-30 16:17:37 +0530 
2018-03-30 16:16:11 +0530 
2018-03-22 11:37:50 +0530  (tag: 4.9.3.1)
2018-01-26 13:13:37 +0100  (tag: 4.11.0.0)
2017-11-29 16:25:56 +0000  (origin/add_XS_71_72)
2017-09-07 20:27:26 +0530 
2017-08-28 14:52:37 +0200  (tag: 4.9.3.0, origin/GA-4.9.3.0)
2017-07-03 10:06:43 +0530  (tag: 4.10.0.0, origin/GA-4.10.0.0)
2017-02-28 05:45:31 +0530 
2017-02-28 05:44:47 +0530  (origin/4.8)
2017-01-03 12:28:47 +0530  (tag: 4.9.2.0, origin/GA-4.9.2.0)
2016-12-10 08:38:03 +0530  (tag: 4.9.1.0)
2016-11-08 15:20:45 +0530 
2016-08-24 12:43:37 +0530 
2016-12-10 08:32:07 +0530  (tag: 4.8.2.0)
2016-11-08 15:20:07 +0530 
2016-11-08 15:19:28 +0530  (origin/4.7)
2016-10-27 16:20:39 +0530  (tag: 4.5.2.2)
2016-05-25 12:07:30 +0530  (tag: 4.5.2.1)
2015-08-19 14:42:54 +0530  (tag: 4.5.2)
2016-10-20 23:27:48 +0530  (tag: 4.9.0.1)
2016-07-25 16:56:04 -0400  (tag: 4.9.0)
2016-10-20 23:14:22 +0530  (tag: 4.8.1.1)
2016-08-08 10:06:21 -0400  (tag: 4.8.1)
2016-05-25 12:47:52 +0530  (tag: 4.8.0.1)
2016-01-20 23:43:35 +0100  (tag: 4.8.0)
2016-05-25 12:30:56 +0530  (tag: 4.7.1.1)
2016-01-20 23:18:53 +0100  (tag: 4.7.1)
2015-12-13 21:09:53 +0100  (tag: 4.7.0-rc1, tag: 4.7.0)
2016-05-25 12:18:19 +0530  (tag: 4.6.2.1)
2015-12-13 19:14:35 +0100  (tag: 4.6.2-rc1, tag: 4.6.2)
2015-11-30 22:58:35 +0100  (tag: 4.6.1)
2015-11-10 15:45:34 +0100  (tag: 4.6.0)
2015-08-25 20:44:52 +0200  (origin/deploy-from-snapshot)
2015-05-07 16:03:26 +0200 
2015-05-04 12:17:03 +0200  (tag: 4.5.1)
2015-04-29 11:12:53 +0530 
2015-04-27 15:12:09 +0530  (origin/volume-upload)
2014-12-02 16:36:49 +0100  (origin/reviews/24991)
2014-11-27 15:06:23 +0100 
2014-11-26 15:18:12 +0100  (origin/feature/centos7-rpm)
2014-11-24 14:43:48 +0100  (origin/inetaddress)
2015-06-18 11:17:09 +0200  (tag: 4.4.4, origin/GA-4.4.4)
2015-04-15 17:00:24 -0500  (origin/GA-4.4.3)
2015-03-25 10:36:19 +0100  (tag: 4.4.3)
2014-11-21 03:41:26 +0100  (tag: 4.4.2, origin/GA-4.4.2)
2014-12-15 13:22:56 +0530  (tag: 4.3.2)
2014-09-10 17:24:06 +0200  (tag: 4.3.1)
2014-03-17 16:28:15 -0700  (tag: 4.3.0)
2014-10-14 23:16:38 +0200  (tag: 4.4.1, origin/GA-4.4.1)
2014-07-16 14:09:44 +0200  (tag: 4.4.0)
2014-03-13 16:37:26 -0700  (origin/rbac)
2014-01-14 14:34:21 +0530  (tag: ovm3)
2013-11-21 07:25:01 -0800  (origin/reformat)
2013-10-23 11:14:42 -0700 
2013-10-07 11:57:55 -0700  (origin/spring-modularization)
2013-10-23 10:02:43 -0700  (origin/txn-refactor)
2013-08-31 21:55:27 +0100  (origin/ldapplugin)
2013-07-03 20:43:42 +0530  (origin/namespacechanges)
2013-12-16 15:36:37 +0530  (tag: 4.2.1)
2013-09-20 16:31:19 -0700  (tag: 4.2.0)
2013-06-21 17:31:45 +0530 
2013-06-17 15:54:25 +0530  (origin/cloudstack-globalization)
2013-06-19 18:16:47 -0700  (origin/object_store)
2013-05-24 16:00:08 +0200  (origin/rbd-snap-clone)
2013-05-13 11:10:34 -0700 
2013-05-10 12:52:21 -0700  (origin/ui-cisco-asa1000v-support)
2013-05-13 17:30:42 +0530  (origin/cs2163)
2013-05-01 14:45:05 -0700  (origin/ui-granular-settings)
2013-04-26 15:32:15 -0700  (origin/ui-add-remove-nics)
2013-04-24 16:53:22 -0700  (origin/ui-vm-affinity)
2013-04-19 10:49:37 -0700  (origin/UI-dedicatedResources)
2013-04-05 15:06:36 +0530 
2013-02-22 02:16:20 +0530  (origin/scale-UP)
2013-03-15 12:33:52 -0700  (origin/Health-Check-UI)
2013-03-04 17:32:52 -0800  (origin/vim51_win8)
2013-03-01 16:01:25 +0530 
2013-02-22 03:28:01 +0530  (origin/ui-primary-storage-target)
2013-02-28 11:09:04 +0530 
2013-02-28 00:15:04 +0530  (origin/dvswitch-UI)
2013-02-27 13:18:52 -0800  (origin/ui-regions)
2013-02-21 16:29:42 +0530 
2013-02-21 16:26:31 +0530  (origin/Reset-VM)
2013-02-19 16:40:47 +0530  (origin/LDAP-UI)
2013-02-13 14:03:53 -0800  (origin/ui-plugins)
2013-07-25 13:52:58 -0400  (tag: 4.1.1)
2013-05-28 09:16:12 -0400  (tag: 4.1.0)
2013-02-01 11:37:33 -0800  (origin/javelin)
2013-02-01 11:38:16 +0530  (origin/regions)
2013-04-19 20:48:23 -0500  (tag: 4.0.2)
2013-01-24 21:07:03 -0600  (tag: 4.0.1-incubating)
2012-10-22 11:19:29 -0400  (tag: 4.0.0-incubating)
2012-07-24 15:35:18 -0700  (origin/tampa)
2012-03-21 16:52:32 -0700  (tag: tag-3.0.1-prerelease-1)
2012-10-03 19:51:14 -0700  (tag: TAG_CLOUDPLATFORM_2.2.15_GA2)
2012-09-28 16:05:55 -0700  (tag: TAG_CLOUDPLATFORM_2.2.15_GA)
2012-09-25 00:30:19 -0700  (tag: tag-2.2.15-RC4, tag: tag-2.2.15-RC3, tag: TAG_2.2.15_GA)
2012-09-24 15:54:17 -0700  (tag: tag-2.2.15-RC2)
2012-09-24 16:54:10 +0530  (tag: tag-2.2.15-RC1)
2012-09-13 17:58:38 +0530  (tag: tag_3.0.4_kumquat5)
2012-09-13 16:17:50 +0530  (tag: tag_3.0.4_kumquat4)
2012-09-12 15:10:06 -0700  (tag: tag_3.0.4_kumquat3)
2012-08-31 16:43:31 +0530  (tag: tag_3.0.4_kumquat2)
2012-08-23 11:00:29 +0530  (tag: tag_3.0.4_kumquat)
2012-07-21 22:59:47 +0530  (tag: TAG_CLOUDPLATFORM_3.0.4_GA2)
2012-07-17 16:16:21 -0700  (tag: TAG_CLOUDPLATFORM_3.0.4_RC2, tag: TAG_CLOUDPLATFORM_3.0.4_GA)
2012-07-16 16:05:13 -0700  (tag: tag-3.0.4)
2012-07-13 11:29:52 -0700  (tag: TAG_CLOUDPLATFORM_3.0.4_RC1)
2012-06-06 15:03:40 -0700  (tag: tag-3.0.3-prerelease5, tag: tag-3.0.3)
2012-06-06 22:06:45 +0530  (tag: tag-3.0.3-prerelease4)
2012-06-05 14:41:06 +0530  (tag: tag-3.0.3-prerelease3)
2012-06-04 13:40:03 -0700  (tag: tag-3.0.3-prerelease2)
2012-06-01 10:34:17 -0700  (tag: tag-3.0.3-prerelease1)
2012-09-04 11:57:06 +0530  (tag: TAG_CLOUDPLATFORM_3.0.5_RC2, tag: TAG_CLOUDPLATFORM_3.0.5_GA)
2012-08-31 17:37:20 -0700  (tag: tag-3.0.5.rc1)
2012-08-30 11:00:38 -0700  (tag: tag-3.0.5-prerelease3)
2012-08-24 15:47:38 +0530  (tag: 3.0.5-prerelease-2)
2012-08-20 10:39:06 -0700  (tag: tag-3.0.5-prerelease1)
2012-08-13 17:08:39 -0700  (tag: tag-3.0.5-beta1)
2012-08-16 17:57:24 +0530  (tag: tag_2.2.14_mango)
2012-03-06 13:11:36 +0530  (tag: tag-2.2.14-P2)
2012-02-17 14:50:10 -0800  (tag: patch-13777/13375-fix)
2012-02-09 19:58:09 +0530  (tag: tag-2.2.14-RC2, tag: tag-2.2.14)
2012-05-25 16:44:52 -0700  (tag: tag-zbaremetal)
2012-05-03 10:35:17 +0530  (tag: tag-3.0.2)
2012-04-30 13:10:30 -0700  (tag: tag-3.0.2-prerelease5)
2012-04-24 16:49:39 -0700  (tag: tag-3.0.2-prerelease4)
2012-04-20 17:03:36 -0700  (tag: tag-3.0.2-prerelease3)
2012-04-20 10:18:18 +0530  (tag: tag-3.0.2.prerelease2)
2012-04-13 17:16:24 -0700  (tag: tag-3.0.2.prerelease1)
2012-04-02 22:47:06 -0700  (tag: tag-3.0.1)
2012-03-30 17:21:55 -0700  (tag: 3.0.1.prerelease5)
2012-03-29 13:55:52 -0700  (tag: 3.0.1.prerelease4)
2012-03-28 20:24:10 -0700  (tag: 3.0.1.prerelease3)
2012-03-26 17:13:41 -0700  (tag: 3.0.1.prerelease2)
2012-02-27 16:06:13 -0800  (tag: tag-Acton.RC4, tag: tag-Acton)
2012-02-24 16:13:18 -0800  (tag: tag-Acton.RC3)
2012-02-23 17:06:12 -0800  (tag: tag-Acton.RC2)
2012-02-22 19:03:17 -0800  (tag: tag-Acton.RC1)
2012-02-21 13:49:57 -0800  (tag: acton-prerelease-3)
2012-02-15 17:49:50 -0800  (tag: acton-prerelease-2)
2012-02-12 17:41:11 -0800  (tag: acton-prerelease-1)
2011-12-07 17:57:53 -0800  (tag: acton-beta1-prerelease-1)
2011-11-17 12:07:18 -0800  (tag: tag-2.2.13)
2011-11-16 18:03:39 -0800  (tag: 2.2.13-prerelease-5)
2011-11-16 11:21:17 -0800  (tag: 2.2.13-prerelease-4)
2011-11-15 19:04:54 -0800  (tag: 2.2.13-prerelease-3)
2011-11-14 18:57:22 -0800  (tag: 2.2.13-prerelease-2)
2011-11-11 14:24:03 -0800  (tag: 2.2.13-prerelease-1)
2011-09-27 14:57:02 -0700  (tag: tag-2.2.12-prerelease-3, tag: tag-2.2.12)
2011-09-28 01:12:00 +0530  (tag: tag-2.2.12-prerelease-2)
2011-09-23 14:39:48 -0700  (tag: tag-2.2.12-prerelease-1)
2011-09-09 14:04:31 +0530  (tag: tag-2.2.10-2)
2011-08-31 15:51:10 -0700  (tag: tag-2.2.11)
2011-08-29 17:57:10 -0700  (tag: tag-2.2.10)
2011-08-04 11:20:46 -0700  (tag: tag-2.2.9)
2011-07-14 21:56:51 -0700  (tag: tag-2.2.8)
2011-07-08 14:49:50 -0700  (tag: tag-2.2.8.RC2)
2011-07-07 10:23:29 -0700  (tag: tag-2.2.8.RC1)
2011-06-27 09:36:14 -0700  (tag: tag-2.2.7)
2011-06-24 12:04:41 -0700  (tag: tag-2.2.7.RC2)
2011-06-23 19:54:12 -0700  (tag: tag-2.2.7.RC1)
2011-06-13 20:31:45 -0700  (tag: tag-2.2.6)
2011-05-24 18:41:22 -0700  (tag: tag-2.2.5)
2011-05-24 14:12:07 -0700  (tag: tag-2.2.5-RC3)
2011-05-22 14:37:49 -0400  (tag: tag-2.2.5-RC2)
2011-05-19 18:44:18 -0700  (tag: tag-2.2.5-RC1)
2011-05-13 16:07:00 -0400  (tag: tag-2.2.4-RC1, tag: tag-2.2.4)
2011-06-05 22:14:23 -0700  (tag: tag-2.1.10.zucchini)
2011-05-26 17:11:26 +0530  (tag: tag-2.1.11, tag: tag-2.1.10)
2011-03-23 21:07:44 -0700  (tag: tag-219RC1, tag: tag-2.1.9)
2011-03-22 09:36:19 -0700  (tag: tag-2.1.8RC1, tag: tag-2.1.8)
2011-03-15 14:43:13 -0700  (tag: tag-2.2.3)
2011-03-09 18:52:46 -0500  (tag: tag-2.2.2)
2011-02-11 12:08:54 -0800  (tag: tag-2.2.1, tag: 2.2.1)
2011-02-09 16:59:56 -0800  (tag: 2.2.0)
2011-01-07 22:58:04 -0800  (tag: 2.1.7)
2011-01-04 14:16:38 -0800  (tag: 2.1.7RC2)
2011-01-03 11:50:51 -0800  (tag: 2.1.7RC1)
2010-11-22 20:45:59 -0800  (tag: 2.1.6)
2010-11-19 19:24:13 -0800  (tag: 2.1.6RC1)
2010-11-16 12:40:46 -0800  (tag: 2.1.5)
2010-11-16 12:03:04 -0800  (tag: 2.1.5RC1)
2010-10-15 19:59:09 -0700  (tag: 2.1.4)
2010-10-15 14:20:27 -0700  (tag: 2.1.4RC1)
2010-09-05 19:51:05 -0700  (tag: 2.1.3)
2010-09-03 17:14:20 -0700  (tag: 2.1.3.RC1)
2010-08-11 19:52:32 -0700  (tag: 2.1.99)
2010-08-11 14:59:57 -0700  (tag: 2.1.98)
2010-08-11 09:13:25 -0700 