2020-07-17 18:03:32 +0000  (tag: cocoon-2.1)
2019-02-16 14:57:42 +0000  (tag: cocoon-2.2)
2007-02-11 14:15:28 +0000  (tag: cocoon-22)
2011-01-16 21:15:07 +0000  (tag: cocoon-jnet)
2009-04-04 13:30:53 +0000  (tag: cocoon-servlet-service)
2009-04-04 12:29:42 +0000  (tag: cocoon-block-deployment)
2009-04-04 11:58:41 +0000  (tag: cocoon-configuration)
2007-02-11 15:03:57 +0000  (tag: cocoon-servlet-service-fw)
2007-02-11 14:52:17 +0000  (tag: cocoon-2.0)
2007-02-11 10:59:43 +0000  (tag: cocoon-22-archetype-block)
2006-08-03 11:05:20 +0000  (tag: cocoon-22-archetype-block-1.0.0-M1)
2006-12-21 07:51:05 +0000  (tag: RELEASE_2_1_10)
2006-12-19 10:56:38 +0000  (tag: RC_2_1_10)
2006-12-13 17:32:56 +0000  (tag: cocoon)
2006-12-13 17:22:27 +0000  (tag: cocoon-apples)
2006-12-13 16:24:09 +0000  (tag: cocoon-2_before-tagbase-experiment)
2006-12-07 14:03:22 +0000  (tag: cocoon-2)
2006-12-11 12:23:31 +0000  (tag: cocoon-22-archetype-webapp-1.0.0-M1)
2006-05-18 13:56:38 +0000 
2006-12-11 11:25:12 +0000  (tag: cocoon-22-archetype-block-1.0.0-M4)
2006-12-11 09:29:19 +0000  (tag: cocoon-template-impl-1.0.0-M2)
2006-12-11 09:11:43 +0000  (tag: cocoon-flowscript-impl-1.0.0-M1)
2006-12-11 08:58:10 +0000  (tag: cocoon-blocks-fw-impl-1.0.0-M1)
2006-01-11 10:45:20 +0000 
2006-12-11 08:41:10 +0000  (tag: cocoon-core-2.2.0-M2)
2006-12-07 16:42:44 +0000  (tag: cocoon-flowscript-1)
2006-12-07 16:26:12 +0000  (tag: cocoon-archetypes-2)
2006-12-07 16:16:29 +0000  (tag: cocoon-tools-modules-2)
2006-12-07 16:09:42 +0000  (tag: cocoon-template-2)
2006-12-07 15:42:10 +0000  (tag: cocoon-blocks-modules-2)
2006-12-07 15:29:58 +0000  (tag: cocoon-blocks-fw-1)
2006-12-07 15:16:29 +0000  (tag: cocoon-core-modules-2)
2006-08-09 08:57:23 +0000  (tag: cocoon-batik-1)
2006-03-30 08:05:32 +0000 
2006-08-07 20:23:28 +0000  (tag: cocoon-2-test-will-be-removed)
2006-08-07 11:33:30 +0000  (tag: cocoon-22-archetype-block-1.0.0-M3)
2006-08-06 20:18:42 +0000  (tag: cocoon-22-archetype-block-1.0.0-M2)
2006-02-08 18:56:09 +0000 
2006-08-03 12:26:54 +0000  (tag: cocoon-apples-impl-1.0.0-M1)
2006-03-30 08:05:32 +0000 
2006-08-03 12:16:36 +0000  (tag: cocoon-forms-impl-1.0.0-M1)
2006-01-10 16:36:56 +0000 
2006-08-03 11:58:35 +0000  (tag: cocoon-forms-1)
2006-01-10 16:36:56 +0000 
2006-08-03 11:43:09 +0000  (tag: cocoon-apples-1)
2006-03-30 08:05:32 +0000 
2006-08-03 11:26:48 +0000  (tag: cocoon-ajax-impl-1.0.0-M1)
2006-08-03 11:15:30 +0000  (tag: cocoon-ajax-1)
2006-01-09 14:37:18 +0000 
2006-08-03 10:58:45 +0000  (tag: cocoon-archetypes-1)
2006-08-03 10:32:21 +0000  (tag: cocoon-template-impl-1.0.0-M1)
2006-01-10 19:14:52 +0000 
2006-08-03 10:21:05 +0000  (tag: cocoon-template-1)
2006-01-10 18:28:02 +0000 
2006-08-01 12:20:37 +0000  (tag: cocoon-core-2.2.0-M1)
2006-01-05 22:15:36 +0000 
2006-07-31 22:21:34 +0000  (tag: cocoon-deployer-core-1.0.0-M1)
2006-07-31 22:15:19 +0000  (tag: cocoon-deployer-plugin-1.0.0-M1)
2006-01-11 21:34:40 +0000 
2006-07-31 22:09:22 +0000  (tag: cocoon-deployer-modules-1)
2006-07-31 21:54:22 +0000  (tag: cocoon-commons-modules-1)
2006-07-31 21:46:20 +0000  (tag: cocoon-licenses-1.0.0-M1)
2003-03-09 00:11:46 +0000 
2006-07-31 21:40:20 +0000  (tag: cocoon-commons-1)
2006-03-29 18:48:53 +0000 
2006-07-31 21:09:08 +0000  (tag: cocoon-deployer-1)
2006-01-31 15:33:02 +0000 
2006-01-12 19:32:12 +0000 
2006-01-11 20:46:00 +0000 
2006-07-31 20:58:32 +0000  (tag: cocoon-tools-modules-1)
2003-03-09 00:11:46 +0000 
2006-07-31 20:44:42 +0000  (tag: cocoon-blocks-modules-1)
2006-07-31 12:20:23 +0000  (tag: cocoon-bootstrap-1.0.0-M1)
2006-03-30 09:14:34 +0000 
2006-07-31 12:06:06 +0000  (tag: cocoon-core-modules-1)
2006-07-31 10:40:25 +0000  (tag: cocoon-1)
2006-04-07 11:06:30 +0000  (tag: RELEASE_2_1_9)
2006-01-05 22:10:18 +0000  (tag: trunk_before_flattening)
2005-11-17 11:31:05 +0000  (tag: RELEASE_2_1_8)
2005-03-23 12:41:21 +0000  (tag: RELEASE_2_1_7)
2005-02-08 20:16:52 +0000  (tag: RELEASE_2_1_6)
2004-07-09 07:37:11 +0000  (tag: RELEASE_2_1_5_1)
2004-05-24 09:50:28 +0000  (tag: RELEASE_2_1_5)
2004-03-05 13:21:22 +0000  (tag: ASF_20_SRC_AUTO)
2004-03-05 10:15:09 +0000  (tag: ASF_20_SCRATCHPAD_AUTO)
2004-03-05 08:45:11 +0000  (tag: ASF_20_BEFORE)
2004-02-12 09:09:03 +0000  (tag: RELEASE_2_1_4)
2003-11-13 11:15:10 +0000  (tag: RELEASE_2_1_3)
2003-10-01 11:14:08 +0000  (tag: RELEASE_2_1_2)
2003-09-05 09:03:30 +0000  (tag: RELEASE_2_1_1)
2003-08-12 11:34:49 +0000  (tag: RELEASE_2_1)
2003-07-29 08:26:36 +0000  (tag: RELEASE_2_1_RC_1)
2003-07-04 08:30:39 +0000  (tag: RELEASE_2_1_M_3)
2003-05-20 08:37:28 +0000  (tag: RELEASE_2_1_M_2)
2003-04-29 08:25:19 +0000  (tag: RELEASE_2_1_M_1)