2017-08-01 14:37:03 +0000  (tag: EMAIL_1_5)
2017-07-29 13:52:08 +0000  (tag: EMAIL_1_5_RC1)
2015-05-23 06:54:54 +0000  (tag: EMAIL_1_4)
2015-05-18 19:38:20 +0000  (tag: EMAIL_1_4_RC1)
2014-07-09 20:53:21 +0000  (tag: EMAIL_1_3_3)
2014-07-05 15:23:44 +0000  (tag: EMAIL_1_3_3_RC2)
2014-06-27 20:18:36 +0000  (tag: EMAIL_1_3_3_RC1)
2013-10-24 20:20:34 +0000  (tag: EMAIL_1_3_2)
2013-10-20 16:29:13 +0000  (tag: EMAIL_1_3_2_RC2)
2013-10-15 21:47:03 +0000  (tag: EMAIL_1_3_2_RC1)
2013-03-03 18:52:35 +0000  (tag: EMAIL_1_3_1)
2013-02-27 21:22:43 +0000  (tag: EMAIL_1_3_1_RC3)
2013-02-24 17:40:02 +0000  (tag: EMAIL_1_3_1_RC2)
2013-02-22 11:31:20 +0000  (tag: EMAIL_1_3_1_RC1)
2013-01-11 15:50:14 +0000  (tag: EMAIL_1_3)
2013-01-06 22:01:58 +0000  (tag: EMAIL_1_3_RC7)
2012-12-16 13:47:05 +0000  (tag: EMAIL_1_3_RC6)
2012-12-11 22:00:13 +0000  (tag: EMAIL_1_3_RC5)
2012-12-10 21:43:32 +0000  (tag: EMAIL_1_3_RC4)
2012-04-24 20:24:24 +0000  (tag: EMAIL_1_3_RC3)
2011-12-05 08:02:39 +0000  (tag: EMAIL_1_3_RC2)
2010-11-06 01:44:59 +0000  (tag: EMAIL_1_3_RC1)
2009-11-01 22:06:10 +0000  (tag: EMAIL_1_2)
2009-11-01 21:59:17 +0000  (tag: EXEC_1_2)
2009-10-26 21:23:08 +0000  (tag: EMAIL_1_2_RC3)
2009-10-25 21:11:38 +0000  (tag: EMAIL_1_1_RC3)
2007-09-27 21:18:55 +0000  (tag: EMAIL_1_1)
2007-09-24 21:08:23 +0000  (tag: EMAIL_1_1_RC2)
2007-09-20 04:15:45 +0000  (tag: EMAIL_1_1_RC1)
2007-07-29 03:42:34 +0000  (tag: EMAIL_1_0)
2007-07-29 03:42:34 +0000  (tag: EMAIL_1_0_RC3)
2007-07-29 03:42:34 +0000  (tag: EMAIL_1_0_RC4)
2007-07-29 03:42:34 +0000  (tag: EMAIL_1_0_RC5)
2007-07-29 03:42:34 +0000  (tag: EMAIL_1_0_RC6)
2007-07-29 03:42:34 +0000  (tag: EMAIL_1_0_RC7)
2007-07-29 03:42:34 +0000  (tag: EMAIL_1_0_RC8)
2007-07-29 03:42:34 +0000  (tag: commons_promotion)