2021-08-14 09:42:35 -0400  (tag: rel/commons-pool-2.11.1, tag: commons-pool-2.11.1-RC1)
2021-08-08 16:49:47 -0400  (tag: rel/commons-pool-2.11.0, tag: commons-pool-2.11.0-RC1)
2021-05-28 16:30:10 -0400  (tag: rel/commons-pool-2.10.0, tag: commons-pool-2.10.0-RC1)
2020-09-25 13:16:59 -0400  (tag: rel/commons-pool-2.9.0, tag: commons-pool-2.9.0-RC1)
2020-07-27 20:40:35 -0400  (tag: rel/commons-pool-2.8.1, tag: commons-pool-2.8.1-RC1)
2019-12-07 17:48:42 -0500  (tag: commons-pool-2.8.0-RC1, tag: commons-pool-2.8.0)
2019-07-25 10:18:56 -0400  (tag: commons-pool-2.7.0-RC1, tag: commons-pool-2.7.0)
2019-04-05 17:00:25 -0400  (tag: commons-pool-2.6.2-RC1, tag: commons-pool-2.6.2)
2018-08-17 08:42:52 -0600  (tag: commons-pool-2.6.1-RC1)
2019-02-09 13:16:41 -0500  (tag: commons-pool-2.6.1-RC2, tag: commons-pool-2.6.1)
2018-07-04 18:00:46 -0600  (tag: commons-pool-2.6.0)
2018-07-03 18:07:52 -0400  (tag: commons-pool-2.6.0-RC1)
2017-12-16 12:28:06 -0700  (tag: POOL_2_5_0_RC1, tag: POOL_2_5_0)
2017-10-24 19:08:39 -0600  (tag: POOL_2.4.3-RC1, tag: POOL_2.4.3)
2015-08-01 20:15:02 +0000  (tag: POOL_2_4_2)
2015-07-28 22:13:14 +0000  (tag: POOL_2_4_2_RC1)
2015-06-01 00:33:10 +0000  (tag: POOL_2_4_1)
2015-05-29 14:52:48 +0000  (tag: POOL_2_4_1_RC1)
2015-05-27 16:29:52 +0000  (tag: POOL_2_4)
2015-05-21 23:20:25 +0000  (tag: POOL_2_4_RC1)
2014-12-31 05:01:11 +0000  (tag: POOL_2_3)
2014-12-26 21:22:10 +0000  (tag: POOL_2_3_RC2)
2014-12-23 01:32:05 +0000  (tag: POOL_2_3_RC1)
2014-02-25 12:18:50 +0000  (tag: POOL_2_2)
2014-02-21 14:37:21 +0000  (tag: POOL_2_2_RC2)
2014-02-17 19:25:20 +0000  (tag: POOL_2_2_RC1)
2013-12-30 22:02:42 +0000  (tag: POOL_2_1)
2013-12-26 21:12:47 +0000  (tag: POOL_2_1_RC2)
2013-12-24 02:11:22 +0000  (tag: POOL_2_1_RC1)
2013-11-23 16:22:59 +0000  (tag: POOL_2_0)
2013-11-05 00:02:09 +0000  (tag: POOL_2_0_RC4)
2013-11-03 21:05:12 +0000  (tag: POOL_2_0_RC3)
2013-10-31 14:27:16 +0000  (tag: POOL_2_0_RC2)
2013-10-30 15:52:02 +0000  (tag: POOL_2_0_RC1)
2012-06-17 04:44:32 +0000  (tag: POOL_1_6)
2012-01-09 15:22:24 +0000  (tag: POOL_1_6_RC4)
2012-01-04 15:31:31 +0000  (tag: POOL_1_6_RC3)
2011-12-31 18:59:42 +0000  (tag: POOL_1_6_RC2)
2011-12-30 03:15:59 +0000  (tag: POOL_1_6_RC1)
2011-12-19 21:11:11 +0000  (tag: POOL_1_5_7)
2011-12-10 23:21:48 +0000  (tag: POOL_1_5_7_RC3)
2011-12-01 07:03:26 +0000  (tag: POOL_1_5_7_RC2)
2011-11-26 16:41:53 +0000  (tag: POOL_1_5_7_RC1)
2011-04-03 19:36:21 +0000  (tag: POOL_1_5_6)
2011-03-30 05:40:25 +0000  (tag: POOL_1_5_6_RC2)
2011-03-29 05:16:09 +0000  (tag: POOL_1_5_6_RC1)
2010-09-14 10:25:42 +0000  (tag: POOL_1_5_5)
2010-09-05 19:19:54 +0000  (tag: POOL_1_5_5_RC2)
2010-08-30 02:20:18 +0000  (tag: POOL_1_5_5_RC1)
2009-11-20 21:04:31 +0000  (tag: POOL_1_5_4)
2009-11-13 01:34:42 +0000  (tag: POOL_1_5_4_RC1)
2009-09-22 00:40:07 +0000  (tag: POOL_1_5_3)
2009-09-18 00:20:23 +0000  (tag: POOL_1_5_3_RC1)
2009-07-12 13:13:58 +0000  (tag: POOL_1_5_2)
2009-07-08 16:48:48 +0000  (tag: POOL_1_5_2_RC2)
2009-07-07 21:33:12 +0000  (tag: POOL_1_5_2_RC1)
2009-06-16 02:40:26 +0000  (tag: POOL_1_5_1)
2009-06-13 18:54:05 +0000  (tag: POOL_1_5_1_RC1)
2009-06-10 09:49:30 +0000  (tag: POOL_1_5)
2009-06-05 09:31:26 +0000  (tag: POOL_1_5_RC3)
2009-05-30 19:57:37 +0000  (tag: POOL_1_5_RC2)
2009-05-29 01:40:51 +0000  (tag: POOL_1_5_RC1)
2008-01-18 05:02:09 +0000  (tag: POOL_1_4)
2008-01-12 22:35:13 +0000  (tag: POOL_1_4_RC3)
2008-01-07 03:53:36 +0000  (tag: POOL_1_4_RC2)
2007-12-28 13:58:58 +0000  (tag: POOL_1_4_RC1)
2007-07-29 03:42:34 +0000  (tag: POOL_1_0)
2007-07-29 03:42:15 +0000  (tag: POOL_1_0@560659)
2007-07-29 03:40:41 +0000  (tag: POOL_1_0@560657)
2002-05-04 13:48:10 +0000  (tag: POOL_1_0@560656)
2007-07-29 03:42:34 +0000  (tag: POOL_1_0_1)
2007-07-29 03:42:15 +0000  (tag: POOL_1_0_1@560659)
2007-07-29 03:40:41 +0000  (tag: POOL_1_0_1@560657)
2002-08-13 01:42:15 +0000  (tag: POOL_1_0_1@560656)
2007-07-29 03:42:34 +0000  (tag: POOL_1_1)
2007-07-29 03:42:15 +0000  (tag: POOL_1_1@560659)
2007-07-29 03:40:41 +0000  (tag: POOL_1_1@560657)
2003-10-20 19:49:00 +0000  (tag: POOL_1_1@560656)
2007-07-29 03:42:34 +0000  (tag: POOL_1_1_RC1)
2007-07-29 03:42:15 +0000  (tag: POOL_1_1_RC1@560659)
2007-07-29 03:40:41 +0000  (tag: POOL_1_1_RC1@560657)
2003-09-30 19:19:43 +0000  (tag: POOL_1_1_RC1@560656)
2007-07-29 03:42:34 +0000  (tag: POOL_1_1_RC2)
2007-07-29 03:42:15 +0000  (tag: POOL_1_1_RC2@560659)
2007-07-29 03:40:41 +0000  (tag: POOL_1_1_RC2@560657)
2003-10-13 18:08:52 +0000  (tag: POOL_1_1_RC2@560656)
2007-07-29 03:42:34 +0000  (tag: POOL_1_2)
2007-07-29 03:42:15 +0000  (tag: POOL_1_2@560659)
2007-07-29 03:40:41 +0000  (tag: POOL_1_2@560657)
2004-06-07 17:55:15 +0000  (tag: POOL_1_2@560656)
2007-07-29 03:42:34 +0000  (tag: POOL_1_2_RC1)
2007-07-29 03:42:15 +0000  (tag: POOL_1_2_RC1@560659)
2007-07-29 03:40:41 +0000  (tag: POOL_1_2_RC1@560657)
2004-05-20 19:13:52 +0000  (tag: POOL_1_2_RC1@560656)
2007-07-29 03:42:34 +0000  (tag: POOL_1_3)
2007-07-29 03:42:15 +0000  (tag: POOL_1_3@560659)
2007-07-29 03:40:41 +0000  (tag: POOL_1_3@560657)
2006-04-03 00:49:26 +0000  (tag: POOL_1_3@560656)
2006-04-03 00:46:35 +0000  (tag: POOL_1_3@390933)
2007-07-29 03:42:34 +0000  (tag: POOL_1_3_RC1)
2007-07-29 03:42:15 +0000  (tag: POOL_1_3_RC1@560659)
2007-07-29 03:40:41 +0000  (tag: POOL_1_3_RC1@560657)
2006-03-21 03:48:11 +0000  (tag: POOL_1_3_RC1@560656)
2007-07-29 03:42:34 +0000  (tag: POOL_1_3_RC3)
2007-07-29 03:42:15 +0000  (tag: POOL_1_3_RC3@560659)
2007-07-29 03:40:41 +0000  (tag: POOL_1_3_RC3@560657)
2006-03-25 08:30:54 +0000  (tag: POOL_1_3_RC3@560656)
2007-07-29 03:42:34 +0000  (tag: POOL_1_3_RC4)
2007-07-29 03:42:15 +0000  (tag: POOL_1_3_RC4@560659)
2007-07-29 03:40:41 +0000  (tag: POOL_1_3_RC4@560657)
2006-03-26 23:12:03 +0000  (tag: POOL_1_3_RC4@560656)
2006-03-26 22:45:09 +0000  (tag: POOL_1_3_RC4@388984)
2006-03-24 16:53:54 +0000  (tag: POOL_1_3_RC3@388728)
2006-03-21 01:59:45 +0000  (tag: POOL_1_3_RC1@387392)
2005-10-29 07:45:43 +0000  (tag: POOL_1_3_RC4@329376, tag: POOL_1_3_RC3@329376, tag: POOL_1_3_RC1@329376, tag: POOL_1_3@329376)
2004-06-07 17:55:15 +0000  (tag: POOL_1_2@139778)
2004-05-20 19:13:52 +0000  (tag: POOL_1_2_RC1@139775)
2003-10-20 19:49:00 +0000  (tag: POOL_1_1@139740)
2003-10-13 18:08:52 +0000  (tag: POOL_1_1_RC2@139738)
2003-09-30 19:19:43 +0000  (tag: POOL_1_1_RC1@139723)
2007-07-29 03:42:34 +0000  (tag: STRUTS_1_1_B1)
2007-07-29 03:42:15 +0000  (tag: STRUTS_1_1_B1@560659)
2007-07-29 03:40:41 +0000  (tag: STRUTS_1_1_B1@560657)
2002-03-19 02:18:04 +0000  (tag: STRUTS_1_1_B1@560656)
2007-07-29 03:42:34 +0000  (tag: STRUTS_1_1_B2)
2007-07-29 03:42:15 +0000  (tag: STRUTS_1_1_B2@560659)
2007-07-29 03:40:41 +0000  (tag: STRUTS_1_1_B2@560657)
2002-08-10 21:13:26 +0000  (tag: STRUTS_1_1_B2@560656)
2007-07-29 03:42:34 +0000  (tag: STRUTS_1_1_B3)
2007-07-29 03:42:15 +0000  (tag: STRUTS_1_1_B3@560659)
2007-07-29 03:40:41 +0000  (tag: STRUTS_1_1_B3@560657)
2002-12-01 18:29:06 +0000  (tag: STRUTS_1_1_B3@560656)
2007-07-29 03:42:34 +0000  (tag: STRUTS_1_1_RC1)
2007-07-29 03:42:15 +0000  (tag: STRUTS_1_1_RC1@560659)
2007-07-29 03:40:41 +0000  (tag: STRUTS_1_1_RC1@560657)
2002-12-01 18:29:06 +0000  (tag: STRUTS_1_1_RC1@560656)
2007-07-29 03:42:34 +0000  (tag: USED_BY_SCARAB_0_16_20)
2007-07-29 03:42:15 +0000  (tag: USED_BY_SCARAB_0_16_20@560659)
2007-07-29 03:40:41 +0000  (tag: USED_BY_SCARAB_0_16_20@560657)
2003-04-24 20:14:03 +0000  (tag: USED_BY_SCARAB_0_16_20@560656)
2003-04-24 20:14:03 +0000  (tag: USED_BY_SCARAB_0_16_20@139685)
2002-12-01 18:29:06 +0000  (tag: STRUTS_1_1_RC1@139653, tag: STRUTS_1_1_B3@139653)
2002-08-13 01:42:15 +0000  (tag: POOL_1_0_1@139636)
2002-08-10 21:13:26 +0000  (tag: STRUTS_1_1_B2@139633)
2002-05-04 13:48:10 +0000  (tag: POOL_1_0@139620)
2002-03-19 02:18:04 +0000  (tag: STRUTS_1_1_B1@139588)
2007-07-29 03:42:34 +0000  (tag: jwsdp_10_ea2_01)
2007-07-29 03:42:15 +0000  (tag: jwsdp_10_ea2_01@560659)
2007-07-29 03:40:41 +0000  (tag: jwsdp_10_ea2_01@560657)
2002-01-15 01:20:53 +0000  (tag: jwsdp_10_ea2_01@560656)
2002-01-15 01:20:53 +0000  (tag: jwsdp_10_ea2_01@139585)
2007-07-29 03:42:34 +0000  (tag: jwsp_10_01)
2007-07-29 03:42:15 +0000  (tag: jwsp_10_01@560659)
2007-07-29 03:40:41 +0000  (tag: jwsp_10_01@560657)
2001-12-11 07:38:02 +0000  (tag: jwsp_10_01@560656)
2007-07-29 03:42:34 +0000  (tag: start)
2007-07-29 03:42:15 +0000  (tag: start@560659)
2007-07-29 03:40:41 +0000  (tag: start@560657)
2001-04-14 16:42:18 +0000  (tag: start@560656)
2001-04-14 16:40:29 +0000  (tag: start@139578, tag: jwsp_10_01@139578)
2001-04-14 16:40:29 +0000  (tag: start@139576, tag: jwsp_10_01@139576)