2021-06-17 14:47:38 +0200  (tag: rel/commons-jexl-3.2.1, tag: commons-jexl-3.2.1-rc1)
2021-06-06 10:44:57 -0400  (tag: rel/commons-jexl-3.2)
2021-06-03 17:23:23 +0200  (tag: commons-jexl-3.2-rc1)
2019-05-24 12:26:20 +0300  (tag: v4.0-snapshot.4)
2019-04-01 12:29:32 +0300  (tag: v4.0-snapshot.3)
2018-12-25 14:24:34 +0300  (tag: v4.0-snapshot.2)
2018-12-18 10:24:04 +0300  (tag: v4.0-snapshot.1)
2017-04-14 08:19:31 +0000  (tag: COMMONS_JEXL_3_1)
2017-04-07 14:45:26 +0000  (tag: COMMONS_JEXL_3_1-RC1)
2017-04-07 14:45:26 +0000  (tag: 3.1-RC1, tag: 3.1)
2015-12-27 17:55:13 +0000  (tag: COMMONS_JEXL_3_0)
2015-12-18 14:01:56 +0000  (tag: COMMONS_JEXL_3_0-RC2)
2015-12-18 14:01:56 +0000  (tag: 3.0-RC2, tag: 3.0)
2011-11-29 16:25:54 +0000  (tag: 3.0-RC1)
2012-06-19 18:44:57 +0000  (tag: COMMONS_JEXL_2_0)
2012-01-03 14:27:56 +0000  (tag: COMMONS_JEXL_2_1_1)
2011-12-19 13:14:31 +0000  (tag: COMMONS_JEXL_2_1_1-RC1)
2011-12-21 12:04:08 +0000  (tag: COMMONS_JEXL_2_1-RC3)
2011-12-21 11:55:27 +0000  (tag: test-ignore)
2011-12-19 13:14:31 +0000  (tag: 2.1.1-RC1, tag: 2.1.1)
2011-12-15 23:50:37 +0000  (tag: COMMONS_JEXL_2_1)
2011-12-15 23:48:07 +0000  (tag: test)
2011-12-08 16:28:45 +0000  (tag: 2.1-RC3, tag: 2.1)
2011-12-08 01:53:49 +0000  (tag: 2.1-RC2)
2011-11-27 17:51:41 +0000  (tag: 2.1-RC1)
2010-03-31 18:00:11 +0000  (tag: 2.0.1-RC3, tag: 2.0.1)
2010-03-31 08:53:56 +0000  (tag: 2.0.1-RC2)
2010-03-29 22:47:24 +0000  (tag: 2.0.1-RC1)
2010-01-18 20:41:27 +0000  (tag: 2.0-RC6, tag: 2.0)
2010-01-17 11:36:03 +0000  (tag: 2.0-RC5)
2009-12-10 16:37:02 +0000  (tag: 2.0-RC4)
2009-11-17 16:43:52 +0000  (tag: 2.0-RC3)
2009-11-16 22:08:28 +0000  (tag: 2.0-RC2)
2009-11-16 14:29:57 +0000  (tag: 2.0-RC1)
2006-09-08 22:58:34 +0000  (tag: 1.1)
2006-08-12 05:30:41 +0000  (tag: 1.1-RC1)
2004-09-06 23:34:36 +0000  (tag: 1.0)
2004-08-26 05:49:15 +0000  (tag: 1.0-RC1)
2011-12-08 01:53:49 +0000  (tag: COMMONS_JEXL_2_1-RC2)
2011-11-30 01:03:02 +0000  (tag: COMMONS_JEXL_2_0_1)
2010-03-31 18:03:19 +0000  (tag: COMMONS_JEXL_2_0_1-RC3)
2011-11-29 17:08:05 +0000  (tag: COMMONS_JEXL_3_0-RC1)
2011-11-27 17:51:59 +0000  (tag: COMMONS_JEXL_2_1_RC1)
2011-11-03 13:32:27 +0000  (tag: commons-jexl-2.1)
2010-03-31 08:58:43 +0000  (tag: COMMONS_JEXL_2_0_1-RC2)
2010-03-29 22:48:03 +0000  (tag: COMMONS_JEXL_2_0_1-RC1)
2010-01-18 20:42:06 +0000  (tag: COMMONS_JEXL_2_0-RC6)
2010-01-17 11:36:41 +0000  (tag: COMMONS_JEXL_2_0-RC5)
2009-12-10 16:46:11 +0000  (tag: COMMONS_JEXL_2_0-RC4)
2009-11-17 16:45:19 +0000  (tag: COMMONS_JEXL_2_0_RC3)
2009-11-16 22:09:09 +0000  (tag: COMMONS_JEXL_2_0_RC2)
2009-11-16 14:30:28 +0000  (tag: COMMONS_JEXL_2_0_RC1)
2007-07-29 03:42:34 +0000  (tag: COMMONS_JEXL-1_0)
2007-07-29 03:42:34 +0000  (tag: COMMONS_JEXL-1_0-RC1)
2007-07-29 03:42:34 +0000  (tag: COMMONS_JEXL-1_1)
2007-07-29 03:42:34 +0000  (tag: COMMONS_JEXL-1_1-RC1)