2021-02-26 14:15:40 -0500  (tag: rel/commons-lang-3.12.0, tag: commons-lang-3.12.0-RC1)
2020-07-12 09:19:13 -0400  (tag: rel/commons-lang-3.11, tag: commons-lang-3.11-RC2)
2020-07-10 19:32:01 -0400  (tag: commons-lang-3.11-RC1)
2020-03-23 09:14:11 -0400  (tag: rel/commons-lang-3.10, tag: commons-lang-3.10-RC1)
2019-04-10 21:25:46 -0400  (tag: commons-lang-3.9-RC2, tag: commons-lang-3.9)
2019-04-09 14:08:56 -0400  (tag: commons-lang-3.9-RC1)
2018-09-19 11:09:49 -0400  (tag: LANG_3_8_1_RC1, tag: LANG_3_8_1)
2018-08-15 21:32:37 -0400  (tag: LANG_3_8_RC1, tag: LANG_3_8)
2017-11-04 12:09:44 -0600  (tag: LANG_3_7_RC1, tag: LANG_3_7)
2017-06-09 11:38:15 +0200  (tag: LANG_3_6_RC4, tag: LANG_3_6)
2017-06-08 10:00:26 +0200  (tag: LANG_3_6_RC3)
2017-05-17 10:59:25 -0400  (tag: LANG_3_6_RC2)
2017-04-17 14:17:38 +0200  (tag: LANG_3_6_RC1)
2016-10-13 21:01:09 +0200  (tag: LANG_3_5_RC2, tag: LANG_3_5)
2016-10-02 16:10:18 +0200  (tag: LANG_3_5_RC1)
2015-04-06 16:14:40 +0000  (tag: LANG_3_4)
2015-04-03 12:28:16 +0000  (tag: LANG_3_4_RC2)
2015-03-28 15:49:16 +0000  (tag: LANG_3_4_RC1)
2014-04-09 18:42:56 +0000  (tag: LANG_3_3_2)
2014-04-06 12:05:31 +0000  (tag: LANG_3_3_2_RC1)
2014-03-18 18:04:16 +0000  (tag: LANG_3_3_1)
2014-03-15 12:47:32 +0000  (tag: LANG_3_3_1_RC1)
2014-03-04 17:07:14 +0000  (tag: LANG_3_3)
2014-02-28 08:52:13 +0000  (tag: LANG_3_3_RC1)
2014-01-08 21:07:38 +0000  (tag: LANG_3_2_1)
2014-01-05 16:59:30 +0000  (tag: LANG_3_2_1_RC1)
2014-01-01 16:43:50 +0000  (tag: LANG_3_2)
2013-12-28 16:59:07 +0000  (tag: LANG_3_2_RC2)
2013-12-22 09:40:12 +0000  (tag: LANG_3_2_RC1)
2011-11-15 07:20:23 +0000  (tag: LANG_3_1)
2011-11-10 06:56:30 +0000  (tag: LANG_3_1_RC1)
2011-11-09 07:52:34 +0000  (tag: LANG_3_0_2_RC1)
2011-08-10 03:33:57 +0000  (tag: LANG_3_0_1)
2011-08-06 18:52:24 +0000  (tag: LANG_3_0_1_RC2)
2011-08-05 07:29:19 +0000  (tag: LANG_3_0_1_RC1)
2011-07-19 03:28:54 +0000  (tag: LANG_3_0)
2011-07-14 03:50:11 +0000  (tag: LANG_3_0_RC4)
2011-04-29 06:23:56 +0000  (tag: LANG_3_0_RC3)
2011-04-09 04:30:40 +0000  (tag: LANG_3_0_RC2)
2011-03-03 07:15:14 +0000  (tag: LANG_3_0_RC1)
2011-02-06 15:38:57 +0000  (tag: LANG_2_6_REPACKAGED)
2011-01-16 22:39:06 +0000  (tag: LANG_2_6)
2011-01-13 23:03:42 +0000  (tag: LANG_2_6_RC2)
2011-01-12 01:12:29 +0000  (tag: LANG_2_6_RC1)
2010-07-26 06:31:51 +0000  (tag: LANG_3_0_B3)
2010-07-23 19:10:19 +0000  (tag: LANG_3_0_B2)
2010-07-20 23:31:04 +0000  (tag: LANG_3_0_B1)
2010-04-07 16:03:21 +0000  (tag: LANG_2_5)
2010-04-07 16:00:09 +0000  (tag: LANG_2_5_COPY)
2010-02-21 23:33:28 +0000  (tag: LANG_2_5_RC3)
2010-02-21 17:48:25 +0000  (tag: LANG_2_5_RC2)
2010-02-19 22:09:01 +0000  (tag: LANG_2_5_RC1)
2008-03-19 05:39:36 +0000  (tag: LANG_2_4)
2008-03-16 03:41:51 +0000  (tag: LANG_2_4_RC3)
2008-03-14 07:07:36 +0000  (tag: LANG_2_4_RC2)
2008-03-13 07:30:23 +0000  (tag: LANG_2_4_RC1)
2007-07-29 03:42:34 +0000  (tag: LANG_1_0)
2007-07-29 03:42:34 +0000  (tag: LANG_1_0_1)
2007-07-29 03:42:34 +0000  (tag: LANG_1_0_B1)
2007-07-29 03:42:34 +0000  (tag: LANG_1_0_RC1)
2007-07-29 03:42:34 +0000  (tag: LANG_1_0_RC2)
2007-07-29 03:42:34 +0000  (tag: LANG_2_0)
2007-07-29 03:42:34 +0000  (tag: LANG_2_0_RC1)
2007-07-29 03:42:34 +0000  (tag: LANG_2_0_RC2)
2007-07-29 03:42:34 +0000  (tag: LANG_2_0_RC3)
2007-07-29 03:42:34 +0000  (tag: LANG_2_1)
2007-07-29 03:42:34 +0000  (tag: LANG_2_1_RC1)
2007-07-29 03:42:34 +0000  (tag: LANG_2_1_RC2)
2007-07-29 03:42:34 +0000  (tag: LANG_2_1_RC3)
2007-07-29 03:42:34 +0000  (tag: LANG_2_1_RC5)
2007-07-29 03:42:34 +0000  (tag: LANG_2_1_RC6)
2007-07-29 03:42:34 +0000  (tag: LANG_2_1_RC7)
2007-07-29 03:42:34 +0000  (tag: LANG_2_1_RC8)
2007-07-29 03:42:34 +0000  (tag: LANG_2_2)
2007-07-29 03:42:34 +0000  (tag: LANG_2_2_DEV_STYLE)
2007-07-29 03:42:34 +0000  (tag: LANG_2_2_RC1)
2007-07-29 03:42:34 +0000  (tag: LANG_2_2_RC2)
2007-07-29 03:42:34 +0000  (tag: LANG_2_2_RC3)
2007-07-29 03:42:34 +0000  (tag: LANG_2_3)
2007-07-29 03:42:34 +0000  (tag: LANG_2_3_RC1)
2007-07-29 03:42:34 +0000  (tag: LANG_2_3_RC2)
2007-07-29 03:42:34 +0000  (tag: LANG_2_3_RC3)
2007-07-29 03:42:34 +0000  (tag: STRUTS_1_1_B2)
2007-07-29 03:42:34 +0000  (tag: STRUTS_1_1_B3)
2007-07-29 03:42:34 +0000  (tag: STRUTS_1_1_RC1)