2021-07-09 18:47:41 -0400  (tag: rel/commons-io-2.11.0, tag: commons-io-2.11.0-RC1)
2021-06-10 08:37:16 -0400  (tag: rel/commons-io-2.10.0, tag: commons-io-2.10.0-RC1)
2021-05-22 10:13:10 -0400  (tag: rel/commons-io-2.9.0, tag: commons-io-2.9.0-RC1)
2020-09-06 09:33:59 -0400  (tag: rel/commons-io-2.8.0, tag: commons-io-2.8.0-RC2)
2020-09-05 22:25:31 -0400  (tag: commons-io-2.8.0-RC1)
2020-05-24 15:43:00 -0400  (tag: rel/commons-io-2.7, tag: commons-io-2.7-RC1)
2017-10-15 11:54:18 +0200  (tag: commons-io-2.6-RC3, tag: commons-io-2.6)
2017-10-14 14:04:02 +0200  (tag: commons-io-2.6-RC2)
2017-09-30 16:33:46 +0200  (tag: commons-io-2.6-RC1)
2016-05-06 12:16:39 +0000  (tag: 2.5)
2016-04-22 00:33:16 +0000  (tag: commons-io-2.5)
2016-04-14 13:18:25 +0000  (tag: commons-io-2.5-RC4)
2015-12-26 20:35:32 +0000  (tag: commons-io-2.5-RC3)
2015-12-23 19:26:44 +0000  (tag: commons-io-2.5-RC2)
2015-11-23 17:08:01 +0000  (tag: commons-io-2.5-RC1)
2012-06-19 19:38:37 +0000  (tag: 2.2)
2012-03-26 14:36:52 +0000  (tag: 2.2-RC4)
2012-06-19 19:37:23 +0000  (tag: 2.3)
2012-04-10 14:59:12 +0000  (tag: 2.3-RC1)
2012-06-19 19:34:38 +0000  (tag: 2.4)
2012-06-12 22:18:36 +0000  (tag: 2.4-RC2)
2012-06-12 15:40:18 +0000  (tag: 2.4-RC1)
2012-03-18 18:47:03 +0000  (tag: 2.2-RC3)
2012-03-18 03:36:32 +0000  (tag: 2.2-RC2)
2012-03-16 04:35:25 +0000  (tag: 2.2-RC1)
2011-10-11 12:31:32 +0000  (tag: commons-io-2.1)
2011-10-03 21:30:26 +0000  (tag: commons-io-2.1-RC6)
2011-10-02 19:39:19 +0000  (tag: commons-io-2.1-RC5)
2011-09-29 12:44:53 +0000  (tag: commons-io-2.1-RC4)
2011-09-28 17:54:45 +0000  (tag: commons-io-2.1-RC3)
2011-09-28 17:46:49 +0000  (tag: commons-io-2.1-RC2)
2011-09-28 17:45:42 +0000  (tag: commons-io-2.1-RC1)
2010-12-26 17:52:32 +0000  (tag: commons-io-2.0.1)
2010-12-23 03:42:30 +0000  (tag: commons-io-2.0.1-rc1)
2010-10-18 20:16:04 +0000  (tag: commons-io-2.0)
2010-10-15 01:50:09 +0000  (tag: commons-io-2.0-rc5)
2010-10-10 14:35:30 +0000  (tag: commons-io-2.0-rc4)
2010-10-10 04:08:40 +0000  (tag: commons-io-2.0-rc3)
2010-10-06 04:18:33 +0000  (tag: commons-io-2.0-rc2)
2010-10-04 20:35:49 +0000  (tag: commons-io-2.0-rc1)
2008-01-21 20:15:47 +0000  (tag: commons-io-1.4)
2008-01-17 03:04:28 +0000  (tag: commons-io-1.4-RC3)
2008-01-15 23:29:57 +0000  (tag: commons-io-1.4-RC2)
2008-01-13 01:32:27 +0000  (tag: commons-io-1.4-RC1)
2007-07-29 03:42:34 +0000  (tag: IO_1_0)
2007-07-29 03:42:34 +0000  (tag: IO_1_0_RC1)
2007-07-29 03:42:34 +0000  (tag: IO_1_0_RC2)
2007-07-29 03:42:34 +0000  (tag: IO_1_1)
2007-07-29 03:42:34 +0000  (tag: IO_1_2)
2007-07-29 03:42:34 +0000  (tag: IO_1_3)
2007-07-29 03:42:34 +0000  (tag: IO_1_3_1)
2007-07-29 03:42:34 +0000  (tag: IO_1_3_1_RC1)
2007-07-29 03:42:34 +0000  (tag: IO_1_3_1_RC2)
2007-07-29 03:42:34 +0000  (tag: IO_1_3_1_RC3)
2007-07-29 03:42:34 +0000  (tag: IO_1_3_RC1)
2007-07-29 03:42:34 +0000  (tag: IO_1_3_RC2)
2007-07-29 03:42:34 +0000  (tag: IO_1_3_RC3)
2007-07-29 03:42:34 +0000  (tag: commons-io-1.3.2)