2022-01-21 23:03:02 -0600  (tag: commons-codec-1.16-rc1)
2020-08-28 12:24:47 +0100  (tag: rel/commons-codec-1.15, tag: commons-codec-1.15-RC1, origin/release)
2019-12-30 19:38:13 -0500  (tag: commons-codec-1.14-RC1, tag: commons-codec-1.14)
2019-07-21 16:47:40 -0400  (tag: commons-codec-1.13)
2019-07-20 11:28:21 -0400  (tag: commons-codec-1.13-RC1)
2019-02-09 08:43:43 -0500  (tag: commons-codec-1.12-RC3, tag: commons-codec-1.12)
2019-02-06 20:15:10 -0500  (tag: commons-codec-1.12-RC2)
2019-02-05 21:44:45 -0500  (tag: commons-codec-1.12-RC1)
2017-10-20 23:22:24 +0000  (tag: commons-codec-1.11)
2017-10-17 14:52:09 +0000  (tag: commons-codec-1.11-RC1)
2014-11-10 02:32:15 +0000  (tag: 1.10)
2014-11-06 14:12:26 +0000  (tag: 1.10-RC2)
2014-11-06 04:43:59 +0000  (tag: 1.10-RC1)
2013-12-24 20:18:30 +0000  (tag: 1.9)
2013-12-21 03:55:45 +0000  (tag: 1.9-RC1)
2013-04-28 18:39:03 +0000  (tag: 1.8)
2013-04-19 15:22:55 +0000  (tag: 1.8-RC4)
2013-04-18 13:08:29 +0000  (tag: 1.8-RC3)
2013-04-17 02:25:34 +0000  (tag: 1.8-RC2)
2013-04-16 18:02:08 +0000  (tag: 1.8-RC1)
2012-09-14 20:05:59 +0000  (tag: 1.7)
2012-09-11 12:03:37 +0000  (tag: 1.7-RC2)
2012-09-10 13:38:56 +0000  (tag: 1.7-RC1)
2012-03-05 21:58:59 +0000  (tag: 1_6)
2011-11-20 17:49:09 +0000  (tag: commons-codec-1.6-RC2)
2011-12-07 17:45:48 +0000  (tag: CODEC_1_4)
2009-08-06 16:39:26 +0000  (tag: CODEC_1_4_RC4)
2011-11-14 15:04:32 +0000  (tag: commons-codec-1.6-RC1)
2011-03-29 22:18:38 +0000  (tag: commons-codec-1.5)
2011-03-25 01:30:19 +0000  (tag: commons-codec-1.5-RC1)
2009-08-03 00:07:45 +0000  (tag: CODEC_1_4_RC3)
2009-07-24 09:18:13 +0000  (tag: CODEC_1_4_RC2)
2009-07-23 02:07:45 +0000  (tag: CODEC_1_4_RC1)
2007-07-29 03:42:34 +0000  (tag: CODEC_1_1)
2007-07-29 03:42:34 +0000  (tag: CODEC_1_1_RC1)
2007-07-29 03:42:34 +0000  (tag: CODEC_1_2)
2007-07-29 03:42:34 +0000  (tag: CODEC_1_2_RC1)
2007-07-29 03:42:34 +0000  (tag: CODEC_1_3)
2007-07-29 03:42:34 +0000  (tag: CODEC_1_3_RC1)