2022-05-03 12:26:59 +0100  (tag: commons-daemon-1.3.1-RC1, tag: commons-daemon-1.3.1)
2022-03-11 11:49:11 +0000  (tag: commons-daemon-1.3.0-RC1)
2022-01-27 19:42:48 +0000  (tag: commons-daemon-1.2.5-RC1)
2021-01-14 09:34:02 +0000  (tag: rel/commons-daemon-1.2.4, tag: commons-daemon-1.2.4-RC2, tag: commons-daemon-1.2.4, tag: COMMONS_DAEMON_1_2_4_RC2)
2021-01-06 15:49:35 +0000  (tag: commons-daemon-1.2.4-RC1, tag: COMMONS_DAEMON_1_2_4_RC1)
2020-08-27 11:10:10 +0100  (tag: rel/commons-daemon-1.2.3, tag: commons-daemon-1.2.3-RC1, tag: commons-daemon-1.2.3, tag: COMMONS_DAEMON_1_2_3_RC1, tag: COMMONS_DAEMON_1_2_3)
2019-09-30 16:26:02 +0100  (tag: COMMONS_DAEMON_1_2_2_RC2, tag: COMMONS_DAEMON_1_2_2)
2019-09-25 14:02:02 +0100  (tag: COMMONS_DAEMON_1_2_2_RC1)
2019-09-04 16:44:04 +0100  (tag: COMMONS_DAEMON_1_2_1_RC1, tag: COMMONS_DAEMON_1_2_1)
2019-06-28 14:13:48 +0100  (tag: COMMONS_DAEMON_1_2_0_RC2, tag: COMMONS_DAEMON_1_2_0)
2019-06-28 11:37:07 +0100  (tag: COMMONS_DAEMON_1_2_0_RC1)
2019-06-14 18:39:58 +0100  (tag: COMMONS_DAEMON_1_1_1)
2017-11-22 15:50:19 +0000  (tag: COMMONS_DAEMON_1_1_0)
2017-11-15 12:02:25 +0000  (tag: COMMONS_DAEMON_1_1_0_RC3)
2017-11-09 14:24:32 +0000  (tag: COMMONS_DAEMON_1_1_0_RC2)
2017-11-07 20:55:37 +0000  (tag: COMMONS_DAEMON_1_1_0_RC1)
2013-04-02 14:04:37 +0000  (tag: COMMONS_DAEMON_1_0_15)
2013-03-28 12:42:26 +0000  (tag: COMMONS_DAEMON_1_0_15_RC1)
2013-03-18 13:15:29 +0000  (tag: COMMONS_DAEMON_1_0_14)
2013-03-15 06:39:41 +0000  (tag: COMMONS_DAEMON_1_0_14_RC1)
2013-02-12 08:22:42 +0000  (tag: COMMONS_DAEMON_1_0_13)
2013-02-06 18:04:02 +0000  (tag: COMMONS_DAEMON_1_0_13_RC1)
2013-02-06 17:45:52 +0000  (tag: COMMONS_DAEMON_1_0_12)
2013-01-13 10:42:57 +0000  (tag: COMMONS_DAEMON_1_0_12_RC1)
2012-11-27 13:03:52 +0000  (tag: COMMONS_DAEMON_1_0_11)
2012-11-22 12:36:05 +0000  (tag: COMMONS_DAEMON_1_0_11_RC1)
2012-02-27 17:12:19 +0000  (tag: COMMONS_DAEMON_1_0_10)
2012-02-23 22:53:28 +0000  (tag: COMMONS_DAEMON_1_0_10_RC2)
2012-02-23 08:52:33 +0000  (tag: COMMONS_DAEMON_1_0_10_RC1)
2012-02-23 08:50:26 +0000  (tag: COMMONS_DAEMON_1_1_10_RC1)
2012-02-13 08:11:28 +0000  (tag: COMMONS_DAEMON_1_0_9)
2012-02-07 12:02:17 +0000  (tag: COMMONS_DAEMON_1_0_9_RC1)
2011-11-24 18:29:29 +0000  (tag: JAKARTA_COMMONS_SANDBOX)
2007-07-29 03:42:34 +0000  (origin/JAKARTA_COMMONS_SANDBOX)
2011-11-23 11:36:02 +0000  (tag: COMMONS_DAEMON_1_0_8)
2011-11-18 09:02:21 +0000  (tag: COMMONS_DAEMON_1_0_8_RC1)
2011-08-03 05:32:40 +0000  (tag: COMMONS_DAEMON_1_0_7)
2011-08-02 04:31:43 +0000  (tag: COMMONS_DAEMON_1_0_7_RC1)
2011-07-08 08:05:55 +0000  (tag: COMMONS_DAEMON_1_0_6)
2011-07-04 07:36:36 +0000  (tag: COMMONS_DAEMON_1_0_6_RC1)
2011-07-04 07:34:27 +0000  (tag: COMMONS_DAEMON_1_0_3)
2010-07-30 09:14:33 +0000  (tag: COMMONS_DAEMON_1_0_3_RC3)
2010-07-30 06:50:12 +0000 
2011-07-04 06:38:00 +0000  (tag: COMMONS_DAEMON_1_0_5)
2011-01-05 11:27:54 +0000  (tag: COMMONS_DAEMON_1_0_5_RC1)
2010-10-25 11:26:18 +0000  (tag: COMMONS_DAEMON_1_0_4)
2010-10-21 06:35:01 +0000  (tag: COMMONS_DAEMON_1_0_4_RC1)
2010-09-14 14:45:47 +0000  (tag: PRE_DAEMON_160)
2010-03-16 14:40:04 +0000  (tag: COMMONS_DAEMON_1_0_3_RC2)
2010-03-16 09:26:41 +0000  (tag: COMMONS_DAEMON_1_0_3_RC1)
2010-02-25 05:58:25 +0000  (tag: COMMONS_DAEMON_1_0_2)
2010-02-23 06:45:51 +0000  (tag: COMMONS_DAEMON_1_0_2_RC2)
2010-02-19 09:10:12 +0000  (tag: COMMONS_DAEMON_1_0_2_RC1)
2009-12-11 07:39:03 +0000  (tag: COMMONS_DAEMON_2_0_6)
2009-05-29 10:48:01 +0000  (tag: COMMONS_DAEMON_2_0_5)
2007-07-29 03:42:34 +0000  (tag: COMMONS_DAEMON_1_0)
2007-07-29 03:42:34 +0000  (tag: INITIAL_COMMI)
2007-07-29 03:42:34 +0000  (tag: TOMCAT_5_0_10)
2007-07-29 03:42:34 +0000  (tag: TOMCAT_5_0_11)
2007-07-29 03:42:34 +0000  (tag: TOMCAT_5_0_12)
2007-07-29 03:42:34 +0000  (tag: TOMCAT_5_0_13)
2007-07-29 03:42:34 +0000  (tag: TOMCAT_5_0_14)
2007-07-29 03:42:34 +0000  (tag: TOMCAT_5_0_19)
2007-07-29 03:42:34 +0000  (tag: daemon-1_0)
2007-07-29 03:42:34 +0000  (tag: daemon-1_0-Alpha)
2007-07-29 03:42:34 +0000  (tag: daemon-1_0_1)