2014-04-03 09:39:24 +0000  (tag: commons-scxml2-2.0-M1)
2014-03-11 11:25:41 +0000  (tag: commons-scxml2-2.0-M0)
2011-06-06 23:13:55 +0000  (origin/J6)
2008-04-14 22:06:07 +0000  (origin/J5)
2008-12-01 22:39:25 +0000  (tag: SCXML_0_9)
2008-11-22 01:23:27 +0000  (tag: SCXML_0_9_RC1)
2008-05-19 18:12:00 +0000  (tag: SCXML_0_8)
2008-05-14 01:35:41 +0000  (tag: SCXML_0_8_RC2)
2008-05-09 22:43:36 +0000  (tag: SCXML_0_8_RC1)
2007-12-19 18:03:28 +0000  (tag: SCXML_0_7)
2007-12-12 22:54:57 +0000  (tag: SCXML_0_7_RC2)
2007-12-08 16:51:16 +0000  (tag: SCXML_0_7_RC1)
2007-07-29 03:42:34 +0000  (tag: PRE_BRANCHING)
2007-07-29 03:42:34 +0000  (tag: SCXML_0_5)
2007-07-29 03:42:34 +0000  (tag: SCXML_0_5_RC1)
2007-07-29 03:42:34 +0000  (tag: SCXML_0_5_RC2)
2007-07-29 03:42:34 +0000  (tag: SCXML_0_5_RC3)
2007-07-29 03:42:34 +0000  (tag: SCXML_0_6)
2007-07-29 03:42:34 +0000  (tag: SCXML_0_6_RC1)
2007-07-29 03:42:34 +0000  (tag: SCXML_0_6_RC2)
2007-07-29 03:42:34 +0000  (tag: SCXML_SANDBOX_04_2006)
2007-07-29 03:42:34 +0000  (tag: SEPTEMBER_05_WD)