2020-01-08 22:40:52 -0800  (tag: commons-dbutils-1.8-RC2, tag: DBUTILS_1_8_RC2, origin/release)
2020-01-04 22:34:26 -0800  (tag: DBUTILS_1_8_RC1)
2017-07-16 14:40:55 -0700  (tag: DBUTILS_1_7_RC2, tag: DBUTILS_1_7)
2017-07-15 22:04:05 -0700  (tag: DBUTILS_1_7_RC1)
2014-07-20 08:37:02 +0000  (tag: DBUTILS_1_6)
2014-07-16 19:19:16 +0000  (tag: DBUTILS_1_6_RC2)
2013-06-04 00:41:18 +0000  (tag: DBUTILS_1_6_RC1)
2013-03-17 19:51:32 +0000  (tag: DBUTILS_2_0_RC1)
2012-07-20 18:39:46 +0000  (tag: DBUTILS_1_5)
2012-07-17 11:47:55 +0000  (tag: DBUTILS_1_5_RC2)
2012-07-16 09:59:44 +0000  (tag: DBUTILS_1_5_RC1)
2011-12-21 17:10:53 +0000  (tag: commons-dbutils-1.5)
2011-12-07 18:37:25 +0000  (tag: DBUTILS_1_3)
2009-11-08 18:02:59 +0000  (tag: DBUTILS_1_3_RC4)
2011-10-23 14:45:40 +0000  (tag: DBUTILS_1_4)
2011-10-19 20:05:06 +0000  (tag: DBUTILS_1_4_RC3)
2011-10-12 12:04:06 +0000  (tag: DBUTILS_1_4_RC2)
2011-09-15 06:36:12 +0000  (tag: DBUTILS_1_4_RC1)
2009-11-08 01:43:32 +0000  (tag: DBUTILS_1_3_RC3)
2009-11-06 14:39:28 +0000  (tag: DBUTILS_1_3_RC2)
2009-11-05 01:41:09 +0000  (tag: DBUTILS_1_3_RC1)
2009-03-15 19:03:16 +0000  (tag: DBUTILS_1_2)
2007-07-29 03:42:34 +0000  (tag: DBUTILS_1_0)
2007-07-29 03:42:34 +0000  (tag: DBUTILS_1_0_RC1)
2007-07-29 03:42:34 +0000  (tag: DBUTILS_1_1)
2007-07-29 03:42:34 +0000  (tag: DBUTILS_1_1_RC1)
2007-07-29 03:42:34 +0000  (tag: DBUTILS_1_1_RC2)