2011-12-13 22:26:24 +0000  (tag: DIGESTER3_3_2)
2011-12-10 14:55:27 +0000  (tag: DIGESTER3_3_2_RC2)
2011-12-09 13:38:20 +0000  (tag: DIGESTER3_3_2_RC1)
2011-10-28 22:36:29 +0000  (tag: DIGESTER3_3_1)
2011-10-25 19:27:08 +0000  (tag: DIGESTER3_3_1_RC2)
2011-10-19 20:49:01 +0000  (tag: DIGESTER3_3_1_RC1)
2011-07-06 11:48:29 +0000  (tag: DIGESTER3_3_0)
2011-07-02 21:18:06 +0000  (tag: DIGESTER3_3_0_RC2)
2011-07-01 16:39:24 +0000  (tag: DIGESTER3_3_0_RC1)
2011-06-27 19:05:09 +0000  (tag: commons-digester3-3.0)
2010-09-25 14:01:16 +0000  (tag: DIGESTER_2_1)
2010-09-19 08:13:52 +0000  (tag: DIGESTER_2_1_RC2)
2010-09-10 22:12:40 +0000  (tag: DIGESTER_2_1_RC1)
2008-12-31 08:27:37 +0000  (tag: DIGESTER_1_8_1)
2008-12-24 20:04:23 +0000  (tag: DIGESTER_2_0)
2007-07-29 03:42:34 +0000  (tag: DIGESTER_1_0)
2007-07-29 03:42:34 +0000  (tag: DIGESTER_1_1)
2007-07-29 03:42:34 +0000  (tag: DIGESTER_1_1_1)
2007-07-29 03:42:34 +0000  (tag: DIGESTER_1_2)
2007-07-29 03:42:34 +0000  (tag: DIGESTER_1_3)
2007-07-29 03:42:34 +0000  (tag: DIGESTER_1_4)
2007-07-29 03:42:34 +0000  (tag: DIGESTER_1_4_1)
2007-07-29 03:42:34 +0000  (tag: DIGESTER_1_4_1_RC1)
2007-07-29 03:42:34 +0000  (tag: DIGESTER_1_4_RC_1)
2007-07-29 03:42:34 +0000  (tag: DIGESTER_1_5)
2007-07-29 03:42:34 +0000  (tag: DIGESTER_1_5_RC1)
2007-07-29 03:42:34 +0000  (tag: DIGESTER_1_6)
2007-07-29 03:42:34 +0000  (tag: DIGESTER_1_6_RC1)
2007-07-29 03:42:34 +0000  (tag: DIGESTER_1_6_RC2)
2007-07-29 03:42:34 +0000  (tag: DIGESTER_1_7)
2007-07-29 03:42:34 +0000  (tag: DIGESTER_1_7_RC1)
2007-07-29 03:42:34 +0000  (tag: DIGESTER_1_7_RC2)
2007-07-29 03:42:34 +0000  (tag: DIGESTER_1_8)
2007-07-29 03:42:34 +0000  (tag: DIGESTER_1_8_RC1)
2007-07-29 03:42:34 +0000  (tag: DIGESTER_1_8_RC2)
2007-07-29 03:42:34 +0000  (tag: DIGESTER_1_8_RC3)
2007-07-29 03:42:34 +0000  (tag: J2EE_14_03)
2007-07-29 03:42:34 +0000  (tag: LOGGING_1_0_4_RC2)
2007-07-29 03:42:34 +0000  (tag: RELEASE_DIGESTER_1_6_0_START)
2007-07-29 03:42:34 +0000  (tag: SNAPSHOT_20050911)
2007-07-29 03:42:34 +0000  (tag: STRUTS_1_1_B1)
2007-07-29 03:42:34 +0000  (tag: STRUTS_1_1_B2)
2007-07-29 03:42:34 +0000  (tag: STRUTS_1_1_B3)
2007-07-29 03:42:34 +0000  (tag: STRUTS_1_1_RC1)
2007-07-29 03:42:34 +0000  (tag: jwsdp_10_ea2_01)