2021-07-31 11:02:14 -0400  (tag: rel/commons-dbcp-2.9.0, tag: commons-dbcp-2.9.0-RC1)
2020-09-21 15:15:57 -0400  (tag: rel/commons-dbcp-2.8.0, tag: commons-dbcp-2.8.0-RC1)
2019-07-31 08:46:24 -0400  (tag: commons-dbcp-2.7.0-RC1, tag: commons-dbcp-2.7.0)
2019-02-15 10:02:23 -0500  (tag: commons-dbcp-2.6.0-RC1, tag: commons-dbcp-2.6.0)
2018-07-15 18:15:38 -0600  (tag: commons-dbcp-2.5.0)
2018-07-12 18:25:35 -0600  (tag: commons-dbcp-2.5.0-RC1)
2018-06-13 13:26:05 -0600  (tag: commons-dbcp-2.4.0-RC1, tag: commons-dbcp-2.4.0)
2018-05-12 12:36:02 -0600  (tag: DBCP_2_3_0)
2018-05-08 15:26:19 -0600  (tag: DBCP_2_3_0_RC1)
2017-12-21 10:28:28 -0700  (tag: DBCP_2_2_0_RC3, tag: DBCP_2_2_0)
2016-08-07 18:18:39 +0000  (tag: DBCP_2_2_RC2)
2016-07-27 02:52:57 +0000  (tag: DBCP_2_2_RC1)
2016-07-27 02:44:18 +0000  (origin/dbcp-2.2-release)
2015-08-07 02:40:10 +0000  (tag: DBCP_2_1_1)
2015-08-03 00:30:00 +0000  (tag: DBCP_2_1_1_RC1)
2015-02-24 00:29:27 +0000  (tag: DBCP_2_1)
2015-02-20 04:31:27 +0000  (tag: DBCP_2_1_RC2)
2015-02-16 22:52:28 +0000  (tag: DBCP_2_1_RC1)
2014-05-25 18:25:29 +0000  (tag: DBCP_2_0)
2014-02-27 15:31:02 +0000  (tag: DBCP_2_0_RC1)
2014-05-25 18:23:35 +0000  (tag: DBCP_2_0_1)
2014-05-18 18:34:30 +0000  (tag: DBCP_2_0_1_RC3)
2014-05-16 22:22:45 +0000  (tag: DBCP_2_0_1_RC2)
2014-05-15 23:29:38 +0000  (tag: DBCP_2_0_1_RC1)
2010-02-14 20:49:52 +0000  (tag: DBCP_1_3)
2010-02-07 16:50:58 +0000  (tag: DBCP_1_3_RC7)
2010-02-14 20:49:52 +0000  (tag: DBCP_1_4)
2010-02-07 16:51:18 +0000  (tag: DBCP_1_4_RC7)
2009-12-29 00:32:25 +0000  (tag: DBCP_1_4_RC6)
2009-12-29 00:30:11 +0000  (tag: DBCP_1_3_RC6)
2009-12-28 19:00:28 +0000  (tag: DBCP_1_4_RC5)
2009-12-28 18:58:48 +0000  (tag: DBCP_1_3_RC5)
2009-12-28 01:38:29 +0000  (tag: DBCP_1_4_RC4)
2009-12-28 01:37:44 +0000  (tag: DBCP_1_3_RC4)
2009-12-27 19:12:41 +0000  (tag: DBCP_1_4_RC3)
2009-12-27 19:12:17 +0000  (tag: DBCP_1_3_RC3)
2009-12-21 20:12:30 +0000  (tag: DBCP_1_4_RC2)
2009-12-21 20:12:03 +0000  (tag: DBCP_1_3_RC2)
2009-12-07 04:21:04 +0000  (tag: DBCP_1_3_RC1)
2009-12-07 02:32:21 +0000  (tag: DBCP_1_4_RC1)
2007-07-29 03:42:34 +0000  (tag: DBCP_1_0)
2007-07-29 03:42:34 +0000  (tag: DBCP_1_1)
2007-07-29 03:42:34 +0000  (tag: DBCP_1_1_RC1)
2007-07-29 03:42:34 +0000  (tag: DBCP_1_1_RC2)
2007-07-29 03:42:34 +0000  (tag: DBCP_1_2)
2007-07-29 03:42:34 +0000  (tag: DBCP_1_2_1)
2007-07-29 03:42:34 +0000  (tag: DBCP_1_2_2)
2007-07-29 03:42:34 +0000  (tag: DBCP_1_2_2_RC1)
2007-07-29 03:42:34 +0000  (tag: DBCP_1_2_2_RC2)
2007-07-29 03:42:34 +0000  (tag: DBCP_1_2_2_RC3)
2007-07-29 03:42:34 +0000  (tag: DBCP_1_2_RC1)
2007-07-29 03:42:34 +0000  (tag: STRUTS_1_1_B1)
2007-07-29 03:42:34 +0000  (tag: STRUTS_1_1_B2)
2007-07-29 03:42:34 +0000  (tag: STRUTS_1_1_B3)
2007-07-29 03:42:34 +0000  (tag: STRUTS_1_1_RC1)
2007-07-29 03:42:34 +0000  (tag: USED_BY_SCARAB_0_16_20)
2007-07-29 03:42:34 +0000  (tag: jwsdp_10_02)
2007-07-29 03:42:34 +0000  (tag: jwsdp_10_ea2_01)
2007-07-29 03:42:34 +0000  (tag: jwsp_10_01)
2007-07-29 03:42:34 +0000  (tag: pre_5_15_bm)
2007-07-29 03:42:34 +0000  (tag: start)