2021-07-09 18:54:09 +0200  (tag: rel/1.21, tag: 1.21-RC1)
2021-07-01 11:30:24 -0400  (origin/pack200)
2020-02-05 06:00:52 +0100  (tag: rel/1.20, tag: 1.20-RC2)
2020-02-02 16:10:28 +0100  (tag: 1.20-RC1)
2019-08-24 18:09:18 +0200  (tag: rel/1.19, tag: 1.19-RC1)
2018-08-13 09:14:05 +0200  (tag: rel/1.18, tag: 1.18-RC1)
2018-05-30 18:52:51 +0200  (tag: rel/1.17, tag: 1.17-RC1)
2018-02-07 07:32:46 +0100  (tag: rel/1.16.1, tag: 1.16.1-RC1)
2018-02-02 18:34:59 +0100  (tag: rel/1.16, tag: 1.16-RC1)
2017-10-14 15:17:09 +0200  (tag: rel/1.15, tag: 1.15-RC1)
2017-05-11 21:03:58 +0200  (tag: rel/1.14, tag: 1.14-RC1)
2016-12-25 13:16:42 +0100  (tag: rel/1.13, tag: COMPRESS-1.13-RC1)
2016-06-18 17:25:37 +0200  (tag: rel/1.12, tag: COMPRESS-1.12-RC1)
2016-03-30 15:12:33 +0200  (tag: rel/1.11, tag: COMPRESS-1.11-RC2, tag: 1.11-RC1)
2015-08-18 17:07:30 +0000  (tag: rel/1.10, tag: COMPRESS-1.10)
2015-08-15 15:33:29 +0000  (tag: COMPRESS-1.10-RC3)
2015-01-30 08:34:28 +0000  (tag: COMPRESS-1.10-RC2)
2015-01-26 05:24:40 +0000  (tag: COMPRESS-1.10-RC1)
2014-10-09 07:54:15 +0000  (tag: rel/1.9, tag: COMPRESS-1.9)
2014-10-06 04:51:30 +0000  (tag: COMPRESS-1.9-RC1)
2014-05-14 11:16:26 +0000  (tag: COMPRESS-1.8.1)
2014-05-09 18:39:45 +0000  (tag: COMPRESS-1.8.1-RC1)
2014-03-12 22:18:40 +0000  (tag: rel/1.8, tag: COMPRESS-1.8)
2014-03-09 06:06:15 +0000  (tag: COMPRESS-1.8-RC1)
2014-01-20 05:15:09 +0000  (tag: rel/1.7, tag: COMPRESS-1.7)
2014-01-16 12:45:46 +0000  (tag: COMPRESS-1.7-RC2)
2014-01-09 12:32:40 +0000  (tag: COMPRESS-1.7-RC1)
2013-10-26 05:16:56 +0000  (tag: rel/1.6, tag: COMPRESS-1.6)
2013-10-23 04:05:43 +0000  (tag: COMPRESS-1.6-RC3)
2013-10-15 17:21:29 +0000  (tag: COMPRESS-1.6-RC2)
2013-10-13 04:10:00 +0000  (tag: COMPRESS-1.6-RC1)
2013-03-14 08:43:27 +0000  (tag: rel/1.5, tag: COMPRESS-1.5)
2013-03-11 06:10:51 +0000  (tag: COMPRESS-1.5_RC1)
2012-05-23 15:57:38 +0000  (tag: rel/1.4.1, tag: COMPRESS_1.4.1)
2012-05-22 04:51:57 +0000  (tag: COMPRESS_1.4.1_RC1)
2012-04-11 04:58:10 +0000  (tag: rel/1.4, tag: COMPRESS_1.4)
2012-04-04 18:53:26 +0000  (tag: COMPRESS_1.4_RC1)
2012-04-04 04:08:09 +0000  (tag: COMPRESS_1.4-RC1)
2011-11-01 19:22:19 +0000  (tag: rel/1.3, tag: COMPRESS_1.3)
2011-10-28 04:18:39 +0000  (tag: COMPRESS_1.3_RC2)
2011-10-26 03:52:23 +0000  (tag: COMPRESS_1.3_RC1)
2011-07-31 05:20:18 +0000  (tag: rel/1.2, tag: COMPRESS_1.2)
2011-07-28 04:00:25 +0000  (tag: COMPRESS_1.2_RC2)
2011-07-27 04:04:18 +0000  (tag: COMPRESS_1.2_RC1)
2010-08-13 04:40:31 +0000  (tag: rel/1.1, tag: commons-compress-1.1)
2009-05-14 04:37:27 +0000  (tag: rel/1.0, tag: commons-compress-1.0)
2009-03-20 13:26:04 +0000  (tag: compress_sandbox_03_2009)