2021-07-16 22:36:19 -0400  (tag: rel/commons-vfs-2.9.0, tag: commons-vfs-2.9.0-RC1)
2021-03-06 20:53:56 -0500  (tag: rel/commons-vfs-2.8.0, tag: commons_rel_tag, tag: commons-vfs-2.8.0-RC1)
2020-10-30 09:39:13 -0400  (tag: rel/commons-vfs-2.7.0)
2020-10-27 11:10:04 -0400  (tag: commons-vfs-2.7.0-RC3)
2020-10-26 13:06:06 -0400  (tag: commons-vfs-2.7.0-RC2)
2020-10-18 23:10:57 -0400  (tag: commons-vfs-2.7.0-RC1)
2020-01-06 13:35:11 -0500  (tag: rel/commons-vfs-2.6.0)
2020-01-06 11:05:34 -0500  (tag: commons-vfs-2.6.0-RC1)
2019-12-24 22:29:01 -0500  (tag: rel/commons-vfs-2.5.0, tag: commons-vfs-2.5.0-RC1)
2019-08-10 18:37:49 -0400  (tag: rel/commons-vfs-2.4.1, tag: commons-vfs-2.4.1-RC1, tag: commons-vfs-2.4.1)
2019-07-12 10:22:31 -0400  (tag: rel/commons-vfs-2.4, tag: commons-vfs-2.4-RC1, tag: commons-vfs-2.4)
2019-02-01 11:46:21 -0500  (tag: rel/commons-vfs-2.3, tag: commons-vfs2-project-2.3-RC2, tag: commons-vfs-2.3)
2019-01-27 14:27:15 +0000  (tag: commons-vfs2-project-2.3-rc1)
2018-02-24 16:20:39 +0000  (tag: rel/commons-vfs-2.2, tag: commons-vfs2-project-2.2)
2018-02-24 16:19:22 +0000  (tag: commons-vfs2-project-2.2-broken)
2017-10-02 22:35:50 +0000  (tag: commons-vfs2-project-2.2-rc2)
2017-10-02 22:27:26 +0000  (tag: commons-vfs2-project-2.2-RC2)
2017-09-23 15:09:16 +0000  (tag: commons-vfs2-project-2.2-rc1)
2017-09-21 19:47:50 +0000  (tag: commons-vfs2-2.2-rc1)
2016-05-19 01:55:27 +0000  (tag: rel/commons-vfs-2.1, tag: commons-vfs2-project-2.1)
2016-05-12 02:43:33 +0000  (tag: commons-vfs2-project-2.1-rc2)
2016-05-04 03:23:37 +0000  (tag: commons-vfs-project-2.1-RC1)
2011-08-18 13:56:58 +0000  (tag: rel/commons-vfs-2.0, tag: commons-vfs2-project-2.0)
2010-11-14 11:28:00 +0000  (tag: preVFS2package)
2010-11-05 19:48:35 +0000  (tag: commons-vfs-project-2.0)
2010-11-03 16:04:41 +0000  (tag: VFS-2.0-RC1)
2007-07-29 03:42:34 +0000  (tag: pre_filenameparsing)
2007-07-29 03:42:34 +0000  (tag: vfs-1.0, tag: rel/commons-vfs-1.0)
2007-07-29 03:42:34 +0000  (tag: sandbox)
2007-07-29 03:42:34 +0000  (tag: vfs-1.0-RC)
2007-07-29 03:42:34 +0000  (tag: vfs-1.0-RC1)
2007-07-29 03:42:34 +0000  (tag: vfs-1.0-RC2)
2007-07-29 03:42:34 +0000  (tag: vfs-1.0-RC3)
2007-07-29 03:42:34 +0000  (tag: vfs-1.0-RC5)
2007-07-29 03:42:34 +0000  (tag: vfs-1.0-RC6)
2007-07-29 03:42:34 +0000  (tag: vfs-1.0-RC7)
2007-07-29 03:42:34 +0000  (tag: vfs-1.0-RC8)