2020-07-21 16:25:03 -0400  (tag: rel/commons-text-1.9, tag: commons-text-1.9-RC1)
2019-08-30 15:53:25 -0400  (tag: commons-text-1.8-RC1, tag: commons-text-1.8)
2019-06-30 10:08:19 -0400  (tag: commons-text-1.7-RC1, tag: commons-text-1.7)
2018-10-12 19:18:02 -0600  (tag: commons-text-1.6-RC1, tag: commons-text-1.6)
2018-10-01 08:40:26 -0400  (tag: commons-text-1.5-RC3, tag: commons-text-1.5)
2018-09-29 22:37:52 -0400  (tag: commons-text-1.5-RC2)
2018-09-28 14:10:56 -0400  (tag: commons-text-1.5-RC1)
2018-06-09 11:24:32 -0600  (tag: commons-text-1.4)
2018-06-09 10:48:22 -0600  (tag: commons-text-1.4-RC1)
2018-03-16 10:33:45 -0400  (tag: commons-text-1.3-RC1, tag: commons-text-1.3, origin/1.3)
2017-12-08 21:05:31 -0500  (tag: commons-text-1.2-RC1, tag: commons-text-1.2, origin/1.2)
2017-05-18 20:19:58 -0400  (tag: commons-text-1.1-RC1, tag: commons-text-1.1)
2017-03-11 21:11:22 -0500  (origin/deprecated_classes_methods_move_to_commons_text)
2017-03-04 23:03:18 -0500  (tag: commons-text-1.0-RC1, tag: commons-text-1.0)
2017-01-30 08:21:53 -0500  (tag: commons-text-1.0-beta-1-RC4, tag: commons-text-1.0-beta-1)
2017-01-30 08:08:04 -0500  (tag: commons-text-1.0-beta-1-RC3)
2017-01-25 19:59:59 -0500  (tag: commons-text-1.0-beta-1-RC2)
2017-01-25 13:17:42 -0500  (tag: commons-text-1.0-beta-1-RC1)
2017-01-02 13:37:22 -0500  (origin/TEXT-55)
2016-12-30 10:39:01 -0500  (origin/TEXT-51)
2016-11-28 15:12:35 -0500  (origin/TEXT-30)
2015-04-19 17:14:22 +0200  (origin/SANDBOX-498)
2015-04-19 21:59:12 +1200  (origin/SANDBOX-497)
2015-04-15 21:52:30 +1200  (origin/SANDBOX-488)
2014-11-11 20:42:39 +0100 