2022-01-03 16:57:40 +0100  (tag: rel/commons-jcs3-3.1, origin/release-3.1)
2022-01-03 16:57:32 +0100  (tag: commons-jcs3-3.1-rc2)
2021-12-23 18:20:21 +0100  (tag: commons-jcs3-3.1-rc1)
2021-12-23 17:04:00 +0100  (tag: commons-jcs3-3.1)
2020-08-16 18:49:32 +0200  (tag: rel/commons-jcs3-3.0, origin/release-3.0)
2020-08-16 18:10:14 +0200  (tag: commons-jcs3-3.0-rc1)
2020-04-12 18:50:31 +0200  (origin/jcs-122-logging-abstraction)
2018-08-23 08:43:15 +0000  (tag: commons-jcs-2.2.1-RC4)
2017-12-12 16:32:26 +0000  (tag: commons-jcs-2.2.1-RC3)
2017-11-06 20:10:41 +0000  (tag: commons-jcs-2.2.1-RC2)
2017-10-22 06:59:07 +0000  (tag: commons-jcs-2.2.1)
2017-08-02 10:46:13 +0000  (tag: commons-jcs-2.2)
2017-02-05 13:17:58 +0000  (origin/commons-jcs-2.1-RC)
2017-02-05 13:17:46 +0000  (tag: commons-jcs-2.1)
2016-12-25 20:00:58 +0000  (tag: commons-jcs-2.0)
2016-11-01 07:16:35 +0000  (tag: commons-jcs-2.0-beta-2)
2015-02-19 10:44:43 +0000  (tag: commons-jcs-2.0-beta-1)
2014-11-11 22:08:31 +0000  (tag: commons-jcs-2.0-RC1)
2014-11-03 10:48:03 +0000  (tag: commons-jcs-2.0-alpha-1)
2011-07-24 03:06:46 +0000  (tag: 1.2.6.6)
2011-07-24 03:06:46 +0000  (tag: JCS_1_0)
2011-07-24 03:06:46 +0000  (tag: JCS_1_2_6_4)
2011-07-24 03:06:46 +0000  (tag: JCS_1_2_6_5)
2011-07-24 03:06:46 +0000  (tag: JCS_1_3)
2011-07-24 03:06:46 +0000  (tag: JCS_1_3_2_3)
2011-07-24 03:06:46 +0000  (tag: JCS_1_3_2_4)
2011-07-24 03:06:46 +0000  (tag: JCS_1_3_2_5)
2011-07-24 03:06:46 +0000  (tag: JCS_1_3_2_6)
2011-07-24 03:06:46 +0000  (tag: JCS_1_3_2_7)
2011-07-24 03:06:46 +0000  (tag: JCS_1_3_2_8)
2011-07-24 03:06:46 +0000  (tag: JCS_1_3_3_0)
2011-07-24 03:06:46 +0000  (tag: JCS_1_3_3_1)
2011-07-24 03:06:46 +0000  (tag: JCS_1_3_3_2)
2011-07-24 03:06:46 +0000  (tag: JCS_1_3_3_3)
2011-07-24 03:06:46 +0000  (tag: JCS_1_3_3_4)
2011-07-24 03:06:46 +0000  (tag: JCS_1_3_3_5)
2011-07-24 03:06:46 +0000  (tag: jcs-1_1_2-dev)
2011-07-24 03:06:46 +0000  (tag: jcs-1_2_2-dev)
2011-07-24 03:06:46 +0000  (tag: jcs-1_2_3-dev)
2011-07-24 03:06:46 +0000  (tag: jcs_130_candidate)
2011-07-24 03:06:46 +0000  (tag: jcs_1_1_dev)
2011-07-24 03:06:46 +0000  (tag: jcs_1_2_4_dev)
2011-07-24 03:06:46 +0000  (tag: jcs_1_2_5_dev)
2011-07-24 03:06:46 +0000  (tag: jcs_1_2_7_0)
2011-07-24 03:06:46 +0000  (tag: jcs_1_2_7_3)
2011-07-24 03:06:46 +0000  (tag: jcs_1_2_7_8)
2011-07-24 03:06:46 +0000  (tag: jcs_1_2_7_9)
2011-07-24 03:06:46 +0000  (tag: jcs_1_2_7_9_2)
2011-07-24 03:06:46 +0000  (tag: jcs_1_3_1_0)
2011-07-24 03:06:46 +0000  (tag: jcs_dev1_1_1)
2011-07-24 03:06:46 +0000  (tag: jcs_dev1_1_1b)