2022-05-13 23:19:10 +1200  (tag: rel/commons-imaging-1.0-alpha3, tag: commons-imaging-1.0-alpha3-RC2, origin/release)
2022-05-13 16:47:43 +1200  (tag: commons-imaging-1.0-alpha3-RC1)
2020-08-07 12:39:04 +1200  (tag: commons-imaging-1.0-alpha2)
2020-08-02 00:49:48 +1200  (tag: commons-imaging-1.0-alpha2-RC1)
2019-04-27 23:17:18 +1200  (tag: commons-imaging-1.0-alpha1)
2018-10-30 21:17:36 +1300  (tag: commons-imaging-1.0-alpha1-RC2)
2018-10-28 20:30:22 +1300  (tag: commons-imaging-1.0-alpha1-RC1)
2013-11-24 10:24:16 +0000  (tag: commons-imaging-1.0-RC7, tag: IMAGING_1_0_RC7)
2013-11-24 10:17:35 +0000  (tag: commons-imaging-1.0-RC6, tag: IMAGING_1_0_RC6)
2013-11-01 05:14:17 +0000  (tag: commons-imaging-1.0-RC5, tag: IMAGING_1_0_RC5)
2013-10-30 22:12:15 +0000  (origin/IMAGING-120)
2012-09-24 13:24:17 +0000  (tag: commons-imaging-1.0-RC4, tag: IMAGING_1_0_RC4)
2012-09-24 06:04:07 +0000  (tag: commons-imaging-1.0-RC3, tag: IMAGING_1_0_RC3)
2012-07-23 17:24:34 +0000  (tag: commons-imaging-1.0-RC2, tag: IMAGING_1_0_RC2)
2012-07-23 05:16:03 +0000  (tag: commons-imaging-1.0-RC1, tag: IMAGING_1_0_RC1)
2012-04-16 17:02:40 +0000  (tag: sanselan-0.92-incubator)
2012-04-16 17:02:40 +0000  (tag: sanselan-0.93-incubator)
2012-04-16 17:02:40 +0000  (tag: sanselan-0.94-incubator)
2012-04-16 17:02:40 +0000  (tag: sanselan-0.95-incubator)
2012-04-16 17:02:40 +0000  (tag: sanselan-0.96-incubator)
2012-04-16 17:02:40 +0000  (tag: sanselan-0.97-incubator)
2007-10-06 05:00:16 +0000 