2022-06-29 23:54:57 -0400  (tag: rel/commons-configuration-2.8.0, tag: commons-configuration-2.8.0-RC3, origin/release)
2022-06-21 23:18:56 -0400  (tag: commons-configuration-2.8-RC2)
2022-06-20 23:02:50 -0400  (tag: commons-configuration-2.8-RC1)
2020-03-09 09:05:56 -0400  (tag: rel/commons-configuration-2.7, tag: commons-configuration-2.7-RC2)
2020-03-07 14:39:09 -0500  (tag: commons-configuration-2.7-RC1)
2019-09-13 20:54:00 -0400  (tag: rel/commons-configuration-2.6, tag: commons-configuration-2.6-RC1)
2019-05-23 20:58:33 -0400  (tag: commons-configuration-2.5-RC1, tag: commons-configuration-2.5)
2018-10-29 11:50:48 +0000  (tag: CONFIGURATION_2_4)
2018-10-24 01:31:57 +0000  (tag: CONFIGURATION_2_4_RC2)
2018-10-24 01:31:35 +0000  (origin/RELEASE_2_4_BRANCH)
2018-10-23 18:57:02 +0000  (tag: CONFIGURATION_2_4_RC1)
2018-08-08 19:43:38 +0000  (tag: CONFIGURATION_2_3)
2018-08-04 18:46:27 +0000  (tag: CONFIGURATION_2_3_RC2)
2018-07-28 15:01:09 +0000  (tag: CONFIGURATION_2_3_RC1)
2017-10-12 19:39:31 +0000  (tag: CONFIGURATION_2_2)
2017-10-08 19:46:42 +0000  (tag: CONFIGURATION_2_2_RC1)
2017-02-08 19:16:02 +0000  (tag: CONFIGURATION_2_1_1)
2017-02-05 13:40:24 +0000  (tag: CONFIGURATION_2_1_1_RC1)
2016-08-20 14:12:53 +0000  (tag: CONFIGURATION_2_1)
2016-08-10 20:11:51 +0000  (tag: CONFIGURATION_2_1_RC3)
2016-07-30 19:24:35 +0000  (tag: CONFIGURATION_2_1_RC2)
2016-07-24 19:55:30 +0000  (tag: CONFIGURATION_2_1_RC1)
2016-03-24 18:20:52 +0000  (tag: CONFIGURATION_2_0)
2016-03-20 20:54:36 +0000  (tag: CONFIGURATION_2_0_RC1)
2015-12-05 14:56:50 +0000  (tag: CONFIGURATION_2_0_beta2)
2015-11-30 21:01:10 +0000  (tag: CONFIGURATION_2_0_beta2_RC1)
2015-06-19 15:35:12 +0000  (tag: CONFIGURATION_2_0_beta1)
2015-06-14 19:23:49 +0000  (tag: CONFIGURATION_2_0_beta1_RC1)
2014-12-19 20:41:22 +0000  (tag: CONFIGURATION_2_0_alpha2)
2014-12-10 20:35:29 +0000  (tag: CONFIGURATION_2_0_alpha2_RC1)
2014-09-23 19:45:02 +0000  (tag: CONFIGURATION_2_0_alpha1)
2014-09-19 20:07:35 +0000  (tag: CONFIGURATION_2_0_alpha1_RC1)
2014-09-13 15:29:18 +0000  (origin/configuration2-alpha)
2014-04-20 19:26:41 +0000  (origin/immutableNodes)
2013-10-28 04:07:11 +0000  (tag: CONFIGURATION_1_10)
2013-10-24 08:18:54 +0000  (tag: CONFIGURATION_1_10RC2)
2013-10-22 09:40:40 +0000  (tag: CONFIGURATION_1_10RC1)
2012-08-22 18:20:12 +0000  (tag: CONFIGURATION_1_9)
2012-08-04 15:21:36 +0000  (tag: CONFIGURATION_1_9RC1)
2012-06-21 16:34:48 +0000  (tag: TEMP_TEST3)
2012-06-21 16:33:35 +0000  (tag: TEMP_TEST2)
2012-06-21 16:12:05 +0000  (tag: TEMP_TEST)
2012-06-19 20:11:15 +0000  (tag: CONFIGURATION_1_8)
2012-01-27 20:35:36 +0000  (tag: CONFIGURATION_1_8RC1)
2011-09-08 18:50:57 +0000  (tag: CONFIGURATION_1_7)
2011-09-04 19:11:33 +0000  (tag: CONFIGURATION_1_7RC3)
2011-08-30 18:49:32 +0000  (tag: CONFIGURATION_1_7RC2)
2011-08-27 19:31:09 +0000  (tag: CONFIGURATION_1_7RC1)
2008-12-25 12:55:46 +0000  (tag: CONFIGURATION_1_6)
2008-12-19 21:35:20 +0000  (tag: CONFIGURATION_1_6RC2)
2008-12-13 16:09:34 +0000  (tag: CONFIGURATION_1_6RC1)
2007-11-24 15:36:26 +0000  (tag: CONFIGURATION_1_5)
2007-11-14 21:11:34 +0000  (tag: CONFIGURATION_1_5RC3)
2007-11-10 15:37:58 +0000  (tag: CONFIGURATION_1_5RC2)
2007-11-01 14:52:42 +0000  (tag: CONFIGURATION_1_5RC1)
2007-07-29 03:42:34 +0000  (tag: CONFIGURATION_1_0)
2007-07-29 03:42:34 +0000  (tag: CONFIGURATION_1_0_RC1)
2007-07-29 03:42:34 +0000  (tag: CONFIGURATION_1_0_RC2)
2007-07-29 03:42:34 +0000  (tag: CONFIGURATION_1_1)
2007-07-29 03:42:34 +0000  (tag: CONFIGURATION_1_1RC1)
2007-07-29 03:42:34 +0000  (tag: CONFIGURATION_1_1RC2)
2007-07-29 03:42:34 +0000  (tag: CONFIGURATION_1_1RC3)
2007-07-29 03:42:34 +0000  (tag: CONFIGURATION_1_2)
2007-07-29 03:42:34 +0000  (tag: CONFIGURATION_1_2RC1)
2007-07-29 03:42:34 +0000  (tag: CONFIGURATION_1_2RC2)
2007-07-29 03:42:34 +0000  (tag: CONFIGURATION_1_2RC3)
2007-07-29 03:42:34 +0000  (tag: CONFIGURATION_1_3)
2007-07-29 03:42:34 +0000  (tag: CONFIGURATION_1_3RC1)
2007-07-29 03:42:34 +0000  (tag: CONFIGURATION_1_3RC2)
2007-07-29 03:42:34 +0000  (tag: CONFIGURATION_1_4)
2007-07-29 03:42:34 +0000  (tag: CONFIGURATION_1_4RC1)
2007-07-29 03:42:34 +0000  (tag: CONFIGURATION_1_4RC2)
2007-07-29 03:42:34 +0000  (tag: CONFIGURATION_1_4RC3)
2007-07-29 03:42:34 +0000  (tag: commons_promotion)