2016-03-17 11:18:13 -0400  (tag: MATH_3_6_1_RC1, tag: MATH_3_6_1)
2016-01-02 19:56:59 +0100  (tag: MATH_3_6_RC2, tag: MATH_3_6, origin/3.6-release)
2016-01-01 15:13:23 +0100  (tag: MATH_3_6_RC1)
2015-04-14 13:56:59 +0200  (tag: MATH_3_5_RC2, tag: MATH_3_5)
2015-04-12 19:04:59 +0200  (tag: MATH_3_5_RC1)
2015-01-08 17:47:33 +0100  (tag: MATH_3_4_1_RC1)
2014-12-23 10:28:44 +0100  (tag: MATH_3_4_RC3, tag: MATH_3_4)
2014-12-19 15:28:49 +0100  (tag: MATH_3_4_RC2)
2014-12-18 21:29:08 +0100  (tag: MATH_3_4_RC1)
2014-05-14 18:42:03 +0000  (tag: MATH_3_3)
2014-05-07 20:40:29 +0000  (tag: MATH_3_3_RC3)
2014-05-01 14:55:03 +0000  (tag: MATH_3_3_RC2)
2014-04-29 19:10:36 +0000  (tag: MATH_3_3_RC1)
2013-04-06 07:53:53 +0000  (tag: MATH_3_2)
2013-04-02 19:18:51 +0000  (tag: MATH_3_2_RC5)
2013-03-30 17:55:58 +0000  (tag: MATH_3_2_RC4)
2013-03-30 12:59:59 +0000  (tag: MATH_3_2_RC3)
2013-03-29 16:18:41 +0000  (tag: MATH_3_2_RC2)
2013-03-29 15:59:10 +0000  (tag: MATH_3_2_RC1)
2013-01-13 00:07:24 +0000  (tag: MATH_3_1_1)
2013-01-09 16:10:17 +0000  (tag: MATH_3_1_1_RC1)
2012-12-23 18:09:22 +0000  (tag: MATH_3_1)
2012-12-20 01:08:36 +0000  (tag: MATH_3_1_RC5)
2012-12-18 22:13:32 +0000  (tag: MATH_3_1_RC4)
2012-12-18 18:16:06 +0000  (tag: MATH_3_1_RC3)
2012-12-16 15:06:49 +0000  (tag: MATH_3_1_RC2)
2012-12-16 00:55:36 +0000  (tag: MATH_3_1_RC1)
2012-06-20 16:08:10 +0000  (tag: MATH_3_0)
2012-03-04 18:41:19 +0000  (tag: MATH_3_0_RC3)
2012-03-04 00:52:35 +0000  (tag: MATH_3_0_RC2)
2012-03-01 23:21:39 +0000  (tag: MATH_3_0_RC1)
2012-03-01 11:43:07 +0000  (tag: trunk_tmp_2012-03-01)
2011-03-20 11:54:15 +0000  (tag: MATH_2_2)
2011-02-26 18:12:22 +0000  (tag: MATH_2_2_RC6)
2011-02-25 09:15:26 +0000  (tag: MATH_2_2_RC5)
2011-02-24 21:32:28 +0000  (tag: MATH_2_2_RC4)
2011-02-23 10:40:28 +0000  (tag: MATH_2_2_RC3)
2011-02-20 14:50:30 +0000  (tag: MATH_2_2_RC2)
2011-02-20 11:27:16 +0000  (tag: MATH_2_2_RC1)
2010-03-31 11:01:39 +0000  (tag: MATH_2_1)
2010-03-28 00:22:00 +0000  (tag: MATH_2_1_RC3)
2010-03-26 00:37:00 +0000  (tag: MATH_2_1_RC2)
2010-03-24 00:01:23 +0000  (tag: MATH_2_1_RC1)
2010-02-13 15:18:38 +0000  (tag: MATH_2_0)
2009-08-02 17:49:59 +0000  (tag: MATH_2_0_RC4)
2009-07-30 22:22:05 +0000  (tag: MATH_2_0_RC3)
2009-07-30 01:22:23 +0000  (tag: MATH_2_0_RC2)
2009-07-25 20:59:13 +0000  (tag: MATH_2_0_RC1)
2008-12-01 01:34:56 +0000  (origin/MATH_2_0)
2008-02-24 05:56:08 +0000  (tag: MATH_1_2)
2008-02-19 02:15:17 +0000  (tag: MATH_1_2_RC3)
2008-02-17 05:40:12 +0000  (tag: MATH_1_2_RC2)
2008-02-11 05:15:30 +0000  (tag: MATH_1_2_RC1)
2007-07-29 03:42:34 +0000  (tag: MATH_1_0)
2007-07-29 03:42:34 +0000  (tag: MATH_1_0_RC1)
2007-07-29 03:42:34 +0000  (tag: MATH_1_0_RC2)
2007-07-29 03:42:34 +0000  (tag: MATH_1_1)
2007-07-29 03:42:34 +0000  (tag: MATH_1_1_RC1)
2007-07-29 03:42:34 +0000  (tag: MATH_1_1_RC2)
2007-07-29 03:42:34 +0000  (tag: MATH_1_1_RC3)
2007-07-29 03:42:34 +0000  (tag: MATH_1_1_RC4)
2007-07-29 03:42:34 +0000  (tag: MATH_1_1_RC5)