2018-12-24 02:03:22 -0500  (tag: commons-fileupload-1.4-RC2, tag: commons-fileupload-1.4)
2018-12-23 22:12:30 -0500  (tag: commons-fileupload-1.4-RC1)
2017-06-03 13:10:45 -0400  (origin/b1_4)
2017-06-09 18:24:57 -0400  (tag: commons-fileupload-1.3.3-RC6, tag: commons-fileupload-1.3.3)
2017-06-06 12:18:26 -0400  (tag: commons-fileupload-1.3.3-RC5)
2016-12-04 14:08:32 +0100  (tag: commons-fileupload-1.3.3-RC4)
2016-12-03 14:51:46 +0100  (tag: commons-fileupload-1.3.3-RC3)
2016-12-03 14:40:50 +0100  (tag: commons-fileupload-1.3.3-RC2)
2016-12-03 14:12:22 +0100  (tag: commons-fileupload-1.3.3-RC1)
2016-05-26 19:43:05 +0000  (tag: FILEUPLOAD_1_3_2)
2016-05-23 14:44:14 +0000  (tag: FILEUPLOAD_1_3_2_RC1)
2016-05-24 07:32:56 +0000  (tag: commons-fileupload-1.3.2RC1)
2016-05-24 07:09:36 +0000  (tag: commons-fileupload-1.3.2)
2016-01-28 09:11:39 +0000  (origin/FILEUPLOAD_1_3_1)
2014-02-07 15:07:48 +0000  (tag: FILEUPLOAD_1_3_1)
2014-02-06 17:01:34 +0000  (tag: FILEUPLOAD_1_3_1_RC1)
2013-03-27 16:51:43 +0000  (tag: FILEUPLOAD_1_3)
2013-03-24 12:36:06 +0000  (tag: FILEUPLOAD_1_3_RC2)
2013-03-09 13:04:50 +0000  (tag: FILEUPLOAD_1_3_RC1)
2010-07-14 21:27:22 +0000  (tag: commons-fileupload-1.2.2)
2008-02-16 21:27:34 +0000  (tag: commons-fileupload-1.2.1)
2008-01-18 21:37:14 +0000  (tag: commons-fileupload-1.2.1rc4)
2008-01-10 01:48:06 +0000  (tag: commons-fileupload-1.2.1rc3)
2008-01-01 19:59:02 +0000  (tag: commons-fileupload-1.2.1rc2)
2008-01-01 19:38:18 +0000  (tag: commons-fileupload-1.2.1rc1)
2007-07-29 03:42:34 +0000  (tag: FILEUPLOAD_1_0)
2007-07-29 03:42:34 +0000  (tag: FILEUPLOAD_1_0_B1)
2007-07-29 03:42:34 +0000  (tag: FILEUPLOAD_1_0_RC1)
2007-07-29 03:42:34 +0000  (tag: FILEUPLOAD_1_1)
2007-07-29 03:42:34 +0000  (tag: FILEUPLOAD_1_1_1)
2007-07-29 03:42:34 +0000  (tag: FILEUPLOAD_1_1_1_RC1)
2007-07-29 03:42:34 +0000  (tag: FILEUPLOAD_1_1_RC1)
2007-07-29 03:42:34 +0000  (tag: FILEUPLOAD_1_1_RC2)
2007-07-29 03:42:34 +0000  (tag: STRUTS_1_1_B2)
2007-07-29 03:42:34 +0000  (tag: STRUTS_1_1_B3)
2007-07-29 03:42:34 +0000  (tag: STRUTS_1_1_RC1)
2007-07-29 03:42:34 +0000  (tag: commons-fileupload-1.2)
2007-07-29 03:42:34 +0000  (tag: commons-fileupload-1.2rc2)
2007-07-29 03:42:34 +0000  (tag: commons-fileupload-1.2rc3)
2007-07-29 03:42:34 +0000  (tag: commons-fileupload-1.2rc4)