2021-02-13 10:01:35 -0500  (tag: rel/commons-net-3.8.0, tag: commons-net-3.8.0-RC1)
2020-10-14 11:44:24 -0400  (tag: rel/commons-net-3.7.2, tag: commons-net-3.7.2-RC1)
2020-09-29 23:58:26 -0400  (tag: rel/commons-net-3.7.1, tag: commons-net-3.7.1-RC2)
2020-09-29 12:54:32 -0400  (tag: commons-net-3.7.1-RC1)
2020-08-01 20:08:45 +0100  (tag: NET_3_7_RC2, tag: NET_3_7, origin/NET_3_7)
2017-02-14 23:59:38 +0000  (tag: NET_3_6)
2017-02-11 14:29:55 +0000  (tag: NET_3_6_RC1)
2016-05-05 00:18:18 +0000  (tag: NET_3_5)
2016-05-01 22:31:37 +0000  (tag: NET_3_5_RC3)
2016-05-01 21:27:10 +0000  (tag: NET_3_5_RC2)
2016-04-15 20:05:39 +0000  (tag: NET_3_5_RC1)
2015-11-25 17:46:49 +0000  (tag: NET_3_4)
2015-11-22 15:54:44 +0000  (tag: NET_3_4_RC2)
2015-11-19 10:35:37 +0000  (tag: NET_3_4_RC1)
2013-06-11 16:30:24 +0000  (tag: NET_3_3)
2013-06-07 22:13:17 +0000  (tag: NET_3_3_RC1)
2012-12-01 22:29:22 +0000  (tag: NET_3_2)
2012-11-26 17:09:34 +0000  (tag: NET_3_2_RC1)
2012-11-26 13:11:11 +0000  (tag: NET_3_1_RC1)
2012-02-21 00:53:46 +0000  (tag: NET_3_1)
2012-02-14 16:18:29 +0000  (tag: NET_3_1_RC2)
2011-06-07 09:59:16 +0000  (tag: NET_3_0_1)
2011-06-02 14:58:33 +0000  (tag: NET_3_0_1RC3)
2011-06-01 00:07:34 +0000  (tag: NET_3_0_1RC2)
2011-05-31 23:30:45 +0000  (tag: NET_3_0_1RC1)
2011-05-14 00:24:26 +0000  (tag: NET_3_0)
2011-05-10 13:21:51 +0000  (tag: NET_3_0_RC1)
2011-05-09 22:40:28 +0000  (tag: NET_3_0_RC5)
2011-04-25 22:23:53 +0000  (tag: NET_3_0_RC4)
2011-04-21 14:04:05 +0000  (tag: NET_3_0_RC3)
2011-04-08 21:10:14 +0000  (tag: NET_3_0_RC2)
2011-04-06 20:18:05 +0000  (tag: commons-net-3.0-RC1)
2011-02-24 01:59:07 +0000  (tag: NET_2_2)
2010-11-16 23:54:09 +0000  (tag: NET_2_2_RC3)
2010-11-16 22:05:11 +0000  (tag: NET_2_2_RC2)
2010-11-13 01:05:08 +0000  (tag: NET_2_2_RC1)
2010-11-11 22:19:06 +0000  (tag: commons-net-2.2RC1)
2010-07-12 17:22:13 +0000  (origin/NET_2_0)
2010-07-14 09:54:58 +0000  (tag: NET_2_1_r924745)
2010-03-18 12:27:10 +0000  (tag: commons-net-2.1)
2010-03-21 04:14:16 +0000  (tag: NET_2_1_RC_6)
2010-03-20 05:07:59 +0000  (tag: NET_2_1_RC_5)
2010-03-18 10:49:43 +0000  (tag: commons-net-2.1-rc4)
2010-03-14 08:21:05 +0000  (tag: NET_2_1_RC_4)
2009-11-08 23:20:14 +0000  (tag: NET_2_1_RC_3)
2009-11-08 23:18:17 +0000  (tag: NET_2_1_RC_2)
2009-07-21 06:36:10 +0000  (tag: NET_1_5_0_RC4)
2009-07-20 23:00:29 +0000  (tag: NET_2_1_RC1)
2009-07-20 22:57:50 +0000  (tag: NET_1_5_0_RC3)
2008-10-28 00:20:04 +0000  (tag: NET_1_5_0_RC2)
2008-10-22 22:56:32 +0000  (tag: NET_1_5_0_RC1)
2008-10-11 17:07:39 +0000  (tag: NET_2_0_RC_5)
2008-10-05 23:01:29 +0000  (tag: NET_2_0_RC_4)
2008-09-28 11:20:47 +0000  (tag: NET_2_0)
2008-04-06 20:33:13 +0000  (tag: NET_2_0_RC_3)
2008-03-09 01:22:21 +0000  (tag: NET_2_0_RC3)
2008-03-04 07:42:32 +0000  (tag: NET_2_0_RC2)
2008-03-02 20:32:23 +0000  (tag: NET_1_5_0)
2007-07-29 03:42:34 +0000  (tag: NET_1_0_0)
2007-07-29 03:42:34 +0000  (tag: NET_1_1_0)
2007-07-29 03:42:34 +0000  (tag: NET_1_1_0_rc1)
2007-07-29 03:42:34 +0000  (tag: NET_1_1_1)
2007-07-29 03:42:34 +0000  (tag: NET_1_2_0)
2007-07-29 03:42:34 +0000  (tag: NET_1_2_0_RC1)
2007-07-29 03:42:34 +0000  (tag: NET_1_2_0_TEMP)
2007-07-29 03:42:34 +0000  (tag: NET_1_2_1)
2007-07-29 03:42:34 +0000  (tag: NET_1_2_2)
2007-07-29 03:42:34 +0000  (tag: NET_1_3_0)
2007-07-29 03:42:34 +0000  (tag: NET_1_4_0)
2007-07-29 03:42:34 +0000  (tag: v1-3-8)