2014-07-09 20:30:08 +0000  (tag: LOGGING_1_2)
2014-07-05 18:11:22 +0000  (tag: LOGGING_1_2_RC2)
2014-06-27 18:40:18 +0000  (tag: LOGGING_1_2_RC1)
2013-05-20 17:24:47 +0000  (tag: LOGGING_1_1_3)
2013-05-16 20:03:52 +0000  (tag: LOGGING_1_1_3_RC2)
2013-05-02 18:14:18 +0000  (tag: LOGGING_1_1_3_RC1)
2013-04-07 18:05:48 +0000  (tag: LOGGING_1_1_2)
2013-03-16 12:49:44 +0000  (tag: LOGGING_1_1_2_RC2)
2013-03-05 20:16:48 +0000  (tag: LOGGING_1_1_2_RC1)
2007-11-21 23:24:24 +0000  (tag: commons-logging-1.1.1)
2007-07-29 03:42:34 +0000  (tag: 2005-01-20)
2007-07-29 03:42:34 +0000  (tag: LOGGING_1_0)
2007-07-29 03:42:34 +0000  (tag: LOGGING_1_0_1)
2007-07-29 03:42:34 +0000  (tag: LOGGING_1_0_2)
2007-07-29 03:42:34 +0000  (tag: LOGGING_1_0_3)
2007-07-29 03:42:34 +0000  (tag: LOGGING_1_0_3_RC1)
2007-07-29 03:42:34 +0000  (tag: LOGGING_1_0_4)
2007-07-29 03:42:34 +0000  (tag: LOGGING_1_0_4_RC1)
2007-07-29 03:42:34 +0000  (tag: LOGGING_1_0_4_RC2)
2007-07-29 03:42:34 +0000  (tag: LOGGING_1_0_5_ALPHA1)
2007-07-29 03:42:34 +0000  (tag: LOGGING_1_0_5_RC1)
2007-07-29 03:42:34 +0000  (tag: LOGGING_1_1_0)
2007-07-29 03:42:34 +0000  (tag: LOGGING_1_1_0_RC1)
2007-07-29 03:42:34 +0000  (tag: LOGGING_1_1_0_RC10)
2007-07-29 03:42:34 +0000  (tag: LOGGING_1_1_0_RC11)
2007-07-29 03:42:34 +0000  (tag: LOGGING_1_1_0_RC2)
2007-07-29 03:42:34 +0000  (tag: LOGGING_1_1_0_RC3)
2007-07-29 03:42:34 +0000  (tag: LOGGING_1_1_0_RC4)
2007-07-29 03:42:34 +0000  (tag: LOGGING_1_1_0_RC5)
2007-07-29 03:42:34 +0000  (tag: LOGGING_1_1_0_RC6)
2007-07-29 03:42:34 +0000  (tag: LOGGING_1_1_0_RC7)
2007-07-29 03:42:34 +0000  (tag: LOGGING_1_1_0_RC8)
2007-07-29 03:42:34 +0000  (tag: LOGGING_1_1_0_RC9)
2007-07-29 03:42:34 +0000  (tag: STRUTS_1_1_B2)
2007-07-29 03:42:34 +0000  (tag: STRUTS_1_1_B3)
2007-07-29 03:42:34 +0000  (tag: STRUTS_1_1_RC1)
2007-07-29 03:42:34 +0000  (tag: before_clean_up)
2007-07-29 03:42:34 +0000  (tag: jwsdp_101_01)
2007-07-29 03:42:34 +0000  (tag: jwsdp_10_ea2_01)
2007-07-29 03:42:34 +0000  (tag: jwsdp_10_ea2_02)
2007-07-29 03:42:34 +0000  (tag: jwsp_10_01)