2017-09-25 11:56:50 +0000  (tag: commons-jelly-1.0.1)
2017-09-20 11:09:08 +0000  (tag: commons-jelly-1.0.1-RC6)
2017-09-08 15:42:19 +0000  (tag: commons-jelly-1.0.1-RC5)
2017-09-06 10:57:47 +0000  (tag: commons-jelly-1.0.1-RC4)
2017-09-02 01:36:39 +0000  (tag: commons-jelly-1.0.1-RC3)
2017-08-28 12:07:11 +0000  (tag: commons-jelly-1.0.1-RC2)
2017-08-28 11:41:13 +0000  (tag: commons-jelly-1.0.1-RC1)
2007-07-29 03:42:34 +0000  (tag: commons-jelly-1.0)
2007-07-29 03:42:34 +0000  (tag: COMMONS-JELLY-1_0-beta-4)
2007-07-29 03:42:34 +0000  (tag: COMMONS-JELLY-ANTLR-1_0)
2007-07-29 03:42:34 +0000  (tag: COMMONS-JELLY-AVALON-1_0)
2007-07-29 03:42:34 +0000  (tag: COMMONS-JELLY-BEAN-1_0)
2007-07-29 03:42:34 +0000  (tag: COMMONS-JELLY-BEANSHELL-1_0)
2007-07-29 03:42:34 +0000  (tag: COMMONS-JELLY-DEFINE-1_0)
2007-07-29 03:42:34 +0000  (tag: COMMONS-JELLY-HTML-1_0)
2007-07-29 03:42:34 +0000  (tag: COMMONS-JELLY-HTTP-1_0)
2007-07-29 03:42:34 +0000  (tag: COMMONS-JELLY-INTERACTION-1_0)
2007-07-29 03:42:34 +0000  (tag: COMMONS-JELLY-INTERACTION-1_1)
2003-01-08 04:28:15 +0000 
2007-07-29 03:42:34 +0000  (tag: COMMONS-JELLY-JAXME-1_0)
2007-07-29 03:42:34 +0000  (tag: COMMONS-JELLY-JETTY-1_0)
2007-07-29 03:42:34 +0000  (tag: COMMONS-JELLY-JFACE-1_0)
2007-07-29 03:42:34 +0000  (tag: COMMONS-JELLY-JMS-1_0)
2007-07-29 03:42:34 +0000  (tag: COMMONS-JELLY-JMX-1_0)
2007-07-29 03:42:34 +0000  (tag: COMMONS-JELLY-LOG-1_0)
2007-07-29 03:42:34 +0000  (tag: COMMONS-JELLY-OJB-1_0)
2007-07-29 03:42:34 +0000  (tag: COMMONS-JELLY-QUARTZ-1_0)
2007-07-29 03:42:34 +0000  (tag: COMMONS-JELLY-REGEXP-1_0)
2007-07-29 03:42:34 +0000  (tag: COMMONS-JELLY-SOAP-1_0)
2007-07-29 03:42:34 +0000  (tag: COMMONS-JELLY-SQL-1_0)
2007-07-29 03:42:34 +0000  (tag: COMMONS-JELLY-SWING-1_0)
2007-07-29 03:42:34 +0000  (tag: COMMONS-JELLY-SWT-1_0)
2007-07-29 03:42:34 +0000  (tag: COMMONS-JELLY-THREADS-1_0)
2007-07-29 03:42:34 +0000  (tag: COMMONS-JELLY-UTIL-1_1)
2007-07-29 03:42:34 +0000  (tag: COMMONS-JELLY-VALIDATE-1_0)
2007-07-29 03:42:34 +0000  (tag: COMMONS-JELLY-XMLUNIT-1_0)
2007-07-29 03:42:34 +0000  (tag: COMMONS_JELLY-1_0_RC1)
2007-07-29 03:42:34 +0000  (tag: COMMONS_JELLY_ANT-1_0)
2007-07-29 03:42:34 +0000  (tag: COMMONS_JELLY_ANTLR-1_0)
2007-07-29 03:42:34 +0000  (tag: COMMONS_JELLY_BEAN-1_0)
2007-07-29 03:42:34 +0000  (tag: COMMONS_JELLY_BEANSHELL-1_0)
2007-07-29 03:42:34 +0000  (tag: COMMONS_JELLY_BETWIXT-1_0)
2007-07-29 03:42:34 +0000  (tag: COMMONS_JELLY_BSF-1_0)
2007-07-29 03:42:34 +0000  (tag: COMMONS_JELLY_DYNABEAN-1_0)
2007-07-29 03:42:34 +0000  (tag: COMMONS_JELLY_EMAIL-1_0)
2007-07-29 03:42:34 +0000  (tag: COMMONS_JELLY_FMT-1_0)
2007-07-29 03:42:34 +0000  (tag: COMMONS_JELLY_JSL-1_0)
2007-07-29 03:42:34 +0000  (tag: COMMONS_JELLY_JUNIT-1_0)
2007-07-29 03:42:34 +0000  (tag: COMMONS_JELLY_LOG-1_0)
2007-07-29 03:42:34 +0000  (tag: COMMONS_JELLY_UTIL-1_0)
2007-07-29 03:42:34 +0000  (tag: COMMONS_JELLY_UTIL-1_1_1)
2007-07-29 03:42:34 +0000  (tag: COMMONS_JELLY_VELOCITY-1_0)
2007-07-29 03:42:34 +0000  (tag: COMMONS_JELLY_XML-1_0)
2007-07-29 03:42:34 +0000  (tag: INIT)
2007-07-29 03:42:34 +0000  (tag: JELLY_PRE_EXCEPTION_REFACTOR)
2007-07-29 03:42:34 +0000  (tag: commons-jelly-1.0-RC2)
2007-07-29 03:42:34 +0000  (tag: commons-jelly-1.0-rc3)
2007-07-29 03:42:34 +0000  (tag: commons-jelly-1.0-rc4)
2007-07-29 03:42:34 +0000  (tag: commons-jelly-tags-ant-1.1)
2002-05-15 06:25:50 +0000 
2007-07-29 03:42:34 +0000  (tag: commons-jelly-tags-xml-1.1)
2003-01-15 23:46:46 +0000 