2019-07-05 13:58:03 -0400  (tag: commons-commons-collections-4.4, tag: commons-collections-4.4-RC1)
2018-12-26 20:04:11 +0700  (tag: collections-4.3-RC2, tag: collections-4.3)
2018-12-18 21:53:01 +0700  (tag: collections-4.3-RC1)
2018-07-07 18:18:18 -0600  (tag: commons-collections-4.2-RC1, tag: commons-collections-4.2)
2015-11-27 21:53:17 +0000  (tag: collections-4.1)
2015-11-25 21:52:13 +0000  (tag: collections-4.1-RC2)
2015-11-22 21:38:37 +0000  (tag: collections-4.1-RC1)
2015-11-14 13:42:27 +0000  (tag: collections-3.2.2)
2015-11-12 22:25:00 +0000  (tag: collections-3.2.2-RC3)
2015-11-11 15:46:25 +0000  (tag: collections-3.2.2-RC2)
2015-11-09 22:03:55 +0000  (tag: collections-3.2.2-RC1)
2011-12-07 17:49:32 +0000  (tag: collections-3.2.1)
2008-04-11 14:32:00 +0000  (tag: collections-3.2.1-RC1)
2007-07-29 03:42:34 +0000  (tag: collections-3.2)
2013-11-24 12:41:10 +0000  (tag: collections-4.0)
2013-11-20 22:43:56 +0000  (tag: collections-4.0-RC5)
2013-11-17 18:48:05 +0000  (tag: collections-4.0-RC4)
2013-11-11 20:45:38 +0000  (tag: collections-4.0-RC3)
2013-11-08 09:26:59 +0000  (tag: collections-4.0-RC2)
2013-11-05 12:26:23 +0000  (tag: collections-4.0-RC1)
2013-09-09 14:14:10 +0000  (tag: collections-4.0-alpha1)
2013-06-30 21:26:42 +0000  (tag: collections-4.0-alpha1-RC2)
2013-06-23 18:56:43 +0000  (tag: collections-4.0-alpha1-RC1)
2009-09-15 06:11:12 +0000  (tag: pre-generics-merge)
2009-05-21 07:58:02 +0000  (tag: collections-3.3-RC1)
2009-05-21 07:41:29 +0000  (tag: collections-3.3)
2007-07-29 03:42:34 +0000  (tag: collections-0-01)
2007-07-29 03:42:34 +0000  (tag: collections-0-02)
2007-07-29 03:42:34 +0000  (tag: collections-1.0)
2007-07-29 03:42:34 +0000  (tag: collections-2.0)
2007-07-29 03:42:34 +0000  (tag: collections-2.1)
2007-07-29 03:42:34 +0000  (tag: collections-2.1-RC1)
2007-07-29 03:42:34 +0000  (tag: collections-2.1-RC2)
2007-07-29 03:42:34 +0000  (tag: collections-2.1.1)
2007-07-29 03:42:34 +0000  (tag: collections-3.0)
2007-07-29 03:42:34 +0000  (tag: collections-3.0-RC1)
2007-07-29 03:42:34 +0000  (tag: collections-3.1)
2007-07-29 03:42:34 +0000  (tag: collections-snapshot-20040102)
2007-07-29 03:42:34 +0000  (tag: jwsdp_10_ea2_01)
2007-07-29 03:42:34 +0000  (tag: post-apache-license-2.0)
2007-07-29 03:42:34 +0000  (tag: pre-generics)
2007-07-29 03:42:34 +0000  (tag: primitives-created)
2007-07-29 03:42:34 +0000  (tag: start)
2007-07-29 03:42:34 +0000  (tag: struts-1.1-B2)
2007-07-29 03:42:34 +0000  (tag: struts-1.1-B3)
2007-07-29 03:42:34 +0000  (tag: struts-1.1-RC1)