2021-07-24 11:37:51 -0400  (tag: rel/commons-csv-1.9.0, tag: commons-csv-1.9.0-RC1)
2020-02-01 20:04:04 -0500  (tag: rel/commons-csv-1.8, tag: commons-csv-1.8-RC2)
2020-01-18 11:55:06 -0500  (tag: commons-csv-1.8-RC1)
2019-06-01 20:09:24 -0400  (tag: rel/commons-csv-1.7, tag: commons-csv-1.7-RC1)
2018-09-19 13:45:44 +0200  (tag: rel/commons-csv-1.6, tag: csv-1.6-RC1)
2017-08-27 10:51:00 +1200  (tag: rel/commons-csv-1.5, tag: csv-1.5-RC1)
2016-05-29 02:12:57 +0000  (tag: rel/commons-csv-1.4)
2016-05-25 02:46:57 +0000  (tag: csv-1.4-RC2)
2016-05-23 04:13:13 +0000  (tag: csv-1.4-RC1)
2016-05-09 17:15:12 +0000  (tag: rel/commons-csv-1.3)
2016-05-06 07:15:04 +0000  (tag: csv-1.3-RC1)
2015-08-25 06:10:02 +0000  (tag: rel/commons-csv-1.2)
2015-08-21 19:51:31 +0000  (tag: csv-1.2-RC2)
2015-08-20 08:44:16 +0000  (tag: csv-1.2-RC1)
2014-11-27 12:42:55 +0000  (tag: rel/commons-csv-1.1)
2014-11-26 13:20:37 +0000  (tag: 1.1)
2014-11-16 20:47:13 +0000  (tag: 1.1-RC1)
2014-08-14 19:00:19 +0000  (tag: rel/commons-csv-1.0)
2014-08-10 11:43:49 +0000  (tag: CSV_1.0_RC3)
2014-07-15 18:15:07 +0000  (tag: CSV_1.0_RC2)
2014-07-11 19:30:32 +0000  (tag: CSV_1.0_RC1)
2005-12-17 05:41:27 +0000 