2021-10-23 17:41:15 -0400  (tag: commons-cli-1.5.0-RC1, tag: commons-cli-1.5.0)
2017-03-13 09:44:19 +0000  (tag: cli-1.4)
2017-03-09 12:58:33 +0000  (tag: cli-1.4-RC1)
2015-06-17 19:09:27 +0000  (tag: cli-1.3.1)
2015-06-14 10:04:29 +0000  (tag: cli-1.3.1-RC1)
2015-05-09 18:00:48 +0000  (tag: cli-1.3)
2015-05-03 14:52:00 +0000  (tag: cli-1.3-RC1)
2009-03-20 06:27:40 +0000  (origin/cli-1.x)
2010-06-19 19:41:47 +0000  (tag: cli-1.2)
2009-03-16 07:29:40 +0000  (tag: cli-1.2-RC7)
2009-03-11 02:28:29 +0000  (tag: cli-1.2-RC6)
2009-03-08 00:40:35 +0000  (tag: cli-1.2-RC5)
2009-03-04 07:29:43 +0000  (tag: cli-1.2-RC4)
2009-02-27 09:42:53 +0000  (tag: cli-1.2-RC3)
2009-02-08 20:40:08 +0000  (tag: cli-1.2-RC2)
2009-02-06 07:41:12 +0000  (tag: cli-1.2-RC1)
2007-07-29 03:42:34 +0000  (tag: CLI_1_0)
2007-07-29 03:42:34 +0000  (tag: CLI_1_0_BETA_1)
2007-07-29 03:42:34 +0000  (tag: cli-1.1)
2007-07-29 03:42:34 +0000  (tag: cli-1.1-RC1)
2007-07-29 03:42:34 +0000  (tag: cli-1.1-RC2)
2007-07-29 03:42:34 +0000  (tag: cli-1.1-RC3)