2021-09-08 10:24:30 +0100  (tag: rel/commons-rng-1.4, tag: RNG_1_4_RC3, origin/1.4-release)
2021-09-06 10:32:07 +0100  (tag: RNG_1_4_RC2)
2021-09-02 17:51:03 +0100  (tag: RNG_1_4_RC1)
2019-11-05 12:55:36 +0000  (tag: RNG_1_3_RC1, tag: RNG_1_3, origin/1.3-release)
2018-12-06 17:26:40 +0100  (tag: RNG_1_2_RC2, tag: RNG_1_2, origin/1.2-release)
2018-12-03 00:37:05 +0100  (tag: RNG_1_2_RC1)
2018-08-10 21:00:42 -0400  (tag: RNG_1_1_RC7, tag: RNG_1_1, origin/1.1)
2018-08-07 08:14:07 -0400  (tag: RNG_1_1_RC6)
2018-08-01 12:02:41 -0400  (tag: RNG_1_1_RC5)
2018-07-31 10:36:41 -0400  (tag: RNG_1_1_RC4)
2018-07-24 21:03:46 -0400  (tag: RNG_1_1_RC3)
2018-07-19 11:32:37 -0400  (tag: RNG_1_1_RC2)
2018-07-18 08:49:20 -0400  (tag: RNG_1_1_RC1)
2016-12-06 23:04:07 +0100  (tag: RNG_1_0_RC6, tag: RNG_1_0, origin/1.0-release)
2016-11-29 21:00:19 +0100  (tag: RNG_1_0_RC5)
2016-11-29 11:15:36 +0100  (tag: RNG_1_0_RC4)
2016-11-29 00:51:17 +0100  (tag: RNG_1_0_RC3)
2016-09-17 00:37:42 +0200  (tag: RNG_1_0_RC2)
2016-09-10 16:26:54 +0200  (tag: RNG_1_0_RC1)
2016-08-07 23:44:22 +0200 