2020-06-05 17:41:21 -0400  (tag: rel/commons-bcel-6.5.0, tag: commons-bcel-6.5.0-RC1)
2019-09-26 12:30:08 -0400  (tag: rel/commons-bcel-6.4.1, tag: commons-bcel-6.4.1-RC1)
2019-09-20 15:08:21 -0400  (tag: rel/commons-bcel-6.4.0, tag: commons-bcel-6.4.0-RC2)
2019-09-08 17:42:31 -0400  (tag: commons-bcel-6.4.0-RC1)
2019-03-22 10:36:01 -0400  (tag: commons-bcel-6.3.1)
2019-03-20 21:47:09 -0400  (tag: commons-bcel-6.3.1-RC1)
2019-01-28 12:45:43 +0000  (tag: BCEL_6_3)
2019-01-24 16:03:51 +0000  (tag: BCEL_6_3_RC1)
2017-12-08 19:13:53 +0000  (tag: BCEL_6_2)
2017-11-30 21:37:11 +0000  (tag: BCEL_6_2_RC1)
2017-09-18 08:48:36 +0000  (tag: BCEL_6_1)
2017-09-14 19:52:20 +0000  (tag: BCEL_6_1_RC1)
2016-07-14 11:32:57 +0000  (tag: BCEL_6_0)
2016-07-10 20:42:37 +0000  (tag: BCEL_6_0_RC8)
2016-07-02 16:51:42 +0000  (tag: BCEL_6_0_RC7)
2016-06-20 19:03:19 +0000  (tag: BCEL_6_0_RC6)
2016-06-18 14:15:54 +0000  (tag: BCEL_6_0_RC5)
2015-08-10 00:20:23 +0000  (tag: BCEL_6_0_RC4)
2014-09-27 07:10:03 +0000  (tag: BCEL_6_0_RC3)
2014-09-26 20:31:19 +0000  (tag: BCEL_6_0_RC2)
2014-08-30 21:58:15 +0000  (tag: BCEL_6_0_RC1)
2011-07-22 09:26:16 +0000  (tag: BCEL_5_0)
2011-07-22 09:26:16 +0000  (tag: BCEL_5_1)
2011-07-22 09:26:16 +0000  (tag: BCEL_5_2)
2011-07-22 09:26:16 +0000  (tag: initial)