2019-07-28 18:12:17 -0400  (tag: commons-beanutils-1.9.4-RC2, tag: commons-beanutils-1.9.4)
2019-07-22 23:00:52 -0400  (tag: commons-beanutils-1.9.4-RC1)
2016-09-25 14:56:44 +0000  (tag: BEANUTILS_1_9_3)
2016-09-21 16:19:14 +0000  (tag: BEANUTILS_1_9_3_RC3)
2016-09-14 13:10:04 +0000  (tag: BEANUTILS_1_9_3_RC2)
2016-09-14 12:44:46 +0000  (tag: BEANUTILS_1_9_3_RC1)
2016-06-02 23:16:48 +0000  (tag: beanutils-1.9.3-RC1)
2014-05-29 19:52:49 +0000  (tag: BEANUTILS_1_9_2)
2014-05-25 17:22:20 +0000  (tag: BEANUTILS_1_9_2_RC1)
2014-01-11 16:11:26 +0000  (tag: BEANUTILS_1_9_1)
2014-01-06 18:08:54 +0000  (tag: BEANUTILS_1_9_1_RC1)
2013-12-11 20:18:27 +0000  (tag: BEANUTILS_1_9_0)
2013-12-07 15:24:32 +0000  (tag: BEANUTILS_1_9_0_RC1)
2013-11-08 21:02:58 +0000  (origin/java5)
2010-03-28 20:21:54 +0000  (tag: BEANUTILS_1_8_3)
2010-03-24 17:02:52 +0000  (tag: BEANUTILS_1_8_3_RC1)
2009-11-12 22:42:51 +0000  (tag: BEANUTILS_1_8_2)
2009-11-09 13:55:53 +0000  (tag: BEANUTILS_1_8_2_RC1)
2009-10-27 13:20:35 +0000  (tag: BEANUTILS_1_8_1)
2009-10-16 20:11:28 +0000  (tag: BEANUTILS_1_8_1_RC2)
2009-10-08 13:27:22 +0000  (tag: BEANUTILS_1_8_1_RC1)
2008-08-31 15:52:16 +0000  (tag: BEANUTILS_1_8_0)
2008-08-28 14:44:19 +0000  (tag: BEANUTILS_1_8_0_RC3)
2008-08-20 03:47:25 +0000  (tag: BEANUTILS_1_8_0_RC2)
2008-04-22 00:57:52 +0000  (tag: BEANUTILS_1_8_0_RC1)
2007-08-01 04:47:33 +0000  (tag: BEANUTILS_1_8_0_BETA)
2007-07-29 03:42:34 +0000  (tag: BEANUTILS_1_0)
2007-07-29 03:42:34 +0000  (tag: BEANUTILS_1_1)
2007-07-29 03:42:34 +0000  (tag: BEANUTILS_1_2)
2007-07-29 03:42:34 +0000  (tag: BEANUTILS_1_3)
2007-07-29 03:42:34 +0000  (tag: BEANUTILS_1_4)
2007-07-29 03:42:34 +0000  (tag: BEANUTILS_1_4_1)
2007-07-29 03:42:34 +0000  (tag: BEANUTILS_1_5)
2007-07-29 03:42:34 +0000  (tag: BEANUTILS_1_6)
2007-07-29 03:42:34 +0000  (tag: BEANUTILS_1_6_1)
2007-07-29 03:42:34 +0000  (tag: BEANUTILS_1_6_1_RC1)
2007-07-29 03:42:34 +0000  (tag: BEANUTILS_1_7_0)
2007-07-29 03:42:34 +0000  (tag: BEANUTILS_1_7_0_RC1)
2007-07-29 03:42:34 +0000  (tag: RELEASE_BEANUTILS_1_7_0_START)
2007-07-29 03:42:34 +0000  (tag: STRUTS_1_1_B1)
2007-07-29 03:42:34 +0000  (tag: STRUTS_1_1_B2)
2007-07-29 03:42:34 +0000  (tag: STRUTS_1_1_B3)
2007-07-29 03:42:34 +0000  (tag: STRUTS_1_1_RC1)
2007-07-29 03:42:34 +0000  (tag: jwsdp_10_ea2_01)