2015-02-03 21:02:46 +0000  (tag: continuum-1.4.3)
2015-02-03 20:34:00 +0000  (origin/continuum-1.4.3-notes-fixup)
2009-01-14 02:09:55 +0000  (origin/continuum-distributed-builds)
2014-06-04 10:44:52 +0000  (tag: continuum-1.4.2)
2014-05-20 13:45:20 +0000  (origin/CONTINUUM-2713)
2013-01-02 11:01:26 +0000  (tag: continuum-1.4.1)
2012-09-28 07:39:06 +0000  (origin/CONTINUUM-2563)
2011-09-01 11:05:31 +0000  (tag: continuum-1.3.8)
2011-02-08 13:29:49 +0000  (tag: continuum-1.3.7)
2010-04-29 04:54:43 +0000  (tag: continuum-1.4.0)
2010-03-07 07:14:14 +0000  (tag: continuum-1.3.6)
2010-01-13 02:24:19 +0000  (tag: continuum-1.3.5)
2009-08-24 06:16:26 +0000  (tag: continuum-1.3.4)
2009-05-24 04:49:26 +0000  (tag: continuum-1.3.3)
2009-03-21 03:13:10 +0000  (tag: continuum-1.3.2)
2009-02-21 17:34:14 +0000  (tag: continuum-docs-1.2.3.1)
2007-12-29 15:28:43 +0000 
2009-02-21 16:27:12 +0000  (tag: continuum-data-management-1.2.3.1)
2007-06-11 08:49:31 +0000 
2007-06-11 08:18:01 +0000 
2006-11-30 00:46:47 +0000 
2009-02-11 23:22:07 +0000  (tag: continuum-webapp-test-20090211)
2006-10-26 20:31:31 +0000 
2009-01-17 08:35:25 +0000  (tag: continuum-1.3.1)
2009-01-10 09:54:43 +0000  (tag: continuum-1.2.3)
2008-11-24 01:11:45 +0000  (tag: continuum-1.3.0)
2008-10-29 16:38:45 +0000  (tag: continuum-1.2.2)
2008-10-26 02:27:19 +0000  (tag: continuum-1.2.1)
2008-09-19 09:40:59 +0000  (tag: continuum-1.2)
2008-02-28 22:17:56 +0000  (tag: continuum-1.0)
2008-02-28 22:17:56 +0000  (tag: continuum-1.0-alpha-1)
2008-02-28 22:17:56 +0000  (tag: continuum-1.0-alpha-2)
2008-02-28 22:17:56 +0000  (tag: continuum-1.0-alpha-3)
2008-02-28 22:17:56 +0000  (tag: continuum-1.0-alpha-4)
2008-02-28 22:17:56 +0000  (tag: continuum-1.0-beta-1)
2008-02-28 22:17:56 +0000  (tag: continuum-1.0.1)
2008-02-28 22:17:56 +0000  (tag: continuum-1.0.2)
2008-02-28 22:17:56 +0000  (tag: continuum-1.0.3)
2008-02-28 22:17:56 +0000  (tag: continuum-1.1)
2008-02-28 22:17:56 +0000  (tag: continuum-1.1-alpha-1)
2008-02-28 22:17:56 +0000  (tag: continuum-1.1-alpha-2)
2008-02-28 22:17:56 +0000  (tag: continuum-1.1-beta-1)
2008-02-28 22:17:56 +0000  (tag: continuum-1.1-beta-2)
2008-02-28 22:17:56 +0000  (tag: continuum-1.1-beta-4)
2008-02-28 22:17:56 +0000  (tag: continuum-parent-1.1-beta-3)
2005-04-11 03:04:49 +0000 