2022-07-04 22:37:49 +0900  (tag: rel/11.0.0, tag: 11.0.0, origin/11.0.x)
2022-04-11 22:01:02 +0900  (tag: rel/10.1.2, tag: 10.1.2, origin/10.1.x)
2021-09-13 15:56:27 +0900  (tag: rel/10.1.1, tag: 10.1.1)
2021-08-13 13:26:31 +0900  (tag: rel/10.1.0, tag: 10.1.0)
2021-07-27 22:50:34 +0900  (tag: rel/10.0.1, tag: 10.0.1, origin/10.0.x)
2021-07-17 13:56:20 +0900  (tag: rel/10.0.0, tag: 10.0.0)
2021-04-10 00:26:26 +0900  (tag: rel/9.1.0, tag: 9.1.0, origin/9.1.x)
2020-06-23 18:33:21 +0900  (tag: rel/9.0.0, tag: 9.0.0, origin/9.0.x)
2019-09-11 13:58:04 +0900  (tag: rel/8.1.0, tag: 8.1.0, origin/8.1.x)
2019-02-13 15:22:06 +0900  (tag: rel/8.0.0, tag: 8.0.0, origin/8.0.x)
2018-11-22 22:38:38 -0500  (tag: rel/7.1.4, tag: 7.1.4)
2018-11-19 16:37:39 -0500  (tag: rel/7.1.3, tag: 7.1.3)
2018-11-05 12:17:08 -0800  (tag: rel/7.1.2, tag: 7.1.2)
2018-07-11 21:36:34 -0400  (tag: rel/7.1.1, tag: 7.1.1)
2018-02-21 10:52:01 -0800  (tag: rel/7.1.0, tag: 7.1.0)
2017-11-30 11:08:54 -0800  (tag: rel/7.0.0, tag: 7.0.0, origin/7.0.x)
2017-11-06 11:44:20 -0800  (tag: rel/6.4.0, tag: 6.4.0)
2017-09-25 14:01:16 -0700  (tag: rel/6.3.0, tag: 6.3.0, origin/6.3.x)
2017-05-02 16:19:19 -0700  (tag: rel/6.2.3, tag: 6.2.3, origin/6.2.x)
2017-04-24 22:05:42 -0700  (tag: rel/6.2.2, tag: 6.2.2)
2017-04-02 18:59:56 -0500  (tag: rel/6.2.1, tag: 6.2.1)
2017-03-28 15:24:44 -0700  (tag: rel/6.2.0, tag: 6.2.0)
2017-01-26 16:30:31 -0800  (tag: rel/6.1.2, tag: 6.1.2, origin/6.1.x)
2017-01-03 17:45:53 -0800  (tag: rel/6.1.1, tag: 6.1.1)
2016-11-03 12:49:40 -0700  (tag: rel/6.1.0, tag: 6.1.0)
2016-10-20 12:47:55 -0700  (tag: 6.0.0, origin/6.0.x)
2016-08-17 10:05:02 -0700  (tag: rel/5.2.2, tag: 5.2.2, origin/5.2.x)
2016-07-11 13:43:57 +0300  (tag: rel/5.2.1, tag: 5.2.1)
2016-06-29 12:51:05 -0700  (tag: rel/5.2.0, tag: 5.2.0)
2016-02-26 13:02:32 -0800  (tag: rel/5.1.1, tag: 5.1.1, origin/5.1.x)
2016-01-20 17:07:33 -0800  (tag: rel/5.1.0, tag: 5.1.0)
2015-11-02 17:09:25 -0800  (tag: 5.0.0, origin/5.0.x)
2015-07-31 16:50:01 -0700  (tag: 4.1.1, origin/4.1.x)
2015-07-22 11:37:00 -0700  (tag: 4.1.0)
2015-05-20 16:31:28 -0700  (tag: 3.7.2)
2015-02-03 20:50:17 -0500  (tag: 3.7.1)
2015-01-21 08:25:37 -0800  (tag: 3.7.0)
2015-05-20 13:12:33 -0700  (tag: 4.0.2, origin/4.0.x)
2015-05-08 15:33:04 -0700  (tag: 4.0.1)
2015-04-09 11:29:18 -0400  (tag: 4.0.0)
2015-02-11 16:19:54 -0500  (origin/unplug-whitelist-4.0.0)
2014-10-04 15:30:30 -0400 
2014-10-04 15:14:45 -0400  (tag: Gitignore_node_modules)
2014-09-11 10:08:45 -0400 
2014-08-19 12:02:36 -0400 
2014-05-22 14:04:00 -0400  (origin/pluggable_webview)
2014-04-30 15:09:54 -0700  (tag: rel/StablePoC, tag: StablePoC)
2014-09-30 20:59:47 -0400  (tag: 3.6.4, origin/3.6.x)
2014-09-12 15:50:25 -0400  (tag: 3.6.3)
2014-09-05 14:08:46 -0400  (tag: 3.6.1)
2014-09-04 10:53:41 -0700  (tag: 3.6.0)
2014-08-26 15:25:41 -0400 
2014-08-26 15:23:24 -0400  (origin/CB-7291)
2014-08-18 09:48:31 -0400  (tag: CheckIn_node_modules_which)
2014-08-04 11:29:17 -0700  (tag: 3.5.1)
2014-05-08 15:32:23 -0700  (tag: 3.5.0)
2014-05-08 13:38:28 -0700  (tag: 3.5.0-rc1)
2014-02-14 13:46:01 -0800  (tag: 3.4.0, origin/3.4.x)
2014-01-22 16:30:01 -0800  (tag: 3.4.0-rc1)
2013-12-10 14:44:13 -0800  (tag: 3.3.0, origin/3.3.x)
2013-12-03 15:52:25 -0800  (tag: 3.3.0-rc1)
2013-11-18 13:18:48 -0800  (tag: 3.2.0, origin/3.2.x)
2013-11-11 16:38:05 -0800  (tag: 3.2.0-rc1)
2013-11-01 11:11:05 -0700  (tag: 2.9.1, origin/2.9.x)
2013-06-25 14:12:41 -0700  (tag: 2.9.0)
2013-06-19 15:03:11 -0700  (tag: 2.9.0rc1)
2013-10-02 12:40:50 -0400  (tag: 3.1.0, origin/3.1.x)
2013-09-19 15:48:15 -0400  (tag: 3.1.0-rc1)
2013-09-10 16:58:28 -0400  (tag: CheckIn_node_modules)
2013-07-18 17:25:18 -0700  (tag: 3.0.0)
2013-07-16 12:16:23 -0700  (tag: 3.0.0rc1)
2013-06-11 11:26:13 -0700  (tag: 2.8.1, origin/2.8.x)
2013-06-04 13:59:48 -0700  (tag: 2.8.0)
2013-05-29 10:46:00 -0400  (tag: 2.8.0rc1)
2013-04-25 14:55:11 -0700  (tag: 2.7.0, origin/2.7.x)
2013-04-19 17:56:26 -0700  (tag: 2.7.0rc1)
2013-04-01 14:55:10 -0700  (tag: 2.6.0, origin/2.6.x)
2013-03-27 13:25:53 -0700  (tag: 2.6.0rc1)
2013-02-26 13:49:47 -0800  (tag: 2.5.0)
2013-02-20 13:52:29 -0800  (tag: 2.5.0rc1)
2013-02-04 11:12:52 -0800  (tag: 2.4.0)
2013-01-30 09:51:40 -0500  (tag: 2.4.0rc2)
2013-01-21 13:47:26 -0800  (tag: 2.4.0rc1)
2013-01-17 10:10:02 -0500  (origin/fileinput)
2013-01-02 17:10:00 -0800  (tag: 2.3.0)
2012-12-10 14:26:38 -0800  (tag: 2.3.0rc2)
2012-11-26 16:09:52 -0500  (tag: v2.3.0rc1, tag: 2.3.0rc1)
2012-11-01 10:30:34 -0400  (tag: 2.2.0)
2012-10-26 16:09:54 -0400  (tag: 2.2.0rc2)
2012-10-15 14:19:46 -0700  (tag: 2.2.0rc1)
2012-09-12 12:58:30 -0700  (tag: 2.1.0)
2012-08-31 16:44:53 -0400  (tag: 2.1.0rc2)
2012-08-24 16:44:18 -0400  (tag: 2.1.0rc1)
2012-07-20 09:57:26 -0700  (tag: 2.0.0)
2012-07-13 15:46:09 -0700  (tag: 2.0.0rc1)
2012-06-29 15:55:34 -0400  (tag: 1.9.0)
2012-06-22 10:07:07 -0700  (origin/buttonfix)
2012-06-21 14:49:19 -0700 
2012-06-21 11:12:30 -0700  (tag: 1.9.0rc1)
2012-06-20 12:07:04 -0700  (origin/buttons)
2012-06-12 11:19:58 -0700  (tag: 1.8.1, origin/1.8.1pre)
2012-06-06 11:55:11 -0700  (tag: 1.8.1pre)
2012-06-05 14:26:02 -0700  (tag: 1.8.0)
2012-05-24 21:39:45 -0400  (tag: 1.8.0rc1)
2012-05-01 14:25:42 -0700  (tag: 1.7.0)
2012-04-23 11:37:33 -0700  (tag: 1.7.0rc1)
2012-04-17 12:20:23 -0700  (tag: 1.6.1)
2012-04-11 10:44:09 -0400  (tag: 1.6.0)
2012-03-23 14:30:18 -0700  (tag: 1.6.0rc1)
2012-03-05 15:11:24 -0500  (tag: 1.5.0)
2012-02-25 00:28:06 -0500  (tag: 1.5.0rc1)
2012-02-01 15:35:57 -0500  (tag: 1.4.1)
2012-01-30 16:07:20 -0500  (tag: 1.4.0)
2012-01-27 12:06:26 -0500  (tag: 1.4.0rc1)
2011-12-16 13:29:15 -0500  (tag: 1.3.0)
2011-12-13 09:41:54 -0500  (tag: 1.3.0rc2)
2011-12-05 11:27:08 -0500  (tag: 1.3.0rc1)
2011-11-01 19:42:07 -0700  (tag: 1.2.0)
2011-10-01 03:57:06 +0800  (tag: 1.1.0)
2011-07-29 00:02:07 -0400  (tag: 1.0.0)
2011-07-26 00:31:37 -0400  (tag: 1.0.0rc3)
2011-07-18 16:11:51 -0400  (tag: 1.0.0rc2)
2011-07-11 17:28:56 -0400  (tag: 1.0.0rc1)
2011-07-07 14:11:03 -0500  (tag: 0.9.6.1)
2011-06-27 16:01:43 -0700  (tag: 0.9.6)
2011-05-21 02:31:24 +0800  (tag: 0.9.5.1)
2011-04-27 14:10:13 -0500  (tag: 0.9.5)
2011-02-03 09:48:31 +0800  (tag: 0.9.4)
2010-12-23 02:51:39 +0800  (tag: 0.9.3)
2010-10-29 22:07:23 +0800  (tag: 0.9.2)
2010-06-04 13:25:28 -0700  (origin/accel_hack)
2010-05-31 10:59:44 -0700  (tag: 0.9.1)
2009-12-22 16:39:47 -0800  (tag: 0.9.0)
2009-12-22 16:38:30 -0800 
2009-08-11 23:51:45 -0700 
2008-10-15 14:24:39 -0700 