2022-05-28 22:56:59 +0200  (tag: apache-rat-project-0.14)
2018-10-13 21:18:47 +0000  (tag: apache-rat-project-0.13)
2016-06-07 06:44:35 +0000  (tag: apache-rat-project-0.12-RC3)
2016-05-28 07:05:26 +0000  (tag: apache-rat-project-0.12-RC2)
2016-05-25 06:51:20 +0000  (tag: apache-rat-project-0.12-RC1)
2016-05-25 06:39:19 +0000  (tag: apache-rat-project-0.12)
2014-08-16 18:16:33 +0000  (tag: apache-rat-project-0.11)
2013-08-04 12:03:20 +0000  (tag: apache-rat-project-0.10)
2013-03-30 13:29:08 +0000  (tag: apache-rat-project-0.9)
2012-05-19 17:29:04 +0000  (tag: apache-rat-0.8)
2012-05-19 17:29:04 +0000  (tag: apache-rat-0.8RC2)
2012-05-19 17:29:04 +0000  (tag: apache-rat-project-0.6)
2012-05-19 17:29:04 +0000  (tag: apache-rat-project-0.6RC1)
2012-05-19 17:29:04 +0000  (tag: apache-rat-project-0.6RC2)
2012-05-19 17:29:04 +0000  (tag: apache-rat-project-0.7)
2012-05-19 17:29:04 +0000  (tag: apache-rat-project-0.7rc1)
2012-05-19 17:29:04 +0000  (tag: apache-rat-project-0.7rc2)
2012-05-19 17:29:04 +0000  (tag: apache-rat-project-0.7rc3)
2012-05-19 17:29:04 +0000  (tag: apache-rat-project-0.8RC1)
2008-03-11 23:08:58 +0000 