2019-10-08 16:51:31 -0700  (tag: apache-crunch-1.0.0)
2017-02-16 23:08:04 -0800  (tag: apache-crunch-0.15.0)
2016-04-23 19:59:04 -0700  (tag: apache-crunch-0.14.0)
2015-07-30 14:31:50 -0500  (tag: apache-crunch-0.13.0)
2015-05-13 22:33:31 -0700  (tag: ach25)
2015-05-09 01:19:53 +0100  (tag: apache-crunch-0.12.0)
2014-09-04 17:07:27 -0700  (tag: apache-crunch-0.8.4)
2014-06-02 19:39:08 -0700  (tag: apache-crunch-0.8.3)
2013-12-12 00:09:22 -0800  (tag: apache-crunch-0.8.2)
2014-08-27 19:14:20 -0700  (tag: apache-crunch-0.11.0)
2014-08-27 19:00:06 -0700  (tag: apache-crunch-0.11.0-hadoop2)
2014-06-02 18:07:59 -0700  (tag: apache-crunch-0.10.0)
2014-01-02 15:17:03 -0800  (tag: apache-crunch-0.9.0)
2013-11-16 13:40:54 -0800  (tag: apache-crunch-0.8.1-hadoop2)
2013-11-16 12:48:35 -0800  (tag: apache-crunch-0.8.1)
2013-11-04 23:08:13 -0800  (tag: apache-crunch-0.8.0)
2013-11-04 16:38:34 -0800  (tag: apache-crunch-0.8.0-hadoop2)
2013-07-25 11:18:50 -0700  (tag: apache-crunch-0.7.0-hadoop2)
2013-07-25 09:16:15 -0700  (tag: apache-crunch-0.7.0)
2013-05-07 13:33:35 -0700  (tag: apache-crunch-0.6.0)
2013-02-12 20:26:47 -0800  (tag: apache-crunch-0.5.0-incubating)
2012-11-04 13:52:06 +0100  (tag: apache-crunch-0.4.0-incubating)
2012-09-07 03:50:24 -0700  (tag: apache-crunch-0.3.0-incubating)
2011-10-09 23:12:24 -0700 