2017-10-02 18:09:16 +0000  (tag: DeepPhe.checkpoint.v1)
2017-04-25 00:37:29 +0000  (tag: ctakes-4.0.0)
2017-04-17 19:29:21 +0000  (tag: ctakes-4.0.0-rc3)
2017-04-13 23:27:53 +0000  (tag: ctakes-4.0.0-rc2)
2017-04-11 15:02:08 +0000  (tag: ctakes-4.0.0-rc1)
2015-05-12 21:55:51 +0000  (tag: ctakes-3.2.2-rc2)
2015-05-04 21:59:34 +0000  (tag: ctakes-3.2.2-rc1)
2014-11-25 22:08:40 +0000  (tag: ctakes-3.2.1-rc2)
2014-11-10 16:22:48 +0000  (tag: ctakes-3.2.1-rc1)
2014-07-08 01:00:53 +0000  (tag: ctakes-3.2.0-rc2)
2014-06-27 21:25:29 +0000  (tag: ctakes-3.2.0-rc1)
2013-12-06 17:12:45 +0000  (tag: multicorpus_negation_feda)
2012-07-24 23:10:24 +0000 
2013-11-29 19:47:17 +0000  (tag: ctakes-3.1.1-rc2)
2013-11-27 15:23:21 +0000  (tag: ctakes-3.1.1)
2013-11-18 20:36:27 +0000  (tag: ctakes-3.1.1-rc1)
2013-09-04 18:42:43 +0000  (tag: ctakes-3.1.0)
2013-08-30 14:19:30 +0000  (tag: ctakes-3.1.0-rc3)
2013-03-27 08:34:10 +0000  (origin/ctakes-3.0.0-incubating)
2013-08-28 03:41:19 +0000  (tag: ctakes-3.1.0-rc2)
2013-08-13 18:21:36 +0000  (tag: ctakes-3.1.0-rc1)
2013-08-05 21:26:13 +0000  (tag: ctakes-3.1.0-RC1)
2013-03-27 08:34:10 +0000  (tag: cTAKES-2.0)
2012-03-27 16:25:24 +0000 
2013-03-27 08:34:10 +0000  (tag: cTAKES-before-OpenNLP-1.5)
2012-07-24 23:10:24 +0000 
2013-03-27 08:34:10 +0000  (tag: cTAKES_1.0.5)
2013-03-27 08:34:10 +0000  (tag: cTAKES_1.3.1)
2013-03-27 08:34:10 +0000  (tag: ctakes-3.0.0-incubating)
2013-03-27 08:34:10 +0000  (tag: ctakes-3.0.0-incubating-rc1)
2013-03-27 08:34:10 +0000  (tag: ctakes-3.0.0-incubating-rc2)
2013-03-27 08:34:10 +0000  (tag: ctakes-3.0.0-incubating-rc3)
2013-03-27 08:34:10 +0000  (tag: ctakes-3.0.0-incubating-rc4)
2013-03-27 08:34:10 +0000  (tag: ctakes-3.0.0-incubating-rc5)
2013-03-27 08:34:10 +0000  (tag: ctakes-3.0.0-incubating-rc6)
2013-03-27 08:34:10 +0000  (tag: ctakes-3.0.0-incubating-rc7)