2022-07-01 00:55:23 +0800  (tag: apache-curator-5.3.0)
2022-03-14 09:05:46 +0100  (tag: apache-curator-5.2.1)
2021-07-19 16:10:37 +1000  (tag: apache-curator-5.2.0)
2020-06-30 15:03:09 +0200  (tag: apache.curator-5.1.0)
2020-05-18 12:43:48 +1000  (tag: apache-curator-5.0.0)
2020-04-21 19:08:52 -0500  (origin/CURATOR-559-fix-nested-retry-loops-reopen)
2020-04-19 09:10:32 -0500  (origin/CURATOR-567-remove-test-clean-state-where-flaky)
2020-02-24 10:00:07 +1100  (tag: apache-curator-4.3.0)
2020-02-18 13:59:52 -0500  (origin/CURATOR-560-set-tick-time)
2019-10-11 08:25:36 +0300  (origin/curator-v, origin/CURATOR-546-ModeledCacheImpl-removes-zpath)
2019-09-28 12:46:35 -0500  (origin/CURATOR-543-fix-testLockACLs-due-to-ZOOKEEPER-1392)
2019-09-24 14:25:22 -0500 
2019-09-24 13:44:13 -0500  (origin/CURATOR-541-x)
2019-09-24 13:03:18 -0500 
2019-09-21 12:57:09 -0500  (origin/CURATOR-541)
2019-09-02 12:04:22 -0500  (origin/CURATOR-537)
2019-08-12 07:34:00 -0700  (origin/CURATOR-505-improve-circuit-breaker-to-shared)
2019-07-14 23:49:43 +0300  (origin/CURATOR-528-fix-mailing-list-issues)
2019-03-03 14:54:19 -0500  (tag: apache-curator-4.2.0)
2019-03-03 14:41:18 -0500  (tag: apache-curator-4.1.1)
2019-03-03 09:55:59 -0500  (origin/CURATOR-481)
2019-03-02 23:16:44 -0500  (origin/CURATOR-503)
2019-02-12 23:30:03 -0500  (origin/CURATOR-505)
2019-01-30 14:23:16 -0500  (origin/CURATOR-500)
2019-01-07 16:44:23 -0500  (origin/CURATOR-501)
2018-12-16 22:35:06 -0500  (tag: apache-curator-4.1.0)
2018-12-16 19:59:06 -0500  (origin/CURATOR-495)
2018-12-10 15:40:46 -0500  (origin/CURATOR-479-2)
2018-12-10 12:28:01 -0500 
2018-12-10 14:46:10 +1100  (origin/CURATOR-477)
2018-12-10 10:55:54 +1100 
2018-12-10 10:55:44 +1100 
2018-12-10 09:43:34 +1100  (origin/CURATOR-487)
2018-12-10 12:27:20 -0500 
2018-12-09 17:46:12 -0500  (origin/CURATOR-479)
2018-12-09 18:54:40 -0500  (tag: apache-curator-4.0.2)
2018-12-09 18:51:38 -0500  (tag: apache-curator-4.0.2-SNAPSHOT)
2018-12-09 17:59:34 -0500 
2018-12-06 12:43:16 -0500  (origin/CURATOR-468)
2018-12-09 17:49:20 -0500  (origin/CURATOR-490)
2018-12-09 11:11:30 -0500  (origin/CURATOR-405)
2018-12-09 02:27:54 -0500  (origin/CURATOR-492)
2018-12-08 19:24:24 -0500  (origin/CURATOR-491)
2018-12-03 10:35:46 +1100  (origin/CURATOR-472)
2018-08-10 14:10:18 +0100  (origin/CURATOR-476)
2018-06-28 01:03:22 -0500 
2018-06-27 09:58:31 -0500  (origin/CURATOR-471)
2018-06-24 09:16:03 -0500  (origin/CURATOR-408)
2018-06-24 09:08:02 -0500  (origin/CURATOR-452)
2018-04-30 09:49:58 +1000  (origin/CURATOR-462)
2018-04-06 00:39:21 -0300  (origin/CURATOR-460)
2018-02-21 23:56:36 -0500  (origin/CURATOR-455)
2018-02-13 13:08:57 -0500 
2018-02-12 19:55:13 -0500 
2018-02-12 15:16:31 -0800  (origin/CURATOR-447)
2018-02-07 18:53:32 -0500  (tag: apache-curator-4.0.1)
2018-02-04 09:43:58 -0500  (origin/CURATOR-449)
2018-01-02 11:03:42 -0500 
2017-12-05 13:00:02 -0800  (origin/CURATOR-443)
2017-12-22 00:21:55 -0500 
2017-12-20 16:43:13 -0500  (origin/CURATOR-388)
2017-12-18 21:17:03 -0500  (origin/CURATOR-446)
2017-10-12 12:51:39 +0200  (origin/CURATOR-436)
2017-09-24 15:56:05 -0500 
2017-09-13 09:48:18 +1000  (origin/CURATOR-431)
2017-07-26 09:07:03 -0500  (tag: apache-curator-4.0.0)
2017-07-23 23:56:20 -0500  (origin/CURATOR-427)
2017-07-23 07:06:57 -0500  (origin/CURATOR-426)
2017-07-21 12:02:03 -0500  (origin/CURATOR-425)
2017-07-19 00:55:05 +0100  (origin/CURATOR-362)
2017-07-18 08:16:05 -0500 
2017-07-16 14:44:56 -0500  (origin/CURATOR-424)
2017-07-18 08:15:57 -0500  (origin/CURATOR-421)
2017-07-15 11:03:23 -0500  (origin/CURATOR-397.2)
2017-07-13 23:51:43 -0500  (origin/CURATOR-423)
2017-07-10 11:05:57 -0500  (origin/CURATOR-311)
2017-05-03 21:53:21 -0500  (origin/CURATOR-407)
2017-05-02 15:31:17 -0400  (origin/CURATOR-3.0)
2017-04-29 14:10:25 -0500  (origin/CURATOR-404)
2017-04-25 09:49:47 -0500  (origin/CURATOR-351)
2017-04-17 19:00:10 -0500 
2017-04-17 13:58:15 -0500  (origin/CURATOR-395)
2017-03-20 09:10:45 -0500 
2017-03-12 15:24:56 -0700  (origin/CURATOR-391)
2017-03-09 14:28:15 -0800 
2017-03-01 15:27:33 +1100  (tag: apache-curator-3.3.0)
2017-01-16 13:27:31 -0500 
2017-01-09 14:23:49 -0500 
2016-12-19 15:02:53 -0500 
2016-12-10 16:52:03 -0500 
2016-11-23 09:10:37 +1100 
2016-11-11 09:31:52 -0500  (tag: apache-curator-3.2.1)
2016-10-27 09:51:02 +1100 
2016-10-13 13:25:01 +1100 
2016-10-03 18:34:53 +0200  (origin/CURATOR-352)
2016-09-28 12:10:38 +0200  (origin/CURATOR-345)
2016-09-06 10:50:28 -0500  (origin/CURATOR-348)
2016-08-31 11:01:23 +1000 
2016-08-11 12:59:05 +0200  (origin/CURATOR-341)
2016-06-15 12:14:27 +1000  (tag: apache-curator-3.2.0)
2016-06-15 12:10:44 +1000 
2016-06-15 08:41:29 +1000 
2016-06-14 14:12:15 +1000  (origin/long_session_timeout_issue)
2016-06-06 10:47:39 +1000 
2016-05-31 10:35:10 -0500  (origin/CURATOR-332)
2016-05-25 23:38:45 -0400 
2016-05-25 15:37:26 +1000  (tag: apache-curator-3.2.0-SNAPSHOT)
2016-05-25 08:52:44 +1000 
2016-05-25 08:36:29 +1000 
2016-05-22 22:33:22 -0500 
2016-05-20 15:42:39 -0500  (origin/CURATOR-308)
2016-05-22 22:31:31 -0500 
2016-05-22 22:24:36 -0500 
2016-05-20 16:23:31 -0500 
2016-05-19 21:38:15 -0500 
2016-05-19 14:02:00 -0500 
2016-05-19 13:35:05 -0500  (origin/CURATOR-322)
2016-05-08 13:53:20 -0500 
2016-04-20 20:13:42 -0500  (origin/CURATOR-299)
2016-03-29 12:20:37 -0500 
2016-03-10 17:55:14 -0500 
2016-03-02 14:41:31 -0500  (origin/CURATOR-305)
2016-02-10 15:03:35 -0500  (tag: apache-curator-3.1.0)
2016-02-05 12:21:06 -0500  (origin/better-namspace-watcher)
2016-02-02 16:48:37 -0500 
2016-02-02 14:42:40 -0500 
2016-02-01 14:24:35 -0500  (origin/3.0-help)
2016-01-18 21:05:41 -0500 
2016-01-18 18:12:18 -0500 
2016-01-18 18:04:41 -0500 
2016-01-18 17:53:27 -0500  (origin/CURATOR-290)
2016-01-18 15:57:02 -0500 
2016-01-17 17:40:52 -0500 
2016-01-10 19:30:39 -0500 
2015-11-17 13:38:41 -0600  (origin/CURATOR-281)
2015-10-22 17:59:30 -0500 
2015-10-16 13:45:40 -0500 
2015-10-16 13:45:36 -0500 
2015-10-15 13:28:37 +1100 
2015-10-12 00:28:31 -0500  (tag: apache-curator-3.0.0-SNAPSHOT, tag: apache-curator-3.0.0)
2015-10-08 19:11:56 -0500 
2015-10-08 19:09:13 -0500 
2015-10-05 20:27:46 -0500  (origin/CURATOR-268)
2015-10-02 09:37:13 -0500  (origin/CURATOR-266)
2015-09-26 10:03:20 -0500  (origin/CURATOR-265)
2015-09-25 19:19:05 -0500 
2015-09-11 12:06:18 -0500  (origin/CURATOR-261)
2015-09-23 08:21:35 -0500 
2015-09-14 21:04:36 -0500  (origin/refine-session-expiration)
2015-09-10 12:01:24 -0500 
2015-09-08 19:53:32 -0500 
2015-09-06 23:51:26 -0700  (origin/CURATOR-248)
2015-09-06 23:02:45 -0700 
2015-09-06 15:43:58 -0700  (origin/CURATOR-259)
2015-09-06 12:51:01 -0700 
2015-08-28 13:39:54 -0500  (origin/CURATOR-253)
2015-09-01 06:02:08 -0700 
2015-08-31 19:50:21 -0700  (origin/CURATOR-247)
2015-09-01 09:35:26 +1000 
2015-08-23 14:40:12 +1000  (origin/CURATOR-214)
2015-08-31 07:19:53 -0700 
2015-08-24 07:10:20 -0500 
2015-08-21 13:31:25 -0500 
2015-08-21 12:53:11 -0500 
2015-08-19 09:12:47 +1000  (origin/217-merged)
2015-08-17 22:13:37 -0400 
2015-05-19 22:42:14 -0700  (origin/CURATOR-217)
2015-05-20 12:03:17 +1000  (origin/CURATOR-161)
2015-08-17 13:01:21 -0400 
2015-08-12 17:29:43 -0400  (origin/CURATOR-215)
2015-08-12 17:08:33 -0400  (origin/CURATOR-160)
2018-12-03 13:32:03 +1100  (tag: apache-curator-2.13.0)
2017-03-01 14:01:01 +1100  (tag: apache-curator-2.12.0)
2017-01-16 13:24:02 -0500 
2017-01-09 13:13:36 -0500  (origin/CURATOR-200)
2017-01-09 14:22:59 -0500  (origin/CURATOR-364)
2016-12-19 10:41:11 -0500  (origin/CURATOR-365)
2016-12-19 09:52:19 -0500 
2016-11-21 16:06:17 +1100  (origin/CURATOR-358)
2016-11-11 08:42:04 -0500  (tag: apache-curator-2.11.1)
2016-10-26 13:43:21 +0200  (origin/CURATOR-356)
2016-10-06 15:53:04 -0500  (origin/CURATOR-354)
2016-08-30 13:09:56 +0100  (origin/CURATOR-344)
2016-06-15 11:13:00 +1000  (tag: apache-curator-2.11.0)
2016-06-15 08:34:49 +1000  (origin/CURATOR-331)
2016-06-02 17:27:18 -0500  (origin/CURATOR-335)
2016-05-25 09:13:57 +1000  (tag: apache-curator-2.11.0-SNAPSHOT)
2016-05-25 08:38:25 +1000  (origin/CURATOR-329)
2016-05-25 08:15:16 +1000  (origin/CURATOR-262)
2016-05-22 22:25:41 -0500 
2016-05-21 11:12:28 -0500  (origin/CURATOR-326)
2016-05-21 12:15:10 -0500  (origin/CURATOR-328)
2016-05-20 16:44:14 -0400  (origin/CURATOR-327)
2016-05-19 20:18:01 -0400  (origin/CURATOR-324)
2016-04-20 07:21:51 -0700  (origin/CURATOR-317)
2016-03-28 21:18:58 -0500  (origin/CURATOR-310)
2016-03-07 09:15:07 -0500  (origin/CURATOR-306)
2016-02-10 15:14:23 -0500  (tag: apache-curator-2.10.0)
2016-02-02 16:38:53 -0500 
2016-02-02 13:26:13 -0500  (origin/CURATOR-297)
2016-02-02 10:39:03 -0500  (origin/CURATOR-298)
2016-01-18 19:10:14 -0500 
2016-01-18 18:04:07 -0500 
2016-01-17 21:34:50 -0500 
2016-01-18 09:28:49 +1100  (origin/CURATOR-278)
2016-01-17 21:34:27 -0500 
2016-01-14 22:42:24 -0500  (origin/CURATOR-208)
2016-01-15 12:54:13 -0500  (origin/CURATOR-288)
2016-01-12 10:13:12 -0500  (origin/CURATOR-244)
2016-01-18 18:11:45 -0500  (origin/CURATOR-287)
2015-12-28 10:23:14 -0500  (origin/CURATOR-209)
2015-10-26 12:59:15 +1100  (tag: apache-curator-2.9.1)
2015-10-22 16:52:28 -0500  (origin/CURATOR-274)
2015-10-16 13:39:51 -0500  (origin/CURATOR-267)
2015-10-14 11:00:04 +1300  (origin/CURATOR-271)
2015-09-22 14:59:41 -0500  (origin/CURATOR-264)
2015-09-02 12:56:14 -0500  (tag: apache-curator-2.9.0-rc1, tag: apache-curator-2.9.0)
2015-09-01 09:13:06 +1000  (origin/CURATOR-254)
2015-09-01 07:37:39 +1000 
2015-07-23 15:59:13 +1000  (origin/CURATOR-228)
2015-08-25 14:06:35 +1000  (origin/CURATOR-167)
2015-08-24 10:41:39 -0500 
2015-08-24 10:41:09 -0500  (origin/CURATOR-234)
2015-08-24 07:08:16 -0500  (origin/CURATOR-218)
2015-08-21 13:30:48 -0500  (origin/CURATOR-231)
2015-08-21 12:33:59 -0500  (origin/CURATOR-243)
2015-08-03 02:00:44 +0200  (origin/CURATOR-241)
2015-07-18 12:40:58 -0500  (origin/CURATOR-235)
2015-07-01 18:35:46 -0500 
2015-07-01 18:35:05 -0500  (origin/CURATOR-222)
2015-06-23 09:58:00 +1000  (origin/CURATOR-224)
2015-06-17 13:03:17 -0400  (origin/CURATOR-223)
2015-05-08 13:57:02 -0500  (tag: apache-curator-2.8.0)
2015-04-30 01:37:35 +0300  (origin/CURATOR-211)
2015-04-28 13:57:41 +1000  (origin/CURATOR-210)
2015-04-28 11:01:18 +1000 
2015-04-28 10:59:39 +1000  (origin/CURATOR-190)
2015-04-27 17:09:46 -0500 
2015-04-22 09:06:29 +1000  (origin/CURATOR-154)
2015-04-27 16:07:22 -0500  (origin/CURATOR-164)
2015-04-21 11:17:24 -0500  (origin/CURATOR-204)
2015-04-21 10:31:04 -0500 
2015-04-07 18:56:41 -0500  (origin/CURATOR-203)
2015-04-20 20:16:40 -0500  (origin/CURATOR-168)
2015-04-19 13:13:45 -0500  (origin/CURATOR-202)
2015-02-09 13:50:39 -0500  (origin/CURATOR-187)
2015-01-13 07:49:21 -0500 
2015-01-13 07:47:07 -0500  (origin/CURATOR-111)
2015-01-13 10:04:02 +1100 
2015-01-08 00:42:04 -0500  (origin/CURATOR-179)
2015-01-12 15:49:19 -0500  (origin/CURATOR-166)
2015-01-12 15:30:43 -0500  (origin/CURATOR-175)
2015-01-12 14:37:20 -0500  (origin/CURATOR-177)
2015-01-12 12:29:44 -0500  (origin/CURATOR-176)
2014-12-10 09:43:23 -0500  (origin/CURATOR-170)
2014-11-03 19:19:31 -0500 
2014-10-31 00:29:47 -0400  (tag: apache-curator-2.7.0)
2014-11-04 07:46:25 +1100  (origin/CURATOR-140)
2014-10-28 15:43:18 +0800  (origin/CURATOR-156)
2014-10-24 10:44:36 -0500  (origin/CURATOR-155)
2014-10-02 13:04:26 -0500  (origin/CURATOR-151)
2014-09-15 16:57:25 +1000  (origin/CURATOR-147)
2014-08-26 12:58:26 -0500 
2014-08-20 16:25:43 -0500 
2014-08-20 16:24:11 -0500 
2014-08-04 10:04:22 +1000  (origin/CURATOR-132)
2014-08-12 09:27:05 +1000  (origin/CURATOR-79)
2014-08-26 12:55:31 -0500  (origin/CURATOR-84)
2014-08-20 15:54:06 +1000  (origin/CURATOR-141)
2014-08-11 16:34:33 -0500  (origin/CURATOR-139)
2014-08-11 16:05:58 +1000  (origin/CURATOR-131)
2014-08-07 21:09:02 -0500 
2014-08-05 13:48:10 +1000 
2014-08-05 13:46:37 +1000  (origin/CURATOR-71)
2014-08-05 11:22:58 +1000  (origin/CURATOR-67)
2014-08-07 20:58:33 -0500  (origin/CURATOR-33)
2014-07-31 15:10:17 -0500  (origin/CURATOR-130)
2014-07-30 15:03:06 -0500  (origin/CURATOR-6)
2014-07-30 11:49:42 -0500  (origin/CURATOR-128)
2014-07-30 11:04:38 +1000  (origin/CURATOR-119)
2014-07-30 08:06:25 +1000  (origin/CURATOR-42)
2014-07-28 19:00:12 -0500  (origin/CURATOR-126)
2014-07-25 13:23:47 -0500  (origin/CURATOR-127)
2014-07-22 17:46:19 -0500  (origin/CURATOR-123)
2014-07-20 20:46:04 -0500  (origin/CURATOR-118)
2014-07-21 09:57:02 +1000  (origin/CURATOR-121)
2014-07-08 12:28:19 +1000  (tag: apache-curator-2.6.0)
2014-07-08 10:02:39 +1000  (origin/CURATOR-116)
2014-06-18 21:44:59 -0500  (origin/CURATOR-93)
2014-06-18 09:29:52 -0500  (origin/CURATOR-114)
2014-06-17 18:02:55 -0500 
2014-06-17 17:11:53 -0500  (origin/CURATOR-110)
2014-06-03 13:34:01 -0500  (origin/curator-rpc)
2014-05-24 11:26:35 -0500  (tag: apache-curator-2.5.0)
2014-05-23 10:46:17 -0500  (origin/CURATOR-108)
2014-05-23 10:06:50 -0500  (origin/CURATOR-105)
2014-05-23 07:48:11 -0500  (origin/CURATOR-107)
2014-05-20 10:30:46 -0500  (origin/CURATOR-96)
2014-05-14 09:41:40 -0500  (origin/CURATOR-90)
2014-04-21 17:02:57 -0500  (tag: apache-curator-2.4.2)
2014-04-21 13:22:40 -0500  (origin/CURATOR-104)
2014-04-13 09:22:40 -0500  (origin/CURATOR-102)
2014-04-12 15:53:47 -0500  (origin/CURATOR-103)
2014-04-03 10:10:21 -0500  (origin/CURATOR-100)
2014-04-02 23:20:59 -0500  (origin/CURATOR-74)
2014-04-02 13:17:28 -0500  (origin/CURATOR-76)
2014-03-30 13:28:51 -0500  (origin/CURATOR-95)
2014-03-22 08:34:41 -0500  (origin/CURATOR-97)
2014-03-19 13:29:51 -0500  (origin/CURATOR-98)
2014-03-06 07:33:47 -0500  (tag: apache-curator-2.4.1)
2014-03-06 05:58:52 -0500  (origin/CURATOR-92)
2014-02-27 06:18:21 +0530  (origin/CURATOR-91)
2014-02-25 21:40:41 +0530  (origin/CURATOR-89)
2014-02-23 15:35:50 +0530  (origin/CURATOR-73)
2014-02-06 14:30:11 -0500  (origin/CURATOR-86)
2014-02-05 13:53:49 -0500  (tag: 2.4.0)
2014-02-05 13:41:33 -0500 
2014-02-03 13:57:36 -0500  (origin/CURATOR-72)
2014-02-03 16:14:09 -0500  (origin/CURATOR-75)
2014-02-03 13:55:50 -0500  (origin/CURATOR-85)
2014-01-07 16:27:54 -0500  (origin/CURATOR-82)
2013-11-10 08:20:30 -0800  (tag: apache-curator-2.3.1)
2013-11-10 06:08:31 -0800  (origin/CURATOR-53-2)
2013-11-08 08:38:57 -0800  (origin/CURATOR-58)
2013-11-04 11:27:54 -0800  (tag: apache-curator-2.3.0)
2013-10-31 19:39:40 -0700  (origin/CURATOR-70)
2013-10-21 06:39:39 -0700  (origin/CURATOR-68)
2013-10-08 12:45:47 -0700  (origin/CURATOR-63)
2013-09-26 10:54:16 -0700  (origin/CURATOR-59)
2013-09-25 09:08:35 -0700  (origin/CURATOR-45)
2013-09-24 20:50:19 -0700  (origin/CURATOR-19)
2013-09-24 20:32:48 -0700  (origin/CURATOR-9)
2013-09-24 20:29:54 -0700  (origin/CURATOR-8)
2013-09-24 20:23:22 -0700  (origin/CURATOR-31)
2013-09-23 19:17:59 -0700 
2013-09-23 19:17:47 -0700  (origin/CURATOR-52)
2013-09-22 18:29:37 -0700  (origin/CURATOR-56)
2013-09-17 10:34:02 -0500  (origin/CURATOR-55)
2013-09-11 11:11:30 -0500  (origin/CURATOR-54)
2013-09-06 21:12:20 -0700  (origin/CURATOR-51)
2013-09-06 10:48:11 -0700  (origin/CURATOR-53)
2013-09-05 23:05:11 -0700  (origin/CURATOR-48)
2013-09-03 21:14:38 -0700  (origin/CURATOR-37)
2013-07-31 18:52:39 +0300  (tag: apache-curator-2.2.0-incubating)
2013-07-20 08:05:29 -0700  (origin/2.2.0-incubating)
2013-07-19 10:09:13 -0700  (origin/CURATOR-44)
2013-07-07 11:05:16 -0700  (tag: temp, tag: next-release, origin/CURATOR-26)
2013-06-28 14:07:25 -0500  (origin/CURATOR-38)
2013-06-20 10:50:42 -0700  (tag: apache-curator-2.1.0-incubating)
2013-06-18 15:29:43 -0700  (origin/2.1.0-incubating, origin/2.0.2-incubating)
2013-06-18 14:11:42 -0700  (origin/CURATOR-35)
2013-06-10 15:37:05 -0700  (origin/CURATOR-10)
2013-06-10 13:57:03 -0700 
2013-06-10 13:56:43 -0700  (origin/CURATOR-25)
2013-06-10 07:58:48 -0700  (origin/CURATOR-16)
2013-05-17 13:39:07 -0700  (tag: apache-curator-2.0.1-incubating)
2013-05-11 12:58:01 -0700  (origin/2.0.1-incubating)
2013-05-09 17:18:09 -0700  (origin/CURATOR-24)
2013-05-09 17:00:43 -0700  (origin/CURATOR-18)
2013-05-09 16:46:50 -0700  (origin/CURATOR-22)
2013-05-05 07:20:02 -0700  (origin/CURATOR-21)
2013-05-01 13:51:52 -0700  (tag: apache-curator-2.0.0-incubating)
2013-04-22 10:46:12 -0700  (tag: apache-curator-2.0.1)
2013-03-29 13:44:57 -0700  (tag: curator-2.0.0)
2013-03-06 12:42:03 -0800  (origin/sync)
2012-12-19 17:02:31 -0800  (origin/persistent)
2012-08-30 17:38:46 -0500 
2012-03-18 01:07:52 -0700 
2012-08-30 16:38:09 -0500  (tag: 1.1.17)
2012-08-02 15:16:30 -0700  (tag: 1.1.16)
2012-07-14 16:13:26 -0700  (tag: 1.0.15-2)
2012-08-02 15:17:00 -0700  (tag: 1.0.17)
2012-07-24 11:23:45 -0700 
2012-07-24 10:46:36 -0700 
2012-07-14 14:26:20 -0700  (tag: 1.1.15)
2012-07-14 16:13:49 -0700  (tag: 1.0.16-2)
2012-07-14 14:27:12 -0700 
2012-07-06 14:55:20 -0700  (tag: 1.0.16, tag: 1.0.15)
2012-07-06 14:54:02 -0700  (tag: 1.1.14)
2012-06-25 15:35:03 -0700 
2012-06-25 15:32:01 -0700 
2012-06-25 15:31:24 -0700  (tag: 1.0.14)
2012-06-25 14:57:05 -0700  (tag: 1.1.13)
2012-06-24 21:23:25 -0700 
2012-06-05 13:59:20 -0700  (tag: 1.0.13)
2012-06-01 14:24:34 -0700 
2012-05-17 16:00:08 -0700  (tag: 1.0.11)
2012-05-17 15:52:36 -0700 
2012-05-10 14:53:27 -0700  (tag: 1.0.10)
2012-06-05 14:03:10 -0700  (tag: 1.1.12)
2012-06-01 14:20:59 -0700  (tag: 1.1.11)
2012-06-01 11:48:26 -0700  (tag: TestLockCleanlinessWithFaults)
2012-05-17 15:05:34 -0700  (tag: 1.1.10)
2012-05-10 14:31:00 -0700  (tag: 1.1.9)
2012-03-07 11:57:59 -0800  (tag: 1.0.3a)
2012-03-07 11:05:46 -0800  (tag: 1.1.3)
2012-02-09 17:41:57 -0800 
2012-01-05 23:52:49 -0800 
2012-02-08 16:01:29 -0800  (tag: 1.1.2)
2012-01-21 13:24:47 -0800  (tag: 1.1.1)
2012-01-05 16:27:12 -0800  (tag: 1.1.0)
2012-02-08 16:32:12 -0800  (tag: 1.0.3-2)
2012-02-08 16:09:31 -0800  (tag: 1.0.3)
2012-01-21 13:40:13 -0800  (tag: 1.0.2)
2012-01-04 00:31:38 -0800  (tag: 1.0.1)
2011-12-31 13:02:24 -0800  (tag: 1.0.0)
2011-12-29 12:52:09 -0800  (tag: 0.100.0)
2011-12-07 12:30:29 -0800  (tag: 0.6.4)
2011-11-30 12:01:38 -0800  (tag: 0.6.3)
2011-11-22 21:59:08 -0800  (tag: 0.6.2)
2011-11-18 11:03:17 -0800  (tag: 0.6.1)
2011-11-14 15:24:52 -0800  (tag: 0.5.2)
2011-11-12 14:37:51 -0800  (tag: 0.5.1)
2011-11-09 11:09:17 -0800  (tag: 0.4.3)
2011-11-09 10:18:03 -0800  (tag: 0.4.2)
2011-10-28 16:25:46 -0700  (tag: 0.32)
2011-10-24 15:50:36 -0700  (tag: 0.31)
2011-10-19 15:48:30 -0700  (tag: 0.30)
2011-10-19 15:31:16 -0700  (tag: 0.29)
2011-10-19 15:19:04 -0700  (tag: 0.28)
2011-10-19 15:12:24 -0700  (tag: 0.27)
2011-10-18 17:31:23 -0700  (tag: 0.26)
2011-10-17 13:00:52 -0700  (tag: 0.25)
2011-10-14 10:03:25 -0700  (tag: 0.24)
2011-10-12 15:56:12 -0700  (tag: 0.23)
2011-10-06 14:41:50 -0700  (tag: curator-0.22-SNAPSHOT)
2011-10-05 17:32:07 -0700  (tag: curator-0.21-SNAPSHOT)
2011-10-04 13:07:57 -0700  (tag: curator-0.20-SNAPSHOT)
2011-09-07 10:51:28 -0700  (tag: curator-0.19-SNAPSHOT)
2011-09-06 16:51:32 -0700  (tag: curator-0.18-SNAPSHOT)
2011-08-31 22:37:10 -0700  (tag: curator-0.17-SNAPSHOT)
2011-08-30 15:26:56 -0700  (tag: curator-0.16-SNAPSHOT)
2011-08-29 17:27:34 -0700  (tag: curator-0.15-SNAPSHOT)
2011-08-29 11:01:04 -0700  (tag: curator-0.14-SNAPSHOT)
2011-08-23 11:51:47 -0700  (tag: curator-0.13-SNAPSHOT)
2011-08-23 10:34:06 -0700  (tag: curator-0.12-SNAPSHOT)
2011-08-10 14:09:52 -0700  (tag: curator-0.11-SNAPSHOT)
2011-08-10 13:09:37 -0700  (tag: curator-0.10-SNAPSHOT)
2011-08-01 11:53:43 -0700  (tag: curator-0.9-SNAPSHOT)
2011-07-27 14:10:51 -0700  (tag: curator-0.8-SNAPSHOT)
2011-07-27 14:07:17 -0700  (tag: curator-0.7-SNAPSHOT)
2011-07-22 15:12:30 -0700  (tag: curator-0.6-SNAPSHOT)
2011-07-21 17:02:29 -0700  (tag: curator-0.5-SNAPSHOT)
2011-07-20 10:59:21 -0700  (tag: curator-0.4-SNAPSHOT)
2011-07-20 10:48:19 -0700  (tag: curator-0.3-SNAPSHOT)
2011-07-20 10:37:45 -0700  (tag: curator-0.2-SNAPSHOT)
2011-07-20 10:09:29 -0700  (tag: curator-0.1-SNAPSHOT)
2011-07-14 12:59:21 -0700 