2022-06-24 11:43:50 -0400  (tag: cxf-3.5.3)
2022-04-08 13:40:10 -0400  (tag: cxf-3.5.2)
2022-02-24 15:26:18 -0500  (tag: cxf-3.5.1)
2021-12-16 09:42:44 -0500  (tag: cxf-3.5.0)
2022-06-24 11:12:04 -0400  (tag: cxf-3.4.8)
2022-04-08 13:01:49 -0400  (tag: cxf-3.4.7)
2022-02-24 14:27:21 -0500  (tag: cxf-3.4.6)
2021-09-29 15:26:17 -0400  (tag: cxf-3.4.5)
2021-06-04 13:38:57 -0400  (tag: cxf-3.4.4)
2021-03-15 15:51:49 -0400  (tag: cxf-3.4.3)
2020-12-23 13:47:45 -0500  (tag: cxf-3.4.2)
2020-11-03 14:20:05 -0500  (tag: cxf-3.4.1)
2020-11-03 01:02:02 +0100  (origin/CXF-8359_mask_senstive_logging_fix_attribute)
2020-08-20 10:30:25 -0400  (tag: cxf-3.4.0)
2020-07-23 01:04:29 +0200  (origin/feature/CXF-8099_mask_sensitive_logging_elements)
2022-02-24 13:51:45 -0500  (tag: cxf-3.3.13)
2021-09-29 14:20:05 -0400  (tag: cxf-3.3.12)
2021-06-04 14:30:48 -0400  (tag: cxf-3.3.11)
2021-03-15 15:19:33 -0400  (tag: cxf-3.3.10)
2020-12-23 13:01:09 -0500  (tag: cxf-3.3.9)
2020-11-03 12:27:27 -0500  (tag: cxf-3.3.8)
2020-06-23 15:46:33 -0400  (tag: cxf-3.3.7)
2020-03-25 12:02:18 -0400  (tag: cxf-3.3.6)
2020-01-10 13:53:28 -0500  (tag: cxf-3.3.5)
2019-10-21 13:48:44 -0400  (tag: cxf-3.3.4)
2019-08-08 12:28:58 -0400  (tag: cxf-3.3.3)
2019-07-09 11:26:57 +0100  (origin/CXF-8071)
2019-05-10 10:24:39 -0400  (tag: cxf-3.3.2)
2019-02-28 11:29:02 -0500  (tag: cxf-3.3.1)
2019-01-24 13:39:22 -0500  (tag: cxf-3.3.0)
2020-06-23 13:32:16 -0400  (tag: cxf-3.2.14)
2020-03-24 13:18:54 -0400  (tag: cxf-3.2.13)
2020-01-10 12:29:53 -0500  (tag: cxf-3.2.12)
2019-10-23 14:11:49 -0400  (tag: cxf-3.2.11)
2019-08-08 11:00:23 -0400  (tag: cxf-3.2.10)
2019-05-10 08:52:35 -0400  (tag: cxf-3.2.9)
2019-01-24 15:09:22 -0500  (tag: cxf-3.2.8)
2018-10-24 13:10:40 -0400  (tag: cxf-3.2.7)
2018-08-08 17:20:01 -0400  (tag: cxf-3.2.6)
2018-06-18 14:55:29 -0400  (tag: cxf-3.2.5)
2018-03-22 14:28:57 -0400  (tag: cxf-3.2.4)
2018-03-16 15:08:03 -0400  (tag: cxf-3.2.3)
2018-02-02 13:30:56 -0500  (tag: cxf-3.2.2)
2017-11-02 15:20:09 -0400  (tag: cxf-3.2.1)
2017-09-06 12:18:45 -0400  (tag: cxf-3.2.0)
2017-04-19 14:35:53 +0800  (origin/websocket-undertow)
2017-01-11 12:14:43 +0800  (origin/master-java9)
2019-01-25 08:35:28 -0500  (tag: cxf-3.1.18)
2018-09-29 23:47:18 +0100  (tag: cxf-3.1.17)
2018-06-18 13:26:52 -0400  (tag: cxf-3.1.16)
2018-03-07 17:00:40 -0500  (tag: cxf-3.1.15)
2017-11-02 14:05:59 -0400  (tag: cxf-3.1.14)
2017-09-06 11:13:55 -0400  (tag: cxf-3.1.13)
2017-06-26 14:21:17 -0400  (tag: cxf-3.1.12)
2017-04-05 16:02:48 -0400  (tag: cxf-3.1.11)
2017-01-27 13:25:22 -0500  (tag: cxf-3.1.10)
2016-12-09 14:36:21 -0500  (tag: cxf-3.1.9)
2016-10-14 14:06:12 -0400  (tag: cxf-3.1.8)
2016-07-26 12:39:04 -0400  (tag: cxf-3.1.7)
2016-03-23 13:19:19 -0400  (tag: cxf-3.1.6)
2016-02-02 13:43:54 -0500  (tag: cxf-3.1.5)
2015-10-30 15:52:28 -0400  (tag: cxf-3.1.4)
2015-09-16 15:11:27 -0400  (tag: cxf-3.1.3)
2015-07-28 13:22:31 -0400  (tag: cxf-3.1.2)
2015-06-05 15:46:22 -0400  (tag: cxf-3.1.1)
2015-05-01 12:20:53 -0400  (tag: cxf-3.1.0)
2015-03-12 14:17:35 +0000  (origin/opensaml-3.0-port)
2017-11-23 11:24:23 +0000  (tag: cxf-3.0.16)
2017-09-06 10:17:58 -0400  (tag: cxf-3.0.15)
2017-06-26 17:18:47 -0400  (tag: cxf-3.0.14)
2017-04-05 15:50:12 -0400  (tag: cxf-3.0.13)
2016-12-09 13:37:41 -0500  (tag: cxf-3.0.12)
2016-10-14 13:46:45 -0400  (tag: cxf-3.0.11)
2016-07-26 11:13:08 -0400  (tag: cxf-3.0.10)
2016-03-23 14:08:24 -0400  (tag: cxf-3.0.9)
2016-02-02 15:36:11 -0500  (tag: cxf-3.0.8)
2015-10-30 14:37:09 -0400  (tag: cxf-3.0.7)
2015-07-27 14:23:17 -0400  (tag: cxf-3.0.6)
2015-04-30 14:41:00 -0400  (tag: cxf-3.0.5)
2015-02-11 18:29:07 -0500  (tag: cxf-3.0.4)
2014-12-02 20:26:00 -0500  (tag: cxf-3.0.3)
2014-10-08 10:19:09 -0400  (tag: cxf-3.0.2)
2014-07-15 14:16:03 -0400  (tag: cxf-3.0.1)
2014-05-14 15:09:56 -0400  (tag: cxf-3.0.0)
2014-02-14 20:54:37 +0000  (tag: cxf-3.0.0-milestone2)
2017-07-31 11:28:35 +0100  (tag: cxf-2.6.17)
2014-10-07 14:41:45 -0400  (tag: cxf-2.6.16)
2014-07-15 11:08:34 -0400  (tag: cxf-2.6.15)
2014-04-08 17:41:40 -0600  (tag: cxf-2.6.14)
2014-02-06 15:23:03 +0000  (tag: cxf-2.6.13)
2014-01-29 17:38:49 +0000  (tag: cxf-2.6.12)
2013-11-19 22:01:17 +0000  (tag: cxf-2.6.11)
2013-09-13 20:20:46 +0000  (tag: cxf-2.6.10)
2013-07-17 01:29:54 +0000  (tag: cxf-2.6.9)
2013-05-04 02:08:26 +0000  (tag: cxf-2.6.8)
2013-03-28 18:10:17 +0000  (tag: cxf-2.6.7)
2013-01-28 22:05:04 +0000  (tag: cxf-2.6.6)
2013-01-04 20:33:25 +0000  (tag: cxf-2.6.5)
2012-12-06 17:56:15 +0000  (tag: cxf-2.6.4)
2012-10-05 20:44:42 +0000  (tag: cxf-2.6.3)
2015-10-30 12:42:54 -0400  (tag: cxf-2.7.18)
2015-07-27 17:55:29 +0200  (tag: cxf-2.7.17)
2015-04-30 13:34:32 -0400  (tag: cxf-2.7.16)
2015-02-11 16:27:45 -0500  (tag: cxf-2.7.15)
2014-12-02 15:55:40 -0500  (tag: cxf-2.7.14)
2014-10-07 15:04:15 -0400  (tag: cxf-2.7.13)
2014-07-15 13:03:22 -0400  (tag: cxf-2.7.12)
2014-04-08 17:23:40 -0600  (tag: cxf-2.7.11)
2014-02-18 20:15:45 -0500  (tag: cxf-2.7.10)
2014-02-18 20:15:39 -0500  (tag: cxf-2.7.9)
2014-02-18 20:14:36 -0500  (tag: cxf-2.7.8)
2014-02-18 20:13:28 -0500  (tag: cxf-2.7.7)
2014-02-18 20:11:21 -0500  (tag: cxf-2.7.6)
2014-02-18 20:10:31 -0500  (tag: cxf-2.7.5)
2014-02-18 20:10:07 -0500  (tag: cxf-2.7.4)
2014-02-18 20:09:24 -0500  (tag: cxf-2.7.3)
2013-11-26 17:09:48 +0000  (tag: cxf-3.0.0-milestone1)
2013-01-04 21:39:39 +0000  (tag: cxf-2.7.2)
2012-12-06 19:36:32 +0000  (tag: cxf-2.7.1)
2012-10-06 02:18:27 +0000  (tag: cxf-2.7.0)
2013-07-16 20:05:51 +0000  (tag: cxf-2.5.11)
2013-03-28 17:37:12 +0000  (tag: cxf-2.5.10)
2013-01-28 21:28:32 +0000  (tag: cxf-2.5.9)
2013-01-04 19:36:57 +0000  (tag: cxf-2.5.8)
2012-12-06 16:42:30 +0000  (tag: cxf-2.5.7)
2012-10-05 19:40:43 +0000  (tag: cxf-2.5.6)
2012-08-14 18:30:45 +0000  (tag: cxf-2.5.5)
2012-05-30 14:49:50 +0000  (tag: cxf-2.5.4)
2012-10-05 18:28:48 +0000  (tag: cxf-2.4.10)
2012-08-14 18:04:05 +0000  (tag: cxf-2.4.9)
2012-08-14 19:40:03 +0000  (tag: cxf-2.6.2)
2012-05-30 15:57:38 +0000  (tag: cxf-2.6.1)
2012-04-12 19:00:27 +0000  (tag: cxf-2.6.0)
2012-05-30 13:51:21 +0000  (tag: cxf-2.4.8)
2012-04-11 18:40:36 +0000  (tag: cxf-2.4.7)
2012-01-19 18:51:04 +0000  (tag: cxf-2.4.6)
2011-12-13 20:57:02 +0000  (tag: cxf-2.4.5)
2011-11-03 09:38:18 +0000  (tag: cxf-2.4.4)
2011-10-04 16:46:22 +0000  (tag: cxf-2.4.3)
2012-05-29 17:40:54 +0000  (tag: cxf-2.3.11)
2012-04-11 17:25:31 +0000  (tag: cxf-2.3.10)
2012-01-19 18:24:21 +0000  (tag: cxf-2.3.9)
2011-12-13 19:40:10 +0000  (tag: cxf-2.3.8)
2011-10-04 15:37:45 +0000  (tag: cxf-2.3.7)
2011-08-11 02:41:46 +0000  (tag: cxf-2.3.6)
2012-04-12 17:24:18 +0000  (tag: cxf-2.5.3)
2012-01-20 16:27:10 +0000  (tag: cxf-2.5.2)
2011-12-15 16:07:26 +0000  (tag: cxf-2.5.1)
2011-10-28 22:20:55 +0000  (tag: cxf-2.5.0)
2011-08-11 15:18:05 +0000  (tag: cxf-2.4.2)
2011-06-10 01:45:36 +0000  (tag: cxf-2.4.1)
2011-04-13 00:54:06 +0000  (tag: cxf-2.4.0)
2011-06-10 00:57:39 +0000  (tag: cxf-2.3.5)
2011-04-13 00:01:12 +0000  (tag: cxf-2.3.4)
2011-02-23 18:20:05 +0000  (tag: cxf-2.3.3)
2011-01-18 03:10:53 +0000  (tag: cxf-2.3.2)
2010-12-02 03:00:25 +0000  (tag: cxf-2.3.1)
2010-10-07 20:51:46 +0000  (tag: cxf-2.3.0)
2010-12-01 22:33:19 +0000  (tag: cxf-2.2.12)
2010-10-07 19:05:32 +0000  (tag: cxf-2.2.11)
2010-08-13 02:15:23 +0000  (tag: cxf-2.2.10)
2010-06-02 15:07:49 +0000  (tag: cxf-2.2.9)
2010-05-07 16:31:51 +0000  (tag: cxf-2.2.8)
2010-03-18 19:28:58 +0000  (tag: cxf-2.2.7)
2010-01-19 21:47:38 +0000  (tag: cxf-2.2.6)
2009-11-14 19:38:01 +0000  (tag: cxf-2.2.5)
2009-10-08 03:05:00 +0000  (tag: cxf-2.2.4)
2009-07-29 16:17:51 +0000  (tag: cxf-2.2.3)
2010-06-01 18:55:27 +0000  (tag: cxf-2.1.10)
2010-01-19 20:41:55 +0000  (tag: cxf-2.1.9)
2009-11-15 05:15:41 +0000  (tag: cxf-2.1.8)
2009-10-08 02:03:25 +0000  (tag: cxf-2.1.7)
2009-07-29 14:14:30 +0000  (tag: cxf-2.1.6)
2009-04-21 19:03:54 +0000  (tag: cxf-2.1.5)
2009-05-22 16:05:41 +0000  (tag: cxf-2.2.2)
2009-04-21 19:52:47 +0000  (tag: cxf-2.2.1)
2009-03-15 16:36:38 +0000  (tag: cxf-2.2)
2009-02-05 19:45:20 +0000  (tag: cxf-2.1.4)
2008-10-22 12:15:30 +0000  (tag: cxf-2.1.3)
2008-08-12 20:17:07 +0000  (tag: cxf-2.1.2)
2008-06-17 02:48:49 +0000  (tag: cxf-2.1.1)
2008-04-24 18:22:32 +0000  (tag: cxf-2.1)
2008-04-23 17:50:00 +0000 