2021-10-07 22:38:44 +0300  (tag: release-1.6.1-rc0)
2021-10-07 22:37:12 +0300  (origin/1.6.1)
2020-03-27 10:08:59 -0700  (tag: release-1.6.0-rc2, origin/1.6.0-rc2)
2020-03-27 10:00:35 -0700  (origin/1.6.0)
2020-03-26 12:32:12 -0700  (tag: release-1.6.0-rc1, origin/1.6.0-rc1)
2019-01-02 14:04:25 -0800  (tag: release-1.5.0-rc0, origin/1.5.0)
2018-03-19 10:48:21 -0700  (tag: release-1.4.0-rc1, origin/1.4.0)
2018-03-19 09:51:27 -0700  (tag: release-1.4.0-rc0)
2018-01-18 15:57:40 -0800  (tag: release-1.3.3-rc1, origin/1.3.3)
2018-01-11 18:39:51 -0800  (tag: release-1.3.3-rc0)
2017-02-24 16:54:11 -0800  (tag: release-1.3.2-rc0, origin/1.3.2)
2016-07-14 15:33:59 -0700  (tag: release-1.3.1-rc1, origin/1.3.1)
2016-07-07 14:55:33 -0700  (tag: release-1.3.1-rc0)
2015-11-06 15:14:25 -0800  (tag: release-1.3.0-rc1, origin/1.3.0)
2015-11-02 09:45:37 -0800  (tag: release-1.3.0-rc0)
2013-12-06 12:58:55 -0800  (tag: v1.2.0)
2013-11-05 10:08:30 -0800  (tag: v1.1.0)
2013-09-03 16:56:46 -0700  (tag: v1.0.0)
2013-06-24 17:35:46 -0700  (tag: v0.0.10, origin/0.0.10)
2013-03-20 18:00:17 -0700  (tag: v0.0.9, origin/0.0.9)
2013-01-24 14:56:51 -0800  (origin/0.0.8)
2013-01-21 12:03:28 -0800  (origin/0.0.7)
2012-12-14 12:07:12 -0800  (tag: v0.0.6, origin/0.0.6)
2012-08-02 11:23:58 -0700  (origin/0.0.5)
2012-01-06 22:28:18 -0800  (origin/0.0.4)
2012-01-05 11:07:48 -0800  (origin/0.0.3)
2011-10-25 14:33:03 -0700  (origin/0.0.2)
2011-09-22 14:41:19 -0700  (origin/0.0.1)
2011-09-22 14:36:54 -0700 