2022-04-08 18:00:14 +0200  (tag: deltaspike-1.9.6)
2021-03-05 22:48:02 +0100  (tag: deltaspike-1.9.5)
2020-06-03 09:07:43 +0200  (tag: deltaspike-1.9.4)
2020-01-27 19:33:47 +0100  (tag: deltaspike-1.9.3)
2019-12-13 13:11:06 +0100  (origin/ds-1.9.2)
2019-12-13 13:10:51 +0100  (tag: deltaspike-1.9.2)
2019-08-13 14:44:03 +0200  (origin/ds-1.9.1)
2019-08-13 14:43:48 +0200  (tag: deltaspike-1.9.1)
2018-09-10 08:04:05 +0200  (tag: deltaspike-1.9.0)
2018-05-15 22:55:00 +0200  (tag: deltaspike-1.8.2)
2017-12-30 16:40:11 +0100  (tag: deltaspike-1.8.1)
2017-05-28 11:43:53 +0200  (origin/release_deltaspike_1.8.0)
2017-05-28 11:43:42 +0200  (tag: deltaspike-1.8.0)
2016-11-01 20:13:39 -0400  (origin/ds-1.7.2)
2016-11-01 20:13:28 -0400  (tag: deltaspike-1.7.2)
2016-07-17 12:02:26 -0400  (origin/ds-1.7.1)
2016-07-17 12:02:15 -0400  (tag: deltaspike-1.7.1)
2016-06-09 19:55:42 -0400  (origin/ds-1.7.0)
2016-06-09 19:55:31 -0400  (tag: deltaspike-1.7.0)
2016-04-23 21:01:21 +0200  (origin/ds-1.6.1)
2016-04-23 21:01:10 +0200  (tag: deltaspike-1.6.1)
2016-04-02 22:32:41 +0200  (origin/ds-1.6.0)
2016-04-02 22:32:22 +0200  (tag: deltaspike-1.6.0)
2016-02-18 20:27:50 +0100  (origin/ds-1.5.4)
2016-02-18 20:27:48 +0100  (tag: deltaspike-1.5.4)
2016-02-05 12:28:25 +0100  (origin/ds-1.5.3)
2016-02-05 12:28:24 +0100  (tag: deltaspike-1.5.3)
2015-12-06 17:03:58 +0100  (origin/ds-1.5.2)
2015-12-06 17:03:56 +0100  (tag: deltaspike-1.5.2)
2015-10-24 15:10:30 +0200  (origin/ds-1.5.1)
2015-10-24 15:10:27 +0200  (tag: deltaspike-1.5.1)
2015-08-10 02:48:25 +0200  (origin/ds-1.5.0)
2015-08-10 02:48:22 +0200  (tag: deltaspike-1.5.0)
2015-07-19 18:12:50 +0200  (origin/ds-1.4.2)
2015-07-19 18:12:48 +0200  (tag: deltaspike-1.4.2)
2015-06-12 21:47:37 +0200  (origin/ds-1.4.1)
2015-06-12 21:47:34 +0200  (tag: deltaspike-1.4.1)
2015-05-18 10:06:28 +0200  (origin/ds-1.4.0)
2015-05-18 10:06:26 +0200  (tag: deltaspike-1.4.0)
2015-03-02 17:58:41 +0100  (tag: deltaspike-root-1.3.0)
2014-12-20 23:18:22 +0100  (origin/deltaspike-1.2.1)
2014-12-20 23:18:20 +0100  (tag: deltaspike-project-1.2.1)
2014-11-30 17:37:17 +0100  (origin/deltaspike-1.2.0)
2014-11-30 17:37:15 +0100  (tag: deltaspike-project-1.2.0)
2014-11-01 20:54:56 +0100  (origin/deltaspike-1.1.0)
2014-11-01 20:54:54 +0100  (tag: deltaspike-project-1.1.0)
2014-09-21 19:30:50 +0200  (origin/deltaspike-1.0.3)
2014-09-21 19:30:49 +0200  (tag: deltaspike-project-1.0.3)
2014-08-17 13:55:17 +0200  (origin/deltaspike-1.0.2)
2014-08-17 13:55:14 +0200  (tag: deltaspike-project-1.0.2)
2014-07-13 15:24:02 +0200  (origin/deltaspike-1.0.1)
2014-07-13 15:24:01 +0200  (tag: deltaspike-project-1.0.1)
2014-06-14 17:08:49 +0200  (origin/deltaspike-1.0.0)
2014-06-14 17:08:48 +0200  (tag: deltaspike-project-1.0.0)
2014-04-30 15:45:09 +0200  (origin/deltaspike-0.7)
2014-04-30 15:45:07 +0200  (tag: deltaspike-project-0.7)
2014-03-16 17:55:05 +0100  (origin/deltaspike-0.6)
2014-03-16 17:55:05 +0100  (tag: deltaspike-project-0.6)
2013-09-11 13:40:40 +0200  (origin/deltaspike-0.5)
2013-09-11 13:40:40 +0200  (tag: deltaspike-project-0.5)
2013-05-28 14:12:05 +0200  (origin/deltaspike-0.4)
2013-05-28 14:12:05 +0200  (tag: deltaspike-project-0.4)
2012-08-15 11:28:24 +0200  (origin/deltaspike-0.3-incubating)
2012-08-15 11:28:23 +0200  (tag: deltaspike-project-0.3-incubating)
2012-04-15 21:27:53 +0200  (origin/deltaspike-0.2-incubating)
2012-04-15 21:27:52 +0200  (tag: deltaspike-project-0.2-incubating)
2012-02-02 20:41:44 +0100  (origin/deltaspike-0.1-incubating)
2012-02-02 20:41:43 +0100  (tag: deltaspike-project-0.1-incubating)
2011-12-22 14:04:14 +0100 