2021-07-17 19:55:23 +0200  (tag: 2.0.0.v20210717-M17, origin/2.0.0.v20210717-M17-prepare)
2021-05-04 19:02:28 +0200  (origin/DIRSTUDIO-1274-rework-integration-tests)
2021-04-05 23:44:38 +0200  (origin/DIRSTUDIO-1267-fix-binary-option)
2021-02-13 20:59:15 +0100  (tag: 2.0.0.v20210213-M16, origin/2.0.0.v20210213-M16-prepare)
2020-04-11 19:08:31 +0200  (tag: 2.0.0.v20200411-M15)
2018-09-09 13:39:21 +0200  (tag: 2.0.0.v20180908-M14, origin/2.0.0.v20180908-M14-prepare)
2017-12-12 22:23:59 +0100 
2017-10-24 10:49:36 +0000  (origin/trunk)
2017-12-11 23:14:25 +0100  (origin/studio-value)
2017-09-04 18:31:38 +0000  (tag: 2.0.0.v20170904-M13)
2017-09-04 18:30:27 +0000  (origin/2.0.0.v20170904-M13)
2016-11-01 21:23:34 +0000  (tag: 2.0.0.v20161101-M12)
2016-11-01 21:22:59 +0000  (origin/2.0.0.v20161101-M12)
2016-07-22 16:46:24 +0000  (tag: 2.0.0.v20160717-M11)
2016-07-17 19:15:09 +0000  (origin/2.0.0.v20160717-M11)
2016-06-28 20:39:34 +0000  (tag: 2.0.0.v20160628-M11)
2016-06-28 20:39:01 +0000  (origin/2.0.0.v20160628-M11)
2015-12-21 22:13:32 +0000  (tag: 2.0.0.v20151221-M10)
2015-12-21 22:12:59 +0000  (origin/2.0.0.v20151221-M10)
2015-06-06 21:21:43 +0000  (tag: 2.0.0.v20150606-M9)
2015-06-06 21:18:08 +0000  (origin/2.0.0.v20150606-M9)
2015-03-22 21:12:29 +0000  (origin/studio-tycho)
2013-06-28 10:56:12 +0000  (tag: 2.0.0.v20130628)
2013-05-17 16:35:58 +0000  (tag: 2.0.0.v20130517)
2013-03-08 16:58:44 +0000  (tag: 2.0.0.v20130308)
2013-01-31 18:06:43 +0000  (tag: 2.0.0.v20130131)
2013-01-25 13:42:25 +0000  (tag: 2.0.0.v20130125)
2013-01-23 14:53:40 +0000  (tag: 2.0.0.v20130123)
2012-12-20 20:13:35 +0000  (origin/studio-refact)
2012-02-24 16:33:50 +0000  (tag: 2.0.0.v20120224)
2012-01-27 17:53:39 +0000  (tag: 2.0.0.v20120127)
2012-01-12 13:37:00 +0000  (tag: 2.0.0.v20120111)
2012-01-10 17:10:00 +0000  (tag: 2.0.0.v20120110)
2011-02-20 23:01:13 +0000  (origin/m1)
2011-01-30 22:13:46 +0000  (origin/codec_refactoring)
2010-11-02 10:07:24 +0000  (origin/studio-connection-refactoring)
2010-10-08 14:47:17 +0000  (origin/shared-trunk-merge)
2010-03-30 13:45:56 +0000  (tag: 1.5.3.v20100330)
2009-12-13 01:02:21 +0000  (tag: 1.5.2.v20091211)
2009-12-02 13:48:07 +0000  (tag: 1.5.1.v20091130)
2009-11-05 19:42:27 +0000  (tag: 1.5.0.v20091102)
2009-10-19 11:21:20 +0000  (tag: 1.4.0.v20090407)
2008-10-21 12:46:15 +0000  (tag: 1.2.0-RC1)
2008-10-21 12:45:47 +0000  (tag: 1.2.0)
2008-08-18 10:01:18 +0000  (origin/1.2.x)
2008-10-21 12:44:56 +0000  (tag: 1.1.0-rc2)
2008-10-21 12:44:10 +0000  (tag: 1.1.0-rc)
2008-10-21 12:43:39 +0000  (tag: 1.1.0)
2008-02-19 06:48:57 +0000  (origin/1.1.0-rc)
2008-10-21 12:42:59 +0000  (tag: 1.0.0)
2008-01-30 13:59:34 +0000 
2008-10-21 12:34:10 +0000  (tag: 0.8.2)
2007-08-30 16:36:22 +0000  (origin/0.8.2)
2008-10-21 12:33:47 +0000  (tag: 0.8.1)
2007-07-19 10:30:26 +0000  (origin/0.8.1)
2008-10-21 12:32:18 +0000  (tag: 0.8.0)
2008-10-21 12:31:53 +0000  (tag: 0.7.0)
2008-10-21 12:30:59 +0000  (tag: 0.6.0)
2008-10-20 11:47:32 +0000  (tag: 1.3.0.v20081020)
2008-10-14 12:56:55 +0000  (tag: 1.3.0.v20081014)
2008-02-13 13:24:21 +0000  (origin/studio-maven)
2007-09-10 19:54:01 +0000  (tag: 1.0.1)