2022-07-16 06:33:37 -0500  (tag: 2.0.8)
2021-12-11 20:27:42 -0600  (tag: 2.0.7)
2021-07-06 12:01:55 -0500  (tag: 2.0.6)
2020-05-22 11:50:52 -0500  (tag: 2.0.5)
2019-12-10 20:09:22 -0600  (tag: 2.0.4)
2018-11-05 17:01:36 -0600  (tag: 2.0.3)
2018-10-25 18:37:02 +0530  (origin/FC-247)
2018-09-08 18:58:38 -0500  (tag: 2.0.2)
2018-07-14 14:58:41 -0500  (tag: 2.0.1)
2017-06-22 08:02:04 -0500  (tag: 2.0.0)
2017-05-03 06:11:08 -0500  (tag: 2.0.0-RC2)
2016-10-28 11:43:39 -0500  (tag: 2.0.0-RC1)
2016-07-18 16:20:08 -0500  (tag: 1.0.1)
2016-04-12 08:36:12 -0500  (tag: 1.0.0)
2015-04-10 11:04:34 +0200  (tag: 1.0-RC40)
2014-08-09 22:01:03 -0500  (tag: v1.0-RC39)
2014-07-05 19:05:17 -0500  (tag: v1.0-RC38)
2014-05-28 14:33:19 -0500  (tag: v1.0-RC37)
2014-04-27 16:21:01 -0500  (tag: v1.0-RC36)
2014-02-19 22:05:43 -0600  (tag: v1.0-RC35)
2013-12-29 11:51:27 -0600  (tag: v1.0-RC34)
2013-11-11 12:04:51 -0600  (tag: v1.0-RC33)
2013-11-03 12:50:42 -0600  (tag: v1.0-RC32)
2013-10-05 16:11:06 -0500  (tag: v1.0-RC31)
2013-09-19 08:23:34 -0500  (tag: v1.0-RC30)
2013-08-28 13:05:03 -0500  (tag: v1.0-RC29)
2013-06-30 16:43:02 -0500  (tag: v1.0-RC27)
2011-09-11 11:28:10 -0700 