2020-02-28 00:09:39 +0100  (tag: 2.0.0.AM26)
2019-04-08 22:24:28 +0200  (origin/caffeine)
2018-12-25 01:14:07 +0100  (origin/remove-infinite-timeout)
2018-08-14 08:07:50 +0200  (tag: 2.0.0.AM25)
2017-12-12 22:23:03 +0100 
2017-12-11 23:13:31 +0100  (origin/apacheds-value)
2017-10-26 09:00:25 +0000  (origin/trunk)
2017-06-03 12:42:03 +0000  (tag: 2.0.0-M24)
2016-07-16 08:29:02 +0000  (tag: 2.0.0-M23)
2016-06-22 19:29:30 +0000  (tag: 2.0.0-M22)
2015-12-18 11:19:41 +0000  (tag: 2.0.0-M21)
2015-04-28 20:58:49 +0000  (tag: 2.0.0-M20)
2014-11-19 16:04:45 +0000  (tag: 2.0.0-M19)
2014-11-13 22:47:23 +0000  (tag: 2.0.0-M18)
2014-06-30 07:26:58 +0000  (tag: 2.0.0-M17)
2014-03-10 09:39:08 +0000  (tag: 2.0.0-M16)
2013-08-14 14:44:57 +0000  (tag: 2.0.0-M15)
2013-06-27 08:36:31 +0000  (tag: 2.0.0-M14)
2013-06-21 16:48:14 +0000  (tag: 2.0.0-M13)
2013-04-29 20:05:29 +0000  (tag: 2.0.0-M12)
2013-04-10 00:24:57 +0000  (tag: 2.0.0-RC1)
2013-02-26 18:17:11 +0000  (tag: 2.0.0-M11)
2013-01-22 16:06:32 +0000  (tag: 2.0.0-M10)
2012-12-22 05:36:23 +0000  (tag: 2.0.0-M9)
2012-12-20 20:12:31 +0000  (origin/apacheds-refact)
2012-10-09 09:13:52 +0000  (tag: 2.0.0-M8)
2012-05-10 15:47:44 +0000  (tag: 2.0.0-M7)
2012-04-30 13:53:49 +0000  (origin/index-work)
2012-02-24 13:32:47 +0000  (tag: 2.0.0-M6)
2012-01-27 15:19:02 +0000  (tag: 2.0.0-M5)
2012-01-09 15:04:40 +0000  (tag: 2.0.0-M4)
2011-09-09 15:45:25 +0000  (tag: 2.0.0-M3)
2011-08-15 15:59:31 +0000  (tag: 2.0.0-M2)
2011-06-22 16:54:08 +0000  (tag: 2.0.0-M1)
2011-02-20 22:53:36 +0000  (origin/m1)
2011-02-03 19:21:25 +0000 
2010-05-19 19:09:31 +0000  (origin/xdbm-refactoring)
2011-02-01 23:32:48 +0000 
2010-01-06 02:13:33 +0000  (origin/apacheds-schema)
2011-01-30 22:12:32 +0000  (origin/codec_refactoring)
2010-12-08 18:46:02 +0000  (origin/apacheds-kerberos-codec-2.0)
2010-10-30 14:39:11 +0000 
2010-10-30 02:38:59 +0000  (origin/apacheds-config)
2010-08-20 13:03:00 +0000  (origin/apacheds-codec-merge)
2010-04-02 22:57:51 +0000  (tag: 1.5.7)
2010-03-19 16:59:41 +0000  (tag: 1.5.6)
2009-08-17 23:59:49 +0000  (tag: 1.5.5)
2009-02-12 16:58:31 +0000  (tag: 1.5.3)
2008-09-11 23:13:02 +0000  (tag: 1.5.4)
2008-08-19 01:00:24 +0000  (origin/bigbang)
2008-08-19 01:08:54 +0000  (tag: tags_old)
2008-04-16 07:32:24 +0000  (tag: 1.5.2-with-dependencies)
2008-04-16 05:25:35 +0000  (tag: 1.5.2)
2008-04-14 15:34:07 +0000  (tag: 1.0-RC1)
2008-04-14 15:34:07 +0000  (tag: 1.0-RC2)
2008-04-14 15:34:07 +0000  (tag: 1.0-RC3)
2008-04-14 15:34:07 +0000  (tag: 1.0-RC4)
2008-04-14 15:34:07 +0000  (tag: 1.0.0)
2008-04-14 15:34:07 +0000  (tag: 1.0.1)
2008-04-14 15:34:07 +0000  (tag: 1.0.2)
2008-04-14 15:34:07 +0000  (tag: 1.5.0)
2007-04-06 00:40:02 +0000  (origin/1.5-pre-release)
2008-04-14 15:34:07 +0000  (tag: 1.5.1)
2007-12-10 15:50:45 +0000  (tag: post_bigbang_phase1)
2007-12-10 15:47:15 +0000  (tag: old_trunk)
2005-12-29 22:50:58 +0000 
2005-10-31 21:34:25 +0000  (tag: release-0.9.3)
2005-08-30 08:25:40 +0000  (tag: release-0.9.2)
2005-07-30 00:54:58 +0000  (tag: release-0.9.1)
2005-05-09 00:05:59 +0000  (tag: release-0.9)
2005-03-13 23:49:40 +0000  (tag: release-0.8)