2022-05-04 07:44:46 +0100  (tag: kerby-all-2.0.2)
2020-05-25 09:41:40 +0100  (tag: kerby-all-2.0.1)
2019-01-08 10:21:52 +0000  (tag: kerby-all-2.0.0)
2018-05-21 11:41:23 +0100  (tag: kerby-all-1.1.1)
2017-11-21 10:59:51 +0000  (tag: kerby-all-1.1.0)
2017-08-30 11:04:28 +0100  (tag: kerby-all-1.0.1)
2017-05-10 07:51:30 +0100  (tag: kerby-all-1.0.0)
2017-04-18 16:04:15 +0800  (origin/backup-for-backends)
2016-03-06 18:12:27 +0100  (tag: kerby-all-1.0.0-RC2)
2016-01-03 18:05:56 +0800  (origin/pkinit-support-rsa, origin/backup-before-1.0.0-rc2)
2015-12-29 09:55:05 +0100  (origin/master)
2015-09-10 14:38:06 +0200  (tag: kerby-all-1.0.0-RC1)
2015-06-10 09:33:52 +0800  (origin/backup-before-1.0.0-rc1)
2015-01-13 06:15:33 +0800 
2015-01-11 09:30:51 +0800 
2014-10-13 21:56:45 +0800 
2014-02-22 02:49:21 +0800 
2014-09-24 08:10:12 +0800 
2015-01-12 08:51:41 +0100  (origin/maven-refactor)
2015-01-10 17:59:14 +0800 