2022-08-01 10:08:02 +0200  (tag: drill-1.20.2)
2022-05-16 10:46:30 +0200  (tag: drill-1.20.1)
2022-02-22 19:56:14 +0200  (tag: drill-1.20.0)
2021-06-04 22:50:39 -0700  (tag: drill-1.19.0, origin/1.19.0)
2020-09-05 09:39:24 -0700  (tag: drill-1.18.0)
2019-12-22 17:32:27 +0200  (tag: drill-1.17.0, origin/1.17.0)
2019-04-25 22:24:03 -0700  (tag: drill-1.16.0, origin/1.16.0)
2018-12-24 20:09:05 +0200  (tag: drill-1.15.0, origin/1.15.0)
2018-07-31 16:50:38 -0700  (tag: drill-1.14.0, origin/1.14.0)
2018-03-11 11:35:50 +0530  (tag: drill-1.13.0, origin/1.13.0)
2017-12-10 14:03:00 +0000  (tag: drill-1.12.0, origin/1.12.0)
2017-07-24 13:47:07 +0000  (tag: drill-1.11.0, origin/1.11.0)
2017-03-08 13:30:49 -0800  (tag: drill1.10.0, origin/1.10.0)
2016-11-18 11:44:30 -0800  (tag: drill-1.9.0, origin/1.9.0)
2016-08-24 22:20:12 -0700  (tag: drill-1.8.0, origin/1.8.0)
2016-06-28 13:32:08 -0700  (tag: drill-1.7.0, origin/1.7.0)
2016-03-10 16:34:37 -0800  (tag: drill-1.6.0, origin/1.6.0)
2016-02-09 15:36:09 -0800  (tag: drill-1.5.0, origin/1.5.0)
2015-12-08 00:24:59 -0800  (tag: drill-1.4.0, origin/1.4.0)
2015-11-17 22:05:19 -0800  (tag: drill-1.3.0, origin/1.3.0)
2015-10-19 09:02:41 -0700  (tag: drill-1.2.0, origin/1.2.0)
2015-07-01 11:12:31 -0700  (tag: drill-1.1.0)
2015-05-19 20:05:24 -0700  (tag: drill-1.0.0, origin/1.0.0)
2015-05-03 11:56:56 -0700  (tag: drill-0.9.0, origin/0.9.0)
2015-03-25 21:11:23 -0700  (tag: drill-0.8.0, origin/0.8.0)
2014-12-17 16:47:45 -0800  (tag: drill-0.7.0, origin/0.7.0)
2014-10-02 02:27:35 -0700  (tag: 0.6.0-incubating)
2014-10-01 15:03:16 -0700  (origin/0.6.0-incubating)
2014-09-02 22:01:21 -0700  (tag: 0.5.0-incubating)
2014-07-31 07:40:14 -0700  (tag: drill-0.4.0, origin/0.4.0-incubating)
2013-09-10 21:56:47 -0700  (tag: drill-0.1.0, origin/0.1.0.0-milestone1)
2013-07-21 17:35:33 -0700  (tag: oscon_workshop)
2012-09-03 13:21:32 -0700 