2022-03-08 15:48:20 +0100  (tag: apache-empire-db-3.0.0, tag: apache-empire-db-3-0.0-rc1)
2022-02-17 11:09:02 +0100  (origin/version3)
2022-01-18 14:14:28 +0100  (tag: empire-db-parent-2.5.1, tag: apache-empire-db-2.5.1)
2021-08-17 15:47:23 +0200  (origin/spring-boot)
2020-05-04 14:48:06 +0200  (tag: apache-empire-db-2.5.0-rc1, tag: apache-empire-db-2.5.0)
2018-10-23 21:11:44 +0200  (tag: apache-empire-db-2.4.7-rc1a, tag: apache-empire-db-2.4.7)
2018-10-23 19:28:56 +0200  (tag: apache-empire-db-2.4.7-rc1)
2017-01-09 11:46:49 +0100  (tag: apache-empire-db-2.4.6-rc2, tag: apache-empire-db-2.4.6)
2017-01-05 12:41:51 +0100  (tag: apache-empire-db-2.4.6-rc1)
2016-11-09 11:07:51 +0100  (tag: apache-empire-db-2.4.5-rc1)
2015-08-11 12:08:12 +0200  (tag: apache-empire-db-2.4.4-rc1)
2014-08-17 21:01:02 +0000  (tag: apache-empire-db-2.4.3)
2014-07-30 12:20:09 +0000  (tag: apache-empire-db-2.4.3-rc1)
2013-10-15 20:26:21 +0000  (tag: apache-empire-db-2.4.2)
2013-10-03 17:59:53 +0000  (tag: apache-empire-db-2.4.2-rc1)
2012-10-30 20:05:04 +0000  (tag: apache-empire-db-2.4.1)
2012-10-25 08:04:04 +0000  (tag: apache-empire-db-2.4.1-rc2)
2012-10-23 10:04:22 +0000  (tag: apache-empire-db-2.4.1-rc1)
2012-08-07 22:43:18 +0000  (tag: apache-empire-db-2.4.0)
2012-07-31 11:23:05 +0000  (tag: apache-empire-db-2.4.0-rc2)
2012-07-31 10:20:25 +0000  (tag: apache-empire-db-2.4.0-rc1)
2012-03-19 09:43:03 +0000  (tag: empire-db-parent-2.3.0)
2012-02-11 00:37:51 +0000  (tag: PreAutoGenerateChange)
2012-02-11 00:37:51 +0000  (tag: apache-empire-db-2.0.3-incubating)
2012-02-11 00:37:51 +0000  (tag: apache-empire-db-2.0.4-incubating)
2012-02-11 00:37:51 +0000  (tag: apache-empire-db-2.0.5-incubating)
2012-02-11 00:37:51 +0000  (tag: apache-empire-db-2.0.5-incubating-rc1-failed)
2012-02-11 00:37:51 +0000  (tag: apache-empire-db-2.0.5-incubating-rc2-failed)
2012-02-11 00:37:51 +0000  (tag: apache-empire-db-2.0.5-incubating-rc3-nonjava5)
2012-02-11 00:37:51 +0000  (tag: apache-empire-db-2.0.5-incubating-rc4)
2012-02-11 00:37:51 +0000  (tag: apache-empire-db-2.0.5-incubating-rc5)
2012-02-11 00:37:51 +0000  (tag: apache-empire-db-2.0.5-incubating-rc6)
2012-02-11 00:37:51 +0000  (tag: apache-empire-db-2.0.6-incubating)
2012-02-11 00:37:51 +0000  (tag: apache-empire-db-2.0.6-incubating-rc1)
2012-02-11 00:37:51 +0000  (tag: apache-empire-db-2.0.6-incubating-rc2)
2012-02-11 00:37:51 +0000  (tag: apache-empire-db-2.0.6-incubating-rc3)
2012-02-11 00:37:51 +0000  (tag: apache-empire-db-2.0.6-incubating-rc4)
2012-02-11 00:37:51 +0000  (tag: apache-empire-db-2.0.7-incubating)
2012-02-11 00:37:51 +0000  (tag: apache-empire-db-2.0.7-incubating-rc1)
2012-02-11 00:37:51 +0000  (tag: apache-empire-db-2.0.7-incubating-rc2)
2012-02-11 00:37:51 +0000  (tag: apache-empire-db-2.1.0-incubating)
2012-02-11 00:37:51 +0000  (tag: apache-empire-db-2.1.0-incubating-rc1)
2012-02-11 00:37:51 +0000  (tag: apache-empire-db-2.2.0-incubating)
2012-02-11 00:37:51 +0000  (tag: apache-empire-db-2.2.0-incubating-rc1)
2012-02-11 00:37:51 +0000  (tag: apache-empire-struts2-ext-1.0.3-incubating)
2012-02-11 00:37:51 +0000  (tag: apache-empire-struts2-ext-1.0.4-incubating)
2012-02-11 00:37:51 +0000  (tag: pre-maven)