2018-03-05 14:15:51 +0530  (tag: release-0.11-rc3)
2018-03-05 14:15:29 +0530  (origin/0.11)
2018-02-28 10:35:11 +0530  (tag: release-0.11-rc2)
2018-01-08 10:39:06 +0530  (tag: release-0.11-rc1)
2017-11-30 14:36:34 +0530  (tag: release-0.11-rc0)
2016-08-05 09:28:23 -0700  (tag: release-0.10-rc3)
2016-08-02 14:55:37 -0700  (tag: release-0.10-rc2)
2016-07-28 00:06:57 -0700  (tag: release-0.10-rc1)
2016-07-21 11:44:24 -0700  (tag: release-0.10-rc0)
2016-02-05 17:44:05 +0530  (tag: release-0.9-rc0, origin/0.9)
2015-11-06 11:48:19 -0800  (tag: release-0.8-rc0)
2015-09-03 18:47:30 +0530  (tag: release-0.7-rc2, origin/0.7)
2015-09-02 13:58:14 +0530  (tag: release-0.7-rc1)
2015-09-02 01:33:33 +0530  (tag: release-0.7-rc0)
2015-06-17 13:15:50 +0530  (tag: release-0.6.1-rc2, origin/0.6.1)
2015-06-15 15:24:50 +0530  (tag: release-0.6.1-rc1)
2015-05-10 01:26:11 +0530  (tag: release-0.6.1-rc0)
2014-11-19 23:42:56 -0800  (tag: release-0.6-rc1, origin/branch-0.6)
2014-11-14 22:11:22 -0800  (tag: release-0.6-rc0)
2014-09-01 15:04:08 +0300  (origin/designer)
2014-09-15 11:31:18 +0530  (tag: release-0.5-rc6, origin/0.5)
2014-09-10 12:05:20 +0530  (tag: release-0.5-rc5)
2014-08-08 13:49:40 -0700  (tag: release-0.5-rc4, origin/branch-0.5)
2014-06-16 11:17:50 +0530  (tag: release-0.5-rc3)
2014-05-13 10:30:21 -0700  (tag: release-0.5-rc2)
2014-05-12 12:11:14 -0700  (tag: release-0.5-rc1)
2014-05-07 14:54:18 -0700  (tag: release-0.5-rc0)
2014-01-20 16:48:37 -0800  (tag: release-0.4-rc2, origin/branch-0.4)
2014-01-02 11:29:28 -0800  (tag: release-0.4-rc1)
2013-11-13 22:46:57 -0800  (tag: release-0.4-rc0)
2013-08-06 00:41:50 +0530  (tag: v0.3-rc4, origin/v0.3)
2013-07-22 21:10:27 +0530  (tag: v0.3-rc1)
2013-07-20 20:34:22 +0530  (tag: v0.3)
2011-11-24 09:16:09 +0530 