2020-02-24 22:14:13 +0000  (tag: 1.0.0)
2020-02-24 22:14:13 +0000  (tag: commons-build-1.0.0)
2007-07-24 09:31:07 +0000 
2020-02-24 22:14:13 +0000  (tag: felix-1.0.3)
2020-02-24 22:14:13 +0000  (tag: felix-1.0.4)
2020-02-24 22:14:13 +0000  (tag: felix-parent-1.2.0)
2020-02-24 22:14:13 +0000  (tag: felix-parent-1.2.1)
2020-02-24 22:14:13 +0000  (tag: felix-parent-2)
2020-02-24 22:14:13 +0000  (tag: felix-parent-2.1)
2020-02-24 22:14:13 +0000  (tag: felix-parent-3)
2020-02-24 22:14:13 +0000  (tag: felix-parent-4)
2020-02-24 22:14:13 +0000  (tag: felix-parent-5)
2020-02-24 22:14:13 +0000  (tag: felix-parent-6)
2020-02-24 22:14:13 +0000  (tag: gogo-0.2.0)
2020-02-24 22:14:13 +0000  (tag: gogo-0.2.2)
2020-02-24 22:14:13 +0000  (tag: gogo-0.4.0)
2020-02-24 22:14:13 +0000  (tag: gogo-parent-0.6.0)
2020-02-24 22:14:13 +0000  (tag: gogo-parent-2)
2020-02-24 22:14:13 +0000  (tag: gogo-parent-4)
2020-02-24 22:14:13 +0000  (tag: gogo-parent-5)
2010-06-06 20:39:11 +0000 
2020-02-24 22:14:13 +0000  (tag: gogo-reactor-1.0.0)
2009-06-11 16:07:20 +0000 
2020-02-24 22:14:13 +0000  (tag: javax.servlet-1.0.0)
2005-12-08 20:55:55 +0000 
2020-02-24 22:14:13 +0000  (tag: karaf-1.0.0)
2020-02-24 22:14:13 +0000  (tag: karaf-1.2.0)
2020-02-24 22:14:13 +0000  (tag: karaf-1.4.0)
2020-02-24 22:14:13 +0000  (tag: karaf-1.6.0)
2020-02-24 22:14:13 +0000  (tag: karaf-1.6.2)
2007-11-26 18:06:16 +0000 
2020-02-24 22:14:13 +0000  (tag: maven-bundle-plugin-0.8.0-incubator)
2020-02-24 22:14:13 +0000  (tag: maven-bundle-plugin-1.0.0)
2020-02-24 22:14:13 +0000  (tag: maven-bundle-plugin-1.2.0)
2020-02-24 22:14:13 +0000  (tag: maven-bundle-plugin-1.2.1)
2020-02-24 22:14:13 +0000  (tag: maven-bundle-plugin-1.4.0)
2020-02-24 22:14:13 +0000  (tag: maven-bundle-plugin-1.4.1)
2020-02-24 22:14:13 +0000  (tag: maven-bundle-plugin-1.4.2)
2020-02-24 22:14:13 +0000  (tag: maven-bundle-plugin-1.4.3)
2020-02-24 22:14:13 +0000  (tag: maven-bundle-plugin-2.0.0)
2020-02-24 22:14:13 +0000  (tag: maven-bundle-plugin-2.0.1)
2020-02-24 22:14:13 +0000  (tag: maven-bundle-plugin-2.1.0)
2020-02-24 22:14:13 +0000  (tag: maven-bundle-plugin-2.2.0)
2020-02-24 22:14:13 +0000  (tag: maven-bundle-plugin-2.3.4)
2020-02-24 22:14:13 +0000  (tag: maven-bundle-plugin-2.3.5)
2020-02-24 22:14:13 +0000  (tag: maven-bundle-plugin-2.3.6)
2020-02-24 22:14:13 +0000  (tag: maven-bundle-plugin-2.3.7)
2020-02-24 22:14:13 +0000  (tag: maven-bundle-plugin-2.4.0)
2020-02-24 22:14:13 +0000  (tag: maven-bundle-plugin-2.5.0)
2020-02-24 22:14:13 +0000  (tag: maven-bundle-plugin-2.5.1)
2020-02-24 22:14:13 +0000  (tag: maven-bundle-plugin-2.5.2)
2020-02-24 22:14:13 +0000  (tag: maven-bundle-plugin-2.5.3)
2020-02-24 22:14:13 +0000  (tag: maven-bundle-plugin-2.5.4)
2020-02-24 22:14:13 +0000  (tag: maven-bundle-plugin-3.0.0)
2020-02-24 22:14:13 +0000  (tag: maven-bundle-plugin-3.0.1)
2020-02-24 22:14:13 +0000  (tag: maven-bundle-plugin-3.2.0)
2020-02-24 22:14:13 +0000  (tag: maven-bundle-plugin-3.3.0)
2020-02-24 22:14:13 +0000  (tag: maven-bundle-plugin-3.4.0)
2020-02-24 22:14:13 +0000  (tag: maven-bundle-plugin-3.5.0)
2020-02-24 22:14:13 +0000  (tag: maven-bundle-plugin-3.5.1)
2020-02-24 22:14:13 +0000  (tag: maven-bundle-plugin-4.0.0)
2020-02-24 22:14:13 +0000  (tag: maven-bundle-plugin-4.1.0)
2020-02-24 22:14:13 +0000  (tag: maven-bundle-plugin-4.2.0)
2020-02-24 22:14:13 +0000  (tag: maven-bundle-plugin-4.2.1)
2006-10-31 17:32:16 +0000 
2020-02-24 22:14:13 +0000  (tag: maven-ipojo-plugin-0.8.0)
2020-02-24 22:14:13 +0000  (tag: maven-ipojo-plugin-1.0.0)
2020-02-24 22:14:13 +0000  (tag: maven-ipojo-plugin-1.2.0)
2020-02-24 22:14:13 +0000  (tag: maven-ipojo-plugin-1.4.0)
2020-02-24 22:14:13 +0000  (tag: maven-ipojo-plugin-1.4.2)
2020-02-24 22:14:13 +0000  (tag: maven-ipojo-plugin-1.6.0)
2020-02-24 22:14:13 +0000  (tag: maven-ipojo-plugin-1.8.0)
2006-06-14 15:22:03 +0000 
2020-02-24 22:14:13 +0000  (tag: maven-junit4osgi-plugin-1.0.0)
2008-11-11 16:55:06 +0000 
2020-02-24 22:14:13 +0000  (tag: maven-obr-plugin-1.0.0)
2020-02-24 22:14:13 +0000  (tag: maven-obr-plugin-1.2.0)
2007-09-04 14:52:47 +0000 
2020-02-24 22:14:13 +0000  (tag: maven-scr-plugin-0.1.0)
2020-02-24 22:14:13 +0000  (tag: maven-scr-plugin-0.2.0)
2020-02-24 22:14:13 +0000  (tag: maven-scr-plugin-0.4.0)
2020-02-24 22:14:13 +0000  (tag: maven-scr-plugin-1.0.1)
2020-02-24 22:14:13 +0000  (tag: maven-scr-plugin-1.0.10)
2020-02-24 22:14:13 +0000  (tag: maven-scr-plugin-1.0.2)
2020-02-24 22:14:13 +0000  (tag: maven-scr-plugin-1.0.3)
2020-02-24 22:14:13 +0000  (tag: maven-scr-plugin-1.0.4)
2020-02-24 22:14:13 +0000  (tag: maven-scr-plugin-1.0.5)
2020-02-24 22:14:13 +0000  (tag: maven-scr-plugin-1.0.6)
2020-02-24 22:14:13 +0000  (tag: maven-scr-plugin-1.0.7)
2020-02-24 22:14:13 +0000  (tag: maven-scr-plugin-1.0.8)
2020-02-24 22:14:13 +0000  (tag: maven-scr-plugin-1.10.0)
2020-02-24 22:14:13 +0000  (tag: maven-scr-plugin-1.11.0)
2020-02-24 22:14:13 +0000  (tag: maven-scr-plugin-1.12.0)
2020-02-24 22:14:13 +0000  (tag: maven-scr-plugin-1.13.0)
2020-02-24 22:14:13 +0000  (tag: maven-scr-plugin-1.14.0)
2020-02-24 22:14:13 +0000  (tag: maven-scr-plugin-1.15.0)
2020-02-24 22:14:13 +0000  (tag: maven-scr-plugin-1.16.0)
2020-02-24 22:14:13 +0000  (tag: maven-scr-plugin-1.17.0)
2020-02-24 22:14:13 +0000  (tag: maven-scr-plugin-1.18.0)
2020-02-24 22:14:13 +0000  (tag: maven-scr-plugin-1.19.0)
2020-02-24 22:14:13 +0000  (tag: maven-scr-plugin-1.2.0)
2020-02-24 22:14:13 +0000  (tag: maven-scr-plugin-1.20.0)
2020-02-24 22:14:13 +0000  (tag: maven-scr-plugin-1.21.0)
2020-02-24 22:14:13 +0000  (tag: maven-scr-plugin-1.22.0)
2020-02-24 22:14:13 +0000  (tag: maven-scr-plugin-1.23.0)
2020-02-24 22:14:13 +0000  (tag: maven-scr-plugin-1.24.0)
2020-02-24 22:14:13 +0000  (tag: maven-scr-plugin-1.25.0)
2020-02-24 22:14:13 +0000  (tag: maven-scr-plugin-1.26.0)
2020-02-24 22:14:13 +0000  (tag: maven-scr-plugin-1.26.2)
2020-02-24 22:14:13 +0000  (tag: maven-scr-plugin-1.26.4)
2020-02-24 22:14:13 +0000  (tag: maven-scr-plugin-1.4.0)
2020-02-24 22:14:13 +0000  (tag: maven-scr-plugin-1.4.2)
2020-02-24 22:14:13 +0000  (tag: maven-scr-plugin-1.4.4)
2007-08-03 12:07:45 +0000 
2020-02-24 22:14:13 +0000  (tag: maven-scr-plugin-1.6.0)
2020-02-24 22:14:13 +0000  (tag: maven-scr-plugin-1.7.0)
2020-02-24 22:14:13 +0000  (tag: maven-scr-plugin-1.7.2)
2020-02-24 22:14:13 +0000  (tag: maven-scr-plugin-1.7.4)
2020-02-24 22:14:13 +0000  (tag: maven-scr-plugin-1.8.0)
2020-02-24 22:14:13 +0000  (tag: maven-scr-plugin-1.9.0)
2010-10-21 10:44:02 +0000 
2020-02-24 22:14:13 +0000  (tag: org.apache.felix.bundlerepository-0.8.0-incubator)
2020-02-24 22:14:13 +0000  (tag: org.apache.felix.bundlerepository-1.0.0)
2020-02-24 22:14:13 +0000  (tag: org.apache.felix.bundlerepository-1.0.2)
2020-02-24 22:14:13 +0000  (tag: org.apache.felix.bundlerepository-1.0.3)
2020-02-24 22:14:13 +0000  (tag: org.apache.felix.bundlerepository-1.2.0)
2020-02-24 22:14:13 +0000  (tag: org.apache.felix.bundlerepository-1.2.1)
2020-02-24 22:14:13 +0000  (tag: org.apache.felix.bundlerepository-1.4.0)
2020-02-24 22:14:13 +0000  (tag: org.apache.felix.bundlerepository-1.4.1)
2020-02-24 22:14:13 +0000  (tag: org.apache.felix.bundlerepository-1.4.2)
2020-02-24 22:14:13 +0000  (tag: org.apache.felix.bundlerepository-1.4.3)
2020-02-24 22:14:13 +0000  (tag: org.apache.felix.bundlerepository-1.6.0)
2020-02-24 22:14:13 +0000  (tag: org.apache.felix.bundlerepository-1.6.2)
2020-02-24 22:14:13 +0000  (tag: org.apache.felix.bundlerepository-1.6.4)
2020-02-24 22:14:13 +0000  (tag: org.apache.felix.bundlerepository-1.6.6)
2020-02-24 22:14:13 +0000  (tag: org.apache.felix.bundlerepository-2.0.10)
2020-02-24 22:14:13 +0000  (tag: org.apache.felix.bundlerepository-2.0.2)
2020-02-24 22:14:13 +0000  (tag: org.apache.felix.bundlerepository-2.0.4)
2020-02-24 22:14:13 +0000  (tag: org.apache.felix.bundlerepository-2.0.6)
2020-02-24 22:14:13 +0000  (tag: org.apache.felix.bundlerepository-2.0.8)
2006-04-04 13:17:11 +0000 
2020-02-24 22:14:13 +0000  (tag: org.apache.felix.commons.activation-1.1.0-0001)
2007-03-14 04:15:41 +0000 
2020-02-24 22:14:13 +0000  (tag: org.apache.felix.commons.commons-beanutils-1.7.0-0001)
2020-02-24 22:14:13 +0000  (tag: org.apache.felix.commons.commons-codec-1.3.0-0001)
2020-02-24 22:14:13 +0000  (tag: org.apache.felix.commons.commons-collections-3.2.0-0001)
2020-02-24 22:14:13 +0000  (tag: org.apache.felix.commons.commons-io-1.3.2-0001)
2020-02-24 22:14:13 +0000  (tag: org.apache.felix.commons.commons-lang-2.3.0-0001)
2007-02-22 00:35:10 +0000 
2020-02-24 22:14:13 +0000  (tag: org.apache.felix.commons.mail-1.4.0-0001)
2007-03-14 04:45:15 +0000 
2020-02-24 22:14:13 +0000  (tag: org.apache.felix.commons.poi-3.0.1-FINAL-0001)
2007-07-10 09:49:30 +0000 
2020-02-24 22:14:13 +0000  (tag: org.apache.felix.commons.poi-full-3.0.1-FINAL-0001)
2007-08-03 13:03:08 +0000 
2020-02-24 22:14:13 +0000  (tag: org.apache.felix.commons.servlet-api-2.3.0-0001)
2020-02-24 22:14:13 +0000  (tag: org.apache.felix.commons.servlet-api-2.4.0-0001)
2007-03-14 04:58:28 +0000 
2020-02-24 22:14:13 +0000  (tag: org.apache.felix.commons.xml-apis-1.3.4-0001)
2007-07-04 17:06:50 +0000 
2020-02-24 22:14:13 +0000  (tag: org.apache.felix.configadmin-1.0.0)
2020-02-24 22:14:13 +0000  (tag: org.apache.felix.configadmin-1.0.1)
2020-02-24 22:14:13 +0000  (tag: org.apache.felix.configadmin-1.0.10)
2020-02-24 22:14:13 +0000  (tag: org.apache.felix.configadmin-1.0.4)
2020-02-24 22:14:13 +0000  (tag: org.apache.felix.configadmin-1.0.8)
2020-02-24 22:14:13 +0000  (tag: org.apache.felix.configadmin-1.2.0)
2020-02-24 22:14:13 +0000  (tag: org.apache.felix.configadmin-1.2.4)
2020-02-24 22:14:13 +0000  (tag: org.apache.felix.configadmin-1.2.8)
2020-02-24 22:14:13 +0000  (tag: org.apache.felix.configadmin-1.4.0)
2020-02-24 22:14:13 +0000  (tag: org.apache.felix.configadmin-1.6.0)
2020-02-24 22:14:13 +0000  (tag: org.apache.felix.configadmin-1.8.0)
2020-02-24 22:14:13 +0000  (tag: org.apache.felix.configadmin-1.8.10)
2020-02-24 22:14:13 +0000  (tag: org.apache.felix.configadmin-1.8.12)
2020-02-24 22:14:13 +0000  (tag: org.apache.felix.configadmin-1.8.14)
2020-02-24 22:14:13 +0000  (tag: org.apache.felix.configadmin-1.8.16)
2020-02-24 22:14:13 +0000  (tag: org.apache.felix.configadmin-1.8.2)
2020-02-24 22:14:13 +0000  (tag: org.apache.felix.configadmin-1.8.4)
2020-02-24 22:14:13 +0000  (tag: org.apache.felix.configadmin-1.8.6)
2020-02-24 22:14:13 +0000  (tag: org.apache.felix.configadmin-1.8.8)
2020-02-24 22:14:13 +0000  (tag: org.apache.felix.configadmin-1.9.0)
2020-02-24 22:14:13 +0000  (tag: org.apache.felix.configadmin-1.9.10)
2020-02-24 22:14:13 +0000  (tag: org.apache.felix.configadmin-1.9.12)
2020-02-24 22:14:13 +0000  (tag: org.apache.felix.configadmin-1.9.14)
2020-02-24 22:14:13 +0000  (tag: org.apache.felix.configadmin-1.9.16)
2020-02-24 22:14:13 +0000  (tag: org.apache.felix.configadmin-1.9.2)
2020-02-24 22:14:13 +0000  (tag: org.apache.felix.configadmin-1.9.4)
2020-02-24 22:14:13 +0000  (tag: org.apache.felix.configadmin-1.9.6)
2020-02-24 22:14:13 +0000  (tag: org.apache.felix.configadmin-1.9.8)
2007-04-11 18:12:33 +0000 
2020-02-24 22:14:13 +0000  (tag: org.apache.felix.configadmin.plugin.interpolation-0.0.2)
2020-02-24 22:14:13 +0000  (tag: org.apache.felix.configadmin.plugin.interpolation-0.0.4)
2020-02-24 22:14:13 +0000  (tag: org.apache.felix.configadmin.plugin.interpolation-1.0.0)
2019-07-26 08:21:10 +0000 
2020-02-24 22:14:13 +0000  (tag: org.apache.felix.configurator-1.0.0)
2020-02-24 22:14:13 +0000  (tag: org.apache.felix.configurator-1.0.10)
2020-02-24 22:14:13 +0000  (tag: org.apache.felix.configurator-1.0.2)
2020-02-24 22:14:13 +0000  (tag: org.apache.felix.configurator-1.0.4)
2020-02-24 22:14:13 +0000  (tag: org.apache.felix.configurator-1.0.6)
2020-02-24 22:14:13 +0000  (tag: org.apache.felix.configurator-1.0.8)
2016-06-28 13:14:20 +0000 
2020-02-24 22:14:13 +0000  (tag: org.apache.felix.connect-0.1.0)
2020-02-24 22:14:13 +0000  (tag: org.apache.felix.connect-0.2.0)
2014-03-31 16:38:59 +0000 
2020-02-24 22:14:13 +0000  (tag: org.apache.felix.converter-1.0.0)
2020-02-24 22:14:13 +0000  (tag: org.apache.felix.converter-1.0.10)
2020-02-24 22:14:13 +0000  (tag: org.apache.felix.converter-1.0.12)
2020-02-24 22:14:13 +0000  (tag: org.apache.felix.converter-1.0.2)
2020-02-24 22:14:13 +0000  (tag: org.apache.felix.converter-1.0.4)
2020-02-24 22:14:13 +0000  (tag: org.apache.felix.converter-1.0.6)
2020-02-24 22:14:13 +0000  (tag: org.apache.felix.converter-1.0.8)
2016-08-25 12:58:22 +0000 
2020-02-24 22:14:13 +0000  (tag: org.apache.felix.coordinator-1.0.0)
2020-02-24 22:14:13 +0000  (tag: org.apache.felix.coordinator-1.0.2)
2010-10-10 21:14:10 +0000 
2020-02-24 22:14:13 +0000  (tag: org.apache.felix.dependencymanager-2.0.1)
2020-02-24 22:14:13 +0000  (tag: org.apache.felix.dependencymanager-3.0.0)
2020-02-24 22:14:13 +0000  (tag: org.apache.felix.dependencymanager-3.1.0)
2020-02-24 22:14:13 +0000  (tag: org.apache.felix.dependencymanager-3.2.0)
2020-02-24 22:14:13 +0000  (tag: org.apache.felix.dependencymanager-r1)
2020-02-24 22:14:13 +0000  (tag: org.apache.felix.dependencymanager-r11)
2020-02-24 22:14:13 +0000  (tag: org.apache.felix.dependencymanager-r13)
2020-02-24 22:14:13 +0000  (tag: org.apache.felix.dependencymanager-r14)
2020-02-24 22:14:13 +0000  (tag: org.apache.felix.dependencymanager-r15)
2020-02-24 22:14:13 +0000  (tag: org.apache.felix.dependencymanager-r2)
2020-02-24 22:14:13 +0000  (tag: org.apache.felix.dependencymanager-r3)
2015-03-01 09:27:46 +0000 
2020-02-24 22:14:13 +0000  (tag: org.apache.felix.dependencymanager-r5)
2020-02-24 22:14:13 +0000  (tag: org.apache.felix.dependencymanager-r6)
2020-02-24 22:14:13 +0000  (tag: org.apache.felix.dependencymanager-r8)
2020-02-24 22:14:13 +0000  (tag: org.apache.felix.dependencymanager-r9)
2015-03-01 09:27:46 +0000 
2015-01-03 16:36:25 +0000 
2014-02-25 23:28:08 +0000 
2014-02-05 23:22:32 +0000 
2006-03-25 20:46:19 +0000 
2020-02-24 22:14:13 +0000  (tag: org.apache.felix.dependencymanager.annotation-3.0.0)
2020-02-24 22:14:13 +0000  (tag: org.apache.felix.dependencymanager.annotation-3.1.0)
2020-02-24 22:14:13 +0000  (tag: org.apache.felix.dependencymanager.annotation-3.2.0)
2010-01-11 21:41:58 +0000 
2020-02-24 22:14:13 +0000  (tag: org.apache.felix.dependencymanager.compat-3.0.0)
2020-02-24 22:14:13 +0000  (tag: org.apache.felix.dependencymanager.compat-3.0.1)
2020-02-24 22:14:13 +0000  (tag: org.apache.felix.dependencymanager.runtime-3.0.0)
2020-02-24 22:14:13 +0000  (tag: org.apache.felix.dependencymanager.runtime-3.1.0)
2020-02-24 22:14:13 +0000  (tag: org.apache.felix.dependencymanager.runtime-3.2.0)
2010-01-11 21:37:08 +0000 
2020-02-24 22:14:13 +0000  (tag: org.apache.felix.dependencymanager.shell-2.0.1)
2020-02-24 22:14:13 +0000  (tag: org.apache.felix.dependencymanager.shell-3.0.0)
2020-02-24 22:14:13 +0000  (tag: org.apache.felix.dependencymanager.shell-3.0.1)
2020-02-24 22:14:13 +0000  (tag: org.apache.felix.dependencymanager.shell-3.2.0)
2008-09-18 21:18:03 +0000 
2020-02-24 22:14:13 +0000  (tag: org.apache.felix.deployment.rp.autoconf-0.1.0)
2020-02-24 22:14:13 +0000  (tag: org.apache.felix.deployment.rp.autoconf-0.1.4)
2020-02-24 22:14:13 +0000  (tag: org.apache.felix.deployment.rp.autoconf-0.1.5)
2020-02-24 22:14:13 +0000  (tag: org.apache.felix.deployment.rp.autoconf-0.1.8)
2008-08-04 15:01:29 +0000 
2020-02-24 22:14:13 +0000  (tag: org.apache.felix.deploymentadmin-0.9.0)
2020-02-24 22:14:13 +0000  (tag: org.apache.felix.deploymentadmin-0.9.10)
2020-02-24 22:14:13 +0000  (tag: org.apache.felix.deploymentadmin-0.9.4)
2020-02-24 22:14:13 +0000  (tag: org.apache.felix.deploymentadmin-0.9.5)
2020-02-24 22:14:13 +0000  (tag: org.apache.felix.deploymentadmin-0.9.6)
2008-06-02 11:39:58 +0000 
2020-02-24 22:14:13 +0000  (tag: org.apache.felix.eventadmin-1.0.0)
2020-02-24 22:14:13 +0000  (tag: org.apache.felix.eventadmin-1.2.10)
2020-02-24 22:14:13 +0000  (tag: org.apache.felix.eventadmin-1.2.12)
2020-02-24 22:14:13 +0000  (tag: org.apache.felix.eventadmin-1.2.14)
2020-02-24 22:14:13 +0000  (tag: org.apache.felix.eventadmin-1.2.2)
2020-02-24 22:14:13 +0000  (tag: org.apache.felix.eventadmin-1.2.4)
2020-02-24 22:14:13 +0000  (tag: org.apache.felix.eventadmin-1.2.6)
2020-02-24 22:14:13 +0000  (tag: org.apache.felix.eventadmin-1.2.8)
2020-02-24 22:14:13 +0000  (tag: org.apache.felix.eventadmin-1.3.0)
2020-02-24 22:14:13 +0000  (tag: org.apache.felix.eventadmin-1.3.2)
2020-02-24 22:14:13 +0000  (tag: org.apache.felix.eventadmin-1.4.0)
2020-02-24 22:14:13 +0000  (tag: org.apache.felix.eventadmin-1.4.10)
2020-02-24 22:14:13 +0000  (tag: org.apache.felix.eventadmin-1.4.2)
2020-02-24 22:14:13 +0000  (tag: org.apache.felix.eventadmin-1.4.4)
2020-02-24 22:14:13 +0000  (tag: org.apache.felix.eventadmin-1.4.6)
2020-02-24 22:14:13 +0000  (tag: org.apache.felix.eventadmin-1.4.8)
2020-02-24 22:14:13 +0000  (tag: org.apache.felix.eventadmin-1.5.0)
2007-05-20 21:12:33 +0000 
2020-02-24 22:14:13 +0000  (tag: org.apache.felix.fileinstall-0.9.0)
2020-02-24 22:14:13 +0000  (tag: org.apache.felix.fileinstall-0.9.2)
2020-02-24 22:14:13 +0000  (tag: org.apache.felix.fileinstall-1.0.0)
2020-02-24 22:14:13 +0000  (tag: org.apache.felix.fileinstall-1.2.0)
2020-02-24 22:14:13 +0000  (tag: org.apache.felix.fileinstall-2.0.0)
2020-02-24 22:14:13 +0000  (tag: org.apache.felix.fileinstall-2.0.2)
2020-02-24 22:14:13 +0000  (tag: org.apache.felix.fileinstall-2.0.4)
2020-02-24 22:14:13 +0000  (tag: org.apache.felix.fileinstall-2.0.6)
2020-02-24 22:14:13 +0000  (tag: org.apache.felix.fileinstall-2.0.8)
2020-02-24 22:14:13 +0000  (tag: org.apache.felix.fileinstall-3.0.0)
2020-02-24 22:14:13 +0000  (tag: org.apache.felix.fileinstall-3.0.2)
2020-02-24 22:14:13 +0000  (tag: org.apache.felix.fileinstall-3.1.0)
2020-02-24 22:14:13 +0000  (tag: org.apache.felix.fileinstall-3.1.10)
2020-02-24 22:14:13 +0000  (tag: org.apache.felix.fileinstall-3.1.2)
2020-02-24 22:14:13 +0000  (tag: org.apache.felix.fileinstall-3.1.4)
2020-02-24 22:14:13 +0000  (tag: org.apache.felix.fileinstall-3.1.6)
2020-02-24 22:14:13 +0000  (tag: org.apache.felix.fileinstall-3.2.0)
2020-02-24 22:14:13 +0000  (tag: org.apache.felix.fileinstall-3.2.2)
2020-02-24 22:14:13 +0000  (tag: org.apache.felix.fileinstall-3.2.4)
2020-02-24 22:14:13 +0000  (tag: org.apache.felix.fileinstall-3.2.6)
2020-02-24 22:14:13 +0000  (tag: org.apache.felix.fileinstall-3.2.8)
2020-02-24 22:14:13 +0000  (tag: org.apache.felix.fileinstall-3.4.0)
2020-02-24 22:14:13 +0000  (tag: org.apache.felix.fileinstall-3.4.2)
2020-02-24 22:14:13 +0000  (tag: org.apache.felix.fileinstall-3.5.0)
2020-02-24 22:14:13 +0000  (tag: org.apache.felix.fileinstall-3.5.2)
2020-02-24 22:14:13 +0000  (tag: org.apache.felix.fileinstall-3.5.4)
2020-02-24 22:14:13 +0000  (tag: org.apache.felix.fileinstall-3.5.6)
2020-02-24 22:14:13 +0000  (tag: org.apache.felix.fileinstall-3.5.8)
2020-02-24 22:14:13 +0000  (tag: org.apache.felix.fileinstall-3.6.0)
2020-02-24 22:14:13 +0000  (tag: org.apache.felix.fileinstall-3.6.2)
2020-02-24 22:14:13 +0000  (tag: org.apache.felix.fileinstall-3.6.4)
2008-03-05 20:03:55 +0000 
2020-02-24 22:14:13 +0000  (tag: org.apache.felix.framework-0.8.0-incubator)
2020-02-24 22:14:13 +0000  (tag: org.apache.felix.framework-1.0.0)
2020-02-24 22:14:13 +0000  (tag: org.apache.felix.framework-1.0.1)
2020-02-24 22:14:13 +0000  (tag: org.apache.felix.framework-1.0.3)
2020-02-24 22:14:13 +0000  (tag: org.apache.felix.framework-1.0.4)
2020-02-24 22:14:13 +0000  (tag: org.apache.felix.framework-1.2.0)
2020-02-24 22:14:13 +0000  (tag: org.apache.felix.framework-1.2.1)
2020-02-24 22:14:13 +0000  (tag: org.apache.felix.framework-1.2.2)
2020-02-24 22:14:13 +0000  (tag: org.apache.felix.framework-1.4.0)
2020-02-24 22:14:13 +0000  (tag: org.apache.felix.framework-1.4.1)
2020-02-24 22:14:13 +0000  (tag: org.apache.felix.framework-1.6.0)
2020-02-24 22:14:13 +0000  (tag: org.apache.felix.framework-1.6.1)
2020-02-24 22:14:13 +0000  (tag: org.apache.felix.framework-1.8.0)
2020-02-24 22:14:13 +0000  (tag: org.apache.felix.framework-1.8.1)
2020-02-24 22:14:13 +0000  (tag: org.apache.felix.framework-2.0.0)
2020-02-24 22:14:13 +0000  (tag: org.apache.felix.framework-2.0.1)
2020-02-24 22:14:13 +0000  (tag: org.apache.felix.framework-2.0.2)
2020-02-24 22:14:13 +0000  (tag: org.apache.felix.framework-2.0.3)
2020-02-24 22:14:13 +0000  (tag: org.apache.felix.framework-2.0.4)
2020-02-24 22:14:13 +0000  (tag: org.apache.felix.framework-2.0.5)
2020-02-24 22:14:13 +0000  (tag: org.apache.felix.framework-3.0.0)
2020-02-24 22:14:13 +0000  (tag: org.apache.felix.framework-3.0.1)
2020-02-24 22:14:13 +0000  (tag: org.apache.felix.framework-3.0.2)
2020-02-24 22:14:13 +0000  (tag: org.apache.felix.framework-3.0.3)
2020-02-24 22:14:13 +0000  (tag: org.apache.felix.framework-3.0.4)
2020-02-24 22:14:13 +0000  (tag: org.apache.felix.framework-3.0.5)
2020-02-24 22:14:13 +0000  (tag: org.apache.felix.framework-3.0.6)
2020-02-24 22:14:13 +0000  (tag: org.apache.felix.framework-3.0.7)
2020-02-24 22:14:13 +0000  (tag: org.apache.felix.framework-3.0.8)
2020-02-24 22:14:13 +0000  (tag: org.apache.felix.framework-3.0.9)
2020-02-24 22:14:13 +0000  (tag: org.apache.felix.framework-3.2.0)
2020-02-24 22:14:13 +0000  (tag: org.apache.felix.framework-3.2.1)
2020-02-24 22:14:13 +0000  (tag: org.apache.felix.framework-3.2.2)
2020-02-24 22:14:13 +0000  (tag: org.apache.felix.framework-4.0.0)
2020-02-24 22:14:13 +0000  (tag: org.apache.felix.framework-4.0.1)
2020-02-24 22:14:13 +0000  (tag: org.apache.felix.framework-4.0.2)
2020-02-24 22:14:13 +0000  (tag: org.apache.felix.framework-4.0.3)
2020-02-24 22:14:13 +0000  (tag: org.apache.felix.framework-4.2.0)
2020-02-24 22:14:13 +0000  (tag: org.apache.felix.framework-4.2.1)
2020-02-24 22:14:13 +0000  (tag: org.apache.felix.framework-4.4.0)
2020-02-24 22:14:13 +0000  (tag: org.apache.felix.framework-4.4.1)
2020-02-24 22:14:13 +0000  (tag: org.apache.felix.framework-4.6.0)
2020-02-24 22:14:13 +0000  (tag: org.apache.felix.framework-4.6.1)
2020-02-24 22:14:13 +0000  (tag: org.apache.felix.framework-5.0.0)
2020-02-24 22:14:13 +0000  (tag: org.apache.felix.framework-5.0.1)
2020-02-24 22:14:13 +0000  (tag: org.apache.felix.framework-5.2.0)
2020-02-24 22:14:13 +0000  (tag: org.apache.felix.framework-5.4.0)
2020-02-24 22:14:13 +0000  (tag: org.apache.felix.framework-5.6.0)
2020-02-24 22:14:13 +0000  (tag: org.apache.felix.framework-5.6.1)
2020-02-24 22:14:13 +0000  (tag: org.apache.felix.framework-5.6.10)
2020-02-24 22:14:13 +0000  (tag: org.apache.felix.framework-5.6.12)
2020-02-24 22:14:13 +0000  (tag: org.apache.felix.framework-5.6.2)
2020-02-24 22:14:13 +0000  (tag: org.apache.felix.framework-5.6.4)
2020-02-24 22:14:13 +0000  (tag: org.apache.felix.framework-5.6.6)
2020-02-24 22:14:13 +0000  (tag: org.apache.felix.framework-5.6.8)
2020-02-24 22:14:13 +0000  (tag: org.apache.felix.framework-6.0.0)
2020-02-24 22:14:13 +0000  (tag: org.apache.felix.framework-6.0.1)
2020-02-24 22:14:13 +0000  (tag: org.apache.felix.framework-6.0.2)
2020-02-24 22:14:13 +0000  (tag: org.apache.felix.framework-6.0.3)
2020-02-24 22:14:13 +0000  (tag: org.apache.felix.framework.security-1.0.0)
2020-02-24 22:14:13 +0000  (tag: org.apache.felix.framework.security-1.2.0)
2020-02-24 22:14:13 +0000  (tag: org.apache.felix.framework.security-1.4.0)
2020-02-24 22:14:13 +0000  (tag: org.apache.felix.framework.security-1.4.1)
2020-02-24 22:14:13 +0000  (tag: org.apache.felix.framework.security-1.4.2)
2020-02-24 22:14:13 +0000  (tag: org.apache.felix.framework.security-2.0.0)
2020-02-24 22:14:13 +0000  (tag: org.apache.felix.framework.security-2.0.1)
2020-02-24 22:14:13 +0000  (tag: org.apache.felix.framework.security-2.2.0)
2020-02-24 22:14:13 +0000  (tag: org.apache.felix.framework.security-2.4.0)
2020-02-24 22:14:13 +0000  (tag: org.apache.felix.framework.security-2.6.0)
2020-02-24 22:14:13 +0000  (tag: org.apache.felix.framework.security-2.6.1)
2008-03-07 00:37:30 +0000 
2020-02-24 22:14:13 +0000  (tag: org.apache.felix.gogo.bom-1.0.0)
2020-02-24 22:14:13 +0000  (tag: org.apache.felix.gogo.bom-1.0.2)
2018-12-21 20:23:04 +0000 
2020-02-24 22:14:13 +0000  (tag: org.apache.felix.gogo.command-0.10.0)
2020-02-24 22:14:13 +0000  (tag: org.apache.felix.gogo.command-0.12.0)
2020-02-24 22:14:13 +0000  (tag: org.apache.felix.gogo.command-0.14.0)
2020-02-24 22:14:13 +0000  (tag: org.apache.felix.gogo.command-0.16.0)
2020-02-24 22:14:13 +0000  (tag: org.apache.felix.gogo.command-0.6.0)
2020-02-24 22:14:13 +0000  (tag: org.apache.felix.gogo.command-0.6.1)
2020-02-24 22:14:13 +0000  (tag: org.apache.felix.gogo.command-0.8.0)
2020-02-24 22:14:13 +0000  (tag: org.apache.felix.gogo.command-1.0.2)
2020-02-24 22:14:13 +0000  (tag: org.apache.felix.gogo.command-1.1.0)
2010-05-05 15:13:43 +0000 
2020-02-24 22:14:13 +0000  (tag: org.apache.felix.gogo.jline-1.0.10)
2020-02-24 22:14:13 +0000  (tag: org.apache.felix.gogo.jline-1.0.12)
2020-02-24 22:14:13 +0000  (tag: org.apache.felix.gogo.jline-1.0.2)
2020-02-24 22:14:13 +0000  (tag: org.apache.felix.gogo.jline-1.0.4)
2020-02-24 22:14:13 +0000  (tag: org.apache.felix.gogo.jline-1.0.6)
2020-02-24 22:14:13 +0000  (tag: org.apache.felix.gogo.jline-1.0.8)
2020-02-24 22:14:13 +0000  (tag: org.apache.felix.gogo.jline-1.1.0)
2020-02-24 22:14:13 +0000  (tag: org.apache.felix.gogo.jline-1.1.2)
2020-02-24 22:14:13 +0000  (tag: org.apache.felix.gogo.jline-1.1.4)
2016-03-21 16:53:06 +0000 
2020-02-24 22:14:13 +0000  (tag: org.apache.felix.gogo.runtime-0.10.0)
2020-02-24 22:14:13 +0000  (tag: org.apache.felix.gogo.runtime-0.12.0)
2020-02-24 22:14:13 +0000  (tag: org.apache.felix.gogo.runtime-0.12.1)
2020-02-24 22:14:13 +0000  (tag: org.apache.felix.gogo.runtime-0.14.0)
2020-02-24 22:14:13 +0000  (tag: org.apache.felix.gogo.runtime-0.16.0)
2020-02-24 22:14:13 +0000  (tag: org.apache.felix.gogo.runtime-0.16.2)
2020-02-24 22:14:13 +0000  (tag: org.apache.felix.gogo.runtime-0.6.0)
2020-02-24 22:14:13 +0000  (tag: org.apache.felix.gogo.runtime-0.6.1)
2020-02-24 22:14:13 +0000  (tag: org.apache.felix.gogo.runtime-0.8.0)
2020-02-24 22:14:13 +0000  (tag: org.apache.felix.gogo.runtime-1.0.10)
2020-02-24 22:14:13 +0000  (tag: org.apache.felix.gogo.runtime-1.0.12)
2020-02-24 22:14:13 +0000  (tag: org.apache.felix.gogo.runtime-1.0.2)
2020-02-24 22:14:13 +0000  (tag: org.apache.felix.gogo.runtime-1.0.4)
2020-02-24 22:14:13 +0000  (tag: org.apache.felix.gogo.runtime-1.0.6)
2020-02-24 22:14:13 +0000  (tag: org.apache.felix.gogo.runtime-1.0.8)
2020-02-24 22:14:13 +0000  (tag: org.apache.felix.gogo.runtime-1.1.0)
2020-02-24 22:14:13 +0000  (tag: org.apache.felix.gogo.runtime-1.1.2)
2009-06-30 20:52:04 +0000 
2020-02-24 22:14:13 +0000  (tag: org.apache.felix.gogo.shell-0.10.0)
2020-02-24 22:14:13 +0000  (tag: org.apache.felix.gogo.shell-0.12.0)
2020-02-24 22:14:13 +0000  (tag: org.apache.felix.gogo.shell-0.6.0)
2020-02-24 22:14:13 +0000  (tag: org.apache.felix.gogo.shell-0.6.1)
2020-02-24 22:14:13 +0000  (tag: org.apache.felix.gogo.shell-0.8.0)
2020-02-24 22:14:13 +0000  (tag: org.apache.felix.gogo.shell-1.1.0)
2020-02-24 22:14:13 +0000  (tag: org.apache.felix.gogo.shell-1.1.2)
2009-06-30 20:52:04 +0000 
2020-02-24 22:14:13 +0000  (tag: org.apache.felix.healthcheck.annotation-0.1.1)
2020-02-24 22:14:13 +0000  (tag: org.apache.felix.healthcheck.annotation-2.0.0)
2019-01-03 15:38:26 +0000 
2020-02-24 22:14:13 +0000  (tag: org.apache.felix.healthcheck.api-0.1.1)
2020-02-24 22:14:13 +0000  (tag: org.apache.felix.healthcheck.api-2.0.0)
2020-02-24 22:14:13 +0000  (tag: org.apache.felix.healthcheck.api-2.0.2)
2018-12-18 22:58:15 +0000 
2020-02-24 22:14:13 +0000  (tag: org.apache.felix.healthcheck.core-0.1.1)
2020-02-24 22:14:13 +0000  (tag: org.apache.felix.healthcheck.core-2.0.0)
2020-02-24 22:14:13 +0000  (tag: org.apache.felix.healthcheck.core-2.0.2)
2020-02-24 22:14:13 +0000  (tag: org.apache.felix.healthcheck.core-2.0.4)
2020-02-24 22:14:13 +0000  (tag: org.apache.felix.healthcheck.core-2.0.6)
2018-12-18 22:58:15 +0000 
2020-02-24 22:14:13 +0000  (tag: org.apache.felix.healthcheck.generalchecks-2.0.0)
2020-02-24 22:14:13 +0000  (tag: org.apache.felix.healthcheck.generalchecks-2.0.2)
2020-02-24 22:14:13 +0000  (tag: org.apache.felix.healthcheck.generalchecks-2.0.4)
2019-01-04 14:48:42 +0000 
2020-02-24 22:14:13 +0000  (tag: org.apache.felix.healthcheck.webconsoleplugin-0.1.1)
2020-02-24 22:14:13 +0000  (tag: org.apache.felix.healthcheck.webconsoleplugin-2.0.0)
2018-12-18 22:58:15 +0000 
2020-02-24 22:14:13 +0000  (tag: org.apache.felix.http-2.0.2)
2020-02-24 22:14:13 +0000  (tag: org.apache.felix.http-2.0.4)
2020-02-24 22:14:13 +0000  (tag: org.apache.felix.http-2.2.0)
2020-02-24 22:14:13 +0000  (tag: org.apache.felix.http-2.2.1)
2020-02-24 22:14:13 +0000  (tag: org.apache.felix.http-4)
2020-02-24 22:14:13 +0000  (tag: org.apache.felix.http-5)
2020-02-24 22:14:13 +0000  (tag: org.apache.felix.http-6)
2009-09-14 09:59:12 +0000 
2020-02-24 22:14:13 +0000  (tag: org.apache.felix.http.api-3.0.0)
2009-09-14 09:59:12 +0000 
2020-02-24 22:14:13 +0000  (tag: org.apache.felix.http.base-2.4.0)
2020-02-24 22:14:13 +0000  (tag: org.apache.felix.http.base-3.0.0)
2020-02-24 22:14:13 +0000  (tag: org.apache.felix.http.base-3.0.10)
2020-02-24 22:14:13 +0000  (tag: org.apache.felix.http.base-3.0.12)
2020-02-24 22:14:13 +0000  (tag: org.apache.felix.http.base-3.0.14)
2020-02-24 22:14:13 +0000  (tag: org.apache.felix.http.base-3.0.16)
2020-02-24 22:14:13 +0000  (tag: org.apache.felix.http.base-3.0.18)
2020-02-24 22:14:13 +0000  (tag: org.apache.felix.http.base-3.0.2)
2020-02-24 22:14:13 +0000  (tag: org.apache.felix.http.base-3.0.4)
2020-02-24 22:14:13 +0000  (tag: org.apache.felix.http.base-3.0.6)
2020-02-24 22:14:13 +0000  (tag: org.apache.felix.http.base-3.0.8)
2020-02-24 22:14:13 +0000  (tag: org.apache.felix.http.base-4.0.0)
2020-02-24 22:14:13 +0000  (tag: org.apache.felix.http.base-4.0.2)
2020-02-24 22:14:13 +0000  (tag: org.apache.felix.http.base-4.0.4)
2020-02-24 22:14:13 +0000  (tag: org.apache.felix.http.base-4.0.6)
2020-02-24 22:14:13 +0000  (tag: org.apache.felix.http.base-4.0.8)
2009-09-14 09:59:12 +0000 
2020-02-24 22:14:13 +0000  (tag: org.apache.felix.http.bridge-3.0.0)
2020-02-24 22:14:13 +0000  (tag: org.apache.felix.http.bridge-3.0.10)
2020-02-24 22:14:13 +0000  (tag: org.apache.felix.http.bridge-3.0.12)
2020-02-24 22:14:13 +0000  (tag: org.apache.felix.http.bridge-3.0.14)
2020-02-24 22:14:13 +0000  (tag: org.apache.felix.http.bridge-3.0.16)
2020-02-24 22:14:13 +0000  (tag: org.apache.felix.http.bridge-3.0.18)
2020-02-24 22:14:13 +0000  (tag: org.apache.felix.http.bridge-3.0.2)
2020-02-24 22:14:13 +0000  (tag: org.apache.felix.http.bridge-3.0.4)
2020-02-24 22:14:13 +0000  (tag: org.apache.felix.http.bridge-3.0.6)
2020-02-24 22:14:13 +0000  (tag: org.apache.felix.http.bridge-3.0.8)
2020-02-24 22:14:13 +0000  (tag: org.apache.felix.http.bridge-4.0.0)
2020-02-24 22:14:13 +0000  (tag: org.apache.felix.http.bridge-4.0.10)
2020-02-24 22:14:13 +0000  (tag: org.apache.felix.http.bridge-4.0.2)
2020-02-24 22:14:13 +0000  (tag: org.apache.felix.http.bridge-4.0.4)
2020-02-24 22:14:13 +0000  (tag: org.apache.felix.http.bridge-4.0.6)
2020-02-24 22:14:13 +0000  (tag: org.apache.felix.http.bridge-4.0.8)
2009-09-14 09:59:12 +0000 
2020-02-24 22:14:13 +0000  (tag: org.apache.felix.http.bundle-3.0.0)
2009-09-14 09:59:12 +0000 
2020-02-24 22:14:13 +0000  (tag: org.apache.felix.http.jetty-1.0.0)
2020-02-24 22:14:13 +0000  (tag: org.apache.felix.http.jetty-1.0.1)
2006-04-19 15:23:22 +0000 
2020-02-24 22:14:13 +0000  (tag: org.apache.felix.http.jetty-3.0.0)
2020-02-24 22:14:13 +0000  (tag: org.apache.felix.http.jetty-3.0.2)
2020-02-24 22:14:13 +0000  (tag: org.apache.felix.http.jetty-3.1.0)
2020-02-24 22:14:13 +0000  (tag: org.apache.felix.http.jetty-3.1.2)
2020-02-24 22:14:13 +0000  (tag: org.apache.felix.http.jetty-3.1.4)
2020-02-24 22:14:13 +0000  (tag: org.apache.felix.http.jetty-3.1.6)
2020-02-24 22:14:13 +0000  (tag: org.apache.felix.http.jetty-3.2.0)
2020-02-24 22:14:13 +0000  (tag: org.apache.felix.http.jetty-3.2.2)
2020-02-24 22:14:13 +0000  (tag: org.apache.felix.http.jetty-3.2.4)
2020-02-24 22:14:13 +0000  (tag: org.apache.felix.http.jetty-3.3.0)
2020-02-24 22:14:13 +0000  (tag: org.apache.felix.http.jetty-3.4.0)
2020-02-24 22:14:13 +0000  (tag: org.apache.felix.http.jetty-3.4.2)
2020-02-24 22:14:13 +0000  (tag: org.apache.felix.http.jetty-3.4.4)
2020-02-24 22:14:13 +0000  (tag: org.apache.felix.http.jetty-3.4.6)
2020-02-24 22:14:13 +0000  (tag: org.apache.felix.http.jetty-3.4.8)
2020-02-24 22:14:13 +0000  (tag: org.apache.felix.http.jetty-4.0.0)
2020-02-24 22:14:13 +0000  (tag: org.apache.felix.http.jetty-4.0.10)
2020-02-24 22:14:13 +0000  (tag: org.apache.felix.http.jetty-4.0.12)
2020-02-24 22:14:13 +0000  (tag: org.apache.felix.http.jetty-4.0.14)
2020-02-24 22:14:13 +0000  (tag: org.apache.felix.http.jetty-4.0.2)
2020-02-24 22:14:13 +0000  (tag: org.apache.felix.http.jetty-4.0.4)
2020-02-24 22:14:13 +0000  (tag: org.apache.felix.http.jetty-4.0.6)
2020-02-24 22:14:13 +0000  (tag: org.apache.felix.http.jetty-4.0.8)
2009-09-14 09:59:12 +0000 
2020-02-24 22:14:13 +0000  (tag: org.apache.felix.http.parent-10)
2020-02-24 22:14:13 +0000  (tag: org.apache.felix.http.parent-11)
2020-02-24 22:14:13 +0000  (tag: org.apache.felix.http.parent-12)
2020-02-24 22:14:13 +0000  (tag: org.apache.felix.http.parent-5)
2020-02-24 22:14:13 +0000  (tag: org.apache.felix.http.parent-6)
2020-02-24 22:14:13 +0000  (tag: org.apache.felix.http.parent-7)
2020-02-24 22:14:13 +0000  (tag: org.apache.felix.http.parent-8)
2020-02-24 22:14:13 +0000  (tag: org.apache.felix.http.parent-9)
2011-12-05 14:15:58 +0000 
2020-02-24 22:14:13 +0000  (tag: org.apache.felix.http.proxy-3.0.0)
2020-02-24 22:14:13 +0000  (tag: org.apache.felix.http.proxy-3.0.2)
2020-02-24 22:14:13 +0000  (tag: org.apache.felix.http.proxy-3.0.4)
2020-02-24 22:14:13 +0000  (tag: org.apache.felix.http.proxy-3.0.6)
2009-09-14 09:59:12 +0000 
2020-02-24 22:14:13 +0000  (tag: org.apache.felix.http.servlet-api-1.1.0)
2020-02-24 22:14:13 +0000  (tag: org.apache.felix.http.servlet-api-1.1.2)
2014-02-18 10:41:25 +0000 
2020-02-24 22:14:13 +0000  (tag: org.apache.felix.http.sslfilter-1.0.0)
2020-02-24 22:14:13 +0000  (tag: org.apache.felix.http.sslfilter-1.0.2)
2020-02-24 22:14:13 +0000  (tag: org.apache.felix.http.sslfilter-1.0.4)
2020-02-24 22:14:13 +0000  (tag: org.apache.felix.http.sslfilter-1.0.6)
2020-02-24 22:14:13 +0000  (tag: org.apache.felix.http.sslfilter-1.0.8)
2020-02-24 22:14:13 +0000  (tag: org.apache.felix.http.sslfilter-1.1.0)
2020-02-24 22:14:13 +0000  (tag: org.apache.felix.http.sslfilter-1.2.0)
2020-02-24 22:14:13 +0000  (tag: org.apache.felix.http.sslfilter-1.2.2)
2020-02-24 22:14:13 +0000  (tag: org.apache.felix.http.sslfilter-1.2.4)
2020-02-24 22:14:13 +0000  (tag: org.apache.felix.http.sslfilter-1.2.6)
2012-10-05 18:30:44 +0000 
2020-02-24 22:14:13 +0000  (tag: org.apache.felix.http.whiteboard-3.0.0)
2020-02-24 22:14:13 +0000  (tag: org.apache.felix.http.whiteboard-4.0.0)
2009-09-14 09:59:12 +0000 
2020-02-24 22:14:13 +0000  (tag: org.apache.felix.httplite-0.1.2)
2020-02-24 22:14:13 +0000  (tag: org.apache.felix.httplite.complete-0.1.4)
2011-12-15 15:17:16 +0000 
2020-02-24 22:14:13 +0000  (tag: org.apache.felix.httplite.core-0.1.4)
2011-12-15 15:15:51 +0000 
2020-02-24 22:14:13 +0000  (tag: org.apache.felix.httplite.reactor-0.1.5)
2020-02-24 22:14:13 +0000  (tag: org.apache.felix.httplite.reactor-0.1.6)
2011-10-13 04:03:09 +0000 
2020-02-24 22:14:13 +0000  (tag: org.apache.felix.inventory-1.0.0)
2020-02-24 22:14:13 +0000  (tag: org.apache.felix.inventory-1.0.2)
2020-02-24 22:14:13 +0000  (tag: org.apache.felix.inventory-1.0.4)
2020-02-24 22:14:13 +0000  (tag: org.apache.felix.inventory-1.0.6)
2012-12-20 15:54:41 +0000 
2020-02-24 22:14:13 +0000  (tag: org.apache.felix.ipojo-0.8.0)
2020-02-24 22:14:13 +0000  (tag: org.apache.felix.ipojo-1.0.0)
2020-02-24 22:14:13 +0000  (tag: org.apache.felix.ipojo-1.2.0)
2020-02-24 22:14:13 +0000  (tag: org.apache.felix.ipojo-1.4.0)
2020-02-24 22:14:13 +0000  (tag: org.apache.felix.ipojo-1.6.0)
2020-02-24 22:14:13 +0000  (tag: org.apache.felix.ipojo-1.6.2)
2020-02-24 22:14:13 +0000  (tag: org.apache.felix.ipojo-1.6.4)
2020-02-24 22:14:13 +0000  (tag: org.apache.felix.ipojo-1.6.6)
2020-02-24 22:14:13 +0000  (tag: org.apache.felix.ipojo-1.6.8)
2020-02-24 22:14:13 +0000  (tag: org.apache.felix.ipojo-1.8.0)
2007-05-21 02:25:53 +0000 
2020-02-24 22:14:13 +0000  (tag: org.apache.felix.ipojo.annotations-0.8.0)
2020-02-24 22:14:13 +0000  (tag: org.apache.felix.ipojo.annotations-1.0.0)
2020-02-24 22:14:13 +0000  (tag: org.apache.felix.ipojo.annotations-1.2.0)
2020-02-24 22:14:13 +0000  (tag: org.apache.felix.ipojo.annotations-1.4.0)
2020-02-24 22:14:13 +0000  (tag: org.apache.felix.ipojo.annotations-1.6.0)
2020-02-24 22:14:13 +0000  (tag: org.apache.felix.ipojo.annotations-1.6.2)
2020-02-24 22:14:13 +0000  (tag: org.apache.felix.ipojo.annotations-1.6.4)
2020-02-24 22:14:13 +0000  (tag: org.apache.felix.ipojo.annotations-1.8.0)
2007-08-14 13:44:32 +0000 
2020-02-24 22:14:13 +0000  (tag: org.apache.felix.ipojo.ant-0.8.1)
2020-02-24 22:14:13 +0000  (tag: org.apache.felix.ipojo.ant-1.0.0)
2020-02-24 22:14:13 +0000  (tag: org.apache.felix.ipojo.ant-1.2.0)
2020-02-24 22:14:13 +0000  (tag: org.apache.felix.ipojo.ant-1.4.0)
2020-02-24 22:14:13 +0000  (tag: org.apache.felix.ipojo.ant-1.4.2)
2020-02-24 22:14:13 +0000  (tag: org.apache.felix.ipojo.ant-1.6.0)
2020-02-24 22:14:13 +0000  (tag: org.apache.felix.ipojo.ant-1.8.0)
2007-08-14 13:45:19 +0000 
2020-02-24 22:14:13 +0000  (tag: org.apache.felix.ipojo.api-1.4.0)
2020-02-24 22:14:13 +0000  (tag: org.apache.felix.ipojo.api-1.6.0)
2008-12-30 21:37:00 +0000 
2020-02-24 22:14:13 +0000  (tag: org.apache.felix.ipojo.arch-0.8.0)
2020-02-24 22:14:13 +0000  (tag: org.apache.felix.ipojo.arch-1.0.0)
2020-02-24 22:14:13 +0000  (tag: org.apache.felix.ipojo.arch-1.2.0)
2020-02-24 22:14:13 +0000  (tag: org.apache.felix.ipojo.arch-1.4.0)
2020-02-24 22:14:13 +0000  (tag: org.apache.felix.ipojo.arch-1.6.0)
2006-06-14 15:22:03 +0000 
2020-02-24 22:14:13 +0000  (tag: org.apache.felix.ipojo.arch.gogo-1.0.0)
2020-02-24 22:14:13 +0000  (tag: org.apache.felix.ipojo.arch.gogo-1.0.1)
2020-02-24 22:14:13 +0000  (tag: org.apache.felix.ipojo.arch.gogo-1.1.0)
2010-05-08 07:34:42 +0000 
2020-02-24 22:14:13 +0000  (tag: org.apache.felix.ipojo.composite-0.8.1)
2020-02-24 22:14:13 +0000  (tag: org.apache.felix.ipojo.composite-1.0.0)
2020-02-24 22:14:13 +0000  (tag: org.apache.felix.ipojo.composite-1.2.0)
2020-02-24 22:14:13 +0000  (tag: org.apache.felix.ipojo.composite-1.4.0)
2020-02-24 22:14:13 +0000  (tag: org.apache.felix.ipojo.composite-1.6.0)
2020-02-24 22:14:13 +0000  (tag: org.apache.felix.ipojo.composite-1.8.0)
2007-12-21 19:28:07 +0000 
2020-02-24 22:14:13 +0000  (tag: org.apache.felix.ipojo.handler.eventadmin-1.0.0)
2020-02-24 22:14:13 +0000  (tag: org.apache.felix.ipojo.handler.eventadmin-1.2.0)
2020-02-24 22:14:13 +0000  (tag: org.apache.felix.ipojo.handler.eventadmin-1.4.0)
2020-02-24 22:14:13 +0000  (tag: org.apache.felix.ipojo.handler.eventadmin-1.6.0)
2020-02-24 22:14:13 +0000  (tag: org.apache.felix.ipojo.handler.eventadmin-1.8.0)
2007-10-21 08:43:36 +0000 
2020-02-24 22:14:13 +0000  (tag: org.apache.felix.ipojo.handler.extender-1.0.0)
2020-02-24 22:14:13 +0000  (tag: org.apache.felix.ipojo.handler.extender-1.2.0)
2020-02-24 22:14:13 +0000  (tag: org.apache.felix.ipojo.handler.extender-1.4.0)
2020-02-24 22:14:13 +0000  (tag: org.apache.felix.ipojo.handler.extender.pattern-0.8.0)
2007-12-29 15:53:29 +0000 
2020-02-24 22:14:13 +0000  (tag: org.apache.felix.ipojo.handler.jmx-1.0.0)
2020-02-24 22:14:13 +0000  (tag: org.apache.felix.ipojo.handler.jmx-1.2.0)
2020-02-24 22:14:13 +0000  (tag: org.apache.felix.ipojo.handler.jmx-1.4.0)
2007-10-21 08:44:49 +0000 
2020-02-24 22:14:13 +0000  (tag: org.apache.felix.ipojo.handler.temporal-0.8.1)
2020-02-24 22:14:13 +0000  (tag: org.apache.felix.ipojo.handler.temporal-1.0.0)
2020-02-24 22:14:13 +0000  (tag: org.apache.felix.ipojo.handler.temporal-1.2.0)
2020-02-24 22:14:13 +0000  (tag: org.apache.felix.ipojo.handler.temporal-1.4.0)
2020-02-24 22:14:13 +0000  (tag: org.apache.felix.ipojo.handler.temporal-1.6.0)
2008-05-19 01:16:16 +0000 
2020-02-24 22:14:13 +0000  (tag: org.apache.felix.ipojo.handler.white.board.pattern-0.8.0)
2020-02-24 22:14:13 +0000  (tag: org.apache.felix.ipojo.handler.whiteboard-1.0.0)
2020-02-24 22:14:13 +0000  (tag: org.apache.felix.ipojo.handler.whiteboard-1.2.0)
2020-02-24 22:14:13 +0000  (tag: org.apache.felix.ipojo.handler.whiteboard-1.4.0)
2020-02-24 22:14:13 +0000  (tag: org.apache.felix.ipojo.handler.whiteboard-1.6.0)
2007-12-29 15:53:29 +0000 
2020-02-24 22:14:13 +0000  (tag: org.apache.felix.ipojo.junit4osgi-1.0.0)
2008-02-10 20:57:57 +0000 
2020-02-24 22:14:13 +0000  (tag: org.apache.felix.ipojo.junit4osgi.felix-command-1.0.0)
2008-02-10 20:57:57 +0000 
2020-02-24 22:14:13 +0000  (tag: org.apache.felix.ipojo.junit4osgi.swing-gui-1.0.0)
2008-02-10 20:57:57 +0000 
2020-02-24 22:14:13 +0000  (tag: org.apache.felix.ipojo.manipulator-0.8.0)
2020-02-24 22:14:13 +0000  (tag: org.apache.felix.ipojo.manipulator-1.0.0)
2020-02-24 22:14:13 +0000  (tag: org.apache.felix.ipojo.manipulator-1.2.0)
2020-02-24 22:14:13 +0000  (tag: org.apache.felix.ipojo.manipulator-1.4.0)
2020-02-24 22:14:13 +0000  (tag: org.apache.felix.ipojo.manipulator-1.4.2)
2020-02-24 22:14:13 +0000  (tag: org.apache.felix.ipojo.manipulator-1.6.0)
2020-02-24 22:14:13 +0000  (tag: org.apache.felix.ipojo.manipulator-1.6.2)
2020-02-24 22:14:13 +0000  (tag: org.apache.felix.ipojo.manipulator-1.6.4)
2020-02-24 22:14:13 +0000  (tag: org.apache.felix.ipojo.manipulator-1.8.0)
2020-02-24 22:14:13 +0000  (tag: org.apache.felix.ipojo.manipulator-project-1.10.0)
2020-02-24 22:14:13 +0000  (tag: org.apache.felix.ipojo.manipulator-project-1.10.1)
2020-02-24 22:14:13 +0000  (tag: org.apache.felix.ipojo.manipulator-project-1.11.0)
2020-02-24 22:14:13 +0000  (tag: org.apache.felix.ipojo.manipulator-project-1.11.1)
2020-02-24 22:14:13 +0000  (tag: org.apache.felix.ipojo.manipulator-project-1.11.2)
2020-02-24 22:14:13 +0000  (tag: org.apache.felix.ipojo.manipulator-project-1.12.0)
2020-02-24 22:14:13 +0000  (tag: org.apache.felix.ipojo.manipulator-project-1.12.1)
2020-02-24 22:14:13 +0000  (tag: org.apache.felix.ipojo.manipulator-project-1.8.2)
2020-02-24 22:14:13 +0000  (tag: org.apache.felix.ipojo.manipulator-project-1.8.4)
2020-02-24 22:14:13 +0000  (tag: org.apache.felix.ipojo.manipulator-project-1.8.6)
2007-06-24 15:11:33 +0000 
2020-02-24 22:14:13 +0000  (tag: org.apache.felix.ipojo.metadata-0.8.0)
2020-02-24 22:14:13 +0000  (tag: org.apache.felix.ipojo.metadata-1.0.0)
2020-02-24 22:14:13 +0000  (tag: org.apache.felix.ipojo.metadata-1.2.0)
2020-02-24 22:14:13 +0000  (tag: org.apache.felix.ipojo.metadata-1.4.0)
2020-02-24 22:14:13 +0000  (tag: org.apache.felix.ipojo.metadata-1.6.0)
2006-06-14 15:22:03 +0000 
2020-02-24 22:14:13 +0000  (tag: org.apache.felix.ipojo.online.manipulator-1.4.0)
2020-02-24 22:14:13 +0000  (tag: org.apache.felix.ipojo.online.manipulator-1.4.2)
2020-02-24 22:14:13 +0000  (tag: org.apache.felix.ipojo.online.manipulator-1.6.0)
2009-04-21 15:59:10 +0000 
2020-02-24 22:14:13 +0000  (tag: org.apache.felix.ipojo.runtime-project-1.10.0)
2020-02-24 22:14:13 +0000  (tag: org.apache.felix.ipojo.runtime-project-1.10.1)
2020-02-24 22:14:13 +0000  (tag: org.apache.felix.ipojo.runtime-project-1.11.0)
2020-02-24 22:14:13 +0000  (tag: org.apache.felix.ipojo.runtime-project-1.11.1)
2020-02-24 22:14:13 +0000  (tag: org.apache.felix.ipojo.runtime-project-1.11.2)
2020-02-24 22:14:13 +0000  (tag: org.apache.felix.ipojo.runtime-project-1.12.0)
2020-02-24 22:14:13 +0000  (tag: org.apache.felix.ipojo.runtime-project-1.12.1)
2020-02-24 22:14:13 +0000  (tag: org.apache.felix.ipojo.runtime-project-1.8.2)
2020-02-24 22:14:13 +0000  (tag: org.apache.felix.ipojo.runtime-project-1.8.4)
2020-02-24 22:14:13 +0000  (tag: org.apache.felix.ipojo.runtime-project-1.8.6)
2012-04-15 19:14:20 +0000 
2020-02-24 22:14:13 +0000  (tag: org.apache.felix.ipojo.webconsole-1.4.0)
2020-02-24 22:14:13 +0000  (tag: org.apache.felix.ipojo.webconsole-1.4.2)
2020-02-24 22:14:13 +0000  (tag: org.apache.felix.ipojo.webconsole-1.4.4)
2020-02-24 22:14:13 +0000  (tag: org.apache.felix.ipojo.webconsole-1.6.0)
2020-02-24 22:14:13 +0000  (tag: org.apache.felix.ipojo.webconsole-1.7.0)
2009-06-30 07:47:47 +0000 
2020-02-24 22:14:13 +0000  (tag: org.apache.felix.jaas-0.0.2)
2020-02-24 22:14:13 +0000  (tag: org.apache.felix.jaas-0.0.4)
2020-02-24 22:14:13 +0000  (tag: org.apache.felix.jaas-1.0.0)
2020-02-24 22:14:13 +0000  (tag: org.apache.felix.jaas-1.0.2)
2012-10-18 10:10:08 +0000 
2020-02-24 22:14:13 +0000  (tag: org.apache.felix.log-1.0.0)
2020-02-24 22:14:13 +0000  (tag: org.apache.felix.log-1.0.1)
2020-02-24 22:14:13 +0000  (tag: org.apache.felix.log-1.2.0)
2020-02-24 22:14:13 +0000  (tag: org.apache.felix.log-1.2.2)
2006-10-25 13:26:32 +0000 
2020-02-24 22:14:13 +0000  (tag: org.apache.felix.log.extension-1.0.0)
2018-07-04 03:09:17 +0000 
2020-02-24 22:14:13 +0000  (tag: org.apache.felix.logback-1.0.0)
2020-02-24 22:14:13 +0000  (tag: org.apache.felix.logback-1.0.2)
2018-05-28 21:01:08 +0000 
2020-02-24 22:14:13 +0000  (tag: org.apache.felix.main-0.8.0-incubator)
2020-02-24 22:14:13 +0000  (tag: org.apache.felix.main-1.0.0)
2020-02-24 22:14:13 +0000  (tag: org.apache.felix.main-1.0.1)
2020-02-24 22:14:13 +0000  (tag: org.apache.felix.main-1.0.3)
2020-02-24 22:14:13 +0000  (tag: org.apache.felix.main-1.0.4)
2020-02-24 22:14:13 +0000  (tag: org.apache.felix.main-1.2.0)
2020-02-24 22:14:13 +0000  (tag: org.apache.felix.main-1.2.1)
2020-02-24 22:14:13 +0000  (tag: org.apache.felix.main-1.2.2)
2020-02-24 22:14:13 +0000  (tag: org.apache.felix.main-1.4.0)
2020-02-24 22:14:13 +0000  (tag: org.apache.felix.main-1.4.1)
2020-02-24 22:14:13 +0000  (tag: org.apache.felix.main-1.6.0)
2020-02-24 22:14:13 +0000  (tag: org.apache.felix.main-1.6.1)
2020-02-24 22:14:13 +0000  (tag: org.apache.felix.main-1.8.0)
2020-02-24 22:14:13 +0000  (tag: org.apache.felix.main-1.8.1)
2020-02-24 22:14:13 +0000  (tag: org.apache.felix.main-2.0.0)
2020-02-24 22:14:13 +0000  (tag: org.apache.felix.main-2.0.1)
2020-02-24 22:14:13 +0000  (tag: org.apache.felix.main-2.0.2)
2020-02-24 22:14:13 +0000  (tag: org.apache.felix.main-2.0.3)
2020-02-24 22:14:13 +0000  (tag: org.apache.felix.main-2.0.4)
2020-02-24 22:14:13 +0000  (tag: org.apache.felix.main-2.0.5)
2020-02-24 22:14:13 +0000  (tag: org.apache.felix.main-3.0.0)
2020-02-24 22:14:13 +0000  (tag: org.apache.felix.main-3.0.1)
2020-02-24 22:14:13 +0000  (tag: org.apache.felix.main-3.0.2)
2020-02-24 22:14:13 +0000  (tag: org.apache.felix.main-3.0.3)
2020-02-24 22:14:13 +0000  (tag: org.apache.felix.main-3.0.4)
2020-02-24 22:14:13 +0000  (tag: org.apache.felix.main-3.0.5)
2020-02-24 22:14:13 +0000  (tag: org.apache.felix.main-3.0.6)
2020-02-24 22:14:13 +0000  (tag: org.apache.felix.main-3.0.7)
2020-02-24 22:14:13 +0000  (tag: org.apache.felix.main-3.0.8)
2020-02-24 22:14:13 +0000  (tag: org.apache.felix.main-3.0.9)
2020-02-24 22:14:13 +0000  (tag: org.apache.felix.main-3.2.0)
2020-02-24 22:14:13 +0000  (tag: org.apache.felix.main-3.2.1)
2020-02-24 22:14:13 +0000  (tag: org.apache.felix.main-3.2.2)
2020-02-24 22:14:13 +0000  (tag: org.apache.felix.main-4.0.0)
2020-02-24 22:14:13 +0000  (tag: org.apache.felix.main-4.0.1)
2020-02-24 22:14:13 +0000  (tag: org.apache.felix.main-4.0.2)
2020-02-24 22:14:13 +0000  (tag: org.apache.felix.main-4.0.3)
2020-02-24 22:14:13 +0000  (tag: org.apache.felix.main-4.2.0)
2020-02-24 22:14:13 +0000  (tag: org.apache.felix.main-4.2.1)
2020-02-24 22:14:13 +0000  (tag: org.apache.felix.main-4.4.0)
2020-02-24 22:14:13 +0000  (tag: org.apache.felix.main-4.4.1)
2020-02-24 22:14:13 +0000  (tag: org.apache.felix.main-4.6.0)
2020-02-24 22:14:13 +0000  (tag: org.apache.felix.main-4.6.1)
2020-02-24 22:14:13 +0000  (tag: org.apache.felix.main-5.0.0)
2020-02-24 22:14:13 +0000  (tag: org.apache.felix.main-5.0.1)
2020-02-24 22:14:13 +0000  (tag: org.apache.felix.main-5.2.0)
2020-02-24 22:14:13 +0000  (tag: org.apache.felix.main-5.4.0)
2020-02-24 22:14:13 +0000  (tag: org.apache.felix.main-5.6.0)
2020-02-24 22:14:13 +0000  (tag: org.apache.felix.main-5.6.1)
2020-02-24 22:14:13 +0000  (tag: org.apache.felix.main-5.6.10)
2020-02-24 22:14:13 +0000  (tag: org.apache.felix.main-5.6.2)
2020-02-24 22:14:13 +0000  (tag: org.apache.felix.main-5.6.4)
2020-02-24 22:14:13 +0000  (tag: org.apache.felix.main-5.6.6)
2020-02-24 22:14:13 +0000  (tag: org.apache.felix.main-5.6.8)
2020-02-24 22:14:13 +0000  (tag: org.apache.felix.main-6.0.0)
2020-02-24 22:14:13 +0000  (tag: org.apache.felix.main-6.0.1)
2020-02-24 22:14:13 +0000  (tag: org.apache.felix.main-6.0.2)
2020-02-24 22:14:13 +0000  (tag: org.apache.felix.main-6.0.3)
2006-03-05 22:21:34 +0000 
2020-02-24 22:14:13 +0000  (tag: org.apache.felix.main.distribution-2.0.4)
2020-02-24 22:14:13 +0000  (tag: org.apache.felix.main.distribution-2.0.5)
2020-02-24 22:14:13 +0000  (tag: org.apache.felix.main.distribution-3.0.0)
2020-02-24 22:14:13 +0000  (tag: org.apache.felix.main.distribution-3.0.1)
2020-02-24 22:14:13 +0000  (tag: org.apache.felix.main.distribution-3.0.2)
2020-02-24 22:14:13 +0000  (tag: org.apache.felix.main.distribution-3.0.3)
2020-02-24 22:14:13 +0000  (tag: org.apache.felix.main.distribution-3.0.4)
2020-02-24 22:14:13 +0000  (tag: org.apache.felix.main.distribution-3.0.5)
2020-02-24 22:14:13 +0000  (tag: org.apache.felix.main.distribution-3.0.6)
2020-02-24 22:14:13 +0000  (tag: org.apache.felix.main.distribution-3.0.7)
2020-02-24 22:14:13 +0000  (tag: org.apache.felix.main.distribution-3.0.8)
2020-02-24 22:14:13 +0000  (tag: org.apache.felix.main.distribution-3.0.9)
2020-02-24 22:14:13 +0000  (tag: org.apache.felix.main.distribution-3.2.0)
2020-02-24 22:14:13 +0000  (tag: org.apache.felix.main.distribution-3.2.1)
2020-02-24 22:14:13 +0000  (tag: org.apache.felix.main.distribution-3.2.2)
2020-02-24 22:14:13 +0000  (tag: org.apache.felix.main.distribution-4.0.0)
2020-02-24 22:14:13 +0000  (tag: org.apache.felix.main.distribution-4.0.1)
2020-02-24 22:14:13 +0000  (tag: org.apache.felix.main.distribution-4.0.2)
2020-02-24 22:14:13 +0000  (tag: org.apache.felix.main.distribution-4.0.3)
2020-02-24 22:14:13 +0000  (tag: org.apache.felix.main.distribution-4.2.0)
2020-02-24 22:14:13 +0000  (tag: org.apache.felix.main.distribution-4.2.1)
2020-02-24 22:14:13 +0000  (tag: org.apache.felix.main.distribution-4.4.0)
2020-02-24 22:14:13 +0000  (tag: org.apache.felix.main.distribution-4.4.1)
2020-02-24 22:14:13 +0000  (tag: org.apache.felix.main.distribution-4.6.0)
2020-02-24 22:14:13 +0000  (tag: org.apache.felix.main.distribution-4.6.1)
2020-02-24 22:14:13 +0000  (tag: org.apache.felix.main.distribution-5.0.0)
2020-02-24 22:14:13 +0000  (tag: org.apache.felix.main.distribution-5.0.1)
2020-02-24 22:14:13 +0000  (tag: org.apache.felix.main.distribution-5.2.0)
2020-02-24 22:14:13 +0000  (tag: org.apache.felix.main.distribution-5.4.0)
2020-02-24 22:14:13 +0000  (tag: org.apache.felix.main.distribution-5.6.0)
2020-02-24 22:14:13 +0000  (tag: org.apache.felix.main.distribution-5.6.1)
2020-02-24 22:14:13 +0000  (tag: org.apache.felix.main.distribution-5.6.10)
2020-02-24 22:14:13 +0000  (tag: org.apache.felix.main.distribution-5.6.2)
2020-02-24 22:14:13 +0000  (tag: org.apache.felix.main.distribution-5.6.2-update1)
2020-02-24 22:14:13 +0000  (tag: org.apache.felix.main.distribution-5.6.4)
2020-02-24 22:14:13 +0000  (tag: org.apache.felix.main.distribution-5.6.6)
2020-02-24 22:14:13 +0000  (tag: org.apache.felix.main.distribution-5.6.8)
2020-02-24 22:14:13 +0000  (tag: org.apache.felix.main.distribution-6.0.0)
2020-02-24 22:14:13 +0000  (tag: org.apache.felix.main.distribution-6.0.1)
2020-02-24 22:14:13 +0000  (tag: org.apache.felix.main.distribution-6.0.2)
2020-02-24 22:14:13 +0000  (tag: org.apache.felix.main.distribution-6.0.3)
2010-02-14 22:52:56 +0000 
2020-02-24 22:14:13 +0000  (tag: org.apache.felix.metatype-1.0.0)
2020-02-24 22:14:13 +0000  (tag: org.apache.felix.metatype-1.0.10)
2020-02-24 22:14:13 +0000  (tag: org.apache.felix.metatype-1.0.12)
2020-02-24 22:14:13 +0000  (tag: org.apache.felix.metatype-1.0.2)
2020-02-24 22:14:13 +0000  (tag: org.apache.felix.metatype-1.0.4)
2020-02-24 22:14:13 +0000  (tag: org.apache.felix.metatype-1.0.6)
2020-02-24 22:14:13 +0000  (tag: org.apache.felix.metatype-1.0.8)
2020-02-24 22:14:13 +0000  (tag: org.apache.felix.metatype-1.1.0)
2020-02-24 22:14:13 +0000  (tag: org.apache.felix.metatype-1.1.2)
2020-02-24 22:14:13 +0000  (tag: org.apache.felix.metatype-1.1.4)
2020-02-24 22:14:13 +0000  (tag: org.apache.felix.metatype-1.1.6)
2020-02-24 22:14:13 +0000  (tag: org.apache.felix.metatype-1.2.0)
2020-02-24 22:14:13 +0000  (tag: org.apache.felix.metatype-1.2.2)
2007-04-11 18:27:12 +0000 
2020-02-24 22:14:13 +0000  (tag: org.apache.felix.prefs-1.0.2)
2020-02-24 22:14:13 +0000  (tag: org.apache.felix.prefs-1.0.4)
2020-02-24 22:14:13 +0000  (tag: org.apache.felix.prefs-1.0.6)
2020-02-24 22:14:13 +0000  (tag: org.apache.felix.prefs-1.1.0)
2007-07-16 08:49:23 +0000 
2020-02-24 22:14:13 +0000  (tag: org.apache.felix.resolver-1.0.0)
2020-02-24 22:14:13 +0000  (tag: org.apache.felix.resolver-1.10.0)
2020-02-24 22:14:13 +0000  (tag: org.apache.felix.resolver-1.10.1)
2020-02-24 22:14:13 +0000  (tag: org.apache.felix.resolver-1.12.0)
2020-02-24 22:14:13 +0000  (tag: org.apache.felix.resolver-1.14.0)
2020-02-24 22:14:13 +0000  (tag: org.apache.felix.resolver-1.16.0)
2020-02-24 22:14:13 +0000  (tag: org.apache.felix.resolver-1.2.0)
2020-02-24 22:14:13 +0000  (tag: org.apache.felix.resolver-1.4.0)
2020-02-24 22:14:13 +0000  (tag: org.apache.felix.resolver-1.6.0)
2020-02-24 22:14:13 +0000  (tag: org.apache.felix.resolver-1.8.0)
2020-02-24 22:14:13 +0000  (tag: org.apache.felix.resolver-2.0.0)
2012-03-26 18:47:20 +0000 
2020-02-24 22:14:13 +0000  (tag: org.apache.felix.rootcause-0.1.0)
2018-10-11 14:10:11 +0000 
2020-02-24 22:14:13 +0000  (tag: org.apache.felix.scr-1.0.0)
2020-02-24 22:14:13 +0000  (tag: org.apache.felix.scr-1.0.2)
2020-02-24 22:14:13 +0000  (tag: org.apache.felix.scr-1.0.4)
2020-02-24 22:14:13 +0000  (tag: org.apache.felix.scr-1.0.6)
2020-02-24 22:14:13 +0000  (tag: org.apache.felix.scr-1.0.8)
2020-02-24 22:14:13 +0000  (tag: org.apache.felix.scr-1.2.0)
2020-02-24 22:14:13 +0000  (tag: org.apache.felix.scr-1.4.0)
2020-02-24 22:14:13 +0000  (tag: org.apache.felix.scr-1.6.0)
2020-02-24 22:14:13 +0000  (tag: org.apache.felix.scr-1.6.2)
2020-02-24 22:14:13 +0000  (tag: org.apache.felix.scr-1.8.0)
2020-02-24 22:14:13 +0000  (tag: org.apache.felix.scr-1.8.2)
2020-02-24 22:14:13 +0000  (tag: org.apache.felix.scr-1.8.4)
2020-02-24 22:14:13 +0000  (tag: org.apache.felix.scr-2.0.0)
2020-02-24 22:14:13 +0000  (tag: org.apache.felix.scr-2.0.10)
2020-02-24 22:14:13 +0000  (tag: org.apache.felix.scr-2.0.12)
2020-02-24 22:14:13 +0000  (tag: org.apache.felix.scr-2.0.14)
2020-02-24 22:14:13 +0000  (tag: org.apache.felix.scr-2.0.2)
2020-02-24 22:14:13 +0000  (tag: org.apache.felix.scr-2.0.4)
2020-02-24 22:14:13 +0000  (tag: org.apache.felix.scr-2.0.6)
2020-02-24 22:14:13 +0000  (tag: org.apache.felix.scr-2.0.8)
2020-02-24 22:14:13 +0000  (tag: org.apache.felix.scr-2.1.0)
2020-02-24 22:14:13 +0000  (tag: org.apache.felix.scr-2.1.10)
2020-02-24 22:14:13 +0000  (tag: org.apache.felix.scr-2.1.12)
2020-02-24 22:14:13 +0000  (tag: org.apache.felix.scr-2.1.14)
2020-02-24 22:14:13 +0000  (tag: org.apache.felix.scr-2.1.16)
2020-02-24 22:14:13 +0000  (tag: org.apache.felix.scr-2.1.2)
2020-02-24 22:14:13 +0000  (tag: org.apache.felix.scr-2.1.6)
2020-02-24 22:14:13 +0000  (tag: org.apache.felix.scr-2.1.8)
2006-04-21 16:34:36 +0000 
2020-02-24 22:14:13 +0000  (tag: org.apache.felix.scr.annotations-0.9.0)
2020-02-24 22:14:13 +0000  (tag: org.apache.felix.scr.annotations-1.0.0)
2020-02-24 22:14:13 +0000  (tag: org.apache.felix.scr.annotations-1.10.0)
2020-02-24 22:14:13 +0000  (tag: org.apache.felix.scr.annotations-1.11.0)
2020-02-24 22:14:13 +0000  (tag: org.apache.felix.scr.annotations-1.12.0)
2020-02-24 22:14:13 +0000  (tag: org.apache.felix.scr.annotations-1.2.0)
2020-02-24 22:14:13 +0000  (tag: org.apache.felix.scr.annotations-1.3.0)
2009-03-31 17:12:40 +0000 
2020-02-24 22:14:13 +0000  (tag: org.apache.felix.scr.annotations-1.4.0)
2020-02-24 22:14:13 +0000  (tag: org.apache.felix.scr.annotations-1.5.0)
2020-02-24 22:14:13 +0000  (tag: org.apache.felix.scr.annotations-1.6.0)
2020-02-24 22:14:13 +0000  (tag: org.apache.felix.scr.annotations-1.7.0)
2020-02-24 22:14:13 +0000  (tag: org.apache.felix.scr.annotations-1.8.0)
2020-02-24 22:14:13 +0000  (tag: org.apache.felix.scr.annotations-1.9.0)
2020-02-24 22:14:13 +0000  (tag: org.apache.felix.scr.annotations-1.9.10)
2020-02-24 22:14:13 +0000  (tag: org.apache.felix.scr.annotations-1.9.12)
2020-02-24 22:14:13 +0000  (tag: org.apache.felix.scr.annotations-1.9.2)
2020-02-24 22:14:13 +0000  (tag: org.apache.felix.scr.annotations-1.9.4)
2020-02-24 22:14:13 +0000  (tag: org.apache.felix.scr.annotations-1.9.6)
2020-02-24 22:14:13 +0000  (tag: org.apache.felix.scr.annotations-1.9.8)
2010-10-21 10:55:34 +0000 
2020-02-24 22:14:13 +0000  (tag: org.apache.felix.scr.ant-1.0.0)
2020-02-24 22:14:13 +0000  (tag: org.apache.felix.scr.ant-1.1.0)
2020-02-24 22:14:13 +0000  (tag: org.apache.felix.scr.ant-1.1.2)
2020-02-24 22:14:13 +0000  (tag: org.apache.felix.scr.ant-1.1.4)
2020-02-24 22:14:13 +0000  (tag: org.apache.felix.scr.ant-1.10.0)
2020-02-24 22:14:13 +0000  (tag: org.apache.felix.scr.ant-1.11.0)
2020-02-24 22:14:13 +0000  (tag: org.apache.felix.scr.ant-1.12.0)
2020-02-24 22:14:13 +0000  (tag: org.apache.felix.scr.ant-1.13.0)
2020-02-24 22:14:13 +0000  (tag: org.apache.felix.scr.ant-1.14.0)
2020-02-24 22:14:13 +0000  (tag: org.apache.felix.scr.ant-1.15.0)
2020-02-24 22:14:13 +0000  (tag: org.apache.felix.scr.ant-1.16.0)
2020-02-24 22:14:13 +0000  (tag: org.apache.felix.scr.ant-1.17.0)
2020-02-24 22:14:13 +0000  (tag: org.apache.felix.scr.ant-1.18.0)
2020-02-24 22:14:13 +0000  (tag: org.apache.felix.scr.ant-1.2.0)
2020-02-24 22:14:13 +0000  (tag: org.apache.felix.scr.ant-1.3.0)
2020-02-24 22:14:13 +0000  (tag: org.apache.felix.scr.ant-1.4.0)
2020-02-24 22:14:13 +0000  (tag: org.apache.felix.scr.ant-1.5.0)
2020-02-24 22:14:13 +0000  (tag: org.apache.felix.scr.ant-1.6.0)
2020-02-24 22:14:13 +0000  (tag: org.apache.felix.scr.ant-1.7.0)
2020-02-24 22:14:13 +0000  (tag: org.apache.felix.scr.ant-1.8.0)
2020-02-24 22:14:13 +0000  (tag: org.apache.felix.scr.ant-1.9.0)
2010-10-21 10:55:34 +0000 
2020-02-24 22:14:13 +0000  (tag: org.apache.felix.scr.bnd-1.0.0)
2020-02-24 22:14:13 +0000  (tag: org.apache.felix.scr.bnd-1.1.0)
2020-02-24 22:14:13 +0000  (tag: org.apache.felix.scr.bnd-1.2.0)
2020-02-24 22:14:13 +0000  (tag: org.apache.felix.scr.bnd-1.3.0)
2020-02-24 22:14:13 +0000  (tag: org.apache.felix.scr.bnd-1.4.0)
2020-02-24 22:14:13 +0000  (tag: org.apache.felix.scr.bnd-1.5.0)
2020-02-24 22:14:13 +0000  (tag: org.apache.felix.scr.bnd-1.6.0)
2020-02-24 22:14:13 +0000  (tag: org.apache.felix.scr.bnd-1.7.0)
2020-02-24 22:14:13 +0000  (tag: org.apache.felix.scr.bnd-1.7.2)
2020-02-24 22:14:13 +0000  (tag: org.apache.felix.scr.bnd-1.8.0)
2020-02-24 22:14:13 +0000  (tag: org.apache.felix.scr.bnd-1.9.0)
2020-02-24 22:14:13 +0000  (tag: org.apache.felix.scr.bnd-1.9.2)
2020-02-24 22:14:13 +0000  (tag: org.apache.felix.scr.bnd-1.9.4)
2020-02-24 22:14:13 +0000  (tag: org.apache.felix.scr.bnd-1.9.6)
2013-07-06 08:35:29 +0000 
2020-02-24 22:14:13 +0000  (tag: org.apache.felix.scr.compat-1.0.0)
2020-02-24 22:14:13 +0000  (tag: org.apache.felix.scr.compat-1.0.2)
2020-02-24 22:14:13 +0000  (tag: org.apache.felix.scr.compat-1.0.4)
2015-02-16 09:51:22 +0000 
2020-02-24 22:14:13 +0000  (tag: org.apache.felix.scr.ds-annotations-1.2.0)
2020-02-24 22:14:13 +0000  (tag: org.apache.felix.scr.ds-annotations-1.2.10)
2020-02-24 22:14:13 +0000  (tag: org.apache.felix.scr.ds-annotations-1.2.2)
2020-02-24 22:14:13 +0000  (tag: org.apache.felix.scr.ds-annotations-1.2.4)
2020-02-24 22:14:13 +0000  (tag: org.apache.felix.scr.ds-annotations-1.2.6)
2020-02-24 22:14:13 +0000  (tag: org.apache.felix.scr.ds-annotations-1.2.8)
2012-06-13 15:50:00 +0000 
2020-02-24 22:14:13 +0000  (tag: org.apache.felix.scr.ext.anno-1.0.0)
2015-12-28 06:45:16 +0000 
2020-02-24 22:14:13 +0000  (tag: org.apache.felix.scr.generator-1.0.0)
2020-02-24 22:14:13 +0000  (tag: org.apache.felix.scr.generator-1.1.0)
2020-02-24 22:14:13 +0000  (tag: org.apache.felix.scr.generator-1.1.2)
2020-02-24 22:14:13 +0000  (tag: org.apache.felix.scr.generator-1.1.4)
2020-02-24 22:14:13 +0000  (tag: org.apache.felix.scr.generator-1.10.0)
2020-02-24 22:14:13 +0000  (tag: org.apache.felix.scr.generator-1.11.0)
2020-02-24 22:14:13 +0000  (tag: org.apache.felix.scr.generator-1.12.0)
2020-02-24 22:14:13 +0000  (tag: org.apache.felix.scr.generator-1.13.0)
2020-02-24 22:14:13 +0000  (tag: org.apache.felix.scr.generator-1.14.0)
2020-02-24 22:14:13 +0000  (tag: org.apache.felix.scr.generator-1.15.0)
2020-02-24 22:14:13 +0000  (tag: org.apache.felix.scr.generator-1.16.0)
2020-02-24 22:14:13 +0000  (tag: org.apache.felix.scr.generator-1.17.0)
2020-02-24 22:14:13 +0000  (tag: org.apache.felix.scr.generator-1.18.0)
2020-02-24 22:14:13 +0000  (tag: org.apache.felix.scr.generator-1.18.2)
2020-02-24 22:14:13 +0000  (tag: org.apache.felix.scr.generator-1.18.4)
2020-02-24 22:14:13 +0000  (tag: org.apache.felix.scr.generator-1.2.0)
2020-02-24 22:14:13 +0000  (tag: org.apache.felix.scr.generator-1.3.0)
2020-02-24 22:14:13 +0000  (tag: org.apache.felix.scr.generator-1.4.0)
2020-02-24 22:14:13 +0000  (tag: org.apache.felix.scr.generator-1.5.0)
2020-02-24 22:14:13 +0000  (tag: org.apache.felix.scr.generator-1.6.0)
2020-02-24 22:14:13 +0000  (tag: org.apache.felix.scr.generator-1.7.0)
2020-02-24 22:14:13 +0000  (tag: org.apache.felix.scr.generator-1.8.0)
2020-02-24 22:14:13 +0000  (tag: org.apache.felix.scr.generator-1.8.2)
2020-02-24 22:14:13 +0000  (tag: org.apache.felix.scr.generator-1.9.0)
2010-10-21 10:55:34 +0000 
2020-02-24 22:14:13 +0000  (tag: org.apache.felix.servicediagnostics.plugin-0.1.1)
2020-02-24 22:14:13 +0000  (tag: org.apache.felix.servicediagnostics.plugin-0.1.2)
2020-02-24 22:14:13 +0000  (tag: org.apache.felix.servicediagnostics.plugin-0.1.3)
2011-11-18 09:40:49 +0000 
2020-02-24 22:14:13 +0000  (tag: org.apache.felix.shell-0.8.0-incubator)
2020-02-24 22:14:13 +0000  (tag: org.apache.felix.shell-1.0.0)
2020-02-24 22:14:13 +0000  (tag: org.apache.felix.shell-1.0.1)
2020-02-24 22:14:13 +0000  (tag: org.apache.felix.shell-1.0.2)
2020-02-24 22:14:13 +0000  (tag: org.apache.felix.shell-1.2.0)
2020-02-24 22:14:13 +0000  (tag: org.apache.felix.shell-1.4.0)
2020-02-24 22:14:13 +0000  (tag: org.apache.felix.shell-1.4.1)
2020-02-24 22:14:13 +0000  (tag: org.apache.felix.shell-1.4.2)
2020-02-24 22:14:13 +0000  (tag: org.apache.felix.shell-1.4.3)
2006-03-03 05:06:35 +0000 
2020-02-24 22:14:13 +0000  (tag: org.apache.felix.shell.remote-1.0.2)
2020-02-24 22:14:13 +0000  (tag: org.apache.felix.shell.remote-1.0.4)
2020-02-24 22:14:13 +0000  (tag: org.apache.felix.shell.remote-1.1.0)
2020-02-24 22:14:13 +0000  (tag: org.apache.felix.shell.remote-1.1.2)
2020-02-24 22:14:13 +0000  (tag: org.apache.felix.shell.remote-1.2.0)
2008-08-19 13:18:47 +0000 
2020-02-24 22:14:13 +0000  (tag: org.apache.felix.shell.tui-0.8.0-incubator)
2020-02-24 22:14:13 +0000  (tag: org.apache.felix.shell.tui-1.0.0)
2020-02-24 22:14:13 +0000  (tag: org.apache.felix.shell.tui-1.0.1)
2020-02-24 22:14:13 +0000  (tag: org.apache.felix.shell.tui-1.0.2)
2020-02-24 22:14:13 +0000  (tag: org.apache.felix.shell.tui-1.2.0)
2020-02-24 22:14:13 +0000  (tag: org.apache.felix.shell.tui-1.4.0)
2020-02-24 22:14:13 +0000  (tag: org.apache.felix.shell.tui-1.4.1)
2006-03-03 05:41:52 +0000 
2020-02-24 22:14:13 +0000  (tag: org.apache.felix.systemready-0.2.0)
2020-02-24 22:14:13 +0000  (tag: org.apache.felix.systemready-0.4.0)
2020-02-24 22:14:13 +0000  (tag: org.apache.felix.systemready-0.4.2)
2020-02-24 22:14:13 +0000  (tag: org.apache.felix.threaddump-1.0.0)
2013-06-20 12:47:35 +0000 
2020-02-24 22:14:13 +0000  (tag: org.apache.felix.upnp.basedriver-0.8.0)
2006-04-04 23:33:40 +0000 
2020-02-24 22:14:13 +0000  (tag: org.apache.felix.upnp.extra-0.4.0)
2006-04-04 22:53:50 +0000 
2020-02-24 22:14:13 +0000  (tag: org.apache.felix.upnp.tester-0.4.0)
2006-04-04 23:44:23 +0000 
2020-02-24 22:14:13 +0000  (tag: org.apache.felix.useradmin-1.0.3)
2020-02-24 22:14:13 +0000  (tag: org.apache.felix.useradmin-1.0.4)
2020-02-24 22:14:13 +0000  (tag: org.apache.felix.useradmin-1.0.5)
2020-02-24 22:14:13 +0000  (tag: org.apache.felix.useradmin-1.0.6)
2012-09-28 12:58:59 +0000 
2020-02-24 22:14:13 +0000  (tag: org.apache.felix.useradmin.filestore-1.0.2)
2012-09-28 12:58:59 +0000 
2020-02-24 22:14:13 +0000  (tag: org.apache.felix.useradmin.mongodb-1.0.1)
2012-09-28 12:58:59 +0000 
2020-02-24 22:14:13 +0000  (tag: org.apache.felix.utils-1.0.0)
2020-02-24 22:14:13 +0000  (tag: org.apache.felix.utils-1.1.0)
2020-02-24 22:14:13 +0000  (tag: org.apache.felix.utils-1.1.2)
2020-02-24 22:14:13 +0000  (tag: org.apache.felix.utils-1.10.0)
2020-02-24 22:14:13 +0000  (tag: org.apache.felix.utils-1.10.2)
2020-02-24 22:14:13 +0000  (tag: org.apache.felix.utils-1.10.4)
2020-02-24 22:14:13 +0000  (tag: org.apache.felix.utils-1.11.0)
2020-02-24 22:14:13 +0000  (tag: org.apache.felix.utils-1.11.2)
2020-02-24 22:14:13 +0000  (tag: org.apache.felix.utils-1.11.4)
2020-02-24 22:14:13 +0000  (tag: org.apache.felix.utils-1.2.0)
2020-02-24 22:14:13 +0000  (tag: org.apache.felix.utils-1.4.0)
2020-02-24 22:14:13 +0000  (tag: org.apache.felix.utils-1.4.2)
2020-02-24 22:14:13 +0000  (tag: org.apache.felix.utils-1.6.0)
2020-02-24 22:14:13 +0000  (tag: org.apache.felix.utils-1.8.0)
2020-02-24 22:14:13 +0000  (tag: org.apache.felix.utils-1.8.2)
2020-02-24 22:14:13 +0000  (tag: org.apache.felix.utils-1.8.4)
2020-02-24 22:14:13 +0000  (tag: org.apache.felix.utils-1.8.6)
2020-02-24 22:14:13 +0000  (tag: org.apache.felix.utils-1.9.0)
2010-03-18 08:40:37 +0000 
2020-02-24 22:14:13 +0000  (tag: org.apache.felix.webconsole-1.0.0)
2020-02-24 22:14:13 +0000  (tag: org.apache.felix.webconsole-1.2.0)
2020-02-24 22:14:13 +0000  (tag: org.apache.felix.webconsole-1.2.10)
2020-02-24 22:14:13 +0000  (tag: org.apache.felix.webconsole-1.2.2)
2020-02-24 22:14:13 +0000  (tag: org.apache.felix.webconsole-1.2.8)
2020-02-24 22:14:13 +0000  (tag: org.apache.felix.webconsole-2.0.0)
2020-02-24 22:14:13 +0000  (tag: org.apache.felix.webconsole-2.0.2)
2020-02-24 22:14:13 +0000  (tag: org.apache.felix.webconsole-2.0.4)
2020-02-24 22:14:13 +0000  (tag: org.apache.felix.webconsole-2.0.6)
2020-02-24 22:14:13 +0000  (tag: org.apache.felix.webconsole-3.0.0)
2020-02-24 22:14:13 +0000  (tag: org.apache.felix.webconsole-3.1.0)
2020-02-24 22:14:13 +0000  (tag: org.apache.felix.webconsole-3.1.2)
2020-02-24 22:14:13 +0000  (tag: org.apache.felix.webconsole-3.1.6)
2020-02-24 22:14:13 +0000  (tag: org.apache.felix.webconsole-3.1.8)
2020-02-24 22:14:13 +0000  (tag: org.apache.felix.webconsole-4.0.0)
2020-02-24 22:14:13 +0000  (tag: org.apache.felix.webconsole-4.2.0)
2020-02-24 22:14:13 +0000  (tag: org.apache.felix.webconsole-4.2.10)
2020-02-24 22:14:13 +0000  (tag: org.apache.felix.webconsole-4.2.12)
2020-02-24 22:14:13 +0000  (tag: org.apache.felix.webconsole-4.2.14)
2020-02-24 22:14:13 +0000  (tag: org.apache.felix.webconsole-4.2.16)
2020-02-24 22:14:13 +0000  (tag: org.apache.felix.webconsole-4.2.18)
2020-02-24 22:14:13 +0000  (tag: org.apache.felix.webconsole-4.2.2)
2020-02-24 22:14:13 +0000  (tag: org.apache.felix.webconsole-4.2.4)
2020-02-24 22:14:13 +0000  (tag: org.apache.felix.webconsole-4.2.6)
2020-02-24 22:14:13 +0000  (tag: org.apache.felix.webconsole-4.2.7)
2020-02-24 22:14:13 +0000  (tag: org.apache.felix.webconsole-4.2.8)
2020-02-24 22:14:13 +0000  (tag: org.apache.felix.webconsole-4.3.0)
2020-02-24 22:14:13 +0000  (tag: org.apache.felix.webconsole-4.3.10)
2020-02-24 22:14:13 +0000  (tag: org.apache.felix.webconsole-4.3.12)
2020-02-24 22:14:13 +0000  (tag: org.apache.felix.webconsole-4.3.14)
2020-02-24 22:14:13 +0000  (tag: org.apache.felix.webconsole-4.3.16)
2020-02-24 22:14:13 +0000  (tag: org.apache.felix.webconsole-4.3.2)
2020-02-24 22:14:13 +0000  (tag: org.apache.felix.webconsole-4.3.4)
2020-02-24 22:14:13 +0000  (tag: org.apache.felix.webconsole-4.3.8)
2007-09-10 08:50:41 +0000 
2020-02-24 22:14:13 +0000  (tag: org.apache.felix.webconsole.plugins.ds-1.0.0)
2020-02-24 22:14:13 +0000  (tag: org.apache.felix.webconsole.plugins.ds-2.0.0)
2020-02-24 22:14:13 +0000  (tag: org.apache.felix.webconsole.plugins.ds-2.0.2)
2020-02-24 22:14:13 +0000  (tag: org.apache.felix.webconsole.plugins.ds-2.0.4)
2020-02-24 22:14:13 +0000  (tag: org.apache.felix.webconsole.plugins.ds-2.0.6)
2020-02-24 22:14:13 +0000  (tag: org.apache.felix.webconsole.plugins.ds-2.0.8)
2020-02-24 22:14:13 +0000  (tag: org.apache.felix.webconsole.plugins.ds-2.1.0)
2011-09-12 14:45:53 +0000 
2020-02-24 22:14:13 +0000  (tag: org.apache.felix.webconsole.plugins.event-0.9.0)
2020-02-24 22:14:13 +0000  (tag: org.apache.felix.webconsole.plugins.event-1.0.2)
2020-02-24 22:14:13 +0000  (tag: org.apache.felix.webconsole.plugins.event-1.1.0)
2020-02-24 22:14:13 +0000  (tag: org.apache.felix.webconsole.plugins.event-1.1.2)
2020-02-24 22:14:13 +0000  (tag: org.apache.felix.webconsole.plugins.event-1.1.4)
2020-02-24 22:14:13 +0000  (tag: org.apache.felix.webconsole.plugins.event-1.1.6)
2020-02-24 22:14:13 +0000  (tag: org.apache.felix.webconsole.plugins.event-1.1.8)
2009-09-24 12:09:34 +0000 
2020-02-24 22:14:13 +0000  (tag: org.apache.felix.webconsole.plugins.memoryusage-1.0.0)
2020-02-24 22:14:13 +0000  (tag: org.apache.felix.webconsole.plugins.memoryusage-1.0.10)
2020-02-24 22:14:13 +0000  (tag: org.apache.felix.webconsole.plugins.memoryusage-1.0.2)
2020-02-24 22:14:13 +0000  (tag: org.apache.felix.webconsole.plugins.memoryusage-1.0.4)
2020-02-24 22:14:13 +0000  (tag: org.apache.felix.webconsole.plugins.memoryusage-1.0.6)
2020-02-24 22:14:13 +0000  (tag: org.apache.felix.webconsole.plugins.memoryusage-1.0.8)
2010-03-01 23:00:32 +0000 
2020-02-24 22:14:13 +0000  (tag: org.apache.felix.webconsole.plugins.obr-1.0.0)
2020-02-24 22:14:13 +0000  (tag: org.apache.felix.webconsole.plugins.obr-1.0.2)
2020-02-24 22:14:13 +0000  (tag: org.apache.felix.webconsole.plugins.obr-1.0.4)
2011-09-12 14:45:53 +0000 
2020-02-24 22:14:13 +0000  (tag: org.apache.felix.webconsole.plugins.packageadmin-1.0.0)
2020-02-24 22:14:13 +0000  (tag: org.apache.felix.webconsole.plugins.packageadmin-1.0.2)
2020-02-24 22:14:13 +0000  (tag: org.apache.felix.webconsole.plugins.packageadmin-1.0.4)
2011-06-21 12:43:10 +0000 
2020-02-24 22:14:13 +0000  (tag: org.apache.felix.webconsole.plugins.scriptconsole-1.0.0)
2020-02-24 22:14:13 +0000  (tag: org.apache.felix.webconsole.plugins.scriptconsole-1.0.2)
2013-07-22 06:58:03 +0000 
2020-02-24 22:14:13 +0000  (tag: org.apache.felix.webconsole.plugins.subsystems-0.1.0)
2015-07-02 11:09:06 +0000 
2020-02-24 22:14:13 +0000  (tag: org.apache.felix.webconsole.plugins.upnp-1.0.0)
2020-02-24 22:14:13 +0000  (tag: org.apache.felix.webconsole.plugins.upnp-1.0.2)
2020-02-24 22:14:13 +0000  (tag: org.apache.felix.webconsole.plugins.upnp-1.0.4)
2020-02-24 22:14:13 +0000  (tag: org.apache.felix.webconsole.plugins.upnp-1.0.5)
2020-02-24 22:14:13 +0000  (tag: org.apache.felix.webconsole.plugins.upnp-1.0.6)
2010-03-22 06:52:06 +0000 
2020-02-24 22:14:13 +0000  (tag: org.apache.felix.webconsole.plugins.useradmin-1.0.0)
2020-02-24 22:14:13 +0000  (tag: org.apache.felix.webconsole.plugins.useradmin-1.0.1)
2020-02-24 22:14:13 +0000  (tag: org.apache.felix.webconsole.plugins.useradmin-1.0.2)
2012-08-21 20:06:24 +0000 
2020-02-24 22:14:13 +0000  (tag: org.osgi.compendium-1.0.0)
2020-02-24 22:14:13 +0000  (tag: org.osgi.compendium-1.0.1)
2020-02-24 22:14:13 +0000  (tag: org.osgi.compendium-1.2.0)
2020-02-24 22:14:13 +0000  (tag: org.osgi.compendium-1.4.0)
2006-03-29 21:05:08 +0000 
2020-02-24 22:14:13 +0000  (tag: org.osgi.core-0.8.0-incubator)
2020-02-24 22:14:13 +0000  (tag: org.osgi.core-1.0.0)
2020-02-24 22:14:13 +0000  (tag: org.osgi.core-1.0.1)
2020-02-24 22:14:13 +0000  (tag: org.osgi.core-1.2.0)
2020-02-24 22:14:13 +0000  (tag: org.osgi.core-1.4.0)
2006-03-02 20:03:41 +0000 
2020-02-24 22:14:13 +0000  (tag: org.osgi.foundation-1.0.0)
2020-02-24 22:14:13 +0000  (tag: org.osgi.foundation-1.2.0)
2006-10-18 22:05:15 +0000 
2020-02-24 22:14:13 +0000  (tag: org.osgi.service.obr-1.0.0)
2020-02-24 22:14:13 +0000  (tag: org.osgi.service.obr-1.0.1)
2020-02-24 22:14:13 +0000  (tag: org.osgi.service.obr-1.0.2)
2007-09-24 19:54:42 +0000 
2020-02-24 22:14:13 +0000  (tag: osgicheck-maven-plugin-0.1.0)
2017-09-01 12:19:11 +0000 
2020-02-24 22:14:13 +0000  (tag: parent-pom-1.0.0)
2020-02-24 22:14:13 +0000  (tag: parent-pom-1.0.1)
2020-02-24 22:14:13 +0000  (tag: parent-pom-1.0.2)
2007-07-11 18:29:29 +0000 
2020-02-24 22:14:13 +0000  (tag: servicediagnostics.parent-0.1.1)
2020-02-24 22:14:13 +0000  (tag: servicediagnostics.parent-0.1.2)
2020-02-24 22:14:13 +0000  (tag: servicediagnostics.parent-0.1.3)
2012-01-20 08:21:21 +0000 