2022-08-17 13:58:06 +0100  (tag: release-1.15.2-rc2, tag: release-1.15.2, origin/release-1.15.2-rc2)
2022-08-16 19:51:13 +0100  (tag: release-1.15.2-rc1, origin/release-1.15.2-rc1)
2022-06-20 14:40:28 +0200  (tag: release-1.15.1-rc1, tag: release-1.15.1)
2022-06-09 15:10:44 +0800  (tag: release-1.14.5-rc1, tag: release-1.14.5)
2022-04-21 01:50:32 +0800  (tag: release-1.15.0-rc4, tag: release-1.15.0)
2022-04-15 00:39:27 +0800  (tag: release-1.15.0-rc3)
2022-04-12 19:12:16 +0800  (tag: release-1.15.0-rc2)
2022-04-11 20:12:42 +0800  (tag: release-1.15.0-rc1, origin/release-1.15.0-rc1)
2022-03-23 15:26:57 +0800  (tag: release-1.15.0-rc0)
2022-02-25 11:57:14 +0100  (tag: release-1.14.4-rc1, tag: release-1.14.4)
2022-02-03 14:54:22 +0100  (tag: release-1.13.6-rc1, tag: release-1.13.6)
2022-01-08 14:23:54 -0800  (tag: release-1.14.3-rc1, tag: release-1.14.3, origin/release-1.14.3-rc1)
2021-12-14 23:39:33 +0100  (tag: release-1.12.7-rc1, tag: release-1.12.7)
2021-12-14 23:38:16 +0100  (tag: release-1.11.6-rc1, tag: release-1.11.6)
2021-12-14 23:26:04 +0100  (tag: release-1.13.5-rc1, tag: release-1.13.5)
2021-12-14 23:22:57 +0100  (tag: release-1.14.2-rc1, tag: release-1.14.2)
2021-12-13 12:28:21 +0100  (tag: release-1.14.1-rc1)
2021-09-22 08:39:40 +0200  (tag: release-1.14.0-rc3, tag: release-1.14.0)
2021-12-13 12:26:33 +0100  (tag: release-1.12.6-rc1)
2021-07-23 11:52:23 +0800  (tag: release-1.12.5-rc3, tag: release-1.12.5)
2021-12-13 12:26:09 +0100  (tag: release-1.13.4-rc1)
2021-10-11 23:52:36 +0200  (tag: release-1.13.3-rc1, tag: release-1.13.3)
2021-12-13 12:23:21 +0100  (tag: release-1.11.5-rc1)
2021-07-21 10:20:58 +0800  (tag: release-1.11.4-rc1, tag: release-1.11.4)
2021-09-18 10:07:17 +0800  (tag: release-1.14.0-rc2)
2021-09-14 23:01:57 +0200  (tag: release-1.14.0-rc1)
2021-08-28 10:01:59 +0800  (tag: release-1.14.0-rc0)
2021-07-23 10:35:55 +0800  (tag: release-1.13.2-rc3, tag: release-1.13.2)
2021-07-15 10:07:10 +0800  (tag: release-1.12.5-rc2)
2021-07-14 10:38:57 +0800  (tag: release-1.13.2-rc2, origin/release-1.13.2-rc2)
2021-07-01 14:05:46 +0800  (tag: release-1.12.5-rc1)
2021-06-29 12:52:55 +0800  (tag: release-1.13.2-rc1)
2021-05-25 12:02:11 +0200  (tag: release-1.13.1-rc1, tag: release-1.13.1)
2021-05-10 16:31:35 +0200  (tag: release-1.12.4-rc1, tag: release-1.12.4)
2021-04-23 15:39:21 +0200  (tag: release-1.13.0-rc2, tag: release-1.13.0)
2021-04-23 11:49:05 +0200  (tag: release-1.12.3-rc1, tag: release-1.12.3, origin/release-1.12.3-rc1)
2021-04-18 20:21:06 +0800  (tag: release-1.13.0-rc1)
2021-04-01 20:28:35 +0200  (tag: release-1.13.0-rc0)
2021-02-26 17:14:28 +0100  (tag: release-1.12.2-rc2, tag: release-1.12.2)
2021-01-20 11:45:46 +0800  (tag: release-1.10.3-rc1, tag: release-1.10.3)
2021-01-09 21:46:36 +0800  (tag: release-1.12.1-rc2, tag: release-1.12.1)
2020-12-25 18:10:03 +0800  (tag: release-1.12.1-rc1)
2020-12-12 19:13:25 +0800  (tag: release-1.11.3-rc2, tag: release-1.11.3)
2020-12-08 18:07:31 +0800  (tag: release-1.11.3-rc1)
2020-12-02 08:49:16 +0100  (tag: release-1.12.0-rc3, tag: release-1.12.0)
2020-11-30 19:44:53 +0100  (tag: release-1.12.0-rc2)
2020-11-09 14:31:20 +0800  (tag: release-1.12.0-rc1)
2020-09-30 14:03:23 +0800  (origin/release0)
2020-09-09 22:19:03 +0800  (tag: release-1.11.2-rc1, tag: release-1.11.2)
2020-08-17 15:14:12 +0800  (tag: release-1.10.2-rc2, tag: release-1.10.2)
2020-08-11 14:48:51 +0800  (tag: release-1.10.2-rc1)
2020-07-15 13:02:09 +0800  (tag: release-1.11.1-rc1, tag: release-1.11.1)
2020-06-29 22:13:14 +0800  (tag: release-1.11.0-rc4, tag: release-1.11.0)
2020-06-24 10:59:21 +0800  (tag: release-1.11.0-rc3)
2020-06-18 10:32:14 +0800  (tag: release-1.11.0-rc2)
2020-05-24 01:33:12 +0800  (tag: release-1.11.0-rc1)
2020-05-07 13:58:51 +0800  (tag: release-1.10.1-rc3, tag: release-1.10.1)
2020-05-01 12:52:55 +0800  (tag: release-1.10.1-rc2)
2020-04-24 15:57:28 +0800  (tag: release-1.10.1-rc1)
2020-04-17 19:08:57 +0800  (tag: release-1.9.3-rc1, tag: release-1.9.3)
2020-02-07 19:18:19 +0100  (tag: release-1.10.0-rc3, tag: release-1.10.0)
2020-02-05 15:59:09 +0100  (tag: release-1.10.0-rc2)
2020-01-27 16:47:57 +0100  (tag: release-1.10.0-rc1)
2019-10-24 13:52:52 +0200  (origin/docs_experimental__docs_compile)
2020-01-24 08:44:30 +0800  (tag: release-1.9.2-rc1, tag: release-1.9.2)
2019-12-05 14:16:18 +0800  (tag: release-1.8.3-rc3, tag: release-1.8.3)
2019-12-02 21:57:00 +0800  (tag: release-1.8.3-rc2)
2019-11-27 11:06:07 +0800  (tag: release-1.8.3-rc1)
2019-09-30 11:32:19 +0800  (tag: release-1.9.1-rc1, tag: release-1.9.1)
2019-09-04 22:07:41 +0800  (tag: release-1.8.2-rc1, tag: release-1.8.2)
2019-08-19 18:16:55 +0200  (tag: release-1.9.0-rc3, tag: release-1.9.0)
2019-08-09 15:28:10 +0200  (tag: release-1.9.0-rc2)
2019-06-24 23:04:28 +0800  (tag: release-1.8.1)
2019-06-24 08:57:49 +0800  (tag: release-1.8.1-rc1)
2019-04-03 13:25:54 -0700  (tag: release-1.8.0-rc5, tag: release-1.8.0)
2019-03-21 14:17:43 +0100  (tag: release-1.8.0-rc4)
2019-03-19 09:03:05 +0100  (tag: release-1.8.0-rc3)
2019-03-13 15:25:48 +0100  (tag: release-1.8.0-rc2)
2019-03-11 08:42:53 +0100  (tag: release-1.8.0-rc1)
2019-02-14 20:51:48 +0800  (tag: release-1.6.4-rc1, tag: release-1.6.4)
2019-02-11 22:17:09 +0800  (tag: release-1.7.2-rc1, tag: release-1.7.2)
2018-12-18 10:34:17 +0800  (tag: release-1.6.3-rc1, tag: release-1.6.3)
2018-12-15 21:12:28 -0800  (tag: release-1.5.6-rc1, tag: release-1.5.6)
2018-12-14 16:48:34 +0100  (tag: release-1.7.1-rc2, tag: release-1.7.1)
2018-12-13 11:08:12 +0100  (tag: release-1.7.1-rc1)
2018-11-28 18:59:06 +0100  (tag: release-1.7.0-rc3, tag: release-1.7.0)
2018-11-19 22:40:52 +0100  (tag: release-1.7.0-rc2)
2018-11-05 12:38:57 +0100  (tag: release-1.7.0-rc1)
2018-10-17 20:46:46 +0200  (tag: release-1.6.2-rc1, tag: release-1.6.2)
2018-10-17 17:28:29 +0200  (tag: release-1.5.5-rc1, tag: release-1.5.5)
2018-09-15 09:14:21 +0200  (tag: release-1.5.4-rc1, tag: release-1.5.4)
2018-09-14 21:56:46 +0200  (tag: release-1.6.1-rc1, tag: release-1.6.1)
2018-08-16 08:39:50 +0200  (tag: release-1.5.3-rc1, tag: release-1.5.3)
2018-08-07 15:31:13 +0200  (tag: release-1.6.0-rc4, tag: release-1.6.0)
2018-08-06 17:07:06 +0200  (tag: release-1.6.0-rc3)
2018-08-03 16:50:25 +0200  (tag: release-1.6.0-rc2)
2018-07-25 19:10:13 +0200  (tag: release-1.5.2-rc2, tag: release-1.5.2)
2018-07-24 09:17:22 +0200  (tag: release-1.5.2-rc1)
2018-07-24 07:35:39 +0200  (tag: release-1.6.0-rc1)
2018-07-10 13:51:27 +0200  (tag: release-1.5.1-rc3, tag: release-1.5.1)
2018-07-06 12:08:56 +0200  (tag: release-1.5.1-rc2)
2018-07-05 12:38:55 +0200  (tag: release-1.5.1-rc1)
2018-05-24 16:54:44 +0200  (tag: release-1.5.0-rc6, tag: release-1.5.0)
2018-05-23 01:54:29 +0200  (tag: release-1.5.0-rc5)
2018-05-18 01:12:39 +0200  (tag: release-1.5.0-rc4)
2018-05-15 14:52:59 +0200  (tag: release-1.5.0-rc3)
2018-05-10 16:40:04 +0200  (tag: release-1.5.0-rc2)
2018-04-02 17:17:35 +0200  (tag: release-1.5.0-rc1)
2018-03-14 13:13:37 +0800  (tag: release-1.3.3, origin/release-1.3.3-rc2)
2018-02-28 20:53:14 +0800  (tag: release-1.4.2-rc2, tag: release-1.4.2)
2018-02-27 15:03:32 +0800  (tag: release-1.4.2-rc1)
2018-02-09 17:59:39 +0100  (tag: release-1.4.1-rc1, tag: release-1.4.1)
2017-12-06 12:08:40 +0100  (tag: release-1.4.0-rc3, tag: release-1.4.0)
2017-11-27 16:38:49 +0100  (tag: release-1.4.0-rc2)
2017-11-23 18:11:01 +0100  (tag: release-1.4.0-rc1)
2017-08-03 12:23:11 +0200  (tag: release-1.3.2-rc3, tag: release-1.3.2, origin/release-1.3.2-rc3)
2017-07-29 12:34:19 +0200  (tag: release-1.3.2-rc2, origin/release-1.3.2-rc2)
2017-07-28 16:58:35 +0200  (tag: release-1.3.2-rc1, origin/release-1.3.2-rc1)
2017-06-20 17:08:43 +0000  (tag: release-1.3.1, origin/release-1.3.1-rc2)
2017-05-26 14:06:53 +0000  (tag: release-1.3.0, origin/release-1.3.0-rc3)
2017-04-11 00:26:53 +0000  (tag: release-1.2.1, origin/release-1.2.1-rc2)
2017-03-17 18:54:11 +0800  (tag: release-1.1.5, origin/release-1.1.5-rc1)
2017-01-29 21:19:15 +0000  (tag: release-1.2.0, origin/release-1.2.0-rc3)
2016-12-19 10:42:50 +0000  (tag: release-1.1.4, origin/release-1.1.4-rc4)
2016-10-10 13:26:32 +0000  (tag: release-1.1.3, origin/release-1.1.3-rc2)
2016-08-30 15:02:59 +0000  (tag: release-1.1.2, origin/release-1.1.2-rc1)
2016-08-09 12:09:08 +0000  (tag: release-1.1.1, origin/release-1.1.1-rc1)
2016-08-02 18:30:53 +0000  (tag: release-1.1.0, origin/release-1.1.0-rc2)
2016-05-06 12:58:02 +0000  (tag: release-1.0.3, origin/release-1.0.3-rc3)
2016-04-18 12:42:48 +0000  (tag: release-1.0.2, origin/release-1.0.2-rc3)
2016-03-31 13:40:33 +0000  (tag: release-1.0.1, origin/release-1.0.1-rc1)
2016-03-03 08:34:27 +0000  (tag: release-1.0.0, origin/release-1.0.0-rc5)
2016-02-03 18:59:36 +0000  (tag: release-0.10.2, origin/release-0.10.2-rc1)
2015-11-22 12:41:12 +0100  (tag: release-0.10.1, origin/release-0.10.1-rc1)
2015-11-10 13:50:14 +0000  (tag: release-0.10.0, origin/release-0.10.0-rc8)
2015-08-27 23:00:01 +0200  (tag: release-0.9.1, origin/release-0.9.1-rc1)
2015-06-18 10:25:59 +0000  (tag: release-0.9.0, origin/release-0.9.0-rc4)
2015-02-16 13:52:21 +0100  (tag: release-0.8.1, origin/release-0.8.1-rc2)
2015-01-15 11:49:12 +0100  (tag: release-0.8.0, origin/release-0.8-rc3)
2014-10-18 19:56:55 +0200  (tag: release-0.7.0, origin/release-0.7.0)
2014-08-15 13:57:49 +0200  (tag: release-0.6, origin/release-0.6-rc7)
2014-07-09 11:23:18 +0200  (tag: pre-apache-rename)
2014-05-29 14:29:45 +0200  (tag: release-0.5)
2014-05-28 09:43:23 +0200  (tag: release-0.5-rc3)
2014-05-22 17:13:22 +0200  (tag: release-0.5-rc2)
2014-05-17 19:11:09 +0200  (tag: release-0.5-rc1, origin/release-0.5-rc1)
2014-01-10 00:48:13 +0100  (tag: release-0.4)
2014-01-07 02:59:39 -0800  (origin/release-0.4-rc1)
2013-12-20 13:45:17 +0100  (tag: v0.4-rc1)
2013-04-29 15:09:12 +0200 
2012-06-22 11:08:31 +0200 
2012-04-20 11:39:26 +0200 
2012-04-20 11:31:43 +0200 
2012-05-11 03:45:54 +0200 
2012-05-10 09:07:22 -0700 
2011-06-14 11:38:38 +0200 
2011-05-05 01:48:14 +0200 
2010-12-16 17:01:39 +0100 
2010-12-16 02:55:14 +0100 
2010-12-15 17:02:01 +0100 
2013-04-17 07:25:25 -0700 