2022-08-13 10:56:02 -0700  (tag: release-1.10.1-rc2, tag: rel/1.10.1, origin/flume-1.10.1)
2022-07-31 13:54:44 -0700  (tag: release-1.10.1-rc1)
2022-06-03 16:34:50 -0700  (tag: release-1.10.0-rc1, tag: rel/1.10.0, origin/flume-1.10.0)
2022-03-26 12:48:21 -0700  (origin/FLUME-3413)
2021-10-26 23:54:12 -0700  (origin/FLUME-3335)
2018-12-17 18:21:18 +0100  (tag: release-1.9.0-rc3, origin/flume-1.9)
2018-12-10 04:24:58 +0100  (tag: release-1.9.0-rc2)
2018-12-04 17:30:13 +0100  (tag: release-1.9.0-rc1)
2018-01-26 16:23:26 +0100  (origin/flume-1.x)
2017-09-15 14:26:45 +0200  (tag: release-1.8.0-rc2, tag: release-1.8.0, origin/flume-1.8)
2017-09-13 18:46:38 +0200  (tag: release-1.8.0-rc1)
2016-10-12 20:02:21 +0200  (tag: release-1.7.0-rc2, tag: release-1.7.0, origin/flume-1.7)
2016-10-11 17:11:33 +0200  (tag: release-1.7.0-rc1)
2015-05-05 13:57:37 -0700  (tag: release-1.6.0)
2014-11-12 12:00:53 -0800  (tag: release-1.5.2, origin/flume-1.5)
2014-11-06 13:26:02 -0800  (tag: release-1.5.1)
2014-06-10 14:08:42 -0700  (tag: release-1.5.0.1)
2014-05-06 17:29:27 -0700  (tag: release-1.5.0)
2013-06-24 17:19:41 -0700  (tag: release-1.4.0, origin/flume-1.4)
2012-12-21 21:52:36 -0800  (tag: release-1.3.1, origin/flume-1.3.0)
2012-11-29 14:31:34 -0600  (tag: release-1.3.0)
2012-07-27 05:50:20 +0000  (tag: flume-1.2.0)
2012-07-11 09:52:17 +0000  (tag: flume-1.2.0-rc1)
2012-07-11 08:55:05 +0000  (origin/branch-1.2.0)
2012-07-10 03:59:06 +0000  (tag: flume-1.2.0-rc0)
2012-07-08 01:19:46 +0000  (tag: flume-1.0.0-rc2)
2012-07-08 01:19:46 +0000  (tag: flume-1.0.0-rc3)
2012-07-08 01:19:46 +0000  (tag: flume-1.0.0-rc4)
2012-07-08 01:19:46 +0000  (tag: flume-1.1.0-incubating-rc0)
2012-07-08 01:19:46 +0000  (tag: flume-1.1.0-incubating-rc1)