2011-02-08 01:24:26 +0000  (tag: forrest_09_release_site)
2004-06-04 03:14:32 +0000 
2011-02-08 01:15:39 +0000  (tag: forrest_09_release)
2011-02-01 02:31:16 +0000  (tag: forrest_09_rc1)
2007-04-18 00:08:42 +0000  (tag: forrest_08_release_site)
2004-06-04 03:14:32 +0000 
2007-04-18 00:08:04 +0000  (tag: forrest_08_release)
2005-06-23 00:37:11 +0000  (tag: forrest_07)
2004-10-15 00:50:41 +0000  (tag: forrest_06)
2004-06-02 17:52:10 +0000  (tag: FORREST_02)
2004-06-02 17:52:10 +0000  (tag: FORREST_02_RC1)
2004-06-02 17:52:10 +0000  (tag: FORREST_03)
2004-06-02 17:52:10 +0000  (tag: FORREST_04)
2004-06-02 17:52:10 +0000  (tag: FORREST_05)
2004-06-02 17:52:10 +0000  (tag: FORREST_051)
2004-06-02 17:52:10 +0000  (tag: FORREST_051_RC1)
2004-06-02 17:52:10 +0000  (tag: FORREST_05_RC)
2004-06-02 17:52:10 +0000  (tag: FORREST_O21)
2004-06-02 17:52:10 +0000  (tag: before_cocoon_upgrade-20030311)
2004-06-02 17:52:10 +0000  (tag: before_cocoon_upgrade-20030524)
2004-06-02 17:52:10 +0000  (tag: before_cocoon_upgrade-20030622)
2004-06-02 17:52:10 +0000  (tag: before_libre_departure)
2004-06-02 17:52:10 +0000  (tag: before_rawhtml)
2004-06-02 17:52:10 +0000  (tag: libre_start)
2004-06-02 17:52:10 +0000  (tag: stable)
2004-06-02 17:52:10 +0000  (tag: stable-20030616)
2004-06-02 17:52:10 +0000  (tag: stable-20030620)
2004-06-02 17:52:10 +0000  (tag: stable-20030625)
2004-06-02 17:52:10 +0000  (tag: stable-20030626)
2004-06-02 17:52:10 +0000  (tag: stable-20030721)
2004-06-02 17:52:10 +0000  (tag: v10)
2004-06-02 17:52:10 +0000  (tag: with_file_scheme)
2002-02-06 17:37:46 +0000 