2011-07-08 20:03:24 +0000  (tag: 1.0.6)
2011-06-27 14:05:10 +0000  (origin/1.0.6)
2010-10-03 19:54:52 +0000  (tag: 1.0.5)
2010-09-27 18:38:19 +0000  (origin/1.0.5)
2010-03-28 21:35:41 +0000  (tag: 1.0.4)
2010-03-07 20:05:16 +0000  (origin/1.0.4)
2009-10-11 19:52:14 +0000  (tag: 1.0.3)
2009-09-29 18:52:52 +0000  (origin/1.0.3)
2009-06-17 21:58:28 +0000  (tag: 1.0.2)
2009-06-12 19:51:56 +0000  (origin/1.0.2)
2009-01-31 11:44:21 +0000  (tag: 1.0.0-RC2)
2009-01-24 19:58:28 +0000  (origin/1.0.0-RC2)
2008-12-10 09:24:00 +0000  (tag: 1.0.0-M4)
2008-12-02 20:32:25 +0000  (origin/1.0.0-M4)
2008-09-08 19:12:50 +0000  (tag: 1.0.0-M3)
2008-09-08 19:11:31 +0000  (tag: ftpserver-1.0.0-M3)
2008-09-08 18:31:39 +0000  (origin/ftpserver-1.0.0-M3)
2008-08-11 20:48:40 +0000  (tag: 1.0.0-M2)
2008-08-11 19:43:34 +0000  (origin/1.0.0-M2-branch)
2008-05-29 07:14:16 +0000  (tag: 1.0-M1-incubator)
2008-05-29 07:14:16 +0000  (tag: last-avalon-20050906)