2022-06-15 10:57:37 -0700  (tag: rel/v1.15.0.RC1, tag: rel/v1.15.0)
2022-03-02 14:28:54 -0800  (tag: rel/v1.12.9.RC1, tag: rel/v1.12.9)
2022-01-03 23:09:32 -0800  (tag: rel/v1.12.8.RC1, tag: rel/v1.12.8)
2021-12-14 12:15:15 -0800  (tag: rel/v1.12.7.RC1, tag: rel/v1.12.7)
2021-12-10 11:27:33 -0800  (tag: rel/v1.12.6.RC2, tag: rel/v1.12.6)
2021-11-24 16:33:33 -0800  (tag: rel/v1.12.6.RC1)
2021-10-11 15:46:40 -0700  (tag: rel/v1.12.5.RC4, tag: rel/v1.12.5)
2021-07-12 19:30:22 -0700  (tag: rel/v1.12.4)
2021-06-09 10:05:09 -0700  (tag: rel/v1.12.3)
2021-04-09 16:27:08 -0700  (tag: rel/v1.12.2)
2021-02-16 18:37:39 -0800  (tag: rel/v1.12.1)
2020-03-26 14:00:52 -0700  (tag: rel/v1.12.0)
2022-03-02 14:28:13 -0800  (tag: rel/v1.13.8.RC1, tag: rel/v1.13.8)
2022-01-03 23:08:09 -0800  (tag: rel/v1.13.7.RC1, tag: rel/v1.13.7)
2021-12-14 12:03:07 -0800  (tag: rel/v1.13.6.RC1, tag: rel/v1.13.6)
2021-12-10 11:09:25 -0800  (tag: rel/v1.13.5.RC2, tag: rel/v1.13.5)
2021-11-24 16:33:11 -0800  (tag: rel/v1.13.5.RC1)
2021-07-19 14:03:23 -0700  (tag: rel/v1.13.4)
2021-06-22 15:38:58 -0500  (tag: rel/v1.13.3)
2021-03-05 23:30:53 -0800  (tag: rel/v1.13.2)
2020-11-10 15:51:13 -0800  (tag: rel/v1.13.1)
2020-09-07 12:59:10 -0700  (tag: rel/v1.13.0)
2022-03-02 14:27:08 -0800  (tag: rel/v1.14.4.RC1, tag: rel/v1.14.4)
2022-01-03 23:04:53 -0800  (tag: rel/v1.14.3.RC1, tag: rel/v1.14.3)
2021-12-14 11:34:38 -0800  (tag: rel/v1.14.2.RC1, tag: rel/v1.14.2)
2021-12-10 11:08:59 -0800  (tag: rel/v1.14.1.RC2, tag: rel/v1.14.1)
2021-11-29 19:34:08 -0800  (tag: rel/v1.14.1.RC1)
2021-08-31 13:51:39 -0700  (tag: rel/v1.14.0)
2019-12-19 11:51:37 -0800  (tag: rel/v1.11.0)
2019-10-14 15:59:02 -0700  (tag: rel/v1.9.2)
2019-08-29 16:05:23 -0700  (tag: rel/v1.9.1)
2019-09-19 10:52:55 -0700  (tag: rel/v1.10.0)
2019-05-28 12:53:55 -0700 
2019-04-25 09:55:18 -0700 
2018-12-12 14:26:43 -0800 
2018-11-21 12:12:35 -0800  (tag: rel/v1.8.0)
2018-09-27 14:59:41 -0700  (tag: rel/v1.7.0)
2019-04-19 11:11:31 -0700  (tag: rel/v1.9.0)
2019-05-28 12:48:58 -0700  (tag: develop/highwater)
2018-05-02 13:54:55 -0400 
2018-04-06 13:54:05 -0700 
2018-03-28 14:29:04 -0700  (tag: rel/v1.5.0)
2018-02-01 14:28:58 -0800 
2018-01-26 08:34:31 -0800  (tag: rel/v1.4.0)
2017-10-30 14:52:00 +0530 
2017-09-20 10:55:37 -0700 
2017-07-17 11:05:24 -0700 
2017-03-27 21:36:40 -0700  (tag: rel/v1.1.1)
2018-04-19 15:12:58 -0700  (tag: rel/v1.6.0)
2017-10-18 09:32:15 -0700  (tag: rel/v1.3.0)
2017-09-08 11:57:38 -0700  (tag: rel/v1.2.1)
2017-07-11 09:31:40 -0700  (tag: rel/v1.2.0)
2017-02-07 16:09:44 -0800  (tag: rel/v1.1.0)
2016-10-15 16:11:44 -0700  (tag: rel/v1.0.0-incubating)
2016-10-14 14:44:27 -0700 
2016-04-21 17:53:18 -0700 
2016-08-01 16:54:15 -0700  (tag: rel/v1.0.0-incubating.M3)
2016-04-13 11:37:56 -0700  (tag: rel/v1.0.0-incubating.M2)
2016-02-06 10:06:45 -0800 
2016-01-27 10:56:53 -0800  (tag: rel/v1.0.0-incubating.M1)
2016-01-28 09:38:00 -0800  (origin/wan_cq_donation)
2015-06-30 15:30:50 -0700  (tag: sga2-core)
2015-04-28 14:37:16 -0700 