2019-03-02 09:17:01 +0000  (tag: geronimo-json_1.1_spec-1.2)
2019-03-01 10:55:40 +0000  (tag: geronimo-jpa_2.2_spec-1.0)
2018-09-30 15:25:21 +0000  (tag: geronimo-validation_2.0_spec-1.0)
2018-08-28 17:09:06 +0000  (tag: geronimo-jsonb_1.0_spec-1.1)
2018-08-28 17:07:20 +0000  (tag: geronimo-json_1.1_spec-1.1)
2018-08-28 17:05:34 +0000  (tag: geronimo-validation_2.0_spec-1.1)
2018-08-28 17:04:07 +0000  (tag: geronimo-jbatch_1.0_spec-1.1)
2018-08-28 17:02:08 +0000  (tag: geronimo-jaxrs_2.1_spec-1.1)
2018-08-28 17:00:36 +0000  (tag: geronimo-jcdi_2.0_spec-1.1)
2018-08-28 16:57:51 +0000  (tag: geronimo-annotation_1.3_spec-1.1)
2018-08-28 16:56:40 +0000  (tag: geronimo-atinject_1.0_spec-1.1)
2018-08-28 16:55:22 +0000  (tag: geronimo-el_2.2_spec-1.1)
2018-08-28 16:52:56 +0000  (tag: geronimo-interceptor_1.2_spec-1.1)
2017-12-19 11:41:58 +0000  (tag: geronimo-jaxrs_2.1_spec-1.0)
2017-08-31 00:03:12 +0000  (tag: geronimo-jcdi_2.0_spec-1.0.1)
2017-06-27 09:05:14 +0000  (tag: geronimo-jcdi_2.0_spec-1.0)
2017-06-26 20:33:50 +0000  (tag: geronimo-annotation_1.3_spec-1.0)
2017-04-21 14:53:32 +0000  (tag: geronimo-jsonb_1.0_spec-1.0)
2017-04-16 22:31:38 +0000 
2017-04-16 22:04:37 +0000  (tag: geronimo-json_1.1_spec-1.0)
2017-04-16 20:22:39 +0000  (tag: geronimo-jaxrs_2.0_spec-1.0)
2016-10-06 12:34:24 +0000  (tag: geronimo-validation_1.1_spec-1.0)
2015-06-15 16:58:28 +0000  (tag: geronimo-jpa_2.1_spec-1.0-alpha-1)
2015-03-31 20:29:45 +0000  (tag: geronimo-interceptor_1.2_spec-1.0)
2015-03-31 19:54:27 +0000  (tag: geronimo-annotation_1.2_spec-1.0)
2015-03-24 22:47:46 +0000  (tag: geronimo-jcdi_1.1_spec-1.0)
2015-02-12 17:34:36 +0000  (tag: geronimo-jms_2.0_spec-1.0-alpha-2)
2015-02-09 19:06:50 +0000  (tag: geronimo-javamail_1.4_spec-1.7.2-alpha-1)
2015-02-09 18:39:43 +0000  (tag: geronimo-ejb_3.2_spec-1.0-alpha-1)
2015-02-09 18:30:11 +0000  (tag: geronimo-jaxrs_2.0_spec-1.0-alpha-1)
2014-07-22 17:50:24 +0000 
2015-02-09 18:28:00 +0000  (tag: geronimo-jta_1.2_spec-1.0-alpha-1)
2014-07-27 14:31:38 +0000 
2015-02-09 18:22:28 +0000  (tag: geronimo-jms_2.0_spec-1.0-alpha-1)
2015-01-02 13:18:22 +0000 
2014-09-17 19:18:20 +0000  (tag: geronimo-json_1.0_spec-1.0-alpha-1)
2014-05-30 18:02:42 +0000 
2014-09-17 19:12:04 +0000  (tag: geronimo-validation_1.1_spec-1.0-alpha-1)
2014-09-17 19:07:36 +0000  (tag: geronimo-jcdi_1.1_spec-1.0-alpha-1)
2014-09-17 19:02:02 +0000  (tag: geronimo-jcache_1.0_spec-1.0-alpha-1)
2014-05-01 19:39:52 +0000 
2014-09-17 18:55:29 +0000  (tag: geronimo-interceptor_1.2_spec-1.0-alpha-1)
2014-09-17 18:53:52 +0000  (tag: geronimo-concurrent_1.0_spec-1.0-alpha-1)
2014-09-17 18:52:03 +0000  (tag: geronimo-annotation_1.2_spec-1.0-alpha-1)
2013-11-27 15:59:14 +0000  (tag: geronimo-stax-api_1.2_spec-1.2)
2013-11-25 09:54:23 +0000  (tag: geronimo-jbatch_1.0_spec-1.0)
2013-09-11 13:21:06 +0000 
2013-03-30 03:04:05 +0000  (tag: geronimo-jaxws_2.2_spec-1.2)
2013-03-13 04:04:06 +0000  (tag: geronimo-jsp_2.2_spec-1.2)
2013-03-13 03:56:35 +0000  (tag: geronimo-el_2.2_spec-1.0.4)
2012-04-24 04:48:30 +0000  (tag: geronimo-el_2.2_spec-1.0.3)
2012-01-19 13:02:50 +0000  (tag: geronimo-jsp_2.2_spec-1.1)
2011-07-19 14:29:36 +0000  (tag: geronimo-el_2.2_spec-1.0.2)
2011-07-19 14:29:03 +0000  (tag: geronimo-osgi-support-1.1)
2011-07-19 14:28:06 +0000  (tag: geronimo-jaxws_2.2_spec-1.1)
2011-07-12 15:12:52 +0000  (tag: geronimo-stax-api_1.2_spec-1.1)
2010-11-09 12:05:14 +0000  (tag: geronimo-el_2.2_spec-1.0.1)
2010-11-09 11:40:22 +0000  (tag: geronimo-ejb_3.1_spec-1.0.2)
2010-09-13 11:32:19 +0000  (tag: geronimo-ejb_3.1_spec-1.0.1)
2010-08-17 18:30:32 +0000  (tag: geronimo-jaxb_2.2_spec-1.0.1)
2010-08-17 18:04:31 +0000  (tag: geronimo-annotation_1.1_spec-1.0.1)
2010-06-11 10:38:20 +0000  (tag: geronimo-javamail_1.4_spec-1.7.1)
2010-04-22 10:48:19 +0000  (tag: geronimo-interceptor_1.1_spec-1.0)
2010-04-22 10:43:41 +0000  (tag: geronimo-ccpp_1.0_spec-1.0-beta)
2009-12-10 08:59:58 +0000 
2010-04-22 10:40:18 +0000  (tag: geronimo-ejb_3.1_spec-1.0)
2010-04-22 10:36:18 +0000  (tag: geronimo-jsp_2.2_spec-1.0)
2010-04-22 10:34:46 +0000  (tag: geronimo-jpa_2.0_spec-1.1)
2010-04-22 10:30:24 +0000  (tag: geronimo-jaxws_2.2_spec-1.0)
2010-04-22 10:28:10 +0000  (tag: geronimo-jaxrs_1.1_spec-1.0)
2010-03-30 12:19:56 +0000 
2010-04-22 10:27:08 +0000  (tag: geronimo-jaxrpc_1.1_spec-2.1)
2010-04-22 10:25:38 +0000  (tag: geronimo-jaxr_1.0_spec-2.1)
2010-04-22 10:24:03 +0000  (tag: geronimo-javamail_1.4_spec-1.7)
2010-04-22 10:22:29 +0000  (tag: geronimo-javaee-deployment_1.1MR3_spec-1.0.1)
2008-12-09 04:06:09 +0000  (tag: geronimo-javaee-deployment_1.1MR3_spec-1.0)
2007-06-08 21:15:51 +0000  (origin/geronimo-javaee-deployment_1.1MR3_spec-1.0)
2010-04-22 10:21:24 +0000  (tag: geronimo-jaspic_1.0_spec-1.1)
2010-04-22 10:15:55 +0000  (tag: geronimo-jacc_1.4_spec-1.0)
2010-04-22 10:14:41 +0000  (tag: geronimo-servlet_3.0_spec-1.0)
2010-04-22 10:05:48 +0000  (tag: geronimo-j2ee-connector_1.6_spec-1.0)
2010-04-22 10:04:51 +0000  (tag: geronimo-el_2.2_spec-1.0)
2010-04-22 10:02:11 +0000  (tag: geronimo-ws-metadata_2.0_spec-1.1.3)
2010-04-22 09:59:35 +0000  (tag: geronimo-validation_1.0_spec-1.1)
2010-04-22 09:54:01 +0000  (tag: geronimo-jcdi_1.0_spec-1.0)
2010-04-22 09:52:48 +0000  (tag: geronimo-saaj_1.3_spec-1.1)
2010-04-22 09:40:24 +0000  (tag: geronimo-jaxb_2.2_spec-1.0)
2010-04-22 09:39:11 +0000  (tag: geronimo-atinject_1.0_spec-1.0)
2010-04-22 09:38:13 +0000  (tag: geronimo-stax-api_1.2_spec-1.0)
2008-12-09 04:06:09 +0000  (tag: geronimo-stax-api_1.0_spec-1.0.1)
2007-12-18 17:08:10 +0000  (origin/geronimo-stax-api_1.0_spec-1.0.1)
2010-04-22 09:35:06 +0000  (tag: geronimo-annotation_1.1_spec-1.0)
2010-04-22 09:33:28 +0000  (tag: geronimo-activation_1.1_spec-1.1)
2010-04-22 09:31:48 +0000  (tag: geronimo-osgi-support-1.0)
2010-03-04 15:16:48 +0000 
2010-04-16 12:00:59 +0000  (tag: geronimo-jpa_2.0_spec-1.2)
2010-04-15 09:36:58 +0000  (tag: geronimo-validation_1.0_spec-1.0.1)
2010-04-14 19:21:41 +0000  (tag: geronimo-jpa_2.0_spec-1.0.1)
2010-04-14 18:54:20 +0000  (tag: geronimo-javamail_1.4_spec-1.0.7)
2010-04-14 18:18:27 +0000  (tag: geronimo-jaspic_1.0_spec-1.0.1)
2010-04-14 18:05:18 +0000  (tag: geronimo-jacc_1.1_spec-1.0.3)
2010-04-14 17:48:41 +0000  (tag: geronimo-jaxrpc_1.1_spec-2.0.1)
2010-04-14 17:44:59 +0000  (tag: geronimo-saaj_1.3_spec-1.0.2)
2010-04-14 17:40:23 +0000  (tag: geronimo-jaxr_1.0_spec-2.0.1)
2010-04-14 17:17:58 +0000  (tag: geronimo-activation_1.1_spec-1.0.3)
2010-02-10 03:03:48 +0000  (tag: geronimo-jcdi_1.0_spec-1.0-beta)
2009-12-12 00:01:42 +0000 
2010-02-09 03:37:52 +0000  (tag: geronimo-el_2.2_spec-1.0-beta)
2010-02-09 03:27:50 +0000  (tag: geronimo-atinject_1.0_spec-1.0-beta)
2009-12-12 00:01:42 +0000 
2010-02-09 03:13:18 +0000  (tag: geronimo-el_1.0_spec-1.0.2)
2010-02-04 03:33:51 +0000  (tag: geronimo-interceptor_1.1_spec-1.0.0-beta)
2010-01-25 17:22:38 +0000  (tag: geronimo-validation_1.0_spec-1.0)
2010-01-13 14:23:07 +0000  (tag: geronimo-jpa_2.0_spec-1.0)
2009-10-05 21:32:50 +0000  (tag: geronimo-validation_1.0_spec-1.0-CR5)
2009-10-01 15:05:48 +0000  (origin/geronimo-validation_1.0_spec-1.0-CR5)
2009-09-02 18:38:12 +0000  (origin/geronimo-validation_1.0_spec-1.0-EA5)
2009-04-22 21:16:58 +0000 
2009-10-05 21:31:27 +0000  (tag: geronimo-jpa_2.0_spec-1.0-PFD2)
2009-10-01 15:05:31 +0000  (origin/geronimo-jpa_2.0_spec-1.0-PFD2)
2009-09-15 18:04:03 +0000  (tag: geronimo-jpa_1.0_spec-1.1.2)
2009-09-10 23:45:16 +0000  (tag: geronimo-jacc_1.1_spec-1.0.2)
2009-07-27 18:43:14 +0000  (tag: geronimo-jaxb_2.1_spec-1.0)
2008-04-22 17:09:14 +0000 
2009-06-09 00:36:45 +0000  (tag: geronimo-jaspic_1.0_spec-1.0)
2006-08-20 07:31:41 +0000 
2009-02-19 15:37:54 +0000  (tag: geronimo-javamail_1.4_spec-1.6)
2009-01-28 22:09:48 +0000  (tag: geronimo-jpa_2.0_spec-1.0-EA-1)
2008-12-09 04:18:48 +0000  (tag: geronimo-concurrent_1.0_spec-1.0-EA)
2008-03-07 19:56:14 +0000 
2008-12-09 04:06:09 +0000  (tag: 1_0)
2008-12-09 04:06:09 +0000  (tag: 1_1)
2008-12-09 04:06:09 +0000  (tag: 1_1_1)
2006-09-13 16:12:30 +0000  (origin/1_1_1)
2006-09-05 16:18:04 +0000  (origin/1_1_1-bad)
2008-12-09 04:06:09 +0000  (tag: 1_3)
2007-12-05 12:14:51 +0000  (origin/1_3)
2008-12-09 04:06:09 +0000  (tag: geronimo-activation_1.0.2_spec-1.2)
2004-01-29 04:28:53 +0000 
2008-12-09 04:06:09 +0000  (tag: geronimo-activation_1.1_spec-1.0)
2008-12-09 04:06:09 +0000  (tag: geronimo-activation_1.1_spec-1.0-M1)
2008-12-09 04:06:09 +0000  (tag: geronimo-activation_1.1_spec-1.0.1)
2008-12-09 04:06:09 +0000  (tag: geronimo-activation_1.1_spec-1.0.2)
2007-12-05 12:14:51 +0000  (origin/geronimo-activation_1.1_spec-1.0.1)
2007-07-10 13:40:51 +0000  (origin/geronimo-activation_1.1_spec-1.0)
2006-10-04 18:57:33 +0000 
2008-12-09 04:06:09 +0000  (tag: geronimo-annotation_1.0_spec-1.0)
2008-12-09 04:06:09 +0000  (tag: geronimo-annotation_1.0_spec-1.0-M1)
2008-12-09 04:06:09 +0000  (tag: geronimo-annotation_1.0_spec-1.1.0)
2008-12-09 04:06:09 +0000  (tag: geronimo-annotation_1.0_spec-1.1.1)
2007-04-18 15:38:40 +0000  (origin/geronimo-annotation_1.0_spec-1.1.0)
2006-12-21 06:49:10 +0000  (origin/geronimo-annotation_1.0_spec-1.0)
2006-06-23 16:02:21 +0000 
2008-12-09 04:06:09 +0000  (tag: geronimo-ejb_2.1_spec-1.1)
2008-12-09 04:06:09 +0000  (tag: geronimo-ejb_3.0_spec-1.0)
2008-12-09 04:06:09 +0000  (tag: geronimo-ejb_3.0_spec-1.0-M1)
2008-12-09 04:06:09 +0000  (tag: geronimo-ejb_3.0_spec-1.0.1)
2006-12-28 21:18:20 +0000  (origin/geronimo-ejb_3.0_spec-1.0)
2003-08-16 10:27:15 +0000 
2008-12-09 04:06:09 +0000  (tag: geronimo-el_1.0_spec-1.0)
2008-12-09 04:06:09 +0000  (tag: geronimo-el_1.0_spec-1.0-M1)
2008-12-09 04:06:09 +0000  (tag: geronimo-el_1.0_spec-1.0.1)
2007-06-13 14:45:25 +0000  (origin/geronimo-el_1.0_spec-1.0)
2007-06-08 22:04:31 +0000  (origin/geronimo-el_1.0_spec)
2006-12-01 20:46:46 +0000 
2008-12-09 04:06:09 +0000  (tag: geronimo-interceptor_3.0_spec-1.0)
2008-12-09 04:06:09 +0000  (tag: geronimo-interceptor_3.0_spec-1.0-M1)
2008-12-09 04:06:09 +0000  (tag: geronimo-interceptor_3.0_spec-1.0.1)
2006-12-21 07:42:27 +0000  (origin/geronimo-interceptor_3.0_spec-1.0)
2006-06-23 16:02:21 +0000 
2008-12-09 04:06:09 +0000  (tag: geronimo-j2ee-connector_1.5_spec-1.1)
2008-12-09 04:06:09 +0000  (tag: geronimo-j2ee-connector_1.5_spec-1.1.1)
2008-12-09 04:06:09 +0000  (tag: geronimo-j2ee-connector_1.5_spec-2.0.0)
2008-12-09 04:06:09 +0000  (tag: geronimo-j2ee-deployment_1.1_spec-1.1)
2003-08-16 12:28:27 +0000 
2008-12-09 04:06:09 +0000  (tag: geronimo-j2ee-jacc_1.0_spec-1.1)
2008-12-09 04:06:09 +0000  (tag: geronimo-j2ee-management_1.0_spec-1.1)
2008-12-09 04:06:09 +0000  (tag: geronimo-j2ee-management_1.1_spec-1.0)
2008-12-09 04:06:09 +0000  (tag: geronimo-j2ee-management_1.1_spec-1.0-M1)
2008-12-09 04:06:09 +0000  (tag: geronimo-j2ee-management_1.1_spec-1.0.1)
2007-06-13 14:45:25 +0000  (origin/geronimo-j2ee-management_1.1_spec-1.0)
2007-06-08 22:08:08 +0000  (origin/geronimo-j2ee-management_1.1_spec)
2003-08-16 12:27:13 +0000 
2008-12-09 04:06:09 +0000  (tag: geronimo-jacc_1.1_spec-1.0)
2008-12-09 04:06:09 +0000  (tag: geronimo-jacc_1.1_spec-1.0-M1)
2008-12-09 04:06:09 +0000  (tag: geronimo-jacc_1.1_spec-1.0-M2)
2008-12-09 04:06:09 +0000  (tag: geronimo-jacc_1.1_spec-1.0.1)
2007-07-30 23:17:30 +0000  (origin/geronimo-jacc_1.1_spec-1.0)
2003-08-30 01:55:13 +0000 
2008-12-09 04:06:09 +0000  (tag: geronimo-javamail_1.3.1_spec-1.2)
2008-12-09 04:06:09 +0000  (tag: geronimo-javamail_1.3.1_spec-1.3)
2007-02-22 21:47:58 +0000  (origin/geronimo-javamail_1.3.1_spec-1.3)
2004-01-29 04:20:07 +0000 
2008-12-09 04:06:09 +0000  (tag: geronimo-javamail_1.4_spec-1.0)
2008-12-09 04:06:09 +0000  (tag: geronimo-javamail_1.4_spec-1.0-M1)
2008-12-09 04:06:09 +0000  (tag: geronimo-javamail_1.4_spec-1.1)
2008-12-09 04:06:09 +0000  (tag: geronimo-javamail_1.4_spec-1.2)
2008-12-09 04:06:09 +0000  (tag: geronimo-javamail_1.4_spec-1.3)
2008-12-09 04:06:09 +0000  (tag: geronimo-javamail_1.4_spec-1.4)
2008-12-09 04:06:09 +0000  (tag: geronimo-javamail_1.4_spec-1.5)
2007-12-05 12:14:51 +0000  (origin/geronimo-javamail_1.4_spec-1.2)
2007-12-03 17:20:04 +0000  (origin/geronimo-javamail_1.4_spec-1.3)
2007-07-16 11:15:57 +0000  (origin/geronimo-javamail_1.4_spec-1.1)
2007-06-21 14:28:09 +0000  (origin/geronimo-javamail_1.4_spec-1.0)
2006-07-14 10:02:19 +0000 
2008-12-09 04:06:09 +0000  (tag: geronimo-jaxr_1.0_spec-1.1)
2008-12-09 04:06:09 +0000  (tag: geronimo-jaxr_1.0_spec-2.0.0)
2008-12-09 04:06:09 +0000  (tag: geronimo-jaxrpc_1.1_spec-1.1)
2008-12-09 04:06:09 +0000  (tag: geronimo-jaxrpc_1.1_spec-2.0.0)
2008-12-09 04:06:09 +0000  (tag: geronimo-jaxws_2.1_spec-1.0)
2008-05-16 14:26:12 +0000 
2008-12-09 04:06:09 +0000  (tag: geronimo-jms_1.1_spec-1.1)
2008-12-09 04:06:09 +0000  (tag: geronimo-jms_1.1_spec-1.1.1)
2003-08-16 02:29:58 +0000 
2008-12-09 04:06:09 +0000  (tag: geronimo-jpa_3.0_spec-1.0)
2008-12-09 04:06:09 +0000  (tag: geronimo-jpa_3.0_spec-1.0-M1)
2008-12-09 04:06:09 +0000  (tag: geronimo-jpa_3.0_spec-1.1.0)
2008-12-09 04:06:09 +0000  (tag: geronimo-jpa_3.0_spec-1.1.1)
2007-04-18 15:36:00 +0000  (origin/geronimo-jpa_3.0_spec-1.1.0)
2006-12-21 07:52:10 +0000  (origin/geronimo-jpa_3.0_spec-1.0)
2006-02-09 07:01:21 +0000 
2008-12-09 04:06:09 +0000  (tag: geronimo-jsp_2.0_spec-1.1)
2003-09-05 23:04:45 +0000 
2008-12-09 04:06:09 +0000  (tag: geronimo-jsp_2.1_spec-1.0)
2008-12-09 04:06:09 +0000  (tag: geronimo-jsp_2.1_spec-1.0-M1)
2008-12-09 04:06:09 +0000  (tag: geronimo-jsp_2.1_spec-1.0.1)
2007-07-30 21:43:56 +0000  (origin/geronimo-jsp_2.1_spec-1.0)
2007-06-08 22:05:56 +0000  (origin/geronimo-jsp_2.1_spec)
2006-12-01 19:38:52 +0000 
2008-12-09 04:06:09 +0000  (tag: geronimo-jta_1.0.1B_spec-1.1)
2008-12-09 04:06:09 +0000  (tag: geronimo-jta_1.0.1B_spec-1.1.1)
2007-02-01 03:25:49 +0000  (origin/geronimo-jta_1.0.1B_spec-1.1.1)
2008-12-09 04:06:09 +0000  (tag: geronimo-jta_1.1_spec-1.0)
2008-12-09 04:06:09 +0000  (tag: geronimo-jta_1.1_spec-1.0-M1)
2008-12-09 04:06:09 +0000  (tag: geronimo-jta_1.1_spec-1.1.0)
2008-12-09 04:06:09 +0000  (tag: geronimo-jta_1.1_spec-1.1.1)
2007-04-18 15:41:38 +0000  (origin/geronimo-jta_1.1_spec-1.1.0)
2006-12-21 07:35:53 +0000  (origin/geronimo-jta_1.1_spec-1.0)
2003-08-16 10:28:16 +0000 
2008-12-09 04:06:09 +0000  (tag: geronimo-qname_1.1_spec-1.1)
2005-02-09 06:00:44 +0000 
2008-12-09 04:06:09 +0000  (tag: geronimo-saaj_1.1_spec-1.1)
2008-12-09 04:06:09 +0000  (tag: geronimo-saaj_1.3_spec-1.0.0)
2008-12-09 04:06:09 +0000  (tag: geronimo-saaj_1.3_spec-1.0.1)
2008-12-09 04:06:09 +0000  (tag: geronimo-servlet_2.4_spec-1.1)
2008-12-09 04:06:09 +0000  (tag: geronimo-servlet_2.4_spec-1.1.1)
2007-02-01 03:25:59 +0000  (origin/geronimo-servlet_2.4_spec-1.1.1)
2003-09-05 22:56:00 +0000 
2008-12-09 04:06:09 +0000  (tag: geronimo-servlet_2.5_spec-1.1)
2008-12-09 04:06:09 +0000  (tag: geronimo-servlet_2.5_spec-1.1-M1)
2008-12-09 04:06:09 +0000  (tag: geronimo-servlet_2.5_spec-1.1.1)
2008-12-09 04:06:09 +0000  (tag: geronimo-servlet_2.5_spec-1.1.2)
2008-12-09 04:06:09 +0000  (tag: geronimo-servlet_2.5_spec-1.2)
2007-12-18 17:08:50 +0000  (origin/geronimo-servlet_2.5_spec-1.1.1)
2007-07-30 23:17:30 +0000  (origin/geronimo-servlet_2.5_spec-1.1)
2006-06-28 15:11:29 +0000 
2008-12-09 04:06:09 +0000  (tag: geronimo-stax-api_1.0_spec-1.0)
2007-07-10 13:40:51 +0000  (origin/geronimo-stax-api_1.0_spec-1.0)
2007-04-23 16:05:55 +0000  (origin/geronimo-stax-api_1.0_spec-1.0.0)
2007-03-08 07:09:16 +0000 
2008-12-09 04:06:09 +0000  (tag: geronimo-ws-metadata_2.0_spec-1.1-M1)
2008-12-09 04:06:09 +0000  (tag: geronimo-ws-metadata_2.0_spec-1.1.0)
2008-12-09 04:06:09 +0000  (tag: geronimo-ws-metadata_2.0_spec-1.1.1)
2008-12-09 04:06:09 +0000  (tag: geronimo-ws-metadata_2.0_spec-1.1.2)
2007-06-15 01:23:31 +0000  (origin/geronimo-ws-metadata_2.0_spec-1.1.1)
2007-06-08 22:06:56 +0000  (origin/geronimo-ws-metadata_2.0_spec)
2007-04-17 15:29:35 +0000  (origin/geronimo-ws-metadata_2.0_spec-1.1.0)
2006-09-29 22:14:48 +0000 
2008-12-09 04:06:09 +0000  (tag: specs-1.4)
2008-12-09 04:06:09 +0000  (tag: specs-parent-1.5)
2008-12-09 04:06:09 +0000  (tag: specs-parent-1.6)
2008-03-12 21:28:40 +0000 
2008-01-29 15:00:38 +0000  (tag: geronimo-j2ee-connector_1.5_spec-2.0)
2007-02-01 03:25:40 +0000  (origin/geronimo-j2ee-connector_1.5_spec-1.1.1)
2003-08-16 05:26:50 +0000 
2008-01-29 14:12:03 +0000  (tag: geronimo-jaxrpc_1.1_spec-2.0)
2005-02-09 06:00:44 +0000 
2008-01-29 13:54:17 +0000  (tag: geronimo-saaj_1.3_spec-1.0)
2005-02-09 06:00:44 +0000 
2008-01-29 13:49:03 +0000  (tag: geronimo-jaxr_1.0_spec-2.0)
2004-10-09 22:07:19 +0000 
2006-12-14 06:13:05 +0000  (tag: specs)
2005-12-13 07:42:24 +0000  (tag: 1_0_1)
2003-08-14 16:12:52 +0000 