2019-08-12 22:55:32 +0530  (tag: apache-gora-0.9)
2018-05-21 23:23:39 -0500  (origin/carlospr)
2017-09-15 02:57:51 -0700  (tag: apache-gora-0.8)
2017-09-15 02:35:36 -0700  (origin/0.8.0)
2017-07-28 01:43:13 +0530  (origin/GORA-515)
2017-07-28 00:30:13 +0530  (origin/GORA-502)
2017-03-16 22:19:28 -0700  (tag: apache-gora-0.7)
2015-09-05 12:23:57 -0400  (tag: apache-gora-0.6.1)
2015-02-12 23:06:48 -0800  (tag: apache-gora-0.6)
2014-09-16 09:05:19 -0400  (tag: apache-gora-0.5)
2014-04-16 19:17:00 +0000  (tag: apache-gora-0.4)
2013-05-03 22:34:40 +0000  (tag: apache-gora-0.3)
2012-07-26 18:49:20 +0000  (tag: apache-gora-0.2.1)
2012-07-26 16:19:32 +0000  (tag: apache-nutch-0.2.1)
2012-04-19 15:50:41 +0000  (tag: gora-0.2)
2012-01-29 08:35:24 +0000  (tag: 0.1-incubating)
2012-01-29 08:35:24 +0000  (tag: 0.1-incubating-rc3)
2012-01-29 08:35:24 +0000  (tag: 0.1.1-incubating)
2012-01-29 08:35:24 +0000  (tag: 0.1.1-incubating-rc2)
2012-01-29 08:35:24 +0000  (tag: 0.1.1-incubating-rc3)
2012-01-29 08:35:24 +0000  (tag: 0.1.1-incubating-rc4)
2010-10-08 21:17:10 +0000 