2022-07-20 15:58:58 +1000  (tag: GROOVY_4_0_4)
2022-07-20 11:52:25 +1000  (tag: GROOVY_3_0_12)
2022-07-20 11:17:00 +1000  (tag: GROOVY_2_5_18)
2022-06-01 20:03:09 +1000  (tag: GROOVY_4_0_3)
2022-05-29 12:26:15 +1000  (tag: GROOVY_3_0_11)
2022-05-29 12:05:09 +1000  (tag: GROOVY_2_5_17)
2022-04-19 21:44:10 +1000  (tag: GROOVY_4_0_2)
2022-03-05 20:45:47 +1000  (tag: GROOVY_4_0_1)
2022-03-03 19:56:43 +1000  (tag: GROOVY_3_0_10)
2022-03-02 14:25:32 +1000  (tag: GROOVY_2_5_16)
2022-01-25 21:07:30 +1000  (tag: GROOVY_4_0_0)
2021-12-24 09:05:51 +1000  (tag: GROOVY_4_0_0_RC_2)
2021-11-27 10:29:52 +1000  (tag: GROOVY_4_0_0_RC_1)
2021-11-06 09:47:40 +1000  (tag: GROOVY_4_0_0_BETA_2)
2021-09-03 11:38:25 +1000  (tag: GROOVY_2_5_15)
2021-09-03 11:19:39 +1000  (tag: GROOVY_3_0_9)
2021-09-03 10:34:57 +1000  (tag: GROOVY_4_0_0_BETA_1)
2021-04-16 18:32:23 +1000  (tag: GROOVY_3_0_8)
2021-04-13 11:35:45 +1000  (tag: GROOVY_4_0_0_ALPHA_3)
2020-12-02 00:33:09 +1000  (tag: GROOVY_4_0_0_ALPHA_2)
2020-11-30 16:15:14 +1000  (tag: GROOVY_3_0_7)
2020-11-30 15:40:18 +1000  (tag: GROOVY_2_5_14)
2020-11-30 15:07:46 +1000  (tag: GROOVY_2_4_21)
2020-09-26 23:03:10 +1000  (tag: GROOVY_4_0_0_ALPHA_1)
2020-09-26 16:54:41 +1000  (tag: GROOVY_3_0_6)
2020-07-19 22:20:08 +1000  (tag: GROOVY_3_0_5)
2020-07-19 13:01:24 +1000  (tag: GROOVY_2_5_13)
2020-07-19 08:59:29 +1000  (tag: GROOVY_2_4_20)
2020-02-29 22:05:28 +1000  (tag: GROOVY_2_4_19)
2020-05-18 20:19:10 +1000  (tag: GROOVY_2_5_12)
2020-05-18 20:00:48 +1000  (tag: GROOVY_3_0_4)
2020-04-07 16:51:00 +1000  (tag: GROOVY_2_5_11)
2020-04-07 16:16:05 +1000  (tag: GROOVY_3_0_3)
2020-03-05 21:07:39 +1000  (tag: GROOVY_3_0_2)
2020-03-03 21:27:36 +1000  (tag: GROOVY_2_5_10)
2020-02-14 19:44:20 +1000  (tag: GROOVY_3_0_1)
2020-02-07 18:20:06 +1000  (tag: GROOVY_3_0_0)
2020-01-12 09:38:52 +1000  (tag: GROOVY_3_0_0_RC_3)
2020-01-11 13:17:12 +1000  (tag: GROOVY_2_5_9)
2020-01-11 12:47:07 +1000  (tag: GROOVY_2_4_18)
2019-12-05 12:25:10 +1000  (tag: GROOVY_3_0_0_RC_2)
2019-10-22 21:06:21 +1000  (tag: GROOVY_3_0_0_RC_1)
2019-08-02 18:31:54 +0000  (tag: GROOVY_2_5_8)
2019-08-02 17:37:08 +0000  (tag: GROOVY_3_0_0_BETA_3)
2019-07-07 14:29:22 +0000  (tag: GROOVY_3_0_0_BETA_2)
2019-05-07 10:16:53 +1000  (tag: GROOVY_2_5_7)
2019-05-07 09:48:36 +1000  (tag: GROOVY_3_0_0_BETA_1)
2019-05-06 22:42:51 +1000  (tag: GROOVY_2_4_17)
2019-02-01 20:47:29 +1000  (tag: GROOVY_2_5_6)
2018-12-28 06:33:23 +1000  (tag: GROOVY_3_0_0_ALPHA_4)
2018-12-21 09:39:26 +1000  (tag: GROOVY_2_5_5)
2018-12-09 21:15:09 +1000  (tag: GROOVY_2_4_16)
2018-11-09 07:34:31 +1000  (tag: GROOVY_2_5_4)
2018-10-11 15:30:36 +1000  (tag: GROOVY_2_5_3)
2018-08-10 23:18:37 +1000  (tag: GROOVY_2_5_2)
2018-07-10 22:42:03 +1000  (tag: GROOVY_2_5_1)
2018-06-23 13:45:20 +1000  (tag: GROOVY_3_0_0_ALPHA_3)
2018-06-23 12:45:03 +1000  (tag: GROOVY_2_6_0_ALPHA_4)
2018-05-27 12:57:14 +1000  (tag: GROOVY_2_5_0)
2018-05-20 01:13:08 +1000  (tag: GROOVY_2_5_0_RC_3)
2018-05-03 17:25:18 +1000  (tag: GROOVY_2_5_0_RC_2)
2018-04-13 14:50:39 +0000  (tag: GROOVY_3_0_0_ALPHA_2)
2018-04-06 01:29:04 +1000  (tag: GROOVY_2_5_0_RC_1)
2018-03-23 15:33:02 +1000  (tag: GROOVY_2_4_15)
2018-03-02 15:22:03 +0000  (tag: GROOVY_2_6_0_ALPHA_3)
2018-02-24 20:40:16 +1000  (tag: GROOVY_2_4_14)
2018-02-20 14:15:09 +1000  (tag: GROOVY_2_5_0_BETA_3)
2017-11-25 11:49:52 +0000  (tag: GROOVY_3_0_0_ALPHA_1)
2017-11-19 19:59:19 +1000  (tag: GROOVY_2_4_13)
2017-11-11 14:08:30 +0000  (tag: GROOVY_2_6_0_ALPHA_2)
2017-10-02 12:01:52 +1000  (tag: GROOVY_2_5_0_BETA_2)
2017-08-30 14:13:15 +0000  (tag: GROOVY_2_6_0_ALPHA_1)
2014-08-27 11:34:50 +0200 
2014-04-01 21:52:50 +0400 
2017-06-21 17:09:38 +1000  (tag: GROOVY_2_4_12)
2017-06-02 15:24:03 +0200  (tag: GROOVY_2_5_0_BETA_1)
2017-04-27 00:34:28 +1000  (tag: GROOVY_2_4_11)
2017-03-30 14:03:43 +1000  (tag: GROOVY_2_5_0_ALPHA_1)
2017-03-14 23:18:34 +1000  (tag: GROOVY_2_4_10)
2017-02-24 17:10:05 +1000  (tag: GROOVY_2_4_9)
2017-01-10 18:55:54 +1000  (tag: GROOVY_2_4_8)
2016-06-03 19:01:08 +0200  (tag: GROOVY_2_4_7)
2016-02-18 21:25:14 +0100  (tag: GROOVY_2_4_6)
2015-09-17 04:13:49 +0200  (tag: GROOVY_2_4_5)
2015-07-09 21:06:53 +0200  (tag: GROOVY_2_4_4)
2015-03-23 16:15:06 +0100  (tag: GROOVY_2_4_3, origin/REL_BRANCH_2_4_3)
2015-03-19 11:04:24 +0100  (tag: GROOVY_2_4_2, origin/REL_BRANCH_2_4_2)
2015-03-19 10:24:00 +0100  (tag: GROOVY_2_3_11, origin/REL_BRANCH_2_3_11)
2015-02-18 12:02:44 +0100  (tag: GROOVY_2_3_10, origin/REL-BRANCH-2.3.10)
2015-02-18 11:24:45 +0100  (tag: GROOVY_2_4_1, origin/REL-BRANCH-2.4.1)
2015-01-21 14:59:59 +0100  (tag: GROOVY_2_4_0)
2015-01-07 12:59:16 +0100  (tag: GROOVY_2_4_0_RC_2)
2014-12-23 12:59:13 +0100  (tag: GROOVY_2_4_0_RC_1)
2014-12-19 15:17:16 +0100  (tag: GROOVY_2_3_9, origin/REL-BRANCH-2.3.9)
2014-11-28 10:28:16 +0100  (tag: GROOVY_2_3_8, origin/REL-BRANCH-2.3.8)
2014-11-26 16:33:48 +0100  (tag: GROOVY_2_4_0_BETA_4)
2014-09-25 15:34:47 +0200  (tag: GROOVY_2_3_7, origin/REL-BRANCH-2.3.7)
2014-09-02 15:48:57 +0200  (tag: GROOVY_2_4_0_BETA_3)
2014-07-29 17:01:21 +0200  (tag: GROOVY_2_3_6)
2014-07-28 18:22:37 +0200  (tag: GROOVY_2_4_0_BETA_2)
2014-07-25 17:05:47 +0200  (tag: GROOVY_2_3_5, origin/REL-BRANCH-2.3.5)
2014-07-08 19:42:36 +0200  (tag: GROOVY_2_3_4, origin/REL-BRANCH-2.3.4)
2014-06-11 17:15:34 +0200  (tag: GROOVY_2_4_0_BETA_1)
2014-06-11 16:20:08 +0200  (tag: GROOVY_2_3_3, origin/REL-BRANCH-2.3.3)
2014-05-28 13:57:35 +1000  (tag: GROOVY_2_3_2)
2014-05-19 15:02:18 +0200  (tag: GROOVY_2_3_1, origin/REL-BRANCH-2.3.1)
2014-05-05 11:29:28 +0200  (tag: GROOVY_2_3_0, origin/REL-BRANCH-2.3.0)
2014-05-01 17:39:57 +0200  (tag: GROOVY_2_3_0_RC_4)
2014-05-01 14:32:23 +0200  (tag: GROOVY_2_3_0_RC_3)
2014-04-28 14:08:37 +0200  (tag: GROOVY_2_3_0_RC_2)
2014-04-24 17:23:05 +0200  (tag: GROOVY_2_3_0_RC_1)
2014-04-10 16:03:17 +0200  (tag: GROOVY_2_3_0_BETA_2)
2014-04-04 16:32:03 +0200  (tag: GROOVY_2_3_0_BETA_1)
2014-02-26 13:51:55 +0100  (tag: GROOVY_2_2_2)
2013-11-26 14:39:23 +0100  (tag: GROOVY_2_2_1)
2013-11-18 13:54:52 +0100  (tag: GROOVY_2_2_0)
2013-11-06 14:50:15 +0100  (tag: GROOVY_2_2_0_RC_3)
2013-10-29 12:12:14 +0100  (tag: GROOVY_2_1_9)
2013-10-29 09:31:32 +0100  (tag: GROOVY_2_2_0_RC_2)
2013-10-14 13:30:52 +0200  (tag: GROOVY_2_2_0_RC_1)
2013-10-14 15:17:39 +0200  (tag: GROOVY_2_1_8)
2013-09-05 22:28:20 +0200  (tag: GROOVY_2_1_7)
2013-09-05 15:34:11 +0200  (tag: GROOVY_2_0_0_BETA_2)
2013-07-09 16:50:50 +0200  (tag: GROOVY_2_1_6)
2013-07-09 11:48:47 +0200  (tag: GROOVY_2_2_0_BETA_1)
2013-06-14 09:52:53 +0200  (tag: GROOVY_2_1_5)
2013-05-31 11:03:03 +0200  (tag: GROOVY_2_1_4)
2013-04-12 15:01:07 +0200  (tag: GROOVY_2_1_3)
2013-04-12 11:57:01 +0200  (tag: GROOVY_2_0_8)
2013-03-19 09:50:28 +0100  (tag: GROOVY_2_1_2)
2013-02-15 11:06:53 +0100  (tag: GROOVY_2_1_1)
2013-01-24 16:58:13 +0100  (tag: GROOVY_2_1_0)
2013-02-15 09:42:29 +0100  (tag: GROOVY_1_8_9)
2013-02-15 09:41:14 +0100  (tag: GROOVY_2_0_7)
2013-01-21 16:09:43 +0100  (tag: GROOVY_2_1_0_RC_3)
2013-01-18 15:43:59 +0100  (tag: GROOVY_2_1_0_RC_2)
2013-01-10 10:06:50 +0100  (tag: GROOVY_2_1_0_RC_1)
2012-12-21 11:47:14 +0100  (tag: GROOVY_2_1_0_BETA_1)
2012-12-21 09:56:26 +0100  (tag: GROOVY_2_0_6)
2012-10-04 14:03:58 +0200  (tag: GROOVY_2_0_5)
2012-09-21 13:40:02 +0200  (tag: GROOVY_2_0_4)
2012-09-10 13:55:08 +0200  (tag: GROOVY_1_8_8)
2012-09-10 10:33:14 +0200  (tag: GROOVY_2_0_2)
2012-07-25 09:37:28 +0200  (tag: GROOVY_1_8_7)
2012-07-25 08:46:29 +0200  (tag: GROOVY_1_7_11)
2012-07-25 08:11:50 +0200  (tag: GROOVY_2_0_1)
2012-06-28 08:28:08 +0200  (tag: GROOVY_2_0_0)
2012-06-21 08:26:22 +0200  (tag: GROOVY_2_0_0_RC_4)
2012-06-14 11:20:42 +0200  (tag: GROOVY_2_0_0_RC_3)
2012-06-01 22:44:08 +0200  (tag: GROOVY_2_0_0_RC_2)
2012-05-31 13:43:16 +0200  (tag: GROOVY_2_0_0_RC_1)
2012-05-07 13:36:22 +0200  (tag: GROOVY_2_0_0_BETA_3)
2012-02-09 18:00:58 +0100  (tag: GROOVY_1_8_6)
2011-12-23 16:08:03 +0100  (tag: GROOVY_1_8_5)
2011-12-23 15:23:13 +0100  (tag: GROOVY_2_0_BETA_2)
2011-11-09 11:40:27 +0100  (tag: GROOVY_2_0_0_BETA_1)
2011-11-09 11:11:52 +0100  (tag: GROOVY_1_8_4)
2011-10-12 17:35:00 +0200  (tag: GROOVY_1_9_BETA_4)
2011-10-12 15:58:21 +0200  (tag: GROOVY_1_8_3)
2011-09-05 17:35:33 +0200  (tag: GROOVY_1_8_2)
2011-09-05 17:20:37 +0200  (tag: GROOVY_1_9_BETA_3)
2011-07-21 15:23:55 +0000  (tag: GROOVY_1_8_1)
2011-07-21 15:22:46 +0000  (tag: GROOVY_1_9_BETA_1)
2011-04-27 12:42:23 +0000  (tag: GROOVY_1_8_0)
2011-04-13 15:26:46 +0000  (tag: GROOVY_1_8_RC_4)
2011-03-17 14:23:20 +0000  (tag: GROOVY_1_7_10)
2011-03-17 14:22:19 +0000  (tag: GROOVY_1_8_RC3)
2011-03-09 17:58:08 +0000  (tag: GROOVY_1_8_0_RC_2)
2011-03-09 16:57:29 +0000  (tag: GROOVY_1_7_9)
2011-02-18 20:28:11 +0000  (tag: GROOVY_1_8_RC_1)
2011-02-15 20:02:59 +0000  (tag: GROOVY_1_7_8)
2011-02-04 14:55:53 +0000  (tag: GROOVY_1_7_7)
2011-02-04 14:52:43 +0000  (tag: GROOVY_1_8_BETA_4)
2010-12-15 17:34:36 +0000  (tag: GROOVY_1_8_0_BETA_3)
2010-12-15 16:37:47 +0000  (tag: GROOVY_1_7_6)
2010-09-16 15:46:49 +0000  (tag: GROOVY_1_7_5)
2010-09-16 15:45:02 +0000  (tag: GROOVY_1_8_BETA_2)
2010-07-22 16:09:05 +0000  (tag: GROOVY_1_7_4)
2010-07-22 15:53:19 +0000  (tag: GROOVY_1_8_BETA_1)
2010-06-16 08:40:17 +0000  (tag: GROOVY_1_6_9)
2010-06-14 15:51:31 +0000  (tag: GROOVY_1_7_3)
2010-04-07 15:11:10 +0000  (tag: GROOVY_1_7_2)
2010-02-19 15:25:48 +0000  (tag: GROOVY_1_6_8)
2010-02-19 15:23:46 +0000  (tag: GROOVY_1_7_1)
2009-12-22 13:38:31 +0000  (tag: GROOVY_1_7_RC_2)
2009-12-22 12:20:18 +0000  (tag: GROOVY_1_7_0)
2009-12-02 13:11:21 +0000  (tag: GROOVY_1_6_7)
2009-11-27 16:02:26 +0000  (tag: GROOVY_1_6_6)
2009-11-27 15:57:53 +0000  (tag: GROOVY_1_7_RC1)
2009-10-12 19:28:00 +0000  (tag: GROOVY_1_7_BETA_2)
2009-10-02 11:16:39 +0000  (tag: GROOVY_1_6_5)
2009-07-31 16:41:29 +0000  (tag: GROOVY_1_7_BETA_1)
2009-07-31 16:37:09 +0000  (tag: GROOVY_1_6_4)
2009-05-13 16:02:41 +0000  (tag: GROOVY_1_6_3)
2009-04-24 20:51:42 +0000  (tag: GROOVY_1_6_2)
2009-04-07 16:22:30 +0000  (tag: GROOVY_1_5_8)
2009-04-07 15:51:26 +0000  (tag: GROOVY_1_6_1)
2009-02-18 17:40:15 +0000  (tag: GROOVY_1_6_0)
2009-02-09 13:08:07 +0000  (tag: GROOVY_1_6_0_RC_3)
2009-01-22 18:20:07 +0000  (tag: GROOVY_1_6_RC_2)
2008-12-22 14:14:59 +0000  (tag: GROOVY_1_6_RC_1)
2008-10-09 17:27:28 +0000  (tag: GROOVY_1_6_BETA_2)
2008-10-09 16:52:34 +0000  (tag: GROOVY_1_5_7)
2008-05-02 14:34:46 +0000  (tag: GROOVY_1_6_BETA_1)
2008-04-25 16:34:28 +0000  (tag: GROOVY_1_5_6)
2008-04-14 16:10:08 +0000  (tag: GROOVY_1_5_5)
2008-02-01 18:12:58 +0000  (tag: GROOVY_1_5_4)
2008-01-29 16:24:30 +0000  (tag: GROOVY_1_5_2)
2007-12-21 20:10:51 +0000  (tag: GROOVY_1_5_1)
2007-12-07 19:22:32 +0000  (tag: GROOVY_1_5_0)
2007-11-28 12:59:54 +0000  (tag: GROOVY_1_1_RC_3)
2007-11-02 15:34:39 +0000  (tag: GROOVY_1_1_RC_2)
2007-10-12 18:35:15 +0000  (tag: GROOVY_1_1_RC_1)
2007-09-23 13:44:37 +0000  (tag: GROOVY_1_1_BETA_2)
2007-09-20 21:32:20 +0000  (tag: GROOVY_1_1_BETA_3)
2007-04-30 19:39:52 +0000  (tag: GROOVY_1_1_BETA_1)
2007-01-02 22:16:39 +0000  (tag: GROOVY_1_0)
2006-12-23 13:04:24 +0000  (tag: GROOVY_1_0_RC_2)
2003-08-28 18:48:39 +0000 
2006-12-04 23:33:06 +0000  (tag: GROOVY_1_0_RC_1)
2006-06-28 19:24:40 +0000  (tag: GROOVY_1_0_JSR_06)
2006-02-13 20:31:05 +0000  (tag: GROOVY_1_0_JSR_05)
2005-11-21 20:58:05 +0000  (tag: GROOVY_1_0_JSR_04)
2005-08-16 22:25:46 +0000  (tag: GROOVY_1_0_JSR_03)
2005-06-15 09:32:59 +0000  (tag: GROOVY_1_0_JSR_02)
2005-04-05 21:46:45 +0000  (tag: GROOVY_1_0_JSR_01)
2005-01-12 11:34:28 +0000  (tag: GROOVY_1_0_BETA_9)
2004-12-17 14:59:44 +0000  (tag: GROOVY_1_0_BETA_8)
2004-09-29 15:31:50 +0000  (tag: GROOVY_1_0_BETA_7)
2004-07-15 11:12:58 +0000  (tag: GROOVY_1_0_BETA_6)
2004-05-12 14:57:41 +0000  (tag: GROOVY_1_0_BETA_5)
2004-03-12 16:59:48 +0000  (tag: GROOVY_1_0_BETA_4)
2004-01-23 16:11:12 +0000  (tag: GROOVY_1_0_BETA_3)
2003-12-23 16:06:55 +0000  (tag: GROOVY_1_0_BETA_2)
2003-12-11 19:29:07 +0000  (tag: GROOVY_1_0_BETA_1)