2021-12-25 10:18:39 -0500  (tag: 1.4.0-RC1, tag: 1.4.0)
2020-12-25 07:30:06 -0500  (tag: 1.3.0-RC1, tag: 1.3.0)
2020-06-25 17:52:11 -0400  (tag: 1.2.0-RC1, tag: 1.2.0)
2020-01-22 16:23:38 -0500  (tag: 1.1.0-RC1, tag: 1.1.0)
2018-10-16 09:03:02 -0700  (tag: 1.0.0-RC1, tag: 1.0.0)
2018-01-01 16:23:37 -0500  (tag: 0.9.14-RC1, tag: 0.9.14)
2017-06-03 19:33:40 -0400  (tag: 0.9.13-incubating-RC1, tag: 0.9.13-incubating)
2017-03-17 10:40:15 -0700  (tag: 0.9.12-incubating-RC1, tag: 0.9.12-incubating)
2017-01-17 17:58:16 +0000  (tag: 0.9.11-incubating-RC1, tag: 0.9.11-incubating)
2016-12-18 10:44:24 -0800  (tag: 0.9.10-incubating-RC3, tag: 0.9.10-incubating)
2016-11-13 11:17:03 -0800  (tag: 0.9.10-incubating-RC2, tag: 0.9.10-incubating-RC1)
2016-01-12 22:54:55 -0800  (tag: 0.9.9)
2015-09-06 21:45:55 -0700  (tag: 0.9.8)
2015-06-08 17:28:23 -0700  (tag: 0.9.7)
2015-03-25 18:52:38 -0700  (tag: 0.9.6)
2015-02-15 18:53:44 -0800  (tag: 0.9.5)
2015-01-06 21:42:47 -0800  (tag: 0.9.4)
2014-09-30 01:31:54 -0700  (tag: 0.9.3)
2014-07-21 13:32:09 -0700  (tag: 0.9.2)
2014-05-22 12:27:48 -0700  (tag: 0.9.1)
2014-03-26 11:59:33 -0700  (tag: 0.9.0)
2014-05-22 12:39:19 -0700  (tag: 0.8.4)
2013-08-27 09:47:45 -0700  (tag: 0.8.3)
2013-07-13 17:33:23 -0700  (tag: 0.8.2)
2013-06-04 15:53:32 -0700 
2013-05-30 16:33:02 -0700 
2013-06-04 15:52:49 -0700 
2013-05-31 09:54:06 -0700  (tag: 0.8.0)
2011-07-30 15:12:28 -0700 
2013-06-04 15:52:33 -0700 
2013-05-13 22:03:28 -0700  (tag: 0.7.4)
2013-03-17 22:05:16 -0700  (tag: 0.7.3)
2013-01-15 20:57:45 -0800  (tag: 0.7.2)
2012-12-13 16:12:47 -0800  (tag: 0.7.1)
2012-12-02 01:14:02 -0800  (tag: 0.7.0)
2012-10-15 10:33:50 -0700  (tag: 0.6.2)
2012-06-09 21:16:30 -0700  (tag: 0.6.1)
2012-05-05 13:30:23 -0700  (tag: 0.6.0)
2011-03-25 21:57:21 -0700 
2013-06-04 15:52:18 -0700 
2011-12-21 18:54:38 -0800  (tag: 0.5.0)
2011-05-27 13:47:09 -0700  (tag: 0.4.0)
2011-03-02 01:42:18 -0800  (tag: 0.3.0)
2010-12-08 13:14:04 -0800 
2013-06-04 15:51:58 -0700 
2012-08-26 11:30:42 -0700  (tag: 0.6.3)
2010-12-08 13:14:04 -0800 
2010-12-08 13:14:04 -0800 