2022-08-23 23:18:18 +0000  (tag: 2.4.14RC1)
2022-08-22 19:38:24 +0000  (tag: 2.4.14RC0)
2022-06-22 20:15:03 -0700  (tag: rel/2.4.13, tag: 2.4.13RC1)
2022-06-22 09:51:11 -0700  (tag: 2.4.13RC0)
2022-04-29 19:32:46 -0700  (tag: rel/2.4.12, tag: 2.4.12RC0)
2022-03-15 10:17:28 -0700  (tag: rel/2.4.11, tag: 2.4.11RC1)
2022-03-14 15:54:59 -0700  (tag: 2.4.11RC0)
2022-02-28 09:53:07 -0800  (tag: rel/2.4.10, tag: 2.4.10RC1)
2022-02-25 18:34:29 -0800  (tag: 2.4.10RC0)
2021-12-17 18:51:25 -0800  (tag: rel/2.4.9, tag: 2.4.9RC0)
2021-10-27 08:37:17 -0700  (tag: rel/2.4.8, tag: 2.4.8RC0)
2021-10-08 17:10:27 -0700  (tag: rel/2.4.7, tag: 2.4.7RC0)
2021-09-03 09:41:52 -0700  (tag: rel/2.4.6, tag: 2.4.6RC0)
2021-07-26 17:24:37 -0700  (tag: rel/2.4.5, tag: 2.4.5RC1)
2021-07-23 09:55:52 -0700  (tag: 2.4.5RC0)
2021-06-07 15:21:39 -0700  (tag: rel/2.4.4, tag: 2.4.4RC0)
2021-05-19 12:38:07 -0700  (tag: rel/2.4.3, tag: 2.4.3RC1)
2021-05-14 13:12:49 -0700  (tag: 2.4.3RC0)
2021-03-08 15:59:36 -0800  (tag: rel/2.4.2, tag: 2.4.2RC0)
2021-01-15 10:50:53 -0800  (tag: rel/2.4.1, tag: 2.4.1RC2)
2021-01-14 12:54:58 -0800  (tag: 2.4.1RC1)
2021-01-13 18:02:02 -0800  (tag: 2.4.1RC0)
2022-08-23 15:44:34 +0000  (tag: 2.5.0RC1)
2022-05-31 20:06:29 -0700  (tag: 2.5.0RC0)
2022-08-03 17:45:20 +0800  (tag: rel/1.7.2, tag: 1.7.2RC0)
2022-06-15 15:04:17 +0800  (tag: rel/3.0.0-alpha-3, tag: 3.0.0-alpha-3RC0)
2021-12-19 16:31:57 +0800  (tag: rel/3.0.0-alpha-2, tag: 3.0.0-alpha-2RC2)
2021-12-14 08:12:33 +0800  (tag: 3.0.0-alpha-2RC1)
2021-12-11 20:52:35 +0800  (tag: 3.0.0-alpha-2RC0)
2021-11-18 21:36:36 +0800  (origin/HBASE-25302)
2021-07-03 22:41:28 +0530  (tag: 3.0.0-alpha-1RC0)
2021-07-03 11:13:50 +0800  (tag: rel/3.0.0-alpha-1)
2020-11-20 00:04:48 -0800  (origin/HBASE-18070)
2021-10-20 17:10:57 +0800  (tag: rel/1.4.14, tag: 1.4.14RC0)
2020-02-22 17:51:40 -0800  (tag: rel/1.4.13, tag: 1.4.13RC0)
2019-11-20 17:16:31 -0600  (tag: rel/1.4.12, tag: 1.4.12RC0)
2019-10-18 00:17:20 -0500  (tag: rel/1.4.11, tag: 1.4.11RC0)
2019-06-05 15:38:49 -0700  (tag: rel/1.4.10, tag: 1.4.10RC1)
2019-04-30 11:18:32 -0700  (tag: 1.4.10RC0)
2018-12-05 10:58:34 -0800  (tag: rel/1.4.9, tag: 1.4.9RC1)
2018-11-30 12:07:55 -0800  (tag: 1.4.9RC0)
2018-10-02 10:06:47 -0700  (tag: rel/1.4.8, tag: 1.4.8RC0)
2018-08-28 11:51:26 -0700  (tag: rel/1.4.7, tag: 1.4.7RC0)
2018-07-24 15:14:52 -0700  (tag: rel/1.4.6, tag: 1.4.6RC0)
2021-10-12 16:29:51 +0000  (tag: rel/2.3.7, tag: 2.3.7RC0)
2021-07-28 22:11:06 +0000  (tag: rel/2.3.6, tag: 2.3.6RC3)
2021-07-26 19:28:56 +0000  (tag: 2.3.6RC2)
2021-07-26 18:49:57 +0000  (tag: 2.3.6RC1)
2021-07-23 18:23:17 +0000  (tag: 2.3.6RC0)
2021-03-25 20:31:39 +0000  (tag: rel/2.3.5, tag: 2.3.5RC1)
2021-03-25 15:50:58 +0000  (tag: 2.3.5RC0)
2021-01-14 21:17:22 +0000  (tag: rel/2.3.4, tag: 2.3.4RC4)
2021-01-14 18:53:50 +0000  (tag: 2.3.4RC3)
2021-01-12 19:58:15 +0000  (tag: 2.3.4RC2)
2021-01-11 22:57:12 +0000  (tag: 2.3.4RC1)
2021-01-08 20:07:13 +0000  (tag: 2.3.4RC0)
2020-10-28 06:18:04 +0000  (tag: rel/2.3.3, tag: 2.3.3RC1)
2020-10-27 11:19:03 +0000  (tag: 2.3.3RC0)
2020-09-20 13:08:15 +0000  (tag: rel/2.3.2, tag: 2.3.2RC4)
2020-09-20 09:57:52 +0000  (tag: 2.3.2RC3)
2020-09-20 07:58:08 +0000  (tag: 2.3.2RC2)
2020-09-15 15:39:35 +0000  (tag: 2.3.2RC1)
2020-09-15 09:04:51 +0000  (tag: 2.3.2RC0)
2020-08-12 17:36:50 +0000  (tag: rel/2.3.1, tag: 2.3.1RC0)
2020-07-06 22:23:46 +0000  (tag: rel/2.3.0, tag: 2.3.0RC3)
2020-07-02 22:05:49 +0000  (tag: 2.3.0RC2)
2020-06-29 15:59:10 +0000  (tag: 2.3.0RC1)
2020-06-16 03:12:43 +0000  (tag: 2.3.0RC0)
2021-07-15 16:18:29 -0700  (tag: rel/1.7.1, tag: 1.7.1RC0)
2021-05-26 23:04:42 +0800  (tag: rel/1.7.0, tag: 1.7.0RC0)
2020-07-28 08:34:07 +0900  (origin/ccsmap)
2020-02-14 11:30:22 -0800  (tag: rel/1.6.0, tag: 1.6.0RC0)
2019-10-08 17:26:22 -0700  (tag: rel/1.5.0, tag: 1.5.0RC4)
2021-04-11 19:15:07 +0800  (tag: rel/2.2.7, tag: 2.2.7RC0)
2020-09-04 09:32:31 +0800  (tag: rel/2.2.6, tag: 2.2.6RC2)
2020-08-26 17:11:28 +0800  (tag: 2.2.6RC1)
2020-07-16 20:26:01 +0800  (tag: 2.2.6RC0)
2020-05-21 18:09:14 +0800  (tag: rel/2.2.5, tag: 2.2.5RC0)
2020-03-11 12:27:36 +0800  (tag: rel/2.2.4, tag: 2.2.4RC0)
2020-01-10 18:15:13 +0800  (tag: rel/2.2.3, tag: 2.2.3RC1)
2020-01-03 19:49:07 +0800  (tag: 2.2.3RC0)
2019-10-16 23:06:32 +0800  (tag: rel/2.2.2, tag: 2.2.2RC0)
2019-09-04 10:54:14 +0800  (tag: rel/2.2.1, tag: 2.2.1RC2, tag: 2.2.1RC1)
2019-08-14 19:33:21 +0800  (tag: 2.2.1RC0)
2019-06-11 12:05:35 +0800  (tag: rel/2.2.0, tag: 2.2.0RC6)
2019-06-04 11:49:40 +0800  (tag: 2.2.0RC5)
2019-05-17 06:54:23 +0000  (tag: 2.2.0RC4)
2019-04-28 01:07:09 +0000  (tag: 2.2.0RC3)
2021-01-09 01:23:47 +0000  (tag: 2.4.1-rm_testRC30)
2021-01-06 05:45:16 +0000  (tag: 2.4.1-rm_testRC25)
2020-12-22 06:05:09 +0000  (tag: 2.4.0-rm_testRC17)
2020-12-22 05:42:19 +0000  (tag: 2.4.0-rm_testRC16)
2020-12-22 05:17:43 +0000  (tag: 2.4.0-rm_testRC15)
2020-12-19 02:16:51 +0000  (tag: 2.4.0-rm_testRC10)
2020-12-19 01:59:42 +0000  (tag: 2.4.0-rm_testRC9)
2020-12-09 01:25:15 +0000  (tag: 2.4.0-rm_testRC5)
2020-12-08 22:28:36 +0000  (tag: 2.4.0-rm_testRC4)
2020-12-08 20:20:56 +0000  (tag: 2.4.0-rm_testRC3)
2020-12-07 22:35:02 +0000  (tag: 2.4.0-rm_testRC1)
2020-12-07 19:04:28 +0000  (tag: 2.4.0-rm_testRC0)
2020-12-03 09:51:41 -0800  (tag: rel/2.4.0, tag: 2.4.0RC1)
2020-12-02 14:04:49 -0800  (tag: 2.4.0RC0)
2020-11-20 10:45:24 -0800  (origin/HBASE-18070.branch-2)
2020-03-31 23:12:26 +0800  (tag: 2.1.10RC1)
2020-03-28 13:37:08 +0800  (tag: 2.1.10RC0)
2020-02-10 11:25:13 +0800  (tag: rel/2.1.9, tag: 2.1.9RC0)
2019-11-19 18:39:12 +0800  (tag: rel/2.1.8, tag: 2.1.8RC0)
2019-10-02 21:02:32 +0800  (tag: rel/2.1.7, tag: 2.1.7RC0)
2019-08-26 18:46:55 +0800  (tag: rel/2.1.6, tag: 2.1.6RC1)
2019-08-14 11:52:45 +0800  (tag: 2.1.6RC0)
2019-05-28 22:06:49 +0000  (tag: rel/2.1.5, tag: 2.1.5RC1)
2019-05-22 22:27:35 +0000  (tag: 2.1.5RC0)
2019-03-24 16:02:41 +0000  (tag: 2.1.4RC1.5)
2019-03-19 18:44:20 +0000  (tag: rel/2.1.4, tag: 2.1.4RC1)
2019-03-05 12:14:59 -0800  (tag: 2.1.4RC0)
2019-02-11 10:55:10 +0800  (tag: rel/2.1.3, tag: 2.1.3RC1)
2019-02-07 09:00:33 +0800  (tag: 2.1.3RC0)
2018-12-30 21:32:18 -0800  (tag: rel/2.1.2, tag: 2.1.2RC1)
2018-12-06 21:54:17 -0800  (tag: 2.1.2RC0)
2018-10-26 16:14:21 -0700  (tag: rel/2.1.1, tag: 2.1.1RC0)
2018-07-10 16:46:24 +0800  (tag: rel/2.1.0, tag: 2.1.0RC1)
2018-07-07 15:39:34 +0800  (tag: 2.1.0RC0)
2019-10-15 01:42:05 -0700  (tag: rel/1.3.6, tag: 1.3.6RC1)
2019-10-04 17:37:34 -0700  (tag: 1.3.6RC0)
2019-06-05 15:51:23 -0700  (tag: rel/1.3.5, tag: 1.3.5RC0)
2019-04-15 01:48:26 +0000  (tag: rel/1.3.4, tag: 1.3.4RC0)
2018-12-14 15:36:21 -0800  (tag: rel/1.3.3, tag: 1.3.3RC0)
2019-08-14 15:41:51 +0000  (tag: rel/2.0.6, tag: 2.0.6RC1)
2019-08-13 21:56:02 +0000  (tag: 2.0.6RC0)
2019-03-17 22:50:41 +0000  (tag: rel/2.0.5, tag: 2.0.5RC1)
2019-05-31 19:56:11 -0500  (tag: branch-1.2-EOM)
2019-04-05 11:49:58 -0500  (tag: rel/1.2.12, tag: 1.2.12RC0)
2019-02-14 21:58:49 -0600  (tag: rel/1.2.11, tag: 1.2.11RC0)
2019-01-07 13:29:07 -0600  (tag: rel/1.2.10, tag: 1.2.10RC0)
2018-11-17 00:37:00 -0600  (tag: rel/1.2.9, tag: 1.2.9RC0)
2018-10-12 08:54:50 -0500  (tag: rel/1.2.8, tag: 1.2.8RC0)
2018-09-06 21:31:03 -0500  (tag: rel/1.2.7, tag: 1.2.7RC0)
2019-05-30 16:19:15 +0000  (tag: 1.5.HBASE-22466.0RC4)
2019-05-30 06:16:14 +0000  (tag: 1.5.HBASE-22466.0RC3)
2019-05-30 04:33:19 +0000  (tag: 1.5.HBASE-22466.0RC1)
2019-05-29 22:10:27 +0000  (tag: HBASE-22466-1.5.0RC2)
2019-05-29 19:14:52 +0000  (tag: HBASE-22466-1.5.0RC1)
2019-05-24 05:31:42 +0000  (tag: HBASE-22466-1.5.0RC0)
2019-03-28 10:36:59 -0700  (tag: 1.5.0RC3)
2019-02-21 12:17:15 -0800  (tag: 1.5.0RC2)
2019-02-14 14:39:21 -0800  (tag: 1.5.0RC1)
2019-02-01 12:36:10 -0800  (tag: 1.5.0RC0)
2019-05-06 15:22:30 -0700  (tag: feature-HBASE-22346-tag)
2017-09-14 17:22:41 -0700  (tag: 2.0.0-alpha-3RC0)
2019-04-22 06:33:30 +0000  (tag: 2.2.0RC2)
2019-04-16 03:09:36 +0000  (tag: 2.2.0RC1)
2019-03-06 18:06:22 +0800  (tag: 2.2.0-RC0)
2019-02-20 00:12:31 +0000  (tag: 2.0.5RC15)
2019-02-19 22:54:52 +0000  (tag: 2.0.5RC14)
2019-02-19 22:26:52 +0000  (tag: 2.0.5RC13)
2019-02-19 21:29:36 +0000  (tag: 2.0.5RC12)
2019-02-19 20:06:12 +0000  (tag: 2.0.5RC11)
2019-02-19 19:08:22 +0000  (tag: 2.0.5RC10)
2019-02-19 09:14:38 -0800  (tag: 2.0.5RC9)
2019-02-19 09:06:38 -0800  (tag: 2.0.5RC8)
2019-02-19 08:54:21 -0800  (tag: 2.0.5RC7)
2019-02-19 08:49:36 -0800  (tag: 2.0.5RC6)
2019-02-19 08:43:04 -0800  (tag: 2.0.5RC5)
2019-02-19 08:35:12 -0800  (tag: 2.0.5RC4)
2019-02-19 06:23:59 -0800  (tag: 2.0.5RC3)
2019-02-19 06:03:44 -0800  (tag: 2.0.5RC2)
2019-02-18 23:53:51 +0000  (tag: 2.0.5RC0)
2018-12-28 15:20:47 -0800  (tag: rel/2.0.4, tag: 2.0.4RC1)
2018-12-06 21:49:17 -0800  (tag: 2.0.4RC0)
2018-11-24 17:00:52 +0800  (tag: rel/2.0.3, tag: 2.0.3RC0)
2018-08-28 20:40:40 -0700  (tag: rel/2.0.2, tag: 2.0.2RC1)
2018-08-27 15:23:43 -0700  (tag: 2.0.2RC0)
2018-06-12 22:37:44 -0700  (tag: rel/2.0.1, tag: 2.0.1RC0)
2018-06-13 14:07:19 -0400  (tag: rel/1.4.5, tag: 1.4.5RC1)
2018-06-07 14:14:21 -0400  (tag: 1.4.5rc0)
2018-04-22 20:06:49 -0700  (tag: rel/1.4.4, tag: 1.4.4RC0)
2018-03-20 11:11:18 -0700  (tag: rel/1.4.3, tag: 1.4.3RC0)
2018-06-03 20:43:40 -0500  (tag: rel/1.2.6.1, tag: 1.2.6.1RC0)
2017-05-29 00:24:05 -0500  (tag: rel/1.2.6, tag: 1.2.6RC0)
2017-02-28 23:53:00 -0600  (tag: rel/1.2.5, tag: 1.2.5RC0)
2016-10-25 17:32:50 -0500  (tag: rel/1.2.4, tag: 1.2.4RC1)
2016-10-09 21:30:40 -0500  (tag: 1.2.4RC0)
2016-08-29 12:46:53 -0700  (tag: rel/1.2.3, tag: 1.2.3RC0)
2016-07-01 00:27:09 -0500  (tag: rel/1.2.2, tag: 1.2.2RC2)
2016-06-22 22:57:26 -0500  (tag: 1.2.2RC1)
2016-06-14 00:28:50 -0500  (tag: 1.2.2RC0)
2016-03-29 15:06:35 -0700  (tag: rel/1.2.1, tag: 1.2.1RC1)
2016-03-29 00:37:21 -0500  (tag: 1.2.1RC0)
2016-02-18 22:09:39 -0600  (tag: rel/1.2.0, tag: 1.2.0RC4)
2016-02-13 12:21:58 -0600  (tag: 1.2.0RC3)
2016-02-08 00:46:28 -0600  (tag: 1.2.0RC2)
2016-01-29 01:32:31 -0600  (tag: 1.2.0RC1)
2016-01-03 09:19:03 +0000  (tag: 1.2.0RC0)
2018-05-31 20:13:06 -0400  (tag: 2.0.0.1RC0)
2018-04-22 15:56:42 -0700  (tag: rel/2.0.0, tag: 2.0.0RC2)
2018-04-20 09:05:33 -0700  (tag: 2.0.0RC1)
2018-04-10 10:03:24 -0700  (tag: 2.0.0RC0)
2018-03-02 12:07:16 -0800  (tag: rel/2.0.0-beta-2, tag: 2.0.0-beta-2RC0.2)
2018-01-12 14:09:23 -0800  (tag: rel/2.0.0-beta-1, tag: 2.0.0-beta-1-RC1.7)
2018-01-11 15:04:25 -0800  (tag: 2.0.0-beta-1-RC1.6)
2018-01-08 10:34:57 -0800  (tag: 2.0.0-beta-1-RC1.5)
2018-01-06 08:57:20 -0600  (tag: 2.0.0-beta-1-RC1.4)
2018-01-06 08:20:47 -0600  (tag: 2.0.0-beta-1-RC1.3)
2018-01-06 08:06:55 -0600  (tag: 2.0.0-beta-1-RC1.2)
2018-01-05 08:38:12 -0600  (tag: 2.0.0-beta-1-RC1)
2018-05-31 19:34:52 -0400  (tag: rel/1.3.2.1, tag: 1.3.2.1RC0)
2018-03-18 22:24:48 -0700  (tag: rel/1.3.2, tag: 1.3.2RC1)
2018-03-05 14:31:55 -0800  (tag: 1.3.2RC0)
2017-04-06 18:51:12 -0700  (tag: rel/1.3.1, tag: 1.3.1RC1)
2017-04-05 14:31:57 -0700  (tag: 1.3.1RC0)
2017-01-03 04:24:16 +0300  (tag: rel/1.3.0, tag: 1.3.0RC0)
2018-02-21 13:20:50 -0800  (tag: rel/1.4.2, tag: 1.4.2RC1)
2018-02-14 17:26:31 -0800  (tag: 1.4.2RC0)
2018-01-24 17:00:25 -0800  (tag: rel/1.4.1, tag: 1.4.1RC0)
2017-12-08 15:42:13 -0800  (tag: rel/1.4.0, tag: 1.4.0RC1)
2017-12-06 17:13:17 -0800  (tag: 1.4.0RC0)
2017-12-29 08:27:08 -0800  (tag: 2.0.0-beta-1-RC0.2)
2017-12-28 16:49:56 -0800  (tag: 2.0.0-beta-1-RC0)
2017-11-30 20:41:12 -0800  (tag: rel/1.1.13, tag: 1.1.13RC0)
2017-08-12 11:29:28 -0700  (tag: rel/1.1.12, tag: 1.1.12RC0)
2017-06-10 18:06:44 -0700  (tag: rel/1.1.11, tag: 1.1.11RC0)
2017-04-18 20:43:08 -0700  (tag: rel/1.1.10, tag: 1.1.10RC0)
2017-02-20 22:20:57 -0800  (tag: rel/1.1.9, tag: 1.1.9RC0)
2016-12-12 20:38:20 -0800  (tag: rel/1.1.8, tag: 1.1.8RC0)
2016-10-07 15:43:52 -0700  (tag: rel/1.1.7, tag: 1.1.7RC1)
2016-09-24 13:20:07 -0700  (tag: 1.1.7RC0)
2016-08-28 10:06:28 -0700  (tag: rel/1.1.6, tag: 1.1.6RC2)
2016-08-13 12:08:46 -0400  (tag: 1.1.6RC1)
2016-07-16 09:39:39 -0700  (tag: 1.1.6RC0)
2016-05-08 20:05:45 -0700  (tag: rel/1.1.5, tag: 1.1.5RC0)
2016-03-16 20:52:39 -0700  (tag: rel/1.1.4, tag: 1.1.4RC0)
2016-01-16 16:09:47 -0800  (tag: rel/1.1.3, tag: 1.1.3RC1)
2015-11-08 17:43:52 -0800  (tag: 1.1.3RC0)
2015-08-21 16:47:09 -0700  (tag: rel/1.1.2, tag: 1.1.2RC2, tag: 1.1.2RC1, tag: 1.1.2)
2015-08-13 12:56:55 -0700  (tag: 1.1.2RC0)
2015-06-23 13:34:46 -0700  (tag: rel/1.1.1, tag: 1.1.1RC0, tag: 1.1.1)
2017-10-31 12:52:06 -0700  (tag: 2.0.0-alpha4RC0)
2017-09-15 20:36:55 +0800  (tag: rel/2.0.0-alpha-3, tag: 2.0.0-alpha-3RC0.2)
2017-08-16 08:45:59 -0700  (tag: rel/2.0.0-alpha-2, tag: 2.0.0-alpha-2RC0)
2017-06-07 21:58:17 -0700  (tag: rel/2.0.0-alpha-1, tag: 2.0.0-alpha-1RC0)
2017-04-26 16:39:11 -0500  (origin/hbase-12439)
2016-12-22 02:02:59 +0000  (tag: rel/0.98.24, tag: 0.98.24RC0)
2016-10-05 00:45:52 +0000  (tag: rel/0.98.23, tag: 0.98.23RC0)
2016-09-02 19:51:33 -0700  (tag: rel/0.98.22, tag: 0.98.22RC0)
2016-08-08 17:40:14 -0700  (tag: rel/0.98.21, tag: 0.98.21RC1)
2016-08-07 17:45:46 -0700  (tag: 0.98.21RC0)
2016-06-07 17:13:00 -0700  (tag: rel/0.98.20, tag: 0.98.20RC0)
2016-04-22 18:33:39 -0700  (tag: rel/0.98.19, tag: 0.98.19RC0)
2016-03-18 16:49:52 -0700  (tag: rel/0.98.18, tag: 0.98.18RC0)
2016-01-15 18:42:32 -0800  (tag: rel/0.98.17, tag: 0.98.17RC0)
2016-01-19 18:57:25 -0800  (tag: rel/1.0.3, tag: 1.0.3RC1)
2015-11-13 14:57:46 -0800  (tag: 1.0.3RC0)
2015-08-25 15:44:39 -0700  (tag: rel/1.0.2, tag: 1.0.2RC2, tag: 1.0.2)
2015-08-17 13:49:32 -0700  (tag: 1.0.2RC1)
2015-07-07 11:49:07 -0700  (tag: 1.0.2RC0)
2016-01-04 21:54:15 -0800  (tag: 0.94.28RC0)
2015-03-18 23:12:31 -0700  (tag: rel/0.94.27, tag: 0.94.27RC0, tag: 0.94.27)
2014-12-16 13:51:35 -0800  (tag: rel/0.94.26, tag: 0.94.26RC0, tag: 0.94.26)
2014-11-07 11:50:53 -0800  (tag: rel/0.94.25, tag: 0.94.25RC0, tag: 0.94.25)
2014-09-29 16:04:05 -0700  (tag: rel/0.94.24, tag: 0.94.24RC2, tag: 0.94.24)
2014-09-29 11:37:17 -0700  (tag: 0.94.24RC1)
2014-09-28 13:12:24 -0700  (tag: 0.94.24RC0)
2014-08-26 12:30:24 -0700  (tag: rel/0.94.23, tag: 0.94.23RC0, tag: 0.94.23)
2014-07-31 16:59:35 -0700  (tag: rel/0.94.22, tag: 0.94.22RC0, tag: 0.94.22)
2014-06-27 07:08:42 -0700  (tag: rel/0.94.21, tag: 0.94.21RC0, tag: 0.94.21)
2015-11-18 11:39:07 -0800  (tag: rel/0.98.16.1, tag: 0.98.16.1RC0, tag: 0.98.16.1)
2015-11-09 18:14:54 -0800  (tag: rel/0.98.16, tag: 0.98.16RC0, tag: 0.98.16)
2015-10-12 10:06:15 -0700  (tag: rel/0.98.15, tag: 0.98.15RC0, tag: 0.98.15)
2015-08-25 22:11:15 -0700  (tag: rel/0.98.14, tag: 0.98.14RC1, tag: 0.98.14)
2015-08-14 18:20:29 -0700  (tag: 0.98.14RC0)
2015-06-10 21:43:19 -0700  (tag: rel/0.98.13, tag: 0.98.13RC2, tag: 0.98.13)
2015-06-04 12:03:30 +0000  (tag: 0.98.13RC1)
2015-05-27 13:40:58 -0700  (tag: 0.98.13RC0)
2015-05-17 12:01:30 -0700  (tag: rel/1.1.0.1, tag: 1.1.0.1RC0, tag: 1.1.0.1)
2015-05-12 12:08:52 -0700  (tag: rel/1.1.0, tag: 1.1.0RC2, tag: 1.1.0)
2015-05-11 21:11:11 -0700  (tag: 1.1.0RC1)
2015-04-29 14:35:27 -0700  (tag: 1.1.0RC0)
2015-04-29 13:43:51 -0700  (tag: 1.1.0-SNAPSHOT-testing)
2015-05-17 11:57:33 -0700  (tag: rel/1.0.1.1, tag: 1.0.1.1RC0, tag: 1.0.1.1)
2015-04-17 22:06:38 -0700  (tag: rel/1.0.1, tag: 1.0.1RC2, tag: 1.0.1)
2015-04-09 22:25:52 -0700  (tag: 1.0.1RC1)
2015-04-05 15:31:49 -0700  (tag: 1.0.1RC0)
2015-02-14 19:41:51 -0800  (tag: rel/1.0.0, tag: 1.0.0RC5, tag: 1.0.0)
2015-02-09 18:38:34 -0800  (tag: 1.0.0RC4)
2015-02-01 17:32:25 -0800  (tag: 1.0.0RC3)
2015-01-27 19:41:00 -0800  (tag: 1.0.0RC2)
2015-01-25 23:18:55 -0800  (tag: 1.0.0RC1)
2014-12-19 14:15:46 -0800  (tag: 1.0.0RC0)
2014-12-02 20:39:44 -0800  (tag: rel/0.99.2, tag: 0.99.2RC0, tag: 0.99.2)
2014-10-11 22:14:49 -0700  (tag: rel/0.99.1, tag: 0.99.1RC0, tag: 0.99.1)
2014-09-16 12:40:37 -0700  (tag: rel/0.99.0, tag: 0.99.0RC1, tag: 0.99.0)
2014-09-10 23:05:38 -0700  (tag: 0.99.0RC0)
2015-05-17 11:56:31 -0700  (tag: rel/0.98.12.1, tag: 0.98.12.1RC0, tag: 0.98.12.1)
2015-04-09 18:40:12 -0700  (tag: rel/0.98.12, tag: 0.98.12RC3, tag: 0.98.12)
2015-04-01 22:17:48 -0700  (tag: 0.98.12RC2)
2015-03-19 17:30:58 -0700  (tag: 0.98.12RC1)
2015-03-18 18:16:46 -0700  (tag: 0.98.12RC0)
2015-03-02 19:01:28 -0800  (tag: rel/0.98.11, tag: 0.98.11RC0, tag: 0.98.11)
2015-02-10 09:23:40 -0800  (tag: rel/0.98.10.1, tag: 0.98.10.1RC0, tag: 0.98.10.1)
2015-02-01 05:03:26 +0000  (tag: rel/0.98.10, tag: 0.98.10RC2, tag: 0.98.10)
2015-01-27 18:58:47 -0800  (tag: 0.98.10RC1)
2015-01-26 18:57:30 -0800  (tag: 0.98.10RC0)
2014-12-15 22:21:37 -0800  (tag: rel/0.98.9, tag: 0.98.9RC1, tag: 0.98.9)
2014-12-10 19:27:44 -0800  (tag: 0.98.9RC0)
2014-11-14 16:54:09 -0800  (tag: rel/0.98.8, tag: 0.98.8RC2, tag: 0.98.8)
2014-11-13 09:25:53 -0800  (tag: 0.98.8RC1)
2014-11-07 22:25:05 -0800  (tag: 0.98.8RC0)
2014-10-08 12:17:41 -0700  (tag: rel/0.98.7, tag: 0.98.7RC1, tag: 0.98.7)
2014-10-07 00:41:18 -0700  (tag: 0.98.7RC0)
2014-09-14 20:36:20 -0700  (tag: rel/0.98.6.1, tag: 0.98.6.1RC0, tag: 0.98.6.1)
2014-09-04 02:24:51 +0000  (tag: rel/0.98.6, tag: 0.98.6RC2, tag: 0.98.6)
2014-09-02 21:18:36 -0700  (tag: 0.98.6RC1)
2014-08-26 18:39:20 -0700  (tag: 0.98.6RC0)
2014-08-04 21:38:06 -0700  (tag: rel/0.98.5, tag: 0.98.5RC0, tag: 0.98.5)
2014-07-14 16:54:45 -0700  (tag: rel/0.98.4, tag: 0.98.4RC0, tag: 0.98.4)
2014-05-31 15:24:16 -0700  (tag: rel/0.98.3, tag: 0.98.3RC2, tag: 0.98.3)
2014-05-26 11:58:11 -0700  (tag: 0.98.3RC1)
2014-05-23 23:30:00 +0000  (tag: 0.98.3RC0)
2014-05-28 11:38:59 -0700  (tag: 0.94.20mvn2)
2014-05-23 21:55:43 -0700  (tag: rel/0.94.20, tag: 0.94.20RC0, tag: 0.94.20)
2014-05-14 12:43:57 +0000  (tag: rel/0.98.2, tag: 0.98.2)
2014-05-01 01:24:53 +0000  (tag: 0.98.2RC0)
2014-04-28 18:28:53 +0000  (tag: 0.94.19mvn)
2014-04-28 18:28:52 +0000  (tag: 0.94.19mvn2)
2014-04-28 18:22:54 +0000  (tag: rel/0.94.19, tag: 0.94.19)
2014-04-21 22:55:38 +0000  (tag: 0.94.19RC0)
2014-04-14 18:49:42 +0000  (tag: rel/0.98.1, tag: 0.98.1)
2014-03-29 18:46:05 +0000  (tag: 0.98.1RC3)
2014-04-04 16:56:51 +0000  (tag: rel/0.96.2, tag: 0.96.2)
2014-03-24 22:28:37 +0000  (tag: 0.96.2RC2)
2014-03-26 18:34:05 +0000  (tag: 0.98.1RC2)
2014-03-24 22:41:06 +0000  (tag: 0.94.18mvn)
2014-03-24 22:41:04 +0000  (tag: 0.94.18mvn2)
2014-03-24 18:50:53 +0000  (tag: rel/0.94.18, tag: 0.94.18)
2014-03-15 04:41:33 +0000  (tag: 0.94.18RC0)
2014-03-24 21:54:04 +0000  (tag: 0.96.2-RC2)
2014-03-24 20:48:37 +0000  (tag: 0.98.1RC1)
2014-03-22 04:30:40 +0000  (tag: 0.96.2RC1)
2014-03-19 19:22:37 +0000  (tag: 0.96.2RC0)
2014-03-16 20:00:17 +0000  (tag: 0.98.1RC0)
2014-02-26 04:24:21 +0000  (tag: 0.94.17mvn)
2014-02-26 04:24:20 +0000  (tag: 0.94.17mvn2)
2014-02-26 04:17:25 +0000  (tag: rel/0.94.17, tag: 0.94.17)
2014-02-18 19:46:32 +0000  (tag: 0.94.17RC1)
2014-02-21 18:53:34 +0000  (tag: rel/0.98.0, tag: 0.98.0)
2014-02-07 00:05:57 +0000  (tag: 0.98.0RC2)
2014-02-13 22:59:32 +0000  (tag: 0.94.17RC0)
2014-01-30 03:15:12 +0000  (tag: 0.98.0RC1)
2014-01-25 17:44:48 +0000  (tag: 0.98.0RC0)
2014-01-21 01:23:45 +0000  (tag: 0.94.16mvn)
2014-01-21 01:23:43 +0000  (tag: 0.94.16mvn2)
2014-01-20 21:55:46 +0000  (tag: rel/0.94.16, tag: 0.94.16)
2014-01-10 20:06:26 +0000  (tag: 0.94.16RC0)
2013-12-31 19:03:43 +0000  (tag: 0.94.15-junit-4.11)
2013-12-30 04:07:42 +0000  (tag: 0.94.15mvn)
2013-12-30 04:07:40 +0000  (tag: 0.94.15mvn2)
2013-12-30 04:01:42 +0000  (tag: rel/0.94.15, tag: 0.94.15)
2013-12-18 03:53:07 +0000  (tag: 0.94.15RC0)
2013-12-19 21:11:36 +0000  (tag: rel/0.96.1, tag: 0.96.1)
2013-12-19 21:04:50 +0000  (tag: 0.96.1new)
2013-12-19 20:58:38 +0000  (tag: rel/0.96.1.1, tag: 0.96.1.1)
2013-12-17 21:10:10 +0000  (tag: 0.96.1.1rc0)
2013-12-10 00:26:23 +0000  (tag: 0.96.1RC2)
2013-11-28 01:20:07 +0000  (tag: hbase-0.96.1RC1)
2013-11-26 21:53:54 +0000  (tag: 0.96.1RC0)
2013-11-26 05:48:56 +0000  (tag: 0.94.14mvn)
2013-11-26 05:48:53 +0000  (tag: 0.94.14mvn2)
2013-11-26 05:40:48 +0000  (tag: rel/0.94.14, tag: 0.94.14)
2013-11-18 23:05:53 +0000  (tag: 0.94.14RC1)
2013-11-17 21:49:19 +0000  (tag: 0.94.14RC0)
2013-11-13 12:37:53 -0800  (tag: show)
2013-11-07 23:50:14 +0000  (tag: 0.94.13mvn)
2013-11-07 23:50:11 +0000  (tag: 0.94.13mvn2)
2013-11-07 23:42:40 +0000  (tag: rel/0.94.13, tag: 0.94.13)
2013-10-30 00:05:09 +0000  (tag: 0.94.13RC0)
2013-10-19 15:52:30 +0000  (tag: rel/0.96.0, tag: hbase-0.96.0)
2013-10-11 22:00:07 +0000  (tag: 0.96.0RC5)
2013-10-05 00:17:47 +0000  (tag: 0.96.0RC4)
2013-09-24 20:12:19 +0000  (tag: 0.94.12mvn)
2013-09-24 20:12:17 +0000  (tag: 0.94.12mvn2)
2013-09-24 20:06:53 +0000  (tag: rel/0.94.12, tag: 0.94.12)
2013-09-19 23:30:56 +0000  (tag: 0.94.12RC2)
2013-09-21 22:54:29 +0000  (tag: 0.96.0RC3)
2013-09-20 04:09:13 +0000  (tag: 0.96.0rc2)
2013-09-18 19:16:13 +0000  (tag: 0.94.12RC1)
2013-09-17 08:10:28 +0000  (tag: 0.96.0RC1)
2013-09-11 02:07:43 +0000  (tag: 0.94.12RC0)
2013-08-31 20:58:53 +0000  (tag: 0.96.0RC0)
2013-08-20 23:50:17 +0000  (tag: 0.94.11mvn)
2013-08-20 23:50:15 +0000  (tag: 0.94.11mvn2)
2013-08-20 23:34:48 +0000  (tag: rel/0.94.11, tag: 0.94.11)
2013-08-13 23:48:11 +0000  (tag: 0.94.11RC0)
2013-08-15 20:55:25 +0000  (tag: rel/0.95.2, tag: 0.95.2)
2013-08-02 00:10:51 +0000  (tag: hbase-0.95.2-hadoop2)
2013-08-01 23:16:19 +0000  (tag: hbase-0.95.2-hadoop2-testing)
2013-07-24 18:37:21 +0000  (tag: 0.94.10mvn)
2013-07-24 18:37:20 +0000  (tag: 0.94.10mvn2)
2013-07-24 18:27:07 +0000  (tag: rel/0.94.10, tag: 0.94.10)
2013-07-19 20:14:06 +0000  (tag: 0.94.10RC0)
2013-07-06 07:50:03 +0000  (tag: rel/0.94.9, tag: 0.94.9)
2013-07-06 07:48:11 +0000  (tag: 0.94.9RC0)
2013-07-04 21:36:52 +0000  (tag: 0.94.9mvn)
2013-07-04 21:36:45 +0000  (tag: 0.94.9mvn2)
2013-07-04 21:21:08 +0000  (tag: 0.92.2mvn)
2013-06-12 07:00:50 +0000  (tag: 0.95.1mvn2)
2013-06-12 06:57:31 +0000  (tag: 0.95.1-hadoop2.mvn.label4)
2013-06-12 06:34:11 +0000  (tag: hbase-0.95.1-hadoop2.by.mvn3)
2013-06-12 06:21:57 +0000  (tag: hbase-0.95.1-hadoop2.by.mvn)
2013-06-12 05:44:32 +0000  (tag: 0.95.1mvn)
2013-06-12 05:15:32 +0000  (tag: hbase-0.95.1-hadoop1)
2013-06-12 04:39:33 +0000  (tag: 0.95.1-hadoop1.mvnlabeling2)
2013-06-12 04:00:24 +0000  (tag: rel/0.95.1, tag: 0.95.1)
2013-06-12 03:56:11 +0000  (tag: 0.95.1RC1)
2013-06-05 18:12:37 +0000  (tag: rel/0.94.8, tag: 0.94.8)
2013-06-05 18:08:03 +0000  (tag: 0.94.8RC0)
2013-05-27 20:34:44 +0000  (tag: 0.95.1RC0)
2013-05-07 23:10:04 +0000  (tag: 0.94.7mvn)
2013-05-07 23:10:00 +0000  (tag: 0.94.7mvn2)
2013-05-02 03:53:38 +0000  (tag: rel/0.94.7, tag: 0.94.7)
2013-04-25 01:42:11 +0000  (tag: 0.94.7RC1)
2013-04-17 00:16:57 +0000  (tag: 0.94.7RC0)
2013-04-08 00:08:41 +0000  (tag: 0.95.0mvn)
2013-04-07 23:45:54 +0000  (tag: 0.95.0mvn-release)
2013-04-07 22:50:41 +0000  (tag: 0.94.6.1mvn)
2013-04-07 22:44:42 +0000  (tag: 0.94.6.1mvn-release2)
2013-04-07 22:29:53 +0000  (tag: 0.95.0mvnrelease)
2013-04-07 22:23:49 +0000  (tag: rel/0.95.0, tag: 0.95.0)
2013-04-03 04:52:47 +0000  (tag: 0.95.0RC1)
2013-04-07 22:12:52 +0000  (tag: hbase-0.94.6.1)
2013-04-04 17:53:09 +0000  (tag: 0.94.6.1)
2013-04-07 22:02:24 +0000  (tag: hbase-0.95.0)
2013-04-01 22:53:33 +0000  (tag: 0.95.0RC0)
2013-03-25 20:37:11 +0000  (tag: 0.94.6mvn)
2013-03-25 20:37:08 +0000  (tag: 0.94.6mvn-release)
2013-03-25 18:21:34 +0000  (tag: rel/0.94.6, tag: 0.94.6)
2013-03-14 22:30:54 +0000  (tag: 0.94.6RC2)
2013-03-12 23:00:27 +0000  (tag: 0.94.4mvn)
2013-03-12 23:00:25 +0000  (tag: 0.94.4mvn2)
2013-01-13 07:08:47 +0000  (tag: rel/0.94.4, tag: 0.94.4)
2013-01-03 07:15:41 +0000  (tag: 0.94.4RC1)
2013-03-07 22:02:22 +0000  (tag: 0.94.6RC1)
2013-03-06 01:07:31 +0000  (tag: 0.94.6RC0)
2013-02-21 20:02:09 +0000  (tag: 0.94.5mvn)
2013-02-21 20:02:06 +0000  (tag: 0.94.5mvn2)
2013-02-20 05:43:22 +0000  (tag: rel/0.94.5, tag: 0.94.5)
2013-02-08 05:51:57 +0000  (tag: 0.94.5RC1)
2013-02-02 07:39:53 +0000  (tag: 0.94.5RC0)
2013-01-02 21:07:57 +0000  (tag: 0.94.3mvn)
2013-01-02 21:07:54 +0000  (tag: 0.94.3mvn2)
2013-01-02 17:08:02 +0000  (tag: 0.94.3mvn_release)
2012-12-05 00:12:38 +0000  (tag: rel/0.94.3, tag: 0.94.3)
2012-11-14 20:58:47 +0000  (tag: 0.94.3RC0)
2012-12-29 16:33:39 +0000  (tag: 0.94.4RC0)
2012-11-14 20:43:01 +0000  (tag: 0.94.2mvnrelease)
2012-11-14 20:19:12 +0000  (tag: 0.94.2mvn)
2012-10-13 01:02:20 +0000  (tag: rel/0.94.2, tag: 0.94.2)
2012-10-07 20:37:46 +0000  (tag: 0.94.2RC3)
2012-09-25 20:32:45 +0000  (tag: 0.94.2RC2)
2012-09-21 23:16:25 +0000  (tag: 0.94.2RC1)
2012-09-14 20:47:54 +0000  (tag: 0.92.2.st.mvn)
2012-09-14 20:47:52 +0000  (tag: 0.92.2.st.mvn2)
2012-09-14 17:58:32 +0000  (tag: 0.92.2mvn3)
2012-09-14 17:51:37 +0000  (tag: 0.92.2mvn2)
2012-09-12 03:37:21 +0000  (tag: rel/0.92.2, tag: 0.92.2)
2012-08-31 16:03:16 +0000  (tag: 0.92.2rc1)
2012-09-13 17:58:27 +0000  (tag: 0.94.2RC0)
2012-08-29 14:49:33 +0000  (tag: 0.92.2rc0)
2012-08-09 08:34:06 +0000  (tag: 0.94.1mvn)
2012-08-09 08:33:48 +0000  (tag: 0.94.1mvn_prepare)
2012-08-09 08:05:13 +0000  (tag: 0.94.1mvn_perform)
2012-08-08 05:50:16 +0000  (tag: rel/0.94.1, tag: 0.94.1)
2012-07-24 21:04:44 +0000  (tag: 0.94.1RC1)
2012-07-17 03:09:44 +0000  (tag: 0.94.1RC0)
2012-05-30 18:17:13 +0000  (tag: 0.94.0mvn)
2012-05-30 18:17:09 +0000  (tag: 0.94.0mvnreleased2)
2012-05-17 19:37:24 +0000  (tag: rel/0.94.0, tag: 0.94.0)
2012-05-01 23:08:25 +0000  (tag: 0.94.0RC3)
2012-05-30 17:57:29 +0000  (tag: 0.94.0mvnrelease)
2012-04-18 23:23:57 +0000  (tag: 0.94.0RC2)
2012-04-14 02:19:29 +0000  (tag: 0.94.0RC1)
2012-03-28 00:40:32 +0000  (tag: 0.94.0RC0)
2012-03-19 17:49:56 +0000  (tag: rel/0.90.6, tag: 0.90.6)
2012-03-14 18:19:29 +0000  (tag: 0.90.6RC5)
2012-03-17 22:30:42 +0000  (tag: 0.92.1mvn)
2012-03-17 22:30:39 +0000  (tag: 0.92.1mvn3security)
2012-03-17 21:58:09 +0000  (tag: 0.92.1mvn2security)
2012-03-17 21:17:12 +0000  (tag: 0.92.1mvn1)
2012-03-17 20:57:01 +0000  (tag: 0.92.1mvn0)
2012-03-17 20:35:09 +0000  (tag: rel/0.92.1, tag: 0.92.1)
2012-03-09 19:19:03 +0000  (tag: 0.92.1RC0)
2012-03-06 18:33:53 +0000  (tag: 0.92.0mvn)
2012-03-06 18:33:51 +0000  (tag: 0.92.0mvn50)
2012-03-06 18:18:23 +0000  (tag: 0.92.0mvn40)
2012-03-06 18:13:29 +0000  (tag: 0.92.0mvn30)
2012-03-06 18:08:26 +0000  (tag: 0.92.0mvn20)
2012-03-06 07:23:05 +0000  (tag: 0.92.0mvn3)
2012-03-06 07:09:06 +0000  (tag: 0.92.0mvn2)
2012-03-06 07:00:28 +0000  (tag: 0.92.0mvn0)
2012-03-02 16:27:55 +0000  (tag: 0.92.0mvn21)
2012-03-01 23:03:12 +0000  (tag: 0.92.0mvn13)
2012-03-01 21:40:36 +0000  (tag: 0.92.0mvn12)
2012-03-01 21:28:54 +0000  (tag: 0.92.0mvn11)
2012-03-01 21:12:04 +0000  (tag: 0.92.0mvn10)
2012-02-23 19:02:43 +0000  (tag: 0.92.0mvn7)
2012-02-23 18:43:03 +0000  (tag: 0.92.0mvn6)
2012-02-23 18:11:00 +0000  (tag: 0.92.0mvn5)
2012-02-23 17:46:58 +0000  (tag: 0.92.0mvn4)
2012-02-19 07:19:41 +0000  (tag: HBASE-0.90.6-RC4)
2012-02-16 16:14:14 +0000  (tag: 0.92.0mvn_release)
2012-01-23 16:49:27 +0000  (tag: rel/0.92.0, tag: 0.92.0)
2012-01-17 20:00:19 +0000  (tag: 0.92.0rc4)
2012-01-16 23:56:17 +0000  (origin/0.92.0rc4)
2012-02-05 06:14:41 +0000  (tag: HBASE-0.90.6-RC3)
2012-02-05 06:05:21 +0000  (tag: hbase-0.90.6-RC3)
2012-01-29 10:51:55 +0000  (tag: hbase-0.90.6-rc2)
2012-01-26 09:32:39 +0000  (tag: hbase-0.90.6RC1)
2012-01-16 17:57:22 +0000  (tag: 0.90.6RC0)
2012-01-15 09:22:39 +0000  (tag: 0.90.6rc0)
2012-01-10 07:56:35 +0000  (tag: 0.92.0rc3)
2012-01-03 17:25:49 +0000  (tag: 0.90.5mvn)
2012-01-03 17:25:46 +0000  (tag: 0.90.5mvn2)
2011-12-23 04:12:21 +0000  (tag: rel/0.90.5, tag: 0.90.5)
2011-12-09 20:01:31 +0000  (tag: 0.90.5RC0)
2011-12-22 23:58:51 +0000  (tag: 0.92.0RC2)
2011-12-20 06:21:57 +0000  (tag: 0.92.0rc2)
2011-12-15 06:24:09 +0000  (tag: 0.92.0RC1)
2011-11-30 05:28:03 +0000  (tag: 0.92.0rc0)
2011-09-09 18:59:33 +0000  (tag: 0.90.4.mvn)
2011-09-09 18:59:31 +0000  (tag: 0.90.4.mvn2)
2011-08-10 15:26:15 +0000  (tag: rel/0.90.4, tag: 0.90.4)
2011-07-27 00:59:15 +0000  (tag: 0.90.4RC1)
2011-07-22 22:13:49 +0000  (tag: 0.90.4RC0)
2011-05-19 23:39:40 +0000  (tag: 0.90.3mvn)
2011-05-19 23:39:38 +0000  (tag: 0.90.3mvnrelease)
2011-05-19 18:05:58 +0000  (tag: rel/0.90.3, tag: 0.90.3)
2011-05-07 20:18:07 +0000  (tag: 0.90.3RC0)
2011-04-12 06:37:02 +0000  (tag: 0.90.2mvn)
2011-04-12 06:37:01 +0000  (tag: 0.90.2mvn3)
2011-04-11 22:20:00 +0000  (tag: 0.90.2mvn-step2)
2011-04-10 17:40:23 +0000  (tag: 0.90.2mvn-v2)
2011-04-08 04:05:44 +0000  (tag: rel/0.90.2, tag: 0.90.2)
2011-03-27 03:40:19 +0000  (tag: 0.90.2RC0-v2)
2011-02-18 01:37:19 +0000  (tag: rel/0.90.1, tag: 0.90.1)
2011-02-15 00:55:19 +0000  (tag: 0.90.1RC1)
2011-02-10 00:22:46 +0000  (tag: 0.90.1RC0)
2011-01-30 22:27:51 +0000  (tag: rel/0.90.0, tag: 0.90.0)
2011-01-29 05:42:26 +0000  (tag: 0.90.0mvn8)
2011-01-28 21:07:14 +0000  (tag: 0.90.0mvn7)
2011-01-27 23:55:32 +0000  (tag: 0.90.0mvn4)
2011-01-27 02:03:40 +0000  (tag: 0.90.0mvn3)
2011-01-25 00:22:38 +0000  (tag: 0.90.0mvn2)
2011-01-22 19:55:28 +0000  (tag: 0.90.0mvn)
2011-01-08 01:19:13 +0000  (tag: 0.90.0RC3)
2010-12-29 00:07:46 +0000  (tag: 0.90.0RC2)
2010-12-07 19:33:20 +0000  (tag: 0.90.0RC1)
2010-11-19 02:05:06 -0800  (tag: mvn-release-test-01)
2007-04-03 20:34:28 +0000 
2010-11-15 22:48:38 +0000  (tag: 0.90.0RC0)
2010-10-05 19:05:51 +0000  (tag: 0.89.20100924RC1)
2010-09-24 20:48:55 +0000  (origin/0.89.20100924)
2010-09-13 19:51:14 +0000  (tag: 0.89.20100830RC2)
2010-09-13 17:02:06 +0000  (origin/0.89.20100830)
2010-08-30 22:40:41 +0000  (tag: 0.89.20100830RC1)
2010-08-09 17:13:27 +0000  (tag: 0.89.20100726)
2010-07-31 21:07:51 +0000  (tag: 0.89.20100726RC2)
2010-07-30 17:38:41 +0000  (tag: rel/0.20.6, tag: 0.20.6)
2010-07-20 04:03:09 +0000  (tag: 0.20.6RC1)
2010-07-28 04:57:06 +0000  (tag: 0.89.20100726rc1)
2010-06-25 16:57:14 +0000  (tag: 0.89.20100621)
2010-06-24 15:04:36 +0000  (tag: 0.89.20100621-rc1)
2010-06-24 15:03:17 +0000  (origin/0.89.20100621)
2010-06-24 18:33:51 +0000  (tag: rel/0.20.5, tag: 0.20.5)
2010-06-22 21:57:40 +0000  (tag: 0.20.5RC5)
2010-06-24 14:53:14 +0000  (tag: 0.89.20100621-0.89.20100621-rc1)
2010-06-23 21:40:59 +0000  (tag: 0.89.20100621-rc0)
2010-06-22 00:10:46 +0000  (origin/0.89.0621)
2010-06-12 00:18:08 +0000  (tag: 0.20.5RC3)
2010-06-07 20:17:23 +0000  (tag: 0.20.5RC2)
2010-05-18 20:49:38 +0000  (tag: rel/0.1.0, tag: 0.1.0)
2010-05-18 20:49:38 +0000  (tag: rel/0.1.1, tag: 0.1.1)
2010-05-18 20:49:38 +0000  (tag: rel/0.1.2, tag: 0.1.2)
2010-05-18 20:49:38 +0000  (tag: rel/0.1.3, tag: 0.1.3)
2010-05-18 20:49:38 +0000  (tag: release-0.18.0, tag: rel/0.18.0, tag: 0.18.0)
2010-05-18 20:49:38 +0000  (tag: rel/0.18.1, tag: 0.18.1)
2010-05-18 20:49:38 +0000  (tag: rel/0.19.0, tag: 0.19.0)
2010-05-18 20:49:38 +0000  (tag: rel/0.19.1, tag: 0.19.1)
2010-05-18 20:49:38 +0000  (tag: 0.19.1RC1)
2010-05-18 20:49:38 +0000  (tag: rel/0.19.2, tag: 0.19.2)
2010-05-18 20:49:38 +0000  (tag: 0.19.3RC1)
2010-05-18 20:49:38 +0000  (tag: 0.19.4RC1)
2010-05-18 20:49:38 +0000  (tag: rel/0.20.0, tag: 0.20.0)
2010-05-18 20:49:38 +0000  (tag: 0.20.0-alpha)
2010-05-18 20:49:38 +0000  (tag: 0.20.0RC1)
2010-05-18 20:49:38 +0000  (tag: 0.20.0RC3)
2010-05-18 20:49:38 +0000  (tag: rel/0.20.1, tag: 0.20.1)
2010-05-18 20:49:38 +0000  (tag: 0.20.1RC2)
2010-05-18 20:49:38 +0000  (tag: rel/0.20.2, tag: 0.20.2)
2010-05-18 20:49:38 +0000  (tag: rel/0.20.3, tag: 0.20.3)
2010-05-18 20:49:38 +0000  (tag: 0.20.3RC1)
2010-05-18 20:49:38 +0000  (tag: 0.20.3RC2)
2010-05-18 20:49:38 +0000  (tag: rel/0.20.4, tag: 0.20.4)
2010-05-18 20:49:38 +0000  (tag: 0.20.4RC1)
2010-05-18 20:49:38 +0000  (tag: 0.20.4RC3)
2010-05-18 20:49:38 +0000  (tag: 0.20.4RC4)
2010-05-18 20:49:38 +0000  (tag: 0.20.4RC5)
2010-05-18 20:49:38 +0000  (tag: hbase-0.20.0-RC2)
2010-05-18 20:49:38 +0000  (tag: release-0.2.0)
2010-05-18 20:49:38 +0000  (tag: release-0.2.1)
2007-04-03 20:34:28 +0000 