2022-06-09 13:33:04 -0700  (tag: helix-1.0.4)
2022-04-14 21:44:07 -0700  (tag: helix-1.0.3)
2021-12-10 23:21:19 -0800  (tag: helix-0.9.10)
2021-11-17 10:14:56 -0800  (tag: helix-0.9.9)
2020-10-12 12:13:21 -0700  (tag: helix-0.9.8)
2020-05-11 16:05:26 -0700  (tag: helix-0.9.7)
2020-01-23 12:13:12 -0800  (origin/helix-0.9.4-release)
2020-01-21 18:54:26 -0800  (tag: helix-0.9.4)
2021-06-08 22:00:21 -0700  (tag: helix-1.0.2)
2020-07-15 13:09:22 -0700  (tag: helix-1.0.1)
2020-06-24 15:08:23 -0700  (tag: 1.0.1)
2020-05-04 16:12:53 -0700  (tag: helix-1.0.0)
2020-01-16 11:19:24 -0800  (tag: helix-0.9.3)
2020-01-21 10:42:18 -0800  (tag: helix-0.9.300)
2019-08-13 11:30:35 -0700  (tag: helix-0.9.1)
2019-08-01 16:21:27 -0700  (tag: helix-0.9.0.1)
2019-08-01 13:59:27 -0700  (tag: 0.9.0.1)
2019-06-02 17:56:06 -0700  (tag: helix-0.9.0)
2019-06-02 15:42:35 -0700  (tag: 0.9.0)
2019-02-28 15:40:22 -0800  (tag: helix-0.8.4)
2019-02-12 14:40:43 -0800  (tag: helix-0.8.3)
2018-07-25 12:17:43 -0700  (tag: helix-0.8.2)
2018-04-24 18:12:27 -0700  (tag: helix-0.8.1)
2018-01-31 12:04:05 -0800  (tag: helix-0.8.0)
2017-10-09 15:25:43 -0700  (tag: helix-0.6.9)
2017-06-12 11:51:38 -0700  (origin/helix-0.6.x)
2017-06-12 11:27:39 -0700  (tag: helix-0.6.8)
2017-01-19 15:11:05 -0800  (tag: helix-0.6.7)
2016-10-31 16:23:03 -0700  (tag: helix-0.6.6)
2015-03-18 23:19:00 -0700  (tag: helix-0.6.5)
2014-08-27 12:54:20 -0700  (tag: helix-0.6.4)
2014-03-17 10:29:17 -0700  (tag: helix-0.6.3)
2013-11-14 15:11:54 -0800  (tag: helix-0.6.2-incubating)
2014-08-28 16:36:19 -0700  (tag: helix-0.7.1)
2013-11-15 14:40:15 -0800  (tag: helix-0.7.0-incubating)
2013-05-07 21:45:30 -0700  (tag: helix-0.6.1-incubating)
2013-01-08 16:50:58 -0800  (tag: helix-0.6.0-incubating)
2011-06-21 18:56:46 -0700 