2022-03-24 10:17:40 -0400  (tag: release-3.1.3-rc3, tag: release-3.1.3-rc2, tag: rel/release-3.1.3, origin/branch-3.1)
2022-03-08 14:39:27 -0500  (tag: release-3.1.3-rc1)
2022-02-27 17:22:12 -0500  (tag: release-3.1.3-rc0)
2020-01-13 15:37:18 -0500  (tag: branch-3.1.3-rc0)
2022-03-22 11:02:22 +0100  (tag: rel/release-4.0.0-alpha-1, origin/branch-4.0.0-alpha-1)
2021-07-29 14:42:29 -0700  (tag: storage-release-2.8.1-rc2, tag: rel/storage-release-2.8.1)
2021-07-26 09:36:05 -0700  (tag: storage-release-2.8.1-rc1)
2021-07-23 10:45:24 -0700  (tag: storage-release-2.8.1-rc0)
2021-06-18 10:27:34 -0700  (tag: storage-release-2.8.0-rc0)
2021-06-07 19:16:03 +0100  (tag: storage-release-2.7.3-rc0)
2021-07-29 14:24:03 -0700  (tag: storage-release-2.7.3-rc2, tag: rel/storage-release-2.7.3)
2021-07-26 10:14:20 -0700  (tag: storage-release-2.7.3-rc1)
2020-05-05 07:28:35 -0700  (tag: storage-release-2.7.2-rc1, tag: rel/storage-release-2.7.2)
2021-06-01 13:53:10 -0700  (tag: release-2.3.9-rc0, tag: rel/release-2.3.9)
2021-01-06 11:42:19 -0800  (tag: release-2.3.8-rc3, tag: rel/release-2.3.8)
2020-12-14 09:23:14 -0800  (tag: release-2.3.8-rc2)
2020-12-09 14:41:41 -0800  (tag: release-2.3.8-rc1)
2020-12-07 10:41:43 -0800  (tag: release-2.3.8-rc0)
2020-04-07 12:39:28 -0700  (tag: rel/release-2.3.7)
2019-08-13 11:43:48 -0700  (tag: rel/release-2.3.6)
2019-05-07 15:33:14 -0700  (tag: release-2.3.5-rc0, tag: rel/release-2.3.5)
2018-10-31 14:19:11 -0700  (tag: rel/release-2.3.4)
2020-03-24 10:09:18 -0700  (tag: storage-release-2.7.2-rc0)
2019-11-26 16:02:07 -0800  (tag: rel/storage-release-2.7.1)
2018-07-12 15:53:28 -0700  (tag: storage-release-2.7.0-rc1, tag: rel/storage-release-2.7.0)
2020-01-13 15:23:02 -0500  (tag: branch-3.1.2-rc0)
2019-08-22 14:47:20 -0700  (tag: rel/release-3.1.2)
2019-08-21 16:25:51 -0700  (tag: release-3.1.2-rc0)
2018-10-23 17:18:35 -0700  (tag: rel/release-3.1.1)
2018-07-23 15:55:57 -0700  (tag: rel/release-3.1.0)
2018-07-06 14:02:38 -0700  (tag: storage-release-2.7.0-rc0)
2018-05-17 21:18:04 -0700  (tag: rel/standalone-metastore-release-3.0.0, tag: rel/release-3.0.0)
2018-05-08 11:40:57 -0700  (tag: rel/storage-release-2.6.1, origin/storage-branch-2.6)
2018-04-26 08:17:21 -0700  (tag: rel/storage-release-2.6.0)
2018-03-28 16:46:29 -0700  (tag: rel/release-2.3.3)
2017-11-09 09:00:00 -0800  (tag: rel/release-2.3.2)
2017-10-19 18:36:12 -0700  (tag: rel/release-2.3.1)
2017-07-13 22:30:02 -0700  (tag: rel/release-2.3.0)
2018-03-22 15:37:46 -0700  (tag: rel/storage-release-2.5.0)
2017-07-21 17:14:22 -0700  (tag: rel/release-2.2.0)
2017-07-10 23:36:29 -0700  (tag: rel/storage-release-2.4.0, origin/storage-branch-2.4)
2017-05-30 08:34:29 -0700  (tag: rel/storage-release-2.3.1)
2017-04-26 15:04:16 -0700  (tag: rel/storage-release-2.3.0)
2016-11-29 19:45:28 +0000  (tag: rel/release-2.1.1)
2016-06-17 00:47:37 +0100  (tag: rel/release-2.1.0)
2017-04-01 11:31:53 -0700  (tag: rel/release-1.2.2)
2015-06-19 01:49:55 -0700  (tag: release-1.2.1)
2015-05-14 17:59:07 -0700  (tag: release-1.2.0)
2017-02-16 10:40:54 -0800  (tag: rel/storage-release-2.2.1)
2017-01-09 08:49:15 -0800  (tag: rel/storage-release-2.2.0)
2016-05-03 21:02:05 -0700  (tag: release-2.0.1)
2016-02-09 19:55:29 -0600  (tag: release-2.0.0)
2015-11-29 16:53:20 -0600  (tag: master_2015_11_30)
2015-05-14 15:09:06 -0700  (tag: release-1.1.1)
2015-03-09 02:37:05 +0000  (tag: release-1.1.0)
2015-01-28 00:55:19 +0000  (origin/release-1.1)
2015-05-14 14:54:45 -0700  (tag: release-1.0.1, origin/branch-1.0.1)
2015-02-03 20:35:46 +0000  (tag: release-1.0.0)
2014-11-12 20:35:15 +0000  (tag: release-0.14.0)
2014-06-05 21:03:32 +0000  (tag: release-0.13.1)
2014-06-02 19:23:08 +0000  (origin/branch-0.13)
2014-04-19 00:44:52 +0000  (tag: release-0.13.0)
2013-10-01 02:52:09 +0000  (origin/vectorization)
2013-10-14 20:40:11 +0000  (tag: release-0.12.0)
2013-05-16 03:40:10 +0000  (tag: release-0.11.0)
2013-01-10 18:02:52 +0000  (tag: release-0.10.0)
2012-12-18 15:55:24 +0000  (origin/branch-0.10)
2012-04-27 21:33:09 +0000  (tag: release-0.9.0)
2012-01-30 18:51:18 +0000  (tag: release-0.8.1)
2012-01-25 01:24:44 +0000  (origin/branch-0.8-r2)
2011-12-16 00:54:18 +0000  (tag: release-0.8.0)
2011-06-17 04:33:51 +0000  (tag: release-0.7.1)
2011-06-15 05:25:05 +0000  (origin/branch-0.7)
2011-03-25 22:47:36 +0000  (tag: release-0.7.0)
2010-10-26 22:49:52 +0000  (tag: release-0.6.0)
2010-10-26 20:21:54 +0000  (tag: release-0.3.0)
2010-10-26 20:21:54 +0000  (tag: release-0.4.0)
2010-10-26 20:21:54 +0000  (tag: release-0.4.1)
2010-10-26 20:21:54 +0000  (tag: release-0.5.0)
2008-09-02 23:58:59 +0000 