2022-07-02 10:35:03 +0200  (tag: rel/v5.1.4, tag: 5.1.4-RC1)
2022-05-28 16:01:21 +0200  (tag: rel/v5.2-beta2, tag: 5.2-beta2-RC1)
2022-03-13 11:13:01 +0100  (tag: rel/v5.2-beta1, tag: 5.2-beta1-RC1)
2021-12-19 21:04:57 +0100  (tag: rel/v5.1.3, tag: 5.1.3-RC1)
2021-12-03 09:25:30 +0100  (tag: rel/v4.4.15, tag: 4.4.15-RC1)
2021-10-17 13:13:24 +0200  (tag: rel/v5.2-alpha2, tag: 5.2-alpha2-RC1)
2021-09-26 22:34:41 +0200  (tag: rel/v5.1.2, tag: 5.1.2-RC1)
2021-09-06 10:11:10 +0200  (tag: rel/v5.2-alpha1, tag: 5.2-alpha1-RC1)
2021-05-02 10:59:25 +0200  (tag: rel/v5.1.1, tag: 5.1.1-RC1)
2021-05-02 10:30:59 +0200  (tag: rel/v5.0.4, tag: 5.0.4-RC1)
2021-03-08 21:19:48 +0100  (tag: rel/v5.1, tag: 5.1-RC1)
2021-02-01 18:41:29 +0100  (tag: rel/v5.1-beta3, tag: 5.1-beta3-RC1)
2020-11-28 15:52:54 +0100  (tag: rel/v5.1-beta2, tag: 5.1-beta2-RC1)
2020-11-28 15:12:24 +0100  (tag: rel/v5.0.3)
2020-11-26 19:46:36 +0100  (tag: rel/v4.4.14, tag: 4.4.14-RC2)
2020-11-25 22:40:13 +0100  (tag: 4.4.14-RC1)
2020-09-15 15:42:43 +0200  (tag: rel/v5.1-beta1, tag: 5.1-beta1-RC1)
2020-09-09 10:14:54 +0200  (tag: rel/v5.0.2, tag: 5.0.2-RC1)
2020-06-05 10:29:51 +0200  (tag: rel/v5.0.1, tag: 5.0.1-RC1)
2020-02-12 11:13:57 +0100  (tag: rel/v5.0, tag: 5.0-RC1)
2020-01-09 13:55:50 +0100  (tag: rel/v4.4.13, tag: 4.4.13-RC1)
2020-01-04 12:34:17 +0100  (tag: rel/v5.0-beta11, tag: 5.0-beta11-RC1)
2019-10-28 09:09:14 +0100  (tag: rel/v5.0-beta10, tag: 5.0-beta10-RC1)
2019-10-01 09:14:12 +0200  (tag: rel/v5.0-beta9, tag: 5.0-beta9-RC1)
2019-09-01 13:20:59 +0200  (tag: rel/v4.4.12, tag: 4.4.12-RC1)
2019-07-11 16:40:30 +0200  (tag: rel/v5.0-beta8, tag: 5.0-beta8-RC2)
2019-06-06 14:46:39 +0200  (tag: 5.0-beta8-RC1)
2019-02-27 08:44:08 +0100  (tag: rel/v5.0-beta7, tag: 5.0-beta7-RC1)
2018-12-01 17:37:23 +0100  (tag: rel/v5.0-beta6, tag: 5.0-beta6-RC1)
2018-10-18 18:55:57 +0200  (tag: rel/v5.0-beta5, tag: 5.0-beta5-RC2)
2019-01-15 11:19:41 +0100  (tag: rel/v4.4.11, tag: 4.4.11-RC1)
2018-06-26 20:33:05 +0200  (tag: rel/v4.4.10, tag: 4.4.10-RC1)
2018-01-11 20:39:08 -0700  (tag: rel/v4.4.9, tag: 4.4.9-RC1)
2017-09-29 08:20:18 -0600  (tag: rel/v4.4.8, tag: 4.4.8-RC1)
2017-09-10 15:12:58 +0200  (tag: rel/v4.4.7, tag: 4.4.7-RC1)
2018-10-18 18:29:16 +0200  (tag: 5.0-beta5-RC1)
2018-10-15 11:03:51 +0200  (tag: rel/v5.0-beta4, tag: 5.0-beta4-RC1)
2018-08-26 19:47:31 +0200  (tag: rel/v5.0-beta3, tag: 5.0-beta3-RC1)
2018-01-11 22:46:12 +0100  (tag: rel/v5.0-beta2, tag: 5.0-beta2-RC1)
2017-11-02 11:19:51 +0100  (tag: rel/v5.0-beta1, tag: 5.0-beta1-RC1)
2017-08-28 14:14:01 +0200  (tag: rel/v5.0-alpha4, tag: 5.0-alpha4-RC1)
2017-05-01 08:30:40 +0000  (tag: rel/v5.0-alpha3)
2017-04-27 15:12:23 +0000  (tag: 5.0-alpha3-RC1)
2017-01-11 09:04:26 +0000  (tag: rel/v4.4.6)
2017-01-07 13:38:32 +0000  (tag: 4.4.6-RC1)
2016-12-27 09:11:07 +0000  (tag: rel/v5.0-alpha2)
2016-12-22 15:42:30 +0000  (tag: 5.0-alpha2-RC2)
2016-12-18 13:04:07 +0000  (tag: 5.0-alpha2-RC1)
2016-06-10 16:54:06 +0000  (tag: rel/v4.4.5)
2016-06-08 16:29:51 +0000  (tag: 4.4.5-RC1)
2015-12-24 17:54:32 +0000  (tag: rel/v5.0-alpha1)
2015-12-20 11:43:18 +0000  (tag: 5.0-alpha1-RC1)
2015-10-30 10:19:31 +0000  (tag: rel/v4.4.4)
2015-10-26 17:00:48 +0000  (tag: 4.4.4-RC1)
2015-09-09 08:10:11 +0000  (tag: rel/v4.4.3)
2015-09-04 18:32:24 +0000  (tag: 4.4.3-RC1)
2015-09-04 14:00:34 +0000  (tag: rel/v4.4.2)
2015-08-30 18:29:07 +0000  (tag: 4.4.2-RC2)
2015-08-23 10:02:15 +0000  (tag: 4.4.2-RC1)
2015-03-19 11:45:50 +0000  (tag: rel/v4.4.1)
2015-03-14 16:16:43 +0000  (tag: 4.4.1-RC1)
2014-12-17 08:29:08 +0000  (tag: rel/v4.4)
2014-12-14 12:13:19 +0000  (tag: 4.4-RC1)
2014-10-21 19:20:38 +0000  (tag: rel/v4.3.3)
2014-10-18 11:42:24 +0000  (tag: 4.3.3-RC1)
2014-09-21 17:32:46 +0000  (tag: rel/v4.4-beta1)
2014-09-18 07:37:40 +0000  (tag: 4.4-beta1-RC1)
2014-06-16 16:02:57 +0000  (tag: rel/v4.4-alpha1)
2014-06-11 13:45:37 +0000  (tag: 4.4-alpha1-RC1)
2014-02-16 14:54:07 +0000  (tag: rel/v4.3.2)
2014-02-12 20:34:58 +0000  (tag: 4.3.2-RC1)
2013-12-23 09:30:21 +0000  (tag: rel/v4.3.1)
2013-12-18 12:37:03 +0000  (tag: 4.3.1-RC1)
2013-08-03 11:48:54 +0000  (tag: rel/v4.3)
2013-07-29 15:03:12 +0000  (tag: 4.3-RC3)
2013-08-03 11:48:20 +0000  (tag: rel/v4.2.5)
2013-07-24 14:56:32 +0000  (tag: 4.2.5-RC2)
2013-07-24 14:55:59 +0000  (tag: 4.3-RC2)
2013-07-15 19:50:38 +0000  (tag: 4.3-RC1)
2013-07-15 19:46:36 +0000  (tag: 4.2.5-RC1)
2013-05-07 12:40:10 +0000  (tag: rel/v4.3-beta2)
2013-05-04 11:20:55 +0000  (tag: 4.3-beta2-RC1)
2013-03-23 20:20:05 +0000  (tag: rel/v4.2.4)
2013-03-20 10:35:02 +0000  (tag: 4.2.4-RC2)
2013-03-23 20:19:37 +0000  (tag: rel/v4.3-beta1)
2013-03-20 10:11:45 +0000  (tag: 4.3-beta1-RC2)
2013-03-19 15:51:06 +0000  (tag: 4.2.4-RC1)
2013-03-19 15:42:24 +0000  (tag: 4.3-beta1-RC1)
2012-11-27 21:34:18 +0000  (tag: rel/v4.3-alpha1)
2012-11-23 20:59:28 +0000  (tag: 4.3-alpha1-RC1)
2012-11-27 21:31:02 +0000  (tag: rel/v4.2.3)
2012-11-23 20:57:07 +0000  (tag: 4.2.3-RC1)
2012-09-21 16:09:00 +0000  (tag: rel/v4.2.2)
2012-09-18 19:41:36 +0000  (tag: 4.2.2-RC2)
2012-09-16 11:06:48 +0000  (tag: 4.2.2-RC1)
2012-06-13 16:16:12 +0000  (tag: rel/v4.2.1)
2012-06-10 15:05:52 +0000  (tag: 4.2.1-RC2)
2012-06-09 21:35:07 +0000  (tag: 4.2.1-RC1)
2012-05-04 18:17:00 +0000  (tag: rel/v4.2)
2012-05-01 12:09:02 +0000  (tag: 4.2-RC3)
2012-04-25 12:46:40 +0000  (tag: 4.2-RC2)
2012-04-24 15:12:05 +0000  (tag: rel/v4.1.4)
2011-12-19 20:04:04 +0000  (tag: 4.1.4-RC2)
2012-04-21 10:08:50 +0000  (tag: 4.2-RC1)
2012-01-28 11:07:27 +0000  (tag: rel/v4.2-beta1)
2012-01-24 20:34:17 +0000  (tag: 4.2-beta1-RC2)
2012-01-20 18:28:11 +0000  (tag: 4.2-beta1-RC1)
2011-12-18 16:09:56 +0000  (tag: 4.1.4-RC1)
2011-09-27 19:42:52 +0000  (tag: rel/v4.2-alpha2)
2011-09-18 14:57:36 +0000  (tag: 4.2-alpha2-RC1)
2011-09-27 19:42:26 +0000  (tag: rel/v4.2-alpha1)
2011-08-14 18:35:06 +0000  (tag: 4.2-alpha1-RC1)
2011-07-30 14:12:36 +0000  (tag: rel/v4.1.3)
2011-07-27 18:49:38 +0000  (tag: 4.1.3-RC1)
2011-07-27 18:03:58 +0000  (tag: httpcore-4.1.3-RC1)
2011-07-14 19:18:13 +0000  (tag: rel/v4.1.2)
2011-07-10 10:52:44 +0000  (tag: 4.1.2-RC1)
2011-05-17 19:45:25 +0000  (tag: rel/v4.1.1)
2011-05-13 11:07:07 +0000  (tag: 4.1.1-RC2)
2011-05-09 20:03:13 +0000  (tag: 4.1.1-RC1)
2011-02-14 20:29:41 +0000  (tag: 4.1-siteupdate)
2010-11-16 20:25:08 +0000  (tag: rel/v4.1)
2010-11-13 18:33:28 +0000  (tag: 4.1-RC1)
2010-08-28 11:23:01 +0000  (tag: rel/v4.1-beta2)
2010-08-24 19:33:03 +0000  (tag: 4.1-beta2-RC2)
2010-08-22 12:37:33 +0000  (tag: 4.1-beta2-RC1)
2010-03-28 09:44:11 +0000  (tag: rel/v4.1-beta1)
2009-09-06 10:31:04 +0000  (tag: rel/v4.1-alpha1)
2009-06-18 17:57:44 +0000  (tag: rel/v4.0.1)
2009-02-19 18:57:15 +0000  (tag: rel/v4.0)
2008-10-14 19:34:44 +0000  (tag: rel/v4.0-beta3)
2008-06-17 18:28:10 +0000  (tag: rel/v4.0-beta2)
2008-01-20 17:08:39 +0000  (tag: rel/v4.0-beta1)
2007-12-17 13:10:56 +0000  (tag: rel/v4.0-alpha1)
2007-12-17 13:10:56 +0000  (tag: rel/v4.0-alpha2)
2007-12-17 13:10:56 +0000  (tag: rel/v4.0-alpha3)
2007-12-17 13:10:56 +0000  (tag: rel/v4.0-alpha4)
2007-12-17 13:10:56 +0000  (tag: rel/v4.0-alpha5)
2007-12-17 13:10:56 +0000  (tag: rel/v4.0-alpha6)