2022-06-03 23:53:27 +0200  (tag: rel/v5.2-beta1, tag: 5.2-beta1-RC1)
2022-01-27 13:48:27 +0100  (tag: rel/v5.1.3, tag: 5.1.3-RC1)
2021-11-13 19:19:05 +0100  (tag: rel/v5.1.2, tag: 5.1.2-RC1)
2021-10-29 15:02:18 +0200  (tag: rel/v5.2-alpha1, tag: 5.2-alpha1-RC1)
2021-10-22 11:47:52 +0200  (tag: rel/v5.1.1, tag: 5.1.1-RC1)
2021-05-07 19:19:50 +0200  (tag: rel/v5.1, tag: 5.1-RC2)
2021-05-07 18:57:44 +0200  (tag: rel/v5.0.4, tag: 5.0.4-RC1)
2021-03-30 20:19:14 +0200  (tag: 5.1-RC1)
2021-02-07 15:19:34 +0100  (tag: rel/v5.1-beta1, tag: 5.1-beta1-RC1)
2020-10-03 17:52:27 +0200  (tag: rel/v5.0.3, tag: 5.0.3-RC1)
2020-10-03 16:45:08 +0200  (tag: rel/v4.5.13, tag: 4.5.13-RC1)
2020-09-23 19:00:20 +0200  (tag: rel/v5.0.2, tag: 5.0.2-RC1)
2020-06-08 19:23:50 +0200  (tag: rel/v5.0.1, tag: 5.0.1-RC1)
2020-03-04 13:43:57 +0100  (tag: rel/v4.5.12, tag: 4.5.12-RC1)
2020-02-19 09:45:49 +0100  (tag: rel/v5.0, tag: 5.0-RC1)
2020-01-23 14:34:51 +0100  (tag: rel/v5.0-beta7, tag: 5.0-beta7-RC1)
2020-01-15 11:26:26 +0100  (tag: rel/v4.5.11, tag: 4.5.11-RC1)
2019-10-06 10:57:50 +0200  (tag: rel/v5.0-beta6, tag: 5.0-beta6-RC1)
2019-09-05 13:36:00 +0200  (tag: rel/v4.5.10, tag: 4.5.10-RC1)
2019-07-18 12:30:16 +0200  (tag: rel/v5.0-beta5, tag: 5.0-beta5-RC1)
2019-04-03 10:41:53 +0200  (tag: rel/v5.0-beta4, tag: 5.0-beta4-RC1)
2018-12-11 10:14:12 +0100  (tag: rel/v5.0-beta3, tag: 5.0-beta3-RC1)
2018-10-23 15:40:37 +0200  (tag: rel/v5.0-beta2, tag: 5.0-beta2-RC1)
2018-01-15 13:30:04 +0100  (tag: rel/v5.0-beta1, tag: 5.0-beta1-RC1)
2017-11-19 12:54:30 +0100  (tag: rel/v5.0-alpha3, tag: 5.0-alpha3-RC1)
2019-06-07 15:22:58 +0200  (tag: rel/v4.5.9, tag: 4.5.9-RC1)
2019-03-26 09:20:41 +0100  (tag: rel/v4.5.8, tag: 4.5.8-RC1)
2019-01-20 15:21:13 +0100  (tag: 4.5.7-RC1, tag: 4.5.7)
2018-07-05 13:39:40 +0200  (tag: rel/v4.5.6, tag: 4.5.6-RC1)
2018-01-18 13:04:50 +0100  (tag: rel/v4.5.5, tag: 4.5.5-RC1)
2017-11-27 10:36:12 +0100  (tag: rel/v4.5.4, tag: 4.5.4-RC1)
2017-05-10 08:08:47 +0000  (tag: rel/v5.0-alpha2)
2017-05-07 17:59:46 +0000  (tag: 5.0-alpha2-RC1)
2017-01-26 09:51:47 +0000  (tag: rel/v4.5.3)
2017-01-21 15:36:33 +0000  (tag: 4.5.3-RC1)
2016-02-26 11:35:41 +0000  (tag: rel/v4.5.2)
2016-02-21 15:38:09 +0000  (tag: 4.5.2-RC1)
2016-01-23 10:13:19 +0000  (tag: rel/v5.0-alpha1)
2016-01-20 13:43:00 +0000  (tag: 5.0-alpha1-RC1)
2015-09-15 12:15:23 +0000  (tag: rel/v4.5.1)
2015-09-11 12:43:10 +0000  (tag: 4.5.1-RC1)
2015-06-04 08:32:13 +0000  (tag: rel/v4.5)
2015-05-31 10:51:33 +0000  (tag: 4.5-RC2)
2015-05-23 09:28:16 +0000  (tag: 4.5-RC1)
2015-03-30 15:05:56 +0000  (tag: rel/v4.4.1)
2015-03-24 15:27:11 +0000  (tag: 4.4.1-RC1)
2015-02-02 10:48:02 +0000  (tag: rel/v4.4)
2015-01-27 20:46:35 +0000  (tag: 4.4-RC2)
2015-01-24 11:52:23 +0000  (tag: 4.4-RC1)
2014-11-05 21:02:42 +0000  (tag: rel/v4.3.6)
2014-11-02 13:41:18 +0000  (tag: 4.3.6-RC1)
2014-09-26 07:34:22 +0000  (tag: rel/v4.4-beta1)
2014-09-22 14:23:50 +0000  (tag: 4.4-beta1-RC1)
2014-08-01 10:15:37 +0000  (tag: rel/v4.3.5)
2014-07-30 14:52:27 +0000  (tag: 4.3.5-RC1)
2014-06-30 08:19:48 +0000  (tag: rel/v4.4-alpha1)
2014-06-25 14:15:55 +0000  (tag: 4.4-alpha1-RC1)
2014-06-04 15:41:59 +0000  (tag: rel/v4.3.4)
2014-05-31 15:07:48 +0000  (tag: 4.3.4-RC1)
2014-02-26 04:24:48 +0000  (tag: rel/v4.3.3)
2014-02-21 22:27:01 +0000  (tag: 4.3.3-RC1)
2014-01-19 12:33:37 +0000  (tag: rel/v4.3.2)
2014-01-15 18:33:23 +0000  (tag: 4.3.2-RC1)
2013-10-07 09:41:07 +0000  (tag: rel/v4.3.1)
2013-10-03 19:08:37 +0000  (tag: 4.3.1-RC2)
2013-10-03 13:45:45 +0000  (tag: 4.3.1-RC1)
2013-09-09 19:31:17 +0000  (tag: rel/v4.3)
2013-09-04 18:00:59 +0000  (tag: 4.3-RC1)
2013-09-09 19:00:13 +0000  (tag: rel/v4.2.6)
2013-09-04 18:00:10 +0000  (tag: 4.2.6-RC2)
2013-08-31 17:14:08 +0000  (tag: 4.2.6-RC1)
2013-06-12 07:50:40 +0000  (tag: rel/v4.3-beta2)
2013-06-08 15:08:25 +0000  (tag: 4.3-beta2-RC1)
2013-04-23 11:53:37 +0000  (tag: rel/v4.2.5)
2013-04-19 16:38:32 +0000  (tag: 4.2.5-RC1)
2013-04-10 11:28:09 +0000  (tag: rel/v4.2.4)
2013-04-05 14:21:58 +0000  (tag: 4.2.4-RC1)
2013-04-10 11:27:27 +0000  (tag: rel/v4.3-beta1)
2013-04-05 14:32:15 +0000  (tag: 4.3-beta1-RC1)
2013-01-20 21:26:41 +0000  (tag: rel/v4.3-alpha1)
2013-01-16 17:24:45 +0000  (tag: 4.3-alpha1-RC1)
2013-01-14 20:51:21 +0000  (tag: rel/v4.2.3)
2013-01-10 21:59:46 +0000  (tag: 4.2.3-RC3)
2013-01-08 20:39:41 +0000  (tag: 4.2.3-RC2)
2013-01-06 17:29:05 +0000  (tag: 4.2.3-RC1)
2012-10-23 20:03:02 +0000  (tag: rel/v4.2.2)
2012-10-21 09:53:49 +0000  (tag: 4.2.2-RC1)
2012-07-03 08:44:54 +0000  (tag: rel/v4.2.1)
2012-06-29 19:36:39 +0000  (tag: 4.2.1-RC1)
2012-05-20 12:45:59 +0000  (tag: rel/v4.2)
2012-05-17 12:15:11 +0000  (tag: 4.2-RC2)
2012-05-13 15:22:22 +0000  (tag: 4.2-RC1)
2012-02-09 18:34:51 +0000  (tag: rel/v4.2-beta1)
2012-02-06 17:42:42 +0000  (tag: 4.2-beta1-RC1)
2012-02-06 17:13:49 +0000  (tag: rel/v4.1.3)
2012-02-02 11:41:02 +0000  (tag: 4.1.3-RC1)
2011-11-02 20:17:24 +0000  (tag: rel/v4.2-alpha1)
2011-10-30 15:43:02 +0000  (tag: 4.2-alpha1-RC1)
2011-08-04 19:23:21 +0000  (tag: rel/v4.1.2)
2011-07-29 21:53:06 +0000  (tag: 4.1.2-RC2)
2011-07-24 10:04:36 +0000  (tag: 4.1.2-RC1)
2011-03-19 19:55:33 +0000  (tag: rel/v4.1.1)
2011-03-14 20:54:03 +0000  (tag: 4.1.1-RC1)
2011-02-14 20:29:07 +0000  (tag: 4.1-siteupdate)
2011-01-21 09:46:50 +0000  (tag: rel/v4.1)
2011-01-17 20:00:07 +0000  (tag: 4.1-RC3)
2011-01-14 19:11:05 +0000  (tag: 4.1-RC2)
2011-01-14 11:54:29 +0000  (tag: 4.1-RC1)
2010-11-20 18:01:46 +0000  (tag: rel/v4.1-beta1)
2010-11-17 19:51:51 +0000  (tag: 4.1-beta1-RC2)
2010-11-13 17:52:36 +0000  (tag: 4.1-beta1-RC1)
2010-09-18 19:27:56 +0000  (tag: rel/v4.0.3)
2010-09-15 19:10:36 +0000  (tag: 4.0.3-RC1)
2010-09-06 19:40:29 +0000  (tag: rel/v4.0.2)
2010-09-02 20:33:38 +0000  (tag: 4.0.2-RC3)
2010-09-01 20:17:24 +0000  (tag: 4.0.2-RC2)
2010-08-29 11:18:30 +0000  (tag: 4.0.2-RC1)
2010-05-13 11:54:33 +0000  (tag: rel/v4.1-alpha2)
2009-12-04 09:48:21 +0000  (tag: rel/v4.1-alpha1)
2009-12-03 22:36:19 +0000  (tag: rel/v4.0.1)
2009-08-06 18:29:23 +0000  (tag: rel/v4.0)
2008-12-14 00:52:20 +0000  (tag: rel/v4.0-beta2)
2008-08-23 10:30:40 +0000  (tag: rel/v4.0-beta1)
2008-07-24 20:14:57 +0000  (tag: 4_0_API_FREEZE)
2008-05-04 16:20:09 +0000  (tag: rel/v4.0-alpha4)
2008-02-20 19:42:36 +0000  (tag: rel/v4.0-alpha3)
2007-12-17 13:47:40 +0000  (tag: rel/v4.0-alpha1)
2007-12-17 13:47:40 +0000  (tag: rel/v4.0-alpha2)