2022-08-16 09:27:37 +0530  (tag: release-0.12.0, origin/release-0.12.0)
2022-08-10 18:03:46 +0530  (tag: release-0.12.0-rc2)
2022-07-29 15:40:32 +0530  (tag: release-0.12.0-rc1)
2022-06-17 14:06:03 -0700  (tag: release-0.11.1, origin/release-0.11.1)
2022-06-11 14:53:10 -0700  (tag: release-0.11.1-rc2, origin/release-0.11.1-rc2)
2022-06-07 18:38:06 -0700  (tag: release-0.11.1-rc1, origin/release-0.11.1-rc1)
2022-04-29 09:39:30 +0800  (tag: release-0.11.0, origin/release-0.11.0)
2022-04-24 13:21:23 +0800  (tag: release-0.11.0-rc3)
2022-04-14 12:04:51 -0700  (tag: release-0.11.0-rc2)
2022-04-06 15:24:49 +0800  (tag: release-0.11.0-rc1)
2022-01-25 20:15:31 -0500  (tag: release-0.10.1, origin/release-0.10.1)
2022-01-19 18:05:51 -0500  (tag: release-0.10.1-rc2)
2022-01-13 07:46:40 -0500  (tag: release-0.10.1-rc1)
2021-12-08 10:31:31 +0800  (tag: release-0.10.0, origin/release-0.10.0)
2021-12-04 17:39:49 +0800  (tag: release-0.10.0-rc3)
2021-11-29 14:30:03 +0800  (tag: release-0.10.0-rc2)
2021-11-27 17:22:39 +0800  (tag: release-0.10.0-rc1)
2021-08-24 13:57:49 -0700  (tag: release-0.9.0, origin/release-0.9.0)
2021-08-20 13:45:17 -0700  (tag: release-0.9.0-rc2)
2021-08-15 17:04:03 -0400  (tag: release-0.9.0-rc1)
2021-04-02 17:19:07 +0800  (tag: release-0.8.0, origin/release-0.8.0)
2021-03-29 22:20:39 +0800  (tag: release-0.8.0-rc1)
2021-01-25 14:44:32 -0800  (tag: release-0.7.0)
2021-01-22 11:23:55 -0800  (tag: release-0.7.0-rc2)
2021-01-21 00:19:26 -0800  (tag: release-0.7.0-rc1)
2020-08-22 23:17:07 -0700  (tag: release-0.6.0)
2020-08-19 17:59:15 -0700  (tag: release-0.6.0-rc1)
2020-06-25 21:23:43 -0700  (tag: 0.5.3)
2020-06-10 15:00:29 -0400  (tag: release-0.5.3-rc2, tag: release-0.5.3)
2020-06-02 12:00:46 -0400  (tag: release-0.5.3-rc1)
2020-03-25 17:10:06 +0800  (tag: release-0.5.2-incubating)
2020-03-21 16:23:18 +0800  (tag: release-0.5.2-incubating-rc2)
2020-03-12 15:53:07 +0800  (tag: release-0.5.2-incubating-rc1, tag: 0.5.2-incubating-rc1)
2020-01-30 17:23:22 +0800  (tag: release-0.5.1-incubating)
2020-01-23 01:46:28 +0800  (tag: release-0.5.1-incubating-rc1)
2019-10-24 15:25:21 -0700  (tag: release-0.5.0-incubating, origin/release-0.5.0)
2019-10-16 03:32:57 -0700  (tag: release-0.5.0-incubating-rc6)
2019-10-04 09:24:35 -0700  (tag: release-0.5.0-incubating-rc5)
2019-10-03 09:15:39 -0700  (tag: release-0.5.0-incubating-rc4)
2019-10-01 13:59:00 -0700  (tag: release-0.5.0-incubating-rc3)
2019-09-17 12:43:23 -0700  (tag: release-0.5.0-incubating-rc2)
2019-09-13 14:00:08 -0700  (tag: release-0.5.0-incubating-rc1)
2019-05-28 19:17:15 -0700  (tag: hoodie-0.4.7)
2019-05-14 07:29:11 -0700  (tag: hoodie-0.4.6)
2019-05-30 22:46:40 -0700  (tag: hoodie-site-0.4.7)
2019-05-14 05:10:40 -0700  (tag: hoodie-site-0.4.6)
2019-02-27 07:16:15 -0800  (tag: hoodie-0.4.5)
2018-09-28 11:26:15 +0530  (tag: hoodie-0.4.4)
2018-08-22 21:29:53 -0700  (tag: hoodie-0.4.3)
2018-06-11 08:59:02 -0700  (tag: hoodie-0.4.2)
2018-03-07 21:04:00 -0800  (tag: hoodie-0.4.1)
2017-10-02 22:42:32 -0700  (tag: hoodie-0.4.0)
2017-08-15 22:34:38 -0700  (tag: hoodie-0.3.10)
2017-06-30 12:51:33 -0700  (tag: hoodie-0.3.9)
2017-06-16 10:59:58 -0700  (tag: hoodie-0.3.8)
2017-05-24 14:02:41 -0700  (tag: hoodie-0.3.7)
2017-04-27 11:00:45 -0700  (tag: hoodie-0.3.6)
2017-03-31 14:58:46 -0700  (tag: hoodie-0.3.5)
2017-05-09 10:59:16 -0700  (tag: hoodie-0.2.16)
2017-03-24 10:52:22 -0700  (tag: hoodie-0.2.15)
2017-03-24 11:28:47 -0700  (tag: hoodie-0.3.2)
2017-02-20 16:52:04 -0800  (tag: hoodie-0.3.0)
2017-02-20 16:08:45 -0800  (tag: hoodie-0.2.14)
2017-02-20 15:49:20 -0800  (tag: hoodie-0.2.13)
2017-02-20 15:35:03 -0800  (tag: hoodie-0.2.12)
2017-02-20 15:00:16 -0800  (tag: hoodie-0.2.11)
2017-01-10 22:27:28 -0800  (tag: hoodie-0.2.10)
2017-01-05 20:04:28 -0800  (tag: hoodie-0.2.9)
2017-01-05 19:43:25 -0800  (tag: hoodie-0.2.8)
2016-12-21 17:38:50 -0800  (tag: hoodie-0.2.7)
2016-12-21 16:48:30 -0800  (tag: hoodie-0.2.6)
2016-12-21 14:45:31 -0800  (tag: hoodie-0.2.5)
2016-12-16 14:03:59 -0800 