2022-04-20 16:11:41 +0300  (tag: 2.13.0-rc2, tag: 2.13.0)
2022-04-18 17:38:34 +0300  (tag: 2.13.0-rc1)
2021-12-13 15:07:23 +0300  (origin/beza2)
2022-01-08 12:11:22 +0300  (tag: 2.12.0-rc2, tag: 2.12.0)
2021-12-29 13:36:28 +0300  (tag: 2.12.0-rc1)
2021-12-20 13:37:27 +0300  (tag: 2.11.1-rc2, tag: 2.11.1)
2021-12-17 13:01:12 +0300  (tag: 2.11.1-rc1)
2021-09-11 20:15:14 +0300  (tag: 2.11.0-rc2, tag: 2.11.0)
2021-08-13 16:14:57 +0300  (tag: 2.11.0-rc1)
2021-03-11 01:40:47 +0300  (tag: 2.10.0-rc2, tag: 2.10.0)
2021-03-03 01:47:53 +0300  (tag: 2.10.0-rc1)
2020-12-22 08:32:06 -0800  (tag: 2.9.1)
2020-12-03 16:28:16 +0300  (tag: 2.9.1-rc1)
2020-10-15 09:56:23 +0300  (tag: 2.9.0-rc4, tag: 2.9.0)
2020-10-13 10:22:21 +0300  (tag: 2.9.0-rc3)
2020-10-03 15:49:12 +0300  (tag: 2.9.0-rc2)
2020-10-02 17:50:40 +0300  (tag: 2.9.0-rc1)
2020-09-28 10:59:09 +0300  (tag: 2.9.0-rc0)
2020-05-21 16:42:23 +0300  (tag: 2.8.1-rc1, tag: 2.8.1, origin/ignite-2.8.1)
2020-05-21 09:38:18 +0300  (tag: 2.8.1-rc0)
2020-02-26 21:02:46 +0300  (tag: 2.8.0-rc1, tag: 2.8.0, origin/ignite-2.8)
2019-02-18 17:42:07 +0300  (origin/ignite-11195-test)
2019-09-11 20:51:46 +0300  (tag: 2.7.6-rc2, tag: 2.7.6, origin/ignite-2.7.6)
2019-08-21 18:05:47 +0300  (tag: 2.7.6-rc1)
2019-08-18 18:02:16 +0300  (tag: 2.7.6-rc0)
2019-06-03 18:07:11 +0300  (tag: 2.7.5-rc4, tag: 2.7.5, origin/ignite-2.7.5)
2019-05-13 19:53:07 +0300  (tag: 2.7.5-rc3)
2019-04-24 19:56:04 +0300  (tag: 2.7.5-rc2)
2019-04-22 14:31:58 +0300  (tag: 2.7.5-rc1)
2018-11-30 20:03:26 +0000  (tag: 2.7.0-rc2, tag: 2.7.0)
2018-11-30 21:37:28 +0300  (origin/ignite-2.7)
2018-11-28 12:02:20 +0000  (tag: 2.7.0-rc1)
2018-11-17 15:19:16 +0300  (origin/ignite-2.7-perfix)
2018-11-06 20:17:40 +0000  (tag: 2.7.0-rc0)
2018-08-03 16:31:41 +0700  (origin/ignite-8446-master)
2018-07-10 10:48:38 +0000  (tag: 2.6.0-rc1, tag: 2.6.0)
2018-07-09 18:10:45 +0300  (origin/ignite-2.6)
2018-05-23 17:37:52 +0000  (tag: 2.5.0-rc1, tag: 2.5.0)
2018-05-23 20:12:35 +0300  (origin/ignite-2.5)
2018-03-05 10:28:14 +0000  (tag: 2.4.0-rc1, tag: 2.4.0)
2018-03-05 11:59:49 +0300  (origin/ignite-2.4)
2017-10-28 06:13:40 +0000  (tag: 2.3.0-rc2, tag: 2.3.0)
2017-10-27 16:11:58 +0000  (tag: 2.3.0-rc1)
2017-10-26 10:20:02 +0300  (origin/ignite-2.3)
2017-09-15 17:41:02 +0300  (tag: 2.2.0-rc2, tag: 2.2.0)
2017-09-15 11:30:47 +0300  (origin/ignite-2.2)
2017-09-11 14:17:38 +0300  (tag: 2.2.0-rc1)
2017-07-20 17:31:46 +0000  (tag: 2.1.0-rc4, tag: 2.1.0-rc3, tag: 2.1.0)
2017-07-20 15:01:11 +0300  (origin/ignite-2.1)
2017-07-17 14:31:52 +0000  (tag: 2.1.0-rc2)
2017-07-14 13:29:24 +0000  (tag: 2.1.0-TEST-rc1, tag: 2.1.0-TEST)
2017-07-13 13:58:04 +0000  (tag: 2.1.0-rc1)
2017-07-04 12:39:38 +0300 
2017-07-03 17:58:47 +0300  (origin/master-bak)
2017-06-27 12:27:45 +0300  (origin/ignite-5267)
2017-06-08 19:45:22 -0700  (origin/ignite-5368)
2017-05-27 17:19:24 +0300  (tag: qaoo_testtag_0606)
2017-04-30 11:44:32 +0300  (tag: 2.0.0-rc2, tag: 2.0.0)
2017-04-30 11:23:14 +0300  (origin/ignite-2.0)
2017-04-28 20:14:51 +0300  (tag: 2.0.0-rc1)
2017-04-19 14:22:00 +0300  (origin/ignite-4539)
2017-04-14 17:54:02 +0300  (origin/ignite-check-master)
2017-04-13 21:35:09 +0300 
2017-04-13 19:06:01 +0300  (tag: master-before-page-memory)
2017-03-14 17:41:41 +0300 
2016-12-21 19:43:36 +0300 
2016-08-11 19:25:57 +0300 
2016-05-04 11:31:59 -0700 
2016-04-29 20:01:27 +0300  (origin/ignite-db-x-gg-11124)
2016-04-30 20:20:39 -0700  (tag: ignite-db-proto-1)
2016-02-15 18:16:19 +0300  (origin/ignite-sql-store-idx-plus2, origin/ignite-db)
2016-02-12 19:15:02 +0300  (origin/sql-store-idx-plus2, origin/sql-store)
2017-04-19 11:54:40 +0300  (tag: 1.7.10)
2017-03-02 17:09:36 +0300  (tag: 1.9.0-rc2, tag: 1.9.0)
2017-03-02 15:57:21 +0300  (origin/ignite-1.9)
2017-02-28 17:46:29 +0300  (tag: 1.9.0-rc1)
2016-12-05 14:24:23 +0300  (tag: 1.8.0-rc1, tag: 1.8.0)
2016-12-02 17:17:42 +0300  (origin/ignite-1.8)
2016-08-10 12:04:49 +0300 
2016-08-04 18:37:37 +0300  (tag: 1.6.4)
2016-08-01 18:56:20 +0300  (tag: 1.7.0-rc1, tag: 1.7.0)
2016-08-01 14:17:55 +0300  (origin/ignite-1.7)
2016-06-13 17:52:39 -0700  (origin/ignite-3305)
2016-05-18 16:25:37 +0300  (tag: 1.6.0-rc1, tag: 1.6.0)
2015-12-30 09:57:01 +0300  (origin/ignite-1.5.1-2)
2015-12-29 13:39:42 +0300  (tag: 1.5.0.final-rc3, tag: 1.5.0.final)
2015-12-29 13:02:42 +0300  (origin/ignite-1.5)
2015-12-28 18:06:18 +0300  (tag: 1.5.0.final-rc2)
2015-12-25 10:40:19 +0300  (tag: 1.5.0.final-rc1)
2015-12-01 19:59:56 +0300  (tag: ignite-1.5.0-b1-rc1, tag: 1.5.0-b1)
2015-11-26 16:16:52 +0300  (origin/ignite-1.5-cache-get-opts)
2015-11-23 09:36:32 +0300  (origin/ignite-1.5-tx-futs-opts)
2015-10-22 15:47:03 +0300 
2015-10-21 12:37:57 +0300  (origin/ignite-1.4.1-p1)
2015-10-12 12:28:00 +0300 
2015-09-28 14:02:57 +0300  (origin/ignite-1.4.1)
2015-09-25 16:20:59 +0300  (tag: 1.4.1)
2015-09-25 16:01:40 +0300  (origin/ignite-1.4)
2015-09-24 18:41:03 +0300  (tag: ignite-1.4.0-rc1, tag: 1.4.0)
2015-09-01 14:44:47 -0700  (origin/ignite-1.3.3-p7)
2015-08-28 11:47:01 +0300  (tag: 1.3.3-p6)
2015-08-25 16:38:57 +0300  (tag: 1.3.3-p5)
2015-08-24 11:39:55 +0300  (tag: 1.3.3-p4)
2015-08-21 09:35:29 +0300  (tag: 1.3.3-p3)
2015-08-14 16:23:19 +0300  (tag: 1.3.3-p2)
2015-08-11 11:39:54 +0300  (tag: 1.3.3-p1)
2015-08-03 16:21:04 +0300  (tag: 1.3.3, origin/ignite-1.3.3)
2015-07-27 09:18:59 +0300  (tag: 1.3.3-rc1, origin/ignite-1.3.3-cpp)
2015-08-24 19:09:40 +0300  (tag: 1.3.2-p2)
2015-07-29 09:13:35 +0300  (origin/ignite-1165)
2015-07-17 00:05:31 -0700  (tag: 1.3.2)
2015-07-14 16:41:51 +0300  (tag: 1.3.1)
2015-07-10 17:57:34 +0300  (tag: ignite-1.3.0-incubating-rc2, tag: ignite-1.3.0-incubating)
2015-07-10 17:27:05 +0300  (tag: ignite-1.3.0-incubating-rc1)
2015-06-24 18:00:24 +0700 
2015-06-22 16:58:01 +0300  (tag: 1.1.4)
2015-06-18 15:54:59 +0300  (tag: 1.1.3)
2015-06-09 19:13:29 +0300 
2015-05-20 19:18:40 +0300  (tag: ignite-1.1.0-incubating-rc7, tag: ignite-1.1.0-incubating)
2015-03-30 23:41:24 -0700 
2015-03-03 17:29:49 -0800  (tag: release-1.0.0-RC1)
2015-06-16 19:38:15 +0300  (tag: ignite-1.2.0-incubating-rc2, tag: ignite-1.2.0-incubating)
2015-06-12 16:13:16 +0300  (tag: ignite-1.2.0-incubating-rc1)
2015-05-22 16:00:42 +0300  (origin/ignite-909)
2015-05-25 23:07:47 +0300  (tag: ignite-1.0.6-incubating)
2015-05-19 16:45:26 +0300  (tag: ignite-1.1.0-incubating-rc6)
2015-05-12 20:09:38 +0300  (tag: ignite-1.1.0-incubating-rc5)
2015-05-12 19:05:03 +0300  (tag: ignite-1.1.0-incubating-rc4)
2015-05-08 16:17:18 +0300  (tag: ignite-1.1.0-incubating-rc3)
2015-05-07 13:17:07 +0300  (tag: ignite-1.1.0-incubating-rc2)
2015-05-06 23:46:14 +0300  (tag: ignite-1.1.0-incubating-rc1)
2015-04-13 19:49:17 +0300  (tag: ignite-1.0.2)
2015-04-12 21:49:03 -0700  (tag: ignite-1.0.1)
2015-03-28 18:03:09 -0700  (tag: ignite-1.0.0)
2015-03-14 05:57:52 -0700  (tag: release-1.0.0-RC3)
2015-03-05 17:16:16 -0800  (tag: release-1.0.0-RC2)
2014-12-05 01:09:38 +0300 
2014-10-22 17:21:14 -0700 
2014-12-05 00:36:27 +0300 
2014-12-04 16:01:26 +0300 
2014-02-20 14:34:31 +0400 