2022-07-31 17:30:29 +0800  (tag: v0.13.1)
2022-07-08 16:38:09 +0800  (tag: v0.12.6)
2022-06-29 18:29:30 +0800  (tag: v0.14.0-preview1)
2022-06-26 12:07:53 +0800  (origin/old_cluster_standalone)
2022-06-29 10:08:32 +0800  (tag: v0.12.5.1)
2022-03-04 16:48:20 +0800  (tag: v0.12.5)
2021-12-21 19:29:12 +0800  (tag: v0.12.4)
2021-11-14 12:46:16 +0800  (tag: v0.12.3)
2021-09-07 16:33:24 +0000  (tag: v0.12.2)
2021-06-18 07:46:06 +0000  (tag: v0.12.1)
2021-04-05 17:28:26 +0000  (tag: v0.12.0)
2022-06-24 20:39:25 +0800  (tag: v0.13.0.1)
2022-03-17 16:44:06 +0800  (tag: v0.13.0, origin/release)
2021-06-15 03:47:07 +0000  (tag: v0.11.4)
2021-04-05 01:43:30 +0000  (tag: v0.11.3)
2021-01-16 07:40:23 +0000  (tag: release/0.11.2)
2020-12-08 14:38:27 +0800  (tag: release/0.11.1)
2020-11-20 10:20:32 +0800  (tag: release/0.11.0)
2020-08-07 22:00:02 +0800  (tag: release/0.10.1)
2020-06-17 14:13:45 +0800  (tag: release/0.10.0)
2020-05-07 11:35:23 +0800  (tag: release/0.9.3)
2020-04-16 22:03:01 +0800  (tag: release/0.9.2)
2019-12-30 19:41:03 +0800  (tag: release/0.9.1)
2019-11-23 18:15:38 +0800  (tag: release/0.9.0)
2019-12-03 20:28:33 +0800  (tag: release/0.8.2)
2019-11-13 15:42:22 +0800  (tag: release/0.8.1)
2019-09-29 22:06:25 +0800  (tag: release-0.8.1)
2019-08-06 16:26:28 +0200  (tag: release/0.8.0)
2019-02-27 23:25:17 +0800  (tag: 0.7.0-doc)
2017-05-07 14:50:07 +0800 