2022-08-21 14:12:20 +0100  (tag: isis-2.0.0-M8-RC1)
2022-08-20 11:05:28 +0100 
2022-08-11 17:59:20 +0200  (origin/ISIS-3041)
2022-08-17 10:18:09 +0200  (HEAD -> master)
2022-08-04 20:38:54 +0100  (origin/ISIS-3110)
2022-08-02 18:31:53 +0100  (origin/ISIS-3108)
2022-07-31 15:17:56 +0100  (origin/ISIS-3102)
2022-07-31 13:15:40 +0100  (origin/ISIS-3002)
2022-06-25 13:04:25 +0200  (origin/ISIS-3073)
2022-06-01 13:36:06 +0200  (origin/3049-ui-bugs)
2022-05-30 11:41:18 +0100  (origin/ISIS-3062)
2022-05-20 13:17:26 +0100  (origin/ISIS-2651)
2022-05-19 20:09:18 +0200  (origin/3059-SpringBoot_2_7_0)
2022-05-19 06:24:36 +0100  (origin/ISIS-3057)
2022-05-10 10:33:00 +0100  (origin/ISIS-3037)
2022-04-15 06:58:20 +0100  (origin/ISIS-3001)
2022-04-04 17:06:17 +0200  (origin/2877_value.comps)
2022-03-14 23:09:49 +0000  (origin/ISIS-2974)
2022-03-14 23:03:54 +0000  (origin/ISIS-2975)
2022-03-14 19:09:45 +0000  (tag: 2.0.0-M7.20220314.1909.ISIS-2975.7bd602dd)
2022-03-14 19:06:01 +0000  (tag: 2.0.0-M7.20220314.1906.ISIS-2975.1ee56b01)
2022-03-14 18:53:56 +0000  (tag: 2.0.0-M7.20220314.1853.ISIS-2975.5b15764d)
2022-03-09 13:34:47 +0100  (origin/2892_wicket9)
2022-02-28 22:44:04 +0000  (origin/site-gen)
2022-02-28 21:56:09 +0000  (origin/2.0.0-M7)
2022-02-24 18:22:06 +0000  (tag: rel/isis-2.0.0-M7)
2022-02-11 18:58:22 +0000 
2021-10-10 20:16:33 +0200  (origin/2.0.0-M6)
2022-01-22 15:24:30 +0100  (origin/ISIS-2878)
2021-10-26 07:24:10 +0200  (origin/2877_compound.value.types)
2021-09-29 15:04:42 +0200  (origin/ISIS-2872)
2021-09-06 23:03:03 +0100  (origin/ISIS-2867)
2021-10-07 20:01:42 +0100  (tag: 2.0.0-M6-site-build, origin/2.0.0-M6-site)
2021-08-22 17:40:26 +0100  (tag: rel/isis-2.0.0-M6)
2021-08-22 16:47:19 +0100 
2021-08-22 13:45:36 +0100  (origin/ISIS-2854-usermemento-refiner-circular-dependency)
2021-08-15 19:18:56 +0100  (tag: isis-2.0.0-M6-RC1)
2021-08-05 23:58:50 +0100  (origin/ISIS-2730)
2021-08-05 23:53:56 +0100  (origin/ISIS-2728)
2021-08-01 23:34:33 +0100  (origin/ISIS-2719)
2021-08-01 16:30:23 +0100  (origin/ISIS-2806)
2021-08-01 15:39:26 +0100  (origin/ISIS-2754)
2021-07-26 20:14:25 +0100  (origin/ISIS-2802)
2021-07-26 20:08:08 +0100  (origin/ISIS-2329)
2021-07-26 13:20:04 +0100  (origin/ISIS-2785)
2021-07-26 11:56:51 +0100  (origin/ISIS-2824)
2021-07-26 09:13:00 +0100  (origin/ISIS-2820)
2021-07-23 10:22:11 +0100  (origin/ISIS-2819)
2021-07-22 08:52:26 +0100  (origin/ISIS-2813)
2021-07-21 10:07:45 +0100  (origin/ISIS-2807-arch-tests)
2021-07-19 09:50:52 +0100  (origin/ISIS-2803-keycloak-rewrite)
2021-07-19 08:22:13 +0100  (origin/ISIS-2793-v2)
2021-07-17 07:52:33 +0100  (origin/ISIS-2801)
2021-07-06 22:45:47 +0100  (origin/ISIS-2789)
2021-07-04 20:03:54 +0100  (origin/ISIS-2775)
2021-07-04 19:13:39 +0100  (origin/ISIS-2776)
2021-07-04 17:13:48 +0100  (origin/ISIS-2790)
2021-06-29 07:22:25 +0100  (origin/ISIS-2733)
2021-06-29 06:58:13 +0100  (origin/ISIS-2779)
2021-06-28 19:33:35 +0100  (origin/ISIS-2734)
2021-06-28 17:22:00 +0100  (origin/ISIS-2773)
2021-06-28 16:39:42 +0100  (origin/ISIS-2778)
2021-06-28 14:45:42 +0100  (origin/ISIS-2777)
2021-06-28 06:43:39 +0100  (origin/ISIS-2772)
2021-06-27 18:07:51 +0100  (origin/ISIS-2771)
2021-06-25 16:36:26 +0100  (origin/ISIS-2767)
2021-06-25 16:03:08 +0100  (origin/ISIS-2769)
2021-06-24 07:28:51 +0100  (origin/ISIS-2764)
2021-06-24 05:49:06 +0100  (origin/ISIS-2763)
2021-06-23 14:35:51 +0100  (origin/ISIS-2762)
2021-06-20 20:35:43 +0100  (origin/ISIS-2758)
2021-06-19 15:44:11 +0100  (origin/ISIS-2757)
2021-06-19 07:31:28 +0100  (origin/ISIS-2755)
2021-06-19 06:00:50 +0100  (origin/ISIS-2753)
2021-06-18 20:04:06 +0100  (origin/ISIS-2750)
2021-06-18 17:26:11 +0100  (origin/ISIS-2751)
2021-06-17 11:56:31 +0100  (origin/ISIS-2478)
2021-06-17 11:09:50 +0100  (origin/ISIS-2746)
2021-06-14 12:01:52 +0200  (tag: 2.0.0-M5_before_new_facet_prec_logic)
2021-06-13 17:24:24 +0100  (origin/ISIS-2739)
2021-06-11 13:45:02 +0100  (origin/ISIS-2732)
2021-06-11 13:19:46 +0100  (origin/ISIS-2726)
2021-06-11 06:28:49 +0100  (origin/ISIS-2442)
2021-06-09 16:25:40 +0100  (origin/ISIS-2727)
2021-06-08 08:50:03 +0100  (origin/ISIS-2717)
2021-05-24 22:25:17 +0100  (origin/ISIS-2614)
2021-05-23 15:11:21 +0100 
2021-05-23 14:53:57 +0100  (origin/2.0.0-M5)
2021-05-21 06:59:55 +0100  (origin/ISIS-2644)
2021-05-14 07:33:37 +0100  (origin/ISIS-2619)
2021-04-14 19:19:50 +0100  (origin/ISIS-2550)
2021-04-10 18:28:30 +0100  (origin/ISIS-2605)
2021-04-05 11:26:44 +0100  (origin/ISIS-2594)
2021-03-31 13:48:37 +0100  (origin/ISIS-2484)
2021-03-24 11:18:27 +0000  (tag: rel/isis-2.0.0-M5)
2021-03-21 08:29:20 +0000  (origin/release-2.0.0-M5-RC1)
2021-03-20 15:32:32 +0000  (origin/ISIS-2444)
2021-03-20 12:15:23 +0000  (tag: isis-2.0.0-M5-RC1)
2021-01-31 14:50:23 +0100  (origin/ISIS-2476)
2021-01-28 09:09:28 +0000  (origin/ISIS-2443)
2021-01-17 19:00:53 +0000  (origin/ISIS-2486-jdo-jpa-module-rationalize)
2020-10-12 22:40:36 +0100  (tag: rel/isis-2.0.0-M4)
2020-10-04 11:34:44 +0100  (origin/ISIS-2322)
2020-10-02 08:45:01 +0200  (origin/ISIS-2222)
2020-04-08 18:17:42 +0200 
2020-04-08 16:12:54 +0200  (origin/ISIS-2324-Merge-kroviz)
2020-03-24 11:19:51 +0100 
2018-12-31 09:14:12 +0100 
2020-04-03 19:24:55 +0100  (origin/ISIS-2336)
2020-03-29 17:24:04 +0100  (origin/2.0.0-M3)
2020-03-19 15:07:59 +0000  (origin/release-2.0.0-M3-RC2)
2020-03-19 13:56:14 +0000  (tag: rel/isis-2.0.0-M3)
2020-03-18 22:57:14 +0000  (origin/release-2.0.0-M3-RC1)
2020-03-17 00:06:57 +0000  (origin/ISIS-2278)
2020-01-10 15:21:34 +0000  (origin/ISIS-2259)
2019-12-05 20:12:39 +0000  (origin/ISIS-2215)
2019-11-28 16:40:19 +0000  (origin/ISIS-2186)
2019-11-21 00:29:45 +0000  (origin/ISIS-2181)
2019-10-04 07:59:21 +0100  (origin/ISIS-2086)
2019-10-02 09:26:11 +0100  (origin/ISIS-2163)
2019-09-18 08:35:10 +0200  (origin/v2-antora)
2019-07-08 14:07:46 +0100  (origin/ISIS-2062-antora)
2019-05-07 10:18:54 +0200 
2019-05-02 07:27:33 +0100  (origin/ISIS-2001)
2019-04-28 15:45:18 +0200 
2019-04-28 12:19:54 +0100  (origin/ISIS-1999)
2019-01-14 15:21:37 +0000  (tag: rel/helloworld-archetype-2.0.0-M2)
2019-01-14 15:20:12 +0000  (tag: rel/simpleapp-archetype-2.0.0-M2)
2019-01-14 14:35:44 +0000  (tag: rel/isis-2.0.0-M2)
2019-01-03 18:11:41 +0000 
2019-01-02 10:09:50 +0000  (tag: rel/helloworld-archetype-1.17.0)
2019-01-02 10:06:33 +0000  (tag: rel/simpleapp-archetype-1.17.0)
2019-01-02 08:11:10 +0000  (tag: rel/isis-1.17.0)
2018-07-25 14:05:15 +0100  (tag: rel/helloworld-archetype-2.0.0-M1)
2018-07-25 11:12:36 +0100  (tag: rel/simpleapp-archetype-2.0.0-M1)
2018-07-25 09:15:33 +0100  (tag: rel/isis-2.0.0-M1)
2018-03-16 15:49:12 +0000  (tag: interim/isis-1.16.1.20180316-1549)
2018-03-13 07:09:14 +0000  (tag: interim/isis-1.16.2.20180313-0708)
2018-02-28 22:40:57 +0000  (tag: rel/helloworld-archetype-1.16.2)
2018-02-28 22:30:46 +0000  (tag: rel/simpleapp-archetype-1.16.2)
2018-02-28 13:55:02 +0000  (tag: rel/isis-1.16.2)
2018-02-28 11:18:05 +0000  (tag: interim/isis-1.16.1.20180228-1118)
2018-02-23 17:16:02 +0000  (tag: interim/isis-1.16.1.20180223-1715)
2018-02-18 16:27:08 +0000  (tag: rel/helloworld-archetype-1.16.1)
2018-02-18 16:19:45 +0000  (tag: rel/simpleapp-archetype-1.16.1)
2018-02-18 15:39:34 +0000  (tag: rel/isis-1.16.1)
2018-02-18 10:42:23 +0000  (tag: interim/isis-1.16.0.20180218-1042)
2018-02-12 17:38:25 +0000  (tag: interim/isis-1.16.0.20180212-1738)
2018-02-10 12:51:21 +0000  (tag: interim/isis-1.16.0.20180210-1251)
2018-02-08 17:54:36 +0000  (tag: interim/isis-1.16.0.20180208-1754)
2018-01-30 11:45:20 +0000  (tag: interim/isis-1.16.0.20180130-1145)
2018-01-29 23:25:16 +0000  (tag: interim/isis-1.16.0.20180129-2325)
2018-01-25 10:27:50 +0000  (tag: interim/isis-1.16.0.20180125-1027)
2018-01-24 15:24:30 +0000  (tag: interim/isis-1.16.0.20180124-1524)
2018-01-04 19:16:43 +0000  (tag: rel/helloworld-archetype-1.16.0)
2018-01-04 18:51:13 +0000  (tag: rel/simpleapp-archetype-1.16.0)
2018-01-04 18:02:30 +0000  (tag: rel/isis-1.16.0)
2018-01-04 19:42:45 +0000  (tag: interim/isis-1.15.1.20180104-1942)
2017-12-21 17:39:08 +0000  (tag: interim/isis-1.15.1.20171221-1739)
2017-12-20 13:35:04 +0000  (tag: interim/isis-1.15.1.20171220-1335)
2017-12-15 17:37:40 +0000  (tag: interim/isis-1.15.1.20171215-1737)
2017-12-13 14:05:45 +0000  (tag: interim/isis-1.15.1.20171213-1405)
2017-12-08 17:26:23 +0000  (tag: interim/isis-1.15.1.20171208-1726)
2017-12-07 15:57:36 +0000  (tag: interim/isis-1.15.1.20171207-1557)
2017-12-02 17:01:37 +0000  (tag: interim/isis-1.15.1.20171202-1701)
2017-12-01 11:18:52 +0000  (tag: interim/isis-1.15.1.20171201-1118)
2017-12-01 09:33:53 +0000  (tag: interim/isis-1.15.1.20171201-0933)
2017-11-29 23:50:28 +0000  (tag: interim/isis-1.15.1.20171129-2350)
2017-11-28 16:26:23 +0000  (tag: interim/isis-1.15.1.20171128-1626)
2017-11-27 18:28:59 +0000  (tag: interim/isis-1.15.1.20171127-1828)
2017-11-27 15:21:28 +0000  (tag: interim/isis-1.15.1.20171127-1521)
2017-11-27 12:45:52 +0000  (tag: interim/isis-1.15.1.20171127-1245)
2017-11-15 14:05:26 +0000  (tag: interim/isis-1.15.1.20171115-1405)
2017-10-29 18:40:48 +0000  (tag: interim/isis-1.15.1.20171029-1840)
2017-10-28 18:42:52 +0100  (tag: interim/isis-1.15.1.20171028-1842)
2017-10-25 17:49:09 +0100  (tag: interim/isis-1.15.1.20171025-1749)
2017-10-25 15:48:14 +0100  (tag: interim/isis-1.15.1.20171025-1548)
2017-09-22 00:29:57 +0100  (tag: rel/helloworld-archetype-1.15.1)
2017-09-22 00:06:21 +0100  (tag: rel/simpleapp-archetype-1.15.1)
2017-09-21 23:12:23 +0100  (tag: rel/isis-1.15.1)
2017-08-06 10:14:41 +0100  (tag: rel/helloworld-archetype-1.15.0)
2017-08-06 08:47:53 +0100  (tag: rel/simpleapp-archetype-1.15.0)
2017-08-06 07:35:12 +0100  (tag: rel/isis-1.15.0)
2017-02-16 00:19:19 +0000  (tag: rel/simpleapp-archetype-1.14.0)
2017-02-15 22:32:18 +0000  (tag: rel/isis-1.14.0)
2016-12-31 15:10:11 +0000  (tag: rel/simpleapp-archetype-1.13.2.1)
2016-12-10 18:20:00 +0000  (tag: rel/simpleapp-archetype-1.13.2)
2016-12-10 15:42:04 +0000  (tag: rel/isis-1.13.2)
2016-10-27 00:18:42 +0100  (tag: rel/simpleapp-archetype-1.13.1)
2016-10-26 22:50:36 +0100  (tag: rel/isis-1.13.1)
2016-07-08 10:43:59 +0100  (tag: rel/simpleapp-archetype-1.13.0)
2016-07-08 06:59:05 +0100  (tag: rel/isis-1.13.0)
2016-06-03 16:21:35 +0100  (tag: rel/simpleapp-archetype-1.12.2)
2016-06-03 14:22:49 +0100  (tag: rel/isis-1.12.2)
2016-04-09 07:14:47 +0100  (tag: rel/simpleapp-archetype-1.12.1)
2016-04-08 18:51:22 +0100  (tag: rel/isis-1.12.1)
2016-03-25 11:00:22 +0000  (tag: rel/simpleapp-archetype-1.12.0)
2016-03-25 09:42:30 +0000  (tag: rel/isis-1.12.0)
2016-01-10 15:28:17 +0000  (tag: rel/simpleapp-archetype-1.11.1)
2016-01-10 14:09:15 +0000  (tag: rel/isis-1.11.1)
2015-12-29 13:02:58 +0000  (tag: rel/simpleapp-archetype-1.11.0)
2015-12-29 10:13:15 +0000  (tag: rel/isis-1.11.0)
2015-11-07 00:31:41 +0000  (tag: rel/simpleapp-archetype-1.10.0)
2015-11-06 22:56:40 +0000  (tag: rel/isis-1.10.0)
2015-08-29 09:10:01 +0100  (tag: rel/simpleapp-archetype-1.9.0)
2015-08-29 08:27:31 +0100  (tag: rel/isis-1.9.0)
2015-02-20 20:44:43 +0000  (tag: rel/simpleapp-archetype-1.8.0)
2015-02-20 16:38:34 +0000  (tag: rel/isis-1.8.0)
2014-10-19 10:04:48 +0100 
2014-10-15 06:45:16 +0100  (tag: rel/isis-1.7.0)
2014-10-13 23:48:58 +0100  (tag: rel/todoapp-archetype-1.7.0)
2014-10-13 23:22:24 +0100  (tag: rel/simpleapp-archetype-1.7.0)
2014-10-13 22:08:12 +0100  (tag: rel/isis-viewer-wicket-1.7.0)
2014-07-25 08:26:27 +0100  (tag: rel/todoapp-archetype-1.6.0)
2014-07-25 08:21:09 +0100  (tag: rel/simpleapp-archetype-1.6.0)
2014-07-25 07:44:14 +0100  (tag: rel/isis-viewer-wicket-1.6.0)
2014-07-24 23:47:03 +0100  (tag: rel/isis-1.6.0)
2014-06-07 08:14:38 +0200 
2014-06-06 07:51:24 +0200  (tag: rel/quickstart_wicket_restful_jdo-archetype-1.5.0)
2014-06-06 07:46:17 +0200  (tag: rel/simple_wicket_restful_jdo-archetype-1.5.0)
2014-06-02 13:01:50 +0100  (tag: rel/isis-viewer-restfulobjects-2.3.0)
2014-06-02 12:50:55 +0100  (tag: rel/isis-security-shiro-1.5.0)
2014-06-02 12:21:38 +0100  (tag: rel/isis-viewer-wicket-1.5.0)
2014-06-02 11:28:02 +0100  (tag: rel/isis-objectstore-jdo-1.5.0)
2014-06-02 10:33:56 +0100  (tag: rel/isis-1.5.0)
2014-03-10 23:56:07 +0000  (tag: rel/quickstart_wicket_restful_jdo-archetype-1.4.1)
2014-03-10 23:41:15 +0000  (tag: rel/simple_wicket_restful_jdo-archetype-1.4.1)
2014-03-10 23:12:16 +0000  (tag: rel/isis-viewer-wicket-1.4.1)
2014-03-10 22:57:51 +0000  (tag: rel/isis-objectstore-jdo-1.4.1)
2014-03-06 17:32:21 +0000  (tag: rel/simple_wicket_restful_jdo-archetype-1.4.0)
2014-03-06 17:27:15 +0000  (tag: rel/quickstart_wicket_restful_jdo-archetype-1.4.0)
2014-03-06 16:02:04 +0000  (tag: rel/isis-viewer-restfulobjects-2.2.0)
2014-03-06 15:43:02 +0000  (tag: rel/isis-security-file-1.4.0)
2014-03-06 15:26:51 +0000  (tag: rel/isis-security-shiro-1.4.0)
2014-03-06 14:00:50 +0000  (tag: rel/isis-viewer-wicket-1.4.0)
2014-03-06 12:51:24 +0000  (tag: rel/isis-objectstore-jdo-1.4.0)
2014-03-06 11:00:40 +0000  (tag: rel/isis-1.4.0)
2013-10-22 00:37:49 +0100  (tag: rel/simple_wicket_restful_jdo-archetype-1.3.0)
2013-10-21 23:46:24 +0100  (tag: rel/quickstart_wicket_restful_jdo-archetype-1.3.0)
2013-10-21 22:51:11 +0100  (tag: rel/isis-security-shiro-1.3.0)
2013-10-21 22:28:27 +0100  (tag: rel/isis-viewer-restfulobjects-2.1.0)
2013-10-20 21:10:17 +0100  (tag: rel/isis-viewer-wicket-1.3.0)
2013-10-20 20:37:15 +0100  (tag: rel/isis-objectstore-jdo-1.3.0)
2013-10-20 12:13:01 +0100  (tag: rel/isis-1.3.0)
2013-05-27 07:36:13 +0100  (tag: rel/quickstart_wicket_restful_jdo-archetype-1.0.3)
2013-05-26 07:56:43 +0100  (tag: rel/isis-security-file-1.0.1)
2013-05-26 07:51:52 +0100  (tag: rel/isis-security-shiro-1.1.1)
2013-05-26 07:38:04 +0100  (tag: rel/isis-viewer-restfulobjects-2.0.0)
2013-05-25 22:38:39 +0100  (tag: rel/isis-viewer-wicket-1.2.0)
2013-05-25 22:24:31 +0100  (tag: rel/isis-objectstore-jdo-1.1.0)
2013-05-25 21:55:04 +0100  (tag: rel/isis-1.2.0)
2013-01-27 19:35:31 +0000  (tag: rel/quickstart_wicket_restful_jdo-archetype-1.0.2)
2013-01-27 18:35:28 +0000  (tag: rel/isis-viewer-wicket-1.1.0)
2013-01-27 17:43:03 +0000  (tag: rel/isis-security-shiro-1.1.0)
2013-01-27 16:44:45 +0000  (tag: rel/isis-1.1.0)
2013-01-10 18:53:38 +0000 
2013-01-07 10:00:07 +0000  (tag: rel/quickstart_wicket_restful_jdo-archetype-1.0.1)
2013-01-07 07:59:34 +0000  (tag: rel/isis-security-shiro-1.0.0)
2012-12-24 12:28:40 +0000 
2012-12-20 23:48:01 +0000  (tag: rel/quickstart_wicket_restful_jdo-archetype-1.0.0)
2012-12-20 20:40:19 +0000  (tag: rel/isis-1.0.0)
2012-12-24 12:27:22 +0000 
2012-12-20 18:15:39 +0000  (tag: rel/isis-viewer-restfulobjects-1.0.0)
2012-12-24 12:27:12 +0000 
2012-12-20 16:15:28 +0000  (tag: rel/isis-viewer-wicket-1.0.0)
2012-12-24 12:27:00 +0000 
2012-12-20 16:05:38 +0000  (tag: rel/isis-security-file-1.0.0)
2012-12-20 15:48:30 +0000  (tag: rel/isis-objectstore-jdo-1.0.0)
2012-11-07 06:00:43 +0000  (tag: rel/isis-0.1.2-incubating)
2012-11-07 06:00:43 +0000  (tag: rel/isis-0.2.0-incubating)
2004-07-30 11:02:50 +0000 