2022-07-15 10:11:49 +0530  (tag: jackrabbit-oak-1.22.12)
2022-02-22 11:11:09 +0530  (tag: jackrabbit-oak-1.22.11)
2022-01-20 13:08:01 +0530  (tag: jackrabbit-oak-1.22.10)
2021-10-06 13:59:11 +0530  (tag: jackrabbit-oak-1.22.9)
2021-07-14 18:05:12 +0300  (tag: jackrabbit-oak-1.22.8)
2022-07-12 16:13:18 +0200  (tag: jackrabbit-oak-1.44.0)
2022-06-15 15:07:57 +0200  (origin/OAK-9804)
2022-05-25 17:32:42 +0200  (origin/OAK-9775)
2022-05-19 09:30:51 +0200 
2022-05-18 18:06:28 +0200  (origin/OAK-9772)
2022-05-18 16:03:32 +0200 
2022-05-18 14:30:38 +0200  (origin/OAK-9614)
2022-05-17 15:52:40 +0200  (origin/OAK-9758)
2022-04-08 11:56:44 +0200  (origin/OAK-9749)
2022-04-01 09:38:09 +0200 
2022-03-31 17:24:23 +0200  (origin/OAK-9743-b)
2022-03-31 16:19:29 +0200  (origin/OAK-9741)
2022-03-24 16:50:59 +0100  (origin/OAK-9737)
2022-02-07 09:15:13 +0100  (origin/OAK-9681-b)
2022-01-31 22:36:51 +0530  (origin/feature/OAK-9680_SAS-uri-support)
2022-01-14 10:09:22 +0100 
2022-01-12 19:28:00 +0100  (origin/OAK-9663)
2022-01-12 16:22:08 +0100  (origin/OAK-9664)
2022-01-06 15:13:33 +0100  (origin/OAK-9653)
2022-03-11 21:06:52 +0530  (tag: jackrabbit-oak-1.6.23)
2021-11-15 12:49:25 +0100  (tag: jackrabbit-oak-1.6.22)
2022-02-01 12:48:24 +0530  (tag: jackrabbit-oak-1.8.26)
2021-11-01 12:56:21 +0530  (tag: jackrabbit-oak-1.8.25)
2022-01-06 12:30:47 +0100  (tag: jackrabbit-oak-1.42.0)
2022-01-03 15:34:46 +0100  (origin/OAK-9652)
2021-12-15 15:54:18 +0100 
2021-12-14 12:14:39 +0100  (origin/OAK-9625)
2021-12-14 11:44:46 +0100  (origin/OAK-9639)
2021-11-06 16:00:16 +0100  (origin/OAK-9616)
2021-11-05 12:17:20 +0100  (origin/OAK-9613)
2021-10-21 14:58:15 +0200  (origin/OAK-9559)
2021-10-14 17:52:35 +0200  (origin/OAK-9599)
2021-10-13 12:41:35 +0200 
2021-10-06 17:52:18 +0200  (origin/OAK-9595)
2021-10-04 17:01:49 +0200  (origin/OAK-9590)
2021-08-19 16:00:29 +0200  (origin/OAK-9540)
2021-08-06 13:24:16 +0200  (origin/issues/OAK-9522)
2021-06-24 16:00:32 +0200  (origin/OAK-9462)
2021-06-23 14:14:17 +0200  (origin/test, origin/OAK-9457)
2021-05-28 12:45:42 +0000  (tag: jackrabbit-oak-1.40.0)
2021-05-28 08:27:48 +0000  (tag: jackrabbit-oak-1.6.21)
2021-04-09 08:16:46 +0000  (tag: jackrabbit-oak-1.22.7)
2021-01-22 12:42:35 +0000  (tag: jackrabbit-oak-1.38.0)
2021-01-15 08:13:37 +0000  (tag: jackrabbit-oak-1.22.6)
2020-12-03 06:31:58 +0000  (tag: jackrabbit-oak-1.8.24)
2020-11-10 15:59:30 +0000  (tag: jackrabbit-oak-1.36)
2020-10-06 14:57:40 +0000  (tag: jackrabbit-oak-1.22.5)
2020-09-07 16:07:02 +0000  (tag: jackrabbit-oak-1.34.0)
2020-08-24 11:11:24 +0000  (tag: jackrabbit-oak-1.8.23)
2020-07-13 09:43:45 +0000  (tag: jackrabbit-oak-1.22.4)
2020-07-10 07:23:38 +0000  (tag: jackrabbit-oak-1.32.0)
2020-05-22 10:10:05 +0000  (tag: jackrabbit-oak-1.30.0)
2020-05-19 17:03:22 +0000  (tag: jackrabbit-oak-1.28.0)
2020-05-19 08:07:04 +0000  (tag: jackrabbit-oak-1.8.22)
2020-04-15 12:48:25 +0000  (tag: jackrabbit-oak-1.22.3)
2020-03-19 19:52:36 +0000  (tag: jackrabbit-oak-1.26.0)
2020-03-17 18:47:44 +0000  (tag: jackrabbit-oak-1.8.21)
2020-03-11 07:11:40 +0000  (tag: jackrabbit-oak-1.22.2)
2020-02-17 11:19:44 +0000  (tag: jackrabbit-oak-1.4.26)
2020-02-08 13:35:53 +0000  (tag: jackrabbit-oak-1.22.1)
2020-02-06 10:45:36 +0000  (tag: test)
2020-01-13 07:17:42 +0000  (tag: jackrabbit-oak-1.22.0)
2020-01-31 07:51:41 +0000  (tag: jackrabbit-oak-1.6.20)
2020-01-28 18:37:34 +0000  (tag: jackrabbit-oak-1.8.20)
2020-01-24 20:16:43 +0000  (tag: jackrabbit-oak-1.10.8)
2020-01-24 16:47:05 +0000  (tag: jackrabbit-oak-1.24.0)
2020-01-18 10:03:04 +0000  (tag: jackrabbit-oak-1.8.19)
2020-01-14 06:01:53 +0000  (tag: jackrabbit-oak-1.4.25)
2020-01-07 12:58:13 +0000  (tag: jackrabbit-oak-1.6.19)
2019-12-09 04:51:58 +0000  (tag: jackrabbit-oak-1.10.7)
2019-11-26 05:56:04 +0000  (tag: jackrabbit-oak-1.8.18)
2019-11-19 20:28:41 +0000  (tag: jackrabbit-oak-1.20.0)
2019-11-07 08:55:52 +0000  (tag: jackrabbit-oak-1.10.6)
2019-10-09 12:24:24 +0000  (tag: jackrabbit-oak-1.6.18)
2019-09-25 05:16:13 +0000  (tag: jackrabbit-oak-1.18.0)
2019-09-13 04:05:16 +0000  (tag: jackrabbit-oak-1.10.5)
2019-09-12 05:17:57 +0000  (tag: jackrabbit-oak-1.8.17)
2019-08-26 05:53:46 +0000  (tag: jackrabbit-oak-1.8.16)
2019-08-12 07:58:05 +0000  (tag: jackrabbit-oak-1.10.4)
2019-07-24 04:29:23 +0000  (tag: jackrabbit-oak-1.16.0)
2019-07-10 09:52:19 +0000  (tag: jackrabbit-oak-1.8.15)
2019-07-09 10:06:10 +0000  (tag: jackrabbit-oak-1.10.3)
2019-07-01 11:40:56 +0000  (tag: jackrabbit-oak-1.8.14)
2019-06-05 15:05:55 +0000  (tag: jackrabbit-oak-1.14.0)
2019-05-08 10:32:45 +0000  (tag: jackrabbit-oak-1.8.13)
2019-04-09 14:26:40 +0000  (tag: jackrabbit-oak-1.12.0)
2019-04-08 14:28:28 +0000  (tag: jackrabbit-oak-1.6.17)
2019-03-18 12:11:53 +0000  (tag: jackrabbit-oak-1.10.2)
2019-03-11 14:39:31 +0000  (tag: jackrabbit-oak-1.2.31)
2019-03-11 11:43:41 +0000  (tag: jackrabbit-oak-1.8.12)
2019-02-24 14:50:14 +0000  (tag: jackrabbit-oak-1.10.1)
2019-01-14 14:33:39 +0000  (tag: jackrabbit-oak-1.8.11)
2019-01-12 01:07:25 +0000  (tag: jackrabbit-oak-1.10.0)
2019-01-11 22:23:15 +0000  (tag: jackrabbit-oak-1.6.16)
2019-01-08 11:17:13 +0000  (tag: jackrabbit-oak-1.4.24)
2018-12-17 14:18:12 +0000  (tag: jackrabbit-oak-1.8.10)
2018-12-10 16:16:27 +0000  (tag: jackrabbit-oak-1.9.13)
2018-11-26 13:24:43 +0000  (tag: jackrabbit-oak-1.9.12)
2018-11-14 10:36:45 +0000  (tag: jackrabbit-oak-1.6.15)
2018-11-12 13:51:33 +0000  (tag: jackrabbit-oak-1.9.11)
2018-11-05 11:13:45 +0000  (tag: jackrabbit-oak-1.8.9)
2018-11-01 11:52:35 +0000  (tag: jackrabbit-oak-1.9.10)
2018-10-09 10:45:00 +0000  (tag: jackrabbit-oak-1.9.9)
2018-09-26 13:29:43 +0000  (tag: jackrabbit-oak-1.4.23)
2018-09-25 10:05:09 +0000  (tag: jackrabbit-oak-1.8.8)
2018-09-12 09:07:13 +0000  (tag: jackrabbit-oak-1.6.14)
2018-09-11 13:15:16 +0000  (tag: jackrabbit-oak-1.2.30)
2018-08-29 09:22:09 +0000  (tag: jackrabbit-oak-1.8.7)
2018-08-28 12:34:53 +0000  (tag: jackrabbit-oak-1.9.8)
2018-08-13 13:34:37 +0000  (tag: jackrabbit-oak-1.9.7)
2018-07-31 13:49:16 +0000  (tag: jackrabbit-oak-1.8.6)
2018-07-25 04:10:40 +0000  (tag: jackrabbit-oak-1.6.13)
2018-07-18 13:23:56 +0000  (tag: jackrabbit-oak-1.9.6)
2018-07-03 14:47:18 +0000  (tag: jackrabbit-oak-1.8.5)
2018-07-03 11:01:43 +0000  (tag: jackrabbit-oak-1.9.5)
2018-06-25 14:05:39 +0000  (tag: jackrabbit-oak-1.4.22)
2018-06-18 13:54:09 +0000  (tag: jackrabbit-oak-1.9.4)
2018-06-05 13:42:56 +0000  (tag: jackrabbit-oak-1.9.3)
2018-06-04 20:40:16 +0000  (tag: jackrabbit-oak-1.8.4)
2018-05-28 13:39:52 +0000  (tag: jackrabbit-oak-1.6.12)
2018-05-21 11:32:29 +0000  (tag: jackrabbit-oak-1.9.2)
2018-05-11 13:51:43 +0000  (tag: jackrabbit-oak-1.8.3)
2018-05-10 19:43:07 +0000  (tag: jackrabbit-oak-1.9.1)
2018-04-23 11:44:06 +0000  (tag: jackrabbit-oak-1.9.0)
2018-04-04 05:20:37 +0000  (tag: jackrabbit-oak-1.6.11)
2018-03-27 13:32:29 +0000  (tag: jackrabbit-oak-1.4.21)
2018-03-20 14:47:54 +0000  (tag: jackrabbit-oak-1.0.42)
2018-03-12 05:14:28 +0000  (tag: jackrabbit-oak-1.2.29)
2018-03-05 13:11:34 +0000  (tag: jackrabbit-oak-1.6.10)
2018-02-13 13:46:52 +0000  (tag: jackrabbit-oak-1.4.20)
2018-02-07 11:28:23 +0000  (tag: jackrabbit-oak-1.6.9)
2018-02-06 11:20:10 +0000  (tag: jackrabbit-oak-1.8.2)
2018-01-22 15:12:36 +0000  (tag: jackrabbit-oak-1.8.1)
2018-01-18 17:27:28 +0000  (tag: jackrabbit-oak-1.0.41)
2018-01-16 04:12:29 +0000  (tag: jackrabbit-oak-1.2.28)
2018-01-09 20:50:27 +0000  (tag: jackrabbit-oak-1.6.8)
2018-01-09 11:21:52 +0000  (tag: jackrabbit-oak-1.8.0)
2018-01-05 05:15:29 +0000  (tag: jackrabbit-oak-1.0.40)
2018-01-04 11:45:25 +0000  (tag: jackrabbit-oak-1.4.19)
2017-12-20 17:21:16 +0000  (tag: jackrabbit-oak-1.7.14)
2017-12-19 15:45:33 +0000  (tag: jackrabbit-oak-1.7.13)
2017-12-04 19:38:58 +0000  (tag: jackrabbit-oak-1.7.12)
2017-11-28 08:57:11 +0000  (tag: jackrabbit-oak-1.6.7)
2017-11-07 12:05:54 +0000  (tag: jackrabbit-oak-1.7.11)
2017-10-30 08:25:03 +0000  (tag: jackrabbit-oak-1.6.6)
2017-10-23 15:42:28 +0000  (tag: jackrabbit-oak-1.7.10)
2017-10-09 21:22:41 +0000  (tag: jackrabbit-oak-1.7.9)
2017-09-25 19:23:40 +0000  (tag: jackrabbit-oak-1.7.8)
2017-09-11 10:42:27 +0000  (tag: jackrabbit-oak-1.7.7)
2017-09-04 13:20:28 +0000  (tag: jackrabbit-oak-1.6.5)
2017-08-30 08:30:57 +0000  (tag: jackrabbit-oak-1.4.18)
2017-08-22 06:06:12 +0000  (tag: jackrabbit-oak-1.7.6)
2017-08-16 04:22:02 +0000  (tag: jackrabbit-oak-1.6.4)
2017-08-15 16:55:28 +0000  (tag: jackrabbit-oak-1.0.39)
2017-08-02 03:45:08 +0000  (tag: jackrabbit-oak-1.2.27)
2017-07-31 10:02:19 +0000  (tag: jackrabbit-oak-1.7.5)
2017-07-19 10:39:45 +0000  (tag: jackrabbit-oak-1.7.4)
2017-07-17 09:59:18 +0000  (tag: jackrabbit-oak-1.4.17)
2017-07-12 09:08:22 +0000  (tag: jackrabbit-oak-1.6.3)
2017-07-03 11:33:39 +0000  (tag: jackrabbit-oak-1.7.3)
2017-06-19 10:51:44 +0000  (tag: jackrabbit-oak-1.7.2)
2017-06-12 13:23:09 +0000  (tag: jackrabbit-oak-1.6.2)
2017-06-06 11:16:07 +0000  (tag: jackrabbit-oak-1.7.1)
2017-06-05 08:48:07 +0000  (tag: jackrabbit-oak-1.4.16)
2017-06-05 04:47:24 +0000  (tag: jackrabbit-oak-1.2.26)
2017-05-24 13:14:14 +0000  (tag: jackrabbit-oak-1.7.0)
2017-04-11 05:29:46 +0000  (tag: jackrabbit-oak-1.2.25)
2017-04-03 10:37:45 +0000  (tag: jackrabbit-oak-1.4.15)
2017-03-28 11:48:06 +0000  (tag: jackrabbit-oak-1.0.38)
2017-03-06 15:27:08 +0000  (tag: jackrabbit-oak-1.4.14)
2017-03-06 04:57:41 +0000  (tag: jackrabbit-oak-1.2.24)
2017-03-02 12:15:15 +0000  (tag: jackrabbit-oak-1.6.1)
2017-02-16 14:34:05 +0000  (tag: jackrabbit-oak-1.0.37)
2017-02-07 04:00:58 +0000  (tag: jackrabbit-oak-1.4.13)
2017-01-30 20:43:59 +0000  (tag: jackrabbit-oak-1.6.0)
2017-01-18 15:23:42 +0000  (tag: jackrabbit-oak-1.5.18)
2017-01-10 10:42:46 +0000  (tag: jackrabbit-oak-1.4.12)
2017-01-10 04:09:04 +0000  (tag: jackrabbit-oak-1.2.23)
2017-01-04 13:00:51 +0000  (tag: jackrabbit-oak-1.5.17)
2017-01-03 09:41:12 +0000  (tag: jackrabbit-oak-1.0.36)
2016-12-19 06:09:10 +0000  (tag: jackrabbit-oak-1.5.16)
2016-12-12 11:40:39 +0000  (tag: jackrabbit-oak-1.4.11)
2016-12-12 04:20:48 +0000  (tag: jackrabbit-oak-1.2.22)
2016-12-08 11:43:25 +0000  (tag: jackrabbit-oak-1.5.15)
2016-11-21 13:52:03 +0000  (tag: jackrabbit-oak-1.5.14)
2016-11-15 05:53:10 +0000  (tag: jackrabbit-oak-1.2.21)
2016-11-14 09:36:02 +0000  (tag: jackrabbit-oak-1.0.35)
2016-11-10 11:44:49 +0000  (tag: jackrabbit-oak-1.4.10)
2016-11-08 14:57:45 +0000  (tag: jackrabbit-oak-1.5.13)
2016-10-21 13:37:24 +0000  (tag: jackrabbit-oak-1.4.9)
2016-10-20 11:47:47 +0000  (tag: oak-segment-tar-0.0.16)
2016-10-12 05:06:35 +0000  (tag: jackrabbit-oak-1.2.20)
2016-10-11 09:30:02 +0000  (tag: jackrabbit-oak-1.5.12)
2016-10-06 09:20:24 +0000  (tag: oak-segment-tar-0.0.14)
2016-10-03 10:30:11 +0000  (tag: jackrabbit-oak-1.0.34)
2016-10-03 10:17:16 +0000  (tag: jackrabbit-oak-1.4.8)
2016-09-30 10:26:03 +0000  (tag: jackrabbit-oak-1.5.11)
2016-09-15 16:19:26 +0000  (tag: oak-segment-tar-0.0.12)
2016-09-13 13:22:23 +0000  (tag: jackrabbit-oak-1.5.10)
2016-09-13 04:20:47 +0000  (tag: jackrabbit-oak-1.2.19)
2016-09-09 08:30:15 +0000  (tag: jackrabbit-oak-1.4.7)
2016-08-30 10:55:17 +0000  (tag: jackrabbit-oak-1.5.9)
2016-08-23 15:57:27 +0000  (tag: oak-segment-tar-0.0.10)
2016-08-22 07:32:54 +0000  (tag: jackrabbit-oak-1.0.33)
2016-08-15 10:03:02 +0000  (tag: jackrabbit-oak-1.5.8)
2016-08-10 03:59:44 +0000  (tag: jackrabbit-oak-1.2.18)
2016-08-09 12:21:41 +0000  (tag: jackrabbit-oak-1.4.6)
2016-08-01 10:05:17 +0000  (tag: jackrabbit-oak-1.5.7)
2016-07-29 09:33:14 +0000  (tag: oak-segment-tar-0.0.8)
2016-07-21 11:23:25 +0000  (tag: jackrabbit-oak-1.5.6)
2016-07-19 13:55:21 +0000  (tag: oak-segment-tar-0.0.6)
2016-07-13 13:18:04 +0000  (tag: jackrabbit-oak-1.4.5)
2016-07-11 15:02:01 +0000  (tag: oak-segment-tar-0.0.4)
2016-07-11 13:11:47 +0000  (tag: jackrabbit-oak-1.0.32)
2016-07-11 03:59:57 +0000  (tag: jackrabbit-oak-1.2.17)
2016-07-06 10:31:03 +0000  (tag: jackrabbit-oak-1.5.5)
2016-06-27 04:33:37 +0000  (tag: jackrabbit-oak-1.4.4)
2016-06-22 13:16:21 +0000  (tag: oak-segment-tar-0.0.2)
2016-01-21 18:21:56 +0000 
2016-06-22 11:40:58 +0000  (tag: jackrabbit-oak-1.5.4)
2016-06-13 15:36:53 +0000  (tag: jackrabbit-oak-1.2.16)
2016-06-06 14:38:24 +0000  (tag: jackrabbit-oak-1.5.3)
2016-05-31 04:19:00 +0000  (tag: jackrabbit-oak-1.4.3)
2016-05-30 08:02:09 +0000  (tag: jackrabbit-oak-1.0.31)
2016-05-16 04:50:20 +0000  (tag: jackrabbit-oak-1.2.15)
2016-05-13 11:37:54 +0000  (tag: jackrabbit-oak-1.5.2)
2016-05-03 14:53:02 +0000  (tag: jackrabbit-oak-1.4.2)
2016-04-20 03:33:55 +0000  (tag: jackrabbit-oak-1.2.14)
2016-04-18 10:32:23 +0000  (tag: jackrabbit-oak-1.0.30)
2016-04-11 12:33:39 +0000  (tag: jackrabbit-oak-1.5.1)
2016-03-29 06:40:07 +0000  (tag: jackrabbit-oak-1.5.0)
2016-03-24 11:17:34 +0000  (tag: jackrabbit-oak-1.4.1)
2016-03-23 09:47:57 +0000  (tag: jackrabbit-oak-1.2.13)
2016-03-22 09:53:37 +0000  (tag: jackrabbit-oak-1.0.29)
2016-03-07 10:21:22 +0000  (tag: jackrabbit-oak-1.4.0)
2016-03-02 04:06:26 +0000  (tag: jackrabbit-oak-1.2.12)
2016-02-29 09:08:16 +0000  (tag: jackrabbit-oak-1.0.28)
2016-02-16 12:04:42 +0000  (tag: jackrabbit-oak-1.3.16)
2016-02-10 10:20:58 +0000  (tag: jackrabbit-oak-1.0.27)
2016-02-10 04:03:48 +0000  (tag: jackrabbit-oak-1.2.11)
2016-02-03 14:21:30 +0000  (tag: jackrabbit-oak-1.3.15)
2016-01-20 04:14:36 +0000  (tag: jackrabbit-oak-1.2.10)
2016-01-19 09:24:01 +0000  (tag: jackrabbit-oak-1.0.26)
2016-01-18 15:50:04 +0000  (tag: jackrabbit-oak-1.3.14)
2016-01-04 11:13:49 +0000  (tag: jackrabbit-oak-1.3.13)
2015-12-08 13:42:01 +0000  (tag: jackrabbit-oak-1.2.9)
2015-12-08 04:08:03 +0000  (tag: jackrabbit-oak-1.0.25)
2015-12-07 14:55:43 +0000  (tag: jackrabbit-oak-1.3.12)
2015-11-23 05:31:07 +0000  (tag: jackrabbit-oak-1.3.11)
2015-11-16 16:22:21 +0000  (tag: jackrabbit-oak-1.2.8)
2015-11-16 15:37:01 +0000  (tag: jackrabbit-oak-1.0.24)
2015-11-09 10:26:18 +0000  (tag: jackrabbit-oak-1.3.10)
2015-10-28 09:34:03 +0000  (tag: jackrabbit-oak-1.0.23)
2015-10-27 11:51:54 +0000  (tag: jackrabbit-oak-1.3.9)
2015-10-12 09:10:27 +0000  (tag: jackrabbit-oak-1.3.8)
2015-10-05 13:06:38 +0000  (tag: jackrabbit-oak-1.2.7)
2015-10-03 10:28:54 +0000  (tag: jackrabbit-oak-1.0.22)
2015-09-27 18:09:19 +0000  (tag: jackrabbit-oak-1.3.7)
2015-09-17 09:11:45 +0000  (tag: jackrabbit-oak-1.2.6)
2015-09-17 08:30:35 +0000  (tag: jackrabbit-oak-1.0.21)
2015-09-14 08:44:23 +0000  (tag: jackrabbit-oak-1.3.6)
2015-09-14 04:37:30 +0000  (tag: jackrabbit-oak-1.2.5)
2015-09-14 04:02:13 +0000  (tag: jackrabbit-oak-1.0.20)
2015-09-01 12:04:17 +0000  (tag: jackrabbit-oak-1.3.5)
2015-08-24 05:22:52 +0000  (tag: jackrabbit-oak-1.2.4)
2015-08-21 11:05:14 +0000  (tag: jackrabbit-oak-1.0.19)
2015-08-18 07:55:20 +0000  (tag: jackrabbit-oak-1.3.4)
2015-07-31 07:30:27 +0000  (tag: jackrabbit-oak-1.0.18)
2015-07-21 13:42:26 +0000  (tag: jackrabbit-oak-1.2.3)
2015-07-20 10:12:38 +0000  (tag: jackrabbit-oak-1.3.3)
2015-07-10 04:20:59 +0000  (tag: jackrabbit-oak-1.0.17)
2015-07-01 13:17:32 +0000  (tag: jackrabbit-oak-1.3.2)
2015-06-25 07:55:45 +0000  (tag: jackrabbit-oak-1.0.16)
2015-06-22 12:32:07 +0000  (tag: jackrabbit-oak-1.3.1)
2015-06-12 07:22:27 +0000  (tag: jackrabbit-oak-1.0.15)
2015-06-08 10:05:39 +0000  (tag: jackrabbit-oak-1.3.0)
2015-05-12 15:24:53 +0000  (tag: jackrabbit-oak-1.0.14)
2015-04-29 10:29:20 +0000  (tag: jackrabbit-oak-1.2.2)
2015-04-17 09:55:58 +0000  (tag: jackrabbit-oak-1.0.13)
2015-04-15 15:15:09 +0000  (tag: jackrabbit-oak-1.2.1)
2015-04-09 13:16:58 +0000  (tag: jackrabbit-oak-1.2.0)
2015-03-30 14:37:46 +0000  (tag: jackrabbit-oak-1.1.8)
2015-03-04 11:30:05 +0000  (tag: jackrabbit-oak-1.1.7)
2015-03-04 09:27:36 +0000  (tag: jackrabbit-oak-1.0.12)
2015-02-04 14:36:35 +0000  (tag: jackrabbit-oak-1.1.6)
2015-01-26 13:41:52 +0000  (tag: jackrabbit-oak-1.0.11)
2015-01-23 06:12:03 +0000  (tag: jackrabbit-oak-1.0.10)
2015-01-19 16:01:29 +0000  (tag: jackrabbit-oak-1.1.5)
2015-01-07 15:50:57 +0000  (tag: jackrabbit-oak-1.1.4)
2014-12-17 12:31:37 +0000  (tag: jackrabbit-oak-1.0.9)
2014-12-09 15:23:35 +0000  (tag: jackrabbit-oak-1.1.3)
2014-11-06 14:51:47 +0000  (tag: jackrabbit-oak-1.1.2)
2014-10-31 14:56:48 +0000  (tag: jackrabbit-oak-1.0.8)
2014-10-13 14:48:10 +0000  (tag: jackrabbit-oak-1.1.1)
2014-10-09 13:54:54 +0000  (tag: jackrabbit-oak-1.0.7)
2014-10-01 08:29:38 +0000  (tag: jackrabbit-oak-1.1.0)
2014-09-19 14:22:31 +0000  (tag: jackrabbit-oak-1.0.6)
2014-08-25 12:50:11 +0000  (tag: jackrabbit-oak-1.0.5)
2014-07-31 14:26:31 +0000  (tag: jackrabbit-oak-1.0.4)
2014-07-24 13:49:20 +0000  (tag: jackrabbit-oak-1.0.3)
2014-07-09 13:51:58 +0000  (tag: jackrabbit-oak-1.0.2)
2014-06-16 17:49:17 +0000  (tag: jackrabbit-oak-1.0.1)
2014-05-08 22:39:12 +0000  (tag: jackrabbit-oak-1.0.0)
2014-04-03 21:15:50 +0000  (tag: jackrabbit-oak-0.20.0)
2014-03-20 10:28:26 +0000  (tag: jackrabbit-oak-0.19)
2014-03-05 10:03:13 +0000  (tag: jackrabbit-oak-0.18)
2014-02-21 11:15:12 +0000  (tag: jackrabbit-oak-0.17.1)
2014-02-18 19:14:48 +0000  (tag: jackrabbit-oak-0.17)
2014-02-06 08:51:47 +0000  (tag: jackrabbit-oak-0.16)
2014-01-28 02:11:10 +0000  (tag: jackrabbit-oak-core-0.15.2)
2012-03-06 13:01:13 +0000 
2014-01-22 09:32:57 +0000  (tag: jackrabbit-oak-0.15)
2014-01-07 09:30:29 +0000  (tag: jackrabbit-oak-0.14)
2013-12-09 20:49:34 +0000  (tag: jackrabbit-oak-0.13)
2013-11-25 15:07:24 +0000  (tag: jackrabbit-oak-0.12)
2013-11-17 21:41:58 +0000  (tag: jackrabbit-oak-0.11)
2013-10-03 14:42:47 +0000  (tag: jackrabbit-oak-0.10)
2013-09-16 09:15:27 +0000  (tag: jackrabbit-oak-0.9)
2013-05-22 07:39:46 +0000  (tag: jackrabbit-oak-0.8)
2013-05-06 16:30:23 +0000  (tag: jackrabbit-oak-0.7)
2013-01-24 08:54:07 +0000  (tag: jackrabbit-oak-0.6)
2012-09-24 14:10:31 +0000  (tag: jackrabbit-oak-0.5)
2012-08-07 12:43:03 +0000  (tag: jackrabbit-oak-0.4)
2012-07-02 16:58:55 +0000  (tag: jackrabbit-oak-0.3)
2012-05-07 12:48:13 +0000  (tag: jackrabbit-oak-0.2.1)
2012-05-03 09:51:18 +0000  (tag: 0.2.1)
2012-05-02 18:10:03 +0000  (tag: jackrabbit-oak-0.2)
2012-03-30 09:41:39 +0000  (tag: jackrabbit-oak-0.1)