2022-08-26 16:17:26 +0700  (tag: james-project-3.7.1)
2022-03-01 14:01:45 +0700  (tag: james-project-3.7.0)
2022-01-26 15:05:53 +0700  (tag: james-project-3.6.2)
2021-12-16 12:48:53 +0700  (tag: james-project-3.6.1)
2021-04-06 09:19:38 +0700  (tag: james-project-3.6.0)
2020-07-16 11:38:40 +0700  (tag: james-project-3.5.0)
2019-09-05 12:09:09 +0200  (tag: james-project-3.4.0)
2019-02-08 15:17:10 +0100  (tag: james-project-3.3.0)
2018-11-05 11:13:04 +0700  (tag: james-project-3.2.0)
2018-07-27 18:36:05 +0700  (tag: james-project-3.1.0, origin/3.1.0)
2018-07-17 17:24:33 +0700  (tag: pre-3.1.0)
2017-08-01 16:04:48 +0700  (tag: cassandra_migration_v1_to_v2)
2017-10-20 16:57:59 +0700  (tag: james-project-3.0.1)
2017-06-29 15:16:30 +0200  (tag: james-project-3.0.0)
2017-05-10 09:19:45 +0200  (tag: james-project-3.0.0-RC1)
2016-11-02 11:32:47 +0100  (tag: james-project-3.0.0-beta5)
2016-09-29 14:53:37 +0200  (tag: james-project-3.0-beta5)
2016-02-02 15:15:15 +0100 
2016-02-02 15:15:15 +0100 
2013-02-04 07:41:30 +0000  (tag: james-project-1.8.2)
2012-02-15 14:17:54 +0000  (tag: james-project-1.8.1)
2011-11-18 21:36:26 +0000  (tag: james-project-1.8)
2011-11-01 14:32:28 +0000  (tag: james-project-1.7)
2011-03-21 15:10:00 +0000  (tag: james-parent-1.6)
2010-01-12 08:36:55 +0000  (tag: james-parent-1.5)
2010-01-11 23:33:03 +0000  (tag: 1.5)
2009-09-16 11:10:30 +0000  (tag: james-parent-1.3RC2)
2009-09-16 10:32:23 +0000  (tag: 1.3RC1)
2008-11-12 21:05:14 +0000  (tag: james-parent-1.2)
2008-11-12 21:06:14 +0000  (tag: james-project-1.3)
2007-09-21 11:14:43 +0000  (tag: james-project-1.2)
2007-05-20 14:58:46 +0000  (tag: james-parent-1.1)
2006-09-30 17:19:35 +0000 