2022-03-20 22:18:41 +0900  (tag: rel/jclouds-2.5.0-rc1, tag: rel/jclouds-2.5.0)
2021-12-17 13:55:10 +0900 
2014-05-15 02:32:27 -0700 
2021-09-04 19:52:07 +0900  (tag: rel/jclouds-2.4.0-rc1, tag: rel/jclouds-2.4.0)
2021-02-28 22:27:49 +0900  (tag: rel/jclouds-2.3.0-rc1, tag: rel/jclouds-2.3.0)
2021-02-19 23:31:03 +0900  (origin/2.3.x)
2020-05-02 11:46:43 +0900  (tag: rel/jclouds-2.2.1-rc1, tag: rel/jclouds-2.2.1)
2019-10-13 10:51:16 +0200  (tag: rel/jclouds-2.2.0-rc1, tag: rel/jclouds-2.2.0)
2019-10-13 17:10:14 +0200  (tag: rel/jclouds-2.1.3-rc1, tag: rel/jclouds-2.1.3)
2019-02-02 15:55:55 -0800  (tag: rel/jclouds-2.1.2-rc1, tag: rel/jclouds-2.1.2)
2018-08-09 12:42:41 +0200  (tag: rel/jclouds-2.1.1-rc1, tag: rel/jclouds-2.1.1)
2018-02-16 11:20:21 +0100  (tag: rel/jclouds-2.1.0-rc3, tag: rel/jclouds-2.1.0)
2018-02-12 09:26:49 +0100  (tag: rel/jclouds-2.1.0-rc2)
2018-02-06 08:24:58 +0100  (tag: rel/jclouds-2.1.0-rc1)
2018-01-17 09:14:54 +0100 
2014-11-15 05:55:32 -0600 
2018-01-17 08:24:48 +0100 
2013-09-12 15:52:08 -0500 
2018-01-08 14:58:45 +0100 
2016-04-06 21:23:08 +0200 
2017-05-18 23:54:09 +0200 
2017-01-09 22:54:36 +0100 
2017-05-08 11:54:32 -0700 
2016-05-28 13:08:23 -0700 
2017-05-06 19:28:48 -0700 
2014-06-17 16:37:35 -0700 
2017-11-25 22:28:20 +0100  (tag: rel/jclouds-2.0.3-rc1, tag: rel/jclouds-2.0.3)
2017-06-29 12:21:59 +0200  (tag: rel/jclouds-2.0.2-rc1, tag: rel/jclouds-2.0.2)
2017-02-22 10:28:10 +0100  (tag: rel/jclouds-2.0.1-rc2, tag: rel/jclouds-2.0.1)
2017-02-17 14:37:54 +0100  (tag: rel/jclouds-2.0.1-rc1)
2016-11-09 22:30:45 +0100  (tag: rel/jclouds-2.0.0-rc3, tag: rel/jclouds-2.0.0)
2016-11-18 09:43:32 +0100  (tag: rel/jclouds-1.9.3-rc1, tag: rel/jclouds-1.9.3)
2016-01-12 16:04:18 +0100  (tag: rel/jclouds-1.9.2-rc1, tag: rel/jclouds-1.9.2)
2015-08-02 11:52:31 +0200  (tag: jclouds-1.9.1-rc1, tag: jclouds-1.9.1)
2015-04-09 14:24:52 -0500 
2016-11-03 11:48:49 +0100  (tag: rel/jclouds-2.0.0-rc1)
2016-08-30 11:14:20 +0200 
2014-07-07 11:48:24 +0200 
2016-02-19 22:04:55 +0800 
2015-01-12 10:00:19 +0100 
2016-01-20 23:57:03 +0100 
2015-06-28 22:12:03 +0200 
2015-06-26 11:30:30 +0200 
2013-04-28 22:56:26 -0700 
2015-04-15 10:56:55 +0200 
2013-04-28 22:56:26 -0700 
2015-04-07 16:24:43 -0500 
2014-03-03 15:32:58 -0600 
2015-03-24 10:35:42 +0100  (tag: jclouds-1.9.0-rc2, tag: jclouds-1.9.0)
2015-03-14 22:38:36 +0100  (tag: jclouds-1.9.0-rc1)
2014-10-10 15:11:08 +0200 
2013-08-28 14:56:09 +0200 
2014-10-10 15:10:44 +0200 
2010-09-18 12:09:47 -0700 
2014-10-10 01:05:56 -0400  (tag: jclouds-1.8.1-rc1, tag: jclouds-1.8.1)
2014-07-29 16:50:31 -0400  (tag: jclouds-1.8.0-rc1, tag: jclouds-1.8.0)
2014-05-27 10:26:42 -0700  (tag: jclouds-1.7.3-rc1)
2014-05-26 13:55:01 -0500  (tag: jclouds-1.7.3)
2014-04-09 22:37:56 -0400  (tag: jclouds-1.7.2-rc2, tag: jclouds-1.7.2)
2014-04-07 14:26:48 -0400  (tag: jclouds-1.7.2-rc1)
2014-02-06 10:16:08 +0100  (tag: jclouds-1.7.1-rc1, tag: jclouds-1.7.1)
2013-12-20 10:32:48 -0500  (tag: jclouds-1.7.0-rc2, tag: jclouds-1.7.0)
2013-12-17 10:25:04 -0800  (tag: jclouds-1.7.0-rc1)
2013-11-26 14:45:30 -0800  (tag: jclouds-1.6.3-rc2, tag: jclouds-1.6.3)
2013-11-19 11:21:27 -0800  (tag: jclouds-1.6.3-rc1)
2013-08-17 12:07:33 -0400  (tag: jclouds-1.6.2-incubating-rc2, tag: jclouds-1.6.2-incubating)
2013-08-07 14:17:23 -0400  (tag: jclouds-1.6.2-incubating-rc1)
2013-08-02 11:59:16 -0400  (tag: jclouds-1.6.2-incubating-rc0)
2013-06-12 17:12:14 -0700  (tag: jclouds-1.6.1-incubating-rc3, tag: jclouds-1.6.1-incubating)
2013-05-31 14:11:50 -0700  (tag: jclouds-1.6.1-incubating-rc2)
2013-05-30 11:20:44 -0700  (tag: jclouds-1.6.1-incubating-rc1)
2013-05-28 11:58:56 -0700  (tag: jclouds-1.6.1-incubating-rc0)
2013-04-27 08:23:15 -0700  (tag: jclouds-1.6.0)
2013-04-22 00:01:40 -0700  (tag: jclouds-1.6.0-rc.5)
2013-04-10 13:04:13 -0700  (tag: jclouds-1.6.0-rc.4)
2013-04-03 18:25:57 -0700  (tag: jclouds-1.6.0-rc.3)
2013-03-25 20:50:04 -0700  (tag: jclouds-1.6.0-rc.2)
2013-03-08 20:27:15 -0800  (tag: jclouds-1.6.0-rc.1)
2013-03-04 06:13:57 -0800  (tag: jclouds-1.6.0-alpha.4)
2013-04-10 14:21:48 -0700  (tag: jclouds-1.5.10)
2013-03-14 23:49:03 +0100  (tag: jclouds-1.5.9)
2013-02-25 20:44:08 -0800  (tag: jclouds-1.5.8)
2013-02-04 18:04:46 -0800  (tag: jclouds-1.5.7)
2013-02-02 08:30:45 -0800  (tag: jclouds-1.5.6)
2013-01-13 21:19:16 -0800  (tag: jclouds-1.5.5)
2012-12-10 17:43:53 -0800  (tag: jclouds-1.5.4)
2012-11-13 19:49:46 -0800  (tag: jclouds-1.5.3)
2012-10-11 11:23:43 +0200  (tag: jclouds-1.5.2)
2012-09-27 11:00:24 -0700  (tag: jclouds-1.5.1)
2012-09-17 00:25:44 -0700  (tag: jclouds-1.5.0)
2012-09-09 12:20:00 -0700  (tag: jclouds-1.5.0-rc.1)
2012-08-22 18:55:40 -0700  (tag: jclouds-1.5.0-beta.11)
2012-08-13 21:05:00 -0700  (tag: jclouds-1.5.0-beta.10)
2012-08-02 21:49:21 -0700  (tag: jclouds-1.5.0-beta.9)
2012-07-24 11:11:09 -0700  (tag: jclouds-1.5.0-beta.8)
2012-07-17 23:32:32 -0400  (tag: jclouds-1.5.0-beta.7)
2012-07-10 12:22:42 -0700  (tag: jclouds-1.5.0-beta.6)
2012-07-03 22:58:21 -0700  (tag: jclouds-1.5.0-beta.5)
2012-06-19 19:01:04 -0600  (tag: jclouds-1.5.0-beta.4)
2012-06-16 19:36:55 -0400  (tag: jclouds-1.5.0-beta.3)
2012-06-12 10:19:04 -0700  (tag: jclouds-1.5.0-beta.2)
2012-05-22 23:37:33 -0600  (tag: jclouds-1.5.0-beta.1)
2012-05-01 10:44:35 -0700  (tag: jclouds-1.5.0-alpha.6)
2012-04-24 13:03:07 -0700  (tag: jclouds-1.5.0-alpha.5)
2012-04-18 17:07:57 -0700  (tag: jclouds-1.5.0-alpha.4)
2012-04-08 22:58:41 -0600  (tag: jclouds-1.5.0-alpha.3)
2012-03-31 07:53:59 -0700  (tag: jclouds-1.5.0-alpha.2)
2012-03-23 01:08:46 -0700  (tag: jclouds-1.5.0-alpha.1)
2013-02-26 00:30:58 -0800  (tag: jclouds-1.6.0-alpha.3)
2013-02-04 17:30:44 -0800  (tag: jclouds-1.6.0-alpha.2)
2013-02-02 08:41:51 -0800  (tag: jclouds-1.6.0-alpha.1)
2012-07-09 18:14:00 -0700  (tag: jclouds-1.4.2)
2012-06-20 22:47:01 -0600  (tag: jclouds-1.4.1)
2012-03-16 02:47:48 -0700  (tag: jclouds-1.4.0)
2012-02-27 12:38:59 +0100  (tag: jclouds-1.4.0-rc.3)
2012-02-19 11:27:34 +0200  (tag: jclouds-1.4.0-rc.2)
2012-02-04 17:45:47 -0800  (tag: jclouds-1.4.0-rc.1)
2012-03-08 14:16:28 -0800  (tag: jclouds-1.3.2)
2012-01-19 05:41:43 +0200  (tag: jclouds-1.3.1)
2012-01-15 21:07:59 -0800  (tag: jclouds-1.3.0)
2012-01-10 23:33:16 -0800  (tag: jclouds-1.3.0-rc-2)
2011-12-22 20:17:26 +0000  (tag: jclouds-1.3.0-rc-1)
2011-12-22 17:44:53 +0000  (tag: jclouds-1.2.2)
2011-10-18 01:29:21 -0700  (tag: jclouds-1.2.1)
2011-10-16 11:15:03 -0700  (tag: jclouds-1.2.0)
2011-08-16 17:40:28 -0400  (tag: jclouds-1.1.1)
2011-08-05 02:17:40 +0100  (tag: jclouds-1.1.0)
2011-06-04 03:09:34 +0200  (tag: jclouds-1.0-beta-9d)
2011-04-15 23:36:31 -0400  (tag: jclouds-1.0-beta-9c)
2011-02-19 14:26:04 +0100  (tag: jclouds-1.0-beta-9b)
2011-02-03 09:45:49 +0100  (tag: jclouds-1.0-beta-9a)
2011-02-03 09:36:15 +0100  (tag: jclouds-1.0-beta-9)
2011-06-03 20:55:39 +0200  (tag: jclouds-1.0.0)
2010-11-10 00:30:00 +0100  (tag: jclouds-1.0-beta-8)
2010-10-06 12:00:53 +0200  (tag: jclouds-1.0-beta-7, origin/1.0-beta-7)