2022-08-20 09:08:18 +0100  (tag: jena-4.6.0)
2022-08-16 07:55:42 +0100  (HEAD -> main)
2022-05-01 14:46:47 +0100  (tag: jena-4.5.0)
2022-01-30 15:02:51 +0000  (tag: jena-4.4.0)
2021-12-17 18:49:01 +0000  (tag: jena-4.3.2)
2021-12-10 15:29:42 +0000  (tag: jena-4.3.1)
2021-12-05 19:55:04 +0000  (tag: jena-4.3.0)
2021-09-12 11:25:59 +0100  (tag: jena-4.2.0)
2021-05-31 21:28:19 +0100  (tag: jena-4.1.0)
2021-03-27 10:21:00 +0000  (tag: jena-4.0.0)
2021-02-08 17:38:01 +0000  (origin/jena3)
2020-11-25 19:14:39 +0000  (tag: jena-3.17.0)
2020-07-09 17:09:14 +0100  (tag: jena-3.16.0)
2020-05-15 13:15:50 +0100  (tag: jena-3.15.0)
2020-01-16 14:46:22 +0000  (tag: jena-3.14.0)
2019-10-06 19:02:30 +0100  (tag: jena-3.13.1)
2019-09-25 15:37:03 +0100  (tag: jena-3.13.0)
2019-05-27 16:44:09 +0100  (tag: jena-3.12.0)
2019-04-24 09:44:40 +0100  (tag: jena-3.11.0)
2018-12-30 15:42:50 +0000  (tag: jena-3.10.0)
2018-09-28 15:30:43 +0100  (tag: jena-3.9.0-rc1, tag: jena-3.9.0)
2018-06-25 11:55:39 +0100  (tag: jena-3.8.0-rc1, tag: jena-3.8.0)
2018-04-05 11:19:23 +0100  (tag: jena-3.7.0-rc2, tag: jena-3.7.0)
2018-03-29 17:08:16 +0100  (tag: jena-3.7.0-rc1)
2017-12-13 21:08:21 +0000  (tag: jena-3.6.0-rc1, tag: jena-3.6.0)
2017-10-30 09:16:59 +0000  (tag: jena-3.5.0-rc2, tag: jena-3.5.0)
2017-10-24 15:11:00 +0100  (tag: jena-3.5.0-rc1)
2017-09-28 12:06:15 +0100 
2015-01-25 17:11:44 +0000 
2017-07-17 12:34:34 +0100  (tag: jena-3.4.0-rc1, tag: jena-3.4.0)
2017-05-02 13:28:15 -0400  (tag: jena-3.3.0-rc1, tag: jena-3.3.0)
2017-01-31 11:29:45 -0500  (tag: jena-3.2.0-rc1, tag: jena-3.2.0)
2016-11-04 18:53:50 +0000  (tag: jena-3.1.1-rc2, tag: jena-3.1.1)
2016-11-02 16:22:39 +0000  (tag: jena-3.1.1-rc1)
2016-05-10 12:57:18 +0100  (tag: jena-3.1.0-rc4, tag: jena-3.1.0)
2016-05-03 17:46:42 +0100  (tag: jena-3.1.0-rc3)
2016-04-30 22:33:33 +0100  (tag: jena-3.1.0-rc2)
2016-04-30 20:55:48 +0100  (tag: jena-3.1.0-rc1)
2015-12-08 08:53:34 +0000  (tag: jena-3.0.1-rc1, tag: jena-3.0.1)
2015-07-25 18:05:07 +0100  (tag: jena-3.0.0-rc1, tag: jena-3.0.0)
2015-04-22 22:28:47 +0100  (tag: jena-2-3-split)
2015-03-08 09:41:58 +0000  (tag: jena-2.13.0-rc1, tag: jena-2.13.0)
2014-10-20 14:19:20 +0100 
2014-04-02 09:20:51 +0000 
2014-10-02 15:53:31 +0100  (tag: jena-2.12.1-rc2, tag: jena-2.12.1)
2014-09-30 12:15:34 +0100  (tag: jena-2.12.1-rc1)
2014-08-15 15:32:56 +0000  (tag: jena-csv-1.0.0)
2014-08-15 14:39:14 +0000  (tag: jena-csv-1.0.1)
2014-07-26 16:47:00 +0000  (tag: jena-2.12.0)
2014-06-02 08:56:10 +0000  (tag: jena-2.11.2)
2014-01-18 18:57:26 +0000  (tag: jena-2.11.1)
2013-09-12 09:47:15 +0000  (tag: jena-2.11.0)
2013-05-25 16:37:19 +0000  (tag: jena-sdb-1.3.6)
2013-05-11 21:01:39 +0000  (tag: jena-2.10.1)
2013-02-20 12:00:52 +0000  (tag: jena-2.10.0)
2012-10-20 16:00:30 +0000  (tag: jena-2.7.4)
2012-10-10 17:22:24 +0000  (tag: jena-sdb-1.3.5)
2012-08-30 15:39:58 +0000  (tag: jena-sdb-1.3.4-RC-1)
2012-08-08 16:45:44 +0000  (tag: jena-2.7.3)
2012-08-03 18:37:35 +0000  (tag: 2.7.3-RC3)
2012-08-03 18:17:39 +0000  (tag: jena-2.7.3-RC2)
2012-08-03 17:58:17 +0000  (tag: jena-2.7.3-RC1)
2012-06-28 13:28:08 +0000  (tag: jena-2.7.2)
2012-06-13 13:55:34 +0000  (tag: jena-2.7.1)
2012-05-21 08:13:10 +0000  (tag: jena-2.7.X)
2012-05-09 08:39:42 +0000  (tag: jena-core-2.7.0-incubating)
2012-05-09 08:39:27 +0000  (tag: jena-tdb-0.9.0-incubating)
2012-05-09 08:39:13 +0000  (tag: jena-larq-1.0.0-incubating)
2012-05-09 08:39:03 +0000  (tag: apache-jena-2.7.0-incubating)
2012-05-09 08:38:53 +0000  (tag: jena-top-0-incubating)
2012-05-09 08:38:43 +0000  (tag: jena-iri-0.9.0-incubating)
2012-05-09 08:38:33 +0000  (tag: jena-fuseki-0.2.1-incubating)
2012-05-09 08:38:16 +0000  (tag: jena-arq-2.9.0-incubating)