2022-06-06 12:09:12 +0200  (tag: v5.5-rc3, tag: rel/v5.5)
2022-04-18 22:03:43 +0200  (tag: v5.5-rc2)
2022-03-12 15:27:44 +0100  (tag: v5.5-rc1)
2021-12-23 17:51:02 +0100  (tag: v5.4.3-rc1, tag: rel/v5.4.3, origin/fix-CVE-2021-45105)
2021-12-15 18:39:10 +0100  (tag: v5.4.2-rc1, tag: rel/v5.4.2, origin/fix-CVE-2021-44228)
2021-01-15 20:44:25 +0100  (tag: v5.4.1-rc2, tag: rel/v5.4.1)
2021-01-11 14:47:42 +0100  (tag: v5.4.1-rc1)
2020-11-28 16:22:01 +0100  (tag: v5.4-rc2, tag: rel/v5.4)
2020-11-23 11:06:58 +0100  (tag: v5.4-rc1)
2020-05-10 16:32:57 +0000  (tag: v5.3-rc1, tag: rel/v5.3)
2019-11-20 00:01:17 +0300  (tag: v5.2.1-rc5, tag: rel/v5.2.1)
2019-11-16 01:48:31 +0300  (tag: v5.2.1-rc4)
2019-11-11 21:37:55 +0100  (tag: v5.2.1-rc1)
2019-11-03 12:26:27 +0000  (tag: rel/v5.2)
2019-10-29 12:11:53 +0300  (tag: v5.2-rc5)
2019-10-17 21:43:48 +0200  (tag: v5.2-rc4)
2019-10-14 00:32:09 +0400  (tag: v5.2-rc3)
2019-10-09 11:59:02 +0300  (tag: v5.2-rc2)
2019-10-07 20:53:54 +0300  (tag: v5.2-rc1)
2019-03-13 21:22:15 +0000  (tag: v5_1_1)
2019-02-18 19:41:59 +0000  (tag: v5_1)
2018-09-18 08:13:12 +0000  (tag: v5_0)
2018-02-10 07:57:32 +0000  (tag: v4_0)
2017-09-21 06:26:38 +0000  (tag: v3_3)
2017-04-13 18:06:50 +0000  (tag: v3_2)
2016-11-19 22:49:23 +0000  (tag: v3_1)
2016-05-17 18:32:26 +0000  (tag: v3_0)
2015-03-13 19:28:42 +0000  (tag: v2_13)
2014-11-09 10:41:18 +0000  (tag: v2_12)
2014-01-04 13:28:30 +0000  (tag: v2_11)
2013-10-20 16:29:48 +0000  (tag: v2_10)
2013-01-27 17:26:36 +0000  (tag: v2_9)
2012-10-05 19:31:53 +0000  (tag: v2_8)
2012-05-27 21:06:50 +0000  (tag: v2_7)
2012-02-01 20:19:12 +0000  (tag: v2_6)
2011-11-01 21:24:22 +0000  (tag: v1_7_1)
2011-11-01 21:24:22 +0000  (tag: v1_7_1a)
2011-11-01 21:24:22 +0000  (tag: v1_7_3)
2011-11-01 21:24:22 +0000  (tag: v1_8)
2011-11-01 21:24:22 +0000  (tag: v1_8_1)
2011-11-01 21:24:22 +0000  (tag: v1_9)
2011-11-01 21:24:22 +0000  (tag: v1_9_1)
2011-11-01 21:24:22 +0000  (tag: v2_1_1)
2011-11-01 21:24:22 +0000  (tag: v2_2)
2011-11-01 21:24:22 +0000  (tag: v2_3)
2011-11-01 21:24:22 +0000  (tag: v2_3_1)
2011-11-01 21:24:22 +0000  (tag: v2_3_2)
2011-11-01 21:24:22 +0000  (tag: v2_3_3)
2011-11-01 21:24:22 +0000  (tag: v2_3_4)
2011-11-01 21:24:22 +0000  (tag: v2_4)
2011-11-01 21:24:22 +0000  (tag: v2_5)
2011-11-01 21:24:22 +0000  (tag: v2_5_1)