2022-07-30 13:42:45 +0200  (tag: 2.11.3-RC1, tag: 2.11.3)
2022-02-21 21:49:54 +0100  (tag: 2.11.2-RC1, tag: 2.11.2)
2021-12-15 17:14:04 +0100  (tag: 2.11.1-RC1, tag: 2.11.1)
2021-11-18 20:08:54 +0100  (tag: 2.11.0-RC2, tag: 2.11.0)
2021-11-03 11:53:14 +0100  (tag: 2.11.0-RC1)
2020-12-09 20:20:51 +0100  (tag: 2.11.0.M8-RC1, tag: 2.11.0.M8)
2020-05-25 20:12:46 +0200  (tag: 2.11.0.M7-RC1, tag: 2.11.0.M7)
2019-12-12 20:41:55 +0100  (tag: 2.11.0.M6-RC1, tag: 2.11.0.M6)
2019-09-14 17:20:55 +0200  (tag: 2.11.0.M5-RC3, tag: 2.11.0.M5)
2019-09-10 20:34:32 +0200  (tag: 2.11.0.M5-RC2)
2019-09-10 19:45:13 +0200  (tag: 2.11.0.M5-RC1)
2019-05-13 23:42:34 +0200  (tag: 2.11.0.M4-RC2, tag: 2.11.0.M4)
2019-05-11 14:24:29 +0200  (tag: 2.11.0.M4-RC1)
2019-03-22 18:13:55 +0100  (tag: 2.11.0.M3-RC2, tag: 2.11.0.M3)
2019-03-22 17:35:01 +0100  (tag: 2.11.0.M3-RC1)
2019-03-04 22:39:04 +0100  (tag: 2.11.0.M2-RC1, tag: 2.11.0.M2)
2019-01-26 13:33:07 +0100  (tag: 2.11.0.M1.RC3, tag: 2.11.0.M1)
2019-01-25 18:56:37 +0100  (tag: 2.11.0.M1-RC2)
2018-12-03 20:10:56 +0100  (tag: 2.11.0.M1-RC1)
2018-08-31 23:35:15 +0200  (tag: 2.10.5-RC2, tag: 2.10.5)
2018-08-31 18:37:20 +0200  (tag: 2.10.5-RC1)
2018-05-20 20:22:47 +0200  (tag: 2.10.4-RC3, tag: 2.10.4)
2018-05-19 22:23:31 +0200  (tag: 2.10.4-RC2)
2018-05-16 16:37:17 +0200  (tag: 2.10.4-RC1)
2018-02-09 22:40:02 +0100  (tag: 2.10.3-RC2, tag: 2.10.3)
2018-02-08 20:40:22 +0100  (tag: 2.10.3-RC1)
2016-09-16 21:01:53 +1000  (origin/JSPWIKI-877)
2016-02-16 23:37:44 +0000  (tag: jspwiki_2_10_2)
2016-02-16 21:03:51 +0000  (tag: 2.10.2)
2014-05-23 14:29:24 +0000  (tag: jspwiki_2_10_1)
2014-02-03 20:44:43 +0000  (tag: jspwiki_2_10_0)
2014-01-14 19:36:36 +0000  (tag: jspwiki_2_10_0_rc2)
2013-12-17 23:46:24 +0000  (tag: jspwiki_2_10_0_rc1)
2013-05-26 21:49:02 +0000 
2013-04-15 21:45:36 +0000 
2013-07-20 23:59:01 +0000  (tag: jspwiki_1_4_0)
2013-07-20 23:59:01 +0000  (tag: jspwiki_1_5_0)
2013-07-20 23:59:01 +0000  (tag: jspwiki_1_5_5_beta)
2013-07-20 23:59:01 +0000  (tag: jspwiki_1_5_7_beta)
2013-07-20 23:59:01 +0000  (tag: jspwiki_1_6_0)
2013-07-20 23:59:01 +0000  (tag: jspwiki_1_6_11_beta)
2013-07-20 23:59:01 +0000  (tag: jspwiki_1_6_12_beta)
2013-07-20 23:59:01 +0000  (tag: jspwiki_1_7_0)
2013-07-20 23:59:01 +0000  (tag: jspwiki_1_8_0)
2013-07-20 23:59:01 +0000  (tag: jspwiki_1_8_2)
2013-07-20 23:59:01 +0000  (tag: jspwiki_2_0_0_alpha)
2013-07-20 23:59:01 +0000  (tag: jspwiki_2_0_14_beta)
2013-07-20 23:59:01 +0000  (tag: jspwiki_2_0_32_beta)
2013-07-20 23:59:01 +0000  (tag: jspwiki_2_0_36)
2013-07-20 23:59:01 +0000  (tag: jspwiki_2_0_39)
2013-07-20 23:59:01 +0000  (tag: jspwiki_2_0_45)
2013-07-20 23:59:01 +0000  (tag: jspwiki_2_2_13_beta)
2013-07-20 23:59:01 +0000  (tag: jspwiki_2_2_14_beta)
2013-07-20 23:59:01 +0000  (tag: jspwiki_2_2_16_beta)
2013-07-20 23:59:01 +0000  (tag: jspwiki_2_2_19)
2013-07-20 23:59:01 +0000  (tag: jspwiki_2_2_20)
2013-07-20 23:59:01 +0000  (tag: jspwiki_2_2_26_beta)
2013-07-20 23:59:01 +0000  (tag: jspwiki_2_2_28)
2013-07-20 23:59:01 +0000  (tag: jspwiki_2_2_33)
2013-07-20 23:59:01 +0000  (tag: jspwiki_2_3_50_alpha)
2013-07-20 23:59:01 +0000  (tag: jspwiki_2_4_0_beta)
2013-07-20 23:59:01 +0000  (tag: jspwiki_2_4_100)
2013-07-20 23:59:01 +0000  (tag: jspwiki_2_4_102)
2013-07-20 23:59:01 +0000  (tag: jspwiki_2_4_103)
2013-07-20 23:59:01 +0000  (tag: jspwiki_2_4_104)
2013-07-20 23:59:01 +0000  (tag: jspwiki_2_4_15_beta)
2013-07-20 23:59:01 +0000  (tag: jspwiki_2_4_56)
2013-07-20 23:59:01 +0000  (tag: jspwiki_2_4_69)
2013-07-20 23:59:01 +0000  (tag: jspwiki_2_4_71)
2013-07-20 23:59:01 +0000  (tag: jspwiki_2_4_87)
2013-07-20 23:59:01 +0000  (tag: jspwiki_2_5_124_beta)
2013-07-20 23:59:01 +0000  (tag: jspwiki_2_5_139_beta)
2013-07-20 23:59:01 +0000  (tag: jspwiki_2_5_79_alpha)
2013-07-20 23:59:01 +0000  (tag: jspwiki_2_5_93_beta)
2013-07-20 23:59:01 +0000  (tag: jspwiki_2_6_0)
2013-07-20 23:59:01 +0000  (tag: jspwiki_2_6_0_rc1)
2013-07-20 23:59:01 +0000  (tag: jspwiki_2_6_1)
2013-07-20 23:59:01 +0000  (tag: jspwiki_2_6_2)
2013-07-20 23:59:01 +0000  (tag: jspwiki_2_6_3)
2013-07-20 23:59:01 +0000  (tag: jspwiki_2_6_4)
2013-07-20 23:59:01 +0000  (tag: jspwiki_2_8_0)
2013-07-20 23:59:01 +0000  (tag: jspwiki_2_8_0_alpha_1)
2013-07-20 23:59:01 +0000  (tag: jspwiki_2_8_0_beta_1)
2013-07-20 23:59:01 +0000  (tag: jspwiki_2_8_1)
2013-07-20 23:59:01 +0000  (tag: jspwiki_2_8_2)
2013-07-20 23:59:01 +0000  (tag: jspwiki_2_8_3)
2013-07-20 23:59:01 +0000  (tag: jspwiki_2_8_4)
2013-07-20 23:59:01 +0000  (tag: jspwiki_2_9_0_incubating)
2013-07-20 23:59:01 +0000  (tag: jspwiki_2_9_0_incubating_rc2)
2013-07-20 23:59:01 +0000  (tag: jspwiki_2_9_0_incubating_rc3)
2013-07-20 23:59:01 +0000  (tag: jspwiki_2_9_0_incubating_rc4)
2013-07-20 23:59:01 +0000  (tag: jspwiki_2_9_0_rc1)
2013-07-20 23:59:01 +0000  (tag: jspwiki_2_9_1_incubating_rc1)
2013-04-07 16:30:55 +0000 
2013-07-20 23:59:01 +0000  (tag: jspwiki_2_9_1_incubating_rc2)
2007-10-06 05:00:16 +0000 