2018-12-05 14:50:16 -0500  (tag: scout-1.2.8)
2017-12-16 09:01:02 -0500  (tag: snapshots/20171216)
2016-01-25 11:11:11 -0500 
2012-06-07 20:27:53 +0000 
2014-03-06 11:03:48 -0800 
2012-11-26 14:57:24 +0000  (tag: scout-1.2.7)
2012-03-01 02:56:26 +0000  (tag: scout-1.2.6)
2012-02-04 16:49:22 +0000  (tag: scout-1.2.5)
2012-01-25 16:09:57 +0000  (tag: scout-1.2.4)
2011-06-30 03:48:12 +0000  (tag: scout-1.2.3)
2010-10-08 01:52:35 +0000  (tag: before_juddi_decoupling)
2010-10-08 01:52:35 +0000  (tag: scout-1.1)
2010-10-08 01:52:35 +0000  (tag: scout-1.1.1)
2010-10-08 01:52:35 +0000  (tag: scout-1.2)
2010-10-08 01:52:35 +0000  (tag: scout-1.2.1)
2010-10-08 01:52:35 +0000  (tag: scout-1.2.2)
2004-11-10 02:16:20 +0000 
2010-10-08 01:52:35 +0000  (tag: v0.7rc2)
2010-10-08 01:52:35 +0000  (tag: v1.0)
2010-10-08 01:52:35 +0000  (tag: v1.0rc1)
2010-10-08 01:52:35 +0000  (tag: v1.1rc1)