2022-07-10 07:09:58 +0200  (tag: karaf-4.4.1)
2022-04-18 16:32:29 +0200  (tag: karaf-4.4.0)
2022-06-10 09:58:03 +0200  (tag: karaf-4.2.16)
2022-01-10 22:23:24 +0100  (tag: karaf-4.2.15)
2021-12-19 23:27:36 +0100  (tag: karaf-4.2.14)
2021-12-16 10:57:09 +0100  (tag: karaf-4.2.13)
2021-09-13 09:20:38 +0200  (tag: karaf-4.2.12)
2021-03-09 08:35:03 +0100  (tag: karaf-4.2.11)
2020-10-06 17:09:47 +0200  (tag: karaf-4.2.10)
2020-06-05 08:15:57 +0200  (tag: karaf-4.2.9)
2020-01-19 17:55:50 +0100  (tag: karaf-4.2.8)
2019-09-23 14:58:46 +0200  (tag: karaf-4.2.7)
2019-06-07 09:11:26 +0200  (tag: karaf-4.2.6)
2019-04-17 16:23:42 +0200  (tag: karaf-4.2.5)
2019-03-14 08:34:23 +0100  (tag: karaf-4.2.4)
2022-04-19 12:37:07 +0200  (tag: karaf-4.3.7)
2022-01-10 10:34:32 +0100  (tag: karaf-4.3.6)
2021-12-19 17:33:22 +0100  (tag: karaf-4.3.5)
2021-12-14 20:47:40 +0100  (tag: karaf-4.3.4)
2021-09-02 08:05:13 +0200  (tag: karaf-4.3.3)
2021-05-08 18:12:07 +0200  (tag: karaf-4.3.2)
2021-03-29 12:18:13 +0200  (tag: karaf-4.3.1)
2020-11-08 09:00:11 +0100  (origin/DEVX)
2020-10-26 11:31:37 +0100  (tag: karaf-4.3.0)
2020-01-27 10:04:10 +0100  (tag: karaf-4.3.0.RC1)
2019-09-08 06:36:16 +0200 
2019-08-07 16:33:04 +0200  (origin/CodingFabian-patch-1)
2019-09-05 07:45:32 +0200  (origin/karaf-4.2.4)
2019-02-07 20:24:18 +0100  (tag: karaf-4.2.3)
2018-12-15 22:13:23 +0100  (tag: karaf-4.2.2)
2018-12-03 15:32:13 +0100  (origin/revert-670-master)
2018-08-17 22:58:56 +0200  (tag: karaf-4.2.1)
2018-04-04 22:10:23 +0200  (tag: karaf-4.2.0)
2017-12-28 15:39:53 +0100  (tag: karaf-4.2.0.M2)
2017-12-18 10:41:25 +0100  (origin/KARAF-5447)
2017-12-08 09:05:19 +0100  (origin/KARAF-5529)
2017-10-27 06:45:38 +0200  (tag: karaf-4.2.0.M1)
2017-08-21 10:58:39 +0200  (origin/model_features)
2020-01-05 19:25:08 +0100  (tag: karaf-3.0.10)
2018-02-26 05:12:30 +0100  (tag: karaf-3.0.9)
2016-08-08 08:13:24 +0200  (tag: karaf-3.0.8)
2016-06-14 22:12:28 +0200  (tag: karaf-3.0.7)
2016-02-09 15:06:06 +0100  (tag: karaf-3.0.6)
2015-09-30 15:14:30 +0200  (tag: karaf-3.0.5)
2015-06-29 16:27:26 -0230  (tag: karaf-3.0.4)
2015-01-27 14:11:43 -0330  (tag: karaf-3.0.3)
2014-10-10 13:41:10 -0230  (tag: karaf-3.0.2)
2014-04-10 17:51:21 -0230  (tag: karaf-3.0.1)
2018-11-26 16:35:13 +0100  (tag: karaf-4.1.7)
2018-08-09 20:21:03 +0200  (tag: karaf-4.1.6)
2018-02-12 18:09:05 +0100  (tag: karaf-4.1.5)
2017-12-15 17:27:38 +0100  (tag: karaf-4.1.4)
2017-10-26 21:07:31 +0200  (tag: karaf-4.1.3)
2017-08-04 18:22:18 +0200  (tag: karaf-4.1.2)
2017-03-28 19:09:32 +0200  (tag: karaf-4.1.1)
2017-02-01 18:13:53 +0100  (tag: karaf-4.1.0)
2017-09-23 07:34:01 +0200  (tag: karaf-4.0.10)
2017-04-06 09:10:50 +0200  (tag: karaf-4.0.9)
2016-12-12 22:18:07 +0100  (tag: karaf-4.0.8)
2016-09-19 03:48:44 +0200  (tag: karaf-4.0.7)
2016-08-23 22:25:19 +0200  (tag: karaf-4.0.6)
2016-04-18 08:12:13 +0200  (tag: karaf-4.0.5)
2016-01-10 09:02:00 +0100  (tag: karaf-4.0.4)
2015-11-07 07:14:39 +0100  (tag: karaf-4.0.3)
2015-10-09 18:25:01 +0200  (tag: karaf-4.0.2)
2015-08-16 08:27:17 -0230  (tag: karaf-4.0.1)
2015-06-23 17:15:04 -0230  (tag: karaf-4.0.0)
2015-06-05 16:50:41 -0230  (tag: karaf-4.0.0.M3)
2015-02-09 19:26:14 -0330  (tag: karaf-4.0.0.M2)
2014-10-11 14:59:39 -0230  (tag: karaf-4.0.0.M1)
2013-12-21 12:53:55 -0330  (tag: karaf-3.0.0)
2016-01-21 15:49:32 +0100  (tag: karaf-2.4.4)
2015-07-08 19:47:11 -0230  (tag: karaf-2.4.3)
2015-04-22 11:34:13 -0230  (tag: karaf-2.4.2)
2014-12-30 11:03:47 -0330  (tag: karaf-2.4.1)
2014-09-17 09:29:28 -0230  (tag: karaf-2.4.0)
2016-01-19 16:25:13 +0100  (tag: karaf-2.3.12)
2015-04-07 19:35:51 -0230  (tag: karaf-2.3.11)
2015-02-03 13:52:21 -0330  (tag: karaf-2.3.10)
2014-11-05 18:19:32 -0330  (tag: karaf-2.3.9)
2014-09-15 22:23:33 -0230  (tag: karaf-2.3.8)
2014-09-02 19:27:40 -0230  (tag: karaf-2.3.7)
2014-07-28 21:30:26 -0230  (tag: karaf-2.3.6)
2014-04-10 13:00:11 -0230  (tag: karaf-2.3.5)
2014-02-14 21:28:21 -0330  (tag: karaf-2.3.4)
2013-09-17 13:33:15 +0000  (tag: karaf-2.3.3)
2013-07-07 12:34:41 +0000  (tag: karaf-2.3.2)
2013-04-27 02:58:44 +0000  (tag: karaf-2.2.11)
2013-03-11 21:17:36 +0000  (tag: karaf-3.0.0.RC1)
2013-02-28 23:28:33 +0000  (tag: karaf-2.3.1)
2012-12-18 16:16:30 +0000  (tag: karaf-2.2.10)
2012-10-11 22:50:06 +0000  (tag: karaf-2.3.0)
2012-08-15 11:38:49 +0000  (tag: karaf-2.2.9)
2012-06-20 16:01:50 +0000  (tag: karaf-2.2.8)
2012-04-29 20:07:51 +0000  (tag: karaf-2.2.7)
2012-04-05 11:53:17 +0000  (tag: karaf-2.2.6)
2011-12-22 02:33:51 +0000  (tag: karaf-2.2.5)
2011-10-13 10:24:43 +0000  (tag: karaf-2.2.4)
2011-08-29 12:44:25 +0000  (tag: karaf-2.2.3)
2011-07-14 15:10:50 +0000  (tag: karaf-2.1.6)
2011-06-30 17:46:36 +0000  (tag: karaf-2.2.2)
2011-05-12 01:18:19 +0000  (tag: karaf-2.2.1)
2011-04-27 14:13:17 +0000  (tag: karaf-2.1.5)
2011-02-25 13:24:07 +0000  (tag: karaf-2.2.0)
2011-02-12 11:24:24 +0000  (tag: karaf-2.1.4)
2011-01-08 18:48:01 +0000  (tag: karaf-2.1.3)
2010-11-22 13:11:11 +0000  (tag: karaf-2.1.2)
2010-11-10 19:40:21 +0000  (tag: karaf-2.1.1)
2010-09-21 13:05:11 +0000  (tag: karaf-2.1.0)
2010-07-19 14:51:43 +0000  (tag: karaf-2.0.0)
2007-11-26 18:06:16 +0000 