2021-12-14 18:57:02 +0100  (tag: v1.6.1-release, tag: v1.6.1-RC1, origin/v1.6.1)
2021-11-02 18:10:27 -0400  (tag: v1.6.0-release, tag: v1.6.0-RC4, origin/v1.6.0)
2021-10-31 22:17:36 +0100  (tag: v1.6.0-RC3)
2021-10-24 10:04:43 +0200  (tag: v1.6.0-RC2)
2021-10-13 13:23:38 +0200  (tag: v1.6.0-RC1)
2020-11-22 10:59:39 -0500  (tag: v1.5.0-release, tag: v1.5.0-rc1, origin/v1.5.0)
2020-04-22 11:01:11 -0400  (tag: v1.4.0-release, tag: v1.4.0-rc3, origin/v1.4.0)
2020-04-19 13:48:13 -0400  (tag: v1.4.0-rc2)
2020-04-14 18:13:47 -0400  (tag: v1.4.0-rc1)
2020-04-14 11:03:17 -0400  (tag: v1.5.0-branch)
2019-07-16 16:21:57 -0400  (tag: v1.3.0-rc2)
2019-07-09 17:06:22 -0400  (tag: v1.3.0-rc1)
2019-06-29 19:34:07 -0400  (tag: v1.3.0-release)
2019-06-27 18:23:53 -0400  (tag: v1.4.0-branch, tag: v1.3.0-branch)
2018-12-04 11:24:01 -0500  (tag: v1.2.0-release, tag: v1.2.0-rc4, origin/v1.2.0)
2018-11-30 10:09:10 -0500  (tag: v1.2.0-rc3)
2018-11-28 11:54:35 -0500  (tag: v1.2.0-rc2)
2018-11-27 11:04:06 -0500  (tag: v1.2.0-rc1)
2018-11-27 08:31:34 -0500  (tag: v1.2.0-rc0)
2018-11-07 15:12:19 -0500  (tag: v1.2.0-branch)
2018-07-25 15:14:40 -0400  (tag: v1.1.0-release, tag: v1.1.0-rc3, origin/v1.1.0)
2018-07-24 19:06:11 -0400  (tag: v1.1.0-rc2)
2018-07-20 16:55:30 -0400  (tag: v1.1.0-rc1)
2018-07-11 13:30:46 -0400  (tag: v1.1.0-rc0)
2018-07-06 16:06:18 -0400  (tag: v1.1.0-branch)
2018-01-31 22:39:06 -0500  (tag: v1.0.0-release, tag: v1.0.0-rc2, origin/v1.0.0)
2018-01-23 17:00:00 -0500  (tag: v1.0.0-rc1)
2018-01-09 14:51:08 -0500  (tag: v1.0.0-branch)
2017-12-06 12:58:30 -0500  (tag: v0.14.0-release, tag: v0.14.0-rc2)
2017-11-08 21:23:14 -0500  (tag: v0.14.0-rc1)
2017-11-08 19:04:40 -0500  (tag: v0.14.0-branch)
2017-08-14 13:26:40 -0400  (tag: v0.13.0-release, tag: v0.13.0-rc2, origin/v0.13.0)
2017-08-05 15:27:10 -0400  (tag: v0.13.0-rc1)
2017-08-05 14:38:23 -0400  (tag: v0.13.0-branch)
2017-03-15 12:20:17 -0400  (tag: v0.12.0-release, origin/v0.12.0)
2017-03-14 10:04:15 -0400  (tag: v0.12.0-rc2)
2017-03-04 07:06:55 -0500  (tag: v0.12.0-rc1)
2017-03-03 09:22:47 -0500  (tag: v0.12.0-branch)
2017-02-05 15:13:07 -0500  (origin/knoxinit)
2016-12-23 10:04:39 -0500  (tag: v0.11.0-release, tag: v0.11.0-rc2, origin/v0.11.0)
2016-12-22 17:51:11 -0500  (tag: v0.11.0-rc1)
2016-12-22 10:52:26 -0500  (tag: v0.11.0-branch)
2016-11-01 08:57:21 -0400  (tag: v0.10.0-release, tag: v0.10.0-rc1, origin/v0.10.0)
2016-10-31 14:00:43 -0400  (tag: v0.10.0-branch)
2016-07-31 12:20:42 -0400  (tag: v0.9.1-release, tag: v0.9.1-rc3, origin/v0.9.1)
2016-07-25 10:50:07 -0400  (tag: v0.9.1-rc2)
2016-07-02 10:52:05 -0400  (tag: v0.9.1-rc1)
2016-07-14 17:12:16 -0400  (tag: v0.9.1-branch)
2016-04-13 14:23:43 -0400  (tag: v0.9.0-release, tag: v0.9.0-rc4)
2016-04-07 15:25:36 -0400  (tag: v0.9.0-rc3)
2016-04-04 15:26:36 -0400  (tag: v0.9.0-rc2)
2016-04-03 14:31:02 -0400  (tag: v0.9.0-rc1)
2016-04-02 12:47:00 -0400  (tag: v0.9.0-branch)
2016-01-30 23:51:17 -0500  (tag: v0.8.0-release, tag: v0.8.0-rc2, origin/v0.8.0)
2016-01-29 18:13:47 -0500  (tag: v0.8.0-rc1)
2016-01-29 13:54:58 -0500  (tag: v0.8.0-branch)
2015-12-15 19:53:42 -0500  (tag: v0.7.0-release, tag: v0.7.0-rc1)
2015-12-08 11:09:44 -0500  (tag: v0.7.0-branch)
2015-04-27 10:45:42 -0400  (tag: v0.6.0-release, tag: v0.6.0-rc2)
2015-04-13 21:18:32 -0400  (tag: v0.6.0-rc1)
2015-04-10 20:03:10 -0400  (tag: v0.6.0-branch)
2014-11-21 16:54:32 -0500  (tag: v0.5.1-release, tag: v0.5.1-rc1)
2014-11-08 13:22:47 -0500  (tag: v0.5.1-branch, origin/v0.5.0)
2014-10-25 17:33:42 -0400  (tag: v05.0-release, tag: v0.5.0-rc2)
2014-09-03 09:45:04 -0400  (tag: v0.5.0-branch)
2014-04-14 17:26:04 -0400  (tag: v0.4.0-release, tag: v0.4.0-rc1, origin/v0.4.0)
2014-04-07 18:02:25 -0400  (tag: v0.4.0-rc0)
2014-03-10 19:31:10 -0400  (tag: v0.4.0-branch)
2013-12-20 15:55:16 -0500  (tag: v0.3.1-rc4, origin/v0.3.1)
2013-11-12 08:24:55 -0500  (tag: v0.3.1-rc3)
2013-11-06 14:25:03 -0500  (tag: v0.3.1-rc2)
2013-10-28 13:54:07 -0400  (tag: v0.3.1-rc1)
2013-10-03 10:28:05 -0400  (tag: v0.3.1-branch, tag: v0.3.0-final, origin/v0.3.0)
2013-10-02 20:13:40 -0400  (tag: v0.3.0-rc1)
2013-10-01 08:56:53 -0400  (tag: v0.3.0-branch)
2013-03-29 22:59:44 -0400  (tag: v0.2.0-branch)
2013-03-29 22:59:11 -0400  (tag: v0.2.0-rc3)
2013-03-20 17:09:11 -0400  (tag: v0.2.0-rc2)
2013-03-12 14:49:16 -0400  (tag: v0.2.0-rc1)
2012-12-20 17:41:54 -0500  (tag: v0.1.0-m1)
2012-10-24 14:57:32 -0400 