2011-03-03 17:31:55 +0000  (tag: RELEASE_2_0_4)
2010-09-22 11:30:04 +0000  (tag: RELEASE_2_0_3)
2009-02-13 10:09:14 +0000  (tag: RELEASE_2_0_2)
2008-07-14 09:53:08 +0000  (tag: site_forrest_final)
2008-05-27 09:29:24 +0000  (tag: docu_forrest_final)
2003-05-19 12:44:44 +0000 
2008-02-06 19:27:40 +0000  (tag: RELEASE_2_0_1)
2008-01-07 17:23:17 +0000  (tag: RELEASE_2_0)
2007-12-14 11:49:56 +0000  (tag: RELEASE_2_0_RC_6)
2007-12-13 08:00:17 +0000  (tag: RELEASE_2_0_RC_5)
2007-12-11 12:46:26 +0000  (tag: RELEASE_2_0_RC_4)
2007-12-07 11:38:14 +0000  (tag: RELEASE_2_0_RC_3)
2007-11-21 10:41:36 +0000  (tag: RELEASE_2_0_RC_2)
2007-11-14 20:39:00 +0000  (tag: RELEASE_2_0_RC_1)
2007-04-24 14:41:34 +0000  (tag: RELEASE_1_4_RC_1)
2007-02-27 02:19:30 +0000  (tag: RELEASE_1_2_5)
2005-06-26 00:51:55 +0000  (tag: RELEASE_1_2_4)
2005-06-12 12:59:10 +0000  (tag: RELEASE_1_4_ALPHA_1)
2005-05-01 22:01:18 +0000  (tag: RELEASE_1_2_3)
2005-02-24 20:23:30 +0000  (tag: RELEASE_1_2_2)
2004-12-29 18:22:41 +0000  (tag: RELEASE_1_2_1)
2004-11-07 07:34:48 +0000  (tag: Before_Java_Reformatting)
2004-11-07 07:34:48 +0000  (tag: MAIN)
2004-11-07 07:34:48 +0000  (tag: RELEASE_1_2)
2004-11-07 07:34:48 +0000  (tag: RELEASE_1_2_RC_1)
2004-11-07 07:34:48 +0000  (tag: RELEASE_1_2_RC_2)
2004-11-07 07:34:48 +0000  (tag: RELEASE_1_2_RC_3)
2004-11-07 07:34:48 +0000  (tag: Root-of-Lenya_Sprint_2004_5_13)
2004-11-07 07:34:48 +0000  (tag: V2_0)
2004-11-07 07:34:48 +0000  (tag: V_2003-09-22)
2004-11-07 07:34:48 +0000  (tag: V_2003-09-23)
2004-11-07 07:34:48 +0000  (tag: V_2003-10-28)
2004-11-07 07:34:48 +0000  (tag: before-lenya-rename)
2004-11-07 07:34:48 +0000  (tag: cocoon-lenya)
2004-11-07 07:34:48 +0000  (tag: cocoon2_0_1_dev)
2004-11-07 07:34:48 +0000  (tag: start)