2022-06-28 15:02:52 -0700  (tag: log4j-2.18.0-rc1)
2022-02-23 13:27:21 -0700  (tag: rel/2.17.2, tag: log4j-2.17.2-rc1)
2021-12-27 17:29:31 -0600  (tag: rel/2.17.1, tag: log4j-2.17.1-rc1)
2021-12-17 18:56:20 -0700  (tag: rel/2.17.0, tag: log4j-2.17.0-rc1)
2021-12-12 23:40:13 -0600  (tag: rel/2.16.0, tag: log4j-2.16.0-rc1)
2021-12-11 20:56:33 -0600  (tag: log4j-2.15.1-rc1)
2021-12-09 11:24:32 -0700  (tag: rel/2.15.0, tag: log4j-2.15.0-rc2)
2021-12-06 15:58:46 -0700  (tag: log4j-2.15.0-rc1)
2021-03-06 22:10:51 -0700  (tag: rel/2.14.1, tag: log4j-2.14.1-rc1)
2020-11-06 14:01:50 -0700  (tag: rel/2.14.0, tag: log4j-2.14.0-rc1)
2020-05-10 12:07:01 -0700  (tag: rel/2.13.3, tag: log4j-2.13.3-rc1, tag: log4j-2.13.3)
2020-04-20 21:36:16 -0700  (tag: rel/2.13.2, tag: log4j-2.13.2-rc1, tag: log4j-2.13.2)
2020-02-25 19:52:07 -0700  (tag: rel/2.13.1, tag: log4j-2.13.1-rc2, tag: log4j-2.13.1)
2020-02-23 20:23:52 -0700  (tag: log4j-2.13.1-rc1)
2019-12-11 19:39:03 -0700  (tag: rel/2.13.0, tag: log4j-2.13.0-rc2)
2019-12-08 17:10:18 -0700  (tag: log4j-2.13.0-rc1)
2021-12-28 19:21:57 -0600  (tag: rel/2.3.2, tag: log4j-2.3.2-rc1)
2021-12-20 21:38:49 -0700  (tag: rel/2.3.1, tag: log4j-2.3.1-rc1)
2021-12-28 14:16:22 -0700  (tag: rel/2.12.4, tag: log4j-2.12.4-rc1)
2021-12-20 16:12:55 -0700  (tag: rel/2.12.3, tag: log4j-2.12.3-rc1)
2021-12-13 22:33:45 -0700  (tag: rel/2.12.2, tag: log4j-2.12.2-rc1)
2019-08-06 20:42:02 -0700  (tag: rel/2.12.1, tag: log4j-2.12.1-rc1, tag: log4j-2.12.1)
2019-06-25 20:34:19 -0700  (tag: log4j-2.12.0-rc2)
2019-06-23 16:57:21 -0700  (tag: rel/2.12.0, tag: log4j-2.12.0-rc1, tag: log4j-2.12.0)
2019-02-05 18:10:08 -0700  (tag: rel/2.11.2, tag: log4j-2.11.2-rc3, tag: log4j-2.11.2)
2019-02-04 20:52:46 -0700  (tag: log4j-2.11.2-rc2)
2019-02-03 13:00:42 -0700  (tag: log4j-2.11.2-rc1)
2018-07-22 20:43:06 -0700  (tag: rel/2.11.1, tag: log4j-2.11.1-rc1, tag: log4j-2.11.1)
2018-03-11 15:41:48 -0700  (tag: rel/2.11.0, tag: log4j-2.11.0-rc1, tag: log4j-2.11.0)
2017-11-19 00:47:36 -0700  (tag: rel/2.10.0, tag: log4j-2.10.0, tag: log4j-2.10-rc1)
2017-09-17 22:51:04 -0700  (tag: log4j-2.9.1-rc1)
2017-08-26 13:36:18 -0700  (tag: rel/2.9.0, tag: log4j-2.9.0, tag: log4j-2.9-rc1)
2017-04-02 15:05:00 -0500  (tag: rel/2.8.2, tag: log4j-2.8.2-rc1, tag: log4j-2.8.2)
2017-02-26 16:52:39 -0700  (tag: rel/2.8.1, tag: log4j-2.8.1-rc1, tag: log4j-2.8.1)
2017-01-21 22:07:27 -0700  (tag: rel/2.8, tag: log4j-2.8-rc1, tag: log4j-2.8)
2016-10-02 11:13:11 -0700  (tag: rel/2.7, tag: log4j-2.7-rc2, tag: log4j-2.7)
2016-09-25 23:37:53 -0700  (tag: log4j-2.7-rc1)
2016-07-05 19:35:19 -0700  (tag: rel/2.6.2, tag: log4j-2.6.2-rc1, tag: log4j-2.6.2)
2016-06-05 17:31:48 -0700  (tag: rel/2.6.1, tag: log4j-2.6.1-rc1, tag: log4j-2.6.1)
2016-05-25 07:53:18 -0700  (tag: rel/2.6, tag: log4j-2.6-rc1, tag: log4j-2.6)
2015-12-06 17:18:12 -0700  (tag: rel/2.5, tag: log4j-2.5-rc1, tag: log4j-2.5)
2015-10-08 17:49:19 -0700  (tag: rel/2.4.1, tag: log4j-2.4.1)
2015-09-20 09:57:56 -0700  (tag: rel/2.4, tag: log4j-2.4)
2015-05-10 14:12:18 -0700  (tag: rel/2.3, tag: log4j-2.3)
2015-02-22 15:16:35 -0700  (tag: rel/2.2, tag: log4j-2.2)
2014-10-19 18:38:00 -0700  (tag: rel/2.1, tag: log4j-2.1)
2014-10-04 15:34:25 -0500  (tag: log4j-2.1-rc3)
2014-10-04 14:19:03 -0500  (tag: log4j-2.1-rc2)
2014-08-29 19:02:20 -0500  (tag: log4j-2.0.2-site-update)
2014-08-17 05:20:10 +0000  (tag: rel/2.0.2, tag: log4j-2.0.2)
2014-07-30 00:52:31 +0000  (tag: rel/2.0.1, tag: log4j-2.0.1)
2014-07-12 23:25:08 +0000  (tag: rel/2.0, tag: log4j-2.0)
2014-06-21 23:29:57 +0000  (tag: log4j-2.0-rc2)
2014-02-09 19:03:23 +0000  (tag: log4j-2.0-rc1)
2014-02-09 04:51:12 +0000  (tag: log4j-2.0-rc1-rc1)
2013-09-14 14:16:08 +0000  (tag: log4j-2.0-beta9)
2013-07-10 21:14:07 +0000  (tag: log4j-2.0-beta8)
2013-07-10 20:51:36 +0000  (tag: log4j-2.0-beta8-rc1)
2013-06-04 16:11:49 +0000  (tag: log4j-2.0-beta7)
2013-06-04 15:44:57 +0000  (tag: log4j-2.0-beta7-rc2)
2013-06-02 13:00:49 +0000  (tag: log4j-2.0-beta7-rc1)
2013-05-07 01:57:47 +0000  (tag: log4j-2.0-beta6)
2013-05-06 18:00:50 +0000  (tag: log4j-2.0-beta6-rc1)
2013-04-20 21:20:26 +0000  (tag: log4j-2.0-beta5)
2013-01-28 07:43:48 +0000  (tag: log4j-2.0-beta4)
2013-01-28 02:31:58 +0000  (tag: log4j-2.0-beta4-rc1)
2012-11-11 16:21:39 +0000  (tag: log4j-2.0-beta3)
2012-11-11 15:55:43 +0000  (tag: log4j-2.0-beta3-rc2)
2012-11-10 23:30:49 +0000  (tag: log4j-2.0-beta3-rc1)
2012-10-07 19:08:20 +0000  (tag: log4j-2.0-beta2)
2012-09-18 13:57:11 +0000  (tag: log4j-2.0-beta1)
2012-08-24 20:39:27 +0000  (tag: log4j-2.0-alpha2)
2012-07-29 19:11:03 +0000  (tag: log4j-2.0-alpha1)
2010-05-13 06:31:04 +0000 