2022-06-13 08:29:36 -0700  (tag: releases/lucene-solr/8.11.2)
2021-12-14 12:57:46 +0100  (tag: releases/lucene-solr/8.11.1)
2021-11-09 13:15:01 +0100  (tag: releases/lucene-solr/8.11.0)
2021-10-11 18:30:13 -0500  (tag: releases/lucene-solr/8.10.1)
2021-09-21 14:21:57 -0600  (tag: releases/lucene-solr/8.10.0)
2021-06-10 00:25:58 -0700  (tag: releases/lucene-solr/8.9.0)
2021-04-06 16:06:43 -0500  (tag: releases/lucene-solr/8.8.2)
2021-02-16 14:40:17 -0700  (tag: releases/lucene-solr/8.8.1)
2021-01-25 18:18:23 +1100  (tag: releases/lucene-solr/8.8.0)
2021-01-11 03:18:45 +1100  (origin/jira/solr-15052-8x)
2020-10-27 13:19:30 +0530  (tag: releases/lucene-solr/8.7.0)
2020-10-22 20:32:13 +0700  (tag: history/branches/lucene-solr/jira/SOLR-14354-revert)
2020-10-22 12:36:58 +1100  (tag: history/branches/lucene-solr/jira/V2Request)
2020-10-16 22:45:51 +0530  (tag: history/branches/lucene-solr/origin/branch_8_x)
2020-10-14 17:44:02 +0200  (tag: history/branches/lucene-solr/jira/solr-14914)
2020-10-01 16:32:18 -0700  (tag: releases/lucene-solr/8.6.3)
2020-08-25 13:57:00 -0700  (tag: releases/lucene-solr/8.6.2)
2020-08-10 11:43:28 -0400  (tag: releases/lucene-solr/8.6.1)
2020-07-07 08:22:26 +0530  (tag: releases/lucene-solr/8.6.0)
2020-07-06 06:36:33 -0400  (origin/jira/solr14593)
2020-09-29 20:11:15 +1000  (tag: history/branches/lucene-solr/jira/solr-14151-revert-8x-2, origin/jira/solr-14151-revert-8x-2)
2020-09-29 15:27:50 +1000  (origin/jira/solr-14151-new-revert-8x)
2020-09-19 10:51:55 +0530  (tag: history/branches/lucene-solr/jira/solr-14151-revert-8x)
2020-09-19 10:39:18 +0530  (tag: history/branches/lucene-solr/jira/solr-14151-revert-2)
2020-09-19 09:15:02 +0530  (tag: history/branches/lucene-solr/jira/solr-14151-revert)
2020-09-19 09:07:49 +0530  (tag: history/branches/lucene-solr/jira-14151-revert)
2020-09-01 16:39:03 -0700  (tag: history/branches/lucene-solr/jira/SOLR-14383)
2020-08-31 18:47:05 -0400  (tag: history/branches/lucene-solr/jira/solr-14799)
2020-08-25 23:25:01 +0530  (tag: history/branches/lucene-solr/jira/solr-14616)
2020-07-21 10:01:41 +0200  (tag: history/branches/lucene-solr/jira/LUCENE-9438)
2020-07-21 09:19:17 +0200  (tag: history/branches/lucene-solr/jira/LUCENE-9312)
2020-07-10 16:03:20 +1000  (tag: history/branches/lucene-solr/jira/solr14404_fix)
2020-07-04 17:38:30 +0530  (tag: history/branches/lucene-solr/jira/solr-14021, origin/jira/solr-14021)
2020-07-04 15:20:37 +0530  (tag: history/branches/lucene-solr/jira/solr-14603-8x, origin/jira/solr-14603-8x)
2020-07-04 13:45:43 +0530  (tag: history/branches/lucene-solr/jira/solr-14603, origin/jira/solr-14603)
2020-07-02 06:06:36 +0530  (tag: history/branches/lucene-solr/jira/solr-14022, origin/jira/solr-14022)
2020-07-02 05:40:03 +0530  (tag: history/branches/lucene-solr/jira/solr-14066-master, origin/jira/solr-14066-master)
2020-06-30 15:47:48 +0530  (tag: history/branches/lucene-solr/jira/solr-14599_1)
2020-06-30 12:52:12 +0530  (tag: history/branches/lucene-solr/jira/solr-14599)
2020-04-15 15:10:59 +0200  (origin/pointvalues)
2020-05-16 13:50:05 -0700  (tag: releases/lucene-solr/8.5.2)
2020-04-03 23:55:03 +0200  (tag: releases/lucene-solr/8.5.1)
2020-03-12 17:18:37 +0000  (tag: releases/lucene-solr/8.5.0)
2020-04-20 12:31:57 +1000  (tag: releases/lucene-solr/7.7.3)
2019-05-28 13:08:48 +0200  (tag: releases/lucene-solr/7.7.2)
2019-02-23 00:40:05 +0530  (tag: releases/lucene-solr/7.7.1)
2019-02-04 09:44:46 +0100  (tag: releases/lucene-solr/7.7.0)
2020-04-09 13:29:23 +1000  (tag: history/branches/lucene-solr/jira/solr14398)
2020-01-29 17:03:11 +0100  (tag: history/branches/lucene-solr/gradle-master)
2020-01-16 11:47:06 -0700  (origin/branch_7)
2020-01-10 10:46:07 +0530  (tag: releases/lucene-solr/8.4.1)
2019-12-19 17:14:17 +0100  (tag: releases/lucene-solr/8.4.0)
2020-01-07 20:21:13 +0200  (tag: history/branches/lucene-solr/jira/solr-14158)
2019-12-15 10:40:53 +0530  (tag: history/branches/lucene-solr/jira/solr-13662-fixes)
2019-12-12 14:39:49 +0530  (tag: history/branches/lucene-solr/jira/solr-14071)
2019-12-11 12:06:35 -0500  (tag: history/branches/lucene-solr/jira/solr-14025)
2019-12-11 06:27:42 +0530  (tag: history/branches/lucene-solr/jira/solr-13978)
2019-11-28 11:10:51 -0500  (tag: releases/lucene-solr/8.3.1)
2019-10-24 13:06:27 +0200  (tag: releases/lucene-solr/8.3.0)
2019-11-28 07:05:11 +0530  (tag: history/branches/lucene-solr/jira/solr-13971)
2019-11-20 17:05:20 +0100  (tag: history/branches/lucene-solr/jira/SOLR-13452_gradle_8)
2019-11-14 18:08:40 +0530  (tag: history/branches/lucene-solr/jira/solr-13662-3)
2019-11-12 07:12:40 +0530  (tag: history/branches/lucene-solr/jira/solr-13662-3_tmp)
2019-11-07 08:07:31 -0600  (tag: history/branches/lucene-solr/jira/SOLR-13452_gradle_7_refguide)
2019-11-04 19:31:20 +0530  (tag: history/branches/lucene-solr/jira/solr-13662-2)
2019-10-29 03:31:57 +0530  (tag: history/branches/lucene-solr/jira/solr-13662-updated)
2019-10-18 15:52:26 +0530  (tag: history/branches/lucene-solr/jira/solr-13662)
2019-10-15 14:32:25 +0530  (tag: history/branches/lucene-solr/jira/SOLR-13793)
2019-10-11 22:14:11 +0530  (tag: history/branches/lucene-solr/jira/SOLR-13834)
2019-10-03 09:15:11 +1000  (tag: history/branches/lucene-solr/jira/SOLR-13822_backup)
2019-10-02 14:51:28 +0530  (tag: history/branches/lucene-solr/jira/SOLR-13661_2)
2019-10-02 14:20:10 +0530  (tag: history/branches/lucene-solr/jira/SOLR-13661-reverted)
2019-09-14 18:51:22 -0500  (tag: history/branches/lucene-solr/jira/SOLR-13452_gradle_6)
2019-08-28 15:32:57 +0530  (tag: history/branches/lucene-solr/jira/solr-13718-8x)
2019-08-28 13:32:55 +0900  (tag: history/branches/lucene-solr/jira/SOLR-13452_gradle_5)
2019-07-23 21:42:13 +0900  (tag: history/branches/lucene-solr/revert-776-remove_icu_dependency)
2019-07-18 07:22:10 +0200  (tag: releases/lucene-solr/8.2.0)
2019-07-11 06:14:55 +0530  (tag: history/branches/lucene-solr/jira/solr-13619)
2019-07-08 05:46:53 +0530  (tag: history/branches/lucene-solr/jira/solr-13472)
2019-06-16 18:46:34 -0500  (tag: history/branches/lucene-solr/jira/SOLR-13452_gradle_4)
2019-06-13 09:32:08 -0500  (tag: history/branches/lucene-solr/jira/SOLR-13452_gradle_3)
2019-06-10 17:13:42 +1000  (tag: history/branches/lucene-solr/jira/SOLR-13229)
2019-05-30 19:27:42 -0500  (tag: history/branches/lucene-solr/jira/SOLR-13452_gradle_2)
2019-05-22 13:39:23 +0200  (tag: releases/lucene-solr/8.1.1)
2019-05-09 12:16:00 +0530  (tag: releases/lucene-solr/8.1.0)
2019-05-14 15:29:22 +0200  (tag: history/branches/lucene-solr/jira/SOLR-13462)
2019-04-16 00:57:17 +0200  (tag: history/branches/lucene-solr/jira/LUCENE-8738)
2019-03-27 13:32:24 +0530  (tag: releases/lucene-solr/6.6.6)
2018-06-30 09:46:09 +0530  (tag: releases/lucene-solr/6.6.5)
2018-05-10 06:46:45 +0530  (tag: releases/lucene-solr/6.6.4)
2018-03-02 13:46:50 -0500  (tag: releases/lucene-solr/6.6.3)
2017-10-15 22:01:47 +0530  (tag: releases/lucene-solr/6.6.2)
2017-08-29 19:26:22 +0530  (tag: releases/lucene-solr/6.6.1)
2017-05-29 22:52:28 +0530  (tag: releases/lucene-solr/6.6.0)
2019-03-08 01:21:31 -0800  (tag: releases/lucene-solr/8.0.0)
2019-03-04 01:58:51 -0500  (tag: history/branches/lucene-solr/solr-13131)
2018-12-19 10:59:33 +0100  (tag: history/branches/lucene-solr/jira/solr-12259)
2018-12-15 10:03:31 +0000  (tag: history/branches/lucene-solr/jira/http2)
2018-12-07 19:33:07 +0100  (tag: releases/lucene-solr/7.6.0)
2018-11-04 18:00:54 +0000  (tag: history/branches/lucene-solr/jira/gradle)
2018-09-17 15:02:47 -0400  (tag: releases/lucene-solr/7.5.0)
2018-06-18 14:39:34 +0200  (tag: releases/lucene-solr/7.4.0)
2018-06-16 22:05:49 -0500  (tag: history/branches/lucene-solr/starburst)
2018-06-07 22:47:36 -0600  (tag: history/branches/lucene-solr/solr-6733)
2018-05-06 23:13:48 +0530  (tag: releases/lucene-solr/7.3.1)
2018-03-27 22:51:42 +0200  (tag: releases/lucene-solr/7.3.0)
2018-03-02 11:18:10 +0900  (tag: history/branches/lucene-solr/SOLR-11795)
2018-01-09 10:37:27 +0100  (tag: releases/lucene-solr/7.2.1)
2017-12-13 14:35:15 -0600  (tag: releases/lucene-solr/7.2.0)
2017-10-20 08:38:00 -0400  (tag: releases/lucene-solr/5.5.5)
2017-02-08 07:02:14 -0500  (tag: releases/lucene-solr/5.5.4)
2016-08-31 20:39:26 +0530  (tag: releases/lucene-solr/5.5.3)
2016-06-21 19:42:05 +0530  (tag: releases/lucene-solr/5.5.2)
2016-04-30 12:42:20 -0700  (tag: releases/lucene-solr/5.5.1)
2016-02-16 17:11:54 +0100  (tag: releases/lucene-solr/5.5.0)
2017-10-13 20:34:20 +0530  (tag: releases/lucene-solr/7.1.0)
2017-10-02 13:34:30 -0400  (tag: releases/lucene-solr/7.0.1)
2017-09-08 17:41:54 +0200  (tag: releases/lucene-solr/7.0.0)
2017-04-21 11:28:29 +0200  (tag: releases/lucene-solr/6.5.1)
2017-03-18 15:10:40 -0400  (tag: releases/lucene-solr/6.5.0)
2017-03-01 09:23:23 +0100  (tag: releases/lucene-solr/6.4.2)
2017-02-01 11:36:15 +0100  (tag: releases/lucene-solr/6.4.1)
2017-01-17 08:23:21 -0500  (tag: releases/lucene-solr/6.4.0)
2016-12-16 22:38:30 +0100  (tag: history/branches/lucene-solr/LUCENE-6989-v2)
2016-11-02 06:49:34 -0400  (tag: releases/lucene-solr/6.3.0)
2016-09-15 04:35:08 +0530  (tag: releases/lucene-solr/6.2.1)
2016-08-20 04:31:14 -0400  (tag: releases/lucene-solr/6.2.0)
2016-06-12 13:14:53 +0530  (tag: releases/lucene-solr/6.1.0)
2016-05-23 18:51:20 -0400  (tag: releases/lucene-solr/6.0.1)
2016-04-01 06:33:28 -0400  (tag: releases/lucene-solr/6.0.0)
2016-02-11 04:25:38 -0500  (tag: history/branches/lucene-solr/jira/lucene-5438-nrt-replication)
2016-02-06 08:26:15 -0500 
2016-02-06 04:47:16 -0500  (tag: history/branches/lucene-solr/lucene-6835)
2016-02-05 10:58:39 -0600  (tag: history/branches/lucene-solr/lucene-6997)
2016-02-05 11:09:53 -0600  (tag: history/branches/lucene-solr/lucene-7015)
2016-01-22 19:48:12 +0000  (tag: history/branches/lucene-solr/lucene_solr_5_3)
2016-01-16 18:07:46 +0000  (tag: releases/lucene-solr/5.3.2)
2016-01-21 15:15:11 +0000  (tag: releases/lucene-solr/5.4.1)
2016-01-18 10:00:10 +0000  (tag: history/branches/lucene-solr/lucene_solr_5_4)
2016-01-10 20:03:39 +0000  (tag: history/branches/lucene-solr/lucene_solr_4_10)
2016-01-10 19:56:21 +0000  (tag: history/branches/lucene-solr/lucene_solr_5_0)
2016-01-10 19:55:55 +0000  (tag: history/branches/lucene-solr/lucene_solr_5_1)
2016-01-10 19:54:17 +0000  (tag: history/branches/lucene-solr/lucene_solr_5_2)
2015-12-22 11:31:17 +0000  (tag: history/branches/lucene-solr/lucene6835)
2015-12-10 10:53:02 +0000  (tag: releases/lucene-solr/5.4.0)
2015-10-25 11:41:14 +0000  (tag: history/branches/lucene-solr/lucene6852)
2015-10-21 17:32:27 +0000  (tag: history/branches/lucene-solr/lucene6780)
2015-10-21 09:38:38 +0000  (tag: history/branches/lucene-solr/lucene6825)
2015-09-23 10:39:08 +0000  (tag: releases/lucene-solr/5.3.1)
2015-09-02 14:01:01 +0000  (tag: history/branches/lucene-solr/lucene6699)
2015-08-24 09:19:57 +0000  (tag: history/branches/lucene-solr/solr7790)
2015-07-17 11:10:25 +0000  (tag: history/branches/lucene-solr/solr7787)
2015-08-20 06:16:57 +0000  (tag: releases/lucene-solr/5.3.0)
2015-08-06 14:29:07 +0000  (tag: history/branches/lucene-solr/lucene5012)
2015-06-14 19:28:30 +0000  (tag: releases/lucene-solr/5.2.1)
2015-06-06 17:30:39 +0000  (tag: releases/lucene-solr/5.2.0)
2015-06-04 19:24:05 +0000  (tag: history/branches/lucene-solr/LUCENE-6481)
2015-05-31 02:50:21 +0000  (tag: history/branches/lucene-solr/lucene6487)
2015-06-02 12:48:42 +0000  (tag: history/branches/lucene-solr/lucene6508)
2015-05-04 20:13:25 +0000  (tag: history/branches/lucene-solr/lucene6196)
2015-04-03 20:59:31 +0000  (tag: history/branches/lucene-solr/lucene6271)
2015-03-02 20:45:39 +0000  (tag: history/branches/lucene-solr/lucene6238)
2015-02-26 19:36:44 +0000  (tag: history/branches/lucene-solr/lucene6299)
2015-04-13 14:39:36 +0000  (tag: releases/lucene-solr/5.1.0)
2015-03-03 00:09:34 +0000  (tag: releases/lucene-solr/4.10.4)
2015-02-19 07:48:16 +0000  (tag: releases/lucene-solr/5.0.0)
2014-09-18 07:27:05 +0000  (origin/branch_4x)
2015-02-08 23:53:14 +0000  (tag: history/branches/lucene-solr/lucene6005)
2014-12-20 17:11:15 +0000  (tag: releases/lucene-solr/4.10.3)
2014-12-17 14:46:45 +0000  (tag: history/branches/lucene-solr/lucene2878)
2014-11-20 06:55:58 +0000  (tag: history/branches/lucene-solr/lucene6065)
2014-10-22 12:41:43 +0000  (tag: history/branches/lucene-solr/lucene5969)
2014-10-07 03:05:46 +0000  (tag: history/branches/lucene-solr/lucene5995)
2014-09-02 11:02:42 +0000  (tag: history/branches/lucene-solr/lucene5858)
2014-10-29 13:19:29 +0000  (tag: releases/lucene-solr/4.10.2)
2014-09-27 22:34:16 +0000  (tag: releases/lucene-solr/4.10.1)
2014-09-23 14:35:01 +0000  (tag: history/branches/lucene-solr/lucene_solr_4_8)
2014-09-21 11:18:32 +0000  (tag: releases/lucene-solr/4.9.1)
2014-09-18 07:50:36 +0000  (tag: history/branches/lucene-solr/lucene_solr_4_9)
2014-09-02 16:45:39 +0000  (tag: releases/lucene-solr/4.10.0)
2014-08-27 10:15:38 +0000  (tag: history/branches/lucene-solr/lucene5904)
2014-06-29 19:35:18 +0000  (tag: history/branches/lucene-solr/lucene5786)
2014-06-24 09:47:02 +0000  (tag: releases/lucene-solr/4.9.0)
2014-06-19 16:25:31 +0000  (tag: history/branches/lucene-solr/solr-5473)
2014-06-18 16:44:28 +0000  (tag: history/branches/lucene-solr/lucene5752)
2014-06-06 06:10:25 +0000  (tag: history/branches/lucene-solr/LUCENE-5716)
2014-05-22 21:47:52 +0000  (tag: history/branches/lucene-solr/lucene5675)
2014-05-22 05:45:38 +0000  (tag: history/branches/lucene-solr/lucene5650)
2014-05-21 16:03:15 +0000  (tag: history/branches/lucene-solr/lucene4236)
2014-05-16 15:04:20 +0000  (tag: history/branches/lucene-solr/lucene5666)
2014-04-30 09:24:13 +0000  (tag: history/branches/lucene-solr/LUCENE-5622)
2014-04-29 15:56:46 +0000  (tag: history/branches/lucene-solr/lucene5611)
2014-05-19 12:32:13 +0000  (tag: releases/lucene-solr/4.8.1)
2014-05-16 10:57:52 +0000  (tag: history/branches/lucene-solr/solr5473)
2014-04-05 09:02:57 +0000  (tag: history/branches/lucene-solr/solr5914)
2014-05-02 22:46:26 +0000  (tag: history/branches/lucene-solr/lucene_solr_4_7)
2014-05-02 17:52:05 +0000  (tag: history/branches/lucene-solr/lucene5376_2)
2014-04-27 22:03:26 +0000  (tag: releases/lucene-solr/4.8.0)
2014-04-14 07:25:06 +0000  (tag: releases/lucene-solr/4.7.2)
2014-04-08 10:43:01 +0000  (tag: history/branches/lucene-solr/lucene5438)
2014-04-01 13:40:19 +0000  (tag: releases/lucene-solr/4.7.1)
2014-04-01 05:23:46 +0000  (tag: history/branches/lucene-solr/lucene5205)
2014-03-11 19:03:45 +0000  (tag: history/branches/lucene-solr/lucene5487)
2014-03-06 19:15:25 +0000  (tag: history/branches/lucene-solr/lucene5493)
2014-03-20 19:16:30 +0000  (tag: history/branches/lucene-solr/lucene_solr_3_6)
2014-03-16 10:10:32 +0000  (tag: history/branches/lucene-solr/lucene5376)
2014-02-27 20:42:52 +0000  (tag: history/branches/lucene-solr/lucene5468)
2014-02-25 11:43:25 +0000  (tag: releases/lucene-solr/4.7.0)
2014-02-21 06:32:06 +0000  (tag: history/branches/lucene-solr/solr4470)
2014-02-19 10:26:06 +0000 
2014-01-16 00:01:16 +0000  (tag: history/branches/lucene-solr/lucene539399)
2014-01-02 00:23:24 +0000  (tag: history/branches/lucene-solr/lucene5339)
2013-07-03 23:26:32 +0000  (tag: history/branches/lucene-solr/security)
2014-01-27 17:08:04 +0000  (tag: releases/lucene-solr/4.6.1)
2014-01-24 01:09:58 +0000  (tag: history/branches/lucene-solr/lucene_solr_4_6)
2013-11-22 14:12:35 +0000  (tag: releases/lucene-solr/4.6.0)
2013-10-28 04:27:29 +0000  (tag: history/branches/lucene-solr/lucene4956)
2013-10-25 20:16:03 +0000  (tag: releases/lucene-solr/4.5.1)
2013-10-17 21:17:40 +0000  (tag: history/branches/lucene-solr/lucene_solr_4_5)
2013-10-24 16:42:14 +0000  (tag: history/branches/lucene-solr/LUCENE-2878)
2013-09-15 16:38:57 +0000  (tag: history/branches/lucene-solr/lucene5207)
2013-09-06 16:04:51 +0000  (tag: history/branches/lucene-solr/lucene3069)
2013-08-20 20:37:06 +0000  (tag: history/branches/lucene-solr/lucene5178)
2013-10-02 10:53:13 +0000  (tag: releases/lucene-solr/4.5.0)
2013-08-12 11:10:19 +0000  (tag: history/branches/lucene-solr/lucene_solr_4_3)
2013-08-05 10:51:48 +0000  (tag: history/branches/lucene-solr/solr_guice_restlet)
2013-07-26 02:47:18 +0000  (tag: history/branches/lucene-solr/lucene5127)
2013-07-24 12:07:07 +0000  (tag: history/branches/lucene-solr/lucene4335)
2013-07-22 15:30:14 +0000  (tag: releases/lucene-solr/4.4.0)
2013-07-19 02:33:58 +0000  (tag: history/branches/lucene-solr/lucene_solr_4_4)
2013-07-02 07:12:00 +0000  (tag: history/branches/lucene-solr/lucene4258)
2013-02-18 02:37:43 +0000  (tag: history/branches/lucene-solr/lucene4765)
2013-02-07 13:33:00 +0000  (tag: history/branches/lucene-solr/lucene4547)
2012-10-30 17:05:33 +0000 
2012-10-30 14:13:41 +0000  (tag: history/branches/lucene-solr/cleanup2878)
2012-10-30 16:02:13 +0000  (tag: history/branches/lucene-solr/lucene3846)
2012-10-13 16:54:02 +0000  (tag: history/branches/lucene-solr/lucene4446)
2012-10-03 15:51:56 +0000  (tag: history/branches/lucene-solr/slowclosing)
2013-06-13 18:27:55 +0000  (tag: releases/lucene-solr/4.3.1)
2013-05-20 20:29:07 +0000  (tag: history/branches/lucene-solr/lucene_solr_4_2)
2013-05-06 12:56:17 +0000  (tag: releases/lucene-solr/4.3.0)
2013-04-03 15:56:11 +0000  (tag: releases/lucene-solr/4.2.1)
2013-03-11 02:00:06 +0000  (tag: releases/lucene-solr/4.2.0)
2013-01-26 02:56:15 +0000  (tag: history/branches/lucene-solr/lucene_solr_4_1)
2013-01-21 13:27:03 +0000  (tag: releases/lucene-solr/4.1.0)
2012-12-24 17:24:21 +0000  (tag: releases/lucene-solr/3.6.2)
2012-11-22 16:16:07 +0000  (tag: history/branches/lucene-solr/lucene_solr_4_0)
2012-10-11 08:51:26 +0000  (tag: releases/lucene-solr/4.0.0)
2012-10-04 22:33:13 +0000  (tag: history/branches/lucene-solr/ghost_of_4456)
2012-10-03 00:10:32 +0000  (tag: history/branches/lucene-solr/lucene4456)
2012-09-20 23:26:08 +0000  (tag: history/branches/lucene-solr/solr3733)
2012-09-28 13:28:33 +0000  (tag: history/branches/lucene-solr/lucene3842)
2012-09-02 11:26:32 +0000  (tag: history/branches/lucene-solr/lucene3312)
2012-08-21 11:05:37 +0000  (tag: history/branches/lucene-solr/pforcodec_3892)
2012-07-25 09:01:51 +0000  (tag: history/branches/lucene-solr/lucene2510)
2012-07-09 14:29:17 +0000  (tag: history/branches/lucene-solr/lucene4199)
2012-09-26 14:06:32 +0000  (tag: history/branches/lucene-solr/throwawaybranch)
2012-08-10 11:19:21 +0000  (tag: releases/lucene-solr/4.0.0-beta)
2012-07-21 16:47:03 +0000  (tag: releases/lucene-solr/3.6.1)
2012-07-07 01:02:07 +0000  (tag: history/branches/lucene-solr/lucene4100)
2012-06-29 01:33:32 +0000  (tag: releases/lucene-solr/4.0.0-alpha)
2012-05-24 21:41:14 +0000  (tag: history/branches/lucene-solr/lucene4055)
2012-05-09 15:35:53 +0000  (tag: history/branches/lucene-solr/lucene3837)
2012-04-11 19:41:06 +0000  (tag: history/branches/lucene-solr/lucene3969)
2012-04-11 18:09:20 +0000  (tag: releases/lucene-solr/3.6.0)
2012-04-06 16:21:00 +0000  (origin/branch_3x)
2012-04-02 01:29:20 +0000  (tag: history/branches/lucene-solr/lucene3930)
2012-03-13 18:07:27 +0000  (tag: history/branches/lucene-solr/lucene3795_lsp_spatial_module)
2012-03-07 20:02:23 +0000  (tag: history/branches/lucene-solr/solr_3159_jetty8)
2012-02-16 17:47:06 +0000  (tag: history/branches/lucene-solr/lucene3767)
2012-01-31 13:26:22 +0000  (tag: history/branches/lucene-solr/lucene3733)
2012-01-30 22:31:51 +0000  (tag: history/branches/lucene-solr/lucene2858)
2012-01-30 18:16:54 +0000  (tag: history/branches/lucene-solr/lucene3661)
2012-01-30 19:10:17 +0000  (tag: history/branches/lucene-solr/solrcloud)
2012-01-13 23:20:08 +0000  (tag: history/branches/lucene-solr/lucene3453)
2012-01-12 18:55:30 +0000  (tag: history/branches/lucene-solr/lucene3305)
2011-12-13 18:44:38 +0000  (tag: history/branches/lucene-solr/lucene3622)
2011-12-08 18:29:35 +0000  (tag: history/branches/lucene-solr/lucene3606)
2011-11-28 20:11:35 +0000  (tag: history/branches/lucene-solr/lucene_solr_3_5)
2011-11-25 22:54:01 +0000  (tag: releases/lucene-solr/3.5.0)
2011-11-16 18:54:57 +0000  (tag: history/branches/lucene-solr/lucene2621)
2011-09-14 17:30:56 +0000  (tag: releases/lucene-solr/3.4.0)
2011-09-12 06:19:37 +0000  (tag: history/branches/lucene-solr/lucene_solr_3_4)
2011-09-09 16:33:03 +0000  (tag: history/branches/lucene-solr/flexscoring)
2011-08-25 12:28:55 +0000  (tag: history/branches/lucene-solr/fieldtype_conflicted)
2011-08-19 16:40:56 +0000  (tag: history/branches/lucene-solr/blocktree_3030)
2011-08-15 17:11:29 +0000  (tag: history/branches/lucene-solr/fieldtype)
2011-07-22 11:47:38 +0000  (tag: history/branches/lucene-solr/positions)
2011-07-11 21:55:45 +0000  (tag: history/branches/lucene-solr/omitp)
2011-07-09 18:55:21 +0000  (tag: history/branches/lucene-solr/solr2452)
2011-07-08 08:09:32 +0000  (tag: history/branches/lucene-solr/LUCENE2793)
2011-06-30 05:17:03 +0000  (tag: releases/lucene-solr/3.3)
2011-06-26 13:05:40 +0000  (tag: history/branches/lucene-solr/lucene_solr_3_3)
2011-06-24 23:07:10 +0000  (tag: history/branches/lucene-solr/solr2193)
2011-06-10 12:05:03 +0000  (tag: history/branches/lucene-solr/docvalues)
2011-06-11 12:32:34 +0000  (tag: history/branches/lucene-solr/lucene_solr_3_2)
2011-06-07 20:56:07 +0000  (tag: history/branches/lucene-solr/lucene_solr_3_1)
2011-06-03 13:13:46 +0000  (tag: releases/lucene-solr/3.2)
2011-05-29 02:53:45 +0000  (tag: history/branches/lucene-solr/leaky3147)
2011-05-20 16:11:51 +0000  (tag: history/branches/lucene-solr/fqmodule_2883)
2011-05-10 14:35:56 +0000  (tag: history/branches/lucene-solr/bulkpostings)
2011-04-29 11:03:16 +0000  (tag: history/branches/lucene-solr/realtime_search)
2011-04-04 22:37:28 +0000  (tag: history/branches/lucene-solr/pseudo)
2010-07-26 19:31:34 +0000  (tag: history/branches/lucene-solr/preflexfixes)
2011-03-30 12:24:12 +0000  (tag: releases/lucene-solr/3.1)
2010-03-17 20:59:27 +0000  (tag: grafts/lucene-solr-oldest-merged)
2016-01-23 01:19:00 +0100 
2010-03-17 19:59:42 +0000  (tag: grafts/solr-latest)
2010-03-19 22:25:56 +0000  (tag: grafts/lucene-latest)
2010-03-17 14:57:32 +0000  (tag: grafts/lucene-solr-copy)
2010-03-05 15:46:52 +0000  (tag: history/branches/solr/cloud)
2010-02-24 17:45:18 +0000  (tag: releases/lucene/2.9.2)
2010-02-24 17:43:44 +0000  (tag: releases/lucene/3.0.1)
2009-11-25 15:05:46 +0000  (tag: releases/lucene/3.0.0)
2009-11-09 19:57:05 +0000  (tag: releases/solr/1.4.0)
2009-11-06 16:44:27 +0000  (tag: releases/lucene/2.9.1)
2009-09-24 19:41:10 +0000  (tag: releases/lucene/2.9.0)
2009-06-24 16:30:12 +0000  (tag: releases/lucene/2.4.1)
2008-10-08 17:39:25 +0000  (tag: releases/lucene/2.4.0)
2008-10-07 00:36:38 +0000  (tag: history/branches/solr/branch-1.3)
2008-09-15 17:31:27 +0000  (tag: releases/solr/1.3.0)
2008-05-06 04:38:55 +0000  (tag: releases/lucene/2.3.2)
2008-02-22 22:55:31 +0000  (tag: releases/lucene/2.3.1)
2008-01-24 02:50:36 +0000  (tag: releases/lucene/2.3.0)
2007-06-17 07:15:16 +0000  (tag: releases/lucene/2.2.0)
2007-06-07 01:53:09 +0000  (tag: releases/solr/1.2.0)
2007-01-17 23:06:16 +0000  (tag: grafts/solr-oldest)
2007-01-17 17:06:44 +0000  (tag: grafts/solr-incubator-latest)
2007-02-14 16:59:26 +0000  (tag: releases/lucene/2.1.0)
2006-12-22 21:38:54 +0000  (tag: releases/solr/1.1.0)
2006-05-26 18:28:02 +0000  (tag: releases/lucene/2.0.0)
2006-03-02 20:32:33 +0000  (tag: releases/lucene/1.9.1)
2006-02-27 20:52:28 +0000  (tag: releases/lucene/1.9)
2006-02-21 16:34:12 +0000  (tag: releases/lucene/1.9-rc1)
2004-11-26 16:52:14 +0000  (tag: releases/lucene/1.4.3)
2004-10-01 21:40:15 +0000  (tag: releases/lucene/1.4.2)
2004-08-02 21:00:21 +0000  (tag: releases/lucene/1.4.1)
2004-07-01 17:40:41 +0000  (tag: releases/lucene/1.4)
2004-05-11 20:37:38 +0000  (tag: releases/lucene/1.4-rc3)
2004-03-30 17:48:45 +0000  (tag: releases/lucene/1.4-rc2)
2004-03-29 23:20:54 +0000  (tag: releases/lucene/1.4-rc1)
2003-12-26 18:05:27 +0000  (tag: releases/lucene/1.2)
2003-12-26 18:05:27 +0000  (tag: releases/lucene/1.3)
2003-11-25 22:01:47 +0000  (tag: releases/lucene/1.3-rc3)
2003-10-22 15:09:33 +0000  (tag: releases/lucene/1.3-rc2)
2003-03-20 18:28:13 +0000  (tag: releases/lucene/1.3-rc1)
2002-05-13 20:18:42 +0000  (tag: releases/lucene/1.2-rc5)
2002-02-14 20:49:30 +0000  (tag: releases/lucene/1.2-rc4)
2002-01-27 23:20:30 +0000  (tag: releases/lucene/1.2-rc3)
2001-10-19 17:15:19 +0000  (tag: releases/lucene/1.2-rc2)
2001-10-02 18:31:22 +0000  (tag: releases/lucene/1.2-rc1)
2001-09-18 16:30:03 +0000  (tag: releases/lucene/1.0.1)