2020-09-11 09:35:11 -0700  (tag: mahout-14.1)
2020-07-28 17:49:21 +0200  (origin/issue/MAHOUT-2117)
2020-06-26 12:36:03 -0500  (origin/build-cleanup)
2020-01-31 22:28:23 -0800  (tag: mahout_2.12-14.1-RC4)
2020-01-31 21:03:16 -0800  (tag: mahout_2.11-14.1-RC4)
2020-01-13 22:04:24 -0800  (tag: mahout-14.1_2.12-RC3)
2020-01-13 20:42:20 -0800  (tag: mahout-14.1-2_11-RC3)
2019-12-14 18:52:52 -0800  (tag: mahout-14.1_2.12-RC1, tag: mahout-14.1_2.12)
2019-12-14 16:57:02 -0800  (tag: mahout-14.1-RC1)
2019-11-03 21:56:43 -0800  (tag: mahout-14.1_2.11)
2019-09-27 12:33:58 -0500  (origin/mahout-14.2)
2019-03-01 14:22:39 -0800  (origin/how-to-release-edits)
2019-03-01 09:58:09 -0800  (tag: mahout-0.14.0)
2019-01-11 11:32:23 -0800  (origin/branch-0.14.0)
2017-12-05 22:44:12 -0800  (origin/mahout-1981)
2017-07-06 23:42:30 -0500  (tag: mahout-0.13.1-rc1)
2017-04-22 13:58:17 -0500  (origin/branch-0.13.0)
2017-04-14 22:09:39 -0700  (tag: mahout-0.13.0)
2016-09-06 18:38:03 -0400  (tag: mahout-0.12.3)
2016-06-13 10:29:57 -0400  (tag: mahout-0.12.2)
2016-05-18 17:44:01 -0400  (tag: mahout-0.12.1)
2016-04-11 08:20:42 -0400  (tag: mahout-0.12.0)
2016-03-11 16:44:36 -0500  (tag: mahout-0.11.2)
2015-11-06 14:12:43 -0500  (tag: mahout-0.11.1)
2015-08-06 00:31:35 -0400  (tag: mahout-0.11.0)
2015-08-05 19:12:31 -0400  (tag: mahout-0.10.2)
2015-05-30 21:32:36 -0400  (tag: mahout-0.10.1)
2015-04-10 20:50:30 -0400  (tag: mahout-0.10.0)
2014-01-29 00:32:09 +0000  (tag: mahout-0.9)
2013-07-08 01:55:42 +0000  (tag: mahout-0.8)
2012-06-12 08:29:52 +0000  (tag: mahout-0.7)
2012-02-01 12:35:29 +0000  (tag: mahout-0.6)
2011-05-28 11:45:15 +0000  (tag: mahout-0.5)
2011-04-29 12:53:34 +0000  (tag: mahout-0.5-RC1)
2011-04-29 12:02:09 +0000  (tag: mahout-0.5-RC-1)
2010-10-28 14:40:13 +0000  (tag: mahout-0.4)
2010-05-12 16:07:37 +0000  (tag: mahout-0.1)
2010-05-12 16:07:37 +0000  (tag: mahout-0.2)
2010-05-12 16:07:37 +0000  (tag: mahout-0.3)
2010-05-12 16:07:37 +0000  (tag: mahout-collection-codegen-plugin-1.0)
2009-12-22 14:56:19 +0000 
2010-05-12 16:07:37 +0000  (tag: mahout-collections-1.0)
2010-02-08 02:03:12 +0000 