2022-05-12 09:07:59 +0000  (tag: release-2.22.1)
2022-05-10 01:21:00 +0000  (tag: release-2.22.1-RC1)
2022-05-10 00:27:39 +0000  (origin/release-2.22-branch)
2022-05-09 00:06:48 +0000  (tag: release-2.22.1-RC0)
2022-05-03 16:20:24 +0000  (tag: release-2.22)
2022-04-29 13:38:58 +0000  (tag: release-2.22-RC3)
2022-04-27 13:44:20 +0000  (tag: release-2.22-RC2)
2022-04-22 06:47:02 +0000  (tag: release-2.22-RC1)
2022-04-21 07:21:06 +0000  (tag: release-2.22-RC0)
2022-01-11 17:15:49 +0000  (origin/CONNECTORS-1692)
2022-01-03 17:35:00 +0000  (tag: release-2.21)
2021-12-26 11:26:02 +0000  (tag: release-2.21-RC0)
2021-12-26 05:31:45 +0000  (origin/release-2.21-branch)
2021-12-12 11:05:43 +0000  (origin/CONNECTORS-1684)
2021-10-01 14:33:27 +0000  (tag: release-2.20)
2021-09-25 13:19:42 +0000  (tag: release-2.20-RC0)
2021-09-24 06:41:40 +0000  (origin/release-2.20-branch)
2021-06-25 13:40:38 +0000  (origin/CONNECTORS-1667)
2021-05-10 10:35:08 +0000  (tag: release-2.19)
2021-05-06 09:26:19 +0000  (tag: release-2.19-RC1)
2021-05-06 04:56:30 +0000  (origin/release-2.19-branch)
2021-04-28 23:17:33 +0000  (tag: release-2.19-RC0)
2020-12-28 23:46:05 +0000  (tag: release-2.18)
2020-12-12 11:21:02 +0000  (tag: release-2.18-RC0)
2020-12-12 08:49:39 +0000  (origin/release-2.18-branch)
2020-11-21 12:36:24 +0000  (origin/CONNECTORS-1653)
2020-09-16 08:34:39 +0000  (tag: release-2.17)
2020-09-05 10:29:24 +0000  (tag: release-2.17-RC1)
2020-08-25 12:00:37 +0000  (tag: release-2.17-RC0)
2020-05-06 20:17:49 +0000  (tag: release-2.16)
2020-05-03 18:30:54 +0000  (tag: release-2.16-RC0)
2020-05-03 15:31:33 +0000  (origin/release-2.16-branch)
2020-05-03 11:56:07 +0000  (origin/CONNECTORS-1639)
2020-03-06 17:02:08 +0000  (origin/CONNECTORS-1637)
2019-12-26 02:21:10 +0000  (tag: release-2.15)
2019-12-23 00:09:22 +0000  (tag: release-2.15-RC0)
2019-12-21 17:50:22 +0000  (origin/release-2.15-branch)
2019-09-26 01:20:37 +0000  (tag: release-2.14-RC2)
2019-09-24 17:27:27 +0000  (tag: release-2.14-RC1)
2019-09-24 12:59:31 +0000  (tag: release-2.14-RC0)
2019-09-06 20:35:08 +0000 
2019-09-06 18:49:18 +0000  (origin/CONNECTORS-1566)
2019-08-16 06:27:21 +0000  (origin/CONNECTORS-1618)
2019-04-24 17:35:27 +0000  (origin/CONNECTORS-1498)
2019-05-01 22:19:25 +0000  (tag: release-2.13)
2019-04-25 21:32:05 +0000  (tag: release-2.13-RC1)
2019-04-25 20:45:58 +0000  (origin/release-2.13-branch)
2019-04-24 21:51:58 +0000  (tag: release-2.13-RC0)
2018-12-20 18:27:57 +0000  (tag: release-2.12)
2018-12-16 20:12:13 +0000  (tag: release-2.12-RC0)
2018-12-16 02:05:39 +0000  (origin/release-2.12-branch)
2018-09-28 16:37:28 +0000  (tag: release-2.11)
2018-09-25 12:21:42 +0000  (tag: release-2.11-RC4)
2018-09-25 11:50:19 +0000  (origin/release-2.11-branch)
2018-09-24 14:41:19 +0000  (tag: release-2.11-RC3)
2018-09-21 17:53:41 +0000  (tag: release-2.11-RC2)
2018-09-20 01:55:08 +0000  (tag: release-2.11-RC1)
2018-09-19 14:54:41 +0000  (tag: release-2.11-RC0)
2018-08-10 11:28:19 +0000  (origin/CONNECTORS-1490)
2018-04-19 05:11:05 +0000  (tag: release-2.10)
2018-04-15 17:18:45 +0000  (tag: release-2.10-RC0)
2018-03-17 15:06:33 +0000  (origin/CONNECTORS-1500)
2018-01-15 23:46:25 +0000  (tag: release-2.9.1)
2018-01-12 16:51:06 +0000  (tag: release-2.9.1-RC0)
2018-01-11 20:26:34 +0000  (origin/release-2.9-branch)
2017-12-23 00:33:27 +0000  (tag: release-2.9)
2017-12-19 20:07:28 +0000  (tag: release-2.9-RC2)
2017-12-16 17:20:00 +0000  (tag: release-2.9-RC1)
2017-12-15 09:16:26 +0000  (tag: release-2.9-RC0)
2017-10-22 12:49:22 +0000  (origin/CONNECTORS-1468)
2017-09-07 23:18:00 +0000  (tag: release-2.8.1)
2017-09-02 15:31:53 +0000  (tag: release-2.8.1-RC2)
2017-09-02 10:32:11 +0000  (origin/release-2.8-branch)
2017-09-01 17:40:21 +0000  (tag: release-2.8.1-RC1)
2017-09-01 11:05:09 +0000  (tag: release-2.8.1-RC0)
2017-08-18 11:15:24 +0000  (tag: release-2.8)
2017-08-15 09:04:29 +0000  (tag: release-2.8-RC0)
2017-05-12 08:58:40 +0000  (origin/CONNECTORS-1425)
2017-05-10 12:39:21 +0000  (origin/CONNECTORS-1424)
2017-05-02 16:00:56 +0000 
2017-05-02 15:40:01 +0000  (origin/CONNECTORS-1403)
2017-04-28 20:30:03 +0000  (origin/CONNECTORS-1418)
2017-04-17 06:10:37 +0000  (origin/CONNECTORS-1290-3)
2017-04-15 06:36:10 +0000  (origin/CONNECTORS-1290-2)
2017-04-05 13:10:06 +0000 
2016-11-23 07:51:24 +0000  (origin/CONNECTORS-1290)
2017-05-10 15:50:59 +0000  (tag: release-2.7.1)
2017-05-07 13:45:16 +0000  (tag: release-2.7.1-RC0)
2017-05-06 00:41:23 +0000  (origin/release-2.7-branch)
2017-04-20 21:54:27 +0000  (tag: release-2.7)
2017-04-17 14:43:39 +0000  (tag: release-2.7-RC1)
2017-04-20 21:54:17 +0000  (tag: release-2.7-RC0)
2017-03-25 08:33:13 +0000 
2017-03-25 08:01:54 +0000  (origin/CONNECTORS-1196-3)
2017-03-24 11:44:41 +0000  (origin/CONNECTORS-1399)
2017-03-23 08:06:57 +0000  (origin/CONNECTORS-1196-2)
2016-12-30 12:23:31 +0000  (tag: release-2.6)
2016-12-22 07:55:40 +0000  (tag: release-2.6-RC1)
2016-12-20 15:37:59 +0000  (origin/release-2.6-branch)
2016-12-17 00:58:09 +0000  (tag: release-2.6-RC0)
2016-11-27 20:21:16 +0000  (origin/CONNECTORS-1344)
2016-08-19 00:49:56 +0000  (tag: release-2.5)
2016-08-15 22:54:20 +0000  (tag: release-2.5-RC0)
2016-08-15 21:25:15 +0000  (origin/release-2.5-branch)
2016-05-10 11:36:36 +0000  (origin/CONNECTORS-1313)
2016-04-30 18:04:26 +0000  (origin/CONNECTORS-1308)
2016-04-17 21:09:45 +0000  (tag: release-2.4-RC0)
2016-04-15 23:54:02 +0000  (origin/release-2.4-branch)
2016-01-28 15:02:41 +0000  (origin/CONNECTORS-1270)
2016-01-26 12:26:13 +0000  (origin/OpenNlpTransformationConnector)
2015-12-17 12:28:34 +0000  (tag: release-2.3)
2015-12-14 11:04:09 +0000  (tag: release-2.3-RC1)
2015-12-14 08:07:26 +0000  (origin/release-2.3-branch)
2015-12-11 19:17:49 +0000  (tag: release-2.3-RC0)
2015-12-11 11:54:46 +0000  (origin/CONNECTORS-1263)
2015-10-14 11:55:29 +0000  (origin/CONNECTORS-1162)
2015-09-27 10:41:13 +0000  (origin/CONNECTORS-1244)
2015-09-15 12:53:00 +0000  (origin/CONNECTORS-1231)
2015-09-10 10:58:04 +0000  (origin/CONNECTORS-1236)
2015-09-08 20:49:10 +0000  (origin/CONNECTORS-1233)
2015-11-25 15:18:12 +0000  (tag: release-2.2)
2015-08-27 11:06:58 +0000  (tag: release-2.2-RC0)
2015-08-12 14:45:43 +0000  (origin/CONNECTORS-1161)
2015-07-05 10:08:54 +0000  (origin/CONNECTORS-1131)
2015-05-28 12:32:40 +0000  (origin/CONNECTORS-1204)
2015-09-07 08:09:40 +0000  (tag: release-1.10)
2015-09-01 18:02:57 +0000  (tag: release-1.10-RC0)
2015-09-01 18:02:02 +0000  (tag: release-1-10-RC0)
2015-09-01 08:54:32 +0000  (origin/release-1.10-branch)
2015-05-05 00:41:50 +0000  (tag: release-1.9)
2015-04-26 15:04:56 +0000  (tag: release-1.9-RC2)
2015-04-26 10:30:52 +0000  (origin/release-1.9-branch)
2015-05-05 00:41:16 +0000  (tag: release-2.1)
2015-04-26 15:04:33 +0000  (tag: release-2.1-RC3)
2015-04-26 10:29:33 +0000  (origin/release-2.1-branch)
2015-04-24 17:30:45 +0000  (tag: release-2.1-RC2)
2015-04-24 10:37:54 +0000  (tag: release-1.9-RC1)
2015-04-24 09:16:03 +0000  (tag: release-2.1-RC1)
2015-04-15 12:18:47 +0000  (tag: release-1.9-RC0)
2014-12-17 02:05:53 +0000  (origin/CONNECTORS-1035)
2015-04-15 12:17:59 +0000  (tag: release-2.1-RC0)
2015-03-21 19:32:33 +0000 
2015-03-21 17:53:34 +0000  (origin/CONNECTORS-1168)
2015-03-11 20:57:44 +0000  (origin/CONNECTORS-1160)
2015-01-05 18:13:33 +0000  (origin/CONNECTORS-1134)
2014-12-30 14:27:02 +0000  (origin/CONNECTORS-1130)
2014-12-23 12:20:30 +0000  (origin/CONNECTORS-1119)
2015-03-03 02:21:55 +0000  (tag: release-2.0.2)
2015-02-25 02:12:04 +0000  (tag: release-2.0.2-RC0)
2015-02-17 05:45:37 +0000  (origin/release-2.0-branch)
2015-03-03 02:21:38 +0000  (tag: release-1.8.2)
2015-02-25 02:11:29 +0000  (tag: release-1.8.2-RC0)
2015-02-17 05:43:51 +0000  (origin/release-1.8-branch)
2015-01-29 23:50:15 +0000  (tag: release-1.8.1-RC1)
2015-01-29 23:49:37 +0000  (tag: release-2.0.1-RC1)
2015-01-21 11:34:48 +0000  (tag: release-1.8.1-RC0)
2015-01-21 11:34:14 +0000  (tag: release-2.0.1-RC0)
2014-12-29 00:58:43 +0000  (tag: release-1.8)
2014-12-23 16:55:07 +0000  (tag: release-1.8-RC3)
2014-12-29 00:58:24 +0000  (tag: release-2.0)
2014-12-23 16:54:09 +0000  (tag: release-2.0-RC5)
2014-12-20 13:58:02 +0000  (tag: release-1.8-RC2)
2014-12-20 12:14:26 +0000  (tag: release-2.0-RC4)
2014-12-18 10:09:59 +0000  (tag: release-1.8-RC1)
2014-12-18 10:09:16 +0000  (tag: release-2.0-RC3)
2014-12-17 23:34:48 +0000  (tag: release-1.8-RC0)
2014-12-17 19:47:35 +0000  (tag: release-2.0-RC2)
2014-12-12 19:51:57 +0000  (tag: release-2.0-RC1)
2014-12-11 20:49:10 +0000  (tag: release-2.0-RC0)
2014-12-10 13:13:13 +0000  (origin/CONNECTORS-1118)
2014-11-18 12:54:09 +0000 
2014-11-11 13:40:55 +0000  (origin/CONNECTORS-1100)
2014-11-17 15:48:42 +0000  (origin/CONNECTORS-1104)
2014-11-01 12:07:48 +0000  (origin/CONNECTORS-1089)
2014-10-27 13:36:48 +0000  (origin/CONNECTORS-1085)
2014-10-24 19:56:12 +0000  (origin/CONNECTORS-1060)
2014-10-16 12:03:01 +0000  (origin/CONNECTORS-1074)
2014-10-10 00:07:19 +0000  (origin/CONNECTORS-1068)
2014-10-08 17:02:17 +0000  (origin/CONNECTORS-1067)
2014-10-04 12:41:05 +0000 
2014-10-04 12:12:43 +0000  (origin/CONNECTORS-1037)
2014-10-01 17:24:31 +0000  (origin/CONNECTORS-1050)
2014-09-27 12:31:23 +0000  (origin/CONNECTORS-1048)
2014-09-24 14:29:37 +0000  (origin/CONNECTORS-1044)
2014-09-11 12:56:47 +0000  (origin/CONNECTORS-1027)
2014-11-09 19:47:49 +0000  (tag: release-1.7.2)
2014-11-05 23:40:42 +0000  (tag: release-1.7.2-RC1)
2014-11-05 19:30:37 +0000  (origin/release-1.7-branch)
2014-11-05 16:42:20 +0000  (tag: release-1.7.2-RC0)
2014-09-22 17:33:47 +0000  (tag: release-1.7.1)
2014-09-19 11:12:44 +0000  (tag: release-1.7.1-RC2)
2014-09-18 01:11:03 +0000  (tag: release-1.7.1-RC1)
2014-09-17 11:28:50 +0000  (tag: release-1.7.1-RC0)
2014-08-23 13:59:03 +0000  (tag: release-1.7)
2014-08-20 00:18:33 +0000  (tag: release-1.7-RC2)
2014-08-16 11:14:17 +0000  (tag: release-1.7-RC1)
2014-08-12 02:54:39 +0000  (tag: release-1.7-RC0)
2014-07-24 12:06:46 +0000  (origin/CONNECTORS-565)
2014-07-24 12:05:25 +0000  (origin/CONNECTORS-565-2)
2014-07-15 14:17:06 +0000  (origin/CONNECTORS-990)
2014-06-25 17:09:41 +0000  (origin/CONNECTORS-981)
2014-06-20 16:52:28 +0000  (origin/CONNECTORS-980)
2014-06-20 09:16:12 +0000 
2014-06-20 08:51:03 +0000  (origin/CONNECTORS-954)
2014-06-19 13:57:53 +0000  (origin/CONNECTORS-971)
2014-06-17 15:00:23 +0000  (origin/CONNECTORS-962)
2014-06-11 13:13:18 +0000  (origin/CONNECTORS-961)
2014-06-10 07:23:06 +0000 
2014-06-10 06:59:08 +0000  (origin/CONNECTORS-946)
2014-06-05 12:09:19 +0000 
2014-05-22 00:57:29 +0000  (origin/CONNECTORS-916-rebased)
2014-04-07 17:27:12 +0000  (origin/CONNECTORS-916-2)
2014-05-27 16:43:42 +0000  (origin/CONNECTORS-945)
2014-06-01 12:45:28 +0000  (tag: release-1.6.1)
2014-05-29 08:30:49 +0000  (tag: release-1.6.1-RC1)
2014-05-29 01:30:53 +0000  (origin/release-1.6-branch)
2014-05-28 11:15:50 +0000  (tag: release-1.6.1-RC0)
2014-04-30 20:17:46 +0000  (tag: release-1.6)
2014-04-16 18:26:04 +0000  (tag: release-1.6-RC1)
2014-04-16 08:11:10 +0000  (tag: release-1.6-RC0)
2014-04-06 21:00:26 +0000  (origin/CONNECTORS-911)
2014-04-02 14:25:10 +0000  (origin/CONNECTORS-911-2)
2014-03-28 11:14:32 +0000  (origin/CONNECTORS-912)
2014-02-06 21:48:50 +0000  (origin/CONNECTORS-833)
2014-02-04 21:12:55 +0000  (origin/CONNECTORS-880)
2014-01-23 20:12:20 +0000  (origin/CONNECTORS-867)
2014-02-20 21:00:18 +0000  (tag: release-1.5.1)
2014-02-17 21:27:28 +0000  (tag: release-1.5.1-RC0)
2014-02-16 19:16:16 +0000  (origin/release-1.5-branch)
2014-02-16 15:47:48 +0000  (origin/CONNECTORS-891)
2014-02-07 18:32:10 +0000  (tag: release-1.5)
2014-02-04 07:28:28 +0000  (tag: release-1.5-RC7)
2014-01-31 00:50:07 +0000  (tag: release-1.5-RC6)
2014-01-28 22:14:23 +0000  (tag: release-1.5-RC5)
2014-01-23 23:45:04 +0000  (tag: release-1.5-RC4)
2014-01-23 21:26:18 +0000  (tag: release-1.5-RC3)
2014-01-20 23:14:13 +0000  (tag: release-1.5-RC2)
2014-01-19 17:37:28 +0000  (tag: release-1.5-RC1)
2014-01-17 11:40:56 +0000  (tag: release-1.5-RC0)
2014-01-15 01:59:26 +0000  (origin/CONNECTORS-840-2)
2014-01-10 17:39:09 +0000  (origin/CONNECTORS-840)
2013-12-21 13:32:27 +0000  (origin/CONNECTORS-553)
2013-12-19 16:37:41 +0000  (origin/CONNECTORS-553-2)
2013-12-18 20:59:01 +0000  (origin/CONNECTORS-829)
2013-12-08 17:55:11 +0000  (origin/CONNECTORS-781)
2013-11-21 02:47:54 +0000  (origin/CONNECTORS-813)
2013-11-20 11:02:03 +0000 
2013-10-27 14:29:08 +0000  (origin/CONNECTORS-754-2)
2013-10-26 12:54:01 +0000 
2013-10-23 01:10:17 +0000  (origin/CONNECTORS-754)
2013-11-13 17:47:11 +0000  (origin/CONNECTORS-13)
2013-10-26 12:37:07 +0000  (origin/CONNECTORS-792)
2013-11-16 13:06:06 +0000  (tag: release-1.4.1)
2013-11-13 07:56:22 +0000  (tag: release-1.4.1-RC1)
2013-11-13 07:51:54 +0000  (origin/release-1.4-branch)
2013-11-12 22:05:24 +0000  (tag: release-1.4.1-RC0)
2013-10-28 23:00:38 +0000  (tag: release-1.4)
2013-10-21 21:34:15 +0000  (tag: release-1.4-RC1)
2013-10-21 00:18:24 +0000  (tag: release-1.4-RC0)
2013-09-22 18:31:34 +0000  (origin/CONNECTORS-778)
2013-09-18 18:05:35 +0000  (origin/CONNECTORS-772)
2013-09-14 13:19:44 +0000 
2013-09-14 13:17:46 +0000  (origin/CONNECTORS-774)
2013-09-13 01:23:27 +0000  (origin/CONNECTORS-773)
2013-07-29 12:27:38 +0000  (tag: release-1.3)
2013-07-26 09:53:38 +0000  (tag: release-1.3-RC4)
2013-07-26 09:48:16 +0000  (origin/release-1.3-branch)
2013-07-25 21:03:50 +0000  (tag: release-1.3-RC3)
2013-07-24 09:19:14 +0000  (tag: release-1.3-RC2)
2013-07-22 00:40:30 +0000  (tag: release-1.3-RC1)
2013-07-17 10:06:42 +0000  (tag: release-1.3-RC0)
2013-07-15 13:10:33 +0000  (origin/CONNECTORS-737)
2013-07-10 01:27:24 +0000  (origin/CONNECTORS-731)
2013-06-30 14:15:49 +0000 
2013-06-30 14:04:52 +0000  (origin/CONNECTORS-703)
2013-06-27 00:53:02 +0000 
2013-06-26 13:00:35 +0000  (origin/CONNECTORS-728)
2013-06-26 09:11:41 +0000 
2013-06-26 07:39:08 +0000  (origin/CONNECTORS-727)
2013-06-24 06:34:10 +0000  (origin/CONNECTORS-723)
2013-06-17 14:01:38 +0000 
2013-06-17 14:00:13 +0000  (origin/CONNECTORS-714)
2013-06-13 09:50:12 +0000  (origin/CONNECTORS-710)
2013-06-02 11:36:31 +0000 
2013-05-29 17:50:50 +0000  (origin/CONNECTORS-693)
2013-06-02 11:19:27 +0000  (origin/CONNECTORS-694)
2013-05-15 19:33:26 +0000  (origin/CONNECTORS-689)
2013-04-30 23:49:50 +0000 
2013-04-30 23:35:06 +0000  (origin/CONNECTORS-586)
2013-05-11 16:42:04 +0000  (tag: release-1.2)
2013-05-07 20:53:48 +0000  (tag: release-1.2-RC1)
2013-05-07 15:45:48 +0000  (origin/release-1.2-branch)
2013-05-01 00:03:42 +0000  (tag: release-1.2-RC0)
2013-04-29 22:52:46 +0000  (origin/CONNECTORS-676)
2013-04-07 19:48:09 +0000  (origin/CONNECTORS-590-2)
2013-04-05 07:52:13 +0000 
2012-12-27 08:00:19 +0000  (origin/CONNECTORS-590)
2013-03-22 19:25:46 +0000  (origin/CONNECTORS-664)
2013-03-16 20:53:46 +0000  (origin/CONNECTORS-663)
2013-02-24 18:17:36 +0000  (origin/CONNECTORS-63)
2013-02-10 21:05:41 +0000  (origin/CONNECTORS-633)
2013-01-27 19:59:14 +0000  (origin/CONNECTORS-552-2)
2013-02-14 00:45:16 +0000  (tag: release-1.1.1)
2013-02-10 18:56:13 +0000  (tag: release-1.1.1-RC0)
2013-02-09 21:56:53 +0000  (origin/release-1.1-branch)
2013-02-04 01:50:11 +0000  (tag: release-1.1)
2013-01-31 00:35:38 +0000  (tag: release-1.1-RC9)
2013-01-30 01:30:37 +0000  (tag: release-1.1-RC8)
2013-01-28 22:04:29 +0000  (tag: release-1.1-RC7)
2013-01-24 11:25:39 +0000  (tag: release-1.1-RC6)
2013-01-24 00:37:15 +0000  (tag: release-1.1-RC5)
2013-01-22 23:11:47 +0000  (tag: release-1.1-RC4)
2013-01-22 08:49:40 +0000  (tag: release-1.1-RC3)
2013-01-20 17:38:43 +0000  (tag: release-1.1-RC2)
2013-01-18 14:17:36 +0000  (tag: release-1.1-RC1)
2013-01-15 12:41:06 +0000  (tag: release-1.1-RC0)
2013-01-01 19:17:56 +0000  (origin/CONNECTORS-594)
2012-12-13 18:42:17 +0000 
2012-12-13 18:37:14 +0000  (origin/CONNECTORS-578)
2012-12-12 02:28:55 +0000  (origin/CONNECTORS-584)
2012-12-09 21:48:44 +0000  (origin/CONNECTORS-581)
2012-12-09 18:26:26 +0000 
2012-12-09 17:14:12 +0000  (origin/CONNECTORS-566)
2012-12-09 17:51:05 +0000 
2012-12-09 17:14:42 +0000  (origin/CONNECTORS-563)
2012-12-04 17:35:46 +0000  (origin/CONNECTORS-120-1)
2012-11-30 01:41:48 +0000  (origin/CONNECTORS-120)
2012-10-15 23:32:49 +0000  (tag: release-1.0.1-RC1)
2012-10-15 19:02:39 +0000  (origin/release-1.0-branch)
2012-10-13 22:13:14 +0000  (tag: release-1.0.1-RC0)
2012-10-03 17:16:09 +0000  (tag: release-1.0)
2012-09-30 12:19:30 +0000  (tag: release-1.0-RC7)
2012-09-28 12:24:21 +0000  (tag: release-1.0-RC6)
2012-09-28 07:24:43 +0000  (tag: release-1.0-RC5)
2012-09-27 20:53:11 +0000  (tag: release-1.0-RC4)
2012-09-25 07:41:40 +0000  (tag: release-1.0-RC3)
2012-09-24 22:44:39 +0000  (tag: release-1.0-RC2)
2012-09-21 19:06:31 +0000  (tag: release-1.0-RC1)
2012-09-20 23:16:33 +0000  (tag: release-1.0-RC0)
2012-09-14 01:12:52 +0000 
2012-09-14 01:04:42 +0000  (origin/CONNECTORS-515)
2012-09-12 18:19:34 +0000 
2012-09-12 15:04:47 +0000  (origin/CONNECTORS-518)
2012-09-09 17:07:27 +0000 
2012-09-09 13:02:40 +0000  (origin/CONNECTORS-523)
2012-09-05 16:15:33 +0000 
2012-09-04 21:27:05 +0000  (origin/CONNECTORS-492)
2012-08-13 00:44:05 +0000 
2012-08-13 00:38:29 +0000  (origin/CONNECTORS-501)
2012-08-09 00:01:17 +0000  (origin/CONNECTORS-497)
2012-07-22 01:07:31 +0000  (origin/CONNECTORS-488)
2012-07-13 13:03:08 +0000  (tag: release-0.6)
2012-07-08 23:40:52 +0000  (tag: release-0.6-RC0)
2012-07-08 23:06:15 +0000  (origin/release-0.6-branch)
2012-06-13 10:44:54 +0000  (tag: release-0.1-incubating)
2012-06-13 10:44:54 +0000  (tag: release-0.1-incubating-RC4)
2012-06-13 10:44:54 +0000  (tag: release-0.1-incubating-RC5)
2012-06-13 10:44:54 +0000  (tag: release-0.1-incubating-RC6)
2012-06-13 10:44:54 +0000  (tag: release-0.1-incubating-RC7)
2012-06-13 10:44:54 +0000  (tag: release-0.2-incubating)
2012-06-13 10:44:54 +0000  (tag: release-0.2-incubating-RC0)
2012-06-13 10:44:54 +0000  (tag: release-0.2-incubating-RC1)
2012-06-13 10:44:54 +0000  (tag: release-0.3-incubating)
2012-06-13 10:44:54 +0000  (tag: release-0.3-incubating-RC0)
2012-06-13 10:44:54 +0000  (tag: release-0.4-incubating)
2012-06-13 10:44:54 +0000  (tag: release-0.4-incubating-RC0)
2012-06-13 10:44:54 +0000  (tag: release-0.4-incubating-RC1)
2012-06-13 10:44:54 +0000  (tag: release-0.5-incubating)
2012-06-13 10:44:54 +0000  (tag: release-0.5-incubating-RC0)
2012-06-13 10:44:54 +0000  (tag: release-0.5-incubating-RC1)
2012-06-13 10:44:54 +0000  (tag: release-0.5-incubating-RC2)
2012-06-13 10:44:54 +0000  (tag: release-0.5-incubating-RC3)
2012-06-13 10:44:54 +0000  (tag: release-0.5-incubating-RC4)
2012-06-13 10:44:54 +0000  (tag: release-0.5-incubating-RC5)
2012-06-13 10:44:54 +0000  (tag: release-0.5.1)
2012-06-13 10:44:54 +0000  (tag: release-0.5.1-RC0)