2018-06-12 13:27:17 +0200  (tag: 3.4.0)
2018-04-27 10:50:11 +0200 
2017-06-16 15:35:24 +0200  (origin/3.4.0-RCs)
2017-12-13 09:25:50 +0100  (origin/MARMOTTA-672-https_support_in_client_lib)
2017-06-09 11:17:56 +0200 
2017-05-10 11:37:04 +0200  (origin/MARMOTTA-534_fix_login)
2017-06-07 11:33:25 +0200  (origin/MARMOTTA-666_prefixcc_offline)
2016-06-20 09:50:29 +0200  (origin/MARMOTTA-640)
2015-11-12 18:07:42 +0100  (origin/MARMOTTA-588)
2014-12-05 13:06:16 +0100  (tag: 3.3.0)
2014-05-19 15:32:33 +0200  (tag: 3.2.1)
2014-04-09 10:03:14 +0200  (tag: 3.2.0)
2014-03-20 15:20:54 +0100  (origin/squebi)
2014-03-17 11:19:31 +0100  (origin/MARMOTTA-450)
2013-09-24 16:30:29 +0200  (tag: 3.1.0-incubating)
2014-01-14 11:28:59 +0100  (tag: 3.0.1)
2013-04-11 14:46:03 +0200  (tag: 3.0.0-incubating)
2013-03-25 16:33:07 +0100  (tag: check-license-notice)
2013-02-19 14:25:16 +0100  (tag: import)
2013-01-03 13:41:43 +0100 