2022-06-18 22:20:34 +0200  (tag: doxia-2.0.0-M3)
2022-02-13 22:44:34 +0100  (tag: doxia-2.0.0-M2)
2022-01-17 10:10:04 +0100  (tag: doxia-2.0.0-M1)
2021-12-29 21:45:58 +0100  (origin/doxia-1.x)
2021-11-28 21:51:09 +0100  (tag: doxia-1.11.1)
2021-11-27 17:17:10 +0100  (tag: doxia-1.11)
2021-06-21 20:37:54 +0200  (tag: doxia-1.10)
2020-02-13 22:13:00 +0100  (tag: doxia-1.9.1)
2019-05-30 13:18:22 +0200  (tag: doxia-1.9)
2017-12-09 12:11:10 +0100  (tag: doxia-1.8)
2016-02-05 22:53:51 +0000  (tag: doxia-1.7)
2014-06-27 21:21:24 +0000  (tag: doxia-1.6)
2013-11-14 21:58:37 +0000  (tag: doxia-1.5)
2013-04-23 21:49:50 +0000  (tag: doxia-1.4)
2012-04-10 16:18:16 +0000  (tag: doxia-1.3)
2011-04-26 20:25:06 +0000  (tag: doxia-1.2)
2010-11-16 20:10:07 +0000  (tag: doxia-1.1.4)
2010-05-24 20:44:07 +0000  (tag: doxia-1.1.3)
2009-11-30 12:28:27 +0000  (tag: doxia-1.1.2)
2009-06-17 14:24:34 +0000  (tag: doxia-1.1.1)
2009-03-03 18:35:38 +0000  (tag: doxia-1.1)
2009-02-10 07:21:11 +0000  (tag: doxia-1.0)
2008-05-11 20:03:58 +0000  (tag: doxia-1.0-alpha-11)
2007-10-29 21:21:11 +0000  (tag: doxia-1.0-alpha-10)
2007-09-09 17:24:25 +0000  (tag: doxia-1.0-alpha-9)
2007-03-19 02:43:46 +0000  (tag: doxia-1.0-alpha-6)
2007-03-19 02:43:46 +0000  (tag: doxia-1.0-alpha-7)
2007-03-19 02:43:46 +0000  (tag: doxia-1.0-alpha-8)
2005-11-01 01:22:33 +0000 
2007-03-19 02:43:46 +0000  (tag: doxia-core-1.0-alpha-2)
2007-03-19 02:43:46 +0000  (tag: doxia-core-1.0-alpha-3)
2007-03-19 02:43:46 +0000  (tag: doxia-core-1.0-alpha-4)
2007-03-19 02:43:46 +0000  (tag: doxia-core-1.0-alpha-5)
2005-04-12 01:56:08 +0000 
2007-03-19 02:43:46 +0000  (tag: doxia-module-twiki-1.5-syntax)
2005-11-27 14:43:10 +0000 
2007-03-19 02:43:46 +0000  (tag: doxia-sink-api-1.0-alpha-4)
2007-03-19 02:43:46 +0000  (tag: doxia-sink-api-1.0-alpha-5)
2005-07-21 06:44:14 +0000 