2022-06-06 18:22:07 +0200  (tag: maven-3.8.6)
2022-03-05 12:41:04 +0100  (tag: maven-3.8.5)
2022-02-27 19:31:35 +0100  (origin/MNG-6960-3.8.x)
2021-11-14 10:14:42 +0100  (tag: maven-3.8.4)
2021-09-27 20:28:25 +0200  (tag: maven-3.8.3)
2021-08-04 21:03:30 +0200  (tag: maven-3.8.2)
2021-03-30 19:14:35 +0200  (tag: maven-3.8.1)
2021-03-21 22:31:24 +0100  (tag: maven-3.8.0)
2019-11-19 20:17:06 +0100  (tag: maven-3.6.3)
2019-08-27 16:59:01 +0200  (tag: maven-3.6.2)
2019-04-04 20:56:16 +0200  (tag: maven-3.6.1)
2018-10-24 20:38:06 +0200  (tag: maven-3.6.0)
2018-06-17 19:29:25 +0100  (tag: maven-3.5.4)
2018-02-24 19:29:21 +0000  (tag: maven-3.5.3)
2017-10-18 08:54:47 +0100  (tag: maven-3.5.2)
2017-09-10 12:51:26 +0100  (tag: maven-3.5.1)
2017-04-03 20:35:30 +0100  (tag: maven-3.5.0)
2017-03-20 16:55:36 +0000  (tag: maven-3.5.0-beta-1)
2017-02-23 14:56:21 +0000  (tag: maven-3.5.0-alpha-1)
2015-11-10 11:36:45 -0500  (tag: maven-3.3.9)
2015-10-30 09:40:58 -0700  (tag: maven-3.3.8)
2015-10-27 11:36:22 -0700  (tag: maven-3.3.7)
2015-07-30 22:25:36 -0400  (tag: maven-3.3.6)
2015-07-20 14:05:06 -0400  (tag: maven-3.3.5)
2015-07-17 14:05:46 -0400  (tag: maven-3.3.4)
2015-04-22 07:54:38 -0400  (tag: maven-3.3.3)
2015-04-16 09:13:50 -0400  (tag: maven-3.3.2)
2015-03-13 13:05:27 -0700  (tag: maven-3.3.1)
2015-03-11 14:42:01 -0700  (tag: maven-3.3.0)
2014-12-14 12:22:35 -0500  (tag: maven-3.2.5)
2014-12-12 16:14:23 -0500  (tag: maven-3.2.4)
2014-08-11 13:54:57 -0700  (tag: maven-3.2.3)
2014-06-17 09:36:00 -0400  (tag: maven-3.2.2)
2014-05-23 11:10:25 -0400  (tag: workspace-v0)
2014-02-14 12:32:44 -0500  (tag: maven-3.2.1)
2014-02-10 19:55:21 -0500  (tag: maven-3.2.0)
2013-09-17 11:17:43 -0400  (tag: maven-3.1.1)
2013-06-27 22:10:16 -0400  (tag: maven-3.1.0)
2013-06-01 08:56:20 -0400  (tag: maven-3.1.0-alpha-1)
2013-02-19 14:43:27 +0100  (tag: maven-3.0.5)
2012-01-17 08:39:41 +0000  (tag: maven-3.0.4)
2012-01-05 20:22:27 +0000  (tag: maven-3.0.4-RC5)
2011-12-23 09:00:09 +0000  (tag: maven-3.0.4-RC4)
2011-12-05 13:48:22 +0000  (tag: maven-3.0.4-RC3)
2011-02-28 17:25:59 +0000  (tag: maven-3.0.3)
2011-02-24 21:30:23 +0000  (tag: maven-3.0.3-RC1)
2011-01-09 00:48:54 +0000  (tag: maven-3.0.2)
2011-01-05 20:41:43 +0000  (tag: maven-3.0.2-RC1)
2010-11-23 10:45:57 +0000  (tag: maven-3.0.1)
2010-11-18 23:51:38 +0000  (tag: maven-3.0.1-RC1)
2010-10-04 11:44:31 +0000  (tag: maven-3.0)
2010-09-26 16:08:41 +0000  (tag: maven-3.0-RC3)
2010-09-22 18:18:07 +0000  (tag: maven-3.0-RC2)
2010-09-15 19:52:30 +0000  (tag: maven-3.0-RC1)
2010-08-30 12:35:54 +0000  (tag: maven-3.0-beta-3)
2010-08-07 10:52:25 +0000  (tag: maven-3.0-beta-2)
2010-04-19 16:54:49 +0000  (tag: maven-3.0-beta-1)
2010-03-09 22:24:35 +0000  (tag: maven-3.0-alpha-7)
2010-01-06 10:48:43 +0000  (tag: maven-3.0-alpha-6)
2009-11-23 15:45:59 +0000  (tag: maven-3.0-alpha-5)
2009-11-13 18:01:21 +0000  (tag: maven-3.0-alpha-4)
2009-11-09 15:57:39 +0000  (tag: maven-3.0-alpha-3)
2009-08-06 19:11:04 +0000  (tag: maven-2.2.1)
2009-08-03 22:39:03 +0000  (tag: maven-2.2.1-RC2)
2009-07-24 01:48:43 +0000  (tag: maven-2.2.1-RC1)
2009-07-09 20:43:51 +0000  (tag: maven-2.2.0)