2021-02-18 11:25:36 +0100  (tag: MetaModel-5.3.3)
2020-07-07 15:43:49 +0200  (tag: MetaModel-5.3.3-HI1)
2020-01-03 09:59:51 +0100  (tag: MetaModel-5.3.2)
2019-12-12 11:09:42 +0100  (tag: MetaModel-5.3.2-HI3)
2019-12-10 15:54:37 +0100  (tag: MetaModel-5.3.2-HI2)
2019-10-23 13:21:15 +0200  (tag: MetaModel-5.3.2-HI1)
2019-09-09 08:51:21 +0200  (tag: MetaModel-5.3.1)
2019-04-01 10:47:50 -0700  (tag: MetaModel-5.3.0)
2019-03-04 19:37:00 -0800  (tag: MetaModel-5.2.1)
2019-06-21 11:08:29 +0200  (tag: MetaModel-5.2.1-HI1)
2018-12-08 10:12:08 -0800  (tag: MetaModel-5.2.0)
2018-12-06 18:56:53 -0800  (origin/no-jaxb-impl)
2018-11-26 18:57:46 -0800  (origin/METAMODEL-1205-woodstox)
2018-09-30 20:23:00 -0700  (tag: MetaModel-5.1.1)
2018-06-22 21:35:18 -0700  (tag: MetaModel-5.1.0)
2018-01-25 20:24:22 -0800  (tag: MetaModel-5.1.0-RC1)
2017-12-19 20:28:21 -0800  (tag: MetaModel-5.0.1)
2017-11-03 21:24:34 -0700  (tag: MetaModel-5.0.0)
2017-08-14 23:07:20 -0700  (tag: MetaModel-5.0-RC4)
2017-07-26 19:06:37 -0700  (tag: MetaModel-5.0-RC3)
2017-06-12 19:14:49 -0700  (origin/5.x)
2017-06-12 19:13:35 -0700  (tag: MetaModel-5.0-RC2)
2017-05-17 21:03:46 -0700  (tag: MetaModel-5.0-RC1)
2017-11-23 11:50:43 -0800  (tag: MetaModel-4.6.1)
2017-01-31 13:09:49 -0800  (tag: MetaModel-4.6.0)
2016-11-13 11:09:38 -0800  (tag: MetaModel-4.5.5)
2016-08-01 21:34:26 -0700  (tag: MetaModel-4.5.4)
2016-05-16 11:13:58 -0700  (tag: MetaModel-4.5.3)
2016-03-19 18:48:42 +0100  (tag: MetaModel-4.5.2)
2016-02-09 13:45:23 +0100  (tag: MetaModel-4.5.1)
2015-12-14 11:27:34 +0100  (tag: MetaModel-4.5.0)
2015-10-27 09:36:14 +0100  (tag: MetaModel-4.4.1)
2015-10-09 10:45:34 +0200  (tag: MetaModel-4.4.0)
2015-08-28 13:12:13 +0200  (tag: MetaModel-4.4.0-RC1)
2015-08-13 17:54:11 +0200  (tag: MetaModel-4.3.6)
2015-06-19 12:51:18 +0200  (tag: MetaModel-4.3.5)
2015-05-21 09:01:51 +0200  (tag: MetaModel-4.3.4)
2015-04-11 17:34:18 +0200  (tag: MetaModel-4.3.3)
2015-03-12 10:31:53 +0100  (tag: MetaModel-4.3.2)
2014-12-11 08:51:13 +0100  (tag: MetaModel-4.3.1)
2014-11-11 10:38:51 +0100  (tag: MetaModel-4.3.0-incubating)
2014-07-23 19:06:42 +0200  (tag: MetaModel-4.2.0-incubating)
2014-04-28 19:39:10 +0200  (tag: MetaModel-4.1.0-RC1-incubating)
2013-12-03 15:33:59 +0100  (tag: MetaModel-4.0.0-incubating)
2013-06-09 20:32:07 +0000 