2022-07-20 10:21:51 +0200  (tag: 2.2.1)
2022-07-18 00:09:50 +0200  (tag: 2.2.0)
2021-08-19 13:59:30 -0400 
2021-08-06 14:09:41 -0400  (origin/bugfix/DIRMINA1132)
2021-06-01 20:39:37 -0400  (origin/bugfix/DIRMINA-1142)
2022-02-10 06:19:53 +0100  (tag: 2.0.23)
2021-10-17 06:17:54 +0200  (tag: 2.0.22)
2019-04-12 11:11:58 +0200  (tag: 2.0.21)
2019-02-21 00:12:50 +0100  (tag: 2.0.20)
2018-06-07 22:23:13 +0200  (tag: 2.0.19)
2022-02-05 08:34:08 +0100  (tag: 2.1.6)
2021-10-05 00:12:18 +0200  (tag: 2.1.5)
2020-08-17 17:48:54 +0200  (tag: 2.1.4)
2019-05-29 12:11:58 +0200  (tag: 2.1.3)
2019-04-17 13:21:03 +0200  (tag: 2.1.2)
2019-04-12 16:11:17 +0200  (tag: 2.1.1)
2019-04-09 09:26:43 +0200  (origin/mina-write-request)
2019-03-04 12:48:17 +0100  (tag: 2.1.0)
2018-05-29 09:56:37 +0200  (tag: 2.0.18)
2018-03-06 12:54:32 +0100  (tag: 2.0.17)
2016-10-23 20:48:43 +0200  (tag: 2.0.16)
2016-09-21 00:32:35 +0200  (tag: 2.0.15)
2016-08-25 11:09:28 +0200  (tag: 2.0.14)
2016-02-12 17:40:28 +0100  (tag: 2.0.13)
2016-02-03 09:31:06 +0100  (tag: 2.0.12)
2016-01-22 16:46:19 +0100  (tag: 2.0.11)
2015-12-05 01:28:57 +0100  (tag: 2.0.10)
2014-10-21 19:19:51 +0200  (tag: 2.0.9)
2014-09-15 17:26:21 +0200  (tag: 2.0.8)
2013-07-27 08:30:14 +0200  (tag: 3.0.0-M2)
2013-07-17 12:27:02 +0200  (tag: mina-parent-3.0.0-M1)
2013-07-16 20:02:50 +0200  (tag: 3.0.0-M1)
2013-05-05 22:33:33 +0200  (origin/ssl-experiment)
2013-01-23 22:27:11 +0100  (origin/new-codec)
2012-10-06 00:33:13 +0000  (tag: 2.0.7)
2012-10-02 11:10:33 +0000  (tag: 2.0.6)
2012-10-01 04:44:22 +0000  (tag: 0.8.3)
2012-10-01 04:44:22 +0000  (tag: 0.8.4)
2005-02-06 23:29:05 +0000 
2012-10-01 04:44:22 +0000  (tag: 0.9.1)
2012-10-01 04:44:22 +0000  (tag: 0.9.2)
2012-10-01 04:44:22 +0000  (tag: 0.9.3)
2012-10-01 04:44:22 +0000  (tag: 0.9.4)
2012-10-01 04:44:22 +0000  (tag: 0.9.5)
2012-10-01 04:44:22 +0000  (tag: 1.0.0)
2012-10-01 04:44:22 +0000  (tag: 1.0.1)
2012-10-01 04:44:22 +0000  (tag: 1.0.10)
2012-10-01 04:44:22 +0000  (tag: 1.0.2)
2012-10-01 04:44:22 +0000  (tag: 1.0.3)
2012-10-01 04:44:22 +0000  (tag: 1.0.4)
2012-10-01 04:44:22 +0000  (tag: 1.0.5)
2012-10-01 04:44:22 +0000  (tag: 1.0.6)
2012-10-01 04:44:22 +0000  (tag: 1.0.7)
2012-10-01 04:44:22 +0000  (tag: 1.0.8)
2012-10-01 04:44:22 +0000  (tag: 1.0.9)
2012-10-01 04:44:22 +0000  (tag: 1.1.0)
2012-10-01 04:44:22 +0000  (tag: 1.1.1)
2012-10-01 04:44:22 +0000  (tag: 1.1.2)
2012-10-01 04:44:22 +0000  (tag: 1.1.3)
2012-10-01 04:44:22 +0000  (tag: 1.1.4)
2012-10-01 04:44:22 +0000  (tag: 1.1.5)
2012-10-01 04:44:22 +0000  (tag: 1.1.6)
2012-10-01 04:44:22 +0000  (tag: 1.1.7)
2012-10-01 04:44:22 +0000  (tag: 2.0.0)
2012-10-01 04:44:22 +0000  (tag: 2.0.0-M1)
2012-10-01 04:44:22 +0000  (tag: 2.0.0-M2)
2012-10-01 04:44:22 +0000  (tag: 2.0.0-M3)
2012-10-01 04:44:22 +0000  (tag: 2.0.0-M4)
2012-10-01 04:44:22 +0000  (tag: 2.0.0-M5)
2012-10-01 04:44:22 +0000  (tag: 2.0.0-M6)
2012-10-01 04:44:22 +0000  (tag: 2.0.0-RC1)
2012-10-01 04:44:22 +0000  (tag: 2.0.1)
2012-10-01 04:44:22 +0000  (tag: 2.0.2)
2012-10-01 04:44:22 +0000  (tag: 2.0.3)
2012-10-01 04:44:22 +0000  (tag: 2.0.4)
2012-10-01 04:44:22 +0000  (tag: 2.0.5)
2005-12-28 07:54:25 +0000 