2022-06-23 15:36:59 -0400  (tag: myfaces-core-module-4.0.0-RC1)
2022-06-09 11:01:46 -0400  (tag: myfaces-core-module-2.2.15)
2021-02-03 14:47:59 -0500  (tag: myfaces-core-module-2.2.14)
2020-06-25 13:16:53 -0400  (tag: myfaces-core-module-2.2.13)
2022-05-27 21:45:22 -0400  (tag: myfaces-core-module-2.3-next-M7)
2021-05-25 15:05:44 -0400  (tag: myfaces-core-module-2.3-next-M6)
2021-02-10 13:39:52 -0500  (tag: myfaces-core-module-2.3-next-M5)
2020-08-26 18:20:01 +0200  (tag: 2.3-next-M4)
2020-06-30 13:43:56 +0200  (tag: 2.3-next-M3)
2020-04-01 23:21:39 +0200  (tag: 2.3-next-M2)
2019-12-19 10:00:26 +0100  (tag: 2.3-next-M1)
2022-05-26 23:01:45 -0400  (tag: myfaces-core-module-3.0.2)
2021-06-02 13:18:52 -0400  (tag: myfaces-core-module-3.0.1)
2021-01-27 09:50:18 -0500  (tag: myfaces-core-module-3.0.0)
2020-08-11 20:26:33 -0400  (tag: myfaces-core-module-3.0.0-RC1)
2022-05-26 17:33:37 -0400  (tag: myfaces-core-module-2.3.10)
2021-04-15 11:52:17 -0400  (tag: myfaces-core-module-2.3.9)
2021-01-28 10:39:30 -0500  (tag: myfaces-core-module-2.3.8)
2020-10-28 11:53:52 -0400  (tag: myfaces-core-module-2.3.7)
2019-11-18 10:35:33 -0500  (tag: myfaces-core-module-2.3.6)
2019-10-08 15:09:17 -0400  (tag: myfaces-core-module-2.3.5)
2019-05-16 14:19:04 -0400  (tag: myfaces-core-module-2.3.4)
2019-01-23 16:15:31 -0500  (tag: myfaces-core-module-2.3.3)
2018-08-29 11:04:07 -0400  (tag: myfaces-core-module-2.3.2)
2018-05-08 22:06:01 +0200 
2017-01-28 02:49:16 +0000  (tag: myfaces-core-module-2.2.12)
2016-09-12 22:00:27 +0000  (tag: myfaces-core-module-2.2.11)
2018-04-30 19:22:18 +0000  (tag: myfaces-core-module-2.3.1)
2021-04-28 21:01:13 -0400  (tag: myfaces-core-module-2.0.25)
2016-03-18 23:07:26 +0000  (tag: myfaces-core-module-2.0.24)
2014-12-16 03:42:02 +0000  (tag: myfaces-core-module-2.0.23)
2014-09-17 17:43:44 +0000  (tag: myfaces-core-module-2.0.22)
2014-02-27 03:34:58 +0000  (tag: myfaces-core-module-2.0.21)
2014-01-07 18:55:54 +0000  (tag: myfaces-core-module-2.0.20)
2013-10-22 00:04:06 +0000  (tag: myfaces-core-module-2.0.19)
2013-05-29 04:43:26 +0000  (tag: myfaces-core-module-2.0.18)
2013-03-28 15:24:18 +0000  (tag: myfaces-core-module-2.0.17)
2012-11-20 02:29:49 +0000  (tag: myfaces-core-module-2.0.16)
2012-09-18 03:10:12 +0000  (tag: myfaces-core-module-2.0.15)
2012-06-13 09:23:21 +0000  (tag: myfaces-core-module-2.0.14)
2012-04-03 21:59:37 +0000  (tag: myfaces-core-module-2.0.13)
2012-02-03 01:48:56 +0000  (tag: myfaces-core-project-2.0.12)
2011-11-30 21:40:59 +0000  (tag: myfaces-core-project-2.0.11)
2011-11-17 01:33:53 +0000  (tag: myfaces-core-project-2.0.10)
2018-03-09 19:32:50 +0000  (tag: myfaces-core-module-2.3.0)
2017-06-09 00:49:15 +0000  (tag: myfaces-core-module-2.3.0-beta)
2016-04-06 20:45:23 +0000  (tag: myfaces-core-module-2.2.10)
2015-11-23 20:18:49 +0000  (tag: myfaces-core-module-2.2.9)
2015-04-04 00:36:04 +0000  (tag: myfaces-core-module-2.2.8)
2014-12-17 04:23:07 +0000  (tag: myfaces-core-module-2.2.7)
2014-11-12 19:36:00 +0000  (tag: myfaces-core-module-2.2.6)
2014-09-15 20:10:15 +0000  (tag: myfaces-core-module-2.2.5)
2014-06-25 21:32:55 +0000  (tag: myfaces-core-module-2.2.4)
2014-04-17 15:25:21 +0000  (tag: myfaces-core-module-2.2.3)
2014-03-17 00:59:41 +0000  (tag: myfaces-core-module-2.2.2)
2014-03-04 00:46:25 +0000  (tag: myfaces-core-module-2.2.1)
2014-01-07 22:21:40 +0000  (tag: myfaces-core-module-2.2.0)
2013-10-26 00:55:47 +0000  (tag: myfaces-core-module-2.2.0-beta)
2013-04-22 19:21:44 +0000 
2013-04-16 21:59:02 +0000 
2016-03-19 01:39:19 +0000  (tag: myfaces-core-module-2.1.18)
2014-12-16 02:29:05 +0000  (tag: myfaces-core-module-2.1.17)
2014-09-16 20:55:17 +0000  (tag: myfaces-core-module-2.1.16)
2014-02-27 03:58:38 +0000  (tag: myfaces-core-module-2.1.15)
2014-01-07 20:42:22 +0000  (tag: myfaces-core-module-2.1.14)
2013-10-22 05:31:31 +0000  (tag: myfaces-core-module-2.1.13)
2013-05-29 06:12:04 +0000  (tag: myfaces-core-module-2.1.12)
2013-03-28 15:55:14 +0000  (tag: myfaces-core-module-2.1.11)
2012-11-20 02:39:26 +0000  (tag: myfaces-core-module-2.1.10)
2012-09-18 04:56:52 +0000  (tag: myfaces-core-module-2.1.9)
2012-06-13 12:28:17 +0000  (tag: myfaces-core-module-2.1.8)
2012-04-03 18:15:14 +0000  (tag: myfaces-core-module-2.1.7)
2012-03-12 20:58:33 +0000 
2011-09-12 21:50:40 +0000  (tag: myfaces-core-project-2.0.9)
2011-09-01 15:45:38 +0000 
2011-08-23 19:33:08 +0000  (tag: myfaces-core-project-2.0.8)
2011-06-07 20:31:30 +0000  (tag: myfaces-core-project-2.0.7)
2011-05-24 20:54:09 +0000  (tag: myfaces-core-project-2.0.6)
2011-04-05 02:55:09 +0000  (tag: myfaces-core-project-2.0.5)
2012-02-03 00:16:56 +0000  (tag: myfaces-core-project-2.1.6)
2011-11-30 22:44:38 +0000  (tag: myfaces-core-project-2.1.5)
2011-11-16 21:00:49 +0000  (tag: myfaces-core-project-2.1.4)
2011-09-12 21:54:45 +0000  (tag: myfaces-core-project-2.1.3)
2011-08-23 01:03:56 +0000  (tag: myfaces-core-project-2.1.2)
2011-06-07 20:32:46 +0000  (tag: myfaces-core-project-2.1.1)
2011-05-24 12:45:14 +0000  (tag: myfaces-core-project-2.1.0)
2011-02-09 02:18:40 +0000  (tag: myfaces-core-project-2.0.4)
2010-12-14 01:12:09 +0000  (tag: myfaces-core-project-2.0.3)
2012-04-04 03:35:47 +0000  (tag: myfaces-core-project-1.1.10)
2011-03-16 17:41:43 +0000  (tag: myfaces-core-project-1.1.9)
2012-04-04 01:31:08 +0000  (tag: myfaces-core-project-1.2.12)
2011-11-17 17:26:31 +0000  (tag: myfaces-core-project-1.2.11)
2011-02-23 20:08:11 +0000  (tag: myfaces-core-project-1.2.10)
2010-09-20 18:51:33 +0000  (tag: myfaces-core-project-2.0.2)
2010-07-15 19:11:39 +0000  (tag: 2_0_1)
2010-06-07 03:17:00 +0000  (tag: 1_1_8)
2010-06-07 01:28:19 +0000  (tag: 1_2_9)
2010-04-16 02:25:11 +0000  (tag: 2_0_0)
2010-03-22 16:59:28 +0000  (tag: 2_0_0_beta_3)
2010-02-15 19:17:57 +0000  (tag: 2_0_0_beta_2)
2010-01-26 22:31:53 +0000  (tag: 2_0_0_beta)
2009-11-26 22:30:32 +0000  (tag: 2_0_0_alpha)
2009-11-24 18:02:20 +0000  (tag: 1_2_8)
2009-06-01 23:37:59 +0000  (tag: 1_1_7)
2009-06-01 08:07:16 +0000  (tag: 1_2_7)
2009-01-20 02:19:31 +0000  (tag: 1_2_6)
2008-10-29 21:02:00 +0000  (tag: 1_2_5)
2008-08-27 01:33:02 +0000  (tag: 1_2_4)
2008-08-12 18:28:51 +0000  (tag: 1_1_6)
2008-05-07 03:31:11 +0000  (tag: 1_2_3)
2008-01-21 19:09:33 +0000  (tag: 1_2_2)
2007-07-14 14:35:06 +0000  (tag: 1_2_0)
2007-02-14 02:26:33 +0000  (tag: 1_1_5)
2006-09-10 22:25:01 +0000  (tag: 1_1_4)
2006-06-20 14:15:21 +0000  (tag: 1_1_2)
2006-05-06 22:04:10 +0000  (tag: 1_1_3)
2006-01-17 14:10:57 +0000 