2022-07-22 17:59:10 +0200  (tag: tobago-5.2.0)
2022-07-01 13:20:31 +0200  (tag: tobago-5.1.0)
2021-10-28 21:17:51 +0200  (tag: tobago-5.0.0)
2021-07-30 12:04:56 +0200  (tag: tobago-5.0.0-alpha-2)
2021-05-27 00:09:01 +0200  (tag: tobago-5.0.0-alpha-1)
2022-07-01 13:00:44 +0200  (tag: tobago-4.5.5)
2021-05-26 23:11:47 +0200  (tag: tobago-4.5.4)
2021-02-26 16:38:45 +0100  (tag: tobago-4.5.3)
2021-02-02 06:58:03 +0100  (tag: tobago-4.5.2)
2020-10-28 11:46:18 +0100  (tag: tobago-4.5.1)
2020-05-26 09:08:31 +0200  (tag: tobago-4.5.0)
2019-05-22 10:34:46 +0200  (tag: tobago-4.4.1)
2019-03-12 20:06:43 +0100  (tag: tobago-4.4.0)
2018-11-21 15:48:51 +0100  (tag: tobago-4.3.2)
2018-11-02 17:19:10 +0100  (tag: tobago-4.3.1)
2018-09-23 17:59:01 +0200  (tag: tobago-4.3.0)
2018-05-06 14:33:58 +0200  (tag: tobago-4.2.1)
2018-04-20 14:49:21 +0200  (tag: tobago-4.2.0)
2018-02-08 15:02:25 +0100  (tag: tobago-4.1.0)
2017-12-04 21:57:37 +0100  (tag: tobago-4.0.0)
2022-07-01 12:50:36 +0200  (tag: tobago-2.5.0)
2022-02-16 15:35:15 +0100  (tag: tobago-2.4.5)
2021-02-01 22:24:49 +0100  (tag: tobago-2.4.4)
2021-01-08 17:46:34 +0100  (tag: tobago-2.4.3)
2020-02-09 14:00:34 +0100  (tag: tobago-2.4.2)
2019-03-11 11:12:55 +0100  (tag: tobago-2.4.1)
2019-01-25 21:23:09 +0100  (tag: tobago-2.4.0)
2018-10-30 12:50:30 +0100  (tag: tobago-2.3.0)
2018-09-23 14:54:37 +0200  (tag: tobago-2.2.0)
2018-01-24 19:39:13 +0100  (tag: tobago-2.1.1)
2018-11-21 15:29:54 +0100  (tag: tobago-3.1.1)
2018-09-23 15:25:05 +0200  (tag: tobago-3.1.0)
2017-09-15 20:12:57 +0200  (tag: tobago-3.0.6)
2017-08-09 13:39:53 +0000  (tag: tobago-3.0.5)
2017-06-16 16:30:10 +0000  (tag: tobago-2.1.0)
2017-04-06 08:38:51 +0000  (tag: tobago-3.0.4)
2017-02-03 10:46:40 +0000  (tag: tobago-3.0.3)
2017-01-20 09:49:26 +0000  (tag: tobago-3.0.2)
2017-01-13 23:07:39 +0000  (tag: tobago-3.0.1)
2016-12-12 22:38:28 +0000  (tag: tobago-3.0.0)
2016-12-03 11:25:07 +0000  (tag: tobago-3.0.0-beta-1)
2016-10-26 09:48:35 +0000  (tag: tobago-3.0.0-alpha-7)
2016-09-16 18:09:08 +0000  (tag: tobago-3.0.0-alpha-6)
2016-09-05 09:05:02 +0000  (tag: tobago-2.0.10)
2016-08-24 12:21:12 +0000  (tag: tobago-3.0.0-alpha-5)
2016-07-08 15:18:09 +0000  (tag: tobago-3.0.0-alpha-4)
2016-04-15 11:22:06 +0000  (tag: tobago-3.0.0-alpha-3)
2016-01-27 21:05:46 +0000  (tag: tobago-2.0.9)
2015-12-17 12:50:46 +0000  (tag: tobago-3.0.0-alpha-2)
2015-11-04 08:48:37 +0000  (tag: tobago-3.0.0-alpha-1)
2015-07-09 12:26:06 +0000  (tag: tobago-1.0.42)
2015-06-05 20:50:57 +0000  (tag: tobago-2.0.8)
2015-03-18 00:10:25 +0000  (tag: tobago-2.0.7)
2015-02-20 20:39:08 +0000  (tag: tobago-2.0.6)
2014-12-16 20:43:45 +0000  (tag: tobago-2.0.5)
2014-11-19 09:35:33 +0000  (tag: tobago-2.0.4)
2014-10-08 14:36:34 +0000  (tag: tobago-2.0.3)
2014-08-22 13:10:54 +0000  (tag: tobago-2.0.2)
2014-07-31 11:07:04 +0000  (tag: tobago-2.0.1)
2014-07-17 12:49:55 +0000  (tag: tobago-2.0.0)
2014-05-30 20:25:50 +0000  (tag: tobago-2.0.0-beta-4)
2014-04-30 15:56:31 +0000  (tag: tobago-2.0.0-beta-3)
2014-03-28 17:05:48 +0000  (tag: tobago-2.0.0-beta-2)
2014-03-18 13:21:10 +0000  (tag: tobago-1.0.41)
2014-03-18 13:20:25 +0000  (tag: tobago-1.5.13)
2014-03-18 09:39:46 +0000  (tag: tobago-2.0.0-beta-1)
2014-01-06 10:37:02 +0000  (tag: tobago-1.5.12)
2014-01-03 18:13:14 +0000  (tag: tobago-2.0.0-alpha-3)
2013-11-04 21:46:37 +0000  (tag: tobago-1.5.11)
2013-10-07 11:27:22 +0000  (tag: tobago-2.0.0-alpha-2)
2013-08-02 13:19:21 +0000  (tag: tobago-2.0.0-alpha-1)
2013-05-24 09:31:22 +0000  (tag: tobago-1.5.10)
2013-02-26 20:59:35 +0000  (tag: tobago-1.5.9)
2013-02-06 14:14:29 +0000  (tag: tobago-1.0.9-RC1)
2013-01-27 11:51:10 +0000  (tag: tobago-1.0.40)
2012-10-13 20:38:05 +0000  (tag: tobago-1.5.8)
2012-07-06 21:54:50 +0000  (tag: tobago-1.5.7)
2012-06-23 15:34:40 +0000  (tag: tobago-1.6.0-beta-2)
2012-06-03 10:30:02 +0000  (tag: tobago-1.6.0-beta-1)
2012-05-17 09:18:20 +0000  (tag: tobago-1.5.6)
2012-05-06 11:00:03 +0000  (tag: tobago-1.5.5)
2012-02-26 23:55:02 +0000  (tag: tobago-1.5.4)
2012-02-14 19:01:37 +0000  (tag: tobago-1.0.39)
2012-02-11 22:13:36 +0000  (tag: tobago-1.5.3)
2012-01-20 20:49:11 +0000  (tag: tobago-1.5.2)
2011-12-08 22:51:56 +0000  (tag: tobago-1.5.1)
2011-11-25 21:19:58 +0000  (tag: tobago-1.5.0)
2011-11-05 10:32:11 +0000  (tag: tobago-1.5.0-beta-2)
2011-10-16 20:47:29 +0000  (tag: tobago-1.0.38)
2011-07-10 11:26:41 +0000  (tag: tobago-1.5.0-beta-1)
2011-07-09 11:32:59 +0000  (tag: tobago-1.0.37)
2011-05-09 20:01:26 +0000  (tag: tobago-1.0.36)
2011-03-09 12:22:05 +0000  (tag: tobago-1.0.35)
2011-02-16 21:51:34 +0000  (tag: tobago-1.0.34)
2011-02-16 21:28:07 +0000  (tag: tobago-1.5.0-alpha-2)
2011-02-04 23:27:36 +0000  (tag: tobago-1.0.33)
2010-11-24 18:15:59 +0000  (tag: tobago-1.0.32)
2010-10-30 21:00:17 +0000  (tag: tobago-1.0.31)
2010-10-01 05:45:42 +0000  (tag: tobago-1.0.30)
2010-09-15 05:38:45 +0000  (tag: tobago-1.0.29)
2010-08-13 21:19:41 +0000  (tag: tobago-1.0.28)
2010-06-02 21:35:55 +0000  (tag: tobago-1.0.27)
2010-05-30 21:21:53 +0000  (tag: tobago-1.0.26)
2010-04-17 20:15:36 +0000  (tag: tobago-1.0.25)
2010-01-13 20:30:16 +0000  (tag: tobago-1.0.24)
2009-10-23 10:09:25 +0000  (tag: tobago-1.5.0-alpha-1)
2009-09-02 17:09:57 +0000  (tag: tobago-1.0.23)
2009-08-12 18:12:09 +0000  (tag: tobago-1.0.22)
2009-06-06 20:10:11 +0000  (tag: tobago-1.0.21)
2008-10-20 12:22:16 +0000  (tag: tobago-1.0.20)
2008-09-30 14:34:08 +0000  (tag: tobago-1.0.19)
2008-08-22 09:16:27 +0000  (tag: tobago-1.0.18)
2008-05-15 18:48:18 +0000  (tag: tobago-1.0.17)
2008-04-11 11:15:36 +0000  (tag: tobago-1.0.16)
2008-02-14 18:33:28 +0000  (tag: tobago-1.0.15)
2008-01-21 17:32:21 +0000  (tag: tobago-1.0.14)
2007-12-11 22:25:35 +0000  (tag: tobago-1.0.13)
2007-10-18 18:37:31 +0000  (tag: tobago-1.0.12)
2007-05-27 11:59:47 +0000  (tag: tobago-1.0.11)
2007-03-10 10:30:15 +0000  (tag: tobago-1.0.10)
2006-12-20 15:52:17 +0000  (tag: tobago-1.0.9)
2006-09-14 14:38:06 +0000  (tag: tobago-1.0.8)
2006-05-03 18:39:46 +0000  (tag: tobago-1.0.7)
2006-04-16 03:35:18 +0000  (tag: start)
2006-04-16 03:35:18 +0000  (tag: tobago_1_0_0)
2006-04-16 03:35:18 +0000  (tag: tobago_1_0_1)
2006-04-16 03:35:18 +0000  (tag: tobago_1_0_2)
2006-04-16 03:35:18 +0000  (tag: tobago_1_0_3)
2006-04-16 03:35:18 +0000  (tag: tobago_1_0_4)
2006-04-16 03:35:18 +0000  (tag: tobago_1_0_5)
2006-04-16 03:35:18 +0000  (tag: tobago_1_0_6)