2022-08-22 16:15:35 +0200  (tag: release-1.19, origin/branch-1.19)
2022-08-22 15:40:00 +0200  (origin/master, origin/HEAD)
2022-08-17 15:43:02 +0200  (HEAD -> master)
2021-01-19 15:33:48 -0800  (tag: release-1.18, origin/branch-1.18)
2020-06-18 12:05:00 +0200  (tag: release-1.17, origin/branch-1.17)
2019-10-02 12:41:01 +0200  (tag: release-1.16, origin/branch-1.16)
2019-03-02 15:35:38 +0100  (origin/revert-441-NUTCH-2697)
2019-09-23 15:57:43 +0200  (tag: release-2.4, origin/branch-2.4)
2018-07-26 14:55:38 +0200  (tag: release-1.15, origin/branch-1.15)
2017-12-18 20:08:24 +0100  (tag: release-1.14, origin/branch-1.14)
2017-03-28 20:30:27 -0700  (tag: release-1.13)
2016-06-02 21:12:10 -0700  (tag: release-1.12)
2016-01-10 14:52:55 +0000  (tag: release-2.3.1rc2)
2015-12-04 07:48:12 +0000  (tag: release-1.11-rc2)
2015-10-26 05:39:29 +0000  (tag: release-1.11-rc1)
2015-09-23 01:31:12 +0000  (tag: release-2.3.1)
2015-04-29 21:40:55 +0000  (tag: release-1.10)
2015-04-29 21:32:17 +0000  (origin/branch-1.10)
2015-01-09 08:36:52 +0000  (tag: release-2.3)
2015-01-09 08:25:18 +0000  (origin/branch-2.3)
2014-08-13 05:10:19 +0000  (tag: release-1.9)
2014-08-13 05:09:20 +0000  (origin/branch-1.9)
2014-03-11 19:00:27 +0000  (tag: release-1.8RC#2)
2014-03-11 18:58:40 +0000  (origin/branch-1.8)
2014-03-01 14:11:42 +0000  (tag: release-1.8)
2013-06-27 17:29:49 +0000  (tag: release-2.2.1)
2013-06-27 17:28:04 +0000  (origin/branch-2.2.1)
2013-06-20 21:08:29 +0000  (tag: release-1.7)
2013-05-31 22:52:41 +0000  (tag: release-2.2)
2012-11-23 13:48:30 +0000  (tag: release-1.6)
2012-11-23 13:47:02 +0000  (origin/branch-1.6)
2012-09-21 14:45:52 +0000  (tag: release-2.1)
2012-09-21 14:29:48 +0000  (origin/2.1)
2012-07-09 15:22:31 +0000  (origin/nutchgora)
2012-07-03 18:28:37 +0000  (tag: release-1.5.1-rc3)
2012-07-03 18:17:03 +0000  (origin/branch-1.5.1)
2012-07-02 17:26:48 +0000  (tag: release-1.5.1-rc2)
2012-06-25 16:24:14 +0000  (tag: release-2.0rc3)
2012-06-25 15:58:31 +0000  (tag: release-1.5.1)
2012-06-15 12:32:13 +0000  (tag: release-2.0rc2)
2012-06-08 14:27:42 +0000  (tag: release-2.0rc1)
2012-06-08 14:23:13 +0000  (tag: release-2.0)
2012-05-31 20:21:18 +0000  (tag: release-1.5-rc4)
2012-05-31 20:08:26 +0000  (origin/branch-1.5)
2012-05-30 20:31:05 +0000  (tag: release-1.5-rc3)
2012-05-22 17:57:45 +0000  (tag: release-1.5-rc2)
2012-04-16 05:36:23 +0000  (tag: release-1.5)
2011-11-05 00:30:53 +0000  (tag: release-1.4)
2011-09-23 23:53:53 +0000 
2010-08-07 21:57:21 +0000  (origin/nutchbase)
2011-06-08 04:09:31 +0000  (tag: release-1.3)
2011-06-04 18:38:58 +0000  (origin/branch-1.3)
2010-09-24 21:37:08 +0000  (tag: release-1.2)
2010-09-21 04:05:44 +0000  (origin/branch-1.2)
2010-08-08 01:01:01 +0000  (tag: 1.2)
2010-06-26 05:41:20 +0000  (tag: release-1.1-rc1)
2010-06-19 03:42:16 +0000  (tag: relase-1.1-rc1)
2010-05-12 03:51:23 +0000  (tag: 1.1-rc1)
2010-06-26 05:39:38 +0000  (tag: release-1.1)
2010-06-19 03:41:56 +0000  (tag: relase-1.1)
2010-06-07 05:10:36 +0000  (tag: 1.1)
2010-05-12 03:51:23 +0000  (tag: release-0.7)
2010-05-12 03:51:23 +0000  (tag: release-0.7.1)
2010-05-12 03:51:23 +0000  (tag: release-0.7.2)
2010-05-12 03:51:23 +0000  (tag: release-0.8)
2010-05-12 03:51:23 +0000  (tag: release-0.8.1)
2010-05-12 03:51:23 +0000  (tag: release-0.9)
2010-05-12 03:51:23 +0000  (tag: release-1.0)
2010-05-12 03:51:23 +0000  (tag: release-1.0-rc0)
2010-05-12 03:51:23 +0000  (tag: release-1.0-rc1)
2010-05-12 03:51:23 +0000  (tag: release-1.0-rc2)