2018-03-15 05:06:34 +0000  (tag: APACHE_ODE_1.3.8)
2017-04-26 12:26:20 +0530  (tag: APACHE_ODE_1.3.7)
2016-09-24 13:19:57 +0530  (origin/ODE-1060)
2013-10-02 00:45:39 +0200  (tag: APACHE_ODE_1.3.6)
2011-01-31 00:55:41 +0000  (tag: APACHE_ODE_1.3.5)
2010-06-09 14:33:39 +0000  (tag: APACHE_ODE_1.3.4)
2010-06-04 18:47:51 +0000  (origin/APACHE_ODE_1.3.4.X)
2010-05-18 04:35:58 +0000  (origin/APACHE_ODE_1.X)
2009-08-19 15:51:58 +0000  (tag: APACHE_ODE_1.3.3)
2009-04-29 21:27:12 +0000  (tag: APACHE_ODE_1.3.2)
2009-04-22 23:07:02 +0000  (tag: APACHE_ODE_1.3.1)
2009-02-26 22:22:25 +0000  (tag: test-2)
2009-02-26 21:22:37 +0000  (tag: test-1)
2009-02-23 22:46:32 +0000  (tag: 2.0-beta2)
2009-02-06 23:37:29 +0000  (tag: 2.0-beta1)
2009-02-06 23:24:13 +0000  (tag: APACHE_ODE_1.3)
2008-07-10 23:26:55 +0000  (origin/APACHE_ODE_1.1)
2008-06-27 19:30:54 +0000  (tag: APACHE_ODE_1.2)
2008-06-06 23:36:46 +0000  (tag: APACHE_ODE_1.2RC1)
2008-01-09 18:41:38 +0000  (tag: APACHE_ODE_1.1.1)
2007-12-05 23:19:20 +0000  (tag: APACHE_ODE_1.1.1RC1)
2007-08-22 18:18:54 +0000  (tag: APACHE_ODE_1.1-RC5)
2007-08-17 21:50:32 +0000  (tag: APACHE_ODE_1.1-RC4)
2007-08-16 00:20:36 +0000  (tag: APACHE_ODE_1.1-RC3)
2007-08-13 22:00:36 +0000  (tag: APACHE_ODE_1.1-RC2)
2007-08-07 03:21:53 +0000  (tag: APACHE_ODE_1.1-RC1)
2007-07-29 04:20:14 +0000  (tag: APACHE_ODE_1.0-INCUBATING)
2007-07-29 04:20:14 +0000  (tag: APACHE_ODE_1.0-RC1-INCUBATING)
2007-07-29 04:20:14 +0000  (tag: APACHE_ODE_1.0-RC2-INCUBATING)
2007-07-29 04:20:14 +0000  (tag: APACHE_ODE_1.0-RC3-INCUBATING)
2007-07-29 04:20:14 +0000  (tag: APACHE_ODE_1.0-RC4-INCUBATING)
2006-07-03 19:47:22 +0000 