2022-02-27 08:22:47 +0100  (tag: 4.9.0)
2020-12-27 08:50:08 +0100  (tag: 4.8.0)
2020-12-14 21:00:44 +0100  (tag: 4.8.0-RC01)
2019-12-20 07:41:14 +0100  (tag: 4.7.1-RC01)
2019-12-01 14:08:13 +0100  (tag: 4.7.0)
2019-11-27 09:31:37 +0100  (tag: 4.7.0-RC01)
2019-11-18 09:10:25 +0100  (origin/pr-13-test, origin/OLINGO-1410)
2019-09-04 09:17:51 +0530  (origin/olingojava8)
2019-05-05 07:27:37 +0200  (tag: 4.6.0)
2019-05-01 06:56:06 +0200  (tag: 4.6.0-RC01)
2018-08-13 15:25:07 +0200  (tag: 4.5.0)
2017-09-01 15:15:49 +0200  (tag: 4.4.0)
2017-08-29 09:35:14 +0200  (tag: 4.4.0-RC01)
2016-09-19 13:46:34 +0200  (tag: 4.3.0)
2016-09-15 14:28:27 +0200  (tag: 4.3.0-RC01)
2016-07-29 10:55:32 +0200  (tag: 4.3.0-beta)
2016-04-04 15:59:59 +0200  (tag: 4.2.0)
2016-03-31 16:56:03 +0200  (tag: 4.2.0-RC01)
2015-12-21 12:18:07 +0100  (tag: 4.1.0)
2015-12-18 15:56:11 +0100  (tag: 4.1.0-RC01)
2015-10-13 14:29:00 +0200  (origin/TutorialAction)
2015-09-21 10:54:21 +0200  (tag: 4.0.0)
2015-09-17 11:32:14 +0200  (tag: 4.0.0-RC03)
2015-09-14 10:37:04 +0200  (tag: 4.0.0-RC02)
2015-09-11 14:44:50 +0200  (tag: 4.0.0-RC01)
2015-08-12 07:47:38 +0200  (tag: Tutorial_P5_SQO)
2015-08-04 16:23:42 +0200  (origin/OLINGO-640)
2015-07-09 08:33:58 +0200  (tag: Tutorial_P4_Navigation)
2015-05-11 10:34:18 +0200  (tag: 4.0.0-beta-03)
2015-05-07 16:09:05 +0200  (tag: 4.0.0-beta-03-RC01)
2015-01-29 21:42:46 +0100  (tag: 4.0.0-beta-02)
2015-01-26 20:10:49 +0100  (tag: 4.0.0-beta-02-RC01)
2014-09-23 09:06:15 +0200  (tag: 4.0.0-beta-01)
2014-09-19 13:40:32 +0200  (tag: 4.0.0-beta-01-RC02)
2014-09-12 13:46:39 +0200  (tag: 4.0.0-beta-01-RC01)
2014-05-22 13:22:14 +0200  (tag: beforeODataJClientRemoval)
2014-03-31 17:57:31 +0200  (origin/client-M2)
2013-11-07 13:32:22 +0100 