2021-09-25 16:04:26 +0000  (tag: 1.9.1)
2019-09-30 15:14:17 +0200  (tag: 1.9-rc4)
2019-09-30 15:13:31 +0200  (tag: 1.9)
2018-05-18 13:19:35 +0530  (origin/OODT-978)
2017-10-10 11:20:44 -0700 
2017-08-23 19:32:48 +0530  (origin/feature/zookeeper-config)
2017-09-02 08:34:57 -0700 
2016-07-01 20:44:32 +0100 
2015-09-16 03:37:00 +0000  (origin/old_avro_rpc)
2018-09-06 21:43:20 +0200  (tag: 1.2.5)
2018-08-13 23:07:19 +0200  (tag: 1.2.4)
2018-08-06 23:45:26 +0200  (tag: 1.2.3)
2018-02-05 20:38:06 +0000  (origin/release-1.2.2)
2018-02-05 20:37:17 +0000  (tag: 1.2.2)
2017-11-10 21:33:06 -0800  (tag: 1.2.1)
2017-08-15 14:32:39 +0100  (tag: 1.2)
2017-07-19 11:31:28 -0700  (tag: 1.1)
2016-07-11 19:38:58 +0100  (origin/1.x-lucene)
2016-06-21 09:54:50 +0100  (tag: 1.0)
2016-02-10 22:00:47 +0000  (tag: 0.12, origin/0.12-release)
2016-01-03 21:33:40 +0000  (tag: 0.11)
2015-12-29 22:04:10 +0000  (tag: 0.11-rc1)
2015-10-15 23:49:23 +0100 
2015-10-15 22:11:26 +0100  (origin/OODT-755)
2015-09-13 19:40:39 +0000  (tag: 0.10)
2015-09-04 19:46:49 +0000  (tag: 0.10-rc2)
2015-10-03 00:24:20 +0100  (origin/dependency-update)
2015-08-31 06:43:53 +0000  (tag: 0.10-rc1)
2015-06-09 17:52:59 +0000  (tag: 0.8.1)
2015-06-09 17:52:21 +0000  (tag: 0.9)
2015-05-31 18:26:02 +0000  (tag: 0.9-rc1)
2015-02-06 18:57:20 +0000  (tag: 0.8.1-rc1)
2015-02-06 19:58:14 +0000  (tag: 0.9-SNAPSHOT)
2014-12-19 13:38:31 +0000  (tag: 0.8)
2014-09-15 06:16:15 +0000  (tag: 0.7)
2014-08-19 02:12:03 +0000  (tag: oodt-0.7)
2013-07-08 18:24:00 +0000  (tag: 0.6)
2012-12-25 23:57:34 +0000  (tag: 0.5)
2012-06-19 12:17:11 +0000  (tag: 0.4)
2012-06-14 05:59:42 +0000  (tag: oodt-0.4)
2011-06-23 16:58:03 +0000  (tag: 0.3)
2011-06-23 14:08:45 +0000  (tag: oodt-0.3)
2011-05-01 04:13:50 +0000  (tag: 0.2)
2011-01-26 05:10:08 +0000  (origin/0.2)
2010-11-23 08:33:15 +0000  (tag: 0.1-incubating)
2010-05-03 01:15:31 +0000 