2021-02-09 09:29:14 +0100  (tag: release-5.2.1-rc1, tag: release-5.2.1, origin/branch-5.2)
2021-02-08 10:38:40 +0100  (tag: release-5.2.1-rc0)
2019-10-29 09:55:59 +0100  (tag: release-5.2.0-rc0, tag: release-5.2.0)
2018-12-03 14:07:51 +0100  (tag: release-5.1.0-rc2, tag: release-5.1.0, origin/branch-5.1)
2018-11-05 17:05:53 +0100  (tag: release-5.1.0-rc1)
2018-10-25 13:37:31 +0200  (tag: release-5.1.0-rc0)
2018-03-27 13:06:55 +0200  (tag: release-5.0.0-rc0, tag: release-5.0.0)
2018-02-05 12:55:32 +0100  (tag: release-4.3.1-rc4, tag: release-4.3.1, origin/branch-4.3)
2018-01-27 08:07:18 -0800  (tag: release-4.3.1-rc3)
2018-01-23 16:03:40 -0800  (tag: release-4.3.1-rc2)
2018-01-16 17:12:37 -0800  (tag: release-4.3.1-rc1)
2018-01-06 12:29:06 -0800  (tag: release-4.3.1-rc0)
2016-11-25 10:23:40 +0530  (tag: release-4.3.0-rc1, tag: release-4.3.0)
2016-10-21 13:09:04 -0700  (tag: release-4.3.0-rc0)
2018-01-17 16:01:18 +0100  (tag: release-5.0.0-beta1-rc2, tag: release-5.0.0-beta1, origin/branch-5.0.0-beta1)
2018-01-09 16:57:48 +0100  (tag: release-5.0.0-beta1-rc1)
2017-12-18 09:23:38 +0100  (tag: release-5.0.0-beta1-rc0)
2015-05-22 11:34:57 +0530  (tag: release-4.2.0-rc0, tag: release-4.2.0)
2014-11-19 11:38:51 -0800  (tag: release-4.1.0-rc1, tag: release-4.1.0)
2014-11-11 10:48:27 -0800  (tag: release-4.1.0-rc0)
2014-03-24 18:43:42 -0700  (tag: release-4.0.1-rc1, tag: release-4.0.1, origin/branch-4.0)
2014-03-21 14:09:52 -0700  (tag: release-4.0.1-rc0)
2013-08-30 23:03:19 +0000  (tag: release-4.0.0)
2013-08-30 23:02:18 +0000  (tag: release-4.0.0-rc3)
2013-08-12 21:47:24 +0000  (tag: release-4.0.0-rc1)
2013-08-06 01:11:33 +0000  (tag: release-4.0.0-rc0)
2013-03-25 16:45:50 +0000  (tag: release-3.3.2)
2013-03-20 20:55:02 +0000  (tag: release-3.3.2-rc0)
2013-01-22 22:06:52 +0000  (tag: release-3.3.1)
2013-01-17 23:37:13 +0000  (tag: release-3.3.1-rc1)
2013-01-17 01:27:45 +0000  (tag: release-3.3.1-rc0)
2012-12-03 21:38:12 +0000  (tag: release-3.3.0)
2012-11-28 05:45:50 +0000  (tag: release-3.3.0-rc1)
2012-11-21 09:37:59 +0000  (tag: release-3.3.0-rc0)
2012-09-07 22:14:29 +0000  (tag: 3.1.2)
2012-09-07 22:14:29 +0000  (tag: 3.1.3)
2012-09-07 22:14:29 +0000  (tag: 3.2)
2012-09-07 22:14:29 +0000  (tag: release-3.1.3)
2012-09-07 22:14:29 +0000  (tag: release-3.1.3-rc0)
2012-09-07 22:14:29 +0000  (tag: release-3.1.3-rc1)
2012-09-07 22:14:29 +0000  (tag: release-3.2.0-incubating)