2022-05-08 04:43:50 -0700  (tag: 2.0.0)
2021-10-26 14:31:41 -0400  (tag: opennlp-1.9.4)
2021-10-08 18:13:15 -0400  (origin/2.0.0-dev)
2020-07-24 15:09:52 +0000  (tag: opennlp-1.9.3)
2019-12-11 15:53:25 -0500  (tag: opennlp-1.9.2)
2018-12-27 14:15:03 -0500  (tag: opennlp-1.9.1-rc2)
2018-12-27 12:49:41 -0500  (tag: opennlp-1.9.1-rc1)
2018-06-29 07:29:55 -0400  (tag: opennlp-1.9.0-rc2)
2018-06-22 12:01:49 -0400  (tag: opennlp-1.9.0-rc1)
2017-12-21 08:28:46 -0500  (tag: opennlp-1.8.4)
2017-10-24 14:39:01 +0530  (tag: opennlp-1.8.3)
2017-09-11 09:02:51 +0200  (tag: opennlp-1.8.2)
2017-07-05 09:08:00 -0400  (tag: opennlp-1.8.1)
2017-05-17 23:19:47 +0200  (tag: opennlp-1.8.0)
2017-02-01 11:03:26 -0500  (tag: opennlp-1.7.2)
2017-01-20 16:57:48 -0500  (tag: opennlp-1.7.1)
2016-12-31 17:33:22 -0200  (tag: opennlp-1.7.0)
2013-11-14 21:24:13 +0000 
2015-06-16 13:29:31 +0000  (tag: opennlp-1.6.0-rc6)
2015-06-11 23:57:26 +0000  (tag: opennlp-1.6.0-rc5)
2015-05-23 02:19:37 +0000  (tag: opennlp-1.6.0-rc4)
2015-04-30 03:51:53 +0000  (tag: opennlp-1.6.0-rc3)
2015-01-22 18:12:27 +0000  (tag: opennlp-1.6.0-rc2)
2014-12-10 15:53:33 +0000  (tag: opennlp-1.6.0-rc1)
2014-12-10 15:35:59 +0000  (tag: opennlp-1.6.0-RC1)
2014-12-10 13:25:11 +0000  (tag: opennlp-1.6.0)
2013-04-03 12:53:50 +0000  (tag: opennlp-1.5.3-rc3)
2013-03-08 13:01:25 +0000  (tag: opennlp-1.5.3-rc2)
2013-03-08 01:14:42 +0000  (tag: opennlp-1.5.3-rc1)
2012-02-18 03:18:58 +0000  (tag: asf_migration)
2012-02-18 03:18:58 +0000  (tag: opennlp-1.5.1-incubating-rc1)
2012-02-18 03:18:58 +0000  (tag: opennlp-1.5.1-incubating-rc2)
2012-02-18 03:18:58 +0000  (tag: opennlp-1.5.1-incubating-rc4)
2012-02-18 03:18:58 +0000  (tag: opennlp-1.5.1-incubating-rc5)
2012-02-18 03:18:58 +0000  (tag: opennlp-1.5.1-incubating-rc6)
2012-02-18 03:18:58 +0000  (tag: opennlp-1.5.1-incubating-rc7)
2012-02-18 03:18:58 +0000  (tag: opennlp-1.5.2-incubating-rc1)
2012-02-18 03:18:58 +0000  (tag: opennlp-1.5.2-incubating-rc2)
2012-02-18 03:18:58 +0000  (tag: opennlp-1.5.2-incubating-rc3)
2012-02-18 03:18:58 +0000  (tag: opennlp-1.5.2-incubating-rc4)
2012-02-18 03:18:58 +0000  (tag: opennlp-1.5.2-incubating-rc5)
2012-02-18 03:18:58 +0000  (tag: opennlp-1.5.2-incubating-rc6)