2022-03-16 09:25:56 +0100  (tag: 3.2.2)
2022-02-03 11:08:53 +0100  (tag: 3.2.1)
2021-05-10 19:19:33 +0200  (tag: 3.2.0)
2020-07-07 11:19:15 +0200  (tag: 3.1.2)
2020-02-14 12:12:01 +0100  (tag: 3.1.1)
2019-04-10 20:13:04 +0200  (tag: 3.1.0)
2018-06-14 07:57:54 +0000  (tag: 3.0.0)
2018-06-08 20:34:40 +0000  (tag: openjpa-parent-3.0.0)
2018-06-14 07:57:37 +0000  (tag: 2.4.3)
2018-06-06 21:06:34 +0000  (tag: openjpa-parent-2.4.3)
2017-01-03 10:37:39 +0000  (tag: 2.4.2)
2016-02-14 22:23:01 +0000  (tag: 2.4.1)
2016-02-14 14:01:16 +0000  (tag: 2.4.1-SNAPSHOT)
2015-05-05 08:09:07 +0000  (tag: 2.4.0)
2015-04-19 11:21:19 +0000  (tag: openjpa-parent-2.4.0)
2013-11-21 12:30:34 +0000  (tag: 2.3.0)
2013-11-11 20:07:48 +0000  (tag: openjpa-parent-2.3.0)
2013-04-16 21:28:40 +0000  (tag: 2.2.2)
2013-04-12 19:13:34 +0000  (tag: 1.2.3)
2012-11-01 21:24:37 +0000  (tag: 2.2.1)
2012-02-16 14:21:15 +0000  (tag: 2.2.0)
2011-07-19 21:18:40 +0000  (tag: 2.1.1)
2011-02-16 17:24:25 +0000  (tag: 2.1.0)
2010-08-26 14:32:00 +0000  (tag: 1.0.4)
2010-08-26 01:42:25 +0000  (tag: 2.0.1)
2010-04-19 17:33:26 +0000  (tag: 2.0.0)
2010-03-23 21:39:19 +0000  (tag: 2.0.0-beta3)
2010-02-24 21:04:46 +0000  (tag: 2.0.0-beta2)
2010-01-28 20:27:05 +0000  (tag: 2.0.0-beta)
2010-01-26 03:06:15 +0000  (origin/2.0.0-beta)
2010-01-13 20:45:02 +0000  (tag: 1.2.2)
2009-03-13 14:14:21 +0000  (tag: 1.2.1)
2009-10-12 17:42:18 +0000  (tag: 2.0.0-M3)
2009-10-07 18:41:24 +0000  (origin/2.0.0-M3)
2009-03-14 13:51:24 +0000  (tag: 1.2.0)
2008-07-17 21:26:22 +0000  (tag: 1.0.3)
2008-05-23 23:37:06 +0000  (tag: 1.1.0)
2008-05-19 18:50:55 +0000  (origin/1.1.0)
2008-02-19 01:11:23 +0000  (tag: 1.0.2)
2008-02-12 22:29:00 +0000  (origin/1.0.2)
2007-11-10 00:59:27 +0000  (tag: 1.0.1)
2007-11-05 20:36:38 +0000  (origin/1.0.1)
2007-08-24 05:27:43 +0000  (origin/1.0.0)
2007-08-28 17:51:48 +0000  (tag: 1.0.0)
2007-05-23 02:33:15 +0000  (tag: 0.9.6-incubating)
2007-05-23 02:33:15 +0000  (tag: 0.9.7-incubating)
2006-05-02 01:50:04 +0000 