2022-05-13 12:18:32 +0700  (tag: 6.3.0-RC1, tag: 6.3.0)
2021-10-21 20:52:15 +1300  (tag: 6.2.0-RC3, tag: 6.2.0)
2021-09-30 18:33:07 +1300  (tag: 6.2.0-RC2)
2021-09-29 22:35:55 +1300  (tag: 6.2.0-RC1)
2021-07-17 12:51:08 +0700  (tag: 6.1.0-RC1, tag: 6.1.0)
2021-03-05 14:10:32 +0700  (tag: 6.0.0)
2020-12-01 22:39:19 +0700  (tag: 5.1.0-RC1, tag: 5.1.0)
2020-09-19 11:49:39 +0700  (tag: 5.0.1)
2020-08-22 09:02:54 +0700  (tag: 4.0.11-RC1, tag: 4.0.11)
2020-08-22 08:12:59 +0700  (origin/4.0.x)
2020-08-17 23:38:18 +0700  (tag: 5.0.0-RC1, tag: 5.0.0)
2020-04-19 10:47:03 +0700  (tag: 5.0.0-M4-RC1, tag: 5.0.0-M4)
2019-12-11 21:22:53 +0700  (tag: 4.0.10-RC1, tag: 4.0.10)
2019-12-11 18:32:24 +0700  (tag: 5.0.0-M3-RC1, tag: 5.0.0-M3)
2019-07-12 19:51:17 +0700  (tag: 5.0.0-M2RC1, tag: 5.0.0-M2)
2019-07-11 23:33:50 +0700  (tag: 4.0.9RC1, tag: 4.0.9)
2019-03-29 21:28:06 +0700  (tag: 5.0.0-M1-RC1, tag: 5.0.0-M1)
2019-03-05 22:30:28 +0700  (tag: 4.0.8RC1)
2018-12-29 00:02:15 +0700  (tag: 4.0.7RC1)
2018-10-10 13:54:36 +0700  (tag: 4.0.6RC1)
2018-08-31 00:00:25 +0700  (tag: 4.0.5RC1)
2018-05-23 09:45:41 +0700  (tag: 4.0.4RC1)
2018-04-11 20:28:36 +0700  (tag: 4.0.3)
2018-02-24 22:53:57 +0700  (tag: 4.0.2)
2017-12-05 23:35:53 +0700  (tag: 4.0.1RC1)
2017-10-30 20:32:35 +0700  (tag: 4.0.0RC2)
2017-10-28 12:45:39 +0700  (tag: 4.0.0RC1)
2015-12-13 05:54:37 +0000 
2017-09-14 20:28:34 +0700  (tag: 3.3.2RC1)
2017-09-03 22:24:19 +0700  (tag: 3.3.1RC3)
2017-08-31 15:49:58 +0700  (tag: 3.3.1RC2)
2017-08-31 10:32:16 +0700  (tag: 3.3.1RC1)
2017-06-27 00:09:00 +0700  (tag: 3.3.0)
2017-05-12 14:33:15 +0700  (origin/3.2.x)
2017-03-17 05:12:28 +0000  (tag: 3.2.1RC3)
2017-03-10 16:52:56 +0000  (tag: 3.2.1RC2)
2017-03-07 09:09:17 +0000  (tag: 3.2.1RC1)
2017-02-08 14:06:30 +0000  (tag: 3.2.0RC2)
2017-01-29 09:51:03 +0000  (tag: 3.2.0RC1)
2017-01-29 09:40:55 +0000  (tag: 3.1.5RC1)
2017-01-29 09:40:55 +0000  (tag: 3.1.5RC2)
2017-01-08 07:30:13 +0000  (tag: 3.1.4RC1)
2016-09-23 16:51:22 +0000  (tag: 3.1.3RC3)
2016-09-20 16:38:07 +0000  (tag: 3.1.3RC2)
2016-09-06 15:23:16 +0000  (tag: 3.1.3RC1)
2016-08-12 02:48:17 +0000  (tag: 3.1.2)
2016-03-24 17:43:50 +0000  (tag: 3.1.1RC1)
2016-03-01 17:05:42 +0000  (tag: 3.1.0RC1)
2015-12-13 05:54:37 +0000 
2015-12-13 05:54:37 +0000  (tag: 2.0)
2015-12-13 05:54:37 +0000  (tag: 2.0RC2)
2015-12-13 05:54:37 +0000  (tag: 2.0RC3)
2015-12-13 05:54:37 +0000  (tag: 2.0RC4)
2015-12-13 05:54:37 +0000  (tag: 2.1.1RC1)
2015-12-13 05:54:37 +0000  (tag: 2.1.1RC2)
2015-12-13 05:54:37 +0000  (tag: 2.1RC1)
2015-12-13 05:54:37 +0000  (tag: 2.1RC2)
2015-12-13 05:54:37 +0000  (tag: 2.1RC3)
2015-12-13 05:54:37 +0000  (tag: 2.2.0RC1)
2015-12-13 05:54:37 +0000  (tag: 3.0.0RC1)
2015-12-13 05:54:37 +0000  (tag: 3.0.0RC2)
2015-12-13 05:54:37 +0000  (tag: 3.0.1RC1)
2015-12-13 05:54:37 +0000  (tag: 3.0.2RC1)
2015-12-13 05:54:37 +0000  (tag: 3.0.3RC1)
2015-12-13 05:54:37 +0000  (tag: 3.0.3RC2)
2015-12-13 05:54:37 +0000  (tag: 3.0.4RC1)
2015-12-13 05:54:37 +0000  (tag: 3.0.5RC1)
2015-12-13 05:54:37 +0000  (tag: 3.0.6RC1)
2015-12-13 05:54:37 +0000  (tag: 3.0.7RC2, tag: 3.0.7RC1)
2015-12-13 05:54:37 +0000  (tag: 3.0.7RC3)