2022-05-20 09:55:58 -0700  (tag: apache-parquet-1.12.3-rc1, tag: apache-parquet-1.12.3)
2022-05-19 14:54:59 +0300  (tag: apache-parquet-1.12.3-rc0)
2021-09-30 14:10:36 +0200  (tag: apache-parquet-1.12.2-rc0, tag: apache-parquet-1.12.2)
2021-09-13 10:28:24 -0700  (tag: apache-parquet-1.12.1-rc1, tag: apache-parquet-1.12.1)
2021-09-11 09:23:03 -0700  (tag: apache-parquet-1.12.1-rc0)
2021-03-17 09:38:06 +0100  (tag: apache-parquet-1.12.0-rc4, tag: apache-parquet-1.12.0)
2021-03-11 17:33:23 +0100  (tag: apache-parquet-1.12.0-rc3)
2021-02-25 11:42:54 +0100  (tag: apache-parquet-1.12.0-rc2)
2021-01-27 15:54:31 +0100  (tag: apache-parquet-1.12.0-rc1)
2021-01-27 10:37:15 +0100  (tag: apache-parquet-1.12.0-rc0)
2021-09-30 11:32:56 +0200  (tag: apache-parquet-1.11.2-rc0, tag: apache-parquet-1.11.2)
2020-07-29 09:44:43 +0200  (tag: apache-parquet-1.11.1-rc1, tag: apache-parquet-1.11.1)
2020-07-06 10:35:17 +0200  (tag: apache-parquet-1.11.1-rc0)
2019-11-13 13:54:48 +0100  (tag: apache-parquet-1.11.0-rc7, tag: apache-parquet-1.11.0)
2019-03-19 14:24:33 +0100  (tag: apache-parquet-1.11.0-rc6)
2018-09-24 13:57:52 +0200 
2013-03-11 12:17:32 -0700 
2019-01-28 13:35:56 -0800  (tag: apache-parquet-1.10.1)
2018-04-05 13:36:12 -0700  (tag: apache-parquet-1.10.0)
2016-10-18 18:00:09 -0700  (tag: apache-parquet-1.9.0)
2018-05-03 17:44:41 +0200  (tag: apache-parquet-1.8.3)
2017-01-18 17:27:01 -0800  (tag: apache-parquet-1.8.2)
2015-07-17 13:31:55 -0700  (tag: apache-parquet-1.8.1)
2015-07-11 17:11:06 -0700  (tag: apache-parquet-1.8.0)
2015-05-26 16:40:25 -0700  (tag: parquet-1.8.0rc1)
2015-05-15 10:47:26 -0700  (tag: apache-parquet-1.7.0)
2015-04-07 16:51:08 -0700  (tag: apache-parquet-mr-1.6.0-incubating)
2015-03-13 14:35:02 -0700  (tag: parquet-1.6.0rc7)
2015-03-06 19:45:21 -0800  (tag: parquet-1.6.0rc6)
2015-03-05 18:37:32 -0800  (tag: parquet-1.6.0rc5)
2014-11-18 10:49:43 -0800  (tag: parquet-1.6.0rc4)
2014-10-02 14:25:48 -0700  (tag: parquet-1.6.0rc3)
2014-09-10 16:44:54 -0700  (tag: parquet-1.6.0rc2)
2014-08-12 18:03:52 -0700  (tag: parquet-1.6.0rc1)
2014-05-21 17:56:53 -0700  (tag: parquet-1.5.0)
2014-05-20 23:31:33 -0700  (origin/fix_null_stats)
2014-05-08 13:41:22 -0700  (origin/tweak_semver)
2014-04-29 20:24:07 -0700  (tag: parquet-1.4.3)
2014-04-29 15:54:54 -0700  (origin/fix_concurency_problem)
2014-04-23 09:25:35 -0700  (tag: parquet-1.4.2)
2014-04-21 14:48:21 -0700 
2014-04-21 13:52:18 -0700  (origin/generate_splits_by_min_max_size)
2014-04-21 13:41:17 -0700 
2014-04-17 11:12:21 -0700  (origin/bugfix_failed_convert_to_scrooge_struct_when_enum_is_optional)
2014-04-17 16:22:11 -0700 
2014-04-17 11:21:46 -0700  (origin/avoid_convert_thrift_scrooge_class_when_projection_is_not_specified)
2014-04-17 16:02:06 -0700 
2014-04-17 15:28:58 -0700  (origin/ioexception)
2014-04-15 15:41:40 -0700  (origin/ParquetThriftStorer)
2014-04-08 15:10:17 -0700 
2014-04-08 14:31:06 -0700  (origin/null_header)
2014-04-07 16:39:05 -0700  (tag: parquet-1.4.1)
2014-04-03 13:39:34 -0700 
2014-04-03 11:14:47 -0700  (origin/check_read_length_avoid_oom)
2014-04-01 13:37:44 -0700  (tag: parquet-1.4.0)
2014-01-29 10:36:57 +0100 
2013-12-26 22:13:52 +0100 
2013-10-23 21:51:50 +0200 
2013-10-23 12:16:27 -0700 
2013-10-23 21:48:16 +0200 
2014-01-08 10:17:45 -0800  (tag: parquet-1.3.2)
2014-01-03 13:21:05 -0800  (tag: parquet-1.3.1)
2013-12-23 10:57:56 -0800  (tag: parquet-1.3.0)
2013-12-16 11:32:16 -0800  (tag: parquet-1.2.10)
2013-12-09 15:40:48 -0800  (tag: parquet-1.2.9)
2013-11-27 12:10:11 -0800  (tag: parquet-1.2.8)
2013-11-20 15:49:00 -0800  (tag: parquet-1.2.7)
2013-11-19 16:36:53 -0800  (tag: parquet-1.2.6)
2013-10-28 11:38:57 -0700  (tag: parquet-1.2.5)
2013-10-08 11:53:25 -0700  (tag: parquet-1.2.4)
2013-10-03 17:03:47 -0700  (tag: parquet-1.2.3)
2013-09-20 11:33:21 -0700  (tag: parquet-1.2.2)
2013-09-12 23:26:43 -0700  (tag: parquet-1.2.1)
2013-09-09 17:56:08 -0700  (tag: parquet-1.2.0)
2013-08-31 14:11:52 -0700  (tag: parquet-1.1.2)
2013-08-27 23:33:55 -0700  (tag: parquet-1.1.1)
2013-08-26 16:40:59 -0700  (tag: parquet-1.1.0)
2013-08-09 10:55:34 -0700  (tag: parquet-1.0.1)
2013-07-29 21:24:31 -0700  (tag: parquet-1.0.0)
2013-07-16 21:22:04 -0700  (tag: parquet-1.0.0-t3)
2013-07-10 18:40:35 -0700  (tag: parquet-1.0.0-t2)
2013-05-24 16:50:58 -0700  (tag: parquet-1.0.0-t1)
2012-08-31 15:17:05 -0700 