2021-05-30 15:25:10 +0000  (tag: 5.1.2RC0, tag: 5.1.2)
2021-03-16 07:54:29 +0000  (tag: 5.1.1RC2, tag: 5.1.1)
2021-03-11 09:19:58 +0000  (tag: 5.1.1RC1)
2021-02-26 10:03:21 +0000  (tag: 5.1.1RC0)
2021-02-05 08:27:28 +0000  (tag: 5.1.0RC4, tag: 5.1.0)
2021-02-05 05:29:09 +0000  (tag: 5.1.0RC3)
2021-02-03 18:35:49 +0000  (tag: 5.1.0RC2)
2021-02-02 18:59:04 +0000  (tag: 5.1.0RC1)
2021-01-28 09:33:17 +0000  (tag: 5.1.0RC0)
2018-06-26 10:34:08 -0700  (tag: v5.0.0-HBase-2.0-rc1, tag: v5.0.0-HBase-2.0)
2021-05-15 10:10:39 +0000  (tag: 4.16.1RC11, tag: 4.16.1)
2021-05-14 12:43:10 +0000  (tag: 4.16.1RC10)
2021-05-14 06:09:52 +0000  (tag: 4.16.1RC4)
2021-05-14 05:32:23 +0000  (tag: 4.16.1RC3)
2021-04-24 05:28:45 +0000  (tag: 4.16.1RC2)
2021-03-26 06:12:06 +0000  (tag: 4.16.1RC1)
2021-02-16 00:38:37 +0000  (tag: 4.16.0RC3, tag: 4.16.0)
2021-02-06 02:04:52 +0000  (tag: 4.16.0RC2)
2021-02-02 23:55:24 +0000  (tag: 4.16.0RC1)
2021-01-28 02:31:58 +0000  (tag: 4.16.0RC0)
2019-12-16 09:38:41 -0800  (tag: v4.15.0-HBase-1.5-rc4, tag: v4.15.0-HBase-1.5)
2019-12-09 11:29:57 -0800  (tag: v4.15.0-HBase-1.5-rc3)
2019-12-02 18:34:40 +0800  (tag: v4.15.0-HBase-1.5-rc2)
2019-11-15 16:06:21 -0800  (tag: v4.15.0-HBase-1.5-rc1)
2019-10-17 14:15:23 -0700  (tag: v4.15.0-HBase-1.5-rc0)
2019-12-16 09:49:22 -0800  (tag: v4.15.0-HBase-1.4-rc4, tag: v4.15.0-HBase-1.4)
2019-12-09 11:29:11 -0800  (tag: v4.15.0-HBase-1.4-rc3)
2019-12-02 18:31:26 +0800  (tag: v4.15.0-HBase-1.4-rc2)
2019-11-15 15:55:41 -0800  (tag: v4.15.0-HBase-1.4-rc1)
2019-10-17 14:01:39 -0700  (tag: v4.15.0-HBase-1.4-rc0)
2019-12-16 09:40:52 -0800  (tag: v4.15.0-HBase-1.3-rc4, tag: v4.15.0-HBase-1.3)
2019-12-09 11:28:18 -0800  (tag: v4.15.0-HBase-1.3-rc3)
2019-12-02 18:33:10 +0800  (tag: v4.15.0-HBase-1.3-rc2)
2019-11-15 23:08:21 -0800  (tag: v4.15.0-HBase-1.3-rc1)
2019-10-17 13:42:18 -0700  (tag: v4.15.0-HBase-1.3-rc0)
2019-08-13 17:22:32 -0700  (tag: v4.14.3-HBase-1.3-rc2, tag: v4.14.3-HBase-1.3)
2019-08-13 16:51:35 -0700  (tag: v4.14.3-HBase-1.4-rc2, tag: v4.14.3-HBase-1.4)
2019-08-06 11:58:37 -0700  (tag: 4.14.3-HBase-1.4-rc1)
2019-08-06 11:30:17 -0700  (tag: 4.14.3-HBase-1.3-rc1)
2019-07-28 14:36:48 -0700  (tag: 4.14.3-HBase-1.4-rc0)
2019-05-23 12:45:35 -0700  (tag: v4.14.2-HBase-1.4-rc2, tag: v4.14.2-HBase-1.4)
2019-05-16 12:20:37 -0700  (tag: v4.14.2-HBase-1.4-rc1)
2019-04-21 00:31:25 -0700  (tag: 4.14.2-HBase-1.4-rc0)
2018-10-25 12:00:05 -0700  (tag: v4.14.1-HBase-1.4-rc0, tag: v4.14.1-HBase-1.4)
2018-06-03 16:07:39 -0700  (tag: v4.14.0-HBase-1.4-rc3, tag: v4.14.0-HBase-1.4)
2018-05-25 16:43:51 -0700  (tag: v4.14.0-HBase-1.4-rc1)
2019-07-28 14:32:23 -0700  (tag: 4.14.3-HBase-1.3-rc0)
2019-05-23 12:44:45 -0700  (tag: v4.14.2-HBase-1.3-rc2, tag: v4.14.2-HBase-1.3)
2019-05-16 12:20:08 -0700  (tag: v4.14.2-HBase-1.3-rc1)
2019-04-21 00:21:14 -0700  (tag: 4.14.2-HBase-1.3-rc0)
2018-10-25 12:00:24 -0700  (tag: v4.14.1-HBase-1.3-rc0, tag: v4.14.1-HBase-1.3)
2018-06-03 15:42:56 -0700  (tag: v4.14.0-HBase-1.3-rc3, tag: v4.14.0-HBase-1.3)
2018-05-25 17:32:43 -0400  (tag: v4.14.0-HBase-1.3-rc1)
2018-05-02 11:32:41 -0700  (tag: v4.14.0-HBase-1.3-rc0)
2019-04-21 00:09:07 -0700  (tag: 4.14.2-HBase-1.2-rc0)
2018-10-25 12:00:39 -0700  (tag: v4.14.1-HBase-1.2-rc0, tag: v4.14.1-HBase-1.2)
2018-06-03 16:08:49 -0700  (tag: v4.14.0-HBase-1.2-rc3, tag: v4.14.0-HBase-1.2)
2018-05-25 14:46:34 -0400  (tag: v4.14.0-HBase-1.2-rc1)
2018-05-02 11:32:14 -0700  (tag: v4.14.0-HBase-1.2-rc0)
2017-11-27 13:30:27 -0800  (tag: v4.13.1-HBase-1.2-rc0)
2018-10-26 13:43:40 -0700  (tag: v4.14.1-HBase-1.1-rc0, tag: v4.14.1-HBase-1.1, origin/4.14-HBase-1.1)
2018-06-03 16:11:31 -0700  (tag: v4.14.0-HBase-1.1-rc3, tag: v4.14.0-HBase-1.1)
2018-05-25 16:37:50 -0400  (tag: v4.14.0-HBase-1.1-rc1)
2018-05-02 11:48:11 -0700  (tag: v4.14.0-HBase-1.1-rc0)
2017-11-27 13:29:37 -0800  (tag: v4.13.1-HBase-1.1-rc0)
2017-10-03 15:08:44 -0700  (tag: v4.12.0-HBase-1.1-rc0, tag: v4.12.0-HBase-1.1)
2017-06-14 15:34:56 -0700  (tag: v4.11.0-HBase-1.1-rc1, tag: v4.11.0-HBase-1.1)
2017-06-09 17:20:21 -0700  (tag: v4.11.0-HBase-1.1-rc0)
2017-03-09 13:58:51 -0800  (tag: v4.10.0-HBase-1.1-rc1, tag: v4.10.0-HBase-1.1)
2017-03-07 10:46:12 -0800  (tag: v4.10.0-HBase-1.1-rc0)
2016-11-18 15:37:44 -0800  (tag: v4.9.0-HBase-1.1-rc5, tag: v4.9.0-HBase-1.1)
2016-11-05 21:20:33 -0700  (tag: v4.9.0-HBase-1.1-rc4)
2016-11-05 07:26:46 -0700  (tag: v4.9.0-HBase-1.1-rc3)
2016-11-03 19:06:57 -0700  (tag: v4.9.0-HBase-1.1-rc2)
2016-11-02 15:55:54 -0700  (tag: v4.9.0-HBase-1.1-rc1)
2016-10-31 18:45:58 -0400  (tag: v4.9.0-HBase-1.1-rc0)
2018-10-25 11:59:38 -0700  (tag: v4.14.1-HBase-0.98-rc0, tag: v4.14.1-HBase-0.98, origin/4.14-HBase-0.98)
2018-06-03 16:12:15 -0700  (tag: v4.14.0-HBase-0.98-rc3, tag: v4.14.0-HBase-0.98)
2018-05-25 17:07:13 -0400  (tag: v4.14.0-HBase-0.98-rc1)
2018-05-02 11:30:33 -0700  (tag: v4.14.0-HBase-0.98-rc0)
2018-06-13 01:08:15 -0700  (tag: v5.0.0-HBase-2.0-rc0)
2018-06-04 19:17:12 +0100  (tag: v4.14.0-cdh5.14.2-rc3, tag: v4.14.0-cdh5.14.2)
2018-06-04 19:16:11 +0100  (tag: v4.14.0-cdh5.13.2-rc3, tag: v4.14.0-cdh5.13.2)
2018-06-04 19:10:49 +0100  (tag: v4.14.0-cdh5.12.2-rc3, tag: v4.14.0-cdh5.12.2)
2018-06-04 19:04:46 +0100  (tag: v4.14.0-cdh5.11.2-rc3, tag: v4.14.0-cdh5.11.2)
2018-06-02 09:12:30 +0100  (tag: v4.14.0-cdh5.14.2-rc2)
2018-06-02 09:11:54 +0100  (tag: v4.14.0-cdh5.13.2-rc2)
2018-06-02 09:11:09 +0100  (tag: v4.14.0-cdh5.12.2-rc2)
2018-06-02 09:09:53 +0100  (tag: v4.14.0-cdh5.11.2-rc2)
2018-05-26 09:02:12 +0100  (tag: v4.14.0-cdh5.14.2-rc1)
2018-05-26 08:58:25 +0100  (tag: v4.14.0-cdh5.13.2-rc1)
2018-05-26 08:44:25 +0100  (tag: v4.14.0-cdh5.12.2-rc1)
2018-05-25 22:58:29 +0100  (tag: v4.14.0-cdh5.11.2-rc1)
2018-05-03 08:06:58 +0100  (tag: v4.14.0-cdh5.11.2-rc0)
2018-05-03 09:03:34 +0100  (tag: v4.14.0-cdh5.14.2-rc0)
2018-05-03 09:01:40 +0100  (tag: v4.14.0-cdh5.13.2-rc0)
2018-05-03 08:59:31 +0100  (tag: v4.14.0-cdh5.12.2-rc0)
2018-02-08 17:24:01 -0500  (tag: v5.0.0-alpha-HBase-2.0-rc1, tag: v5.0.0-alpha-HBase-2.0)
2018-02-01 17:54:53 -0500  (tag: v5.0.0-alpha-HBase-2.0-rc0)
2018-01-12 13:54:53 -0800  (tag: v4.13.2-cdh5.11.2-rc0, tag: v4.13.2-cdh5.11.2)
2017-10-03 15:06:56 -0700  (tag: v4.12.0-HBase-1.2-rc0, tag: v4.12.0-HBase-1.2)
2017-06-14 15:34:18 -0700  (tag: v4.11.0-HBase-1.2-rc1, tag: v4.11.0-HBase-1.2)
2017-06-09 17:20:23 -0700  (tag: v4.11.0-HBase-1.2-rc0)
2017-11-27 12:09:33 -0800  (tag: v4.13.1-HBase-1.3-rc0)
2017-11-06 16:17:04 -0500  (tag: v4.13.0-HBase-1.3-rc1, tag: v4.13.0-HBase-1.3)
2017-11-03 13:41:45 -0700  (tag: v4.13.0-HBase-1.3-rc0)
2017-10-03 15:05:36 -0700  (tag: v4.12.0-HBase-1.3)
2017-06-14 15:33:18 -0700  (tag: v4.11.0-HBase-1.3-rc1, tag: v4.11.0-HBase-1.3)
2017-06-09 17:20:28 -0700  (tag: v4.11.0-HBase-1.3-rc0)
2017-03-09 13:56:49 -0800  (tag: v4.10.0-HBase-1.2-rc1, tag: v4.10.0-HBase-1.2)
2017-03-07 10:43:14 -0800  (tag: v4.10.0-HBase-1.2-rc0)
2016-11-18 15:20:34 -0800  (tag: v4.9.0-HBase-1.2-rc5, tag: v4.9.0-HBase-1.2)
2016-11-05 23:46:55 -0700  (tag: v4.9.0-HBase-1.2-rc4)
2016-11-05 07:25:41 -0700  (tag: v4.9.0-HBase-1.2-rc3)
2016-11-03 19:08:02 -0700  (tag: v4.9.0-HBase-1.2-rc2)
2016-11-02 15:57:17 -0700  (tag: v4.9.0-HBase-1.2-rc1)
2016-10-31 18:38:45 -0400  (tag: v4.9.0-HBase-1.2-rc0)
2017-11-27 12:08:56 -0800  (tag: v4.13.1-HBase-0.98-rc0)
2017-11-06 16:28:10 -0500  (tag: v4.13.0-HBase-0.98-rc1, tag: v4.13.0-HBase-0.98)
2017-11-03 13:40:55 -0700  (tag: v4.13.0-HBase-0.98-rc0)
2017-10-03 15:10:08 -0700  (tag: v4.12.0-HBase-0.98)
2017-06-14 15:38:17 -0700  (tag: v4.11.0-HBase-0.98-rc1, tag: v4.11.0-HBase-0.98)
2017-06-09 17:20:19 -0700  (tag: v4.11.0-HBase-0.98-rc0)
2017-03-09 13:54:59 -0800  (tag: v4.10.0-HBase-0.98-rc1, tag: v4.10.0-HBase-0.98)
2017-03-07 10:44:24 -0800  (tag: v4.10.0-HBase-0.98-rc0)
2016-11-18 15:39:09 -0800  (tag: v4.9.0-HBase-0.98-rc5, tag: v4.9.0-HBase-0.98)
2016-11-05 22:03:43 -0700  (tag: v4.9.0-HBase-0.98-rc4)
2016-11-05 07:27:17 -0700  (tag: v4.9.0-HBase-0.98-rc3)
2016-11-03 19:05:45 -0700  (tag: v4.9.0-HBase-0.98-rc2)
2016-11-02 15:54:53 -0700  (tag: v4.9.0-HBase-0.98-rc1)
2016-10-31 18:50:26 -0400  (tag: v4.9.0-HBase-0.98-rc0)
2016-11-18 09:06:12 -0800  (tag: 4.8.2-HBase-1.2-rc2, tag: 4.8.2-HBase-1.2)
2016-11-05 22:32:07 -0700  (tag: v4.8.2-HBase-1.2-rc1)
2016-11-04 10:37:07 -0700  (tag: v4.8.2-HBase-1.2-rc0)
2016-09-22 17:47:56 -0700  (tag: v4.8.1-HBase-1.2-rc0, tag: v4.8.1-HBase-1.2)
2016-08-07 13:50:06 +0530  (tag: v4.8.0-HBase-1.2-rc2, tag: v4.8.0-HBase-1.2)
2016-08-03 08:58:13 +0000  (tag: v4.8.0-HBase-1.2-rc1)
2016-11-18 09:01:43 -0800  (tag: 4.8.2-HBase-1.1-rc2, tag: 4.8.2-HBase-1.1)
2016-11-05 22:33:26 -0700  (tag: v4.8.2-HBase-1.1-rc1)
2016-11-04 10:30:49 -0700  (tag: v4.8.2-HBase-1.1-rc0)
2016-09-22 17:47:41 -0700  (tag: v4.8.1-HBase-1.1-rc0, tag: v4.8.1-HBase-1.1)
2016-08-07 13:52:28 +0530  (tag: v4.8.0-HBase-1.1-rc2, tag: v4.8.0-HBase-1.1)
2016-08-03 09:28:43 +0000  (tag: v4.8.0-HBase-1.1-rc1)
2016-11-18 08:41:29 -0800  (tag: 4.8.2-HBase-1.0-rc2, tag: 4.8.2-HBase-1.0)
2016-11-07 12:38:52 -0800  (tag: v4.8.2-HBase-1.0-rc1)
2016-11-04 10:28:50 -0700  (tag: v4.8.2-HBase-1.0-rc0)
2016-09-22 17:47:23 -0700  (tag: v4.8.1-HBase-1.0-rc0, tag: v4.8.1-HBase-1.0)
2016-08-07 13:55:00 +0530  (tag: v4.8.0-HBase-1.0-rc2, tag: v4.8.0-HBase-1.0)
2016-08-03 09:42:27 +0000  (tag: v4.8.0-HBase-1.0-rc1)
2016-11-18 08:33:56 -0800  (tag: 4.8.2-HBase-0.98-rc2, tag: 4.8.2-HBase-0.98)
2016-11-05 22:35:54 -0700  (tag: v4.8.2-HBase-0.98-rc1)
2016-11-04 10:26:00 -0700  (tag: v4.8.2-HBase-0.98-rc0)
2016-09-22 17:39:26 -0700  (tag: v4.8.1-HBase-0.98-rc0, tag: v4.8.1-HBase-0.98)
2016-08-07 13:56:08 +0530  (tag: v4.8.0-HBase-0.98-rc2, tag: v4.8.0-HBase-0.98)
2016-08-03 09:50:19 +0000  (tag: v4.8.0-HBase-0.98-rc1)
2016-07-13 21:09:55 +0000  (tag: v4.8.0-HBase-1.1-rc0)
2016-07-13 20:59:50 +0000  (tag: v4.8.0-HBase-1.0-rc0)
2016-03-04 01:03:36 +0530  (tag: v4.7.0-HBase-1.0-rc6, tag: v4.7.0-HBase-1.0)
2016-03-02 16:11:01 -0800  (tag: v4.7.0-HBase-1.0-rc5)
2016-02-28 12:09:04 -0800  (tag: v4.7.0-HBase-1.0-rc4)
2016-02-24 17:44:59 -0800  (tag: v4.7.0-HBase-1.0-rc3)
2016-02-19 14:35:59 -0800  (tag: v4.7.0-HBase-1.0-rc2)
2016-01-28 15:48:25 -0800  (tag: v4.7.0-HBase-1.0-rc1)
2016-01-22 22:27:24 -0800  (tag: v4.7.0-HBase-1.0-rc0)
2015-10-19 13:52:23 -0700  (tag: v4.6.0-HBase-1.0-rc0, tag: v4.6.0-HBase-1.0)
2016-07-13 19:50:09 +0000  (tag: v4.8.0-HBase-0.98-rc0)
2016-03-04 01:10:51 +0530  (tag: v4.7.0-HBase-0.98-rc6, tag: v4.7.0-HBase-0.98)
2016-03-02 16:09:45 -0800  (tag: v4.7.0-HBase-0.98-rc5)
2016-02-28 12:07:34 -0800  (tag: v4.7.0-HBase-0.98-rc4)
2016-02-24 17:44:42 -0800  (tag: v4.7.0-HBase-0.98-rc3)
2016-02-19 14:33:27 -0800  (tag: v4.7.0-HBase-0.98-rc2)
2016-01-28 15:48:00 -0800  (tag: v4.7.0-HBase-0.98-rc1)
2016-01-22 22:21:39 -0800  (tag: v4.7.0-HBase-0.98-rc0)
2015-10-19 13:46:55 -0700  (tag: v4.6.0-HBase-0.98-rc0, tag: v4.6.0-HBase-0.98)
2016-07-13 22:04:53 +0530  (tag: v4.8.0-HBase-1.2-rc0)
2016-03-04 00:53:32 +0530  (tag: v4.7.0-HBase-1.1-rc6, tag: v4.7.0-HBase-1.1)
2016-03-02 15:58:27 -0800  (tag: v4.7.0-HBase-1.1-rc5)
2016-02-28 12:06:40 -0800  (tag: v4.7.0-HBase-1.1-rc4)
2016-02-24 17:44:08 -0800  (tag: v4.7.0-HBase-1.1-rc3)
2016-02-19 14:34:21 -0800  (tag: v4.7.0-HBase-1.1-rc2)
2016-01-28 15:46:49 -0800  (tag: v4.7.0-HBase-1.1-rc1)
2016-01-22 22:29:53 -0800  (tag: v4.7.0-HBase-1.1-rc0)
2015-10-19 13:44:35 -0700  (tag: v4.6.0-HBase-1.1-rc0, tag: v4.6.0-HBase-1.1)
2015-09-11 10:41:28 -0700  (tag: v4.5.2-HBase-1.1-rc1, tag: v4.5.2-HBase-1.1)
2015-09-10 13:47:56 -0700  (tag: v4.5.2-HBase-1.1-rc0)
2015-08-14 14:22:49 -0700  (tag: v4.5.1-HBase-1.1-rc1, tag: v4.5.1-HBase-1.1)
2015-08-13 13:22:16 -0700  (tag: v4.5.1-HBase-1.1-rc0)
2015-07-22 21:49:40 -0700  (tag: v4.5.0-HBase-1.1-rc0, tag: v4.5.0-HBase-1.1)
2015-09-11 10:39:44 -0700  (tag: v4.5.2-HBase-1.0-rc1, tag: v4.5.2-HBase-1.0)
2015-09-10 13:42:24 -0700  (tag: v4.5.2-HBase-1.0-rc0)
2015-08-14 14:23:37 -0700  (tag: v4.5.1-HBase-1.0-rc1, tag: v4.5.1-HBase-1.0)
2015-08-13 13:23:01 -0700  (tag: v4.5.1-HBase-1.0-rc0)
2015-07-22 21:34:13 -0700  (tag: v4.5.0-HBase-1.0-rc0, tag: v4.5.0-HBase-1.0)
2015-09-11 10:38:38 -0700  (tag: v4.5.2-HBase-0.98-rc1, tag: v4.5.2-HBase-0.98)
2015-09-10 13:18:57 -0700  (tag: v4.5.2-HBase-0.98-rc0)
2015-08-14 15:46:24 -0700  (tag: v4.5.1-HBase-0.98-rc1, tag: v4.5.1-HBase-0.98)
2015-08-13 13:23:49 -0700  (tag: v4.5.1-HBase-0.98-rc0)
2015-07-22 16:58:03 -0700  (tag: v4.5.0-HBase-0.98-rc0, tag: v4.5.0-HBase-0.98)
2015-05-25 03:19:06 +0530  (tag: v4.4.0-HBase-1.1-rc0, tag: v4.4.0-HBase-1.1)
2015-05-11 15:52:36 +0530  (tag: v4.4.0-HBase-1.0-rc1, tag: v4.4.0-HBase-1.0)
2015-05-11 11:31:15 +0530  (tag: v4.4.0-HBase-0.98-rc1, tag: v4.4.0-HBase-0.98)
2015-05-02 05:11:14 +0530  (tag: v4.4.0-HBase-1.0-rc0)
2015-05-02 05:00:55 +0530  (tag: v4.4.0-HBase-0.98-rc0)
2015-04-03 14:56:37 -0700  (tag: v3.3.1-rc1, tag: v3.3.1)
2015-03-31 15:36:55 -0700  (tag: v3.3.1-rc0)
2015-02-18 09:39:59 -0800  (tag: v3.3.0-rc2, tag: v3.3.0)
2015-02-09 15:40:33 -0800  (tag: v3.3.0-rc1)
2015-01-27 10:20:03 -0800  (tag: v3.3.0-rc0)
2015-04-03 11:57:09 -0700  (tag: v4.3.1-rc1, tag: v4.3.1)
2015-03-31 15:04:15 -0700  (tag: v4.3.1-rc0)
2015-02-17 23:58:14 -0800  (tag: v4.3.0-rc1, tag: v4.3.0)
2015-02-10 17:12:08 -0800  (tag: v4.3.0-rc0)
2014-12-05 10:05:26 -0800  (tag: v3.2.2-rc0, tag: v3.2.2)
2014-11-13 10:20:16 -0800  (tag: v3.2.1-rc1, tag: v3.2.1)
2014-11-07 12:05:12 -0800  (tag: v3.2.1-rc0)
2014-10-28 16:28:12 -0700  (tag: v3.2.0-rc1, tag: v3.2.0)
2014-10-22 08:06:52 -0700  (tag: v3.2.0-rc0)
2014-08-25 11:53:50 -0700  (tag: v3.1.0-rc3, tag: v3.1.0)
2014-08-21 09:35:33 -0700  (tag: v3.1.0-rc2)
2014-08-12 11:00:47 -0700  (tag: v3.1.0-rc1)
2014-08-11 11:13:11 -0700  (tag: v3.1.0-rc0)
2014-03-28 12:40:58 -0700  (tag: v3.0.0-incubating-release, tag: v3.0.0-incubating-rc3)
2014-03-26 10:16:41 -0700  (tag: v3.0.0-incubating-rc2)
2014-03-21 11:55:30 -0700  (tag: v3.0.0-incubating-rc1)
2014-03-19 10:36:07 -0700  (tag: v3.0.0-incubating-rc0)
2014-12-04 17:04:13 -0800  (tag: v4.2.2-rc0, tag: v4.2.2)
2014-11-13 08:02:47 -0800  (tag: v4.2.1-rc1, tag: v4.2.1)
2014-11-07 10:53:16 -0800  (tag: v4.2.1-rc0)
2014-10-28 16:17:13 -0700  (tag: v4.2.0-rc1, tag: v4.2.0)
2014-10-22 07:42:54 -0700  (tag: v4.2.0-rc0)
2014-08-25 11:51:03 -0700  (tag: v4.1.0-rc1, tag: v4.1.0)
2014-08-21 15:32:13 -0700  (tag: v4.1.0-rc0)
2014-03-28 12:40:39 -0700  (tag: v4.0.0-incubating-release, tag: v4.0.0-incubating-rc3)
2014-03-26 13:10:58 -0700  (tag: v4.0.0-incubating-rc2)
2014-03-21 11:56:32 -0700  (tag: v4.0.0-incubating-rc1)
2014-03-19 10:41:59 -0700  (tag: v4.0.0-incubating-rc0)
2014-03-14 13:45:38 -0700  (tag: phoenix-2.2.3-incubating)
2014-02-24 01:14:55 -0800  (tag: v2.2.3)
2014-01-27 11:16:01 -0800 