2017-06-14 11:08:58 +0000  (tag: release-0.17.0)
2017-06-02 13:24:52 +0000  (tag: release-0.17.0-rc0)
2016-06-07 17:04:07 +0000  (tag: release-0.16.0)
2016-06-02 06:41:04 +0000  (tag: release-0.16.0-rc0)
2015-06-05 17:25:00 +0000  (tag: release-0.15.0)
2015-06-04 18:22:37 +0000  (tag: release-0.15.0-rc1)
2015-05-26 03:14:58 +0000  (tag: release-0.15.0-rc0)
2014-11-20 08:06:35 +0000  (tag: release-0.14.0)
2014-11-17 01:39:37 +0000  (tag: release-0.14.0-rc1)
2014-11-13 04:41:54 +0000  (tag: release-0.14.0-rc0)
2014-07-03 18:57:57 +0000  (tag: release-0.13.0)
2014-06-09 17:58:36 +0000  (tag: release-0.13.0-rc0)
2014-04-11 18:28:28 +0000  (tag: release-0.12.1)
2014-04-08 00:11:46 +0000  (tag: release-0.12.1-rc0)
2013-10-11 04:42:59 +0000  (tag: release-0.12.0)
2013-10-08 04:15:55 +0000  (tag: release-0.12.0-rc2)
2013-10-07 00:01:24 +0000  (tag: release-0.12.0-rc1)
2013-10-05 22:10:24 +0000  (tag: release-0.12.0-rc0)
2013-04-01 18:48:49 +0000  (tag: release-0.11.1)
2013-03-21 05:39:04 +0000  (tag: release-0.11.1-rc0)
2013-02-21 15:58:00 +0000  (tag: release-0.11.0)
2013-02-14 20:56:42 +0000  (tag: release-0.11.0-rc2)
2013-02-12 04:35:24 +0000  (tag: release-0.11.0-rc1)
2013-02-09 06:39:23 +0000  (tag: release-0.11.0-rc0)
2013-01-05 08:11:00 +0000  (tag: release-0.10.1)
2012-12-29 00:36:54 +0000  (origin/branch-0.10)
2012-12-27 19:18:48 +0000  (tag: release-0.10.1-rc1)
2012-12-20 15:57:57 +0000  (tag: release-0.10.1-rc0)
2012-06-05 23:36:03 +0000  (tag: release-0.10.0)
2012-06-05 23:33:52 +0000  (tag: release-0.10.0.new)
2012-04-20 04:27:20 +0000  (tag: release-0.10.0-rc0)
2012-01-21 22:59:48 +0000  (tag: release-0.9.2)
2012-01-18 19:35:10 +0000  (tag: release-0.9.2-rc1)
2012-01-15 06:18:07 +0000  (tag: release-0.9.2-rc0)
2011-10-04 05:17:58 +0000  (tag: release-0.9.1)
2011-10-04 05:17:27 +0000  (tag: release-0.9.1-rc1)
2011-09-27 19:22:27 +0000  (tag: release-0.9.1-rc0)
2011-07-28 00:05:41 +0000  (tag: release-0.9.0)
2011-07-15 22:23:07 +0000  (tag: release-0.9.0-rc1)
2011-06-16 18:01:49 +0000  (tag: release-0.9.0-rc0)
2011-04-23 06:52:18 +0000  (tag: release-0.8.1)
2011-04-19 02:22:12 +0000  (tag: release-0.8.1-rc0)
2010-12-16 23:05:44 +0000  (tag: release-0.8.0)
2010-10-06 20:21:57 +0000  (tag: PIG-1045)
2010-10-06 20:21:57 +0000  (tag: pre-multiquery-phase2)
2010-10-06 20:21:57 +0000  (tag: release-0.1.0)
2010-10-06 20:21:57 +0000  (tag: release-0.1.1)
2010-10-06 20:21:57 +0000  (tag: release-0.1.1-rc1)
2010-10-06 20:21:57 +0000  (tag: release-0.2.0)
2010-10-06 20:21:57 +0000  (tag: release-0.2.0-rc0)
2010-10-06 20:21:57 +0000  (tag: release-0.2.0-rc1)
2010-10-06 20:21:57 +0000  (tag: release-0.3.0)
2010-10-06 20:21:57 +0000  (tag: release-0.4.0)
2010-10-06 20:21:57 +0000  (tag: release-0.4.0-rc0)
2010-10-06 20:21:57 +0000  (tag: release-0.5.0)
2010-10-06 20:21:57 +0000  (tag: release-0.6.0)
2010-10-06 20:21:57 +0000  (tag: release-0.6.0-rc0)
2010-10-06 20:21:57 +0000  (tag: release-0.7.0)
2010-10-06 20:21:57 +0000  (tag: types-stable-1)
2010-10-06 20:21:57 +0000  (tag: types-stable-2)