2017-06-25 20:09:06 +0000  (tag: 2.0.5)
2014-05-29 10:52:24 +0000  (tag: pivot-archetype-quickstart-1.0.4)
2014-05-06 23:00:51 +0000  (tag: 2.0.4)
2013-08-06 23:10:05 +0000  (tag: pivot-archetype-quickstart-1.0.3)
2013-03-27 01:12:47 +0000  (tag: 2.0.3)
2012-05-22 15:07:14 +0000  (tag: pivot-archetype-quickstart-1.0.2)
2012-05-17 22:32:02 +0000  (tag: 2.0.2)
2012-01-28 11:07:07 +0000  (tag: pivot-archetype-quickstart-1.0.1)
2012-01-08 18:13:28 +0000  (tag: 2.0.1)
2011-08-24 15:28:21 +0000  (tag: pivot-archetype-quickstart-1.0)
2010-12-21 04:29:13 +0000  (tag: v2.0)
2010-10-15 13:04:16 +0000  (tag: v1.5.2)
2010-08-16 14:17:50 +0000  (tag: v1.5.1)
2010-05-30 19:46:45 +0000  (tag: v1.5)
2010-01-14 14:48:33 +0000  (tag: v1.0)
2009-03-16 16:16:40 +0000 
2010-01-14 14:48:33 +0000  (tag: v1.0.1)
2009-03-16 16:36:10 +0000 
2010-01-14 14:48:33 +0000  (tag: v1.1)
2009-03-25 23:08:38 +0000 
2010-01-14 14:48:33 +0000  (tag: v1.2)
2010-01-14 14:48:33 +0000  (tag: v1.3)
2010-01-14 14:48:33 +0000  (tag: v1.4)