2021-12-14 07:15:47 -0800  (tag: v0.9.1)
2021-09-18 17:34:26 +0200  (tag: v0.9.0)
2021-01-25 20:50:17 +0100  (tag: v0.8.0)
2020-05-19 19:01:33 +0200  (tag: release/0.7.0)
2019-12-19 13:22:19 +0100  (tag: end-of-refactoring-s-j)
2020-02-26 10:59:47 +0100  (tag: release/0.6.0)
2019-10-28 23:05:34 +0100  (tag: release/0.5.0-rc3)
2019-10-24 15:06:17 +0200  (tag: release/0.5.0-2)
2019-10-22 11:03:54 +0200  (tag: release/0.5.0)
2019-06-25 09:25:07 +0200  (tag: milestone/last-daffodil)
2019-05-21 20:12:50 +0200  (tag: release/0.4.0)
2019-03-04 14:19:23 +0100  (tag: release/0.3.1)
2019-01-27 11:39:07 +0100  (tag: release/0.3.0)
2018-11-17 15:09:47 +0100  (tag: release/0.2.0)
2018-11-17 14:11:58 +0100  (tag: rel/0.2.0)
2018-09-21 19:31:06 +0200  (tag: rel/0.1.0)
2018-01-11 10:58:47 +0100  (tag: pre_generify_simplification)
2018-01-04 17:42:41 +0100  (tag: pre_bulk_refactoring)
2017-11-24 11:44:41 +0100  (tag: Last-Mina-Version)
2017-10-16 13:09:26 +0200 