2017-07-21 12:24:37 +0200  (tag: 3.0.0-RC4, tag: 3.0.0)
2017-07-17 15:23:01 +0200  (tag: 3.0.0-RC3)
2017-07-17 13:51:53 +0200  (tag: 3.0.0-RC2)
2017-05-27 10:10:19 +0800  (origin/yeoman-work)
2017-05-16 19:28:25 +0200  (tag: 3.0.0-RC1)
2016-04-14 09:37:50 +0800  (origin/ZEST-105)
2015-07-28 12:36:40 +0200  (tag: 2.1-RC1, tag: 2.1)
2013-04-26 18:20:56 +0200  (tag: 2.0)
2013-04-15 14:03:36 +0200  (tag: 2.0-RC2)
2012-12-28 01:15:54 +0100 
2012-12-24 13:23:01 +0100  (tag: 2.0-RC1)
2012-07-31 12:00:22 +0800  (tag: 2.0-beta-1)
2011-11-10 21:30:37 +0800 
2010-10-17 05:12:29 +0200  (tag: 1.2)
2010-05-15 17:13:36 +0800  (tag: 1.1)
2010-01-26 12:39:34 +0100  (tag: 1.0)
2009-10-10 17:47:33 +0800  (tag: 1.0-RC2)
2009-08-29 17:53:55 +0800  (tag: 1.0-RC1)
2009-04-08 17:45:53 +0800  (tag: 0.7)
2009-02-23 06:37:58 +0000  (tag: 0.6)
2009-01-09 04:48:01 +0000  (tag: 0.5)
2008-09-19 05:22:52 +0000  (tag: 0.4)
2008-08-05 04:19:29 +0000  (tag: 0.3)
2008-05-28 12:49:53 +0000  (tag: 0.2)
2008-04-05 07:01:35 +0000  (tag: 0.1)
2007-03-04 06:07:33 +0000 
2011-09-25 00:46:02 +0800  (tag: 1.4.1)
2011-08-03 16:53:35 +0800  (tag: 1.4)
2011-04-14 11:47:02 +0800  (tag: 1.3)
2011-04-02 16:50:44 +0800  (tag: 1.3.RC5)
2009-08-29 14:02:16 +0800 