2021-12-17 20:29:16 -0500  (tag: mvcbean-thymeleaf-portlet-archetype-3.1.1)
2021-12-17 20:24:55 -0500  (tag: mvcbean-jsp-portlet-archetype-3.1.1)
2021-12-17 20:23:33 -0500  (tag: generic-portlet-archetype-3.1.1)
2021-12-17 20:21:31 -0500  (tag: bean-portlet-archetype-3.1.1)
2021-12-17 20:18:02 -0500  (tag: portlet-tck-3.0.3)
2021-12-17 20:04:19 -0500  (tag: pluto-3.1.1)
2019-04-17 16:49:25 -0400  (tag: mvcbean-thymeleaf-portlet-archetype-3.1.0)
2019-04-17 16:39:39 -0400  (tag: mvcbean-jsp-portlet-archetype-3.1.0)
2019-04-17 15:50:11 -0400  (tag: generic-portlet-archetype-3.1.0)
2019-04-17 15:47:59 -0400  (tag: bean-portlet-archetype-3.1.0)
2019-04-17 15:43:28 -0400  (tag: portlet-tck-3.0.2)
2019-04-17 15:31:21 -0400  (tag: pluto-3.1.0)
2018-06-15 16:54:35 -0400  (tag: generic-portlet-archetype-3.0.1)
2018-06-15 16:53:04 -0400  (tag: bean-portlet-archetype-3.0.1)
2018-06-15 16:40:54 -0400  (tag: pluto-3.0.1)
2017-07-06 18:12:10 -0400  (origin/pr-8)
2017-04-26 20:34:40 -0400  (tag: generic-portlet-archetype-3.0.0)
2017-04-26 20:32:47 -0400  (tag: bean-portlet-archetype-3.0.0)
2017-01-08 06:12:05 +0100  (tag: pluto-3.0.0)
2016-12-15 13:31:35 -0500  (origin/pr-2)
2016-06-08 14:37:34 +0200  (origin/exploreCDIRemoval)
2016-04-14 13:48:28 +0200  (origin/V3Prototype)
2015-01-28 12:55:41 +0100  (origin/PortletHub)
2014-06-02 18:14:17 +0200  (origin/Tomee160)
2012-08-24 20:46:47 +0000  (tag: pluto-2.1.0-M3)
2011-09-22 02:38:30 +0000  (tag: pluto-2.0.3)
2011-05-18 02:58:45 +0000  (tag: pluto-2.1.0-M2)
2010-11-01 15:30:14 +0000  (tag: pluto-2.0.3-SNAPSHOT-2010-11-01)
2010-10-27 01:20:44 +0000  (tag: pluto-2.1.0-M1)
2010-06-01 23:01:59 +0000  (tag: pluto-2.0.2)
2010-04-13 07:39:50 +0000  (tag: pluto-2.0.1)
2009-05-19 11:36:38 +0000  (tag: pluto-2.0.0)
2008-11-02 22:55:58 +0000  (origin/2.0-spi-refactoring)
2009-02-04 20:23:55 +0000  (tag: pluto-1.1.7)
2008-08-04 20:35:22 +0000  (tag: pluto-1.1.6)
2008-03-07 06:19:40 +0000  (tag: pluto-1.1.5)
2008-02-07 19:29:09 +0000  (tag: JSR286-RI)
2008-01-08 01:53:55 +0000 
2008-01-07 22:17:40 +0000  (origin/1.1-286-trunk-merge)
2008-01-08 01:29:56 +0000  (tag: pluto-trunk-01072008)
2007-08-08 14:25:26 +0000  (tag: pluto-1.1.4)
2007-03-31 19:06:27 +0000  (tag: pluto-1.1.3)
2007-03-21 01:40:36 +0000  (tag: pluto-1.1.2)
2007-03-05 02:12:38 +0000  (tag: pluto-1.1.1)
2007-02-11 17:29:23 +0000  (tag: pluto-1.1.0)
2006-09-26 21:32:57 +0000  (tag: release-1.1.0-beta2)
2006-05-04 15:05:00 +0000  (tag: release-1.1.0-beta1)
2005-12-10 23:23:21 +0000  (tag: release-1.1.0-alpha1)
2005-12-10 21:32:56 +0000  (tag: milestone-1.1.0-12092005)
2005-12-07 02:11:16 +0000  (tag: release-1.0.1)
2005-11-26 20:30:49 +0000  (tag: milestone-1.1.0-alpha2)
2005-10-31 01:27:44 +0000  (origin/pluto-1.1)
2005-07-29 16:26:35 +0000  (tag: milestone-1.1.0-alpha1)
2005-07-25 01:06:54 +0000  (tag: release-1.0.1-rc4)
2005-06-26 03:01:22 +0000  (tag: release-1.0.1-rc3)
2004-12-05 11:03:38 +0000  (tag: release-1.0.1-rc2)
2004-10-07 09:25:40 +0000  (tag: release-1.0.1-rc1)
2003-09-30 14:03:01 +0000  (tag: import)
2003-09-30 14:01:12 +0000  (origin/initial)