2022-03-15 16:38:34 +0000  (tag: 0.37.0-rc2, tag: 0.37.0)
2022-02-24 11:31:26 +0000  (tag: 0.37.0-rc1)
2021-11-01 12:01:48 +0000  (tag: 0.36.0-rc1, tag: 0.36.0)
2021-06-25 14:42:55 +0100  (tag: 0.35.0-rc1, tag: 0.35.0)
2021-04-06 12:11:17 +0100  (tag: 0.34.0-rc1, tag: 0.34.0)
2020-12-07 13:14:33 -0500 
2020-12-07 13:10:36 -0500  (origin/python-check-property-keys)
2020-11-17 10:07:57 +0000  (tag: 0.33.0-rc3, tag: 0.33.0)
2020-11-16 13:12:53 +0000  (tag: 0.33.0-rc2)
2020-11-12 12:57:50 +0000  (tag: 0.33.0-rc1)
2020-08-20 09:11:27 +0100  (tag: 0.32.0-rc1, tag: 0.32.0)
2020-08-18 08:53:40 -0400  (origin/array-of-lists-first-list-empty)
2020-05-07 15:57:23 +0100  (tag: 0.31.0-rc3, tag: 0.31.0)
2020-05-01 15:51:22 +0100  (tag: 0.31.0-rc2)
2020-04-28 11:42:10 +0100  (tag: 0.31.0-rc1)
2019-12-09 14:17:00 +0000  (tag: 0.30.0-rc1, tag: 0.30.0)
2019-10-16 09:28:47 -0400  (origin/PROTON-2119)
2019-08-28 16:17:16 -0400  (origin/shinx-docs)
2019-08-13 14:56:59 +0100  (tag: 0.29.0-rc1, tag: 0.29.0)
2019-05-07 15:46:35 +0100  (tag: 0.28.0-rc1, tag: 0.28.0)
2019-04-15 17:58:50 +0100  (tag: 0.27.1-rc1, tag: 0.27.1)
2019-02-06 12:23:37 +0000  (tag: 0.27.0-rc1, tag: 0.27.0)
2018-10-04 11:09:02 +0100  (tag: 0.26.0-rc2, tag: 0.26.0)
2018-10-01 12:31:26 +0100  (tag: 0.26.0-rc1)
2018-09-03 12:41:21 +0100  (tag: 0.25.0-rc1, tag: 0.25.0)
2018-06-26 14:42:03 +0100  (tag: 0.24.0-rc1, tag: 0.24.0)
2018-05-23 20:13:50 +0100  (tag: 0.23.0-rc1, tag: 0.23.0)
2018-03-29 12:56:47 +0100  (tag: 0.22.0-rc1, tag: 0.22.0)
2018-02-28 18:56:56 +0000  (tag: 0.21.0-rc1, tag: 0.21.0)
2018-01-25 11:01:30 +0000  (tag: 0.20.0-rc1, tag: 0.20.0)
2017-12-20 17:44:33 +0000  (tag: 0.19.0-rc2, tag: 0.19.0)
2017-12-19 19:57:42 +0000  (tag: 0.19.0-rc1)
2017-10-31 12:46:02 +0000  (tag: 0.18.1-rc1, tag: 0.18.1)
2017-10-18 17:52:15 +0100  (tag: 0.18.0-rc1, tag: 0.18.0)
2017-09-29 15:04:47 +0100  (tag: 0.18.0-beta)
2017-02-03 17:10:17 +0000  (tag: 0.17.0-rc1, tag: 0.17.0)
2016-12-08 15:37:59 +0000  (tag: 0.16.0-rc1, tag: 0.16.0)
2016-10-10 17:08:51 +0100  (tag: 0.15.0-rc1, tag: 0.15.0)
2016-08-16 06:02:21 -0700  (tag: 0.14.0-rc, tag: 0.14.0)
2016-08-01 20:14:28 -0700  (tag: 0.14.0-beta)
2016-07-01 08:40:39 -0700  (tag: 0.13.1-rc, tag: 0.13.1)
2016-06-06 15:47:14 -0700  (tag: 0.13.0-rc, tag: 0.13.0)
2016-05-16 21:42:29 -0700  (tag: 0.13.0-beta)
2016-05-19 12:54:59 -0400  (tag: pypi-release-0.12.2)
2016-04-14 16:50:53 +0100  (tag: 0.12.2-rc1, tag: 0.12.2)
2016-03-17 09:27:04 -0700  (tag: 0.12.1-rc, tag: 0.12.1)
2016-02-05 12:32:53 -0500  (tag: 0.12.0-rc3, tag: 0.12.0-rc2, tag: 0.12.0)
2016-02-02 19:08:31 -0800  (tag: 0.12.0-rc)
2016-01-26 06:35:07 -0800  (tag: 0.12.0-beta)
2016-05-19 09:56:53 -0400  (tag: pypi-release-0.11.1.post1)
2015-12-15 13:08:12 -0500  (tag: 0.11.1-rc1, tag: 0.11.1)
2015-11-11 06:32:33 -0500  (tag: 0.11.0-rc2, tag: 0.11.0)
2015-11-03 17:55:56 -0500  (tag: 0.11.0-rc)
2015-10-27 18:30:01 -0400  (tag: 0.11.0-beta)
2015-09-03 15:56:19 -0400  (tag: pypi-release-0.10, origin/0.10.x)
2015-08-11 20:44:03 +0100  (tag: 0.10-rc3, tag: 0.10)
2015-08-10 18:39:45 +0100  (tag: 0.10-rc2)
2015-08-05 17:07:09 +0100  (tag: 0.10-rc1)
2015-08-03 17:43:01 +0100  (tag: 0.10-beta2)
2015-07-21 12:22:14 -0400  (tag: 0.10-beta1)
2015-07-05 19:32:49 -0400 
2015-06-18 07:34:30 -0400  (origin/proton-j-reactor)
2015-06-18 16:09:31 -0400  (origin/kgiusti-python3)
2015-04-29 15:17:49 -0400  (tag: 0.9.1-rc1, tag: 0.9.1)
2015-03-31 05:07:22 -0400  (tag: 0.9)
2015-03-17 09:25:04 +1300  (tag: 0.9-rc-3)
2015-03-16 17:42:56 +1300  (tag: 0.9-rc-2)
2015-03-10 00:40:25 +1300  (tag: 0.9-rc-1)
2015-02-13 16:06:20 -0500  (tag: 0.9-alpha-3)
2015-01-23 16:14:34 -0500  (tag: 0.9-alpha-2)
2014-12-19 13:06:18 -0500  (tag: 0.9-alpha-1, origin/0.9-alpha-1)
2014-11-28 07:44:34 -0500  (origin/javascript)
2014-10-12 16:45:29 +0000  (origin/fadams-javascript-binding)
2014-10-30 10:15:10 +0000  (tag: 0.8)
2014-04-25 15:16:38 +0000  (tag: 0.7)
2014-01-14 21:47:28 +0000  (tag: 0.6)
2013-08-27 11:27:19 +0000  (tag: 0.5)
2013-03-12 15:18:22 +0000  (tag: 0.1)
2012-11-02 17:27:03 +0000  (origin/0.1)
2013-03-12 15:18:22 +0000  (tag: 0.2)
2012-11-30 16:14:30 +0000  (origin/0.2)
2013-03-12 15:18:22 +0000  (tag: 0.3)
2013-01-15 16:27:56 +0000  (origin/0.3)
2013-03-12 15:18:22 +0000  (tag: 0.4)
2013-03-12 15:14:08 +0000  (origin/0.4)
2013-02-01 11:22:54 +0000  (origin/jni-binding)
2012-03-20 20:27:43 +0000 