2022-02-08 23:06:54 -0800  (tag: reef-project-0.16.1)
2021-05-10 22:04:33 -0700  (tag: release-0.16.1-rc2, tag: release-0.16.1, tag: rel/0.16.1)
2021-05-10 17:23:30 -0700  (origin/branch-0.16.1)
2017-08-10 16:17:47 +0900  (tag: reef-project-0.16.0)
2017-08-02 10:48:05 +0900  (tag: release-0.16.0-rc1)
2016-08-24 12:34:59 -0700  (tag: release-0.15.1-rc1, origin/branch-0.15.1)
2016-05-24 18:29:56 -0700  (tag: reef-project-0.15.0)
2016-05-20 09:29:16 -0700  (tag: release-0.15.0-rc2, tag: release-0.15.0-rc1, origin/branch-0.15.0)
2016-03-21 02:52:34 +0900  (tag: reef-project-0.14.0)
2016-03-17 08:37:05 +0900  (tag: release-0.14.0-rc3, tag: release-0.14.0-rc2, tag: rel/0.14.0, origin/branch-0.14.0)
2016-02-23 14:45:00 +0900  (tag: release-0.14.0-rc1)
2015-10-21 16:20:04 -0700  (tag: reef-project-0.13.0-incubating)
2015-10-06 15:58:13 -0700  (tag: release-0.13.0-incubating-rc1)
2015-08-17 00:19:09 +0900  (tag: reef-project-0.12.0-incubating)
2015-08-07 18:14:44 +0900  (tag: release-0.12.0-incubating-rc2, origin/branch-0.12.0-incubating)
2015-08-07 12:15:39 +0900  (tag: release-0.12.0-incubating-rc1)
2015-05-20 18:35:48 -0700  (tag: reef-project-0.11.0-incubating)
2015-05-14 14:59:37 -0700  (tag: release-0.11.0-incubating-rc8, origin/branch-0.11.0-incubating)
2015-05-08 18:40:21 -0700  (tag: release-0.11.0-incubating-rc6)
2015-05-05 16:39:30 -0700  (tag: release-0.11.0-incubating-rc5)
2015-05-04 16:34:25 -0700  (tag: release-0.11.0-incubating-rc4)
2015-04-30 17:47:17 -0700  (tag: release-0.11.0-incubating-rc3, tag: release-0.11.0-incubating-rc2)
2015-04-30 12:24:24 -0700  (tag: release-0.11.0-incubating-rc1)
2015-01-07 00:23:52 +0900  (tag: reef-project-0.10.0-incubating)
2015-01-06 15:23:54 +0900  (tag: release-0.10.0-incubating-rc1, origin/branch-0.10.0-incubating)
2014-10-22 14:04:20 -0700 
2013-11-07 12:59:53 -0800 
2014-10-22 14:03:17 -0700 
2013-11-07 13:01:55 -0800 
2014-10-22 14:02:11 -0700 