2021-12-18 15:38:02 -0500  (tag: roller-6.1.0)
2021-10-04 15:35:10 -0400  (tag: roller-6.0.2, origin/roller-6.0.x)
2020-05-08 16:23:15 -0400  (tag: roller-6.0.1)
2019-12-14 18:02:56 -0500  (tag: roller-6.0.0)
2019-05-18 16:57:18 -0400 
2019-02-23 17:42:27 -0500 
2019-01-18 17:34:31 -0500 
2019-01-11 15:07:41 -0500  (tag: roller-5.2.2)
2018-10-21 17:14:13 -0400 
2018-09-30 16:48:45 -0400  (tag: roller-5.2.1, origin/roller-5.2.0)
2017-11-06 17:16:44 -0500  (tag: roller-5.2.0-final)
2015-03-01 19:10:37 +0000  (tag: roller-5.1.2)
2015-02-08 14:32:38 +0000  (tag: roller_5.1.1)
2012-06-23 13:18:12 +0000  (tag: roller_5.0.1)
2011-05-17 00:53:18 +0000  (tag: roller_5.0)
2009-01-13 02:47:19 +0000  (tag: roller_4.0.1)
2007-12-07 02:57:18 +0000  (tag: roller_4.0)
2007-04-25 07:53:31 +0000  (tag: roller_3.1)
2007-04-09 14:01:45 +0000  (tag: roller_1.2)
2007-04-09 14:01:45 +0000  (tag: roller_1.3)
2005-10-21 21:27:36 +0000 
2007-04-09 14:01:45 +0000  (tag: roller_2.0)
2007-04-09 14:01:45 +0000  (tag: roller_2.0.2)
2007-04-09 14:01:45 +0000  (tag: roller_2.1.1)
2007-04-09 14:01:45 +0000  (tag: roller_2.2_scrapped)
2007-04-09 14:01:45 +0000  (tag: roller_2.3)
2007-04-09 14:01:45 +0000  (tag: roller_3.0)