2022-04-29 07:37:30 +0100  (tag: xmlsec-2.1.8)
2021-09-10 14:26:40 +0100  (tag: xmlsec-2.1.7)
2020-12-08 10:22:03 +0000  (tag: xmlsec-2.1.6)
2022-04-29 07:07:52 +0100  (tag: xmlsec-2.2.4)
2021-09-10 14:08:28 +0100  (tag: xmlsec-2.2.3)
2021-04-30 08:08:44 +0100  (tag: xmlsec-2.2.2)
2020-12-08 07:40:11 +0000  (tag: xmlsec-2.2.1)
2022-04-28 08:43:07 +0100  (tag: xmlsec-2.3.1)
2022-04-28 07:41:09 +0100  (tag: xmlsec-3.0.0)
2021-10-25 11:23:42 +0100  (tag: xmlsec-2.3.0)
2020-11-10 09:12:09 +0000  (origin/reference_inputstream)
2020-05-26 07:13:44 +0100  (tag: xmlsec-2.2.0)
2020-03-10 10:31:09 +0000  (tag: xmlsec-2.1.5)
2019-07-16 15:41:19 +0000  (tag: xmlsec-2.1.4)
2019-03-26 11:16:48 +0000  (tag: xmlsec-2.1.3)
2018-06-08 15:04:20 +0000  (tag: xmlsec-2.1.2)
2018-06-06 16:21:32 +0000  (tag: xmlsec-2.0.11)
2018-01-22 17:30:29 +0000  (tag: xmlsec-2.0.10)
2018-01-22 17:14:49 +0000  (tag: xmlsec-2.1.1)
2017-08-14 10:44:37 +0000  (tag: xmlsec-2.0.9)
2017-08-14 09:50:34 +0000  (tag: xmlsec-2.1.0)
2016-12-01 13:20:22 +0000  (tag: xmlsec-2.0.8)
2016-06-13 15:22:59 +0000  (tag: xmlsec-2.0.7)
2015-12-04 12:18:32 +0000  (tag: xmlsec-2.0.6)
2015-07-10 13:49:49 +0000  (tag: xmlsec-2.0.5)
2015-04-15 14:15:07 +0000  (tag: xmlsec-2.0.4)
2015-01-09 15:20:34 +0000  (tag: xmlsec-1.5.8)
2015-01-09 14:00:54 +0000  (tag: xmlsec-2.0.3)
2014-09-22 09:25:25 +0000  (tag: xmlsec-2.0.2)
2014-06-27 13:59:03 +0000  (tag: xmlsec-1.5.7)
2014-06-27 09:58:27 +0000  (tag: xmlsec-2.0.1)
2014-04-28 09:56:26 +0000  (tag: xmlsec-2.0.0)
2014-01-27 14:18:31 +0000  (tag: xmlsec-2.0.0-rc1)
2013-11-05 12:21:03 +0000  (tag: 1.5.6)
2013-10-22 15:52:37 +0000  (tag: 2.0.0-beta)
2013-10-22 15:22:42 +0000  (tag: xmlsec-2.0.0-beta)
2013-06-17 15:40:44 +0000  (tag: 1.4.8)
2013-06-17 15:06:55 +0000  (tag: 1.5.5)
2013-03-15 10:31:54 +0000  (tag: 1.5.4)
2012-09-26 14:11:23 +0000  (tag: 1.5.3)
2012-05-08 16:22:05 +0000  (tag: 1.5.2)
2012-05-02 09:48:14 +0000  (tag: 1.4.7)
2012-02-21 10:36:39 +0000  (tag: 1.5.1)
2012-01-20 10:24:05 +0000  (tag: 1.5.0)
2012-01-13 16:43:45 +0000  (tag: 1.5.0-RC2)
2011-12-16 10:52:17 +0000  (tag: 1.5.0-RC1)
2011-10-17 10:04:08 +0000  (tag: 1.4.6)
2011-05-19 15:06:17 +0000  (tag: 1.4.5)
2011-05-10 10:19:33 +0000  (tag: 1.4.5-RC1)
2010-12-15 12:57:52 +0000  (tag: J_1_1_0)
2010-12-15 12:57:52 +0000  (tag: J_1_3)
2010-12-15 12:57:52 +0000  (tag: J_1_4)
2010-12-15 12:57:52 +0000  (tag: J_1_4_1)
2010-12-15 12:57:52 +0000  (tag: J_1_4_2)
2010-12-15 12:57:52 +0000  (tag: J_1_4_3)
2010-12-15 12:57:52 +0000  (tag: J_1_4_4)
2010-12-15 12:08:08 +0000  (tag: Release_00_001)
2010-12-15 12:08:08 +0000  (tag: v1_0_0)
2010-12-15 12:08:08 +0000  (tag: v1_0_1)
2010-12-15 12:08:08 +0000  (tag: v1_0_2)
2010-12-15 12:08:08 +0000  (tag: v1_0_4)
2010-12-15 12:08:08 +0000  (tag: v1_0_5D2)
2010-12-15 12:08:08 +0000  (tag: v1_0_6)
2010-12-15 12:08:08 +0000  (tag: v1_0_71)
2010-12-15 12:08:08 +0000  (tag: v1_0_8)
2010-12-15 12:08:08 +0000  (tag: v1_0_81)
2010-12-15 12:08:08 +0000  (tag: v1_0_82)
2010-12-15 12:08:08 +0000  (tag: v1_0_83)
2010-12-15 12:08:08 +0000  (tag: v1_0_84)
2010-12-15 12:08:08 +0000  (tag: v1_0_85)
2010-12-15 12:08:08 +0000  (tag: v1_2_1j)
2010-12-15 12:08:08 +0000  (tag: v1_2j)
2010-12-15 12:08:08 +0000  (tag: v1p1p0_01)
2010-12-15 12:08:08 +0000  (tag: v1p1p0_02)
2010-12-15 12:08:08 +0000  (tag: v1p1p0_03)
2010-12-15 12:08:08 +0000  (tag: v1p1p0_04)
2010-12-15 12:08:08 +0000  (tag: v1p2p1)