2014-11-11 01:17:35 +0000  (tag: shindig-project-2.5.2)
2014-02-28 00:33:02 +0000  (tag: shindig-project-2.5.1)
2013-10-16 01:19:55 +0000  (tag: shindig-project-2.5.0-update1)
2013-08-13 23:30:01 +0000  (origin/2.5.0-update1)
2013-07-26 23:47:20 +0000  (tag: shindig-project-2.5.0)
2013-03-12 23:45:07 +0000  (tag: shindig-project-2.5.0-beta6)
2012-10-23 01:54:11 +0000  (tag: shindig-project-2.5.0-beta5)
2012-08-30 11:59:20 +0000  (tag: shindig-project-2.5.0-beta4)
2012-07-26 01:18:57 +0000  (tag: shindig-project-2.5.0-beta3)
2012-06-19 01:09:50 +0000  (tag: shindig-project-2.5.0-beta2)
2012-03-26 15:53:37 +0000  (tag: shindig-project-2.5.0-beta1)
2011-11-12 14:04:22 +0000  (origin/php_namespace_refactoring)
2011-11-22 21:18:42 +0000  (tag: shindig-project-3.0.0-beta4)
2011-11-02 07:30:34 +0000  (tag: shindig-project-3.0.0-beta3)
2011-06-10 18:07:33 +0000  (tag: shindig-project-3.0.0-beta2)
2011-04-01 17:32:08 +0000  (tag: shindig-project-3.0.0-beta1)
2010-10-26 16:15:27 +0000  (tag: shindig-project-2.0.2)
2010-10-08 18:43:00 +0000  (tag: shindig-project-2.0.1)
2010-10-08 18:42:15 +0000  (tag: shindig-project-2.0.1b)
2010-09-08 12:28:29 +0000  (tag: shindig-project-2.0.0)
2010-08-10 15:22:30 +0000  (tag: shindig-project-2.0.0-RC2)
2010-06-25 06:52:54 +0000  (tag: shindig-project-2.0.0-RC1)
2010-05-11 06:37:57 +0000  (tag: shindig-project-1.0.1)
2010-04-28 18:40:48 +0000  (origin/1.0.x-incubating)
2010-03-15 09:50:28 +0000  (tag: shindig-project-1.0-incubating)
2010-02-04 22:17:43 +0000  (tag: shindig-project-1.1-BETA1-incubating)
2010-02-04 22:17:43 +0000  (tag: shindig-project-1.1-BETA2-incubating)
2010-02-04 22:17:43 +0000  (tag: shindig-project-1.1-BETA3-incubating)
2010-02-04 22:17:43 +0000  (tag: shindig-project-1.1-BETA4-incubating)
2010-02-04 22:17:43 +0000  (tag: shindig-project-1.1-BETA5-incubating)