2022-06-23 14:55:17 -0400  (tag: shiro-root-1.9.1)
2022-06-21 18:40:09 -0400  (origin/shiro-19-bump-deps)
2022-06-10 14:35:06 -0400  (origin/build-1-9-prs)
2022-03-16 12:22:19 +0100  (tag: shiro-root-1.9.0)
2022-03-01 16:48:39 +0100  (tag: shiro-root-1.9.0-release-vote1)
2021-08-23 20:25:40 +0200  (origin/1.8.x)
2021-08-23 20:25:30 +0200  (tag: shiro-root-1.8.0)
2021-01-27 21:33:19 +0100  (tag: shiro-root-1.7.1)
2020-10-23 12:01:38 +0200  (tag: shiro-root-1.7.0)
2020-10-19 17:26:28 -0400  (tag: shiro-root-1.7.0-release-vote1)
2020-10-17 18:25:57 +0200  (origin/1.6.x)
2020-08-11 16:02:15 -0400  (tag: shiro-root-1.6.0)
2020-08-06 08:40:38 +0200  (origin/1.5.x)
2020-04-26 20:42:18 +0200  (tag: shiro-root-1.5.3-release-vote1, tag: shiro-root-1.5.3)
2020-04-07 15:56:56 -0400  (origin/SHIRO-753)
2020-03-18 12:39:46 -0400  (tag: shiro-root-1.5.2-release-vote1, tag: shiro-root-1.5.2)
2020-03-16 15:08:11 -0400  (origin/cache-to-all)
2020-02-17 21:13:58 +0100  (tag: shiro-root-1.5.1-release-vote2, tag: shiro-root-1.5.1)
2020-02-03 16:02:17 -0500  (tag: shiro-root-1.5.1-release-vote1)
2020-01-21 11:40:35 +0100  (tag: shiro-root-1.5.0)
2019-12-10 16:39:36 -0500  (origin/spring-boot-filters)
2019-07-25 18:56:40 -0400  (origin/add-travis-ci)
2019-11-08 11:36:00 +0100  (tag: shiro-root-1.4.2-release-vote1, tag: shiro-root-1.4.2)
2019-11-06 15:31:09 -0500  (origin/1.4.x)
2019-04-18 15:15:33 +0400  (tag: shiro-root-1.4.1)
2017-05-05 18:46:24 +0200  (tag: shiro-root-1.4.0)
2017-01-30 20:39:23 -0500  (origin/cdi-feature)
2016-11-10 17:33:15 -0500  (tag: shiro-root-1.4.0-RC2-release-vote1, tag: shiro-root-1.4.0-RC2)
2016-10-25 14:53:31 -0400  (tag: shiro-root-1.4.0-RC1-release-vote1, tag: shiro-root-1.4.0-RC1)
2016-09-09 17:52:32 -0400  (tag: shiro-root-1.3.2-release-vote1, tag: shiro-root-1.3.2)
2016-08-19 13:32:17 -0400  (tag: shiro-root-1.3.1-release-vote1, tag: shiro-root-1.3.1)
2016-07-22 09:51:47 -0400  (tag: shiro-root-1.3.0-release-vote1, tag: shiro-root-1.3.0)
2016-06-28 09:15:08 -0700  (origin/1.2.x)
2016-06-28 09:14:58 -0700  (tag: shiro-root-1.2.6-release-vote1, tag: shiro-root-1.2.6)
2016-05-18 23:55:34 -0400  (tag: shiro-root-1.2.5)
2015-07-08 03:55:06 +0000  (tag: shiro-root-1.2.4)
2014-02-25 22:56:51 +0000  (tag: shiro-root-1.2.3)
2013-05-11 22:39:36 +0000  (tag: shiro-root-1.2.2)
2012-08-14 20:37:16 +0000  (tag: site-template-before-redesign-20120814)
2012-08-12 01:13:28 +0000  (tag: trunk_pre_SHIRO-317b_integration)
2012-07-25 20:37:45 +0000  (tag: shiro-root-1.2.1)
2012-01-20 05:30:45 +0000  (tag: shiro-root-1.2.0)
2012-01-20 05:08:32 +0000  (tag: shiro-root-1.2.0-before-rerelease)
2012-01-19 19:13:58 +0000  (tag: 1.2.0)
2010-10-30 02:30:40 +0000  (tag: shiro-root-1.1.0)
2010-10-28 23:08:26 +0000  (tag: shiro-root-1.1.0_release_first_attempt)
2010-10-28 20:23:36 +0000  (origin/1.0.x)
2010-10-08 00:04:30 +0000  (tag: SHIRO-121_pre_commit)
2010-10-08 00:04:30 +0000  (tag: shiro-root-1.0.0-incubating)
2010-10-08 00:04:30 +0000  (tag: trunk_pre_session_manager_API_change)