2022-06-09 01:34:29 +0000  (tag: v9.1.0)
2022-04-06 08:59:17 +0000  (tag: v9.0.0)
2021-12-10 14:29:55 +0000  (tag: v8.9.1)
2021-12-02 09:39:04 +0000  (tag: v8.9.0)
2021-09-29 21:57:54 +0800  (tag: v8.8.1)
2021-09-25 13:50:24 +0000  (tag: v8.8.0)
2021-07-30 02:21:17 +0000  (tag: v8.7.0)
2021-06-07 13:22:31 +0000  (tag: v8.6.0)
2021-04-09 04:16:16 +0000  (tag: v8.5.0)
2021-02-01 13:02:04 +0000  (tag: v8.4.0)
2020-11-29 06:23:01 +0000  (tag: v8.3.0)
2020-10-24 16:43:55 +0800  (tag: v8.2.0)
2020-07-31 09:18:31 +0000  (tag: v8.1.0)
2020-06-18 10:02:15 +0000  (tag: v8.0.1)
2020-06-12 08:28:59 +0000  (tag: v8.0.0)
2020-03-18 15:36:18 +0000  (tag: v7.0.0)
2019-12-24 06:07:50 +0000  (tag: v6.6.0)
2019-11-12 13:22:27 +0000  (tag: v6.5.0)
2019-09-08 18:02:51 +0000  (tag: v6.4.0)
2019-08-05 09:04:58 +0000  (tag: v6.3.0)
2019-06-29 00:40:51 +0000  (tag: v6.2.0)
2019-04-30 08:47:09 +0000  (tag: v6.1.0)
2019-01-21 03:52:28 +0000  (tag: v6.0.0-GA)
2018-12-14 10:02:06 +0000  (tag: v6.0.0-beta)
2018-11-04 14:36:01 +0000  (tag: v6.0.0-alpha)
2018-10-06 15:11:19 +0000  (tag: v5.0.0-GA)
2018-09-05 03:38:34 +0000  (tag: v5.0.0-RC2)
2018-08-31 07:09:14 +0000  (tag: v5.0.0-RC)
2018-07-01 21:06:20 -0700  (tag: v5.0.0-beta2)
2018-05-12 01:36:06 +0800  (tag: v5.0.0-beta)
2018-03-28 09:19:43 +0800  (tag: v5.0.0-alpha)
2017-12-06 16:51:12 +0800  (tag: v3.2.6)
2017-11-21 21:48:58 +0800  (tag: v3.2.5)
2017-11-06 22:45:00 +0800  (tag: v3.2.4)
2017-10-25 08:39:16 +0800  (tag: v3.2.3)
2017-09-29 16:02:44 +0800  (tag: v3.2.2)
2017-09-28 09:35:43 +0800  (tag: v3.2.1)
2017-09-16 23:02:36 +0800  (tag: v3.2)
2017-09-11 12:35:46 +0800  (tag: v3.1.1)
2017-06-17 21:12:44 +0800  (tag: v3.1)
2017-06-10 09:47:26 +0800  (tag: v3.0.3, origin/feature/3.0.x)
2017-06-05 21:39:43 +0800  (tag: v3.0.2-2017)
2017-04-27 17:10:13 +0800  (tag: v3.0.1-2017)
2017-04-13 16:18:46 +0800  (tag: v3.0-2017)
2017-03-13 17:57:17 +0800  (tag: v2.3-2017, origin/feature/2.x)
2017-03-12 14:55:47 +0800  (tag: v2.2-2017)
2017-02-09 13:36:02 +0800  (tag: v2.1-2017)
2016-12-19 13:33:24 +0800  (tag: v2.0-2016)
2016-11-02 09:17:32 +0800  (tag: v1.0-Final-hotfix)
2016-08-18 11:10:45 +0800  (tag: v1.0-Final)
2016-05-28 11:21:18 +0800  (tag: 1.0-beta)
2016-03-18 16:33:00 +0800 
2015-11-07 16:19:01 +0800 
2016-03-09 19:40:02 +0800  (tag: 1.0-alpha2)
2015-12-31 11:05:26 +0800  (tag: 1.0-alpha1)
2015-11-07 11:30:37 +0800 