2022-07-11 15:13:02 +0000  (tag: v3.2.2-rc1, tag: v3.2.2)
2022-01-20 05:03:12 +0000  (tag: v3.2.1-rc2, tag: v3.2.1)
2022-01-07 17:38:35 +0000  (tag: v3.2.1-rc1)
2021-10-06 11:45:26 +0000  (tag: v3.2.0-rc7, tag: v3.2.0)
2021-09-28 10:53:35 +0000  (tag: v3.2.0-rc6)
2021-09-27 08:24:44 +0000  (tag: v3.2.0-rc5)
2021-09-23 08:46:22 +0000  (tag: v3.2.0-rc4)
2021-09-18 11:30:06 +0000  (tag: v3.2.0-rc3)
2021-08-31 17:04:08 +0000  (tag: v3.2.0-rc2)
2021-08-20 12:40:40 +0000  (tag: v3.2.0-rc1)
2022-06-09 17:55:37 +0000  (tag: v3.3.0-rc6, tag: v3.3.0)
2022-06-04 06:43:05 +0000  (tag: v3.3.0-rc5)
2022-06-03 09:20:31 +0000  (tag: v3.3.0-rc4)
2022-05-24 10:15:29 +0000  (tag: v3.3.0-rc3)
2022-05-16 05:42:28 +0000  (tag: v3.3.0-rc2)
2022-05-03 18:15:45 +0000  (tag: v3.3.0-rc1)
2022-02-06 22:17:33 +0000  (tag: v3.1.3-rc4, tag: v3.1.3)
2022-02-01 21:15:27 +0000  (tag: v3.1.3-rc3)
2022-01-13 17:42:13 +0000  (tag: v3.1.3-rc2)
2022-01-10 21:23:40 +0000  (tag: v3.1.3-rc1)
2021-05-24 04:10:33 +0000  (tag: v3.1.2-rc1, tag: v3.1.2)
2021-02-22 00:52:36 +0000  (tag: v3.1.1-rc3, tag: v3.1.1)
2021-02-08 13:10:01 +0000  (tag: v3.1.1-rc2)
2021-01-18 08:29:52 +0000  (tag: v3.1.1-rc1)
2021-01-05 10:51:32 +0000  (tag: v3.1.0-rc1)
2021-06-15 04:04:50 +0000  (tag: v3.0.3-rc1, tag: v3.0.3)
2021-02-16 03:21:46 +0000  (tag: v3.0.2-rc1, tag: v3.0.2)
2020-08-28 03:25:14 +0000  (tag: v3.0.1-rc3, tag: v3.0.1)
2021-05-09 17:45:27 +0000  (tag: v2.4.8-rc4, tag: v2.4.8)
2021-04-28 08:22:14 +0000  (tag: v2.4.8-rc3)
2021-04-11 23:55:04 +0000  (tag: v2.4.8-rc2)
2021-04-07 03:59:43 +0000  (tag: v2.4.8-rc1)
2020-09-08 05:18:16 +0000  (tag: v2.4.7-rc3, tag: v2.4.7)
2020-08-21 08:35:14 +0000  (tag: v2.4.7-rc2)
2020-08-06 06:15:37 +0000  (tag: v2.4.7-rc1)
2020-05-29 23:28:32 +0000  (tag: v2.4.6-rc8, tag: v2.4.6)
2020-05-29 07:51:19 +0000  (tag: v2.4.6-rc7)
2020-05-29 00:40:54 +0000  (tag: v2.4.6-rc6)
2020-05-27 16:38:33 +0000  (tag: v2.4.6-rc5)
2020-05-26 17:07:39 -0700  (tag: v2.4.6-rc4)
2020-05-16 02:03:44 +0000  (tag: v2.4.6-rc3)
2020-05-15 22:49:09 +0000  (tag: v2.4.6-rc2)
2020-05-06 23:13:21 +0000  (tag: v2.4.6-rc1)
2020-02-02 19:23:09 +0000  (tag: v2.4.5-rc2, tag: v2.4.5)
2020-01-13 10:06:41 +0000  (tag: v2.4.5-rc1)
2019-08-27 19:51:56 +0000  (tag: v2.4.4-rc3, tag: v2.4.4)
2019-08-25 23:04:49 +0000  (tag: v2.4.4-rc2)
2019-08-19 07:11:32 +0000  (tag: v2.4.4-rc1)
2019-04-30 22:24:34 +0000  (tag: v2.4.3-rc1, tag: v2.4.3)
2019-04-18 13:24:38 +0000  (tag: v2.4.2-rc1, tag: v2.4.2)
2019-03-26 04:38:19 +0000  (tag: v2.4.1-rc9, tag: v2.4.1)
2019-03-10 06:33:54 +0000  (tag: v2.4.1-rc8)
2019-03-08 20:37:43 +0000  (tag: v2.4.1-rc7)
2020-08-26 01:58:11 +0000  (tag: v3.0.1-rc2)
2020-08-15 01:37:47 +0000  (tag: v3.0.1-rc1)
2020-06-06 02:57:35 +0000  (tag: v3.0.0-rc3, tag: v3.0.0)
2020-05-18 13:21:37 +0000  (tag: v3.0.0-rc2)
2020-03-30 08:42:10 +0000  (tag: v3.0.0-rc1)
2019-12-17 03:06:28 +0000  (tag: v3.0.0-preview2-rc2, tag: v3.0.0-preview2)
2019-12-16 12:14:54 +0000  (tag: v3.0.0-preview2-rc1)
2019-10-30 17:42:59 -0700  (tag: v3.0.0-preview-rc2, tag: v3.0.0-preview)
2019-10-28 22:31:29 -0700  (tag: v3.0.0-preview-rc1)
2019-08-25 14:38:17 +0000  (tag: v2.3.4-rc1, tag: v2.3.4)
2019-02-04 12:18:21 +0000  (tag: v2.3.3-rc2, tag: v2.3.3)
2019-01-16 13:21:25 +0000  (tag: v2.3.3-rc1)
2018-09-16 11:31:17 +0800  (tag: v2.3.2-rc6, tag: v2.3.2)
2018-08-14 02:55:09 +0000  (tag: v2.3.2-rc5)
2018-08-10 02:06:28 +0000  (tag: v2.3.2-rc4)
2018-07-15 01:56:00 +0000  (tag: v2.3.2-rc3)
2018-07-11 05:27:02 +0000  (tag: v2.3.2-rc2)
2018-07-08 01:24:42 +0000  (tag: v2.3.2-rc1)
2018-06-01 13:34:19 -0700  (tag: v2.3.1-rc4, tag: v2.3.1)
2018-06-01 10:56:26 -0700  (tag: v2.3.1-rc3)
2018-05-22 09:37:04 -0700  (tag: v2.3.1-rc2)
2018-05-14 17:57:16 -0700  (tag: v2.3.1-rc1)
2018-02-22 09:56:57 -0800  (tag: v2.3.0)
2018-02-16 17:29:46 -0800  (tag: v2.3.0-rc4)
2018-02-12 11:08:28 -0800  (tag: v2.3.0-rc3)
2018-01-22 10:49:08 -0800  (tag: v2.3.0-rc2)
2018-01-11 15:23:10 -0800  (tag: v2.3.0-rc1)
2019-03-01 20:53:13 +0000  (tag: v2.4.1-rc6)
2019-02-22 22:54:15 +0000  (tag: v2.4.1-rc5)
2019-02-21 23:01:58 +0000  (tag: v2.4.1-rc4)
2019-02-21 00:45:49 +0000  (tag: v2.4.1-rc3)
2019-02-19 21:54:26 +0000  (tag: v2.4.1-rc2)
2019-02-12 10:45:06 -0800  (tag: v2.4.1-rc1)
2018-10-29 06:15:29 +0000  (tag: v2.4.0-rc5, tag: v2.4.0)
2018-10-22 14:50:51 +0000  (tag: v2.4.0-rc4)
2018-10-10 13:26:12 +0000  (tag: v2.4.0-rc3)
2018-09-27 14:30:59 +0000  (tag: v2.4.0-rc2)
2018-09-14 12:39:46 +0000  (tag: v2.4.0-rc1)
2019-01-07 17:48:24 +0000  (tag: v2.2.3-rc1, tag: v2.2.3)
2018-06-27 13:55:11 +0000  (tag: v2.2.2-rc2, tag: v2.2.2)
2018-06-18 14:45:11 +0000  (tag: v2.2.2-rc1)
2017-11-24 21:11:35 +0000  (tag: v2.2.1-rc2, tag: v2.2.1)
2017-11-13 19:04:27 +0000  (tag: v2.2.1-rc1)
2017-06-30 15:54:34 -0700  (tag: v2.2.0)
2018-06-26 16:22:59 +0000  (tag: v2.1.3-rc2, tag: v2.1.3)
2018-06-18 13:53:49 -0700  (tag: v2.1.3-rc1)
2017-10-02 11:57:15 -0700  (tag: v2.1.2-rc4, tag: v2.1.2)
2017-09-29 09:04:26 -0700  (tag: v2.1.2-rc3)
2017-09-22 08:07:37 -0700  (tag: v2.1.2-rc2)
2017-09-13 19:34:41 -0700  (tag: v2.1.2-rc1)
2017-04-25 16:28:22 -0700  (tag: v2.1.1)
2016-12-15 17:57:04 -0800  (tag: v2.1.0)
2016-11-07 12:26:31 -0800  (tag: v2.0.2)
2016-09-28 16:27:45 -0700  (tag: v2.0.1)
2016-07-19 14:02:27 -0700  (tag: v2.0.0)
2016-05-17 18:15:42 -0700  (tag: 2.0.0-preview)
2016-11-02 14:45:51 -0700  (tag: v1.6.3)
2016-06-19 14:06:21 -0700  (tag: v1.6.2)
2016-02-26 20:09:04 -0800  (tag: v1.6.1)
2015-12-21 17:50:29 -0800  (tag: v1.6.0)
2015-11-03 08:51:57 -0800  (tag: v1.5.2)
2015-09-23 21:32:10 -0700  (tag: v1.5.1)
2015-08-31 15:57:42 -0700  (tag: v1.5.0-rc3, tag: v1.5.0)
2015-08-25 15:56:37 -0700  (tag: v1.5.0-rc2)
2015-08-20 16:24:07 -0700  (tag: v1.5.0-rc1)
2015-07-08 15:40:49 -0700  (tag: v1.4.1)
2015-06-02 18:06:35 -0700  (tag: v1.4.0)
2015-04-11 04:04:37 +0000  (tag: v1.3.1)
2015-03-05 23:02:07 +0000  (tag: v1.3.0)
2015-04-05 12:17:47 +0000  (tag: v1.2.2)
2015-02-03 00:39:27 +0000  (tag: v1.2.1)
2014-12-10 09:03:21 +0000  (tag: v1.2.0)
2014-11-19 20:10:56 +0000  (tag: v1.1.1)
2014-09-03 05:27:53 +0000  (tag: v1.1.0)
2014-07-25 21:21:15 +0000  (tag: v1.0.2)
2014-07-04 17:37:42 +0000  (tag: v1.0.1)
2014-05-26 06:46:48 +0000  (tag: v1.0.0)
2014-07-17 07:48:28 +0000  (tag: v0.9.2)
2014-03-27 05:14:46 +0000  (tag: v0.9.1)
2014-01-24 06:15:08 +0000  (tag: v0.9.0-incubating)
2013-12-10 14:35:56 -0800  (tag: v0.8.1-incubating)
2013-09-16 23:27:03 -0700  (tag: v0.8.0-incubating)
2013-06-01 17:12:22 -0700  (tag: v0.7.2)
2013-04-26 10:58:40 -0700  (tag: v0.7.1)
2013-02-26 23:38:50 -0800  (tag: v0.7.0)
2013-02-16 14:31:30 -0600  (tag: v0.7.0-bizo-1)
2013-02-06 22:35:26 -0800  (tag: v0.6.2)
2012-11-19 13:44:51 -0800  (tag: v0.6.1)
2012-10-21 00:05:02 -0700 
2012-10-14 19:36:41 -0700  (tag: v0.6.0)
2012-11-20 18:23:34 -0800  (tag: v0.5.2)
2012-10-07 10:40:29 -0700  (tag: v0.5.1)
2012-10-14 17:36:20 -0700  (tag: v0.6.0-yarn)
2012-06-12 14:30:49 -0400  (tag: v0.5.0)
2011-07-14 17:39:34 -0400  (tag: 0.3-scala-2.9)
2011-07-14 17:38:43 -0400  (tag: 0.3-scala-2.8)
2011-05-24 15:59:01 -0700  (tag: alpha-0.2)
2010-10-03 20:28:20 -0700  (tag: alpha-0.1)
2010-03-29 16:17:55 -0700 