2017-12-06 00:33:50 +0100  (tag: release-1.4.7-rc0, origin/branch-1.4.7)
2016-07-08 14:59:42 -0700  (tag: release-1.99.7-rc1, tag: release-1.99.7-rc0, origin/branch-1.99.7)
2015-04-28 19:36:52 -0700  (tag: release-1.99.6-rc2, origin/branch-1.99.6)
2015-04-19 22:21:43 -0700  (tag: release-1.99.6-rc1)
2015-04-06 13:46:29 -0700  (tag: release-1.99.6-rc0)
2015-04-24 09:16:12 -0700  (tag: release-1.4.6-rc3, origin/branch-1.4.6)
2015-04-21 19:44:03 -0700  (tag: release-1.4.6-rc2)
2015-04-09 08:14:03 -0700  (tag: release-1.4.6-rc1)
2015-03-25 10:00:05 -0700  (tag: release-1.4.6-rc0)
2015-02-18 09:19:11 -0800  (tag: release-1.99.5-rc2, origin/branch-1.99.5)
2015-02-13 10:49:00 -0800  (tag: release-1.99.5-rc1)
2015-02-10 12:02:35 -0800  (tag: release-1.99.5-rc0)
2014-11-03 13:18:50 -0800  (origin/sqoop)
2014-11-15 14:53:34 -0800  (tag: release-1.99.4-rc1, origin/branch-1.99.4)
2014-11-09 11:54:36 -0800  (tag: release-1.99.4-rc0)
2014-10-09 19:39:41 -0700  (origin/SQOOP-1367)
2014-09-19 16:31:22 -0700  (tag: sqoop2-SQOOP-1367-pre)
2014-07-31 17:57:31 -0700  (tag: release-1.4.5-rc0, origin/branch-1.4.5)
2013-10-11 21:36:43 -0700  (tag: release-1.99.3-rc0, origin/branch-1.99.3)
2013-07-18 12:29:49 -0700  (tag: release-1.4.4-rc0, origin/branch-1.4.4)
2013-04-15 18:55:44 -0700  (tag: release-1.99.2-rc0, origin/branch-1.99.2)
2013-02-22 09:12:09 -0800  (tag: release-1.4.3-rc0, origin/branch-1.4.3)
2012-12-21 12:02:47 -0800  (tag: release-1.99.1-rc1, origin/branch-1.99.1)
2012-12-18 18:28:52 -0800  (tag: release-1.99.1-rc0)
2012-03-28 00:04:41 +0000 
2012-08-14 11:02:55 +0000  (tag: release-1.4.2-rc1)
2012-08-14 10:28:08 +0000  (origin/branch-1.4.2)
2012-08-07 12:53:12 +0000  (tag: release-1.4.2-rc0)
2012-03-28 00:04:41 +0000  (tag: release-1.4.0-rc1)
2012-03-28 00:04:41 +0000  (tag: release-1.4.1-rc0)
2012-03-28 00:04:41 +0000  (tag: release-1.4.1-rc1)
2012-03-28 00:04:41 +0000  (tag: release-1.4.1-rc2)
2012-03-28 00:04:41 +0000  (tag: release-1.4.1-rc3)