2022-03-09 11:09:15 -0800  (tag: v2.4.0)
2022-01-17 23:29:07 -0800  (tag: v2.2.2)
2021-09-29 09:55:56 -0500  (tag: v2.2.1)
2020-06-18 16:11:52 +0000  (tag: v2.2.0)
2022-01-17 11:19:51 -0800  (tag: v2.3.1)
2021-09-23 11:15:21 -0500  (tag: v2.3.0)
2021-10-01 13:34:20 -0500  (tag: v1.2.4)
2019-05-04 18:37:30 -0400  (tag: v1.2.3)
2018-05-17 15:01:56 -0400  (tag: v1.2.2)
2018-02-16 15:18:27 -0500  (tag: v1.2.1)
2018-02-07 16:23:25 -0500  (tag: v1.2.0)
2018-01-12 19:50:18 -0500  (origin/metrics_v2)
2021-09-29 11:36:03 -0500  (tag: v2.1.1)
2019-10-25 11:40:58 -0500  (tag: v2.1.0)
2019-04-29 13:21:00 -0400  (tag: v2.0.0)
2016-10-18 13:13:07 -0700  (origin/STORM-2127)
2016-10-05 12:59:38 -0400 
2011-11-11 00:09:57 -0500 
2019-01-08 15:37:19 -0500  (tag: v1.1.4)
2018-05-17 16:23:35 -0400  (tag: v1.1.3)
2018-02-08 11:57:47 -0500  (tag: v1.1.2)
2017-07-27 13:17:04 -0400  (tag: v1.1.1)
2017-03-21 12:55:59 -0400  (tag: v1.1.0)
2018-05-03 13:40:16 -0400  (tag: v1.0.7)
2018-02-08 13:34:48 -0500  (tag: v1.0.6)
2017-09-05 16:23:58 -0400  (tag: v1.0.5)
2017-07-24 13:11:20 -0400  (tag: v1.0.4)
2017-02-07 13:51:22 -0500  (tag: v1.0.3)
2016-07-26 15:10:07 -0400  (tag: v1.0.2)
2016-04-29 16:37:02 -0400  (tag: v1.0.1)
2016-04-05 13:12:00 -0400  (tag: v1.0.0)
2016-09-02 15:13:19 -0400  (tag: v0.10.2)
2016-04-27 13:54:02 -0400  (tag: v0.10.1)
2015-10-23 15:05:58 -0400  (tag: v0.10.0)
2015-06-19 17:13:15 -0400  (tag: v0.10.0-beta1)
2015-06-09 21:32:25 -0400  (tag: v0.10.0-beta)
2015-05-06 13:31:04 -0400 
2015-03-03 21:46:33 -0500 
2014-11-26 16:33:07 -0600 
2014-11-13 12:47:07 -0600 
2014-10-15 11:05:10 -0500 
2014-08-18 14:25:07 -0500 
2014-06-19 16:04:02 -0500  (tag: v0.9.2-incubating-security)
2016-08-15 14:37:47 -0400  (tag: v0.9.7)
2015-10-28 16:31:14 -0400  (tag: v0.9.6)
2015-05-29 10:50:30 -0400  (tag: v0.9.5)
2015-03-18 14:14:04 -0400  (origin/0.9.3-branch)
2015-03-18 14:13:57 -0400  (tag: v0.9.4)
2014-11-18 22:06:44 -0500  (tag: v0.9.3)
2014-11-13 12:58:05 +0800  (tag: PRE_SECURITY_MERGE)
2014-10-09 16:39:11 -0400  (tag: v0.9.3-rc1)
2014-09-11 17:04:07 -0400 
2014-02-14 02:56:09 -0500 
2014-02-13 23:49:27 -0800 
2014-02-14 02:30:34 -0500 
2014-08-08 15:13:33 -0400 
2014-05-29 15:24:13 -0400 
2014-01-27 10:28:37 -0500 
2014-01-27 07:22:26 -0800 
2014-01-27 10:26:47 -0500 
2014-06-13 16:21:51 -0400  (tag: v0.9.2-incubating)
2014-04-09 10:26:08 -0400 
2014-03-18 11:35:33 -0400 
2012-01-18 02:08:22 -0800 
2013-05-09 11:33:02 -0700 
2014-03-05 15:57:05 -0500 
2011-09-15 22:20:45 -0700 
2014-05-02 11:34:57 -0400  (tag: v0.9.1.0-incubating)
2014-02-09 22:35:48 -0500  (tag: v0.9.1-incubating)
2014-01-11 11:11:34 -0500  (origin/apache-0.9.1)
2013-12-05 10:33:36 -0800  (tag: 0.9.0.1)
2013-12-04 15:36:07 -0800  (tag: 0.9.0)
2013-11-14 10:39:09 -0500  (tag: 0.9.0-rc3)
2013-09-27 12:42:06 -0400  (tag: 0.9.0-rc2)
2013-09-23 22:15:20 -0400  (tag: 0.9.0-rc1)
2013-05-10 14:26:13 -0700  (origin/0.9.0)
2012-09-06 15:46:31 -0700  (origin/0.8.1)
2012-08-02 01:40:41 -0700  (origin/0.8.0)
2012-04-02 13:13:33 -0700  (origin/0.7.1)
2011-10-23 15:26:18 -0700  (origin/0.5.4)
2011-09-21 19:54:18 -0700  (origin/0.5.1)
2011-09-17 00:48:10 -0700  (origin/0.5.0)