2016-08-06 13:23:46 +0530  (tag: 4.1.6-rc1, tag: 4.1.6, origin/release-4.1.6)
2015-12-01 17:07:23 +0530  (origin/singup_deletion_cleanup)
2015-12-07 08:21:19 +0000  (tag: 4.1.5-rc3, tag: 4.1.5, origin/release-4.1.5-rc3)
2015-12-06 00:42:03 +0530  (tag: 4.1.5-rc2)
2015-11-26 12:30:31 +0000  (tag: 4.1.5-rc1)
2015-10-14 20:53:51 +0000  (tag: 4.1.4-rc2, tag: 4.1.4, origin/release-4.1.4)
2015-10-15 00:01:32 +0530  (tag: v4.1.4-rc1)
2015-09-23 19:52:44 +0530  (tag: 4.1.3-rc2, tag: 4.1.3)
2015-09-23 02:03:47 +0530  (tag: 4.1.3-rc1)
2015-09-02 16:02:21 +0530  (tag: 4.1.2-rc2)
2015-08-30 14:24:43 +0530  (tag: 4.1.2-rc1)
2015-08-08 02:08:41 +0530  (tag: 4.1.1-rc1, tag: 4.1.1)
2015-07-15 20:24:26 +0530  (tag: 4.1.0-rc4, tag: 4.1.0, origin/database-model)
2015-07-07 12:54:47 +0530  (tag: 4.1.0-rc3)
2015-05-25 11:15:36 +0530  (tag: 4.1.0-rc2)
2015-05-22 21:40:28 +0530  (tag: 4.1.0-rc1)
2015-04-30 18:19:14 +0530  (tag: 4.1.0-beta2)
2015-04-10 17:09:23 +0530  (tag: 4.1.0-beta)
2015-03-17 21:35:11 +0530  (origin/master-deployment-policy-fix-merge)
2015-03-09 01:03:16 +0530  (tag: 4.1.0-beta-kubernetes-v6)
2015-03-02 09:32:40 +0530  (tag: 4.1.0-beta-kubernetes-v5)
2015-03-02 07:16:38 +0530  (tag: 4.1.0-beta-tomcat-single-signon)
2015-03-01 23:54:57 +0530  (origin/docker-grouping-merge)
2015-02-27 18:03:08 +0530  (tag: 4.1.0-beta-kubernetes-v4)
2015-02-15 11:42:24 +0530  (tag: 4.1.0-beta-kubernetes-v3)
2015-02-14 15:07:21 +0530  (tag: 4.1.0-beta-kubernetes-v2)
2015-02-13 14:28:02 +0530  (tag: 4.1.0-beta-kubernetes-v1)
2015-01-19 23:53:38 +0530  (tag: 4.1.0-alpha)
2014-12-22 23:30:54 +0530  (tag: 4.1.0-pre-alpha)
2014-11-14 00:18:40 +0530  (tag: 4.1.0-m4)
2014-11-04 10:46:40 +0530 
2014-11-03 23:28:30 +0530  (origin/4.0.0-grouping)
2014-10-30 09:42:56 +0530 
2014-10-29 11:51:27 +0530  (tag: merge-point-grouping-and-docker)
2014-10-13 18:04:36 +0530  (tag: grouping-developer-preview-2)
2014-09-27 03:27:58 +0530  (tag: grouping-developer-preview-1)
2014-10-28 18:26:19 +0530  (tag: 4.1.0-m3)
2014-10-14 10:04:51 +0530  (origin/tenant-isolation-m2)
2014-10-13 15:13:15 +0530  (tag: 4.1.0-m2)
2014-10-02 19:13:50 +0530  (tag: 4.1.0-m1)
2014-10-01 18:03:57 +0530  (origin/fixing-build-failure)
2014-10-01 17:48:11 +0530  (origin/rest-api-refactoring)
2014-09-04 14:48:00 +0000  (tag: grouping-merge-point-2)
2014-08-26 15:40:19 +0530  (tag: grouping-merge-point-1)
2014-07-30 08:46:53 +0530  (origin/4.0.0)
2014-06-08 00:06:31 +0530  (tag: 4.0.0-rc4)
2014-05-23 01:02:09 +0530  (origin/4.0.0-incubating)
2014-05-06 18:49:49 +0530  (tag: 4.0.0-incubating-rc3)
2014-04-03 15:26:48 +0530  (tag: 4.0.0-incubating-pre-single-product)
2014-02-27 14:40:21 +0530  (tag: 4.0.0-incubating-alpha)
2014-02-07 16:16:51 +0530  (tag: 4.0.0-incubating-m7)
2014-01-20 00:55:47 +0530  (tag: 4.0.0-incubating-m6)
2014-01-07 15:19:59 +0530  (origin/carbon-4.2.0-upgrade)
2013-12-29 08:57:06 +0530  (tag: 4.0.0-incubating-m5)
2013-12-04 21:17:08 +0530  (tag: 4.0.0-incubating-m4)
2013-11-26 20:53:43 +0530  (tag: 4.0.0-incubating-m3)
2013-11-12 19:22:17 +0530  (tag: 4.0.0-incubating-m2)
2013-11-01 23:13:24 +0530  (tag: 4.0.0-incubating-m1)
2013-10-11 13:54:48 +0530  (tag: 3.0.0-incubating)
2013-06-29 11:48:18 +0530 
2013-06-29 00:35:24 +0530 
2013-06-29 11:46:22 +0530 