2022-08-25 07:39:40 +0200  (tag: STRUTS_6_0_2)
2022-08-12 17:26:55 +0200  (HEAD -> master)
2022-08-12 17:26:47 +0200  (tag: STRUTS_6_0_1)
2022-06-02 09:11:02 +0200  (tag: STRUTS_6_0_0)
2022-05-24 13:59:22 +0200  (tag: STRUTS_6_0_0_RC4)
2022-05-02 09:23:31 +0200  (origin/use-extension-point)
2022-02-24 07:11:13 +0100  (tag: STRUTS_6_0_0_RC3)
2022-01-29 17:36:26 +0100  (tag: STRUTS_6_0_0_RC2)
2021-12-19 12:50:28 +0100  (tag: STRUTS_6_0_0_RC1)
2022-03-15 14:53:37 +0100  (tag: STRUTS_2_5_30)
2022-01-13 08:48:24 +0100  (tag: STRUTS_2_5_29)
2021-12-30 07:34:46 +0100  (tag: STRUTS_2_5_28_3)
2021-12-22 07:43:10 +0100  (tag: STRUTS_2_5_28_2)
2021-12-16 16:33:42 +0100  (tag: STRUTS_2_5_28_1)
2021-11-29 08:33:44 +0100  (tag: STRUTS_2_5_28)
2021-10-19 09:54:17 +0200  (tag: STRUTS_2_5_27)
2020-11-25 17:31:54 +0100  (tag: STRUTS_2_5_26)
2020-09-17 13:36:38 +0200  (tag: STRUTS_2_5_25)
2020-08-18 07:38:25 +0200  (tag: STRUTS_2_5_24)
2020-07-02 07:53:39 +0200  (tag: STRUTS_2_5_23)
2019-11-17 20:17:20 +0100  (tag: STRUTS_2_5_22)
2019-11-07 20:17:01 +0100  (tag: STRUTS_2_5_21)
2019-01-09 08:59:40 +0100  (tag: STRUTS_2_5_20)
2018-12-30 15:23:53 +0100  (tag: STRUTS_2_5_19)
2018-09-18 11:23:36 +0200  (tag: STRUTS_2_5_18)
2018-08-13 17:12:34 +0430  (tag: STRUTS_2_5_17)
2018-03-02 12:59:53 +0100  (tag: STRUTS_2_5_16)
2018-02-09 09:36:18 +0100  (tag: STRUTS_2_5_15)
2017-11-29 08:35:37 +0100  (tag: STRUTS_2_5_14_1)
2017-11-14 07:43:14 +0100  (tag: STRUTS_2_5_14)
2017-08-23 13:05:07 +0200  (tag: STRUTS_2_5_13)
2017-07-06 09:40:05 +0200  (tag: STRUTS_2_5_12)
2017-06-22 13:11:07 +0200  (tag: STRUTS_2_5_11)
2018-12-30 14:50:11 +0330  (tag: STRUTS_2_3_37)
2018-09-18 12:14:32 +0430  (tag: STRUTS_2_3_36)
2018-07-12 09:51:04 +0200  (tag: STRUTS_2_3_35)
2017-09-05 20:37:14 +0200  (tag: STRUTS_2_3_34)
2017-07-07 14:47:12 +0200  (tag: STRUTS_2_3_33)
2017-03-06 12:03:06 +0100  (tag: STRUTS_2_3_32)
2016-10-05 08:53:19 +0200  (tag: STRUTS_2_3_31)
2016-07-07 08:31:52 +0200  (tag: STRUTS_2_3_30)
2016-06-14 07:10:57 +0200  (tag: STRUTS_2_3_29)
2017-03-06 11:26:35 +0100  (tag: STRUTS_2_5_10_1)
2017-01-27 10:35:05 +0100  (tag: STRUTS_2_5_10)
2017-01-17 10:27:01 +0100  (tag: STRUTS_2_5_9)
2016-12-06 11:17:46 +0100  (tag: STRUTS_2_5_8)
2016-12-02 08:26:30 +0100  (tag: STRUTS_2_5_7)
2016-11-28 21:15:29 +0100  (tag: STRUTS_2_5_6)
2016-10-11 20:40:26 +0200  (tag: STRUTS_2_5_5)
2016-10-06 21:03:54 +0200  (tag: STRUTS_2_5_4)
2016-10-05 07:44:33 +0200  (tag: STRUTS_2_5_3)
2016-07-07 10:48:45 +0200  (tag: STRUTS_2_5_2)
2016-06-14 08:07:24 +0200  (tag: STRUTS_2_5_1)
2016-05-05 15:21:26 +0200  (tag: STRUTS_2_5)
2016-01-21 09:25:54 +0100  (tag: STRUTS_2_5_BETA3)
2015-09-28 21:15:38 +0200  (tag: STRUTS_2_5_BETA2)
2015-09-23 08:42:01 +0200 
2015-07-17 09:36:16 +0200  (tag: STRUTS_2_5_BETA1)
2015-05-15 21:35:40 +0200 
2016-04-20 14:03:19 +0200  (tag: STRUTS_2_3_24_3)
2016-04-19 11:24:19 +0200  (tag: STRUTS_2_3_24_2)
2016-04-20 12:47:47 +0200  (tag: STRUTS_2_3_20_3)
2016-04-19 08:32:05 +0200  (tag: STRUTS_2_3_20_2)
2015-05-06 07:57:47 +0200  (tag: STRUTS_2_3_20_1)
2016-04-19 14:44:15 +0200  (tag: STRUTS_2_3_28_1)
2016-03-18 20:50:41 +0100  (tag: STRUTS_2_3_28)
2016-03-18 08:54:31 +0100  (tag: STRUTS_2_3_27)
2016-03-14 11:38:57 +0100  (tag: STRUTS_2_3_26)
2016-03-11 16:02:17 +0100  (tag: STRUTS_2_3_25)
2015-09-22 07:49:22 +0200  (tag: STRUTS_2_3_24_1)
2015-05-03 12:07:56 +0200  (tag: STRUTS_2_3_24)
2015-04-07 09:52:32 +0200  (tag: STRUTS_2_3_23)
2015-03-19 07:11:15 +0100  (tag: STRUTS_2_3_22)
2014-12-31 14:53:04 +0100  (tag: STRUTS_2_3_21)
2014-11-21 19:30:08 +0100  (tag: STRUTS_2_3_20)
2014-11-14 08:31:12 +0100  (tag: STRUTS_2_3_19)
2014-05-08 21:55:35 +0200 
2014-05-02 17:10:41 +0200  (tag: STRUTS_2_3_16_3)
2014-04-28 08:50:53 +0200 
2014-04-24 21:32:35 +0200  (tag: STRUTS_2_3_16_2)
2014-04-06 14:01:53 +0200  (tag: STRUTS_2_3_17)
2014-03-01 21:31:38 +0100  (tag: STRUTS_2_3_16_1)
2013-11-30 10:27:46 +0000  (tag: STRUTS_2_3_16)
2013-10-15 18:58:03 +0000  (tag: STRUTS_2_3_15_3)
2013-10-03 05:44:07 +0000  (tag: STRUTS_2_3_15_2)
2013-09-17 06:50:03 +0000  (tag: STRUTS_2_3_15_1)
2013-07-05 13:36:12 +0000  (tag: STRUTS_2_3_15)
2013-06-03 09:17:28 +0000  (tag: STRUTS_2_3_14_3)
2013-06-03 07:22:11 +0000  (tag: STRUTS_2_3_14_2)
2013-04-18 18:05:47 +0000  (tag: STRUTS_2_3_14_1)
2013-03-28 20:51:33 +0000  (tag: STRUTS_2_3_14)
2013-03-24 09:58:04 +0000  (tag: STRUTS_2_3_13)
2013-03-06 10:44:26 +0000  (tag: STRUTS_2_3_12)
2013-02-28 06:34:01 +0000  (tag: STRUTS_2_3_11)
2013-02-07 07:53:50 +0000  (tag: STRUTS_2_3_10)
2013-02-04 07:11:36 +0000  (tag: STRUTS_2_3_9)
2012-12-16 11:45:13 +0000  (tag: STRUTS_2_3_8)
2012-11-06 07:05:44 +0000  (tag: STRUTS_2_3_7)
2012-10-22 19:35:29 +0000  (tag: STRUTS_2_3_6)
2012-10-05 13:29:13 +0000  (tag: STRUTS_2_3_5)
2012-08-03 13:54:15 +0000  (tag: STRUTS_2_3_4_1)
2012-08-03 11:15:11 +0000  (tag: STRUTS_2_3_4)
2012-04-16 04:34:27 +0000  (tag: STRUTS_2_3_3)
2012-04-07 19:27:57 +0000  (tag: STRUTS_2_3_2)
2012-01-19 20:13:42 +0000  (tag: STRUTS_2_3_1_2)
2011-12-24 22:32:10 +0000  (tag: STRUTS_2_3_1_1)
2011-12-08 21:07:36 +0000  (tag: STRUTS_2_3_1)
2011-09-07 10:47:31 +0000  (tag: STRUTS_2_2_3_1)
2011-05-07 09:45:45 +0000  (tag: STRUTS_2_2_3)
2011-03-26 12:06:00 +0000  (tag: STRUTS_2_2_2)
2010-12-14 06:58:58 +0000  (tag: STRUTS_2_2_1_1)
2010-11-22 20:01:57 +0000  (tag: STRUTS_2_2_1)
2010-06-29 04:54:59 +0000  (tag: STRUTS_2_2_0)
2009-10-02 19:46:07 +0000  (tag: STRUTS_2_1_8_1)
2009-09-23 00:38:47 +0000  (tag: STRUTS_2_1_8)
2009-06-18 18:08:29 +0000  (tag: STRUTS_2_1_7)
2009-01-05 19:57:18 +0000  (tag: STRUTS_2_1_6)
2009-01-02 16:28:13 +0000  (tag: STRUTS_2_1_5)
2008-12-29 18:56:40 +0000  (tag: STRUTS_2_1_4)
2008-12-25 06:41:44 +0000  (tag: STRUTS_2_1_3)
2008-11-16 23:58:17 +0000  (tag: STRUTS_2_0_14)
2008-11-16 23:55:15 +0000  (tag: STRUTS_2_0_X)
2008-10-27 22:40:57 +0000  (tag: STRUTS_2_0_13)
2008-10-16 00:41:59 +0000  (tag: STRUTS_2_0_12)
2008-06-22 17:10:35 +0000  (tag: STRUTS_2_0_11_2)
2008-05-02 04:51:02 +0000  (tag: STRUTS_2_1_2)
2008-04-17 13:24:25 +0000  (tag: STRUTS_2_1_1)
2008-03-02 14:31:04 +0000  (tag: STRUTS_2_0_11_1)
2007-10-29 01:12:30 +0000  (tag: STRUTS_2_1_0)
2007-09-22 00:01:43 +0000  (tag: STRUTS_2_0_11)
2007-09-12 23:36:53 +0000  (tag: STRUTS_2_0_10)
2007-07-23 17:24:17 +0000  (tag: STRUTS_2_0_9)
2007-06-06 16:07:32 +0000  (tag: STRUTS_2_0_8)
2007-03-20 14:01:59 +0000  (tag: STRUTS_2_0_7)
2007-02-19 01:56:17 +0000  (tag: STRUTS_2_0_6)
2007-02-05 15:33:40 +0000  (tag: STRUTS_2_0_5)
2007-01-29 03:40:41 +0000  (tag: STRUTS_2_0_4)
2007-01-20 03:43:59 +0000  (tag: STRUTS_2_0_3)
2006-12-31 16:12:20 +0000  (tag: STRUTS_2_0_2)
2006-10-10 22:03:04 +0000  (tag: STRUTS_2_0_1)
2006-09-24 17:18:08 +0000  (tag: STRUTS_2_0_0)