2022-08-05 13:53:34 +0200  (tag: syncope-3.0.0-M0)
2022-08-05 11:00:19 +0200  (tag: syncope-2.1.12)
2022-03-18 08:46:38 +0100  (tag: syncope-2.1.11)
2021-10-08 08:43:40 +0200  (tag: syncope-2.1.10)
2021-04-07 08:40:06 +0200  (tag: syncope-2.1.9)
2020-12-18 08:46:07 +0100  (tag: syncope-2.1.8)
2020-09-11 09:12:41 +0200  (tag: syncope-2.1.7)
2020-04-29 11:30:54 +0200  (tag: syncope-2.1.6)
2019-09-12 09:04:05 +0200  (tag: syncope-2.1.5)
2019-04-19 09:12:56 +0200  (tag: syncope-2.1.4)
2019-01-17 15:51:44 +0100  (tag: syncope-2.1.3)
2018-11-02 13:29:59 +0100  (tag: syncope-2.1.2)
2018-08-17 08:53:18 +0200  (tag: syncope-2.1.1)
2018-07-05 17:04:12 +0200  (tag: syncope-2.1.0)
2020-09-11 10:20:57 +0200  (tag: syncope-2.0.16)
2020-04-29 12:56:15 +0200  (tag: syncope-2.0.15)
2019-09-12 10:14:05 +0200  (tag: syncope-2.0.14)
2019-04-19 10:46:28 +0200  (tag: syncope-2.0.13)
2019-01-17 16:59:52 +0100  (tag: syncope-2.0.12)
2018-11-02 15:12:05 +0100  (tag: syncope-2.0.11)
2018-08-17 10:28:37 +0200  (tag: syncope-2.0.10)
2018-06-28 09:34:08 +0200  (tag: syncope-2.0.9)
2018-03-13 15:52:21 +0100  (tag: syncope-2.0.8)
2017-12-22 09:13:51 +0100  (tag: syncope-2.0.7)
2017-10-09 10:35:07 +0200  (tag: syncope-2.0.6)
2017-09-06 10:21:21 +0200  (tag: syncope-2.0.5)
2017-07-03 10:00:01 +0200  (tag: syncope-2.0.4)
2017-04-14 21:02:34 +0200  (tag: syncope-2.0.3)
2017-01-27 16:37:01 +0100  (tag: syncope-2.0.2)
2016-10-21 09:53:31 +0200  (tag: syncope-2.0.1)
2016-09-09 14:06:05 +0200  (tag: syncope-2.0.0)
2016-09-02 06:22:10 +0200  (tag: syncope-2.0.0.M5)
2016-06-24 10:44:26 +0200  (tag: syncope-2.0.0-M4)
2016-06-03 08:51:19 +0200  (tag: syncope-2.0.0-M3)
2016-03-21 15:28:21 +0100  (tag: syncope-2.0.0-M2)
2015-12-23 08:18:49 +0100  (tag: syncope-2.0.0-M1)
2018-03-13 15:24:45 +0100  (tag: syncope-1.2.11)
2017-01-24 08:45:59 +0100  (tag: syncope-1.2.10)
2016-10-07 10:10:39 +0200  (tag: syncope-1.2.9)
2016-06-03 08:32:45 +0200  (tag: syncope-1.2.8)
2016-01-15 09:42:45 +0100  (tag: syncope-1.2.7)
2015-11-05 12:12:32 +0100  (tag: syncope-1.2.6)
2015-07-28 12:49:59 +0200  (tag: syncope-1.2.5)
2015-05-05 11:28:42 +0200  (tag: syncope-1.2.4)
2015-03-20 10:15:34 +0100  (tag: syncope-1.2.3)
2015-01-30 09:08:53 +0100  (tag: syncope-1.2.2)
2014-11-17 08:23:00 +0100  (tag: syncope-1.2.1)
2014-10-03 09:38:48 +0000  (tag: syncope-1.2.0)
2014-09-08 14:46:49 +0000  (tag: syncope-1.2.0-M1)
2014-07-03 10:06:52 +0000  (tag: syncope-1.1.8)
2014-04-11 09:19:13 +0000  (tag: syncope-1.1.7)
2014-04-11 08:56:23 +0000  (tag: syncope-1.0.9)
2014-02-22 15:30:31 +0000  (tag: syncope-1.1.6)
2013-11-28 09:10:36 +0000  (tag: syncope-1.1.5)
2013-09-27 06:22:19 +0000  (tag: syncope-1.1.4)
2013-07-12 07:31:36 +0000  (tag: syncope-1.1.3)
2013-06-11 11:45:57 +0000  (tag: syncope-1.1.2)
2013-04-29 15:10:13 +0000  (tag: syncope-1.1.1)
2013-04-18 07:26:41 +0000  (tag: syncope-1.0.8)
2013-04-05 10:25:21 +0000  (tag: syncope-1.1.0)
2013-03-26 08:03:51 +0000  (tag: syncope-1.0.7)
2013-02-27 11:38:12 +0000  (tag: syncope-1.0.6)
2013-01-23 16:40:03 +0000  (tag: syncope-1.0.5)
2012-12-11 14:04:23 +0000  (tag: syncope-1.1.0-SNAPSHOT-before-role-provisioning)
2012-12-10 10:55:29 +0000  (tag: syncope-1.0.4)
2012-11-22 17:30:06 +0000  (tag: syncope-0.1.4)
2012-11-22 17:30:06 +0000  (tag: syncope-0.1.5)
2012-11-22 17:30:06 +0000  (tag: syncope-0.1.6)
2012-11-22 17:30:06 +0000  (tag: syncope-0.2)
2012-11-22 17:30:06 +0000  (tag: syncope-0.2.1)
2012-11-22 17:30:06 +0000  (tag: syncope-0.2.2)
2012-11-22 17:30:06 +0000  (tag: syncope-0.2.3)
2012-11-22 17:30:06 +0000  (tag: syncope-0.3)
2012-11-22 17:30:06 +0000  (tag: syncope-0.4.1)
2012-11-22 17:30:06 +0000  (tag: syncope-0.4.2)
2012-11-22 17:30:06 +0000  (tag: syncope-0.4.3)
2012-11-22 17:30:06 +0000  (tag: syncope-0.5)
2012-11-22 17:30:06 +0000  (tag: syncope-0.5.1)
2012-11-22 17:30:06 +0000  (tag: syncope-0.5.2)
2012-11-22 17:30:06 +0000  (tag: syncope-0.6)
2012-11-22 17:30:06 +0000  (tag: syncope-0.6.1)
2012-11-22 17:30:06 +0000  (tag: syncope-0.7)
2012-11-22 17:30:06 +0000  (tag: syncope-0.7-EA)
2012-11-22 17:30:06 +0000  (tag: syncope-0.7.1)
2012-11-22 17:30:06 +0000  (tag: syncope-0.7RC1)
2012-11-22 17:30:06 +0000  (tag: syncope-0.7RC2)
2012-11-22 17:30:06 +0000  (tag: syncope-0_7_X-before-Activiti)
2012-11-22 17:30:06 +0000  (tag: syncope-1.0.0-RC1-incubating)
2012-11-22 17:30:06 +0000  (tag: syncope-1.0.0-RC2-incubating)
2012-11-22 17:30:06 +0000  (tag: syncope-1.0.0-RC3-incubating)
2012-11-22 17:30:06 +0000  (tag: syncope-1.0.0-incubating)
2012-11-22 17:30:06 +0000  (tag: syncope-1.0.1-incubating)
2012-11-22 17:30:06 +0000  (tag: syncope-1.0.2-incubating)
2012-11-22 17:30:06 +0000  (tag: syncope-1.0.3-incubating)
2012-11-22 17:30:06 +0000  (tag: syncope-archetype-0.2)
2012-11-22 17:30:06 +0000  (tag: syncope-archetype-0.5)
2012-11-22 17:30:06 +0000  (tag: syncope-archetype-0.5.1)
2012-11-22 17:30:06 +0000  (tag: syncope-archetype-0.5.2)
2012-11-22 17:30:06 +0000  (tag: syncope-archetype-0.5.5)
2012-11-22 17:30:06 +0000  (tag: syncope-archetype-0.5.7)
2012-11-22 17:30:06 +0000  (tag: syncope-archetype-0.5.8)
2012-11-22 17:30:06 +0000  (tag: syncope-archetype-0.6.1)
2012-11-22 17:30:06 +0000  (tag: syncope-archetype-0.6.2)
2012-11-22 17:30:06 +0000  (tag: syncope-archetype-0.6.3)
2012-11-22 17:30:06 +0000  (tag: syncope-archetype-0.6.4)
2012-11-22 17:30:06 +0000  (tag: syncope-archetype-0.7.1)
2012-11-22 17:30:06 +0000  (tag: syncope-archetype-0.7RC2)
2012-11-22 17:30:06 +0000  (tag: syncope-archetype-0.7RC3)
2010-07-23 10:24:22 +0000 