2019-09-11 00:16:01 -0700  (tag: release-0.12.0-rc0)
2016-05-10 14:49:10 -0700  (tag: release-0.11.3-rc0)
2016-03-31 21:36:11 +0900  (origin/branch-0.11.2)
2016-03-31 21:35:53 +0900  (tag: release-0.11.2-rc0)
2016-01-28 13:29:31 -0800  (origin/branch-0.11.1)
2016-01-28 13:29:16 -0800  (tag: release-0.11.1-rc0)
2015-10-16 22:17:23 -0700  (tag: release-0.11.0-rc2, tag: release-0.11.0)
2015-10-04 15:44:02 -0700  (tag: release-0.11.0-rc1)
2015-09-29 16:05:42 -0700  (tag: release-0.11.0-rc0)
2015-06-23 21:14:35 -0700  (tag: release-0.10.1, origin/branch-0.10.1)
2015-02-23 19:48:39 -0800  (tag: release-0.10.0)
2014-10-11 22:23:24 -0700  (tag: release-0.9.0)
2014-10-11 21:56:52 -0700  (origin/branch-0.9.0)
2014-07-09 13:13:45 +0900  (origin/window_function)
2014-04-23 18:31:49 +0900  (tag: release-0.8.0)
2013-11-01 09:53:28 +0900  (tag: release-0.2.0-rc3, tag: release-0.2.0, origin/branch-0.2)
2013-10-28 18:05:52 +0900  (tag: release-0.2.0-rc2)
2013-10-23 15:17:23 +0900  (tag: release-0.2.0-rc1)
2013-10-22 18:04:23 +0900  (tag: release-0.2.0-rc0)
2011-12-09 20:39:47 +0900 