2022-06-14 21:05:10 -0300  (tag: 5.8.2)
2022-03-28 10:06:24 -0300  (tag: 5.8.1)
2022-01-17 19:13:21 -0300  (tag: 5.8.0)
2021-08-02 16:17:32 -0300  (tag: 5.7.3)
2021-04-08 15:18:43 -0300  (tag: 5.7.2)
2021-03-09 09:42:05 -0300  (tag: 5.7.1)
2021-02-12 17:05:37 -0300  (tag: 5.7.0)
2021-04-08 15:22:07 -0300  (tag: 5.6.4)
2021-03-09 11:06:57 -0300  (tag: 5.6.3)
2021-02-14 14:44:41 -0300  (tag: 5.6.2)
2020-09-09 16:24:51 -0300  (tag: 5.6.1)
2020-08-22 17:11:19 -0300  (tag: 5.6.0)
2020-09-26 18:21:12 -0300  (tag: before_tapestry_core_split)
2020-05-29 15:39:35 -0300 
2019-08-27 01:56:32 +0300  (origin/TAP5-2613)
2020-03-08 22:57:48 -0300  (tag: 5.5.0, origin/5.5.x)
2019-09-15 22:12:36 -0300  (tag: v5.5.0-beta-3)
2019-09-13 19:40:35 -0300  (origin/bootstrapless)
2019-03-21 22:30:53 -0300  (tag: 5.5.0-beta-2)
2018-12-19 09:58:01 -0200  (tag: 5.5.0-beta-1)
2018-11-04 14:44:20 -0500  (origin/TAP5-2588)
2017-11-27 13:00:35 +0100  (tag: 5.5.0-alpha-10)
2017-11-03 11:53:09 +0100  (tag: 5.5.0-alpha-9)
2017-11-03 11:18:55 +0100  (tag: 5.5.0-alpha-8)
2017-10-18 08:11:34 +0200  (tag: 5.5.0-alpha-7)
2017-10-13 16:21:17 +0200  (tag: 5.5.0-alpha-6)
2017-10-11 09:35:04 +0200  (tag: 5.5.0-alpha-5)
2017-10-10 13:17:34 +0200  (tag: 5.5.0-alpha-4)
2017-04-06 11:29:01 +0200  (tag: 5.5.0-alpha-3)
2017-04-04 13:45:31 -0300  (tag: 5.5.0-alpha-2)
2017-03-29 14:46:17 +0200  (tag: 5.5.0-alpha-1)
2019-08-31 13:06:04 -0300  (tag: 5.4.5)
2018-12-08 12:23:16 -0200  (tag: 5.4.4)
2017-04-20 16:37:11 +0200  (tag: 5.4.3)
2017-04-10 13:03:45 +0200  (tag: 5.4.2)
2016-03-15 09:29:40 +0100  (tag: 5.4.1)
2015-12-15 16:52:33 +0100  (tag: 5.4.0)
2015-10-26 16:42:05 +0100  (tag: 5.4-rc-1)
2015-10-20 17:55:04 +0200  (tag: 5.4-beta-38)
2015-10-06 14:30:52 +0200  (tag: 5.4-beta-37)
2015-09-08 10:30:48 +0200  (tag: 5.4-beta-36)
2015-08-17 16:41:05 +0200  (tag: 5.4-beta-35)
2015-08-10 12:05:12 +0200  (tag: 5.4-beta-34)
2015-07-24 18:29:32 +0200  (tag: 5.4-beta-33)
2015-04-24 13:36:19 +0200  (tag: 5.4-beta-32)
2015-04-10 17:53:23 +0200  (tag: 5.4-beta-31)
2015-04-06 16:53:51 -0700  (tag: 5.4-beta-30)
2015-04-06 14:24:27 -0700  (tag: 5.4-beta-29)
2015-02-11 12:04:24 -0800  (tag: 5.4-beta-28)
2015-02-03 07:07:09 -0800  (tag: 5.4-beta-27)
2015-01-05 12:42:39 -0800  (tag: 5.4-beta-26)
2014-12-30 17:11:29 -0800  (tag: 5.4-beta-25)
2014-12-29 16:49:43 -0800  (tag: 5.4.beta-24, tag: 5.4-beta-24)
2014-12-21 15:44:11 -0200  (origin/beanmodel-split)
2014-11-24 11:03:03 -0800  (tag: 5.4-beta-23)
2014-09-11 16:41:03 -0700  (tag: 5.4-beta-22)
2014-11-20 18:50:45 +0000  (tag: 5.3.8)
2013-04-23 18:32:52 +0100  (tag: 5.3.7)
2014-09-10 07:54:26 -0700  (tag: 5.4-beta-21)
2014-09-04 13:16:31 +0200  (tag: 5.4-beta-20)
2014-09-03 14:14:30 -0700  (tag: 5.4-beta-19)
2014-09-02 15:22:03 -0700  (tag: 5.4-beta-18)
2014-09-02 10:34:28 -0700  (tag: 5.4-beta-17)
2014-08-07 11:55:59 -0700  (tag: 5.4-beta-16)
2014-07-20 18:37:08 -0300  (tag: 5.4-beta-15)
2014-07-17 14:12:53 -0700  (tag: 5.4-beta-14)
2014-06-23 08:59:37 -0700  (tag: 5.4-beta-13)
2014-06-20 15:36:12 -0700  (tag: 5.4-beta-12)
2014-06-17 11:04:01 -0700  (tag: 5.4-beta-11)
2014-06-03 10:15:05 -0700  (tag: 5.4-beta-10)
2014-06-03 09:31:35 -0700  (tag: 5.4-beta-9)
2014-06-02 16:12:10 -0700  (tag: 5.4-beta-8)
2014-05-30 14:52:29 -0700  (tag: 5.4-beta-7)
2014-05-12 21:25:18 +0200  (tag: 5.4-beta-6)
2014-04-18 08:23:17 -0700  (tag: 5.4-beta-5)
2014-04-01 15:23:30 -0700  (tag: 5.4-beta-4)
2014-02-17 21:17:34 -0500  (tag: 5.4-beta-3)
2013-12-23 10:56:51 -0800  (tag: 5.4-beta-2)
2013-12-17 10:29:30 -0800  (tag: 5.4-beta-1)
2013-11-27 14:43:55 -0800  (tag: 5.4-alpha-29)
2013-11-25 17:29:51 -0800  (tag: 5.4-alpha-28)
2013-11-25 09:29:00 -0800  (tag: 5.4-alpha-27)
2013-11-19 11:42:00 -0800  (tag: 5.4-alpha-26)
2013-11-11 12:19:53 -0800  (tag: 5.4-alpha-25)
2013-11-04 15:14:43 -0800  (tag: 5.4-alpha-24)
2013-10-11 14:41:04 -0700  (tag: 5.4-alpha-23)
2013-09-16 17:55:40 +0100  (tag: 5.4-alpha-22)
2013-09-11 18:24:29 -0700  (tag: 5.4-alpha-21)
2013-09-11 12:28:32 -0700  (tag: 5.4-alpha-20)
2013-09-09 16:46:54 -0700  (tag: 5.4-alpha-19)
2013-09-05 12:16:17 -0700  (tag: 5.4-alpha-18)
2013-09-04 15:46:48 -0700  (tag: 5.4-alpha-17)
2013-09-03 17:53:14 -0700  (tag: 5.4-alpha-16)
2013-08-27 18:47:14 +0100  (tag: 5.4-alpha-15)
2013-07-22 17:06:40 -0700  (tag: 5.4-alpha-14)
2013-07-21 17:32:11 -0700  (tag: 5.4-alpha-13)
2013-07-19 16:01:17 -0700  (tag: 5.4-alpha-12)
2013-07-16 14:37:49 -0700  (tag: 5.4-alpha-11)
2013-07-16 09:09:52 -0700  (tag: 5.4-alpha-10)
2013-06-21 16:40:49 -0700  (tag: 5.4-alpha-9)
2013-06-04 11:59:12 -0700  (tag: 5.4-alpha-8)
2013-06-03 10:24:35 -0700  (tag: 5.4-alpha-7)
2013-04-06 16:04:25 -0700  (tag: 5.4-alpha-3)
2013-01-03 13:34:08 -0800  (tag: 5.4-alpha-2)
2012-12-21 16:41:27 -0800  (tag: 5.4-alpha-1)
2012-12-15 15:19:41 -0800  (origin/5.4-js-rewrite)
2012-10-09 08:52:02 -0700  (tag: 5.3.6)
2012-08-21 10:13:55 -0700  (tag: 5.3.5)
2012-07-09 15:48:48 -0700  (tag: 5.3.4)
2012-04-17 23:48:14 +0000  (tag: 5.3.3)
2012-01-29 14:48:47 +0000  (tag: 5.3.2)
2011-12-13 17:19:55 +0000  (tag: 5.3.1)
2011-07-13 19:28:08 +0000  (tag: 5.2.6)
2011-06-17 23:38:48 +0000  (tag: 5.3.0)
2011-06-16 01:21:01 +0000  (tag: release-5.3.0)
2011-03-23 12:08:19 +0000  (tag: 5.2.5)
2010-11-15 17:32:28 +0000  (tag: 5.2.4)
2010-11-12 19:00:55 +0000  (tag: 5.2.3)
2010-10-24 15:02:03 +0000  (tag: tapestry-project-5.2.2)
2010-09-29 00:47:05 +0000  (tag: 5.2.1)
2010-08-04 01:18:02 +0000  (tag: 5.2.0)
2010-01-11 00:41:01 +0000  (tag: 5.1.0.7)
2009-12-31 00:20:19 +0000  (tag: 5.1.0.6)
2009-04-29 17:09:13 +0000  (tag: 5.1.0.5)
2009-12-22 19:44:11 +0000  (tag: 5.0.19)
2009-04-23 17:34:59 +0000  (tag: 5.1.0.4)
2009-04-08 22:39:33 +0000  (tag: 5.1.0.3)
2009-03-26 22:41:48 +0000  (tag: 5.1.0.2)
2009-03-11 16:26:05 +0000  (tag: 5.1.0.1)
2009-02-19 23:46:04 +0000  (tag: 5.1.0.0)
2008-12-15 16:41:17 +0000  (tag: releases)
2008-12-15 16:39:44 +0000  (tag: hlship-5.0-perf)
2008-12-04 18:56:27 +0000  (tag: 5.0.18)
2008-11-21 23:24:49 +0000  (tag: 5.0.17)
2008-11-15 21:08:15 +0000  (tag: 5.0.16)
2008-09-15 16:27:33 +0000  (tag: 5.1-dev-branch-base)
2008-09-13 23:10:31 +0000  (tag: 5.0.15)
2008-08-06 18:09:20 +0000  (tag: 5.0.14)
2008-07-29 17:24:54 +0000  (tag: pre-TAPESTRY-2543)
2008-06-09 22:55:49 +0000  (tag: 5.0.13)
2008-06-04 00:35:30 +0000  (tag: 5.0.12)
2008-05-20 15:48:51 +0000  (tag: hlship-20080520)
2008-05-20 15:47:46 +0000  (tag: hlship-20070503)
2008-03-10 03:49:11 +0000  (tag: 5.0.11)
2008-02-11 22:07:52 +0000  (tag: 5.0.10)
2008-01-23 22:08:51 +0000  (tag: 5.0.9)
2008-01-21 02:05:33 +0000  (tag: 5.0.8)
2007-12-22 18:47:45 +0000  (tag: 5.0.7)
2007-10-21 20:09:28 +0000  (tag: 5.0.6)
2007-06-28 21:22:43 +0000  (tag: 5.0.5)
2007-05-01 01:10:40 +0000  (tag: 5.0.4)
2007-04-24 05:47:31 +0000  (tag: 5.0.3)
2007-04-24 05:45:05 +0000  (tag: 5.0.2)
2007-04-24 05:42:35 +0000  (tag: 5.0.1)