2022-07-04 11:10:15 +0200  (tag: release-0.10.2-rc0, tag: rel/release-0.10.2)
2022-07-04 10:38:37 +0200  (origin/branch-0.10.2)
2021-06-16 11:17:16 +0200  (tag: release-0.10.1-rc0, tag: rel/release-0.10.1, origin/branch-0.10.1)
2020-10-08 17:21:26 +0200  (tag: release-0.10.0-rc1, tag: rel/release-0.10.0, origin/branch-0.10.0)
2020-09-08 18:55:30 +0200  (tag: release-0.10.0-rc0)
2019-03-19 15:28:46 -0500  (tag: release-0.9.2-rc0, tag: rel/release-0.9.2, origin/branch-0.9.2)
2017-12-12 15:59:00 -0800  (tag: release-0.9.1-rc2, tag: rel/release-0.9.1, origin/branch-0.9.1)
2017-11-15 13:55:20 -0800  (tag: release-0.9.1-rc1)
2017-11-10 16:52:51 -0800  (tag: release-0.9.1-rc0)
2017-07-17 15:47:36 -0700  (tag: release-0.9.0-rc1, tag: rel/release-0.9.0, origin/branch-0.9.0)
2017-07-14 16:19:00 -0700  (tag: release-0.9.0-rc0)
2017-05-17 10:28:44 -0500  (origin/TEZ-3334)
2017-03-07 11:44:47 -0800  (tag: release-0.8.5-rc1, tag: rel/release-0.8.5)
2016-07-05 14:36:15 -0700  (tag: release-0.8.4-rc1, tag: rel/release-0.8.4)
2016-06-30 16:52:00 -0700  (tag: release-0.8.4-rc0)
2016-05-04 10:09:32 -0700  (tag: release-0.7.1-rc2, tag: rel/release-0.7.1, origin/branch-0.7.1)
2016-04-28 19:58:53 -0700  (tag: release-0.7.1-rc1)
2016-01-19 14:08:50 -0600  (tag: release-0.7.1-rc0)
2016-04-12 12:16:34 -0700  (tag: release-0.8.3-rc1, tag: rel/release-0.8.3)
2016-04-08 16:46:41 -0700  (tag: release-0.8.3-rc0)
2016-02-25 03:32:53 +0530  (origin/TEZ-2980)
2016-01-12 18:26:12 -0800  (tag: release-0.8.2-rc0, tag: rel/release-0.8.2)
2015-10-07 14:44:27 -0700  (tag: release-0.8.1-alpha-rc0, tag: release-0.8.1-alpha)
2015-08-26 15:52:14 -0700  (tag: release-0.8.0-alpha-rc1, tag: release-0.8.0-alpha)
2015-08-25 18:45:55 -0700  (tag: release-0.8.0-alpha-rc0)
2015-08-04 14:33:19 -0500  (tag: release-0.6.2-rc0, tag: release-0.6.2, origin/branch-0.6.2)
2015-06-23 11:32:37 -0700  (tag: release-0.5.4-rc1, tag: release-0.5.4, origin/branch-0.5.4)
2015-06-12 13:55:50 -0700  (tag: release-0.5.4-rc0)
2015-05-14 11:25:01 -0500  (tag: release-0.6.1-rc0, tag: release-0.6.1, origin/branch-0.6.1)
2015-05-14 14:07:58 +0800  (tag: release-0.7.0-rc0, tag: release-0.7.0, origin/branch-0.7.0)
2015-05-05 16:21:53 -0700  (tag: release-0.5.4-RC0)
2015-01-20 14:43:06 -0600  (tag: release-0.6.0-rc0, tag: release-0.6.0, origin/branch-0.6.0)
2014-12-09 21:29:39 -0600  (origin/TEZ-8)
2014-11-07 08:52:53 -0800  (tag: release-0.5.2)
2014-12-04 14:19:45 -0800  (tag: release-0.5.3-rc1, tag: release-0.5.3, origin/branch-0.5.3)
2014-12-02 11:48:22 -0800  (tag: release-0.5.3-rc0)
2014-11-04 18:07:42 -0800  (tag: release-0.5.2-rc0, origin/branch-0.5.2)
2014-09-28 17:45:55 -0700  (tag: release-0.5.1-rc0, tag: release-0.5.1, origin/branch-0.5.1)
2014-08-29 10:26:23 -0700  (tag: release-0.5.0-rc2, tag: release-0.5.0, origin/branch-0.5.0)
2014-08-21 13:54:14 -0700  (tag: release-0.5.0-rc1)
2014-08-19 18:28:07 -0700  (tag: release-0.5.0-rc0)
2014-06-26 13:12:02 -0700  (tag: release-0.4.1-incubating-rc0, tag: release-0.4.1-incubating, origin/branch-0.4.1-incubating)
2014-04-01 13:09:03 -0700  (tag: release-0.4.0-incubating-rc1, tag: release-0.4.0-incubating, origin/branch-0.4.0-incubating)
2014-03-29 23:36:51 -0700  (tag: release-0.4.0-incubating-rc0)
2014-02-25 16:06:45 -0800  (tag: release-0.3.0-incubating-rc1, tag: release-0.3.0-incubating, origin/branch-0.3.0-incubating)
2014-02-23 10:37:01 -0800  (tag: release-0.3.0-incubating-rc0)
2013-11-25 14:14:57 -0800  (tag: release-0.2.0-rc0, origin/branch-0.2.0)
2013-09-24 18:42:03 -0700  (origin/TEZ-398)
2013-06-03 22:26:46 -0700 
2013-04-16 21:33:41 +0000  (origin/tez-0.1)
2013-03-15 21:49:28 +0000 
2013-06-03 22:06:03 -0700  (origin/TEZ-1)
2013-04-18 23:54:18 +0000 