2022-02-09 20:46:41 +0100  (tag: v0.16.0, origin/0.16.0)
2021-10-18 13:14:26 -0700  (tag: lib/go/thrift/v0.0.1-do-not-use)
2021-09-04 20:45:55 +0200  (tag: v0.15.0, origin/0.15.0)
2021-06-12 18:52:58 +0200  (tag: v0.14.2, origin/0.14.2)
2021-03-02 21:31:58 +0100  (tag: v0.14.1, origin/0.14.1)
2021-02-26 21:07:11 +0100  (origin/0.14.0)
2021-02-05 00:13:59 +0100  (tag: v0.14.0)
2019-10-17 23:47:40 +0200  (origin/0.13.0)
2019-10-11 19:05:55 +0200  (tag: v0.13.0)
2019-03-13 08:50:49 -0400 
2019-03-09 10:25:29 -0500  (tag: 0.9.3.1, origin/0.9.3.1)
2019-01-08 15:01:16 -0500 
2018-04-11 13:45:08 -0400  (origin/0.11.0)
2017-12-03 18:27:58 +0100  (tag: 0.11.0)
2019-01-08 14:48:21 -0500 
2018-04-11 13:46:21 -0400  (origin/0.10.0)
2016-12-21 15:36:22 -0500  (tag: 0.10.0)
2019-01-08 14:44:30 -0500 
2015-10-01 13:16:28 -0400  (tag: 0.9.3, origin/0.9.3)
2019-01-08 14:43:23 -0500 
2014-11-04 21:12:20 -0500  (tag: 0.9.2, origin/0.9.2)
2019-01-08 14:40:37 -0500 
2014-05-09 22:37:51 +0200  (origin/0.9.1)
2013-08-18 19:54:39 -0400  (tag: 0.9.1)
2019-01-08 14:38:37 -0500 
2013-03-29 10:51:58 -0500  (tag: thrift-0.9.0, tag: 0.9.0, origin/0.9.x)
2019-01-08 14:37:08 -0500 
2019-01-08 14:36:17 -0500 
2011-08-17 19:00:33 +0000  (origin/0.7.x)
2019-01-08 14:34:57 -0500 
2011-04-20 20:11:07 +0000  (origin/0.6.x)
2019-01-08 14:29:40 -0500 
2010-10-28 02:12:01 +0000  (origin/0.5.x)
2019-01-08 14:29:02 -0500 
2010-10-28 02:12:01 +0000  (origin/0.4.x)
2019-01-08 14:15:41 -0500 
2010-10-28 02:12:01 +0000  (origin/0.3.x)
2019-01-08 10:26:52 -0500 
2010-10-28 02:12:01 +0000  (origin/0.2.x)
2018-12-18 20:24:34 -0500  (tag: v0.12.0, origin/0.12.0)
2016-12-19 14:57:54 -0500  (tag: last-before-0-10)
2011-11-30 01:08:40 +0000  (tag: thrift-0.8.0, tag: 0.8.0)
2011-11-26 21:24:24 +0000  (origin/0.8.x)
2011-08-13 21:33:47 +0000  (tag: thrift-0.7.0, tag: 0.7.0)
2011-04-25 14:30:22 +0000  (tag: thrift-0.6.1, tag: 0.6.1)
2011-03-21 20:02:23 +0000  (tag: thrift-0.6.0, tag: 0.6.0)
2010-10-28 02:12:01 +0000  (tag: thrift-0.2.0, tag: 0.2.0)
2010-10-28 02:12:01 +0000  (tag: thrift-0.3.0, tag: 0.3.0)
2010-10-28 02:12:01 +0000  (tag: thrift-0.4.0, tag: 0.4.0)
2010-10-28 02:12:01 +0000  (tag: thrift-0.5.0, tag: 0.5.0)