2022-06-14 12:52:31 -0400  (tag: 2.4.1)
2022-04-28 13:53:26 -0400  (tag: 2.4.0)
2022-04-28 11:27:12 -0400  (tag: 2.4.0-rc1)
2022-03-04 12:55:59 -0500  (origin/TIKA-3689)
2022-02-05 18:08:16 -0800  (tag: 2.0.0-ALPHA)
2022-02-02 16:18:58 -0500  (tag: 2.3.0-rc1, tag: 2.3.0)
2022-01-18 15:50:54 -0500 
2022-01-18 15:40:20 -0500  (origin/TIKA-3164-v2)
2021-12-20 10:01:19 -0500  (tag: 2.2.1-rc3, tag: 2.2.1)
2021-12-19 09:34:26 -0500  (tag: 2.2.1-rc2)
2021-12-17 14:56:08 -0500  (tag: 2.2.1-rc1)
2021-12-13 15:41:04 -0500  (tag: 2.2.0)
2021-08-18 17:17:17 -0400  (tag: 2.1.0-rc2, tag: 2.1.0)
2021-08-17 17:25:28 -0400  (tag: tika-2.1.0-rc1)
2021-07-14 13:22:43 -0400  (tag: 2.0.0)
2021-07-02 16:42:42 -0400  (origin/TIKA-3440)
2021-05-19 10:40:09 -0400  (tag: 2.0.0-BETA)
2021-02-11 10:47:14 -0500  (origin/TIKA-3293)
2021-01-13 17:08:41 -0500  (tag: 2.0.0-ALPHA-rc1)
2020-12-02 13:09:46 -0500 
2020-12-01 13:42:46 -0500  (origin/TIKA-3178)
2020-12-02 09:24:21 -0500 
2020-09-29 16:51:19 +0100  (origin/master)
2020-07-17 12:56:35 -0400  (origin/TIKA-3140)
2020-07-16 15:58:00 -0400  (origin/TIKA-3137)
2020-04-03 17:41:18 -0400  (origin/TIKA-3083)
2018-07-09 09:34:02 -0700  (origin/TIKA-2672)
2018-05-29 14:17:32 -0400  (origin/TIKA-2653)
2018-04-08 13:15:22 +0100  (origin/multiple-parsers)
2022-06-13 12:58:57 -0400  (tag: 1.28.4)
2022-05-23 09:35:58 -0400  (tag: 1.28.3-rc1, tag: 1.28.3)
2022-04-28 10:16:04 -0400  (tag: 1.28.2)
2022-04-26 09:00:03 -0400  (tag: tika-1.28.2-rc1)
2022-02-08 12:41:23 -0500  (tag: 1.28.1-rc1, tag: 1.28.1)
2021-12-20 10:55:54 -0500  (tag: 1.28-rc3, tag: 1.28)
2021-12-19 15:10:25 -0500  (tag: 1.28-rc2)
2021-06-30 15:06:30 -0400  (tag: 1.27)
2021-03-24 10:27:53 -0400  (tag: 1.26)
2020-11-25 06:47:38 -0500  (tag: 1.25)
2020-04-17 17:05:14 -0400  (tag: 1.24.1)
2020-03-11 14:01:31 -0400  (tag: 1.24)
2019-12-02 21:47:00 -0500  (tag: 1.23)
2019-11-26 15:57:02 -0500  (tag: 1.23-rc1)
2019-07-29 12:10:42 -0400  (tag: 1.22)
2019-05-14 21:32:37 -0400  (tag: 1.21)
2018-12-17 20:04:44 -0500  (tag: 1.20)
2018-10-04 17:22:36 -0400  (tag: 1.19.1)
2018-09-26 13:37:22 -0400  (tag: 1.19.1-rc1)
2018-09-14 16:36:51 -0400  (tag: 1.19)
2018-04-20 16:00:10 -0400  (tag: 1.18)
2018-04-16 20:53:18 -0400  (tag: 1.18-rc2)
2018-04-10 07:24:47 -0400  (tag: 1.18-rc1)
2018-03-08 00:11:51 -0300  (origin/TIKA-2568)
2017-12-08 18:30:02 -0500  (tag: 1.17)
2017-09-01 13:35:34 -0700  (origin/gsoc17)
2017-07-07 21:58:19 -0400  (tag: 1.16)
2017-05-23 20:43:34 -0400  (tag: 1.15)
2017-05-22 14:32:53 -0400  (tag: 1.15-rc1)
2017-05-05 10:03:37 -0400  (origin/TIKA-1334)
2016-11-30 16:28:47 -0500  (origin/sax_docx)
2016-10-19 10:43:56 -0700  (tag: 1.14-rc1, tag: 1.14)
2016-08-14 11:37:32 -0700  (origin/TIKA-1508)
2016-05-09 18:11:54 +0100  (tag: 1.13-rc1, tag: 1.13)
2016-01-25 10:49:12 -0800  (tag: 1.12-rc1, tag: 1.12)
2015-10-19 06:21:36 +0000  (tag: 1.11-rc1, tag: 1.11)
2015-09-21 04:48:46 +0000  (tag: 1.10)
2015-08-01 22:57:10 +0000  (tag: 1.10-rc1)
2015-06-07 01:09:17 +0000  (tag: 1.9-rc2)
2015-06-01 04:15:52 +0000  (tag: 1.9-rc1)
2015-04-20 20:25:36 +0000  (tag: 1.8)
2015-04-13 17:34:14 +0000  (tag: 1.8-rc2)
2015-04-07 23:34:11 +0000  (tag: 1.8-rc1)
2015-01-15 17:28:14 +0000  (tag: 1.7)
2015-01-09 21:25:25 +0000  (tag: 1.7-rc3)
2015-01-06 06:02:26 +0000  (tag: 1.7-rc2)
2015-01-01 21:15:14 +0000  (tag: 1.7-rc1)
2014-09-01 03:08:36 +0000  (tag: 1.6-rc2)
2014-07-31 18:29:32 +0000  (tag: 1.6)
2014-07-11 16:21:03 +0000  (tag: 1.5)
2014-02-09 21:31:52 +0000  (tag: 1.5-rc2)
2014-02-09 12:15:47 +0000  (tag: 1.5-rc1)
2013-06-16 17:30:34 +0000  (tag: 1.4-rc2)
2013-06-16 01:50:40 +0000  (tag: 1.4)
2013-06-16 01:54:21 +0000  (tag: 1.3)
2013-01-19 03:07:18 +0000  (tag: tika-1.3)
2012-07-10 18:14:58 +0000  (tag: 1.2)
2012-03-07 20:45:58 +0000  (tag: 1.1)
2011-11-03 19:41:10 +0000  (tag: 1.0)
2011-09-26 06:18:19 +0000  (tag: 0.10)
2011-02-14 04:41:59 +0000  (tag: 0.9)
2010-11-07 21:15:06 +0000  (tag: 0.8)
2010-05-12 03:56:06 +0000  (tag: 0.1-incubating)
2010-05-12 03:56:06 +0000  (tag: 0.2)
2010-05-12 03:56:06 +0000  (tag: 0.2-rc1)
2010-05-12 03:56:06 +0000  (tag: 0.2-rc2)
2010-05-12 03:56:06 +0000  (tag: 0.3)
2010-05-12 03:56:06 +0000  (tag: 0.4)
2010-05-12 03:56:06 +0000  (tag: 0.5)
2010-05-12 03:56:06 +0000  (tag: 0.6)
2010-05-12 03:56:06 +0000  (tag: 0.7)