2022-08-08 14:42:31 -0700  (tag: 8.5.82)
2022-07-14 14:32:43 +0200  (tag: 9.0.65)
2022-07-14 09:28:56 +0100  (tag: 10.0.23)
2022-07-13 21:27:02 +0100  (tag: 10.1.0-M17)
2022-06-08 14:31:24 -0700  (tag: 8.5.81)
2022-06-07 07:14:43 -0700  (tag: 8.5.80)
2022-06-02 20:59:36 +0200  (tag: 9.0.64)
2022-06-02 17:49:18 +0100  (tag: 10.0.22)
2022-06-02 10:28:35 +0100  (tag: 10.1.0-M16)
2022-05-16 08:37:37 -0700  (tag: 8.5.79)
2022-05-11 09:09:38 +0200  (tag: 9.0.63)
2022-05-10 22:49:24 +0100  (tag: 10.0.21)
2022-05-10 20:54:06 +0100  (tag: 10.1.0-M15)
2022-03-31 17:03:51 +0100  (tag: 8.5.78)
2022-03-31 16:32:15 +0200  (tag: 9.0.62)
2022-03-31 15:21:35 +0100  (tag: 10.0.20)
2022-03-31 14:24:11 +0100  (tag: 10.1.0-M14)
2022-03-30 09:49:33 +0200  (tag: 9.0.61)
2022-03-30 00:22:14 +0100  (tag: 10.0.19)
2022-03-29 23:21:10 +0100  (tag: 10.1.0-M13)
2022-03-13 12:15:20 -0700  (tag: 8.5.77)
2022-03-09 15:35:42 +0100  (tag: 9.0.60)
2022-03-09 14:25:39 +0000  (tag: 10.0.18)
2022-03-09 13:19:51 +0000  (tag: 10.1.0-M12)
2022-02-23 10:05:02 -0800  (tag: 8.5.76)
2022-02-21 21:51:52 +0100  (tag: 9.0.59)
2022-02-21 19:32:46 +0000  (tag: 10.0.17)
2022-02-21 17:44:50 +0000  (tag: 10.1.0-M11)
2022-01-17 14:10:46 -0800  (tag: 8.5.75)
2022-01-15 15:18:02 +0100  (tag: 9.0.58)
2022-01-15 13:18:12 +0000  (tag: 10.0.16)
2022-01-15 12:23:35 +0000  (tag: 10.1.0-M10)
2022-01-12 12:59:34 -0800  (tag: 8.5.74)
2022-01-12 20:51:59 +0100  (tag: 9.0.57)
2022-01-12 19:13:54 +0000  (tag: 10.0.15)
2022-01-12 16:07:16 +0000  (tag: 10.1.0-M9)
2021-12-02 21:59:15 +0000  (tag: 10.0.14)
2021-12-02 15:08:23 +0100  (tag: 9.0.56)
2021-12-02 11:02:23 +0000  (tag: 10.1.0-M8)
2021-11-11 05:35:09 -0800  (tag: 8.5.73)
2021-11-10 09:15:16 +0100  (tag: 9.0.55)
2021-11-09 22:09:45 +0000  (tag: 10.0.13)
2021-11-08 20:33:38 +0000  (tag: 10.1.0-M7)
2021-10-01 08:27:56 -0700  (tag: 8.5.72)
2021-09-28 14:28:33 +0100  (tag: 10.0.12)
2021-09-28 15:26:54 +0200  (tag: 9.0.54)
2021-09-28 12:22:27 +0100  (tag: 10.1.0-M6)
2021-09-09 11:44:27 -0700  (tag: 8.5.71)
2021-09-06 20:59:11 +0200  (tag: 9.0.53)
2021-09-06 17:16:35 +0100  (tag: 10.0.11)
2021-09-06 13:51:15 +0100  (tag: 10.1.0-M5)
2021-08-05 06:00:16 -0700  (tag: 8.5.70)
2021-08-03 19:38:40 +0100  (tag: 10.1.0-M4)
2021-07-31 06:06:06 +0200  (tag: 9.0.52)
2021-07-30 10:49:02 +0100  (tag: 10.0.10)
2021-07-30 05:23:50 +0200  (tag: 9.0.51)
2021-07-29 17:02:06 +0100  (tag: 10.0.9)
2021-07-29 14:29:42 +0100  (tag: 10.1.0-M3)
2021-06-29 11:49:50 -0700  (tag: 8.5.69)
2021-06-28 10:02:59 +0200  (tag: 9.0.50)
2021-06-27 18:02:17 +0200  (tag: 9.0.49)
2021-06-26 00:02:10 +0100  (tag: 10.0.8)
2021-06-25 22:37:57 +0100  (tag: 10.1.0-M2)
2021-06-11 06:29:49 -0700  (tag: 8.5.68)
2021-06-10 13:38:36 -0700  (tag: 8.5.67)
2021-06-10 11:15:15 +0200  (tag: 9.0.48)
2021-06-08 19:34:12 +0100  (tag: 9.0.47)
2021-06-08 17:24:30 +0100  (tag: 10.0.7)
2021-06-08 13:53:30 +0100  (tag: 10.1.0-M1)
2021-05-08 23:41:32 +0100  (tag: 8.5.66)
2021-05-08 18:33:39 +0100  (tag: 9.0.46)
2021-05-08 16:12:37 +0100  (tag: 10.0.6)
2021-04-22 11:34:21 -0700  (tag: 7.0.109)
2021-03-30 13:11:53 +0100  (tag: 8.5.65)
2021-03-30 11:25:11 +0100  (tag: 9.0.45)
2021-03-30 09:07:06 +0100  (tag: 10.0.5)
2021-03-05 10:59:44 +0000  (tag: 10.0.4)
2021-03-04 23:11:10 +0000  (tag: 8.5.64)
2021-03-04 21:47:39 +0000  (tag: 9.0.44)
2021-03-04 20:37:19 +0000  (tag: 10.0.3)
2021-01-29 11:19:43 +0000  (tag: 8.5.63)
2021-01-28 20:23:56 +0000  (tag: 9.0.43)
2021-01-28 18:47:15 +0000  (tag: 10.0.2)
2021-01-28 00:41:17 -0800  (tag: 7.0.108)
2021-01-27 18:54:58 +0000  (tag: 8.5.62)
2021-01-27 17:14:56 +0000  (tag: 9.0.42)
2021-01-27 14:06:19 +0000  (tag: 10.0.1)
2020-12-03 13:59:25 +0000  (tag: 8.5.61)
2020-12-03 11:38:47 +0000  (tag: 9.0.41)
2020-12-02 20:32:14 +0000  (tag: 10.0.0)
2020-11-18 04:03:43 -0800  (tag: 7.0.107)
2020-11-12 17:29:16 +0000  (tag: 8.5.60)
2020-11-12 15:32:53 +0000  (tag: 9.0.40)
2020-11-12 10:46:46 +0000  (tag: 10.0.0-M10)
2020-10-06 17:44:41 +0100  (tag: 8.5.59)
2020-10-06 15:06:11 +0100  (tag: 9.0.39)
2020-10-06 13:03:01 +0100  (tag: 10.0.0-M9)
2020-09-16 09:11:15 +0100  (tag: 7.0.106)
2020-09-10 22:42:53 +0100  (tag: 8.5.58)
2020-09-10 09:05:16 +0100  (tag: 9.0.38)
2020-09-09 11:37:17 +0100  (tag: 10.0.0-M8)
2020-07-02 12:58:37 +0100  (tag: 7.0.105)
2020-06-30 22:46:18 +0100  (tag: 8.5.57)
2020-06-30 21:07:10 +0100  (tag: 9.0.37)
2020-06-30 18:07:33 +0100  (tag: 10.0.0-M7)
2020-06-03 21:16:04 +0100  (tag: 8.5.56)
2020-06-03 18:03:53 +0100  (tag: 9.0.36)
2020-06-03 15:10:01 +0100  (tag: 10.0.0-M6)
2020-05-07 19:57:05 +0100  (tag: 7.0.104)
2020-05-05 22:54:38 +0100  (tag: 8.5.55)
2020-05-05 21:31:23 +0100  (tag: 9.0.35)
2020-05-05 18:07:34 +0100  (tag: 10.0.0-M5)
2020-04-03 15:00:18 +0100  (tag: 8.5.54)
2020-04-03 13:01:00 +0100  (tag: 9.0.34)
2020-04-03 11:51:08 +0100  (tag: 10.0.0-M4)
2020-03-16 08:10:46 +0000  (tag: 7.0.103)
2020-03-12 11:46:29 +0000  (tag: 7.0.102)
2020-03-11 09:55:11 +0000  (tag: 8.5.53)
2020-03-11 09:28:40 +0000  (tag: 9.0.33)
2020-03-10 23:07:46 +0000  (tag: 10.0.0-M3)
2020-03-10 07:40:58 +0000  (tag: 7.0.101)
2020-03-06 11:26:02 +0000  (tag: 8.5.52)
2020-03-06 09:35:22 +0000  (tag: 9.0.32)
2020-03-05 18:15:55 +0000  (tag: 10.0.0-M2)
2020-02-13 21:04:24 +0000  (tag: 10.0.0-M1)
2020-02-11 00:25:24 -0800  (tag: 7.0.100)
2020-02-05 22:03:27 +0000  (tag: 8.5.51)
2020-02-05 19:26:48 +0000  (tag: 9.0.31)
2020-02-05 16:36:37 +0000  (tag: 10.0.0.0-M1)
2019-12-11 12:19:21 +0000  (tag: 7.0.99)
2019-12-07 18:41:21 +0000  (tag: 8.5.50)
2019-12-07 16:11:24 +0000  (tag: 9.0.30)
2019-11-22 13:39:32 +0200  (tag: 7.0.98)
2019-11-17 18:40:05 +0000  (tag: 8.5.49)
2019-11-16 18:18:28 +0000  (tag: 8.5.48)
2019-11-16 17:25:54 +0000  (tag: 9.0.29)
2019-11-14 09:31:48 +0000  (tag: 9.0.28)
2019-10-07 14:28:13 +0100  (tag: 8.5.47)
2019-10-07 10:50:40 +0100  (tag: 9.0.27)
2019-10-06 04:10:15 -0400  (tag: 7.0.97)
2019-09-16 18:24:12 +0100  (tag: 8.5.46)
2019-09-16 15:08:22 +0100  (tag: 9.0.26)
2019-09-16 12:54:37 +0100  (tag: 9.0.25)
2019-08-14 23:18:09 +0100  (tag: 8.5.45)
2019-08-14 22:14:21 +0100  (tag: 9.0.24)
2019-08-14 17:04:52 +0100  (tag: 8.5.44)
2019-08-14 12:10:06 +0100  (tag: 9.0.23)
2019-07-24 07:34:08 -0400  (tag: 7.0.96)
2019-07-11 01:15:23 +0300  (tag: 7.0.95)
2019-07-04 21:48:18 +0100  (tag: 8.5.43)
2019-07-04 15:07:28 +0100  (tag: 9.0.22)
2019-06-04 21:21:55 +0100  (tag: 8.5.42)
2019-06-04 21:15:46 +0100  (tag: 9.0.21)
2019-05-04 09:51:14 +0100  (tag: 8.5.41)
2019-05-03 23:23:07 +0100  (tag: 9.0.20)
2019-04-12 15:20:03 +0100  (tag: 9.0.19)
2019-04-10 17:40:23 +0100  (tag: 7.0.94)
2019-04-10 15:26:13 +0100  (tag: 8.5.40)
2019-04-10 13:36:27 +0100  (tag: 9.0.18)
2019-03-14 10:50:05 +0000  (tag: 8.5.39)
2019-03-13 13:10:58 +0000  (tag: 9.0.17)
2019-02-16 16:32:33 +0000  (tag: 7.0.93)
2019-02-05 11:40:12 +0000  (tag: 8.5.38)
2019-02-04 16:18:04 +0000  (tag: 9.0.16)
2019-02-03 20:06:03 +0000  (tag: 9.0.15)
2018-12-12 12:01:35 +0000  (tag: 8.5.37)
2018-12-12 10:10:30 +0000  (tag: 8.5.36)
2018-12-06 21:09:34 +0000  (tag: 9.0.14)
2018-11-09 09:55:36 +0000  (tag: 7.0.92)
2018-11-03 17:16:33 +0000  (tag: 8.5.35)
2018-11-02 14:15:19 +0000  (tag: 9.0.13)
2018-09-13 19:19:39 +0000  (tag: 7.0.91)
2018-09-04 22:27:30 +0000  (tag: 8.5.34)
2018-09-04 22:05:15 +0000  (tag: 9.0.12)
2018-08-11 21:56:57 +0000  (tag: 8.5.33)
2018-08-11 19:34:24 +0000  (tag: 9.0.11)
2018-07-02 16:35:55 +0000  (tag: 7.0.90)
2018-06-28 17:59:32 +0000  (tag: 7.0.89)
2018-06-20 19:47:34 +0000  (tag: 8.5.32)
2018-06-20 17:29:24 +0000  (tag: 9.0.10)
2018-06-20 13:05:58 +0000  (tag: 9.0.9)
2018-05-07 11:05:15 +0000  (tag: 7.0.88)
2018-04-28 17:33:18 +0000  (tag: 7.0.87)
2018-04-27 19:57:27 +0000  (tag: 8.5.31)
2018-04-27 19:30:34 +0000  (tag: 9.0.8)
2018-04-09 20:10:35 +0000  (tag: 7.0.86)
2018-04-03 19:57:06 +0000  (tag: 8.5.30)
2018-04-03 19:50:45 +0000  (tag: 9.0.7)
2018-03-05 13:07:23 +0000  (tag: 8.5.29)
2018-03-05 09:22:03 +0000  (tag: 9.0.6)
2018-02-07 18:33:36 +0000  (tag: 7.0.85)
2018-02-06 22:25:36 +0000  (tag: 8.5.28)
2018-02-06 21:40:33 +0000  (tag: 9.0.5)
2018-01-19 14:53:57 +0000  (tag: 7.0.84)
2018-01-18 20:09:44 +0000  (tag: 8.5.27)
2018-01-18 19:38:28 +0000  (tag: 9.0.4)
2018-01-15 18:53:59 +0000  (tag: 8.5.26)
2018-01-15 15:41:06 +0000  (tag: 8.5.25)
2018-01-11 10:12:07 +0000  (tag: 9.0.3)
2017-11-30 18:11:06 +0000  (tag: 7.0.83)
2017-11-27 12:49:13 +0000  (tag: 8.5.24)
2017-11-25 21:00:56 +0000  (tag: 9.0.2)
2017-09-29 12:12:54 +0000  (tag: 7.0.82)
2017-09-28 10:20:08 +0000  (tag: 8.5.23)
2017-09-27 14:09:32 +0000  (tag: 9.0.1)
2017-09-22 19:07:52 +0000  (tag: 8.5.22)
2017-09-22 18:19:57 +0000  (tag: 9.0.0)
2017-09-13 20:17:56 +0000  (tag: 8.5.21)
2017-09-13 17:56:20 +0000  (tag: 9.0.0-M27)
2017-08-11 10:10:59 +0000  (tag: 7.0.81)
2017-08-10 08:55:03 +0000  (tag: 7.0.80)
2017-08-02 21:34:55 +0000  (tag: 8.5.20)
2017-08-02 20:22:56 +0000  (tag: 9.0.0-M26)
2017-07-24 20:15:35 +0000  (tag: 8.5.19)
2017-07-24 20:02:37 +0000  (tag: 9.0.0-M25)
2017-07-18 13:03:34 +0000  (tag: 8.5.18)
2017-07-18 11:02:25 +0000  (tag: 9.0.0-M24)
2017-07-04 08:10:25 +0000  (tag: 8.5.17)
2017-07-04 07:38:26 +0000  (tag: 9.0.0-M23)
2017-06-26 16:13:30 +0000  (tag: 7.0.79)
2017-06-21 16:58:03 +0000  (tag: 8.5.16)
2017-06-21 09:31:15 +0000  (tag: 9.0.0-M22)
2017-05-10 14:50:11 +0000  (tag: 7.0.78)
2017-05-05 10:59:43 +0000  (tag: 8.5.15)
2017-05-04 22:40:45 +0000  (tag: 9.0.0-M21)
2017-04-13 12:35:07 +0000  (tag: 8.5.14)
2017-04-12 19:17:46 +0000  (tag: 9.0.0-M20)
2017-03-28 15:45:23 +0000  (tag: 7.0.77)
2017-03-27 14:21:01 +0000  (tag: 8.5.13)
2017-03-27 11:13:25 +0000  (tag: 9.0.0-M19)
2017-03-09 13:45:55 +0000  (tag: 7.0.76)
2017-03-08 17:37:47 +0000  (tag: 8.5.12)
2017-03-08 15:16:44 +0000  (tag: 9.0.0-M18)
2017-01-18 20:45:33 +0000  (tag: 7.0.75)
2017-01-13 09:52:47 +0000  (tag: 7.0.74)
2017-01-10 21:01:02 +0000  (tag: 8.5.11)
2017-01-10 20:58:11 +0000  (tag: 9.0.0-M17)
2017-01-05 22:51:35 +0000  (tag: 8.5.10)
2017-01-05 22:46:29 +0000  (tag: 9.0.0-M16)
2016-12-05 20:15:53 +0000  (tag: 8.5.9)
2016-12-05 13:41:00 +0000  (tag: 9.0.0-M15)
2016-12-05 13:10:49 +0000  (tag: 9.0.0-M14)
2016-11-07 21:19:35 +0000  (tag: 7.0.73)
2016-11-03 20:56:24 +0000  (tag: 8.5.8)
2016-11-03 20:52:15 +0000  (tag: 9.0.0-M13)
2016-11-02 13:17:20 +0000  (tag: 8.5.7)
2016-11-02 12:21:07 +0000  (tag: 9.0.0-M12)
2016-10-06 20:11:18 +0000  (tag: 8.5.6)
2016-10-06 18:53:03 +0000  (tag: 9.0.0-M11)
2016-09-14 12:02:51 +0000  (tag: 7.0.72)
2016-09-07 10:01:04 +0000  (tag: 7.0.71)
2016-08-31 19:49:00 +0000  (tag: 8.5.5)
2016-08-31 14:59:28 +0000  (tag: 9.0.0-M10)
2016-07-06 08:38:50 +0000  (tag: 8.5.4)
2016-07-04 18:15:48 +0000  (tag: 9.0.0-M9)
2016-06-15 14:24:03 +0000  (tag: 7.0.70)
2016-06-09 09:41:02 +0000  (tag: 8.5.3)
2016-06-07 14:05:40 +0000  (tag: 9.0.0-M8)
2016-06-07 13:21:18 +0000  (tag: 9.0.0-M7)
2016-05-11 21:47:05 +0000  (tag: 8.5.2)
2016-05-11 21:42:22 +0000  (tag: 9.0.0-M6)
2016-05-11 10:17:52 +0000  (tag: 8.5.1)
2016-05-10 09:21:47 +0000  (tag: 9.0.0-M5)
2016-04-11 07:49:30 +0000  (tag: 7.0.69)
2016-03-17 14:45:28 +0000  (tag: 8.5.0)
2016-03-12 11:38:15 +0000  (tag: 9.0.0-M4)
2016-02-08 20:01:46 +0000  (tag: 7.0.68)
2016-02-01 20:51:24 +0000  (tag: 9.0.0-M3)
2016-01-21 12:02:48 +0000  (tag: 9.0.0-M2)
2015-12-07 12:51:34 +0000  (tag: 7.0.67)
2015-11-25 19:42:13 +0000  (tag: 7.0.66)
2015-11-12 22:03:14 +0000  (tag: 9.0.0-M1)
2015-10-09 06:28:38 +0000  (tag: 7.0.65)
2015-08-19 13:40:05 +0000  (tag: 7.0.64)
2015-06-30 06:44:52 +0000  (tag: 7.0.63)
2015-05-07 16:00:51 +0000  (tag: 7.0.62)
2015-03-27 11:59:03 +0000  (tag: 7.0.61)
2015-03-26 07:40:22 +0000  (tag: 7.0.60)
2015-01-28 15:38:51 +0000  (tag: 7.0.59)
2015-01-26 13:32:56 +0000  (tag: 7.0.58)
2014-10-31 13:53:40 +0000  (tag: 7.0.57)
2014-09-26 08:57:45 +0000  (tag: 7.0.56)
2014-07-18 12:21:11 +0000  (tag: 7.0.55)
2014-05-19 19:15:46 +0000  (tag: 7.0.54)
2014-03-25 03:00:35 +0000  (tag: 7.0.53)
2014-02-13 07:13:36 +0000  (tag: 7.0.52)
2014-02-10 20:35:23 +0000  (tag: 7.0.51)
2013-12-19 19:00:07 +0000  (tag: 7.0.50)
2013-12-11 08:20:23 +0000  (tag: 7.0.49)
2013-12-09 19:00:49 +0000  (tag: 7.0.48)
2013-10-18 03:02:47 +0000  (tag: 7.0.47)
2013-10-16 17:11:34 +0000  (tag: 7.0.46)
2013-09-25 12:23:00 +0000  (tag: 7.0.45)
2013-09-23 19:37:37 +0000  (tag: 7.0.44)
2013-09-19 17:37:48 +0000  (tag: 7.0.43)
2013-07-02 07:54:21 +0000  (tag: 7.0.42)
2013-06-06 09:56:30 +0000  (tag: 7.0.41)
2013-05-05 07:47:55 +0000  (tag: 7.0.40)
2013-03-22 12:32:01 +0000  (tag: 7.0.39)
2013-03-07 19:13:24 +0000  (tag: 7.0.38)
2013-02-12 21:06:14 +0000  (tag: 7.0.37)
2013-02-03 11:47:48 +0000  (tag: 7.0.36)
2013-01-10 22:12:08 +0000  (tag: 7.0.35)
2012-12-04 08:46:27 +0000  (tag: 7.0.34)
2012-11-17 10:16:22 +0000  (tag: 7.0.33)
2012-10-03 07:28:41 +0000  (tag: 7.0.32)
2012-10-01 19:27:06 +0000  (tag: 7.0.31)
2012-09-01 21:36:27 +0000  (tag: 7.0.30)
2012-07-02 21:42:31 +0000  (tag: 7.0.29)
2012-06-15 06:11:47 +0000  (tag: 7.0.28)
2012-03-31 14:40:30 +0000  (tag: 7.0.27)
2012-02-17 14:02:42 +0000  (tag: 7.0.26)
2012-01-17 09:51:33 +0000  (tag: 7.0.25)
2012-01-15 22:21:41 +0000  (tag: 7.0.24)
2011-11-17 17:52:35 +0000  (tag: 7.0.23)
2011-09-27 20:27:10 +0000  (tag: 7.0.22)
2011-08-29 20:14:36 +0000  (tag: 7.0.21)
2011-08-09 08:25:55 +0000  (tag: 7.0.20)
2011-07-13 22:29:07 +0000  (tag: 7.0.19)
2011-07-06 23:24:13 +0000  (tag: 7.0.18)
2011-07-02 21:35:17 +0000  (tag: 7.0.17)
2011-06-11 10:30:54 +0000  (tag: 7.0.16)
2011-06-04 19:12:40 +0000  (tag: 7.0.15)
2011-05-09 21:38:00 +0000  (tag: 7.0.13)
2011-05-09 21:32:39 +0000  (tag: 7.0.14)
2011-04-01 16:47:12 +0000  (tag: 7.0.12)
2011-03-10 11:10:19 +0000  (tag: 7.0.11)
2011-03-05 12:57:09 +0000  (tag: 7.0.10)
2011-02-28 14:13:37 +0000  (tag: 7.0.9)
2011-02-04 12:45:08 +0000  (tag: 7.0.8)
2011-02-03 10:34:25 +0000  (tag: 7.0.7)
2006-03-27 13:53:46 +0000 
2011-01-10 17:17:41 +0000  (tag: 7.0.6)
2010-11-24 17:41:29 +0000  (tag: 7.0.5)
2010-10-14 18:19:25 +0000  (tag: 7.0.4)
2010-10-02 22:33:35 +0000  (tag: 7.0.3)
2010-08-03 21:07:01 +0000  (tag: 7.0.2)
2010-08-01 16:13:16 +0000  (tag: 7.0.1)
2010-06-13 14:30:15 +0000  (tag: 7.0.0)
2010-06-07 13:12:58 +0000  (tag: 7.0.0-RC4)
2010-05-23 21:03:09 +0000  (tag: 7.0.0-RC3)
2010-05-17 17:27:08 +0000  (tag: 7.0.0-RC2)
2010-04-11 23:01:37 +0000  (tag: 7.0.0-RC1)
2007-11-09 21:13:06 +0000 