2022-06-28 09:33:37 +0200  (tag: tomee-project-9.0.0-M8)
2022-04-04 21:25:30 +0200  (origin/microprofile-smallrye-impls)
2022-03-23 13:59:16 +0100  (origin/tomee-9.x-initial)
2022-06-07 09:37:28 +0200  (tag: tomee-project-8.0.12)
2022-04-13 11:09:51 +0200  (tag: tomee-project-8.0.11)
2022-02-10 15:31:21 +0100  (tag: tomee-project-8.0.10)
2022-02-08 22:44:01 +0100  (origin/jaxws-improvements)
2021-12-23 12:29:19 +0100  (tag: tomee-project-8.0.9)
2021-08-31 16:34:55 +0200  (tag: tomee-project-8.0.8)
2021-05-03 11:56:03 +0000  (tag: tomee-project-8.0.7)
2021-01-25 22:04:30 +0000 
2021-01-14 10:51:08 +0100  (origin/TOMEE-2937_EjbCronTriggerEnd)
2021-01-14 14:22:59 +0000  (tag: tomee-8.0.6)
2020-11-17 20:14:53 +0000  (tag: tomee-8.0.5)
2020-07-22 12:18:56 +0100  (tag: tomee-project-8.0.4)
2020-07-09 18:47:12 +0100  (origin/revert-637-owb-update)
2020-06-19 11:51:22 +0100  (tag: tomee-project-8.0.3)
2020-05-14 11:45:04 +0100  (tag: tomee-8.0.2)
2020-01-07 14:31:52 +0000  (tag: tomee-8.0.1)
2019-09-13 12:11:05 +0100  (tag: tomee-8.0.0)
2019-07-30 10:37:06 +0200  (origin/revert-523-java11-take2)
2019-05-22 23:56:47 -0700  (tag: tomee-8.0.0-M3)
2019-05-22 11:37:25 +0200  (origin/TOMEE-2525_SSL-client-required)
2019-02-04 23:46:26 +0000  (origin/TOMEE-2408)
2020-08-05 16:37:58 +0100  (tag: tomee-7.0.9)
2020-05-19 13:59:33 +0100  (tag: tomee-7.0.8)
2020-01-07 12:43:13 +0000  (tag: tomee-7.0.7)
2019-06-06 09:48:20 +0100  (tag: tomee-7.0.6)
2020-08-05 15:56:51 +0100  (tag: tomee-7.1.4)
2020-05-19 12:34:23 +0100  (tag: tomee-7.1.3)
2020-01-07 11:36:14 +0000  (tag: tomee-7.1.2)
2019-06-05 21:55:24 +0100  (tag: tomee-7.1.1)
2019-03-04 14:42:59 +0000 
2018-09-02 21:39:54 +0100  (tag: tomee-7.1.0)
2019-01-25 22:16:50 +0000  (tag: tomee-8.0.0-M2)
2019-01-24 15:43:02 +0000  (origin/tomee-8.0.0-M2-prepare)
2018-07-10 12:21:30 +0100  (tag: tomee-7.0.5)
2018-10-14 00:28:54 +0100  (tag: tomee-8.0.0-M1)
2017-10-09 08:51:37 -0700  (tag: tomee-1.7.5)
2016-07-26 12:11:33 +0200  (origin/TOMEE-1887-cipher-command-hidden)
2016-03-04 08:20:17 +0100  (tag: tomee-1.7.4)
2017-09-26 11:18:24 -0700  (tag: tomee-7.0.4, origin/tomee-7.0.4-prepare)
2017-03-07 21:56:04 +0100  (tag: tomee-7.0.3)
2016-11-06 19:15:58 +0100  (tag: tomee-7.0.2)
2016-06-22 19:04:32 +0200  (tag: tomee-7.0.1)
2016-05-17 17:52:35 +0200  (tag: tomee-7.0.0)
2016-03-03 16:05:31 +0000  (tag: tomee-7.0.0-M3)
2016-02-22 21:58:32 +0000  (tag: tomee-7.0.0-M2)
2015-12-04 23:24:22 +0100  (tag: tomee-7.0.0-M1, origin/tomee-7.0.0-M1)
2015-05-16 23:27:24 +0200  (origin/fb_tomee2_owb16)
2015-03-07 17:53:13 +0100  (origin/develop)
2015-12-04 17:17:34 +0100  (tag: tomee-1.7.3, origin/tomee-1.7.3-prepare)
2015-05-17 22:36:53 +0100  (tag: tomee-1.7.2, origin/release-tomee-1.7.2)
2015-01-19 13:46:13 +0000  (tag: openejb-4.7.2)
2014-09-11 17:32:28 +0000  (tag: tomee-1.7.1)
2014-09-11 17:24:20 +0000  (origin/tomee-1.7.1)
2014-08-09 22:13:21 +0000  (tag: tomee-1.7.0)
2014-08-08 14:50:17 +0000  (origin/tomee-1.7.0)
2014-05-06 12:00:58 +0000  (tag: tomee-1.6.0.2)
2014-05-04 09:36:06 +0000  (origin/tomee-1.6.0.2)
2014-04-16 19:48:49 +0000  (tag: tomee-1.6.0.1)
2013-11-17 10:13:00 +0000  (tag: tomee-1.6.0)
2013-11-17 06:07:15 +0000  (origin/tomee-1.6.0)
2013-03-21 02:11:13 +0000  (tag: tomee-1.5.2)
2013-01-17 18:08:38 +0000  (tag: tomee-1.5.1)
2013-01-17 18:08:35 +0000  (tag: tomee-1.5.0)
2013-01-17 18:08:32 +0000  (tag: tomee-1.0.0-beta-2)
2013-01-17 18:08:29 +0000  (tag: tomee-1.0.0-beta-1)
2013-01-17 18:08:25 +0000  (tag: tomee-1.0.0)
2006-01-02 00:24:53 +0000 