2021-11-23 13:58:31 +0100  (tag: turbine-5.1)
2019-05-21 14:43:50 +0000  (tag: turbine-5.0)
2018-02-21 08:15:06 +0000  (tag: turbine-4.0.1)
2017-10-24 14:37:28 +0000  (tag: turbine-4.0)
2015-12-21 19:36:28 +0000  (tag: turbine-4.0-M2)
2011-06-23 15:24:29 +0000  (tag: TURBINE_4_0_M1)
2008-11-23 08:25:37 +0000  (tag: TURBINE_2_3_3)
2008-11-23 08:14:43 +0000  (origin/TURBINE_2_3_3)
2008-06-20 06:58:05 +0000  (tag: TURBINE_2_3_3_RC1)
2008-04-10 15:09:40 +0000  (tag: TURBINE_2_3_3_B1)
2007-06-25 01:54:21 +0000  (tag: META_1.3_RC1)
2007-06-25 01:54:21 +0000  (tag: META_1.3_RC2)
2007-06-25 01:54:21 +0000  (tag: META_1_2)
2007-06-25 01:54:21 +0000  (tag: META_1_2_RC1)
2007-06-25 01:54:21 +0000  (tag: META_1_3)
2003-10-24 15:02:43 +0000 
2007-06-25 01:54:21 +0000  (tag: TURBINE_2_1)
2007-06-25 01:54:21 +0000  (tag: TURBINE_2_2_0)
2007-06-25 01:54:21 +0000  (tag: TURBINE_2_2_B1)
2007-06-25 01:54:21 +0000  (tag: TURBINE_2_2_B2)
2007-06-25 01:54:21 +0000  (tag: TURBINE_2_2_B2_PRE_TORQUE)
2007-06-25 01:54:21 +0000  (tag: TURBINE_2_2_B3)
2007-06-25 01:54:21 +0000  (tag: TURBINE_2_2_RC1)
2007-06-25 01:54:21 +0000  (tag: TURBINE_2_2_RC2)
2007-06-25 01:54:21 +0000  (tag: TURBINE_2_3)
2007-06-25 01:54:21 +0000  (tag: TURBINE_2_3_1)
2007-06-25 01:54:21 +0000  (tag: TURBINE_2_3_1_RC1)
2007-06-25 01:54:21 +0000  (tag: TURBINE_2_3_1_RC2)
2007-06-25 01:54:21 +0000  (tag: TURBINE_2_3_2)
2007-06-25 01:54:21 +0000  (tag: TURBINE_2_3_2_RC1)
2007-06-25 01:54:21 +0000  (tag: TURBINE_2_3_2_RC2)
2007-06-25 01:54:21 +0000  (tag: TURBINE_2_3_3_before_cleanup)
2007-06-25 01:54:21 +0000  (tag: TURBINE_2_3_RC1)
2007-06-25 01:54:21 +0000  (tag: TURBINE_2_3_RC2)
2007-06-25 01:54:21 +0000  (tag: TURBINE_2_4_M1)
2007-06-25 01:54:21 +0000  (tag: TURBINE_2_4_M2_BRANCH)
2007-06-25 01:54:21 +0000  (tag: TURBINE_2_4_PRE_PIPELINEDATA)