2013-10-07 22:23:21 +0000  (tag: 2.0.1)
2013-09-30 06:59:11 +0000  (tag: 2.0.1-RC1)
2013-09-30 05:56:31 +0000  (origin/2.0)
2012-07-22 03:42:22 +0000  (tag: 2.0)
2012-06-18 10:16:09 +0000  (tag: 2.0-RC2)
2012-04-12 09:14:28 +0000  (tag: 2.0-RC1)
2012-03-07 08:40:04 +0000  (tag: 2.0-Beta4-RC1)
2012-02-16 15:40:58 +0000  (tag: 2.0-Beta3)
2012-02-16 15:39:43 +0000  (tag: 2.0-Beta3-RC2)
2012-02-08 08:43:19 +0000  (tag: 2.0-Beta4-RC0)
2011-07-22 09:08:47 +0000  (tag: 2.0-Beta3-RC1)
2011-02-21 12:00:24 +0000  (tag: 2.0-Beta2)
2011-02-12 09:19:33 +0000  (tag: 2.0-Beta2-RC3)
2011-02-11 22:14:55 +0000  (origin/2.0-Beta2)
2011-01-30 09:41:11 +0000  (tag: 2.0-Beta2-RC2)
2011-01-23 19:50:56 +0000  (tag: 2.0-Beta2-RC1)
2010-11-23 10:07:17 +0000  (tag: 2.0-Beta1)
2010-11-15 14:05:17 +0000  (tag: 2.0-Beta1-RC3)
2010-11-14 15:43:48 +0000  (origin/2.0-Beta1)
2010-11-02 13:01:07 +0000  (tag: 2.0-Beta1-RC2)
2010-10-26 14:17:45 +0000  (tag: 2.0-Beta1-RC1)
2010-10-18 02:24:55 +0000  (tag: 2.0-M5.1)
2010-10-09 17:51:01 +0000  (tag: 2.0-M5.1-RC2)
2010-10-09 04:47:28 +0000  (origin/sca-java-2.0-M5)
2010-10-04 14:45:31 +0000  (tag: 2.0-M5.1-RC1)
2010-10-04 14:40:58 +0000  (tag: sca-java-2.0-M5.1)
2010-06-10 14:16:09 +0000  (tag: 2.0-M5)
2010-06-06 16:15:22 +0000  (tag: 2.0-M5-RC3)
2010-06-04 08:54:19 +0000  (tag: 2.0-M5-RC2)
2010-05-28 15:32:22 +0000  (tag: 2.0-M5-RC1)
2009-11-12 08:33:57 +0000  (tag: 2.0-M4)
2009-11-11 23:23:20 +0000  (tag: 2.0-M4-RC3)
2009-11-11 23:23:10 +0000  (tag: 2.0-M4-RC2)
2009-11-11 23:23:01 +0000  (tag: 2.0-M4-RC1)
2009-11-11 23:22:51 +0000  (tag: 2.0-M3)
2009-11-11 23:22:35 +0000  (tag: 2.0-M2)
2009-11-11 23:21:32 +0000  (tag: 2.0-M1)