2022-04-29 18:34:07 +0200  (tag: rel/uimaj-3.3.0)
2022-04-25 17:32:41 +0200  (origin/refactoring/UIMA-6433-Update-issue-and-PR-templates)
2021-11-10 15:04:46 +0100  (origin/release/UIMA-6395-Apache-UIMA-Java-SDK-3.2.1-release)
2021-10-07 10:25:30 +0200 
2021-06-09 14:28:30 +0200  (tag: rel/uima-2.11.0)
2021-04-28 19:09:49 +0200  (tag: rel/uimaj-3.2.0)
2019-11-04 14:01:47 -0500  (tag: uimaj-eclipse-update-site-3.1.1)
2019-11-04 10:04:20 -0500  (tag: rel/uimaj-3.1.1)
2019-08-20 20:27:21 +0000  (tag: uimaj-eclipse-update-site-3.1.0)
2019-08-20 20:26:57 +0000  (tag: uimaj-eclipse-update-site-3.0.2)
2019-08-20 20:26:33 +0000  (tag: uimaj-eclipse-update-site-3.0.1)
2019-08-20 20:26:08 +0000  (tag: archive/uimaj-eclipse-update-site-3.0.0-beta)
2019-08-20 20:25:28 +0000  (tag: uimaj-eclipse-update-site-3.0.0)
2019-08-20 20:24:57 +0000  (tag: rel/uimaj-3.1.0)
2019-08-20 20:24:28 +0000  (tag: rel/uimaj-3.0.2)
2019-08-20 20:24:02 +0000  (tag: rel/uimaj-3.0.1)
2019-08-20 20:23:38 +0000  (tag: archive/uimaj-3.0.0-beta)
2019-08-20 20:22:40 +0000  (tag: rel/uimaj-3.0.0)
2017-04-17 17:42:19 +0000  (origin/experiment-v3-jcas)
2019-07-22 13:51:03 +0000  (tag: uimaj-eclipse-update-site-2.10.4)
2019-07-22 13:39:32 +0000  (tag: rel/uimaj-2.10.4)
2018-11-05 15:41:36 +0000  (tag: uimaj-eclipse-update-site-2.10.3)
2018-11-05 15:16:44 +0000  (tag: rel/uimaj-2.10.3)
2017-10-30 20:56:56 +0000  (tag: uimaj-eclipse-update-site-2.10.2)
2017-10-30 19:37:06 +0000  (tag: rel/uimaj-2.10.2)
2017-08-22 19:49:30 +0000  (tag: uimaj-eclipse-update-site-2.10.1)
2017-08-22 19:31:41 +0000  (tag: rel/uimaj-2.10.1)
2017-03-28 03:51:24 +0000  (tag: uimaj-eclipse-update-site-2.10.0)
2017-03-27 21:59:41 +0000  (tag: rel/uimaj-2.10.0)
2017-03-13 18:47:56 +0000  (tag: archive/uimaj-eclipse-update-site-3.0.0-alpha02)
2017-03-13 18:24:45 +0000  (tag: archive/uimaj-3.0.0-alpha02)
2017-01-23 20:24:57 +0000  (tag: archive/uimaj-eclipse-update-site-3.0.0-alpha)
2017-01-23 20:08:36 +0000  (tag: archive/uimaj-3.0.0-alpha)
2016-08-25 17:33:57 +0000  (tag: uimaj-eclipse-update-site-2.9.0)
2016-08-25 17:13:03 +0000  (tag: uimaj-2.9.0)
2015-08-04 21:46:38 +0000  (tag: uimaj-eclipse-update-site-2.8.1)
2015-08-04 20:52:37 +0000  (tag: uimaj-2.8.1)
2015-07-09 13:57:13 +0000  (tag: uimaj-eclipse-update-site-2.8.0)
2015-07-09 13:12:16 +0000  (tag: uimaj-2.8.0)
2015-03-02 22:38:10 +0000  (tag: uimaj-eclipse-update-site-2.7.0)
2015-03-02 22:09:28 +0000  (tag: uimaj-2.7.0)
2014-05-06 20:34:05 +0000  (tag: uimaj-eclipse-update-site-2.6.0)
2014-05-06 20:14:37 +0000  (tag: uimaj-2.6.0)
2014-01-08 16:58:03 +0000  (tag: uimaj-eclipse-update-site-2.5.0)
2014-01-08 16:28:10 +0000  (tag: uimaj-2.5.0)
2013-08-09 16:03:24 +0000  (tag: uimaj-eclipse-update-site-2.4.2)
2013-08-05 22:10:51 +0000  (tag: archive/uimaj-eclipse-update-site-2.4.2-rc1)
2013-08-09 16:02:52 +0000  (tag: uimaj-2.4.2)
2013-08-05 21:35:50 +0000  (tag: archive/uimaj-2.4.2-rc1)
2013-07-26 22:33:01 +0000  (tag: uimaj-2.4.1)
2013-07-22 20:35:48 +0000  (tag: archive/uimaj-2.4.1-rc4)
2013-07-22 21:05:03 +0000  (tag: archive/uimaj-eclipse-update-site-2.4.1-rc4)
2013-07-19 22:06:47 +0000  (tag: archive/uimaj-eclipse-update-site-2.4.1-rc3)
2013-07-19 21:14:29 +0000  (tag: archive/uimaj-2.4.1-rc3)
2013-07-18 18:16:45 +0000  (tag: archive/uimaj-2.4.1-rc2)
2013-07-16 17:36:55 +0000  (tag: archive/uimaj-eclipse-update-site-2.4.1-rc1)
2013-07-16 03:01:34 +0000  (tag: archive/uimaj-2.4.1-rc1)
2012-11-28 20:15:11 +0000  (tag: archive/uimaj-2.4.0-binaryCompressedSerializationVersion0)
2012-05-10 12:42:27 +0000  (tag: uimaj-2.4.0)
2011-12-01 00:27:52 +0000  (tag: archive/uimaj-2.4.0-rc1)
2010-12-10 18:54:02 +0000  (tag: uimaj-2.3.1)
2010-12-06 23:21:10 +0000  (tag: archive/uimaj-2.3.1-rc1)
2010-11-11 21:59:02 +0000  (tag: archive/uimaj-eclipse-update-site-3-rc1)
2010-11-11 21:38:32 +0000  (tag: archive/uimaj-eclipse-feature-tools-2.3.1-rc1)
2010-11-11 21:34:34 +0000  (tag: archive/uimaj-eclipse-feature-runtime-2.3.1-rc1)
2010-11-10 16:03:13 +0000  (tag: archive/uimaj-distr-2.3.1-rc4)
2010-11-09 19:31:26 +0000  (tag: archive/uimaj-distr-2.3.1-RC3)
2010-11-07 20:04:49 +0000  (tag: archive/uimaj-distr-2.3.1-RC2)
2010-11-01 15:29:34 +0000  (tag: archive/uimaj-distr-2.3.1)
2006-11-02 22:06:05 +0000 
2010-04-12 15:19:34 +0000  (tag: rel/uimaj-2.1.0)
2010-04-12 15:19:34 +0000  (tag: uimaj-2.2.0)
2010-04-12 15:19:34 +0000  (tag: uimaj-2.2.1)
2010-04-12 15:19:34 +0000  (tag: uimaj-2.2.2)
2010-04-12 15:19:34 +0000  (tag: uimaj-2.3.0)