2021-03-03 13:12:25 +0100  (tag: 2.3-RC2, tag: 2.3)
2021-02-27 12:52:57 +0100  (tag: 2.3-RC1)
2021-02-25 19:35:49 +0100  (origin/feature/fix-some-generics)
2021-02-25 14:17:26 +0100  (origin/spring-velocity-support)
2020-01-29 17:01:48 +0000  (tag: 2.2)
2020-01-28 10:08:42 +0000  (tag: 2.2-RC5)
2020-01-07 09:29:56 +0000  (tag: 2.2-RC4)
2020-01-01 21:29:02 +0000  (tag: 2.2-RC3)
2019-12-28 12:19:10 +0000  (tag: 2.2-RC2)
2019-11-01 16:30:53 +0000  (tag: 2.2-RC1)
2019-08-21 19:39:10 +0000  (origin/parser_experiments)
2019-03-15 13:56:48 +0000  (tag: 2.1)
2019-03-15 13:54:19 +0000  (tag: 2.1-RC2)
2019-03-10 22:22:32 +0000  (origin/VELOCITY-909)
2019-03-03 17:33:46 +0000  (tag: 2.1-RC1)
2019-02-22 23:40:27 +0000  (origin/VELOCITY-892)
2018-10-13 21:08:23 +0000  (origin/VELOCITY-898)
2017-08-06 18:42:34 +0000  (tag: 2.0)
2017-06-17 09:49:41 +0000  (tag: 2.0-RC8)
2017-04-14 10:18:52 +0000  (tag: 2.0-RC7)
2017-01-27 16:59:58 +0000  (tag: 2.0-RC6)
2017-01-26 03:20:40 +0000  (tag: 2.0-RC5)
2017-01-03 15:09:51 +0000  (tag: 2.0-RC4)
2016-11-16 10:42:30 +0000  (tag: 2.0-RC3)
2016-11-12 20:54:14 +0000  (tag: 2.0-RC2)
2016-11-09 14:28:06 +0000  (tag: 2.0-RC1)
2016-11-05 11:57:37 +0000  (tag: velocity-engine-parent-2.0.0)
2010-11-29 13:44:17 +0000  (origin/2.0_Exp)
2010-11-29 19:43:21 +0000  (tag: 1.7)
2010-05-10 17:34:59 +0000  (tag: 1.6.4)
2010-04-27 16:26:52 +0000  (tag: 1.7-beta1)
2009-12-14 18:32:08 +0000  (tag: 1.6.3)
2009-03-18 21:01:50 +0000  (tag: 1.6.2)
2008-12-15 16:26:17 +0000  (tag: 1.6.1)
2008-12-01 15:42:24 +0000  (tag: 1.6)
2008-10-28 05:07:09 +0000  (tag: 1.6-beta2)
2008-09-19 21:57:26 +0000  (tag: 1.6-beta1)
2007-03-06 18:08:28 +0000  (tag: Velocity_1.5)
2006-12-01 16:39:58 +0000  (tag: VEL_1_1)
2006-12-01 16:39:58 +0000  (tag: VEL_1_1_RC1)
2006-12-01 16:39:58 +0000  (tag: VEL_1_1_RC2)
2006-12-01 16:39:58 +0000  (tag: VEL_1_2)
2006-12-01 16:39:58 +0000  (tag: VEL_1_2_RC1)
2006-12-01 16:39:58 +0000  (tag: VEL_1_2_RC2)
2006-12-01 16:39:58 +0000  (tag: VEL_1_2_RC3)
2006-12-01 16:39:58 +0000  (tag: VEL_1_3)
2006-12-01 16:39:58 +0000  (tag: VEL_1_3_1)
2006-12-01 16:39:58 +0000  (tag: VEL_1_3_1_RC1)
2006-12-01 16:39:58 +0000  (tag: VEL_1_3_1_RC2)
2006-12-01 16:39:58 +0000  (tag: VEL_1_3_RC1)
2006-12-01 16:39:58 +0000  (tag: VEL_1_4)
2006-12-01 16:39:58 +0000  (tag: VEL_1_4_RC1)
2006-12-01 16:39:58 +0000  (tag: V_1_0)
2006-12-01 16:39:58 +0000  (tag: V_1_0B1)
2006-12-01 16:39:58 +0000  (tag: V_1_0B2)
2006-12-01 16:39:58 +0000  (tag: V_1_0_1)
2006-12-01 16:39:58 +0000  (tag: V_1_0_1_RC1)
2006-12-01 16:39:58 +0000  (tag: Velocity_1.5_BETA1)
2006-12-01 16:39:58 +0000  (tag: Velocity_1.5_BETA2)
2006-12-01 16:39:58 +0000  (tag: start)