2022-07-06 20:10:49 +0200  (tag: rel/wicket-9.11.0)
2022-05-01 12:23:19 +0200  (tag: rel/wicket-9.10.0)
2022-04-04 22:47:13 +0200  (tag: rel/wicket-9.9.1)
2022-03-27 14:38:24 +0200  (tag: rel/wicket-9.9.0)
2022-02-03 14:10:18 +0100  (tag: rel/wicket-9.8.0)
2022-01-29 16:24:19 +0100  (tag: rel/wicket-8.14.0)
2021-11-27 16:35:53 +0100  (tag: rel/wicket-9.7.0)
2021-10-29 22:07:43 +0200  (tag: rel/wicket-9.6.0)
2021-09-06 20:14:55 +0200  (tag: rel/wicket-9.5.0)
2021-07-07 22:52:30 +0200  (tag: rel/wicket-8.13.0)
2021-07-03 19:19:00 +0200  (tag: rel/wicket-9.4.0)
2021-04-02 22:33:25 +0200  (tag: rel/wicket-7.18.0)
2021-03-30 21:35:28 +0200  (tag: rel/wicket-8.12.0)
2021-03-25 19:08:36 +0100  (tag: rel/wicket-9.3.0)
2021-01-27 18:24:16 +0100  (origin/WICKET-5768)
2020-11-20 21:19:59 +0100  (tag: rel/wicket-8.11.0)
2020-11-15 22:51:05 +0100  (tag: rel/wicket-9.2.0)
2020-10-07 19:23:00 +0200  (tag: rel/wicket-9.1.0)
2020-10-03 17:23:40 +0200  (tag: rel/wicket-8.10.0)
2020-10-01 14:23:04 +0200  (origin/wicket-6831-w8)
2020-07-16 18:47:37 +0200  (tag: rel/wicket-7.17.0)
2020-07-11 18:31:58 +0200  (tag: rel/wicket-8.9.0)
2020-07-08 12:02:17 +0200  (tag: rel/wicket-9.0.0)
2020-04-19 20:40:22 +0200  (tag: rel/wicket-8.8.0)
2020-04-05 23:10:23 +0200  (tag: rel/wicket-9.0.0-M5)
2020-01-05 15:09:38 +0100  (tag: rel/wicket-9.0.0-M4)
2020-01-04 15:05:14 +0100  (tag: rel/wicket-7.16.0)
2020-01-03 19:49:31 +0100  (tag: rel/wicket-8.7.0)
2019-09-11 22:23:58 +0200  (tag: rel/wicket-9.0.0-M3)
2019-09-09 18:47:29 +0200  (tag: rel/wicket-8.6.1)
2019-09-03 22:23:29 +0200  (tag: rel/wicket-8.6.0)
2019-09-03 21:55:39 +0200  (tag: rel/wicket-7.15.0)
2019-05-29 18:58:51 +0200  (tag: rel/wicket-9.0.0-M2)
2019-05-24 20:00:32 +0200  (tag: rel/wicket-7.14.0)
2019-05-24 19:23:06 +0200  (tag: rel/wicket-8.5.0)
2019-04-10 20:18:55 +0200  (tag: rel/wicket-9.0.0-M1)
2019-04-02 21:26:03 +0200  (tag: rel/wicket-7.13.0)
2019-04-01 21:05:27 +0200  (tag: rel/wicket-8.4.0)
2019-02-02 14:01:24 +0100  (tag: rel/wicket-7.12.0)
2019-01-26 20:17:11 +0100  (tag: rel/wicket-8.3.0)
2018-12-05 21:24:22 +0100  (tag: rel/wicket-6.30.0)
2018-11-26 20:18:23 +0100  (tag: rel/wicket-7.11.0)
2018-11-12 20:25:56 +0100  (tag: rel/wicket-8.2.0)
2018-09-10 22:50:06 +0200  (tag: rel/wicket-8.1.0)
2018-05-16 21:30:04 +0200  (tag: rel/wicket-8.0.0)
2018-02-17 17:03:05 +0100  (tag: rel/wicket-6.29.0)
2018-02-11 18:26:05 +0100  (tag: rel/wicket-7.10.0)
2018-02-11 15:27:20 +0100  (tag: rel/wicket-8.0.0-M9)
2018-01-14 14:32:13 +0100  (tag: rel/wicket-eclipse-settings-4)
2017-10-21 16:40:05 +0200  (tag: rel/wicket-8.0.0-M8)
2017-09-27 19:44:37 +0200  (tag: rel/wicket-6.28.0)
2017-09-15 20:12:05 +0200  (tag: rel/wicket-7.9.0)
2017-08-30 21:53:32 +0200  (tag: rel/wicket-6.27.1)
2017-08-07 12:20:22 +0200  (tag: rel/wicket-8.0.0-M7)
2017-07-08 12:48:21 +0200  (tag: rel/wicket-7.8.0)
2017-07-02 20:14:48 +0200  (tag: rel/wicket-6.27.0)
2017-05-14 15:17:37 +0200  (tag: rel/wicket-8.0.0-M6)
2017-05-11 18:36:52 +0200  (tag: rel/wicket-7.7.0)
2017-03-25 15:35:27 +0100  (tag: rel/wicket-8.0.0-M5)
2017-02-03 22:16:50 +0100  (tag: rel/wicket-8.0.0-M4)
2016-12-28 17:47:37 +0100  (tag: rel/wicket-6.26.0)
2016-12-26 22:16:51 +0100  (tag: rel/wicket-8.0.0-M3)
2016-12-26 19:30:52 +0100  (tag: rel/wicket-7.6.0)
2016-10-19 21:49:24 +0200  (tag: rel/wicket-6.25.0)
2016-10-19 21:31:10 +0200  (tag: rel/wicket-8.0.0-M2)
2016-10-19 21:12:15 +0200  (tag: rel/wicket-7.5.0)
2016-07-17 20:14:05 +0200  (tag: rel/wicket-7.4.0)
2016-07-17 19:48:07 +0200  (tag: rel/wicket-6.24.0)
2016-07-03 15:39:37 +0200  (tag: rel/wicket-8.0.0-M1)
2016-04-25 11:52:47 +0200  (tag: rel/wicket-6.23.0)
2016-04-25 11:05:07 +0200  (tag: rel/wicket-7.3.0)
2016-02-08 21:15:01 +0100  (tag: rel/wicket-6.22.0)
2016-01-20 15:19:48 +0100  (tag: wicket-7.2.0, tag: rel/wicket-7.2.0)
2015-10-29 23:37:16 +0100  (tag: wicket-6.21.0)
2015-10-20 00:23:32 +0200  (tag: wicket-7.1.0, tag: rel/wicket-7.1.0)
2015-07-10 09:43:49 +0200  (tag: wicket-7.0.0, tag: rel/wicket-7.0.0)
2015-06-16 16:18:54 +0200  (tag: wicket-7.0.0-M6)
2015-06-09 17:18:19 +0200  (tag: wicket-6.20.0)
2015-02-09 11:47:30 +0200  (tag: wicket-1.5.13)
2015-01-26 10:22:15 +0100  (tag: wicket-6.19.0)
2015-01-26 10:12:51 +0100  (tag: wicket-7.0.0-M5)
2014-10-31 14:13:25 +0100  (tag: wicket-7.0.0-M4)
2014-10-31 12:04:54 +0100  (tag: wicket-6.18.0)
2014-09-04 10:51:32 +0300  (tag: wicket-1.5.12)
2014-08-29 13:57:19 +0200  (tag: wicket-7.0.0-M3)
2014-08-29 12:00:58 +0200  (tag: wicket-6.17.0)
2014-06-06 15:07:52 +0200  (tag: wicket-7.0.0-M2)
2014-06-06 11:38:34 +0200  (tag: wicket-6.16.0)
2014-04-20 22:06:48 +0200  (tag: wicket-7.0.0-M1)
2014-04-17 00:31:27 +0200  (tag: wicket-6.15.0)
2014-02-14 15:21:49 +0100  (tag: wicket-6.14.0)
2014-02-05 09:07:13 +0100  (tag: wicket-1.4.23)
2014-01-28 10:22:33 +0100  (origin/wicket-1.4.x)
2014-01-20 17:08:32 +0200  (tag: wicket-1.5.11)
2014-01-05 21:24:18 +0100  (tag: wicket-6.13.0)
2013-11-01 11:55:14 +0100  (tag: wicket-6.12.0)
2013-09-20 12:02:31 +0200  (tag: wicket-6.11.0)
2013-08-12 11:33:28 +0200  (tag: wicket-6.10.0)
2013-07-05 17:32:57 +0200  (tag: wicket-6.9.1)
2013-06-23 21:26:49 +0200  (tag: wicket-6.9.0)
2013-05-17 19:44:57 +0200  (tag: wicket-6.8.0)
2013-04-12 19:25:53 +0200  (tag: wicket-6.7.0)
2013-02-21 14:26:14 +0200  (tag: release/wicket-1.5.10)
2013-02-15 13:35:30 +0100  (tag: wicket-6.6.0)
2013-01-19 00:05:33 +0100  (tag: wicket-6.5.0)
2012-12-14 16:45:01 +0100  (tag: wicket-6.4.0)
2012-11-16 11:47:31 +0100  (tag: wicket-6.3.0)
2012-11-06 11:07:12 +0200  (tag: release/wicket-1.5.9)
2012-10-19 21:14:49 +0200  (tag: wicket-6.2.0)
2012-10-05 11:13:58 +0200  (tag: wicket-6.1.1)
2012-09-26 14:37:02 +0200  (tag: wicket-6.1.0)
2012-08-29 13:54:48 +0200  (tag: release/wicket-1.4.21)
2012-08-23 22:48:30 +0200  (tag: wicket-6.0.0)
2012-08-22 10:45:18 +0300  (tag: release/wicket.1.5.8)
2012-07-12 23:24:09 +0200  (tag: wicket-6.0.0-beta3)
2012-05-30 16:42:14 +0300  (tag: wicket-1.5.7)
2012-05-24 17:17:19 +0200  (tag: wicket-6.0.0-beta2)
2012-04-27 18:59:52 +0300  (tag: release/wicket-1.5.6)
2012-04-27 15:35:30 +0300  (tag: wicket-1.5.6)
2012-03-23 14:30:27 +0200  (tag: wicket-6.0.0-beta1, tag: release/wicket-6.0.0-beta1)
2011-12-20 20:10:17 -0800  (origin/trunk)
2012-03-07 08:33:52 -0800  (tag: wicket-1.4.20, tag: release/wicket-1.4.20)
2012-03-05 08:50:24 -0800  (tag: wicket-1.5.5, tag: release/wicket-1.5.5)
2012-01-17 16:00:36 -0800  (tag: wicket-1.5.4, tag: release/wicket-1.5.4)
2012-01-16 09:59:50 -0800  (tag: wicket-1.5.4.1)
2011-11-09 19:50:20 +0000  (tag: wicket-1.5.3)
2011-10-20 16:03:06 +0000  (tag: wicket-1.5.2)
2011-10-12 15:34:24 +0000  (tag: wicket-1.4.19)
2011-09-25 22:34:20 +0000  (tag: wicket-1.5.1)
2011-09-20 15:34:37 +0000  (tag: wicket-1.5-RC7)
2011-09-02 15:17:06 +0000  (tag: wicket-1.5.0)
2011-08-23 16:54:23 +0000  (tag: wicket-1.5-RC6)
2011-08-05 04:47:11 +0000  (tag: wicket-1.4.18)
2011-06-16 22:47:44 +0000  (tag: wicket-1.5-RC5)
2011-05-07 21:20:21 +0000  (tag: wicket-1.5-RC4.2)
2011-05-07 20:38:38 +0000  (tag: wicket-1.5-RC4)
2011-03-28 07:23:41 +0000  (tag: wicket-1.5-RC3)
2011-03-28 06:14:00 +0000  (tag: wicket-1.4.17)
2011-02-21 16:34:45 +0000  (tag: wicket-1.5-RC2)
2011-02-21 03:22:17 +0000  (tag: wicket-1.4.16)
2011-01-18 16:44:20 +0000  (tag: wicket-1.5-RC1)
2010-12-20 06:55:05 +0000  (tag: wicket-1.4.15)
2010-11-28 03:29:12 +0000  (tag: wicket-1.4.14)
2010-10-30 05:36:34 +0000  (tag: wicket-1.5-M3)
2010-10-27 05:47:11 +0000  (tag: wicket-1.4.13)
2010-09-17 15:16:43 +0000  (tag: wicket-1.5-M2.1)
2010-09-13 03:07:11 +0000  (tag: wicket-1.4.12)
2010-09-10 05:53:09 +0000  (tag: wicket-1.5-M2)
2010-09-05 00:46:39 +0000  (tag: wicket-1.4.11)
2010-08-07 19:26:52 +0000  (tag: wicket-1.5-M1)
2010-08-07 17:40:26 +0000  (tag: wicket-1.4.10)
2010-05-19 07:28:24 +0000  (tag: wicket-1.4.9)
2010-04-24 18:36:40 +0000  (tag: wicket-1.4.8)
2010-02-28 06:51:45 +0000  (tag: wicket-1.4.7)
2010-01-26 06:43:26 +0000  (tag: wicket-1.4.6)
2009-12-16 23:42:38 +0000  (tag: wicket-1.4.5)
2009-12-07 18:09:19 +0000  (tag: wicket-1.4.4)
2009-10-19 06:42:05 +0000  (tag: wicket-1.4.3)
2009-09-29 16:42:19 +0000  (tag: wicket-1.4.2)
2009-08-04 09:59:18 +0000  (tag: wicket-1.3.7)
2009-08-04 08:13:24 +0000  (tag: wicket-1.4.0)
2009-06-08 00:48:02 +0000  (tag: wicket-1.4-rc5)
2009-06-02 20:24:01 +0000  (tag: wicket-1.4-rc4)
2009-05-05 01:29:15 +0000  (tag: 1.4-rc3)
2009-05-01 16:23:02 +0000  (tag: wicket-1.3.6)
2009-04-26 22:51:47 +0000  (tag: wicket-1.4-rc3)
2009-02-02 18:24:50 +0000  (tag: wicket-1.4-rc2)
2009-02-02 18:23:39 +0000  (tag: wicket-1.4-rc2-first-try)
2008-11-30 19:05:04 +0000  (tag: exp-before-remove-version)
2008-11-02 11:14:50 +0000  (tag: wicket-1.4-rc1)
2008-10-15 21:16:22 +0000  (tag: wicket-1.3.5)
2008-07-06 12:53:14 +0000  (tag: wicket-1.4-m3)
2008-06-29 05:31:54 +0000  (tag: wicket-1.4.x-before-generics-refactoring)
2008-06-22 12:45:14 +0000  (tag: wicket-1.3.4)
2008-05-24 20:29:26 +0000  (tag: wicket-1.4-m2)
2008-04-20 18:32:19 +0000  (tag: wicket-1.4-m1)
2008-04-02 19:36:53 +0000  (tag: wicket-1.3.3)
2008-03-23 09:36:27 +0000  (tag: wicket-1.2.7)
2008-03-09 18:00:53 +0000  (tag: wicket-1.3.2)
2008-01-30 19:59:30 +0000  (tag: wicket-1.3.1)
2007-12-29 14:19:48 +0000  (tag: wicket-1.3.0)
2007-12-06 18:14:22 +0000  (tag: wicket-1.3.0-rc2)
2007-11-04 09:20:08 +0000  (tag: wicket-1.3.0-rc1)
2007-10-07 07:44:55 +0000  (tag: wicket-1.3.0-beta4)
2007-08-20 19:20:34 +0000  (tag: wicket-1.3.0-beta3)
2007-07-27 15:37:53 +0000  (tag: AFTER_FIX_1373547)
2007-07-27 15:37:53 +0000  (tag: BEFORE_CHANGES_JON_START_OF_MERGE)
2007-07-27 15:37:53 +0000  (tag: BEFORE_FIX_1373547)
2007-07-27 15:37:53 +0000  (tag: BEFORE_INITIAL_VERSIONING_REFACTOR)
2007-07-27 15:37:53 +0000  (tag: BEFORE_JONL_REWORK_FILE_RESOURCE)
2007-07-27 15:37:53 +0000  (tag: BEFORE_POM_UPDATE)
2007-07-27 15:37:53 +0000  (tag: BEFORE_PROPER_PAGE_CONSTRUCTOR_FIX)
2007-07-27 15:37:53 +0000  (tag: BEFORE_SETTINGS_REFACTOR)
2007-07-27 15:37:53 +0000  (tag: DATE_24_NOV_2005)
2007-07-27 15:37:53 +0000  (tag: FEB_24_2005)
2007-07-27 15:37:53 +0000  (tag: HEAD-16-FEB-2006-12-41-PM-PST)
2007-07-27 15:37:53 +0000  (tag: IVAYNBERG_BEFORE_SORTING_DATATABLE_REFACTOR)
2007-07-27 15:37:53 +0000  (tag: JAN_17_2005)
2007-07-27 15:37:53 +0000  (tag: LBL_1_2_BEFORE_VALIDATION_REFACTOR)
2007-07-27 15:37:53 +0000  (tag: MARCH_4_2005)
2007-07-27 15:37:53 +0000  (tag: MARCH_6_2005)
2007-07-27 15:37:53 +0000  (tag: March_24_2005)
2007-07-27 15:37:53 +0000  (tag: PRE_BRANCH_1_2)
2007-07-27 15:37:53 +0000  (tag: PRE_CHANGE_FROM_WCN_TO_WICKET)
2007-07-27 15:37:53 +0000  (tag: PRE_CONTAINERINFO_CHANGE)
2007-07-27 15:37:53 +0000  (tag: PRE_DISABLED_NULL_CHECK_MODEL_VALIDATOR)
2007-07-27 15:37:53 +0000  (tag: PRE_FILE_CHANGE)
2007-07-27 15:37:53 +0000  (tag: PRE_NEW_MARKUP_INHERITANCE)
2007-07-27 15:37:53 +0000  (tag: PRE_PACKAGE_RENAME)
2007-07-27 15:37:53 +0000  (tag: PRE_RE-RENDER_JDO)
2007-07-27 15:37:53 +0000  (tag: PRE_WICKET_1_2_1)
2007-07-27 15:37:53 +0000  (tag: PRE_WICKET_HEADER_SUPPORT_REVIEWED-2005-08-14)
2007-07-27 15:37:53 +0000  (tag: Root_EXP_PORTLETS_PRE_1_2)
2007-07-27 15:37:53 +0000  (tag: Root_TRY_EELCO_AJAX)
2007-07-27 15:37:53 +0000  (tag: Root_TRY_REPLACE_AND_COPY)
2007-07-27 15:37:53 +0000  (tag: Root_V_1_2)
2007-07-27 15:37:53 +0000  (tag: Root_WICKET_1-1b4-separated-attach-and-render-phase)
2007-07-27 15:37:53 +0000  (tag: Root_WICKET_1_0_0)
2007-07-27 15:37:53 +0000  (tag: Root_WICKET_1_1)
2007-07-27 15:37:53 +0000  (tag: Root_WebRequestEncodingStrategy_change)
2007-07-27 15:37:53 +0000  (tag: Root_ajax_tryout)
2007-07-27 15:37:53 +0000  (tag: Root_redirect_fix)
2007-07-27 15:37:53 +0000  (tag: V0-9-16-PRE-COMPONENTRESOLVER)
2007-07-27 15:37:53 +0000  (tag: V0-9-16_PRE_WICKET_TAG)
2007-07-27 15:37:53 +0000  (tag: V28_11_2004)
2007-07-27 15:37:53 +0000  (tag: V_0_9_15_BETA_PRE_GROOVY)
2007-07-27 15:37:53 +0000  (tag: V_0_9_16_BETA_PRE_WICKET_NAMESPACE)
2007-07-27 15:37:53 +0000  (tag: V_1_2_22_08_2005)
2007-07-27 15:37:53 +0000  (tag: V_1_2_PRE_MARKUPSTREAMPOSITION)
2007-07-27 15:37:53 +0000  (tag: V_1_2_PRE_TRANSPARENT_CONTAINERS)
2007-07-27 15:37:53 +0000  (tag: V_28_11_2004)
2007-07-27 15:37:53 +0000  (tag: V_3_MAY_2005)
2007-07-27 15:37:53 +0000  (tag: alpha_0_9_11)
2007-07-27 15:37:53 +0000  (tag: before-fasttrack)
2007-07-27 15:37:53 +0000  (tag: before-request-cycle-architecture-change)
2007-07-27 15:37:53 +0000  (tag: before-request-cycle-rendering-changes)
2007-07-27 15:37:53 +0000  (tag: dashorst)
2007-07-27 15:37:53 +0000  (tag: matej_k_before_hybrid_urls)
2007-07-27 15:37:53 +0000  (tag: pre-wicket-1.2.5)
2007-07-27 15:37:53 +0000  (tag: pre_ajax_support)
2007-07-27 15:37:53 +0000  (tag: pre_wicketId_20050317)
2007-07-27 15:37:53 +0000  (tag: test-branch2)
2007-07-27 15:37:53 +0000  (tag: wicket-0.9.11-alpha)
2007-07-27 15:37:53 +0000  (tag: wicket-0.9.13-alpha)
2007-07-27 15:37:53 +0000  (tag: wicket-0.9.14-alpha)
2007-07-27 15:37:53 +0000  (tag: wicket-0.9.15-beta)
2007-07-27 15:37:53 +0000  (tag: wicket-0.9.16-beta)
2007-07-27 15:37:53 +0000  (tag: wicket-0.9.17-beta)
2007-07-27 15:37:53 +0000  (tag: wicket-0.9.18-beta)
2007-07-27 15:37:53 +0000  (tag: wicket-0.9.19-beta)
2007-07-27 15:37:53 +0000  (tag: wicket-1.0)
2007-07-27 15:37:53 +0000  (tag: wicket-1.0-rc1)
2007-07-27 15:37:53 +0000  (tag: wicket-1.0-rc2)
2007-07-27 15:37:53 +0000  (tag: wicket-1.0-rc3)
2007-07-27 15:37:53 +0000  (tag: wicket-1.0.1)
2007-07-27 15:37:53 +0000  (tag: wicket-1.0.2)
2007-07-27 15:37:53 +0000  (tag: wicket-1.0.3)
2007-07-27 15:37:53 +0000  (tag: wicket-1.1)
2007-07-27 15:37:53 +0000  (tag: wicket-1.1-beta1)
2007-07-27 15:37:53 +0000  (tag: wicket-1.1-beta2)
2007-07-27 15:37:53 +0000  (tag: wicket-1.1-beta3)
2007-07-27 15:37:53 +0000  (tag: wicket-1.1-beta4)
2007-07-27 15:37:53 +0000  (tag: wicket-1.1-rc1)
2007-07-27 15:37:53 +0000  (tag: wicket-1.1-rc2)
2007-07-27 15:37:53 +0000  (tag: wicket-1.1.1)
2007-07-27 15:37:53 +0000  (tag: wicket-1.2)
2007-07-27 15:37:53 +0000  (tag: wicket-1.2-SNAPSHOT-2005-12-20)
2007-07-27 15:37:53 +0000  (tag: wicket-1.2-SNAPSHOT-2005-12-29)
2007-07-27 15:37:53 +0000  (tag: wicket-1.2-SNAPSHOT-2006-01-08)
2007-07-27 15:37:53 +0000  (tag: wicket-1.2-SNAPSHOT-2006-01-15)
2007-07-27 15:37:53 +0000  (tag: wicket-1.2-SNAPSHOT-2006-01-22)
2007-07-27 15:37:53 +0000  (tag: wicket-1.2-SNAPSHOT-2006-01-27)
2007-07-27 15:37:53 +0000  (tag: wicket-1.2-SNAPSHOT-2006-01-31)
2007-07-27 15:37:53 +0000  (tag: wicket-1.2-SNAPSHOT-2006-02-06)
2007-07-27 15:37:53 +0000  (tag: wicket-1.2-SNAPSHOT-2006-02-16)
2007-07-27 15:37:53 +0000  (tag: wicket-1.2-SNAPSHOT-20060127-0105)
2007-07-27 15:37:53 +0000  (tag: wicket-1.2-SNAPSHOT-20060227-0200)
2007-07-27 15:37:53 +0000  (tag: wicket-1.2-beta1)
2007-07-27 15:37:53 +0000  (tag: wicket-1.2-beta2)
2007-07-27 15:37:53 +0000  (tag: wicket-1.2-beta3)
2007-07-27 15:37:53 +0000  (tag: wicket-1.2-rc1)
2007-07-27 15:37:53 +0000  (tag: wicket-1.2-rc2)
2007-07-27 15:37:53 +0000  (tag: wicket-1.2-rc3)
2007-07-27 15:37:53 +0000  (tag: wicket-1.2.2)
2007-07-27 15:37:53 +0000  (tag: wicket-1.2.3)
2007-07-27 15:37:53 +0000  (tag: wicket-1.2.4)
2007-07-27 15:37:53 +0000  (tag: wicket-1.2.5)
2007-07-27 15:37:53 +0000  (tag: wicket-1.2.6)
2007-07-27 15:37:53 +0000  (tag: wicket-1.3.0-beta2)
2007-07-27 15:37:53 +0000  (tag: wicket-1.3.0-incubating-SNAPSHOT)
2007-07-27 15:37:53 +0000  (tag: wicket-1.3.0-incubating-beta-1)
2007-07-27 15:37:53 +0000  (tag: wicket-1.x-before-als-repo-restructure)
2007-07-27 15:37:53 +0000  (tag: wicket-spring-1.0)
2007-07-27 15:37:53 +0000  (tag: wicket-spring-annot-1.0)
2007-07-27 15:37:53 +0000  (tag: wicket-spring-annot-examples-1.0)
2007-07-27 15:37:53 +0000  (tag: wicket-spring-cattr-1.0)
2007-07-27 15:37:53 +0000  (tag: wicket-spring-examples-1.0)
2007-07-27 15:37:53 +0000  (tag: wicket_1_2_b2_before_charsequence)
2004-09-21 18:49:10 +0000 