2022-05-14 15:13:45 -0400  (tag: 1.4.0)
2021-07-01 07:53:39 -1000  (tag: 1.3.0)
2016-03-06 00:43:26 +0000  (origin/stax-stream)
2016-02-28 09:56:51 +0000  (origin/maven-site-plugin-3.5)
2019-01-10 22:24:24 +0000  (tag: 1.2.22)
2018-11-02 21:07:14 +0000  (tag: 1.2.21)
2016-10-16 17:16:17 +0000  (tag: 1.2.20)
2016-04-25 20:44:29 +0000  (tag: 1.2.19)
2016-02-20 17:38:23 +0000  (tag: 1.2.18)
2015-12-29 11:06:09 +0000  (tag: 1.2.17)
2015-12-09 08:18:22 +0000  (origin/AXIOM-476)
2015-11-25 08:17:50 +0000  (origin/DOXIA-492)
2015-11-19 20:09:22 +0000  (tag: 1.2.16)
2015-06-20 18:20:00 +0000  (origin/attrs-aspects)
2015-06-10 19:21:07 +0000  (tag: 1.2.15)
2013-01-20 09:06:43 +0000  (origin/trunk@1435921)
2013-01-14 21:45:35 +0000 
2013-01-14 21:19:15 +0000  (origin/AXIOM-201)
2013-04-20 09:05:59 +0000  (tag: 0_95)
2006-03-23 17:06:27 +0000  (tag: 0_95@1470129)
2013-04-20 09:05:59 +0000  (tag: 1.2.10)
2010-10-30 12:46:41 +0000  (tag: 1.2.10@1470129)
2013-04-20 09:05:59 +0000  (tag: 1.2.11)
2011-02-03 22:16:29 +0000  (tag: 1.2.11@1470129)
2013-04-20 09:05:59 +0000  (tag: 1.2.12)
2011-07-02 13:32:07 +0000  (tag: 1.2.12@1470129)
2013-04-20 09:05:59 +0000  (tag: 1.2.13)
2012-04-02 20:08:13 +0000  (tag: 1.2.13@1470129)
2013-04-20 09:05:59 +0000  (tag: 1.2.14)
2012-12-02 18:23:48 +0000  (tag: 1.2.14@1470129)
2012-12-02 18:18:05 +0000  (tag: 1.2.14@1416223)
2012-07-31 20:05:33 +0000  (origin/JAXB2_DS)
2012-07-26 21:24:54 +0000  (origin/JAXB2_DS@1366462)
2012-07-26 20:52:41 +0000  (origin/AXIOM-435)
2012-07-22 08:58:24 +0000  (origin/AXIOM-437)
2012-07-20 17:51:27 +0000  (origin/AXIOM-437@1364040)
2012-07-14 08:02:47 +0000  (origin/AXIOM-435@1361506)
2012-06-23 10:07:22 +0000  (origin/CLONE_NODE)
2012-06-05 19:51:31 +0000  (origin/CLONE_NODE@1346606)
2012-05-16 05:36:06 +0000 
2012-05-15 21:23:48 +0000  (origin/CLONE)
2012-05-15 20:57:58 +0000  (origin/CHECK_PARENT_BUG)
2012-05-13 17:18:45 +0000  (origin/CHECK_PARENT_BUG@1338397)
2012-05-09 21:42:29 +0000  (origin/CLONE@1337821-)
2012-05-09 20:03:37 +0000  (origin/AXIOM-420)
2012-05-04 18:38:09 +0000  (origin/AXIOM-420@1334120)
2012-04-26 20:27:00 +0000  (origin/AXIOM-399)
2012-04-23 19:04:51 +0000  (origin/AXIOM-399@1329378)
2012-04-12 20:49:44 +0000  (origin/AXIOM-412)
2012-04-09 14:53:05 +0000  (origin/AXIOM-412@1311324)
2012-04-02 20:08:02 +0000  (tag: 1.2.13@1308521)
2012-02-25 12:08:44 +0000  (origin/namespaceURIInterning)
2012-02-23 19:40:46 +0000  (origin/namespaceURIInterning@1293147)
2011-10-15 08:46:47 +0000  (origin/AXIOM-201@1183598)
2011-10-09 12:13:35 +0000  (origin/osgi-redesign)
2011-10-06 20:03:15 +0000  (origin/osgi-redesign@1180367)
2011-07-02 13:31:58 +0000  (tag: 1.2.12@1142220)
2011-02-03 22:16:19 +0000  (tag: 1.2.11@1067003)
2010-10-30 12:45:10 +0000  (tag: 1.2.10@1029049)
2013-04-20 09:05:59 +0000  (tag: 1.2.6)
2008-04-15 12:44:57 +0000  (tag: 1.2.6@1470129)
2013-04-20 09:05:59 +0000  (tag: 1.2.7)
2008-04-21 02:42:39 +0000  (tag: 1.2.7@1470129)
2013-04-20 09:05:59 +0000  (tag: 1.2.8)
2009-01-09 18:09:44 +0000  (tag: 1.2.8@1470129)
2013-04-20 09:05:59 +0000  (tag: 1.2.9)
2010-06-13 21:55:39 +0000  (tag: 1.2.9@1470129)
2010-06-13 21:54:07 +0000  (tag: 1.2.9@954317)
2009-02-05 10:57:31 +0000  (origin/CLONE@1337821)
2009-01-09 17:07:39 +0000  (tag: 1.2.8@733098)
2008-04-15 19:57:09 +0000  (tag: 1.2.7@649060)
2008-04-10 13:21:58 +0000  (tag: 1.2.6@646794)
2013-04-20 09:05:59 +0000  (tag: 1_0)
2006-05-02 18:16:14 +0000  (tag: 1_0@1470129)
2013-04-20 09:05:59 +0000  (tag: 1_1)
2006-09-15 18:24:15 +0000  (tag: 1_1@1470129)
2013-04-20 09:05:59 +0000  (tag: 1_1_1)
2006-09-18 09:37:41 +0000  (tag: 1_1_1@1470129)
2013-04-20 09:05:59 +0000  (tag: 1_2)
2006-11-12 20:21:31 +0000  (tag: 1_2@1470129)
2013-04-20 09:05:59 +0000  (tag: 1_2_1)
2006-11-30 04:13:40 +0000  (tag: 1_2_1@1470129)
2013-04-20 09:05:59 +0000  (tag: 1_2_2)
2007-01-09 10:45:17 +0000  (tag: 1_2_2@1470129)
2013-04-20 09:05:59 +0000  (tag: 1_2_3)
2007-04-06 08:36:23 +0000  (tag: 1_2_3@1470129)
2013-04-20 09:05:59 +0000  (tag: 1_2_3RC1)
2007-03-29 06:01:25 +0000  (tag: 1_2_3RC1@1470129)
2013-04-20 09:05:59 +0000  (tag: 1_2_4)
2007-04-21 06:53:36 +0000  (tag: 1_2_4@1470129)
2013-04-20 09:05:59 +0000  (tag: 1_2_5)
2007-07-24 05:04:58 +0000  (tag: 1_2_5@1470129)
2007-07-17 18:41:46 +0000  (tag: 1_2_5@557176)
2007-04-19 07:54:52 +0000  (tag: 1_2_4@530712)
2007-04-04 08:37:02 +0000  (tag: 1_2_3@526071)
2007-03-16 01:29:03 +0000  (tag: 1_2_3RC1@521599)
2007-01-05 18:40:03 +0000  (tag: 1_2_2@493954)
2006-11-28 18:02:04 +0000  (tag: 1_2_1@480816)
2006-11-12 20:10:10 +0000  (tag: 1_2@474026)
2006-03-23 09:29:17 +0000  (tag: 1_2_5@388355, tag: 1_2_4@388355, tag: 1_2_3RC1@388355, tag: 1_2_3@388355, tag: 1_2_2@388355, tag: 1_2_1@388355, tag: 1_2@388355, tag: 1.2.9@388355, tag: 1.2.8@388355, tag: 1.2.7@388355, tag: 1.2.6@388355, tag: 1.2.14@388355, tag: 1.2.13@388355, tag: 1.2.12@388355, tag: 1.2.11@388355, tag: 1.2.10@388355, origin/trunk@388355, origin/osgi-redesign@388355, origin/namespaceURIInterning@388355, origin/JAXB2_DS@388355, origin/CLONE_NODE@388355, origin/CLONE@388355-, origin/CLONE@388355, origin/CHECK_PARENT_BUG@388355, origin/AXIOM-437@388355, origin/AXIOM-435@388355, origin/AXIOM-420@388355, origin/AXIOM-412@388355, origin/AXIOM-399@388355, origin/AXIOM-201@388355)
2006-02-01 11:05:52 +0000  (tag: 1_2_5@374083, tag: 1_2_4@374083, tag: 1_2_3RC1@374083, tag: 1_2_3@374083, tag: 1_2_2@374083, tag: 1_2_1@374083, tag: 1_2@374083, tag: 1.2.9@374083, tag: 1.2.8@374083, tag: 1.2.7@374083, tag: 1.2.6@374083, tag: 1.2.14@374083, tag: 1.2.13@374083, tag: 1.2.12@374083, tag: 1.2.11@374083, tag: 1.2.10@374083, origin/trunk@374083, origin/osgi-redesign@374083, origin/namespaceURIInterning@374083, origin/JAXB2_DS@374083, origin/CLONE_NODE@374083, origin/CLONE@374083-, origin/CLONE@374083, origin/CHECK_PARENT_BUG@374083, origin/AXIOM-437@374083, origin/AXIOM-435@374083, origin/AXIOM-420@374083, origin/AXIOM-412@374083, origin/AXIOM-399@374083, origin/AXIOM-201@374083)