2018-04-21 03:42:59 +0000  (tag: Xerces-J_2_12_0-xml-schema-1.1)
2018-04-21 03:42:19 +0000  (tag: Xerces-J_2_12_0)
2010-11-26 20:17:02 +0000  (tag: Xerces-J_2_11_0-xml-schema-1.1-beta)
2010-11-26 20:16:06 +0000  (tag: Xerces-J_2_11_0)
2010-06-15 15:03:20 +0000  (tag: Xerces-J_2_10_0-xml-schema-1.1-beta)
2010-06-14 19:39:14 +0000  (tag: Xerces-J_2_10_0)
2007-09-15 00:22:16 +0000  (tag: Xerces-J_2_9_1)
2006-11-23 00:08:14 +0000  (tag: Xerces-J_2_9_0)
2006-09-14 01:56:20 +0000  (tag: Xerces-J_2_8_1)
2006-03-01 00:01:33 +0000  (tag: Xerces-J_2_8_0)
2005-07-26 19:50:58 +0000  (tag: Xerces-J_2_7_1)
2005-06-24 20:40:24 +0000  (tag: Xerces-J_2_7_0)
2005-01-05 21:13:49 +0000  (tag: Xerces-J_01052005)
2004-04-30 15:36:38 +0000  (tag: jaxp_1_3_0_04052004)
2004-02-20 18:27:42 +0000  (tag: Xerces-J_2_6_2)
2004-02-19 23:43:37 +0000  (tag: xerces_2_6_1_plus_bugfixes)
2004-02-18 17:04:17 +0000  (tag: jaxp-1_2_3-09)
2004-02-12 08:25:25 +0000  (tag: jaxp-1_2_3-08)
2004-01-30 15:20:46 +0000  (tag: Xerces-J_2_6_1)
2004-01-27 08:00:01 +0000  (tag: jaxp-1_2_3-07)
2003-12-17 12:08:33 +0000  (tag: jaxp13-2_6-branch-t2)
2003-12-09 15:11:27 +0000  (tag: jaxp13-2_6-branch-t1)
2003-12-02 15:38:38 +0000  (tag: fixes-after-2_6_0)
2003-11-20 01:21:19 +0000  (tag: Xerces-J_2_6_0)
2003-09-23 14:04:30 +0000  (tag: jaxp-1_3_0-04)
2003-09-10 09:03:33 +0000  (tag: jaxp-1_3_0-03)
2003-08-11 14:36:47 +0000  (tag: jaxp-1_3_0-02)
2003-07-30 22:03:08 +0000  (tag: Xerces-J_2_5_0)
2003-07-30 22:03:08 +0000  (tag: jaxp-1_3_0-01)
2003-07-19 05:26:22 +0000  (tag: jaxp-1-3-01)
2003-07-15 12:58:57 +0000  (tag: jaxp-1_2_3-06)
2003-06-05 21:51:51 +0000  (tag: jdk-integration)
2003-05-13 07:38:03 +0000  (tag: jaxp-1_2_3-05)
2003-04-24 09:47:52 +0000  (tag: jaxp-1_2_3-04)
2003-04-16 11:47:11 +0000  (tag: jaxp-1_2_3-03)
2003-03-27 18:23:17 +0000  (tag: Xerces-J_2_4_0)
2003-03-24 05:58:24 +0000  (tag: jaxp-1-2_3-02)
2003-03-24 05:58:24 +0000  (tag: jaxp-1_2_3-02)
2003-01-27 17:16:04 +0000  (tag: Xerces-J_2_3_0)
2003-01-27 17:16:04 +0000  (tag: jaxp_1_2_3_01)
2003-01-06 14:00:58 +0000  (tag: jaxp_1_2_2_02)
2003-01-06 14:00:58 +0000  (tag: jaxp_1_2_2_branch_02)
2002-12-02 20:42:23 +0000  (tag: jaxp_1_2_2_01)
2002-11-11 20:47:31 +0000  (tag: Xerces-J_2_2_1)
2002-09-26 14:11:37 +0000  (tag: Xerces-J_2_2_0)
2002-08-27 19:45:02 +0000  (tag: Xerces-J_2_1_0)
2002-08-21 13:05:29 +0000  (tag: jaxp-ri-1_2_0-fcs-04)
2002-08-14 15:15:41 +0000  (tag: jaxp-ri-1_2_0-fcs-03)
2002-06-20 23:40:01 +0000  (tag: Xerces-J_2_0_2)
2002-04-17 13:02:15 +0000  (tag: jaxp-ri-1_2_0-fcs-02)
2002-03-04 17:38:37 +0000  (tag: Xerces-J_2_0_1)
2002-03-04 17:38:37 +0000  (tag: jaxp-ri-1_2_0-fcs-branch-01)
2002-02-15 03:01:45 +0000  (tag: jaxp-ri-1_2_0-beta)
2002-02-15 03:01:45 +0000  (tag: jaxp-ri-1_2_0-beta-branch)
2002-01-30 01:41:48 +0000  (tag: Xerces-J_2_0_0)
2001-12-18 00:18:08 +0000  (tag: Xerces-J_2_0_0beta4)
2001-12-12 03:28:08 +0000  (tag: jaxp-ri-1_2_0-alpha)
2001-11-26 20:08:04 +0000  (tag: Xerces-J_2_XNIMOD)
2001-11-15 18:56:03 +0000  (tag: Xerces-J_1_4_4)
2001-10-29 18:35:09 +0000  (tag: Xerces-J_2_0_0_beta3)
2001-10-25 14:37:36 +0000  (tag: Xerces-J_2_pkgReorg_xs)
2001-08-24 06:47:45 +0000  (tag: Xerces-J_2_0_0_beta2)
2001-08-23 00:35:39 +0000  (tag: start_xerces_j_2_trunc)
2001-08-22 14:22:41 +0000  (tag: end_of_xerces_j_2_branch)
2001-08-22 14:22:41 +0000  (origin/xerces_j_2)
2001-08-20 17:20:38 +0000  (tag: Xerces-J_1_4_3)
2001-08-10 09:30:23 +0000  (tag: Xerces-J_2_0_0_beta)
2001-07-23 16:11:49 +0000  (tag: Xerces-J_1_4_2)
2001-06-22 17:58:15 +0000  (tag: Xerces-J_1_4_1)
2001-06-15 19:23:41 +0000  (tag: valport_x1)
2001-05-22 13:47:17 +0000  (tag: Xerces-J_1_4_0)
2001-03-16 15:58:11 +0000  (tag: Xerces-J_1_3_1)
2001-02-14 18:29:30 +0000  (tag: x1_sync_021301)
2001-02-13 17:26:35 +0000  (tag: merge_to_x2_021301)
2001-01-31 21:44:52 +0000  (tag: Xerces-J_1_3_0)
2000-12-12 19:08:19 +0000  (tag: x1_sync_121100)
2000-12-11 19:06:58 +0000  (tag: merge_to_x2_121100)
2000-12-08 01:13:20 +0000  (tag: Xerces-J_2_0_0_alpha)
2000-12-06 22:14:35 +0000  (tag: Xerces-J_1_2_3)
2000-11-27 23:06:06 +0000  (tag: Xerces-J_1_2_2)
2000-11-22 02:12:58 +0000  (tag: help)
2000-11-06 21:37:16 +0000  (tag: private_1472)
2000-10-19 17:10:29 +0000  (tag: Xerces-J_1_2_1)
2000-09-29 23:51:11 +0000  (tag: x2m1)
2000-09-01 18:10:19 +0000  (tag: Xerces-J_1_2_0)
2000-07-26 23:56:09 +0000  (tag: Xerces-J_1_1_3)
2000-06-23 22:41:17 +0000  (tag: Xerces-J_1_1_2)
2000-06-07 16:04:00 +0000  (tag: beforexercesj2)
2000-06-05 17:27:18 +0000  (tag: Xerces-J_1_1_1)
2000-05-22 17:43:24 +0000  (tag: Xerces-J-1_1_0_05_22_2000)
2000-05-22 16:11:57 +0000  (tag: Xerces-J_1_1_0)
2000-05-11 16:31:37 +0000  (tag: beforeschemamerge)
2000-05-10 00:38:34 +0000  (tag: Xerces-J_1_0_4)
2000-04-14 23:16:08 +0000  (tag: schemapointtag)
2000-04-04 00:40:00 +0000  (tag: Xerces-J_1_0_3_Schema)
2000-03-08 21:54:36 +0000  (tag: Xerces-J_1_0_3)
2000-02-29 01:35:27 +0000  (tag: Xerces-J_1_0_2)
2000-01-05 23:22:08 +0000  (tag: Xerces-J_1_0_1)
1999-11-09 01:14:20 +0000  (tag: initial)
1999-11-09 01:11:22 +0000  (origin/apache)