2022-06-12 23:11:24 +0000  (tag: REL_5_1_0)
2021-12-30 23:26:41 +0000  (origin/gradle-build)
2021-12-30 23:24:13 +0000  (tag: before_gradle_migration)
2021-12-30 00:29:03 +0000  (tag: REL_5_0_3)
2021-10-24 22:54:04 +0000  (tag: REL_5_0_2)
2021-07-02 20:50:08 +0000  (tag: REL_5_0_1)
2021-03-09 22:45:04 +0000  (tag: REL_5_0_0)
2020-10-09 20:03:53 +0000  (tag: 4.0.0-RC1)
2020-10-09 20:02:16 +0000  (tag: 4.0.0)
2020-06-19 22:18:00 +0000  (tag: before-jigsaw-update)
2019-03-27 03:46:07 +0000  (tag: 3.1.0)
2019-03-20 18:24:55 +0000  (tag: 3.0.3)
2019-01-18 21:27:33 +0000  (tag: before-junit4-update)
2018-07-25 17:46:15 +0000  (tag: 3.0.0)
2012-08-15 17:39:13 +0000  (tag: 2.6.0)
2008-11-08 00:00:23 +0000  (tag: 2.4.0)
2007-06-02 00:44:01 +0000  (tag: 2.3.0)
2007-06-02 00:33:25 +0000  (tag: 2.2.0)
2005-11-17 00:12:29 +0000  (tag: 2.1.0)
2005-06-28 20:16:53 +0000  (tag: 2.0.0)
2005-02-24 02:02:47 +0000  (tag: 1.0.4-jdk1.3)
2005-02-24 02:02:00 +0000  (tag: 1.0.4)
2005-02-24 01:55:36 +0000  (tag: 2.0.0-beta1)
2004-12-08 20:28:38 +0000  (tag: 1.0.0)
2004-12-08 20:28:38 +0000  (tag: 1.0.0-pre1)
2004-12-08 20:28:38 +0000  (tag: 1.0.2)
2004-12-08 20:28:38 +0000  (tag: 1.0.3-rc1)
2004-12-08 20:28:38 +0000  (tag: 1.0.3-rc2)
2004-12-08 20:28:38 +0000  (tag: v1_0_0)
2004-12-08 20:28:38 +0000  (tag: v1_0_0pre1)
2004-12-08 20:28:38 +0000  (tag: xmlbeans-1-0-2_release)
2004-12-08 20:28:38 +0000  (tag: xmlbeans-1-0-3_release_candidate1)
2004-12-08 20:28:38 +0000  (tag: xmlbeans-1-0-3_release_candidate2)
2004-12-08 19:38:08 +0000  (tag: 1.0.1)
2003-09-15 17:09:37 +0000 
2004-06-17 23:20:35 +0000  (tag: xmlbeans-jdk13_base)
2004-01-23 23:54:18 +0000  (tag: merge_from_1-0-1_040123)
2004-01-23 23:15:59 +0000  (tag: merge_to_v1trunk_040123)
2004-01-10 02:31:07 +0000  (tag: xmlbeans-1-0-1_base)
2003-11-13 01:03:02 +0000  (tag: db_031112)
2003-10-29 21:14:36 +0000  (tag: cca_031029)
2003-10-15 18:29:14 +0000  (tag: ca_031016)
2003-09-30 23:18:15 +0000  (tag: xmlbeans-1-0-0)
2003-09-24 19:01:29 +0000  (tag: db_030924)
2003-09-22 23:53:21 +0000  (tag: db_030922)
2003-09-17 01:04:23 +0000  (tag: db_030916)