2022-01-20 09:11:35 +0000  (tag: commons-2_7)
2022-01-12 11:23:11 +0000  (origin/commons-2_7)
2021-01-21 09:13:55 +0000  (tag: commons-2_6)
2021-01-12 10:43:52 +0000  (origin/commons-2_6)
2019-11-05 16:15:03 +0000  (tag: commons-2_4)
2019-10-25 08:01:04 +0000  (origin/commons-2_4)
2018-05-23 08:35:42 +0000  (tag: commons-2_3)
2018-05-14 09:03:49 +0000  (origin/commons-2_3)
2017-04-10 07:59:41 +0000  (tag: commons-2_2)
2017-03-17 13:11:00 +0000  (origin/commons-2_2)
2016-02-24 05:31:15 +0000  (origin/maven)
2016-01-15 09:45:49 +0000  (tag: commons-2_1)
2016-01-07 13:45:22 +0000  (origin/commons-2_1)
2015-06-02 08:10:48 +0000  (tag: commons-2_0_1)
2015-05-26 07:49:35 +0000  (origin/commons-2_0_1)
2014-10-01 10:03:08 +0000  (tag: commons-2_0)
2014-10-01 09:06:09 +0000  (origin/commons-2_0)
2014-03-11 17:41:58 +0000  (origin/Temp_Checkstyle)
2012-10-21 08:33:17 +0000  (origin/Temp_MergeFrom15)
2012-09-19 14:17:10 +0000  (origin/Temp_URI_Resolution)
2012-06-22 15:55:07 +0000  (origin/Temp_TrueTypeInPostScript)
2012-10-16 14:50:45 +0000  (tag: commons-1_5)
2012-10-16 14:48:59 +0000  (tag: commons-1_5old1)
2012-07-02 18:58:04 +0000  (tag: commons-1_5rc1)
2012-06-23 19:49:58 +0000  (origin/commons-1_5rc1)
2010-12-14 09:52:10 +0000  (origin/Temp_Color)
2010-07-02 11:58:17 +0000  (tag: commons-1_4)
2010-07-02 11:54:22 +0000  (origin/commons-1_4)
2008-06-03 11:55:22 +0000  (tag: commons-1_3_1)
2008-06-03 11:52:42 +0000  (origin/commons-1_3_1)
2008-03-03 20:17:24 +0000  (tag: commons-1_3)
2008-03-03 15:31:14 +0000  (origin/commons-1_3)
2007-07-16 08:23:05 +0000  (tag: commons-1_2)
2007-07-16 08:03:58 +0000  (origin/commons-1_2)
2006-12-19 15:35:20 +0000  (tag: commons-1_1)
2006-12-19 10:43:24 +0000  (origin/commons-1_1)
2006-04-17 21:56:23 +0000  (tag: commons-1_0)
2006-04-17 21:16:02 +0000  (origin/commons-1_0)
2006-02-20 15:49:33 +0000 