2022-01-20 09:12:58 +0000  (tag: fop-2_7)
2022-01-12 11:46:48 +0000  (origin/fop-2_7)
2021-01-21 09:13:23 +0000  (tag: fop-2_6)
2021-01-12 11:22:43 +0000  (origin/fop-2_6)
2020-05-13 07:11:11 +0000  (tag: fop-2_5)
2020-05-05 09:34:11 +0000  (origin/fop-2_5)
2019-11-05 16:13:33 +0000  (tag: fop-2_4)
2019-10-25 11:51:27 +0000  (origin/fop-2_4)
2018-05-24 13:27:36 +0000  (tag: fop-2_3)
2018-05-16 08:17:18 +0000  (origin/fop-2_3)
2017-04-10 08:00:28 +0000  (tag: fop-2_2)
2017-04-03 11:23:45 +0000  (origin/fop-2_2)
2016-01-15 09:46:40 +0000  (tag: fop-2_1)
2016-01-07 14:03:28 +0000  (origin/fop-2_1)
2015-08-04 15:05:19 +0000  (origin/Temp_PCLSoftFonts)
2015-06-02 08:12:23 +0000  (tag: fop-2_0)
2014-07-18 19:31:41 +0000  (origin/FOP-2393_gradient-rendering)
2014-06-20 09:27:37 +0000  (origin/Temp_FontMerging)
2014-04-30 18:20:40 +0000  (origin/Temp_WhitespaceManagement)
2014-02-03 18:53:01 +0000  (origin/Temp_FopFontsForSVG)
2014-01-29 10:37:39 +0000  (origin/Temp_InlineContainer)
2012-10-23 08:54:57 +0000  (origin/Temp_RoundedCorners)
2012-09-27 12:11:28 +0000  (origin/Temp_XGC_URI_Resolution)
2012-07-03 08:24:35 +0000  (origin/Temp_URI_Unification)
2012-10-16 15:42:21 +0000  (tag: fop-1_1)
2012-10-16 15:40:20 +0000  (tag: fop-1_1old1)
2012-07-05 21:55:22 +0000  (tag: fop-1_1rc1)
2012-07-05 20:29:53 +0000 
2012-06-22 16:36:20 +0000  (origin/Temp_TrueTypeInPostScript)
2012-07-05 21:53:34 +0000  (tag: fop-1_1rc1old)
2012-06-27 18:20:40 +0000  (origin/fop-1_1rc1)
2012-03-21 15:12:43 +0000  (origin/Temp_PDF_ObjectStreams)
2012-02-06 10:18:09 +0000  (origin/Temp_ImproveAccessibility)
2011-02-10 15:22:00 +0000  (origin/Temp_Color)
2011-07-01 17:25:44 +0000  (tag: fop-1_0)
2010-07-12 18:16:26 +0000  (origin/fop-1_0)
2009-10-27 18:16:31 +0000  (origin/Temp_Accessibility)
2009-02-22 11:07:43 +0000  (origin/Temp_AreaTreeNewDesign)
2008-11-27 10:37:43 +0000  (origin/Temp_AFPGOCAResources)
2008-07-31 13:56:42 +0000  (tag: fop-0_95)
2008-03-18 11:11:00 +0000  (tag: fop-0_95beta)
2007-08-18 17:47:56 +0000  (tag: fop-0_94)
2007-01-03 20:36:12 +0000  (tag: fop-0_93)
2006-04-18 20:06:19 +0000  (tag: fop-0_92-beta)
2006-04-18 19:53:05 +0000  (origin/fop-0_92)
2005-12-23 22:04:33 +0000  (tag: fop-0_91-beta)
2005-12-23 22:01:31 +0000  (origin/fop-0_91)
2005-11-21 14:51:06 +0000  (tag: fop-0_90-alpha1)
2005-11-21 10:54:09 +0000  (origin/fop-0_90)
2005-05-13 14:55:14 +0000  (tag: Before_Merge_KnuthStylePageBreaking_Back_To_HEAD)
2005-04-20 18:48:38 +0000  (tag: Before_Merge_KnuthStylePageBreaking_Branch)
2005-03-29 19:07:28 +0000  (tag: batik-1_6)
2005-03-18 08:11:48 +0000  (tag: Root_Temp_KnuthStylePageBreaking)
2004-10-05 11:13:31 +0000  (tag: Defoe_export)
2004-10-05 11:13:31 +0000  (origin/FOP_0-20-0_Alt-Design)
2004-03-08 23:01:13 +0000  (tag: Alt-Design_pre_awt_renderer_import)
2003-07-15 01:42:39 +0000  (tag: fop-0_20_5)
2003-07-04 03:50:09 +0000  (tag: Alt-Design_pre_src-java-org)
2003-05-21 22:20:59 +0000  (tag: fop-0_20_5rc3a)
2003-05-19 21:52:36 +0000  (tag: fop-0_20_5rc3)
2003-03-17 05:08:59 +0000  (tag: Alt-Design-integration-base)
2003-02-18 12:45:35 +0000  (tag: fop-0_20_5rc2)
2002-12-10 15:58:03 +0000  (tag: fop-0_20_5rc)
2002-10-19 02:04:19 +0000  (tag: Alt-Design_pre_Properties_split)
2002-07-05 16:44:10 +0000  (tag: fop-0_20_4)
2002-07-05 14:14:21 +0000  (tag: fop-0_20_4-doc)
2002-05-09 04:08:39 +0000  (tag: FOP_Alt-Design_Migration)
2002-03-03 00:16:11 +0000  (tag: fop-0_20_3)
2001-08-12 17:05:13 +0000  (tag: fop-0_20_0)
2001-07-30 07:58:39 +0000  (tag: PRE_CODEFORMATTING)
2001-04-03 01:01:55 +0000  (tag: fop-0_18_1)
2001-02-11 05:42:55 +0000  (tag: fop-0_17_0)
2000-12-17 16:28:36 +0000  (tag: pre-columns)
1999-11-29 05:59:49 +0000  (tag: RELEASE_0_12_0)
1999-11-17 01:33:15 +0000  (tag: RELEASE_0_12_0_pre_5)
1999-11-08 19:13:17 +0000  (tag: initial)
1999-11-08 19:13:17 +0000  (origin/dirkx)