2022-02-28 12:09:10 +0800  (tag: v0.10.1)
2022-02-22 20:17:00 +0800  (tag: v0.10.1-rc2)
2021-11-19 22:38:04 +0800  (tag: v0.10.1-rc1)
2021-08-24 14:31:19 +0800  (tag: v0.10.0)
2021-02-10 10:42:55 +0100  (tag: v0.9.0-docker)
2019-10-07 22:43:47 +0800  (tag: v0.8.2-docker)
2019-09-26 11:25:13 +0800  (tag: v0.8.2-rc1, tag: v0.8.2)
2019-01-25 22:00:08 +0800  (tag: v0.8.1-docker)
2019-01-16 09:42:30 +0800  (tag: v0.8.1-rc1, tag: v0.8.1)
2018-07-03 08:37:32 +0800  (tag: v0.8.0-docker)
2018-06-23 20:57:05 +0800  (tag: v0.8.0-rc6, tag: v0.8.0)
2018-06-14 11:47:36 +0800  (tag: v0.8.0-rc5)
2018-05-28 12:54:11 +0800  (tag: v0.8.0-rc4)
2018-05-18 17:39:22 +0800  (tag: v0.8.0-rc3)
2018-05-09 16:44:50 +0800  (tag: v0.8.0-rc2)
2018-04-26 19:33:56 +0800  (tag: v0.8.0-rc1)
2017-09-18 16:02:51 +0200  (tag: v0.7.3-rc5, tag: v0.7.3)
2017-09-16 16:43:47 +0200  (tag: v0.7.3-rc4)
2017-09-13 20:01:24 +0900  (tag: v0.7.3-rc3)
2017-09-07 10:13:52 +0900  (tag: v0.7.3-rc2)
2017-09-04 11:34:41 +0900  (tag: v0.7.3-rc1)
2017-06-08 18:57:03 -0700  (tag: v0.7.2-rc1, tag: v0.7.2)
2017-03-28 17:34:36 +0900  (tag: v0.7.1-rc3, tag: v0.7.1)
2017-03-24 10:42:16 +0900  (tag: v0.7.1-rc2)
2017-03-21 20:26:47 +0900  (tag: v0.7.1-rc1)
2017-02-02 15:52:54 +0900  (tag: v0.7.0)
2017-01-24 10:05:54 +0900  (tag: v0.7.0-rc3)
2017-01-22 15:05:36 +0900  (tag: v0.7.0-rc2)
2017-01-21 17:35:53 +0900  (tag: v0.7.0-rc1)
2016-10-12 17:18:40 +0900  (tag: v0.6.2-rc2, tag: v0.6.2)
2016-10-10 11:45:27 +0900  (tag: v0.6.2-rc1)
2016-08-12 12:04:40 +0200  (tag: v0.6.1)
2016-06-27 15:31:16 -0700  (tag: v0.6.0-rc1, tag: v0.6.0)
2016-01-11 22:48:35 +0900  (tag: v0.5.6)
2016-01-09 10:18:35 +0900  (tag: v0.5.6-rc1)
2015-11-11 20:31:26 +0900  (tag: v0.5.5, origin/branch-0.5.5)
2015-07-11 07:51:11 -0700  (tag: v0.5.0)
2013-06-18 21:40:59 -0700 