2022-05-29 13:06:04 +0200  (tag: release-3.5.10-rc1, tag: release-3.5.10, origin/branch-3.5.10)
2022-05-19 07:53:31 +0200  (tag: release-3.5.10-rc0)
2022-05-07 06:39:34 +0000  (tag: release-3.7.1-1, tag: release-3.7.1)
2022-04-25 00:31:39 +0000  (tag: release-3.7.1-0)
2022-02-25 08:38:01 +0000  (tag: release-3.8.0-1)
2022-02-04 09:03:18 +0000  (tag: release-3.8.0-0)
2021-04-08 16:27:50 +0000  (tag: release-3.6.3-2, tag: release-3.6.3)
2021-04-04 10:47:19 +0000  (tag: release-3.6.3-1)
2021-04-01 09:20:13 +0000  (tag: release-3.6.3-0)
2021-03-17 09:42:11 +0000  (tag: release-3.7.0-2, tag: release-3.7.0)
2021-01-24 19:05:00 +0000  (tag: release-3.7.0-1)
2021-01-19 09:36:44 +0000  (tag: release-3.7.0-0)
2021-01-06 20:46:31 +0100  (tag: release-3.5.9-rc2, tag: release-3.5.9, origin/branch-3.5.9)
2021-01-06 17:26:38 +0100  (tag: release-3.5.9-rc1)
2020-11-26 15:33:54 +0100  (tag: release-3.5.9-rc0)
2020-09-04 14:34:41 +0200  (tag: release-3.6.2-1, tag: release-3.6.2)
2020-08-31 16:47:18 +0200  (tag: release-3.6.2-0)
2020-05-04 14:24:46 +0000  (tag: release-3.5.8-rc0, tag: release-3.5.8, origin/branch-3.5.8)
2020-04-21 16:57:00 +0200  (tag: release-3.6.1-1, tag: release-3.6.1)
2020-04-15 17:56:05 +0200  (tag: release-3.6.1-0)
2020-02-25 15:17:17 +0100  (tag: release-3.6.0-4, tag: release-3.6.0)
2020-02-18 17:52:00 +0100  (tag: release-3.6.0-3)
2020-02-10 11:23:25 +0100  (tag: release-3.5.7-rc2, tag: release-3.5.7, origin/branch-3.5.7)
2020-02-05 13:24:27 +0100  (tag: release-3.5.7-rc1, tag: release-3.5.7-rc0)
2020-02-05 20:03:11 +0100  (tag: release-3.6.0-2)
2020-02-01 14:26:45 +0100  (tag: release-3.6.0-1)
2020-01-11 13:21:49 +0000  (tag: release-3.6.0-0)
2019-10-08 15:16:47 +0200  (tag: release-3.5.6-rc4, tag: release-3.5.6, origin/branch-3.5.6)
2019-10-03 15:42:03 +0200  (tag: release-3.5.6-rc3)
2019-09-16 22:14:57 +0200  (tag: release-3.5.6-rc0)
2019-05-03 04:42:51 -0700  (tag: release-3.5.5-rc6, tag: release-3.5.5, origin/branch-3.5.5)
2019-04-25 14:55:49 +0200  (tag: release-3.5.5-rc5)
2019-04-13 18:09:03 +0200  (tag: release-3.5.5-rc4)
2019-04-09 10:41:19 +0200  (tag: release-3.5.5-rc3)
2019-04-05 05:22:47 -0700  (tag: release-3.5.5-rc2)
2019-04-03 05:26:52 -0700  (tag: release-3.5.5-rc1)
2019-04-02 07:20:09 -0700  (tag: release-3.5.5-rc0)
2018-05-11 09:18:12 -0700  (tag: release-3.5.4-rc0, tag: release-3.5.4)
2017-03-28 13:46:42 -0700  (tag: release-3.5.3-rc1, tag: release-3.5.3-rc0, tag: release-3.5.3)
2019-03-06 06:51:07 -0800  (tag: release-3.4.14-rc5, tag: release-3.4.14, origin/branch-3.4.14)
2019-02-27 16:48:59 +0100  (tag: release-3.4.14-rc4)
2019-02-20 04:05:37 -0800  (tag: release-3.4.14-rc3)
2019-02-15 12:40:39 +0100  (tag: release-3.4.14-rc2)
2019-02-13 16:00:19 +0100  (tag: release-3.4.14-rc1)
2019-02-08 14:17:55 +0100  (tag: release-3.4.14-rc0)
2018-06-21 21:54:39 -0700  (tag: release-3.4.13-rc1, tag: release-3.4.13-rc0, tag: release-3.4.13, origin/branch-3.4.13)
2018-03-26 19:19:06 -0700  (tag: release-3.4.12-rc1, tag: release-3.4.12)
2018-03-20 14:22:42 -0700  (tag: release-3.4.12-rc0)
2017-11-01 09:47:07 -0700  (tag: release-3.4.11-rc1, tag: release-3.4.11)
2017-10-18 13:57:59 -0700  (tag: release-3.4.11-rc0)
2017-03-23 15:46:04 +0530  (tag: release-3.4.10-rc1, tag: release-3.4.10)
2017-03-08 12:21:40 +0530  (tag: release-3.4.10-rc0)
2019-01-22 15:37:29 +0100  (tag: zookeeper-)
2016-09-03 04:26:01 +0000  (tag: release-3.4.9)
2016-08-23 06:46:13 +0000  (tag: release-3.4.9-rc2)
2016-08-22 19:52:13 +0000  (tag: release-3.4.9-rc1)
2016-08-17 20:08:42 +0000  (tag: release-3.4.9-rc0)
2016-07-20 17:03:01 +0000  (tag: release-3.5.2)
2016-06-30 05:36:00 +0000  (tag: release-3.5.2-rc1)
2016-06-23 22:24:36 +0000  (tag: release-3.5.2-rc0)
2016-02-20 20:34:52 +0000  (tag: release-3.4.8)
2016-02-06 03:17:57 +0000  (tag: release-3.4.8-rc0)
2015-11-21 19:07:24 +0000  (tag: release-3.4.7)
2015-11-09 04:31:30 +0000  (tag: release-3.4.7-rc0)
2015-08-31 04:16:23 +0000  (tag: release-3.5.1)
2015-07-28 06:55:34 +0000  (tag: release-3.5.1-rc4)
2015-06-28 05:02:26 +0000  (tag: release-3.5.1-rc3)
2015-06-08 07:49:36 +0000  (tag: release-3.5.1-rc2)
2015-05-16 04:31:23 +0000  (tag: release-3.5.1-rc1)
2015-04-11 22:07:35 +0000  (tag: release-3.5.1-rc0)
2014-08-06 04:26:16 +0000  (tag: release-3.5.0)
2014-08-01 22:14:55 +0000  (tag: release-3.5.0-rc0)
2014-03-12 09:25:48 +0000  (tag: release-3.4.6)
2014-02-19 23:12:33 +0000  (tag: release-3.4.6-rc0)
2012-11-19 00:18:54 +0000  (tag: release-3.4.5)
2012-11-05 07:35:26 +0000  (tag: release-3.4.5-rc1)
2012-09-30 17:52:13 +0000  (tag: release-3.4.5-rc0)
2012-09-23 21:44:34 +0000  (tag: release-3.4.4)
2012-09-17 08:21:50 +0000  (tag: release-3.4.4-rc0)
2012-08-01 16:01:08 +0000  (tag: release-3.3.6)
2012-07-29 05:55:28 +0000  (tag: release-3.3.6-rc0)
2012-03-19 22:11:54 +0000  (tag: release-3.3.5)
2012-03-15 17:21:35 +0000  (tag: release-3.3.5-rc1)
2012-03-07 23:30:55 +0000  (tag: release-3.3.5-rc0)
2012-02-13 07:17:46 +0000  (tag: release-3.4.3)
2012-02-06 10:45:07 +0000  (tag: release-3.4.3-rc0)
2011-12-29 23:03:05 +0000  (tag: release-3.4.2)
2011-12-21 20:44:58 +0000  (tag: release-3.4.2-rc0)
2011-12-16 20:01:15 +0000  (tag: release-3.4.1)
2011-12-10 00:00:14 +0000  (tag: release-3.4.1-rc0)
2011-11-23 22:48:39 +0000  (tag: release-3.3.4)
2011-11-17 06:18:47 +0000  (tag: release-3.3.4-rc0)
2011-11-23 07:19:14 +0000  (tag: release-3.4.0)
2011-11-16 07:17:38 +0000  (tag: release-3.4.0-rc2)
2011-11-06 00:18:27 +0000  (tag: release-3.4.0-rc1)
2011-10-25 06:37:36 +0000  (tag: release-3.4.0-rc0)
2011-02-27 08:03:12 +0000  (tag: release-3.3.3)
2011-02-23 23:23:33 +0000  (tag: release-3.3.3-rc1)
2011-02-19 04:09:46 +0000  (tag: release-3.3.3-rc0)
2010-11-24 21:19:37 +0000  (tag: 0.0.1)
2010-11-24 21:19:37 +0000  (tag: 2.1.0)
2010-11-24 21:19:37 +0000  (tag: 2.2.0)
2010-11-24 21:19:37 +0000  (tag: 2.2.1)
2010-11-24 21:19:37 +0000  (tag: apache-initial-import)
2010-11-24 21:19:37 +0000  (tag: post_ZOOKEEPER-45_snapshot)
2010-11-24 21:19:37 +0000  (tag: release-3.0.0)
2010-11-24 21:19:37 +0000  (tag: release-3.0.1)
2010-11-24 21:19:37 +0000  (tag: release-3.0.1-rc0)
2010-11-24 21:19:37 +0000  (tag: release-3.1.0)
2010-11-24 21:19:37 +0000  (tag: release-3.1.0-rc0)
2010-11-24 21:19:37 +0000  (tag: release-3.1.0-rc1)
2010-11-24 21:19:37 +0000  (tag: release-3.1.0-rc2)
2010-11-24 21:19:37 +0000  (tag: release-3.1.1)
2010-11-24 21:19:37 +0000  (tag: release-3.1.1-rc0)
2010-11-24 21:19:37 +0000  (tag: release-3.1.2)
2010-11-24 21:19:37 +0000  (tag: release-3.1.2-rc0)
2010-11-24 21:19:37 +0000  (tag: release-3.2.0)
2010-11-24 21:19:37 +0000  (tag: release-3.2.0-rc0)
2010-11-24 21:19:37 +0000  (tag: release-3.2.1)
2010-11-24 21:19:37 +0000  (tag: release-3.2.2)
2010-11-24 21:19:37 +0000  (tag: release-3.2.2-rc0)
2010-11-24 21:19:37 +0000  (tag: release-3.3.0)
2010-11-24 21:19:37 +0000  (tag: release-3.3.1)
2010-11-24 21:19:37 +0000  (tag: release-3.3.2)